 1/05/2017 17:08:23.738 Power stats update: Type 0x6 UnassociatedSleepDur 0 AssociatedSleepDur 123156 TotalDur 124102 RoamDur 0
 1/05/2017 17:08:23.738 WiFiAWDManagerSubmitMetric: metric container could not be generated for metric id <0x90010>
 1/05/2017 17:08:23.740 __WiFiLQAMgrLogStats: Rssi: -63 Cca: 36 TxPer: 0.0% (0) BcnPer: 0.0% (0) RxFrms 0 TxRate: 0 RxRate: 0
 1/05/2017 17:08:23.742 __WiFiDeviceCopyLinkChangedSubReasonString: Apple80211ReturnToString failed 1
 1/05/2017 17:08:23.742 __WiFiDeviceProcessDriverAvailableEvent: driver availability true, reason Initializing(0xe0821803), subreason (null)(0x0)
 1/05/2017 17:08:23.743 __WiFiManagerDispatchDeviceAvailable: driver availability true

 1/05/2017 17:08:23.749 __WiFiDeviceManagerAutoAssociate: Already connected to DIGI-146A.
 1/05/2017 17:08:23.749 WiFiAWDManagerSubmitMetric: metric container could not be generated for metric id <0x9000e>
 1/05/2017 17:08:23.755 __WiFiDeviceManagerAutoAssociate: Already connected to DIGI-146A.
 1/05/2017 17:08:23.757 No Change in Background Scan Networks, Skip Re-Programming Background Scan

 1/05/2017 17:08:24.008 __WiFiManagerCellularTransmitCallback_block_invoke: Cellular Transmit Started = TRUE
 1/05/2017 17:08:24.019 Disable WoW requested by "apsd"
 1/05/2017 17:08:24.020 WoW Capable = YES, Attempting to disable WoW and enable LPAS 
 1/05/2017 17:08:24.022 Setting WoW params to <CFBasicHash 0x14ce3d000 [0x1a0950150]>{type = immutable dict, count = 3,
entries =>
	0 : <CFString 0x100175960 [0x1a0950150]>{contents = "IO80211InterfaceEnableLowPwrAssocMode"} = <CFBoolean 0x1a09506c8 [0x1a0950150]>{value = true}
	1 : <CFString 0x100175940 [0x1a0950150]>{contents = "IO80211InterfaceEnableWoW"} = <CFBoolean 0x1a09506d8 [0x1a0950150]>{value = false}
	2 : <CFString 0x100185ae0 [0x1a0950150]>{contents = "IO80211InterfaceEnableWoWOnCaptive"} = <CFBoolean 0x1a09506d8 [0x1a0950150]>{value = false}
}

 1/05/2017 17:08:24.025 WiFiDeviceRequestAssociatedSleep: ActiveDuringSleepRequested is already set (<CFBasicHash 0x14cf67e80 [0x1a0950150]>{type = immutable dict, count = 0,
entries =>
}
).
 1/05/2017 17:08:24.025 WoW Disabled, 0 WoW Clients, lpas is Enabled, WoW Override is Disabled, Captive Disabled
 1/05/2017 17:08:24.028 Unable to dispatch WowStateChanged message to client dataaccessd (268435460)
 1/05/2017 17:08:24.031 Unable to dispatch WowStateChanged message to client itunesstored (268435460)
 1/05/2017 17:08:24.034 Unable to dispatch WowStateChanged message to client mediaserverd (268435460)
 1/05/2017 17:08:24.036 Unable to dispatch WowStateChanged message to client MobileMail (268435460)
 1/05/2017 17:08:24.037 Unable to dispatch WowStateChanged message to client profiled (268435460)
 1/05/2017 17:08:24.040 Unable to dispatch WowStateChanged message to client assistantd (268435460)
 1/05/2017 17:08:24.081 WoW is Disabled, 0 WoW Clients
 1/05/2017 17:08:24.083 WoW is Disabled, 0 WoW Clients
 1/05/2017 17:08:24.088 WoW is Disabled, 0 WoW Clients
 1/05/2017 17:08:24.200 WoW is Disabled, 0 WoW Clients
 1/05/2017 17:08:24.233 WoW is Disabled, 0 WoW Clients
 1/05/2017 17:08:28.989 Client apsd set type to normal application
 1/05/2017 17:08:28.990 __WiFiManagerSetEnableState: state TRUE, manager->enable.setting TRUE, manager->unlockedSinceBoot TRUE
 1/05/2017 17:08:28.990 BG Application: Not Present, BG Daemon: Present. Daemons: mediaserverd 
 1/05/2017 17:08:31.552 __WiFiManagerCellularTransmitCallback_block_invoke: Cellular Transmit Started = FALSE
 1/05/2017 17:08:36.764 Received kIOMessageSystemWillSleep
 1/05/2017 17:08:36.765 System Sleep notification, Disabling auto-join
 1/05/2017 17:08:36.765 __WiFiManagerSetEnableState: state FALSE, manager->enable.setting TRUE, manager->unlockedSinceBoot TRUE
 1/05/2017 17:08:36.765 Disabling automatic association
 1/05/2017 17:08:36.808 WoW is Disabled, 0 WoW Clients
 1/05/2017 17:08:36.894 __WiFiDeviceManagerAwdlAvailableCallback: AWDL availability changed to FALSE
 1/05/2017 17:08:36.894 __WiFiDeviceCopyLinkChangedSubReasonString: Apple80211ReturnToString failed 1
 1/05/2017 17:08:36.894 __WiFiDeviceProcessDriverAvailableEvent: driver availability false, reason PowerOff(0xe0821804), subreason (null)(0x0)
 1/05/2017 17:08:36.894 __WiFiManagerDispatchDeviceAvailable: driver availability false

 1/05/2017 17:08:36.895 WiFiAWDManagerSubmitMetric: metric container could not be generated for metric id <0x9000e>
 1/05/2017 17:08:36.903 WoW is Disabled, 0 WoW Clients
 1/05/2017 17:13:37.985 Received kIOMessageSystemWillPowerOn
 1/05/2017 17:13:37.986 System wake reason: AOP.ExternalReq wlan
 1/05/2017 17:13:37.986 System Powered ON notification Re-enabling auto-join
 1/05/2017 17:13:37.986 __WiFiManagerSetEnableState: state TRUE, manager->enable.setting TRUE, manager->unlockedSinceBoot TRUE
 1/05/2017 17:13:37.986 Enabling automatic association
 1/05/2017 17:13:37.986 __WiFiDeviceManagerAutoAssociate: Already connected to DIGI-146A.
 1/05/2017 17:13:37.986 WiFiLocaleManagerCheckLocale: location service or wifi is off, set locale to default
 1/05/2017 17:13:37.986 new locale:  , locale: 
 1/05/2017 17:13:37.988 __WiFiDeviceProcessDumpLogsEvent: Dump logs event received, dumped wifid log buffer to file
