12/24/2016 17:01:30.246 Power stats update: Type 0x6 UnassociatedSleepDur 0 AssociatedSleepDur 561617 TotalDur 595797 RoamDur 20326
12/24/2016 17:01:30.247 WiFiAWDManagerSubmitMetric: metric container could not be generated for metric id <0x90010>
12/24/2016 17:01:30.247 __WiFiLQAMgrLogStats: Rssi: -79 Cca: 7 TxPer: 0.0% (0) BcnPer: 0.0% (0) RxFrms 0 TxRate: 0 RxRate: 0
12/24/2016 17:01:30.247 __WiFiLQAMgrCheckTriggerDisconnect: Bypassed, System woke up before 0.01 secs
12/24/2016 17:01:30.248 Device display is ON
12/24/2016 17:01:30.248 __WiFiManagerSetEnableState: state TRUE, manager->enable.setting TRUE, manager->unlockedSinceBoot TRUE
12/24/2016 17:01:30.250 __WiFiDeviceManagerAutoAssociate: Already connected to DIGI-146A.
12/24/2016 17:01:30.252 __WiFiDeviceCopyLinkChangedSubReasonString: Apple80211ReturnToString failed 1
12/24/2016 17:01:30.252 __WiFiDeviceProcessDriverAvailableEvent: driver availability true, reason Initializing(0xe0821803), subreason (null)(0x0)
12/24/2016 17:01:30.252 __WiFiManagerDispatchDeviceAvailable: driver availability true

12/24/2016 17:01:30.257 __WiFiDeviceManagerAutoAssociate: Already connected to DIGI-146A.
12/24/2016 17:01:30.257 WiFiAWDManagerSubmitMetric: metric container could not be generated for metric id <0x9000e>
12/24/2016 17:01:30.258 __WiFiDeviceManagerAwdlAvailableCallback: AWDL availability changed to TRUE
12/24/2016 17:01:30.259 __WiFiDeviceManagerAutoAssociate: Already connected to DIGI-146A.
12/24/2016 17:01:30.260 No Change in Background Scan Networks, Skip Re-Programming Background Scan

12/24/2016 17:01:30.353 __WiFiLocationServiceManagerEventCallback, got cb dict {
    eventType = 0;
    location = "<+44.42586252,+26.13613988> +/- 65.00m (speed -1.00 mps / course -1.00) @ 12/24/16, 4:49:49 PM Eastern European Standard Time";
}
12/24/2016 17:01:30.377 WiFiLocationServiceManagerIsLocationValid: cachedLocationTimeout 120.000000 location age 700.994773secs, lifeSpan -1.000000 accuracy 65.000000(highAccReq 1), isValid 1
12/24/2016 17:01:30.377 WiFiLocationServiceManagerIsLocationValid: cachedLocationTimeout 120.000000 location age 700.994806secs, lifeSpan -1.000000 accuracy 65.000000(highAccReq 0), isValid 1
12/24/2016 17:01:30.377 __WiFiLocationServiceManagerProcessLocationAvailableEvent: isValidHighAccuracyLocation 1,  isValidLowAccuracyLocation 1
12/24/2016 17:01:30.399 __WiFiManagerCellularTransmitCallback_block_invoke: Cellular Transmit Started = FALSE
12/24/2016 17:01:30.421 apsd[273] is a wow client
12/24/2016 17:01:30.425 WoW is Enabled, 1 WoW Clients
12/24/2016 17:01:30.425 Async scan requested by "locationd" for 1 iterations with maxage=0 priority normal on en0
12/24/2016 17:01:30.425 Enqueuing command type: "Scan" pending commands: 0
12/24/2016 17:01:30.426 Dequeuing command type: "Scan" pending commands: 0
12/24/2016 17:01:30.426 Attempting Apple80211ScanAsync on en0
12/24/2016 17:01:30.590 Completed Apple80211ScanAsync on en0 (0x0)
12/24/2016 17:01:30.591 Async scan request completed for "locationd" (0)
12/24/2016 17:01:30.593 Async scan requested by "locationd" for 1 iterations with maxage=0 priority normal on en0
12/24/2016 17:01:30.593 Enqueuing command type: "Scan" pending commands: 0
12/24/2016 17:01:30.593 Dequeuing command type: "Scan" pending commands: 0
12/24/2016 17:01:30.593 Attempting Apple80211ScanAsync on en0
12/24/2016 17:01:31.003 Completed Apple80211ScanAsync on en0 (0x0)
12/24/2016 17:01:31.004 Async scan request completed for "locationd" (0)
12/24/2016 17:01:35.167 __WiFiLQAMgrCheckTriggerDisconnect: Bypassed, System woke up before 4.93 secs
12/24/2016 17:01:36.902 Device display is OFF
12/24/2016 17:01:40.171 __WiFiLQAMgrLogStats: Rssi: -77 Cca: 4 TxPer: 20.0% (5) BcnPer: 0.0% (7) RxFrms 4 TxRate: 19500 RxRate: 52000
12/24/2016 17:01:40.172 __WiFiLQAMgrCheckTriggerDisconnect: Bypassed, System woke up before 9.93 secs
12/24/2016 17:01:42.389 Received kIOMessageSystemWillSleep
12/24/2016 17:01:42.389 System Sleep notification, Disabling auto-join
12/24/2016 17:01:42.389 __WiFiManagerSetEnableState: state FALSE, manager->enable.setting TRUE, manager->unlockedSinceBoot TRUE
12/24/2016 17:01:42.389 Disabling automatic association
12/24/2016 17:01:42.436 apsd[273] is a wow client
12/24/2016 17:01:42.436 WoW is Enabled, 1 WoW Clients
12/24/2016 17:01:42.581 __WiFiDeviceCopyLinkChangedSubReasonString: Apple80211ReturnToString failed 1
12/24/2016 17:01:42.581 __WiFiDeviceProcessDriverAvailableEvent: driver availability false, reason PowerOff(0xe0821804), subreason (null)(0x0)
12/24/2016 17:01:42.581 __WiFiManagerDispatchDeviceAvailable: driver availability false

12/24/2016 17:01:42.581 WiFiAWDManagerSubmitMetric: metric container could not be generated for metric id <0x9000e>
12/24/2016 17:01:42.585 __WiFiDeviceManagerAwdlAvailableCallback: AWDL availability changed to FALSE
12/24/2016 17:01:42.587 apsd[273] is a wow client
12/24/2016 17:01:42.587 WoW is Enabled, 1 WoW Clients
12/24/2016 17:05:29.027 Received kIOMessageSystemWillPowerOn
12/24/2016 17:05:29.027 System wake reason: AOP.ExternalReq rtc
12/24/2016 17:05:29.027 System Powered ON notification Re-enabling auto-join
12/24/2016 17:05:29.027 __WiFiManagerSetEnableState: state TRUE, manager->enable.setting TRUE, manager->unlockedSinceBoot TRUE
12/24/2016 17:05:29.027 Enabling automatic association
12/24/2016 17:05:29.028 __WiFiDeviceManagerAutoAssociate: Already connected to DIGI-146A.
12/24/2016 17:05:29.028 WiFiLocaleManagerCheckLocale: trying to determine locale...
12/24/2016 17:05:29.028 WiFiManagerCoreLocationGetCachedLocation: getting cached location...
12/24/2016 17:05:29.029 __WiFiLocaleManagerGetLocaleFromMcc: finding iso country code for mcc 226 ....
12/24/2016 17:05:29.029 WiFiLocationServiceManagerIsLocationValid: cachedLocationTimeout 120.000000 location age 939.646446secs, lifeSpan -1.000000 accuracy 65.000000(highAccReq 0), isValid 1
12/24/2016 17:05:29.029 WiFiLocationServiceManagerStartLowAccuracyMonitoring: Cached low accuracy location is valid
12/24/2016 17:05:29.029 WiFiLocationServiceManagerIsLocationValid: cachedLocationTimeout 120.000000 location age 939.646629secs, lifeSpan -1.000000 accuracy 65.000000(highAccReq 1), isValid 1
12/24/2016 17:05:29.029 WiFiLocationServiceManagerIsLocationValid: cachedLocationTimeout 120.000000 location age 939.646687secs, lifeSpan -1.000000 accuracy 65.000000(highAccReq 0), isValid 1
12/24/2016 17:05:29.029 __WiFiLocationServiceManagerProcessLocationAvailableEvent: isValidHighAccuracyLocation 1,  isValidLowAccuracyLocation 1
12/24/2016 17:05:29.030 __WiFiLocationServiceManagerProcessLocationAvailableEvent: give low accuracy callback
12/24/2016 17:05:29.031 __WiFiLocaleManagerGetLocaleFromLocation: <+44.42586252,+26.13613988> +/- 65.00m (speed -1.00 mps / course -1.00) @ 12/24/16, 4:49:49 PM Eastern European Standard Time
12/24/2016 17:05:29.031 locale from bounding box 
12/24/2016 17:05:29.031 new locale:  , locale: 
12/24/2016 17:05:29.031 Stopping Low Accuracy Location Monitoring
12/24/2016 17:05:29.031 CLMonitoring is already stopped
12/24/2016 17:05:29.031 Stopping Low Accuracy Location Monitoring
12/24/2016 17:05:29.031 CLMonitoring is already stopped
12/24/2016 17:05:29.031 Power stats update: Type 0x6 UnassociatedSleepDur 0 AssociatedSleepDur 221786 TotalDur 226422 RoamDur 0
12/24/2016 17:05:29.031 WiFiAWDManagerSubmitMetric: metric container could not be generated for metric id <0x90010>
12/24/2016 17:05:29.071 __WiFiDeviceManagerAwdlAvailableCallback: AWDL availability changed to TRUE
12/24/2016 17:05:29.071 __WiFiLocationServiceManagerEventCallback, got cb dict {
    eventType = 0;
    location = "<+44.42592901,+26.13617225> +/- 65.00m (speed -1.00 mps / course -1.00) @ 12/24/16, 5:01:39 PM Eastern European Standard Time";
}
12/24/2016 17:05:29.072 WiFiLocationServiceManagerIsLocationValid: cachedLocationTimeout 120.000000 location age 229.477594secs, lifeSpan -1.000000 accuracy 65.000000(highAccReq 1), isValid 1
12/24/2016 17:05:29.072 WiFiLocationServiceManagerIsLocationValid: cachedLocationTimeout 120.000000 location age 229.477657secs, lifeSpan -1.000000 accuracy 65.000000(highAccReq 0), isValid 1
12/24/2016 17:05:29.072 __WiFiLocationServiceManagerProcessLocationAvailableEvent: isValidHighAccuracyLocation 1,  isValidLowAccuracyLocation 1
12/24/2016 17:05:29.072 __WiFiLQAMgrLogStats: Rssi: -72 Cca: 4 TxPer: 0.0% (0) BcnPer: 0.0% (0) RxFrms 0 TxRate: 0 RxRate: 0
12/24/2016 17:05:29.072 __WiFiLQAMgrIsLinkGood: LQAManager: GoodLinkRssi -72
12/24/2016 17:05:29.073 __WiFiDeviceCopyLinkChangedSubReasonString: Apple80211ReturnToString failed 1
12/24/2016 17:05:29.074 __WiFiDeviceProcessDriverAvailableEvent: driver availability true, reason Initializing(0xe0821803), subreason (null)(0x0)
12/24/2016 17:05:29.074 __WiFiManagerDispatchDeviceAvailable: driver availability true

12/24/2016 17:05:29.075 __WiFiDeviceManagerAutoAssociate: Already connected to DIGI-146A.
12/24/2016 17:05:29.075 WiFiAWDManagerSubmitMetric: metric container could not be generated for metric id <0x9000e>
12/24/2016 17:05:29.076 __WiFiDeviceManagerAutoAssociate: Already connected to DIGI-146A.
12/24/2016 17:05:29.077 No Change in Background Scan Networks, Skip Re-Programming Background Scan

12/24/2016 17:05:29.166 __WiFiManagerCellularTransmitCallback_block_invoke: Cellular Transmit Started = FALSE
12/24/2016 17:05:29.374 Disable WoW requested by "apsd"
12/24/2016 17:05:29.375 WoW Capable = YES, Attempting to disable WoW and enable LPAS 
12/24/2016 17:05:29.376 Setting WoW params to <CFBasicHash 0x14ced79c0 [0x1a0950150]>{type = immutable dict, count = 3,
entries =>
	0 : <CFString 0x100175960 [0x1a0950150]>{contents = "IO80211InterfaceEnableLowPwrAssocMode"} = <CFBoolean 0x1a09506c8 [0x1a0950150]>{value = true}
	1 : <CFString 0x100175940 [0x1a0950150]>{contents = "IO80211InterfaceEnableWoW"} = <CFBoolean 0x1a09506d8 [0x1a0950150]>{value = false}
	2 : <CFString 0x100185ae0 [0x1a0950150]>{contents = "IO80211InterfaceEnableWoWOnCaptive"} = <CFBoolean 0x1a09506d8 [0x1a0950150]>{value = false}
}

12/24/2016 17:05:29.378 WiFiDeviceRequestAssociatedSleep: ActiveDuringSleepRequested is already set (<CFBasicHash 0x14cf7ec60 [0x1a0950150]>{type = immutable dict, count = 0,
entries =>
}
).
12/24/2016 17:05:29.379 WoW Disabled, 0 WoW Clients, lpas is Enabled, WoW Override is Disabled, Captive Disabled
12/24/2016 17:05:29.380 Unable to dispatch WowStateChanged message to client MobileMail (268435460)
12/24/2016 17:05:29.382 Unable to dispatch WowStateChanged message to client dataaccessd (268435460)
12/24/2016 17:05:29.383 Unable to dispatch WowStateChanged message to client itunesstored (268435460)
12/24/2016 17:05:29.384 Unable to dispatch WowStateChanged message to client mediaserverd (268435460)
12/24/2016 17:05:29.386 Unable to dispatch WowStateChanged message to client assistantd (268435460)
12/24/2016 17:05:29.386 WoW is Disabled, 0 WoW Clients
12/24/2016 17:05:29.387 WoW is Disabled, 0 WoW Clients
12/24/2016 17:05:29.388 WoW is Disabled, 0 WoW Clients
12/24/2016 17:05:29.464 WoW is Disabled, 0 WoW Clients
12/24/2016 17:05:31.269 scanCache: Purging scan cache
12/24/2016 17:05:34.346 Client apsd set type to normal application
12/24/2016 17:05:34.346 __WiFiManagerSetEnableState: state TRUE, manager->enable.setting TRUE, manager->unlockedSinceBoot TRUE
12/24/2016 17:05:34.347 BG Application: Not Present, BG Daemon: Present. Daemons: assistantd mediaserverd 
12/24/2016 17:05:36.970 WiFiLocaleManagerCheckLocale: trying to determine locale...
12/24/2016 17:05:36.970 WiFiManagerCoreLocationGetCachedLocation: getting cached location...
12/24/2016 17:05:36.992 __WiFiLocaleManagerGetLocaleFromMcc: finding iso country code for mcc 226 ....
12/24/2016 17:05:36.992 WiFiLocationServiceManagerIsLocationValid: cachedLocationTimeout 120.000000 location age 237.397841secs, lifeSpan -1.000000 accuracy 65.000000(highAccReq 0), isValid 1
12/24/2016 17:05:36.992 WiFiLocationServiceManagerStartLowAccuracyMonitoring: Cached low accuracy location is valid
12/24/2016 17:05:36.992 WiFiLocationServiceManagerIsLocationValid: cachedLocationTimeout 120.000000 location age 237.397980secs, lifeSpan -1.000000 accuracy 65.000000(highAccReq 1), isValid 1
12/24/2016 17:05:36.993 WiFiLocationServiceManagerIsLocationValid: cachedLocationTimeout 120.000000 location age 237.398034secs, lifeSpan -1.000000 accuracy 65.000000(highAccReq 0), isValid 1
12/24/2016 17:05:36.993 __WiFiLocationServiceManagerProcessLocationAvailableEvent: isValidHighAccuracyLocation 1,  isValidLowAccuracyLocation 1
12/24/2016 17:05:36.993 __WiFiLocationServiceManagerProcessLocationAvailableEvent: give low accuracy callback
12/24/2016 17:05:36.994 __WiFiLocaleManagerGetLocaleFromLocation: <+44.42592901,+26.13617225> +/- 65.00m (speed -1.00 mps / course -1.00) @ 12/24/16, 5:01:39 PM Eastern European Standard Time
12/24/2016 17:05:36.994 locale from bounding box 
12/24/2016 17:05:36.994 new locale:  , locale: 
12/24/2016 17:05:36.994 Stopping Low Accuracy Location Monitoring
12/24/2016 17:05:36.994 CLMonitoring is already stopped
12/24/2016 17:05:36.994 Stopping Low Accuracy Location Monitoring
12/24/2016 17:05:36.994 CLMonitoring is already stopped
12/24/2016 17:05:36.994 __WiFiLocationServiceManagerEventCallback, got cb dict {
    eventType = 0;
    location = "<+44.42592901,+26.13617225> +/- 65.00m (speed -1.00 mps / course -1.00) @ 12/24/16, 5:01:39 PM Eastern European Standard Time";
}
12/24/2016 17:05:36.995 WiFiLocationServiceManagerIsLocationValid: cachedLocationTimeout 120.000000 location age 237.400009secs, lifeSpan -1.000000 accuracy 65.000000(highAccReq 1), isValid 1
12/24/2016 17:05:36.995 WiFiLocationServiceManagerIsLocationValid: cachedLocationTimeout 120.000000 location age 237.400061secs, lifeSpan -1.000000 accuracy 65.000000(highAccReq 0), isValid 1
12/24/2016 17:05:36.995 __WiFiLocationServiceManagerProcessLocationAvailableEvent: isValidHighAccuracyLocation 1,  isValidLowAccuracyLocation 1
12/24/2016 17:05:38.999 __WiFiLQAMgrLogStats: Rssi: -73 Cca: 45 TxPer: 0.0% (3) BcnPer: 0.0% (50) RxFrms 53 TxRate: 26000 RxRate: 52000
12/24/2016 17:05:44.008 __WiFiLQAMgrLogStats: Rssi: -73 Cca: 72 TxPer: 0.0% (0) BcnPer: 0.0% (0) RxFrms 90 TxRate: 26000 RxRate: 52000
12/24/2016 17:05:47.690 Received kIOMessageSystemWillSleep
12/24/2016 17:05:47.690 System Sleep notification, Disabling auto-join
12/24/2016 17:05:47.690 __WiFiManagerSetEnableState: state FALSE, manager->enable.setting TRUE, manager->unlockedSinceBoot TRUE
12/24/2016 17:05:47.690 Disabling automatic association
12/24/2016 17:05:47.700 WoW is Disabled, 0 WoW Clients
12/24/2016 17:05:47.820 __WiFiDeviceCopyLinkChangedSubReasonString: Apple80211ReturnToString failed 1
12/24/2016 17:05:47.820 __WiFiDeviceProcessDriverAvailableEvent: driver availability false, reason PowerOff(0xe0821804), subreason (null)(0x0)
12/24/2016 17:05:47.820 __WiFiManagerDispatchDeviceAvailable: driver availability false

12/24/2016 17:05:47.821 WiFiAWDManagerSubmitMetric: metric container could not be generated for metric id <0x9000e>
12/24/2016 17:05:47.824 __WiFiDeviceManagerAwdlAvailableCallback: AWDL availability changed to FALSE
12/24/2016 17:05:47.827 WoW is Disabled, 0 WoW Clients
12/24/2016 17:08:16.031 Received kIOMessageSystemWillPowerOn
12/24/2016 17:08:16.031 System wake reason: AOP.ExternalReq rtc
12/24/2016 17:08:16.032 System Powered ON notification Re-enabling auto-join
12/24/2016 17:08:16.032 __WiFiManagerSetEnableState: state TRUE, manager->enable.setting TRUE, manager->unlockedSinceBoot TRUE
12/24/2016 17:08:16.032 Enabling automatic association
12/24/2016 17:08:16.032 __WiFiDeviceManagerAutoAssociate: Already connected to DIGI-146A.
12/24/2016 17:08:16.033 WiFiLocaleManagerCheckLocale: trying to determine locale...
12/24/2016 17:08:16.033 WiFiManagerCoreLocationGetCachedLocation: getting cached location...
12/24/2016 17:08:16.057 __WiFiLocaleManagerGetLocaleFromMcc: finding iso country code for mcc 226 ....
12/24/2016 17:08:16.057 WiFiLocationServiceManagerIsLocationValid: cachedLocationTimeout 120.000000 location age 396.462496secs, lifeSpan -1.000000 accuracy 65.000000(highAccReq 0), isValid 1
12/24/2016 17:08:16.057 WiFiLocationServiceManagerStartLowAccuracyMonitoring: Cached low accuracy location is valid
12/24/2016 17:08:16.057 WiFiLocationServiceManagerIsLocationValid: cachedLocationTimeout 120.000000 location age 396.462660secs, lifeSpan -1.000000 accuracy 65.000000(highAccReq 1), isValid 1
12/24/2016 17:08:16.057 WiFiLocationServiceManagerIsLocationValid: cachedLocationTimeout 120.000000 location age 396.462718secs, lifeSpan -1.000000 accuracy 65.000000(highAccReq 0), isValid 1
12/24/2016 17:08:16.057 __WiFiLocationServiceManagerProcessLocationAvailableEvent: isValidHighAccuracyLocation 1,  isValidLowAccuracyLocation 1
12/24/2016 17:08:16.057 __WiFiLocationServiceManagerProcessLocationAvailableEvent: give low accuracy callback
12/24/2016 17:08:16.058 __WiFiLocaleManagerGetLocaleFromLocation: <+44.42592901,+26.13617225> +/- 65.00m (speed -1.00 mps / course -1.00) @ 12/24/16, 5:01:39 PM Eastern European Standard Time
12/24/2016 17:08:16.058 locale from bounding box 
12/24/2016 17:08:16.058 new locale:  , locale: 
12/24/2016 17:08:16.058 Stopping Low Accuracy Location Monitoring
12/24/2016 17:08:16.058 CLMonitoring is already stopped
12/24/2016 17:08:16.058 Stopping Low Accuracy Location Monitoring
12/24/2016 17:08:16.058 CLMonitoring is already stopped
12/24/2016 17:08:16.059 Power stats update: Type 0x5 UnassociatedSleepDur 0 AssociatedSleepDur 91557 TotalDur 148170 RoamDur 3364
12/24/2016 17:08:16.059 WiFiAWDManagerSubmitMetric: metric container could not be generated for metric id <0x90010>
12/24/2016 17:08:16.061 __WiFiDeviceManagerAwdlAvailableCallback: AWDL availability changed to TRUE
12/24/2016 17:08:16.061 __WiFiLQAMgrLogStats: Rssi: -73 Cca: 8 TxPer: 0.0% (0) BcnPer: 0.0% (0) RxFrms 0 TxRate: 0 RxRate: 0
12/24/2016 17:08:16.062 __WiFiDeviceCopyLinkChangedSubReasonString: Apple80211ReturnToString failed 1
12/24/2016 17:08:16.062 __WiFiDeviceProcessDriverAvailableEvent: driver availability true, reason Initializing(0xe0821803), subreason (null)(0x0)
12/24/2016 17:08:16.062 __WiFiManagerDispatchDeviceAvailable: driver availability true

12/24/2016 17:08:16.064 __WiFiDeviceManagerAutoAssociate: Already connected to DIGI-146A.
12/24/2016 17:08:16.064 WiFiAWDManagerSubmitMetric: metric container could not be generated for metric id <0x9000e>
12/24/2016 17:08:16.065 __WiFiDeviceManagerAutoAssociate: Already connected to DIGI-146A.
12/24/2016 17:08:16.066 No Change in Background Scan Networks, Skip Re-Programming Background Scan

12/24/2016 17:08:16.123 __WiFiLocationServiceManagerEventCallback, got cb dict {
    eventType = 0;
    location = "<+44.42592901,+26.13617225> +/- 65.00m (speed -1.00 mps / course -1.00) @ 12/24/16, 5:01:39 PM Eastern European Standard Time";
}
12/24/2016 17:08:16.126 WiFiLocationServiceManagerIsLocationValid: cachedLocationTimeout 120.000000 location age 396.531114secs, lifeSpan -1.000000 accuracy 65.000000(highAccReq 1), isValid 1
12/24/2016 17:08:16.126 WiFiLocationServiceManagerIsLocationValid: cachedLocationTimeout 120.000000 location age 396.531221secs, lifeSpan -1.000000 accuracy 65.000000(highAccReq 0), isValid 1
12/24/2016 17:08:16.126 __WiFiLocationServiceManagerProcessLocationAvailableEvent: isValidHighAccuracyLocation 1,  isValidLowAccuracyLocation 1
12/24/2016 17:08:16.147 __WiFiManagerCellularTransmitCallback_block_invoke: Cellular Transmit Started = FALSE
12/24/2016 17:08:16.213 WoW is Disabled, 0 WoW Clients
12/24/2016 17:08:16.433 __WiFiManagerCellularTransmitCallback_block_invoke: Cellular Transmit Started = TRUE
12/24/2016 17:08:20.354 DeviceClient["WirelessRadioMan"] setCoexParameters["MWS_Blacklisted_Channels"] = <CFArray 0x14cf47320 [0x1a0950150]>{type = mutable-small, count = 8, values = (
	0 : <CFBasicHash 0x14cf25cc0 [0x1a0950150]>{type = mutable dict, count = 1,
entries =>
	2 : <CFString 0x14cd77880 [0x1a0950150]>{contents = "MWS_Channel_Number"} = <CFNumber 0xb000000000000013 [0x1a0950150]>{value = +1, type = kCFNumberSInt64Type}
}

	1 : <CFBasicHash 0x14cdcea30 [0x1a0950150]>{type = mutable dict, count = 1,
entries =>
	2 : <CFString 0x14cd77880 [0x1a0950150]>{contents = "MWS_Channel_Number"} = <CFNumber 0xb000000000000023 [0x1a0950150]>{value = +2, type = kCFNumberSInt64Type}
}

	2 : <CFBasicHash 0x14cdf7030 [0x1a0950150]>{type = mutable dict, count = 1,
entries =>
	2 : <CFString 0x14cd77880 [0x1a0950150]>{contents = "MWS_Channel_Number"} = <CFNumber 0xb000000000000033 [0x1a0950150]>{value = +3, type = kCFNumberSInt64Type}
}

	3 : <CFBasicHash 0x14cda5960 [0x1a0950150]>{type = mutable dict, count = 1,
entries =>
	2 : <CFString 0x14cd77880 [0x1a0950150]>{contents = "MWS_Channel_Number"} = <CFNumber 0xb000000000000043 [0x1a0950150]>{value = +4, type = kCFNumberSInt64Type}
}

	4 : <CFBasicHash 0x14cdb37f0 [0x1a0950150]>{type = mutable dict, count = 1,
entries =>
	2 : <CFString 0x14cd77880 [0x1a0950150]>{contents = "MWS_Channel_Number"} = <CFNumber 0xb000000000000053 [0x1a0950150]>{value = +5, type = kCFNumberSInt64Type}
}

	5 : <CFBasicHash 0x14cf0b4f0 [0x1a0950150]>{type = mutable dict, count = 1,
entries =>
	2 : <CFString 0x14cd77880 [0x1a0950150]>{contents = "MWS_Channel_Number"} = <CFNumber 0xb000000000000063 [0x1a0950150]>{value = +6, type = kCFNumberSInt64Type}
}

	6 : <CFBasicHash 0x14cd9ae20 [0x1a0950150]>{type = mutable dict, count = 1,
entries =>
	2 : <CFString 0x14cd77880 [0x1a0950150]>{contents = "MWS_Channel_Number"} = <CFNumber 0xb0000000000000c3 [0x1a0950150]>{value = +12, type = kCFNumberSInt64Type}
}

	7 : <CFBasicHash 0x14cfa8530 [0x1a0950150]>{type = mutable dict, count = 1,
entries =>
	2 : <CFString 0x14cd77880 [0x1a0950150]>{contents = "MWS_Channel_Number"} = <CFNumber 0xb0000000000000d3 [0x1a0950150]>{value = +13, type = kCFNumberSInt64Type}
}

)}
12/24/2016 17:08:20.988 
Too frequent(0.581575 secs) rssi event from driver, ignoring

12/24/2016 17:08:23.614 Received kIOMessageSystemWillSleep
12/24/2016 17:08:23.614 System Sleep notification, Disabling auto-join
12/24/2016 17:08:23.614 __WiFiManagerSetEnableState: state FALSE, manager->enable.setting TRUE, manager->unlockedSinceBoot TRUE
12/24/2016 17:08:23.614 Disabling automatic association
12/24/2016 17:08:23.644 WoW is Disabled, 0 WoW Clients
12/24/2016 17:08:23.750 __WiFiDeviceCopyLinkChangedSubReasonString: Apple80211ReturnToString failed 1
12/24/2016 17:08:23.750 __WiFiDeviceProcessDriverAvailableEvent: driver availability false, reason PowerOff(0xe0821804), subreason (null)(0x0)
12/24/2016 17:08:23.750 __WiFiManagerDispatchDeviceAvailable: driver availability false

12/24/2016 17:08:23.752 WiFiAWDManagerSubmitMetric: metric container could not be generated for metric id <0x9000e>
12/24/2016 17:08:23.753 __WiFiDeviceManagerAwdlAvailableCallback: AWDL availability changed to FALSE
12/24/2016 17:08:23.755 WoW is Disabled, 0 WoW Clients
12/24/2016 17:08:24.200 Received kIOMessageSystemWillPowerOn
12/24/2016 17:08:24.200 System wake reason: AOP.ExternalReq hold
12/24/2016 17:08:24.200 System Powered ON notification Re-enabling auto-join
12/24/2016 17:08:24.200 __WiFiManagerSetEnableState: state TRUE, manager->enable.setting TRUE, manager->unlockedSinceBoot TRUE
12/24/2016 17:08:24.200 Enabling automatic association
12/24/2016 17:08:24.201 __WiFiDeviceManagerAutoAssociate: Already connected to DIGI-146A.
12/24/2016 17:08:24.201 WiFiLocaleManagerCheckLocale: trying to determine locale...
12/24/2016 17:08:24.201 WiFiManagerCoreLocationGetCachedLocation: getting cached location...
12/24/2016 17:08:24.208 __WiFiLocaleManagerGetLocaleFromMcc: finding iso country code for mcc 226 ....
12/24/2016 17:08:24.208 WiFiLocationServiceManagerIsLocationValid: cachedLocationTimeout 120.000000 location age 404.613908secs, lifeSpan -1.000000 accuracy 65.000000(highAccReq 0), isValid 1
12/24/2016 17:08:24.208 WiFiLocationServiceManagerStartLowAccuracyMonitoring: Cached low accuracy location is valid
12/24/2016 17:08:24.209 WiFiLocationServiceManagerIsLocationValid: cachedLocationTimeout 120.000000 location age 404.614053secs, lifeSpan -1.000000 accuracy 65.000000(highAccReq 1), isValid 1
12/24/2016 17:08:24.209 WiFiLocationServiceManagerIsLocationValid: cachedLocationTimeout 120.000000 location age 404.614094secs, lifeSpan -1.000000 accuracy 65.000000(highAccReq 0), isValid 1
12/24/2016 17:08:24.209 __WiFiLocationServiceManagerProcessLocationAvailableEvent: isValidHighAccuracyLocation 1,  isValidLowAccuracyLocation 1
12/24/2016 17:08:24.209 __WiFiLocationServiceManagerProcessLocationAvailableEvent: give low accuracy callback
12/24/2016 17:08:24.209 __WiFiLocaleManagerGetLocaleFromLocation: <+44.42592901,+26.13617225> +/- 65.00m (speed -1.00 mps / course -1.00) @ 12/24/16, 5:01:39 PM Eastern European Standard Time
12/24/2016 17:08:24.209 locale from bounding box 
12/24/2016 17:08:24.209 new locale:  , locale: 
12/24/2016 17:08:24.209 Stopping Low Accuracy Location Monitoring
12/24/2016 17:08:24.209 CLMonitoring is already stopped
12/24/2016 17:08:24.209 Stopping Low Accuracy Location Monitoring
12/24/2016 17:08:24.209 CLMonitoring is already stopped
12/24/2016 17:08:24.210 Power stats update: Type 0x5 UnassociatedSleepDur 0 AssociatedSleepDur 94 TotalDur 368 RoamDur 0
12/24/2016 17:08:24.210 WiFiAWDManagerSubmitMetric: metric container could not be generated for metric id <0x90010>
12/24/2016 17:08:24.221 Device display is ON
12/24/2016 17:08:24.221 __WiFiManagerSetEnableState: state TRUE, manager->enable.setting TRUE, manager->unlockedSinceBoot TRUE
12/24/2016 17:08:24.223 __WiFiDeviceManagerAutoAssociate: Already connected to DIGI-146A.
12/24/2016 17:08:24.223 __WiFiDeviceCopyLinkChangedSubReasonString: Apple80211ReturnToString failed 1
12/24/2016 17:08:24.223 __WiFiDeviceProcessDriverAvailableEvent: driver availability true, reason Initializing(0xe0821803), subreason (null)(0x0)
12/24/2016 17:08:24.223 __WiFiManagerDispatchDeviceAvailable: driver availability true

12/24/2016 17:08:24.225 __WiFiDeviceManagerAutoAssociate: Already connected to DIGI-146A.
12/24/2016 17:08:24.226 WiFiAWDManagerSubmitMetric: metric container could not be generated for metric id <0x9000e>
12/24/2016 17:08:24.235 __WiFiLocationServiceManagerEventCallback, got cb dict {
    eventType = 0;
    location = "<+44.42592901,+26.13617225> +/- 65.00m (speed -1.00 mps / course -1.00) @ 12/24/16, 5:01:39 PM Eastern European Standard Time";
}
12/24/2016 17:08:24.236 WiFiLocationServiceManagerIsLocationValid: cachedLocationTimeout 120.000000 location age 404.641432secs, lifeSpan -1.000000 accuracy 65.000000(highAccReq 1), isValid 1
12/24/2016 17:08:24.236 WiFiLocationServiceManagerIsLocationValid: cachedLocationTimeout 120.000000 location age 404.641474secs, lifeSpan -1.000000 accuracy 65.000000(highAccReq 0), isValid 1
12/24/2016 17:08:24.236 __WiFiLocationServiceManagerProcessLocationAvailableEvent: isValidHighAccuracyLocation 1,  isValidLowAccuracyLocation 1
12/24/2016 17:08:24.236 __WiFiDeviceManagerAutoAssociate: Already connected to DIGI-146A.
12/24/2016 17:08:24.237 No Change in Background Scan Networks, Skip Re-Programming Background Scan

12/24/2016 17:08:24.247 __WiFiDeviceManagerAwdlAvailableCallback: AWDL availability changed to TRUE
12/24/2016 17:08:24.370 __WiFiManagerCellularTransmitCallback_block_invoke: Cellular Transmit Started = TRUE
12/24/2016 17:08:24.386 WoW is Disabled, 0 WoW Clients
12/24/2016 17:08:24.611 Async scan requested by "locationd" for 1 iterations with maxage=0 priority normal on en0
12/24/2016 17:08:24.611 Enqueuing command type: "Scan" pending commands: 0
12/24/2016 17:08:24.611 Dequeuing command type: "Scan" pending commands: 0
12/24/2016 17:08:24.611 Attempting Apple80211ScanAsync on en0
12/24/2016 17:08:24.775 Completed Apple80211ScanAsync on en0 (0x0)
12/24/2016 17:08:24.775 Async scan request completed for "locationd" (0)
12/24/2016 17:08:24.777 Async scan requested by "locationd" for 1 iterations with maxage=0 priority normal on en0
12/24/2016 17:08:24.777 Enqueuing command type: "Scan" pending commands: 0
12/24/2016 17:08:24.777 Dequeuing command type: "Scan" pending commands: 0
12/24/2016 17:08:24.777 Attempting Apple80211ScanAsync on en0
12/24/2016 17:08:25.186 Completed Apple80211ScanAsync on en0 (0x0)
12/24/2016 17:08:25.189 Async scan request completed for "locationd" (0)
12/24/2016 17:08:25.369 __WiFiManagerCellularTransmitCallback_block_invoke: Cellular Transmit Started = FALSE
12/24/2016 17:08:26.133 Device display is OFF
12/24/2016 17:08:31.632 Received kIOMessageSystemWillSleep
12/24/2016 17:08:31.632 System Sleep notification, Disabling auto-join
12/24/2016 17:08:31.632 __WiFiManagerSetEnableState: state FALSE, manager->enable.setting TRUE, manager->unlockedSinceBoot TRUE
12/24/2016 17:08:31.633 Disabling automatic association
12/24/2016 17:08:31.680 WoW is Disabled, 0 WoW Clients
12/24/2016 17:08:31.770 __WiFiDeviceCopyLinkChangedSubReasonString: Apple80211ReturnToString failed 1
12/24/2016 17:08:31.771 __WiFiDeviceProcessDriverAvailableEvent: driver availability false, reason PowerOff(0xe0821804), subreason (null)(0x0)
12/24/2016 17:08:31.771 __WiFiManagerDispatchDeviceAvailable: driver availability false

12/24/2016 17:08:31.772 WiFiAWDManagerSubmitMetric: metric container could not be generated for metric id <0x9000e>
12/24/2016 17:08:31.773 __WiFiDeviceManagerAwdlAvailableCallback: AWDL availability changed to FALSE
12/24/2016 17:08:31.787 WoW is Disabled, 0 WoW Clients
12/24/2016 17:13:31.859 Received kIOMessageSystemWillPowerOn
12/24/2016 17:13:31.859 System wake reason: AOP.ExternalReq wlan
12/24/2016 17:13:31.860 System Powered ON notification Re-enabling auto-join
12/24/2016 17:13:31.860 __WiFiManagerSetEnableState: state TRUE, manager->enable.setting TRUE, manager->unlockedSinceBoot TRUE
12/24/2016 17:13:31.860 Enabling automatic association
12/24/2016 17:13:31.865 __WiFiDeviceManagerAutoAssociate: Already connected to DIGI-146A.
12/24/2016 17:13:31.865 WiFiLocaleManagerCheckLocale: trying to determine locale...
12/24/2016 17:13:31.865 WiFiManagerCoreLocationGetCachedLocation: getting cached location...
12/24/2016 17:13:31.907 __WiFiLocaleManagerGetLocaleFromMcc: finding iso country code for mcc 226 ....
12/24/2016 17:13:31.907 WiFiLocationServiceManagerIsLocationValid: cachedLocationTimeout 120.000000 location age 712.312295secs, lifeSpan -1.000000 accuracy 65.000000(highAccReq 0), isValid 1
12/24/2016 17:13:31.907 WiFiLocationServiceManagerStartLowAccuracyMonitoring: Cached low accuracy location is valid
12/24/2016 17:13:31.907 WiFiLocationServiceManagerIsLocationValid: cachedLocationTimeout 120.000000 location age 712.312467secs, lifeSpan -1.000000 accuracy 65.000000(highAccReq 1), isValid 1
12/24/2016 17:13:31.907 WiFiLocationServiceManagerIsLocationValid: cachedLocationTimeout 120.000000 location age 712.312525secs, lifeSpan -1.000000 accuracy 65.000000(highAccReq 0), isValid 1
12/24/2016 17:13:31.907 __WiFiLocationServiceManagerProcessLocationAvailableEvent: isValidHighAccuracyLocation 1,  isValidLowAccuracyLocation 1
12/24/2016 17:13:31.907 __WiFiLocationServiceManagerProcessLocationAvailableEvent: give low accuracy callback
12/24/2016 17:13:31.908 __WiFiLocaleManagerGetLocaleFromLocation: <+44.42592901,+26.13617225> +/- 65.00m (speed -1.00 mps / course -1.00) @ 12/24/16, 5:01:39 PM Eastern European Standard Time
12/24/2016 17:13:31.908 locale from bounding box 
12/24/2016 17:13:31.908 new locale:  , locale: 
12/24/2016 17:13:31.908 Stopping Low Accuracy Location Monitoring
12/24/2016 17:13:31.908 CLMonitoring is already stopped
12/24/2016 17:13:31.908 Stopping Low Accuracy Location Monitoring
12/24/2016 17:13:31.908 CLMonitoring is already stopped
12/24/2016 17:13:31.909 __WiFiDeviceProcessDumpLogsEvent: Dump logs event received, dumped wifid log buffer to file
