12/23/2016 20:19:41.704 __WiFiManagerCellularTransmitCallback_block_invoke: Cellular Transmit Started = FALSE
12/23/2016 20:19:45.933 __WiFiManagerCellularTransmitCallback_block_invoke: Cellular Transmit Started = TRUE
12/23/2016 20:20:19.724 __WiFiManagerCellularTransmitCallback_block_invoke: Cellular Transmit Started = FALSE
12/23/2016 20:20:31.687 __WiFiManagerCellularTransmitCallback_block_invoke: Cellular Transmit Started = TRUE
12/23/2016 20:20:44.562 WiFiLocaleManagerCheckLocale: trying to determine locale...
12/23/2016 20:20:44.562 WiFiManagerCoreLocationGetCachedLocation: getting cached location...
12/23/2016 20:20:44.574 __WiFiLocaleManagerGetLocaleFromMcc: finding iso country code for mcc 216 ....
12/23/2016 20:20:44.574 WiFiLocationServiceManagerIsLocationValid: cachedLocationTimeout 120.000000 location age 120.009208secs, lifeSpan -1.000000 accuracy 10.000000(highAccReq 0), isValid 1
12/23/2016 20:20:44.574 WiFiLocationServiceManagerStartLowAccuracyMonitoring: Cached low accuracy location is valid
12/23/2016 20:20:44.574 WiFiLocationServiceManagerIsLocationValid: cachedLocationTimeout 120.000000 location age 120.009343secs, lifeSpan -1.000000 accuracy 10.000000(highAccReq 1), isValid 1
12/23/2016 20:20:44.574 WiFiLocationServiceManagerIsLocationValid: cachedLocationTimeout 120.000000 location age 120.009398secs, lifeSpan -1.000000 accuracy 10.000000(highAccReq 0), isValid 1
12/23/2016 20:20:44.574 __WiFiLocationServiceManagerProcessLocationAvailableEvent: isValidHighAccuracyLocation 1,  isValidLowAccuracyLocation 1
12/23/2016 20:20:44.574 __WiFiLocationServiceManagerProcessLocationAvailableEvent: give low accuracy callback
12/23/2016 20:20:44.575 __WiFiLocaleManagerGetLocaleFromLocation: <+47.68466684,+17.83118773> +/- 10.00m (speed 38.55 mps / course 95.27) @ 12/23/16, 8:18:44 PM Central European Standard Time
12/23/2016 20:20:44.575 locale from bounding box 
12/23/2016 20:20:44.575 new locale:  , locale: 
12/23/2016 20:20:44.575 Stopping Low Accuracy Location Monitoring
12/23/2016 20:20:44.575 CLMonitoring is already stopped
12/23/2016 20:20:44.575 Stopping Low Accuracy Location Monitoring
12/23/2016 20:20:44.575 CLMonitoring is already stopped
12/23/2016 20:20:44.575 __WiFiLocationServiceManagerEventCallback, got cb dict {
    eventType = 0;
    location = "<+47.68419578,+17.88024961> +/- 10.00m (speed 21.79 mps / course 94.57) @ 12/23/16, 8:20:44 PM Central European Standard Time";
}
12/23/2016 20:20:44.576 WiFiLocationServiceManagerIsLocationValid: cachedLocationTimeout 120.000000 location age 0.011285secs, lifeSpan -1.000000 accuracy 10.000000(highAccReq 1), isValid 1
12/23/2016 20:20:44.576 WiFiLocationServiceManagerIsLocationValid: cachedLocationTimeout 120.000000 location age 0.011341secs, lifeSpan -1.000000 accuracy 10.000000(highAccReq 0), isValid 1
12/23/2016 20:20:44.576 __WiFiLocationServiceManagerProcessLocationAvailableEvent: isValidHighAccuracyLocation 1,  isValidLowAccuracyLocation 1
12/23/2016 20:20:54.071 Async scan requested by "locationd" for 1 iterations with maxage=0 priority normal on en0
12/23/2016 20:20:54.071 Enqueuing command type: "Scan" pending commands: 0
12/23/2016 20:20:54.071 Dequeuing command type: "Scan" pending commands: 0
12/23/2016 20:20:54.071 Attempting Apple80211ScanAsync on en0
12/23/2016 20:20:54.457 Completed Apple80211ScanAsync on en0 (0x0)
12/23/2016 20:20:54.458 Async scan request completed for "locationd" (0)
12/23/2016 20:20:59.073 Async scan requested by "locationd" for 1 iterations with maxage=0 priority normal on en0
12/23/2016 20:20:59.073 Enqueuing command type: "Scan" pending commands: 0
12/23/2016 20:20:59.073 Dequeuing command type: "Scan" pending commands: 0
12/23/2016 20:20:59.073 Attempting Apple80211ScanAsync on en0
12/23/2016 20:20:59.459 Completed Apple80211ScanAsync on en0 (0x0)
12/23/2016 20:20:59.460 Async scan request completed for "locationd" (0)
12/23/2016 20:21:05.063 Async scan requested by "locationd" for 1 iterations with maxage=0 priority normal on en0
12/23/2016 20:21:05.063 Enqueuing command type: "Scan" pending commands: 0
12/23/2016 20:21:05.063 Dequeuing command type: "Scan" pending commands: 0
12/23/2016 20:21:05.063 Attempting Apple80211ScanAsync on en0
12/23/2016 20:21:05.449 Completed Apple80211ScanAsync on en0 (0x0)
12/23/2016 20:21:05.450 Async scan request completed for "locationd" (0)
12/23/2016 20:21:10.061 Async scan requested by "locationd" for 1 iterations with maxage=0 priority normal on en0
12/23/2016 20:21:10.061 Enqueuing command type: "Scan" pending commands: 0
12/23/2016 20:21:10.061 Dequeuing command type: "Scan" pending commands: 0
12/23/2016 20:21:10.061 Attempting Apple80211ScanAsync on en0
12/23/2016 20:21:10.447 Completed Apple80211ScanAsync on en0 (0x0)
12/23/2016 20:21:10.447 Async scan request completed for "locationd" (0)
12/23/2016 20:21:24.448 scanCache: Purging scan cache
12/23/2016 20:21:43.499 __WiFiManagerCellularTransmitCallback_block_invoke: Cellular Transmit Started = FALSE
12/23/2016 20:21:44.715 __WiFiManagerCellularTransmitCallback_block_invoke: Cellular Transmit Started = TRUE
12/23/2016 20:22:44.555 WiFiLocaleManagerCheckLocale: trying to determine locale...
12/23/2016 20:22:44.555 WiFiManagerCoreLocationGetCachedLocation: getting cached location...
12/23/2016 20:22:44.556 __WiFiLocaleManagerGetLocaleFromMcc: finding iso country code for mcc 216 ....
12/23/2016 20:22:44.556 WiFiLocationServiceManagerIsLocationValid: cachedLocationTimeout 120.000000 location age 119.991592secs, lifeSpan -1.000000 accuracy 10.000000(highAccReq 0), isValid 1
12/23/2016 20:22:44.556 WiFiLocationServiceManagerStartLowAccuracyMonitoring: Cached low accuracy location is valid
12/23/2016 20:22:44.557 WiFiLocationServiceManagerIsLocationValid: cachedLocationTimeout 120.000000 location age 119.991719secs, lifeSpan -1.000000 accuracy 10.000000(highAccReq 1), isValid 1
12/23/2016 20:22:44.557 WiFiLocationServiceManagerIsLocationValid: cachedLocationTimeout 120.000000 location age 119.991772secs, lifeSpan -1.000000 accuracy 10.000000(highAccReq 0), isValid 1
12/23/2016 20:22:44.557 __WiFiLocationServiceManagerProcessLocationAvailableEvent: isValidHighAccuracyLocation 1,  isValidLowAccuracyLocation 1
12/23/2016 20:22:44.557 __WiFiLocationServiceManagerProcessLocationAvailableEvent: give low accuracy callback
12/23/2016 20:22:44.558 __WiFiLocaleManagerGetLocaleFromLocation: <+47.68419578,+17.88024961> +/- 10.00m (speed 21.79 mps / course 94.57) @ 12/23/16, 8:20:44 PM Central European Standard Time
12/23/2016 20:22:44.558 locale from bounding box 
12/23/2016 20:22:44.558 new locale:  , locale: 
12/23/2016 20:22:44.558 Stopping Low Accuracy Location Monitoring
12/23/2016 20:22:44.558 CLMonitoring is already stopped
12/23/2016 20:22:44.558 Stopping Low Accuracy Location Monitoring
12/23/2016 20:22:44.558 CLMonitoring is already stopped
12/23/2016 20:22:44.558 __WiFiLocationServiceManagerEventCallback, got cb dict {
    eventType = 0;
    location = "<+47.68011723,+17.91687082> +/- 10.00m (speed 30.25 mps / course 97.73) @ 12/23/16, 8:22:44 PM Central European Standard Time";
}
12/23/2016 20:22:44.559 WiFiLocationServiceManagerIsLocationValid: cachedLocationTimeout 120.000000 location age 0.001710secs, lifeSpan -1.000000 accuracy 10.000000(highAccReq 1), isValid 1
12/23/2016 20:22:44.559 WiFiLocationServiceManagerIsLocationValid: cachedLocationTimeout 120.000000 location age 0.001768secs, lifeSpan -1.000000 accuracy 10.000000(highAccReq 0), isValid 1
12/23/2016 20:22:44.559 __WiFiLocationServiceManagerProcessLocationAvailableEvent: isValidHighAccuracyLocation 1,  isValidLowAccuracyLocation 1
12/23/2016 20:24:00.317 __WiFiManagerCellularTransmitCallback_block_invoke: Cellular Transmit Started = FALSE
12/23/2016 20:24:01.775 __WiFiManagerCellularTransmitCallback_block_invoke: Cellular Transmit Started = TRUE
12/23/2016 20:24:06.367 __WiFiManagerCellularTransmitCallback_block_invoke: Cellular Transmit Started = FALSE
12/23/2016 20:24:07.420 __WiFiManagerCellularTransmitCallback_block_invoke: Cellular Transmit Started = TRUE
12/23/2016 20:24:24.407 __WiFiManagerCellularTransmitCallback_block_invoke: Cellular Transmit Started = FALSE
12/23/2016 20:24:24.578 __WiFiManagerCellularTransmitCallback_block_invoke: Cellular Transmit Started = TRUE
12/23/2016 20:24:25.113 __WiFiManagerCellularTransmitCallback_block_invoke: Cellular Transmit Started = FALSE
12/23/2016 20:24:25.393 __WiFiManagerCellularTransmitCallback_block_invoke: Cellular Transmit Started = TRUE
12/23/2016 20:24:31.689 __WiFiDeviceProcessDumpLogsEvent: Dump logs event received, dumped wifid log buffer to file
