12/23/2016 16:54:33.845 __WiFiManagerCellularTransmitCallback_block_invoke: Cellular Transmit Started = TRUE
12/23/2016 16:54:44.646 WiFiLocaleManagerCheckLocale: trying to determine locale...
12/23/2016 16:54:44.646 WiFiManagerCoreLocationGetCachedLocation: getting cached location...
12/23/2016 16:54:44.647 __WiFiLocaleManagerGetLocaleFromMcc: finding iso country code for mcc 232 ....
12/23/2016 16:54:44.658 WiFiLocationServiceManagerIsLocationValid: cachedLocationTimeout 120.000000 location age 254.421869secs, lifeSpan -1.000000 accuracy 65.000000(highAccReq 0), isValid 1
12/23/2016 16:54:44.658 WiFiLocationServiceManagerStartLowAccuracyMonitoring: Cached low accuracy location is valid
12/23/2016 16:54:44.658 WiFiLocationServiceManagerIsLocationValid: cachedLocationTimeout 120.000000 location age 254.422020secs, lifeSpan -1.000000 accuracy 65.000000(highAccReq 1), isValid 1
12/23/2016 16:54:44.658 WiFiLocationServiceManagerIsLocationValid: cachedLocationTimeout 120.000000 location age 254.422075secs, lifeSpan -1.000000 accuracy 65.000000(highAccReq 0), isValid 1
12/23/2016 16:54:44.658 __WiFiLocationServiceManagerProcessLocationAvailableEvent: isValidHighAccuracyLocation 1,  isValidLowAccuracyLocation 1
12/23/2016 16:54:44.659 __WiFiLocationServiceManagerProcessLocationAvailableEvent: give low accuracy callback
12/23/2016 16:54:44.659 __WiFiLocaleManagerGetLocaleFromLocation: <+47.97723591,+16.85022312> +/- 65.00m (speed -1.00 mps / course -1.00) @ 12/23/16, 4:50:30 PM Central European Standard Time
12/23/2016 16:54:44.660 locale from bounding box 
12/23/2016 16:54:44.660 new locale:  , locale: 
12/23/2016 16:54:44.660 Stopping Low Accuracy Location Monitoring
12/23/2016 16:54:44.660 CLMonitoring is already stopped
12/23/2016 16:54:44.660 Stopping Low Accuracy Location Monitoring
12/23/2016 16:54:44.660 CLMonitoring is already stopped
12/23/2016 16:54:44.671 __WiFiLocationServiceManagerEventCallback, got cb dict {
    eventType = 0;
    location = "<+47.97723591,+16.85022312> +/- 65.00m (speed -1.00 mps / course -1.00) @ 12/23/16, 4:50:30 PM Central European Standard Time";
}
12/23/2016 16:54:44.672 WiFiLocationServiceManagerIsLocationValid: cachedLocationTimeout 120.000000 location age 254.435525secs, lifeSpan -1.000000 accuracy 65.000000(highAccReq 1), isValid 1
12/23/2016 16:54:44.672 WiFiLocationServiceManagerIsLocationValid: cachedLocationTimeout 120.000000 location age 254.435582secs, lifeSpan -1.000000 accuracy 65.000000(highAccReq 0), isValid 1
12/23/2016 16:54:44.672 __WiFiLocationServiceManagerProcessLocationAvailableEvent: isValidHighAccuracyLocation 1,  isValidLowAccuracyLocation 1
12/23/2016 16:54:54.502 __WiFiManagerCellularTransmitCallback_block_invoke: Cellular Transmit Started = FALSE
12/23/2016 16:55:09.946 WoW is Disabled, 0 WoW Clients
12/23/2016 16:55:15.945 __WiFiManagerCellularTransmitCallback_block_invoke: Cellular Transmit Started = TRUE
12/23/2016 16:55:17.499 IPv4 Primary interface is (null) and IPv6 Primary Interface is (null)
12/23/2016 16:55:17.540 Client apsd set type to background application
12/23/2016 16:55:17.540 __WiFiManagerSetEnableState: state TRUE, manager->enable.setting TRUE, manager->unlockedSinceBoot TRUE
12/23/2016 16:55:17.542 BG Application: Not Present, BG Daemon: Present. Daemons: mediaserverd apsd 
12/23/2016 16:55:17.542 Auto association attempt canceled because MIS is enabled. MIS client count: wifi=1 bt=0
12/23/2016 16:55:17.542 Enable WoW requested by "apsd"
12/23/2016 16:55:17.543 WoW Capable = YES, Attempting to enable WoW and disable LPAS 
12/23/2016 16:55:17.544 Setting WoW params to <CFBasicHash 0x14cf4d050 [0x1a0950150]>{type = immutable dict, count = 3,
entries =>
	0 : <CFString 0x100175960 [0x1a0950150]>{contents = "IO80211InterfaceEnableLowPwrAssocMode"} = <CFBoolean 0x1a09506d8 [0x1a0950150]>{value = false}
	1 : <CFString 0x100175940 [0x1a0950150]>{contents = "IO80211InterfaceEnableWoW"} = <CFBoolean 0x1a09506c8 [0x1a0950150]>{value = true}
	2 : <CFString 0x100185ae0 [0x1a0950150]>{contents = "IO80211InterfaceEnableWoWOnCaptive"} = <CFBoolean 0x1a09506d8 [0x1a0950150]>{value = false}
}

12/23/2016 16:55:17.549 WiFiDeviceRequestAssociatedSleep: ActiveDuringSleepRequested is already removed ((null)).
12/23/2016 16:55:17.549 WoW Enabled by 1 Clients, lpas is Disabled, WoW Override is Disabled, Captive Disabled
12/23/2016 16:55:17.549 Unable to dispatch WowStateChanged message to client MobileMail (268435460)
12/23/2016 16:55:17.550 Unable to dispatch WowStateChanged message to client dataaccessd (268435460)
12/23/2016 16:55:17.550 Unable to dispatch WowStateChanged message to client itunesstored (268435460)
12/23/2016 16:55:17.551 Unable to dispatch WowStateChanged message to client mediaserverd (268435460)
12/23/2016 16:55:17.575 MIS is already Enabled on ap1
12/23/2016 16:55:17.576 apsd[273] is a wow client
12/23/2016 16:55:17.576 WoW is Enabled, 1 WoW Clients
12/23/2016 16:55:17.581 MIS is already Enabled on ap1
12/23/2016 16:55:17.582 apsd[273] is a wow client
12/23/2016 16:55:17.582 WoW is Enabled, 1 WoW Clients
12/23/2016 16:55:17.582 apsd[273] is a wow client
12/23/2016 16:55:17.582 WoW is Enabled, 1 WoW Clients
12/23/2016 16:55:17.583 MIS Discovery is Disabled
12/23/2016 16:55:17.604 Client MobileMail set type to background application
12/23/2016 16:55:17.604 __WiFiManagerSetEnableState: state TRUE, manager->enable.setting TRUE, manager->unlockedSinceBoot TRUE
12/23/2016 16:55:17.604 BG Application: Not Present, BG Daemon: Present. Daemons: MobileMail mediaserverd apsd 
12/23/2016 16:55:17.604 Auto association attempt canceled because MIS is enabled. MIS client count: wifi=1 bt=0
12/23/2016 16:55:20.127 __WiFiManagerCellularTransmitCallback_block_invoke: Cellular Transmit Started = FALSE
12/23/2016 16:55:22.197 Low bw cellular data available, so WiFi would stay connected under low signal quality
12/23/2016 16:55:22.198 WiFiLQAMgrSetWiFiFallBackPref: LQAManager WiFiFallBackPreference enabled 
12/23/2016 16:55:56.346 __WiFiManagerCellularTransmitCallback_block_invoke: Cellular Transmit Started = TRUE
12/23/2016 16:55:59.745 IPv4 Primary interface is pdp_ip0 and IPv6 Primary Interface is (null)
12/23/2016 16:55:59.765 MIS is already Enabled on ap1
12/23/2016 16:55:59.768 MIS Discovery is Disabled
12/23/2016 16:56:13.770 __WiFiManagerCellularTransmitCallback_block_invoke: Cellular Transmit Started = FALSE
12/23/2016 16:56:15.887 __WiFiManagerCellularTransmitCallback_block_invoke: Cellular Transmit Started = TRUE
12/23/2016 16:56:35.132 __WiFiManagerCellularTransmitCallback_block_invoke: Cellular Transmit Started = FALSE
12/23/2016 16:56:35.666 __WiFiManagerCellularTransmitCallback_block_invoke: Cellular Transmit Started = TRUE
12/23/2016 16:56:44.638 WiFiLocaleManagerCheckLocale: trying to determine locale...
12/23/2016 16:56:44.638 WiFiManagerCoreLocationGetCachedLocation: getting cached location...
12/23/2016 16:56:44.658 __WiFiLocaleManagerGetLocaleFromMcc: finding iso country code for mcc 232 ....
12/23/2016 16:56:44.658 WiFiLocationServiceManagerIsLocationValid: cachedLocationTimeout 120.000000 location age 374.421922secs, lifeSpan -1.000000 accuracy 65.000000(highAccReq 0), isValid 1
12/23/2016 16:56:44.658 WiFiLocationServiceManagerStartLowAccuracyMonitoring: Cached low accuracy location is valid
12/23/2016 16:56:44.658 WiFiLocationServiceManagerIsLocationValid: cachedLocationTimeout 120.000000 location age 374.422060secs, lifeSpan -1.000000 accuracy 65.000000(highAccReq 1), isValid 1
12/23/2016 16:56:44.658 WiFiLocationServiceManagerIsLocationValid: cachedLocationTimeout 120.000000 location age 374.422113secs, lifeSpan -1.000000 accuracy 65.000000(highAccReq 0), isValid 1
12/23/2016 16:56:44.659 __WiFiLocationServiceManagerProcessLocationAvailableEvent: isValidHighAccuracyLocation 1,  isValidLowAccuracyLocation 1
12/23/2016 16:56:44.659 __WiFiLocationServiceManagerProcessLocationAvailableEvent: give low accuracy callback
12/23/2016 16:56:44.660 __WiFiLocaleManagerGetLocaleFromLocation: <+47.97723591,+16.85022312> +/- 65.00m (speed -1.00 mps / course -1.00) @ 12/23/16, 4:50:30 PM Central European Standard Time
12/23/2016 16:56:44.660 locale from bounding box 
12/23/2016 16:56:44.660 new locale:  , locale: 
12/23/2016 16:56:44.660 Stopping Low Accuracy Location Monitoring
12/23/2016 16:56:44.660 CLMonitoring is already stopped
12/23/2016 16:56:44.660 Stopping Low Accuracy Location Monitoring
12/23/2016 16:56:44.660 CLMonitoring is already stopped
12/23/2016 16:56:44.660 __WiFiLocationServiceManagerEventCallback, got cb dict {
    eventType = 0;
    location = "<+47.97723591,+16.85022312> +/- 65.00m (speed -1.00 mps / course -1.00) @ 12/23/16, 4:50:30 PM Central European Standard Time";
}
12/23/2016 16:56:44.660 WiFiLocationServiceManagerIsLocationValid: cachedLocationTimeout 120.000000 location age 374.424094secs, lifeSpan -1.000000 accuracy 65.000000(highAccReq 1), isValid 1
12/23/2016 16:56:44.661 WiFiLocationServiceManagerIsLocationValid: cachedLocationTimeout 120.000000 location age 374.424146secs, lifeSpan -1.000000 accuracy 65.000000(highAccReq 0), isValid 1
12/23/2016 16:56:44.661 __WiFiLocationServiceManagerProcessLocationAvailableEvent: isValidHighAccuracyLocation 1,  isValidLowAccuracyLocation 1
12/23/2016 16:56:47.268 Async scan requested by "locationd" for 1 iterations with maxage=0 priority normal on en0
12/23/2016 16:56:47.268 Enqueuing command type: "Scan" pending commands: 0
12/23/2016 16:56:47.268 Dequeuing command type: "Scan" pending commands: 0
12/23/2016 16:56:47.268 Attempting Apple80211ScanAsync on en0
12/23/2016 16:56:47.427 Completed Apple80211ScanAsync on en0 (0x0)
12/23/2016 16:56:47.429 Async scan request completed for "locationd" (0)
12/23/2016 16:56:47.432 Async scan requested by "locationd" for 1 iterations with maxage=0 priority normal on en0
12/23/2016 16:56:47.432 Enqueuing command type: "Scan" pending commands: 0
12/23/2016 16:56:47.432 Dequeuing command type: "Scan" pending commands: 0
12/23/2016 16:56:47.432 Attempting Apple80211ScanAsync on en0
12/23/2016 16:56:47.819 Completed Apple80211ScanAsync on en0 (0x0)
12/23/2016 16:56:47.822 Async scan request completed for "locationd" (0)
12/23/2016 16:56:59.718 Disable WoW requested by "apsd"
12/23/2016 16:56:59.718 WoW Capable = YES, Attempting to disable WoW and enable LPAS 
12/23/2016 16:56:59.718 Setting WoW params to <CFBasicHash 0x14cf07c20 [0x1a0950150]>{type = immutable dict, count = 3,
entries =>
	0 : <CFString 0x100175960 [0x1a0950150]>{contents = "IO80211InterfaceEnableLowPwrAssocMode"} = <CFBoolean 0x1a09506c8 [0x1a0950150]>{value = true}
	1 : <CFString 0x100175940 [0x1a0950150]>{contents = "IO80211InterfaceEnableWoW"} = <CFBoolean 0x1a09506d8 [0x1a0950150]>{value = false}
	2 : <CFString 0x100185ae0 [0x1a0950150]>{contents = "IO80211InterfaceEnableWoWOnCaptive"} = <CFBoolean 0x1a09506d8 [0x1a0950150]>{value = false}
}

12/23/2016 16:56:59.720 WiFiDeviceRequestAssociatedSleep: ActiveDuringSleepRequested is already removed ((null)).
12/23/2016 16:56:59.720 WoW Disabled, 0 WoW Clients, lpas is Enabled, WoW Override is Disabled, Captive Disabled
12/23/2016 16:56:59.720 Unable to dispatch WowStateChanged message to client MobileMail (268435460)
12/23/2016 16:56:59.721 Unable to dispatch WowStateChanged message to client dataaccessd (268435460)
12/23/2016 16:56:59.721 Unable to dispatch WowStateChanged message to client itunesstored (268435460)
12/23/2016 16:56:59.721 Unable to dispatch WowStateChanged message to client mediaserverd (268435460)
12/23/2016 16:56:59.722 WoW is Disabled, 0 WoW Clients
12/23/2016 16:56:59.722 WoW is Disabled, 0 WoW Clients
12/23/2016 16:56:59.726 WoW is Disabled, 0 WoW Clients
12/23/2016 16:57:01.827 scanCache: Purging scan cache
12/23/2016 16:57:04.721 Client apsd set type to normal application
12/23/2016 16:57:04.722 __WiFiManagerSetEnableState: state TRUE, manager->enable.setting TRUE, manager->unlockedSinceBoot TRUE
12/23/2016 16:57:04.722 BG Application: Not Present, BG Daemon: Present. Daemons: MobileMail mediaserverd 
12/23/2016 16:57:04.731 Client MobileMail set type to normal application
12/23/2016 16:57:04.731 __WiFiManagerSetEnableState: state TRUE, manager->enable.setting TRUE, manager->unlockedSinceBoot TRUE
12/23/2016 16:57:04.732 BG Application: Not Present, BG Daemon: Present. Daemons: mediaserverd 
12/23/2016 16:57:53.252 __WiFiManagerCellularTransmitCallback_block_invoke: Cellular Transmit Started = FALSE
12/23/2016 16:57:58.927 __WiFiManagerCellularTransmitCallback_block_invoke: Cellular Transmit Started = TRUE
12/23/2016 16:58:03.052 __WiFiManagerCellularTransmitCallback_block_invoke: Cellular Transmit Started = FALSE
12/23/2016 16:58:03.927 __WiFiManagerCellularTransmitCallback_block_invoke: Cellular Transmit Started = TRUE
12/23/2016 16:58:04.958 High bw cellular data available, so WiFi would disconnect under low signal quality
12/23/2016 16:58:04.959 WiFiLQAMgrSetWiFiFallBackPref: LQAManager WiFiFallBackPreference disabled 
12/23/2016 16:58:44.641 WiFiLocaleManagerCheckLocale: trying to determine locale...
12/23/2016 16:58:44.641 WiFiManagerCoreLocationGetCachedLocation: getting cached location...
12/23/2016 16:58:44.663 __WiFiLocaleManagerGetLocaleFromMcc: finding iso country code for mcc 232 ....
12/23/2016 16:58:44.663 WiFiLocationServiceManagerIsLocationValid: cachedLocationTimeout 120.000000 location age 494.426645secs, lifeSpan -1.000000 accuracy 65.000000(highAccReq 0), isValid 1
12/23/2016 16:58:44.663 WiFiLocationServiceManagerStartLowAccuracyMonitoring: Cached low accuracy location is valid
12/23/2016 16:58:44.663 WiFiLocationServiceManagerIsLocationValid: cachedLocationTimeout 120.000000 location age 494.426783secs, lifeSpan -1.000000 accuracy 65.000000(highAccReq 1), isValid 1
12/23/2016 16:58:44.663 WiFiLocationServiceManagerIsLocationValid: cachedLocationTimeout 120.000000 location age 494.426838secs, lifeSpan -1.000000 accuracy 65.000000(highAccReq 0), isValid 1
12/23/2016 16:58:44.663 __WiFiLocationServiceManagerProcessLocationAvailableEvent: isValidHighAccuracyLocation 1,  isValidLowAccuracyLocation 1
12/23/2016 16:58:44.663 __WiFiLocationServiceManagerProcessLocationAvailableEvent: give low accuracy callback
12/23/2016 16:58:44.664 __WiFiLocaleManagerGetLocaleFromLocation: <+47.97723591,+16.85022312> +/- 65.00m (speed -1.00 mps / course -1.00) @ 12/23/16, 4:50:30 PM Central European Standard Time
12/23/2016 16:58:44.665 locale from bounding box 
12/23/2016 16:58:44.665 new locale:  , locale: 
12/23/2016 16:58:44.665 Stopping Low Accuracy Location Monitoring
12/23/2016 16:58:44.665 CLMonitoring is already stopped
12/23/2016 16:58:44.665 Stopping Low Accuracy Location Monitoring
12/23/2016 16:58:44.665 CLMonitoring is already stopped
12/23/2016 16:58:44.665 __WiFiLocationServiceManagerEventCallback, got cb dict {
    eventType = 0;
    location = "<+47.97723591,+16.85022312> +/- 65.00m (speed -1.00 mps / course -1.00) @ 12/23/16, 4:50:30 PM Central European Standard Time";
}
12/23/2016 16:58:44.665 WiFiLocationServiceManagerIsLocationValid: cachedLocationTimeout 120.000000 location age 494.429086secs, lifeSpan -1.000000 accuracy 65.000000(highAccReq 1), isValid 1
12/23/2016 16:58:44.666 WiFiLocationServiceManagerIsLocationValid: cachedLocationTimeout 120.000000 location age 494.429139secs, lifeSpan -1.000000 accuracy 65.000000(highAccReq 0), isValid 1
12/23/2016 16:58:44.666 __WiFiLocationServiceManagerProcessLocationAvailableEvent: isValidHighAccuracyLocation 1,  isValidLowAccuracyLocation 1
12/23/2016 16:59:07.975 __WiFiManagerCellularTransmitCallback_block_invoke: Cellular Transmit Started = FALSE
12/23/2016 16:59:08.195 __WiFiManagerCellularTransmitCallback_block_invoke: Cellular Transmit Started = TRUE
12/23/2016 16:59:08.626 __WiFiManagerCellularTransmitCallback_block_invoke: Cellular Transmit Started = FALSE
12/23/2016 16:59:08.787 IPv4 Primary interface is (null) and IPv6 Primary Interface is (null)
12/23/2016 16:59:08.791 Client apsd set type to background application
12/23/2016 16:59:08.791 __WiFiManagerSetEnableState: state TRUE, manager->enable.setting TRUE, manager->unlockedSinceBoot TRUE
12/23/2016 16:59:08.791 BG Application: Not Present, BG Daemon: Present. Daemons: mediaserverd apsd 
12/23/2016 16:59:08.791 Auto association attempt canceled because MIS is enabled. MIS client count: wifi=1 bt=0
12/23/2016 16:59:08.791 Enable WoW requested by "apsd"
12/23/2016 16:59:08.791 WoW Capable = YES, Attempting to enable WoW and disable LPAS 
12/23/2016 16:59:08.792 Setting WoW params to <CFBasicHash 0x14ce6b600 [0x1a0950150]>{type = immutable dict, count = 3,
entries =>
	0 : <CFString 0x100175960 [0x1a0950150]>{contents = "IO80211InterfaceEnableLowPwrAssocMode"} = <CFBoolean 0x1a09506d8 [0x1a0950150]>{value = false}
	1 : <CFString 0x100175940 [0x1a0950150]>{contents = "IO80211InterfaceEnableWoW"} = <CFBoolean 0x1a09506c8 [0x1a0950150]>{value = true}
	2 : <CFString 0x100185ae0 [0x1a0950150]>{contents = "IO80211InterfaceEnableWoWOnCaptive"} = <CFBoolean 0x1a09506d8 [0x1a0950150]>{value = false}
}

12/23/2016 16:59:08.793 WiFiDeviceRequestAssociatedSleep: ActiveDuringSleepRequested is already removed ((null)).
12/23/2016 16:59:08.793 WoW Enabled by 1 Clients, lpas is Disabled, WoW Override is Disabled, Captive Disabled
12/23/2016 16:59:08.793 Unable to dispatch WowStateChanged message to client MobileMail (268435460)
12/23/2016 16:59:08.793 Unable to dispatch WowStateChanged message to client dataaccessd (268435460)
12/23/2016 16:59:08.793 Unable to dispatch WowStateChanged message to client itunesstored (268435460)
12/23/2016 16:59:08.794 Unable to dispatch WowStateChanged message to client mediaserverd (268435460)
12/23/2016 16:59:08.794 apsd[273] is a wow client
12/23/2016 16:59:08.795 WoW is Enabled, 1 WoW Clients
12/23/2016 16:59:08.796 apsd[273] is a wow client
12/23/2016 16:59:08.796 WoW is Enabled, 1 WoW Clients
12/23/2016 16:59:08.796 apsd[273] is a wow client
12/23/2016 16:59:08.796 WoW is Enabled, 1 WoW Clients
12/23/2016 16:59:08.853 MIS is already Enabled on ap1
12/23/2016 16:59:08.859 MIS is already Enabled on ap1
12/23/2016 16:59:08.861 MIS Discovery is Disabled
12/23/2016 16:59:08.883 Client MobileMail set type to background application
12/23/2016 16:59:08.883 __WiFiManagerSetEnableState: state TRUE, manager->enable.setting TRUE, manager->unlockedSinceBoot TRUE
12/23/2016 16:59:08.883 BG Application: Not Present, BG Daemon: Present. Daemons: MobileMail mediaserverd apsd 
12/23/2016 16:59:08.883 Auto association attempt canceled because MIS is enabled. MIS client count: wifi=1 bt=0
12/23/2016 16:59:09.946 __WiFiManagerCellularTransmitCallback_block_invoke: Cellular Transmit Started = TRUE
12/23/2016 16:59:12.583 IPv4 Primary interface is pdp_ip0 and IPv6 Primary Interface is (null)
12/23/2016 16:59:12.597 MIS is already Enabled on ap1
12/23/2016 16:59:12.601 MIS Discovery is Disabled
12/23/2016 16:59:22.147 Device display is ON
12/23/2016 16:59:22.147 __WiFiManagerSetEnableState: state TRUE, manager->enable.setting TRUE, manager->unlockedSinceBoot TRUE
12/23/2016 16:59:22.147 Auto association attempt canceled because MIS is enabled. MIS client count: wifi=1 bt=0
12/23/2016 16:59:22.294 Async scan requested by "locationd" for 1 iterations with maxage=0 priority normal on en0
12/23/2016 16:59:22.294 Enqueuing command type: "Scan" pending commands: 0
12/23/2016 16:59:22.294 Dequeuing command type: "Scan" pending commands: 0
12/23/2016 16:59:22.294 Attempting Apple80211ScanAsync on en0
12/23/2016 16:59:22.452 Completed Apple80211ScanAsync on en0 (0x0)
12/23/2016 16:59:22.452 Async scan request completed for "locationd" (0)
12/23/2016 16:59:22.453 Async scan requested by "locationd" for 1 iterations with maxage=0 priority normal on en0
12/23/2016 16:59:22.453 Enqueuing command type: "Scan" pending commands: 0
12/23/2016 16:59:22.453 Dequeuing command type: "Scan" pending commands: 0
12/23/2016 16:59:22.453 Attempting Apple80211ScanAsync on en0
12/23/2016 16:59:22.853 ATJManager: setting ask-to-join interaction mode to Interactive
12/23/2016 16:59:22.853 ATJManager: no entries to purge
12/23/2016 16:59:22.853 User interaction ENABLED
12/23/2016 16:59:22.853 Ignoring lock state manager->wakeMode 1

12/23/2016 16:59:22.853 problematic networks =  and potentially problematic networks = 
12/23/2016 16:59:22.853 Unblacklisting
12/23/2016 16:59:22.853 No Change in Background Scan Networks, Skip Re-Programming Background Scan

12/23/2016 16:59:22.854 Auto association attempt canceled because MIS is enabled. MIS client count: wifi=1 bt=0
12/23/2016 16:59:22.855 Completed Apple80211ScanAsync on en0 (0x0)
12/23/2016 16:59:22.856 Async scan request completed for "locationd" (0)
12/23/2016 16:59:24.383 Async scan requested by "locationd" for 1 iterations with maxage=0 priority low on en0
12/23/2016 16:59:24.383 Enqueuing command type: "Scan" pending commands: 0
12/23/2016 16:59:24.383 Dequeuing command type: "Scan" pending commands: 0
12/23/2016 16:59:24.383 Attempting Apple80211ScanAsync on en0
12/23/2016 16:59:25.086 BG Application: Not Present, BG Daemon: Present. Daemons: MobileMail mediaserverd apsd 
12/23/2016 16:59:25.086 __WiFiManagerSetEnableState: state TRUE, manager->enable.setting TRUE, manager->unlockedSinceBoot TRUE
12/23/2016 16:59:25.086 Auto association attempt canceled because MIS is enabled. MIS client count: wifi=1 bt=0
12/23/2016 16:59:25.239 Completed Apple80211ScanAsync on en0 (0x0)
12/23/2016 16:59:25.239 Async scan request completed for "locationd" (0)
12/23/2016 16:59:25.897 BG Application: Not Present, BG Daemon: Present. Daemons: MobileMail mediaserverd apsd 
12/23/2016 16:59:25.898 WoW Enabled, Skip starting Disassocation timer
12/23/2016 16:59:31.656 __WiFiDeviceProcessDumpLogsEvent: Dump logs event received, dumped wifid log buffer to file
