 1/13/2017 19:56:15.248 Power stats update: Type 0x6 UnassociatedSleepDur 0 AssociatedSleepDur 14310 TotalDur 14727 RoamDur 0
 1/13/2017 19:56:15.248 WiFiAWDManagerSubmitMetric: metric container could not be generated for metric id <0x90010>
 1/13/2017 19:56:15.248 __WiFiLQAMgrLogStats: Rssi: -73 Cca: 6 TxPer: 0.0% (80) BcnPer: 3.0% (100) RxFrms 179 TxRate: 19500 RxRate: 52000
 1/13/2017 19:56:15.249 __WiFiDeviceCopyLinkChangedSubReasonString: Apple80211ReturnToString failed 1
 1/13/2017 19:56:15.249 __WiFiDeviceProcessDriverAvailableEvent: driver availability true, reason Initializing(0xe0821803), subreason (null)(0x0)
 1/13/2017 19:56:15.249 __WiFiManagerDispatchDeviceAvailable: driver availability true

 1/13/2017 19:56:15.251 Unable to dispatch message to client MessagesViewServ (268435460)
 1/13/2017 19:56:15.251 __WiFiDeviceManagerAutoAssociate: Already connected to DIGI-146A.
 1/13/2017 19:56:15.251 WiFiAWDManagerSubmitMetric: metric container could not be generated for metric id <0x9000e>
 1/13/2017 19:56:15.254 __WiFiDeviceManagerAutoAssociate: Already connected to DIGI-146A.
 1/13/2017 19:56:15.255 No Change in Background Scan Networks, Skip Re-Programming Background Scan

 1/13/2017 19:56:15.290 __WiFiManagerCellularTransmitCallback_block_invoke: Cellular Transmit Started = FALSE
 1/13/2017 19:56:15.349 apsd[273] is a wow client
 1/13/2017 19:56:15.349 WoW is Enabled, 1 WoW Clients
 1/13/2017 19:56:15.691 apsd[273] is a wow client
 1/13/2017 19:56:15.691 WoW is Enabled, 1 WoW Clients
 1/13/2017 19:56:19.018 Device display is ON
 1/13/2017 19:56:19.018 __WiFiManagerSetEnableState: state TRUE, manager->enable.setting TRUE, manager->unlockedSinceBoot TRUE
 1/13/2017 19:56:19.018 __WiFiDeviceManagerAutoAssociate: Already connected to DIGI-146A.
 1/13/2017 19:56:25.102 __WiFiLQAMgrLogStats: Rssi: -71 Cca: 28 TxPer: 0.0% (5) BcnPer: 0.0% (0) RxFrms 5 TxRate: 26000 RxRate: 52000
 1/13/2017 19:56:25.678 ATJManager: setting ask-to-join interaction mode to Interactive
 1/13/2017 19:56:25.678 ATJManager: no entries to purge
 1/13/2017 19:56:25.678 User interaction ENABLED
 1/13/2017 19:56:25.678 Ignoring lock state manager->wakeMode 1

 1/13/2017 19:56:25.678 problematic networks =  and potentially problematic networks = 
 1/13/2017 19:56:25.678 Unblacklisting
 1/13/2017 19:56:25.678 No Change in Background Scan Networks, Skip Re-Programming Background Scan

 1/13/2017 19:56:25.678 __WiFiDeviceManagerAutoAssociate: Already connected to DIGI-146A.
 1/13/2017 19:56:45.134 __WiFiLQAMgrLogStats: Rssi: -66 Cca: 32 TxPer: 0.0% (14) BcnPer: 0.0% (0) RxFrms 10 TxRate: 39000 RxRate: 58500
 1/13/2017 19:56:50.142 __WiFiLQAMgrLogStats: Rssi: -64 Cca: 54 TxPer: 0.0% (0) BcnPer: 0.0% (0) RxFrms 0 TxRate: 39000 RxRate: 58500
 1/13/2017 19:56:55.151 __WiFiLQAMgrLogStats: Rssi: -66 Cca: 32 TxPer: 0.0% (1) BcnPer: 0.0% (100) RxFrms 4 TxRate: 39000 RxRate: 58500
 1/13/2017 19:56:56.119 
Too frequent(0.968171 secs) rssi event from driver, ignoring

 1/13/2017 19:57:01.137 
Too frequent(0.977759 secs) rssi event from driver, ignoring

 1/13/2017 19:57:15.178 
Too frequent(0.996885 secs) rssi event from driver, ignoring

 1/13/2017 19:57:20.196 
Too frequent(0.997490 secs) rssi event from driver, ignoring

 1/13/2017 19:57:20.496 WiFiLocaleManagerCheckLocale: location service or wifi is off, set locale to default
 1/13/2017 19:57:20.496 new locale:  , locale: 
 1/13/2017 19:57:25.688 Background Network Application entered
 1/13/2017 19:57:25.690 BG Application: Present, BG Daemon: Present. Daemons: mediaserverd apsd 
 1/13/2017 19:57:25.690 __WiFiManagerSetEnableState: state TRUE, manager->enable.setting TRUE, manager->unlockedSinceBoot TRUE
 1/13/2017 19:57:25.690 __WiFiDeviceManagerAutoAssociate: Already connected to DIGI-146A.
 1/13/2017 19:57:25.692 Background Network Application entered
 1/13/2017 19:57:25.692 BG Application: Not Present, BG Daemon: Present. Daemons: mediaserverd apsd 
 1/13/2017 19:57:25.692 __WiFiManagerSetEnableState: state TRUE, manager->enable.setting TRUE, manager->unlockedSinceBoot TRUE
 1/13/2017 19:57:25.692 __WiFiDeviceManagerAutoAssociate: Already connected to DIGI-146A.
 1/13/2017 19:57:30.196 __WiFiLQAMgrLogStats: Rssi: -77 Cca: 33 TxPer: 0.0% (0) BcnPer: 0.0% (0) RxFrms 0 TxRate: 0 RxRate: 0
 1/13/2017 19:57:35.204 __WiFiLQAMgrLogStats: Rssi: -73 Cca: 33 TxPer: 0.0% (0) BcnPer: 0.0% (99) RxFrms 2 TxRate: 26000 RxRate: 52000
 1/13/2017 19:57:40.209 __WiFiLQAMgrLogStats: Rssi: -74 Cca: 18 TxPer: 0.0% (2) BcnPer: 0.0% (0) RxFrms 7 TxRate: 26000 RxRate: 52000
 1/13/2017 19:57:45.217 __WiFiLQAMgrLogStats: Rssi: -76 Cca: 1 TxPer: 0.0% (1) BcnPer: 0.0% (93) RxFrms 39 TxRate: 26000 RxRate: 26000
 1/13/2017 19:57:50.222 __WiFiLQAMgrLogStats: Rssi: -75 Cca: 2 TxPer: 0.0% (0) BcnPer: 0.0% (0) RxFrms 7 TxRate: 26000 RxRate: 26000
 1/13/2017 19:57:55.223 __WiFiLQAMgrLogStats: Rssi: -75 Cca: 31 TxPer: 0.0% (0) BcnPer: 0.0% (0) RxFrms 0 TxRate: 0 RxRate: 0
 1/13/2017 19:58:00.231 __WiFiLQAMgrLogStats: Rssi: -77 Cca: 53 TxPer: 0.0% (0) BcnPer: 0.0% (56) RxFrms 2 TxRate: 26000 RxRate: 1000
 1/13/2017 19:58:05.239 __WiFiLQAMgrLogStats: Rssi: -76 Cca: 53 TxPer: 0.0% (0) BcnPer: 0.0% (98) RxFrms 1 TxRate: 26000 RxRate: 1000
 1/13/2017 19:58:12.387 __WiFiLQAMgrIsLinkBad: LQAManager BadLinkRssi -81
 1/13/2017 19:58:20.260 __WiFiLQAMgrLogStats: Rssi: -74 Cca: 50 TxPer: 0.0% (2) BcnPer: 0.0% (0) RxFrms 30 TxRate: 26000 RxRate: 26000
 1/13/2017 19:58:20.260 __WiFiLQAMgrIsLinkGood: LQAManager: GoodLinkRssi -74
 1/13/2017 19:58:25.268 __WiFiLQAMgrLogStats: Rssi: -78 Cca: 36 TxPer: 0.0% (1) BcnPer: 1.3% (77) RxFrms 2 TxRate: 26000 RxRate: 52000
 1/13/2017 19:58:30.269 __WiFiLQAMgrLogStats: Rssi: -78 Cca: 52 TxPer: 0.0% (0) BcnPer: 0.0% (0) RxFrms 0 TxRate: 0 RxRate: 0
 1/13/2017 19:58:35.270 __WiFiLQAMgrLogStats: Rssi: -78 Cca: 2 TxPer: 0.0% (0) BcnPer: 0.0% (0) RxFrms 0 TxRate: 0 RxRate: 0
 1/13/2017 19:58:40.271 __WiFiLQAMgrLogStats: Rssi: -78 Cca: 45 TxPer: 0.0% (0) BcnPer: 0.0% (0) RxFrms 0 TxRate: 0 RxRate: 0
 1/13/2017 19:58:45.280 __WiFiLQAMgrLogStats: Rssi: -76 Cca: 3 TxPer: 0.0% (0) BcnPer: 0.0% (170) RxFrms 3 TxRate: 26000 RxRate: 52000
 1/13/2017 19:58:50.288 __WiFiLQAMgrLogStats: Rssi: -82 Cca: 47 TxPer: 0.0% (1) BcnPer: 0.0% (0) RxFrms 36 TxRate: 26000 RxRate: 52000
 1/13/2017 19:58:50.288 __WiFiLQAMgrIsLinkBad: LQAManager BadLinkRssi -82
 1/13/2017 19:58:55.296 __WiFiLQAMgrLogStats: Rssi: -80 Cca: 19 TxPer: 0.0% (2) BcnPer: 1.4% (74) RxFrms 38 TxRate: 26000 RxRate: 1000
 1/13/2017 19:59:10.306 __WiFiLQAMgrLogStats: Rssi: -81 Cca: 35 TxPer: 0.0% (0) BcnPer: 0.0% (0) RxFrms 0 TxRate: 0 RxRate: 0
 1/13/2017 19:59:15.311 __WiFiLQAMgrLogStats: Rssi: -84 Cca: 35 TxPer: 0.0% (0) BcnPer: 1.1% (91) RxFrms 1 TxRate: 26000 RxRate: 1000
 1/13/2017 19:59:16.111 
Too frequent(0.799780 secs) rssi event from driver, ignoring

 1/13/2017 19:59:20.494 WiFiLocaleManagerCheckLocale: location service or wifi is off, set locale to default
 1/13/2017 19:59:20.494 new locale:  , locale: 
 1/13/2017 19:59:21.128 
Too frequent(0.808921 secs) rssi event from driver, ignoring

 1/13/2017 19:59:30.336 __WiFiLQAMgrLogStats: Rssi: -78 Cca: 49 TxPer: 0.0% (0) BcnPer: 0.0% (0) RxFrms 12 TxRate: 26000 RxRate: 26000
 1/13/2017 19:59:35.344 __WiFiLQAMgrLogStats: Rssi: -78 Cca: 14 TxPer: 0.0% (7) BcnPer: 0.0% (100) RxFrms 9 TxRate: 19500 RxRate: 26000
 1/13/2017 19:59:40.352 __WiFiLQAMgrLogStats: Rssi: -80 Cca: 28 TxPer: 0.0% (3) BcnPer: 0.0% (0) RxFrms 3 TxRate: 19500 RxRate: 26000
 1/13/2017 19:59:45.360 __WiFiLQAMgrLogStats: Rssi: -79 Cca: 28 TxPer: 0.0% (0) BcnPer: 1.0% (100) RxFrms 1 TxRate: 19500 RxRate: 26000
 1/13/2017 19:59:47.053 __WiFiLQAMgrIsLinkGood: LQAManager: GoodLinkRssi -69
 1/13/2017 20:00:00.384 __WiFiLQAMgrLogStats: Rssi: -78 Cca: 3 TxPer: 0.0% (1) BcnPer: 0.0% (0) RxFrms 31 TxRate: 19500 RxRate: 39000
 1/13/2017 20:00:05.391 __WiFiLQAMgrLogStats: Rssi: -79 Cca: 35 TxPer: 0.0% (15) BcnPer: 0.0% (73) RxFrms 13 TxRate: 19500 RxRate: 52000
 1/13/2017 20:00:15.392 __WiFiLQAMgrLogStats: Rssi: -79 Cca: 52 TxPer: 0.0% (0) BcnPer: 0.0% (0) RxFrms 0 TxRate: 0 RxRate: 0
 1/13/2017 20:00:20.399 __WiFiLQAMgrLogStats: Rssi: -79 Cca: 23 TxPer: 0.0% (2) BcnPer: 0.0% (100) RxFrms 2 TxRate: 19500 RxRate: 39000
 1/13/2017 20:00:25.407 __WiFiLQAMgrLogStats: Rssi: -77 Cca: 59 TxPer: 0.0% (0) BcnPer: 0.0% (100) RxFrms 5 TxRate: 19500 RxRate: 39000
 1/13/2017 20:00:30.415 __WiFiLQAMgrLogStats: Rssi: -77 Cca: 55 TxPer: 0.0% (1) BcnPer: 0.0% (0) RxFrms 30 TxRate: 19500 RxRate: 52000
 1/13/2017 20:00:45.426 __WiFiLQAMgrLogStats: Rssi: -73 Cca: 8 TxPer: 0.0% (0) BcnPer: 0.0% (0) RxFrms 0 TxRate: 0 RxRate: 0
 1/13/2017 20:00:50.428 __WiFiLQAMgrLogStats: Rssi: -73 Cca: 8 TxPer: 0.0% (0) BcnPer: 0.0% (0) RxFrms 0 TxRate: 0 RxRate: 0
 1/13/2017 20:00:55.435 __WiFiLQAMgrLogStats: Rssi: -73 Cca: 34 TxPer: 0.0% (7) BcnPer: 0.0% (172) RxFrms 10 TxRate: 19500 RxRate: 1000
 1/13/2017 20:01:00.443 __WiFiLQAMgrLogStats: Rssi: -72 Cca: 22 TxPer: 0.0% (0) BcnPer: 0.0% (0) RxFrms 5 TxRate: 19500 RxRate: 1000
 1/13/2017 20:01:05.452 __WiFiLQAMgrLogStats: Rssi: -70 Cca: 38 TxPer: 0.0% (17) BcnPer: 2.0% (100) RxFrms 62 TxRate: 26000 RxRate: 52000
 1/13/2017 20:01:05.498 
Too frequent(0.045978 secs) rssi event from driver, ignoring

 1/13/2017 20:01:10.456 __WiFiLQAMgrIsLinkBad: LQAManager BadLinkRssi -81
 1/13/2017 20:01:10.613 
Too frequent(0.157776 secs) rssi event from driver, ignoring

 1/13/2017 20:01:20.465 __WiFiLQAMgrLogStats: Rssi: -83 Cca: 32 TxPer: 0.0% (0) BcnPer: 0.0% (0) RxFrms 0 TxRate: 0 RxRate: 0
 1/13/2017 20:01:20.496 WiFiLocaleManagerCheckLocale: location service or wifi is off, set locale to default
 1/13/2017 20:01:20.496 new locale:  , locale: 
 1/13/2017 20:01:25.469 __WiFiLQAMgrLogStats: Rssi: -76 Cca: 32 TxPer: 0.0% (1) BcnPer: 1.1% (88) RxFrms 1 TxRate: 26000 RxRate: 52000
 1/13/2017 20:01:35.486 __WiFiLQAMgrIsLinkGood: LQAManager: GoodLinkRssi -69
 1/13/2017 20:01:40.490 __WiFiLQAMgrLogStats: Rssi: -76 Cca: 60 TxPer: 0.0% (1) BcnPer: 0.0% (0) RxFrms 45 TxRate: 26000 RxRate: 58500
 1/13/2017 20:01:45.498 __WiFiLQAMgrLogStats: Rssi: -73 Cca: 6 TxPer: 0.0% (0) BcnPer: 0.0% (88) RxFrms 2 TxRate: 26000 RxRate: 58500
 1/13/2017 20:01:50.499 __WiFiLQAMgrLogStats: Rssi: -73 Cca: 48 TxPer: 0.0% (0) BcnPer: 0.0% (0) RxFrms 0 TxRate: 0 RxRate: 0
 1/13/2017 20:01:55.501 __WiFiLQAMgrLogStats: Rssi: -73 Cca: 52 TxPer: 0.0% (0) BcnPer: 0.0% (0) RxFrms 0 TxRate: 0 RxRate: 0
 1/13/2017 20:02:00.502 __WiFiLQAMgrLogStats: Rssi: -73 Cca: 52 TxPer: 0.0% (0) BcnPer: 0.0% (0) RxFrms 0 TxRate: 0 RxRate: 0
 1/13/2017 20:02:05.507 __WiFiLQAMgrLogStats: Rssi: -73 Cca: 45 TxPer: 0.0% (0) BcnPer: 0.0% (186) RxFrms 6 TxRate: 26000 RxRate: 1000
 1/13/2017 20:02:10.515 __WiFiLQAMgrLogStats: Rssi: -71 Cca: 53 TxPer: 0.0% (1) BcnPer: 0.0% (0) RxFrms 24 TxRate: 26000 RxRate: 58500
 1/13/2017 20:02:15.523 __WiFiLQAMgrLogStats: Rssi: -74 Cca: 33 TxPer: 0.0% (1) BcnPer: 0.0% (100) RxFrms 47 TxRate: 26000 RxRate: 58500
 1/13/2017 20:02:20.545 __WiFiLQAMgrLogStats: Rssi: -74 Cca: 52 TxPer: 0.0% (0) BcnPer: 0.0% (0) RxFrms 0 TxRate: 0 RxRate: 0
 1/13/2017 20:02:23.538 apsd[273] is a wow client
 1/13/2017 20:02:23.538 WoW is Enabled, 1 WoW Clients
 1/13/2017 20:02:30.534 __WiFiLQAMgrLogStats: Rssi: -71 Cca: 48 TxPer: 0.0% (0) BcnPer: 0.0% (0) RxFrms 0 TxRate: 0 RxRate: 0
 1/13/2017 20:02:35.542 __WiFiLQAMgrLogStats: Rssi: -75 Cca: 48 TxPer: 0.0% (0) BcnPer: 0.0% (100) RxFrms 1 TxRate: 39000 RxRate: 58500
 1/13/2017 20:02:40.550 __WiFiLQAMgrLogStats: Rssi: -76 Cca: 3 TxPer: 0.0% (19) BcnPer: 0.0% (0) RxFrms 19 TxRate: 39000 RxRate: 58500
 1/13/2017 20:02:45.556 __WiFiLQAMgrLogStats: Rssi: -75 Cca: 34 TxPer: 0.0% (2) BcnPer: 0.0% (100) RxFrms 51 TxRate: 39000 RxRate: 58500
 1/13/2017 20:03:00.573 __WiFiLQAMgrLogStats: Rssi: -73 Cca: 31 TxPer: 0.0% (0) BcnPer: 0.0% (0) RxFrms 0 TxRate: 0 RxRate: 0
 1/13/2017 20:03:05.574 __WiFiLQAMgrLogStats: Rssi: -73 Cca: 31 TxPer: 0.0% (0) BcnPer: 0.0% (0) RxFrms 0 TxRate: 0 RxRate: 0
 1/13/2017 20:03:10.582 __WiFiLQAMgrLogStats: Rssi: -72 Cca: 52 TxPer: 0.0% (0) BcnPer: 1.0% (100) RxFrms 2 TxRate: 39000 RxRate: 58500
 1/13/2017 20:03:15.591 __WiFiLQAMgrLogStats: Rssi: -72 Cca: 32 TxPer: 0.0% (1) BcnPer: 0.0% (100) RxFrms 10 TxRate: 39000 RxRate: 58500
 1/13/2017 20:03:20.496 WiFiLocaleManagerCheckLocale: location service or wifi is off, set locale to default
 1/13/2017 20:03:20.496 new locale:  , locale: 
 1/13/2017 20:03:20.599 __WiFiLQAMgrLogStats: Rssi: -73 Cca: 32 TxPer: 0.0% (1) BcnPer: 0.0% (0) RxFrms 61 TxRate: 52000 RxRate: 58500
 1/13/2017 20:03:25.613 __WiFiLQAMgrLogStats: Rssi: -74 Cca: 46 TxPer: 0.0% (0) BcnPer: 0.0% (100) RxFrms 3 TxRate: 52000 RxRate: 58500
 1/13/2017 20:03:35.611 __WiFiLQAMgrLogStats: Rssi: -74 Cca: 52 TxPer: 0.0% (0) BcnPer: 0.0% (0) RxFrms 0 TxRate: 0 RxRate: 0
 1/13/2017 20:03:40.611 __WiFiLQAMgrLogStats: Rssi: -74 Cca: 46 TxPer: 0.0% (0) BcnPer: 0.0% (0) RxFrms 0 TxRate: 0 RxRate: 0
 1/13/2017 20:03:45.619 __WiFiLQAMgrLogStats: Rssi: -74 Cca: 46 TxPer: 0.0% (0) BcnPer: 0.0% (200) RxFrms 5 TxRate: 52000 RxRate: 58500
 1/13/2017 20:03:50.627 __WiFiLQAMgrLogStats: Rssi: -74 Cca: 46 TxPer: 0.0% (1) BcnPer: 0.0% (0) RxFrms 22 TxRate: 52000 RxRate: 58500
 1/13/2017 20:03:55.635 __WiFiLQAMgrLogStats: Rssi: -70 Cca: 37 TxPer: 0.0% (1) BcnPer: 0.0% (100) RxFrms 55 TxRate: 52000 RxRate: 1000
 1/13/2017 20:04:00.636 __WiFiLQAMgrLogStats: Rssi: -70 Cca: 30 TxPer: 0.0% (0) BcnPer: 0.0% (0) RxFrms 0 TxRate: 0 RxRate: 0
 1/13/2017 20:04:15.647 __WiFiLQAMgrLogStats: Rssi: -71 Cca: 50 TxPer: 0.0% (0) BcnPer: 0.0% (191) RxFrms 1 TxRate: 52000 RxRate: 1000
 1/13/2017 20:04:16.183 
Too frequent(0.536525 secs) rssi event from driver, ignoring

 1/13/2017 20:04:21.184 
Too frequent(0.517399 secs) rssi event from driver, ignoring

 1/13/2017 20:04:40.687 __WiFiLQAMgrLogStats: Rssi: -72 Cca: 46 TxPer: 0.0% (1) BcnPer: 0.0% (0) RxFrms 1 TxRate: 52000 RxRate: 58500
 1/13/2017 20:04:45.688 __WiFiLQAMgrLogStats: Rssi: -72 Cca: 46 TxPer: 0.0% (0) BcnPer: 0.0% (0) RxFrms 0 TxRate: 0 RxRate: 0
 1/13/2017 20:04:50.696 __WiFiLQAMgrLogStats: Rssi: -72 Cca: 54 TxPer: 0.0% (0) BcnPer: 0.0% (100) RxFrms 2 TxRate: 52000 RxRate: 58500
 1/13/2017 20:04:55.704 
Too frequent(0.098383 secs) rssi event from driver, ignoring

 1/13/2017 20:05:00.713 
Too frequent(0.088590 secs) rssi event from driver, ignoring

 1/13/2017 20:05:05.721 __WiFiLQAMgrLogStats: Rssi: -72 Cca: 58 TxPer: 0.0% (0) BcnPer: 1.0% (100) RxFrms 7 TxRate: 52000 RxRate: 58500
 1/13/2017 20:05:20.496 WiFiLocaleManagerCheckLocale: location service or wifi is off, set locale to default
 1/13/2017 20:05:20.496 new locale:  , locale: 
 1/13/2017 20:05:25.733 __WiFiLQAMgrLogStats: Rssi: -78 Cca: 27 TxPer: 0.0% (0) BcnPer: 0.0% (175) RxFrms 3 TxRate: 52000 RxRate: 58500
 1/13/2017 20:05:30.738 __WiFiLQAMgrLogStats: Rssi: -73 Cca: 2 TxPer: 0.0% (1) BcnPer: 0.0% (0) RxFrms 8 TxRate: 52000 RxRate: 39000
 1/13/2017 20:05:45.748 __WiFiLQAMgrLogStats: Rssi: -73 Cca: 52 TxPer: 0.0% (0) BcnPer: 0.0% (0) RxFrms 0 TxRate: 0 RxRate: 0
 1/13/2017 20:06:00.765 __WiFiLQAMgrLogStats: Rssi: -73 Cca: 52 TxPer: 0.0% (0) BcnPer: 0.0% (0) RxFrms 5 TxRate: 52000 RxRate: 58500
 1/13/2017 20:06:25.798 __WiFiLQAMgrLogStats: Rssi: -76 Cca: 35 TxPer: 10.0% (10) BcnPer: 0.0% (73) RxFrms 6 TxRate: 39000 RxRate: 39000
 1/13/2017 20:06:30.806 __WiFiLQAMgrLogStats: Rssi: -75 Cca: 35 TxPer: 0.0% (7) BcnPer: 0.0% (0) RxFrms 8 TxRate: 19500 RxRate: 39000
 1/13/2017 20:06:35.815 __WiFiLQAMgrLogStats: Rssi: -82 Cca: 2 TxPer: 0.0% (1) BcnPer: 0.0% (96) RxFrms 4 TxRate: 19500 RxRate: 52000
 1/13/2017 20:06:35.815 __WiFiLQAMgrIsLinkBad: LQAManager BadLinkRssi -82
 1/13/2017 20:06:40.823 __WiFiLQAMgrLogStats: Rssi: -79 Cca: 30 TxPer: 0.0% (2) BcnPer: 0.0% (0) RxFrms 59 TxRate: 19500 RxRate: 19500
 1/13/2017 20:06:49.205 __WiFiLQAMgrIsLinkGood: LQAManager: GoodLinkRssi -71
 1/13/2017 20:06:55.832 __WiFiLQAMgrLogStats: Rssi: -71 Cca: 30 TxPer: 0.0% (0) BcnPer: 0.0% (0) RxFrms 0 TxRate: 0 RxRate: 0
 1/13/2017 20:07:00.833 __WiFiLQAMgrLogStats: Rssi: -71 Cca: 52 TxPer: 0.0% (0) BcnPer: 0.0% (0) RxFrms 0 TxRate: 0 RxRate: 0
 1/13/2017 20:07:01.348 
Too frequent(0.514526 secs) rssi event from driver, ignoring

 1/13/2017 20:07:03.150 ATJManager: setting ask-to-join interaction mode to NonInteractive
 1/13/2017 20:07:03.150 ATJManager: no entries to purge
 1/13/2017 20:07:03.150 User interaction DISABLED
 1/13/2017 20:07:03.150 Ignoring lock state manager->wakeMode 1

 1/13/2017 20:07:03.151 Device display is OFF
 1/13/2017 20:07:06.466 
Too frequent(0.627903 secs) rssi event from driver, ignoring

 1/13/2017 20:07:08.831 Received kIOMessageSystemWillSleep
 1/13/2017 20:07:08.831 System Sleep notification, Disabling auto-join
 1/13/2017 20:07:08.831 __WiFiManagerSetEnableState: state FALSE, manager->enable.setting TRUE, manager->unlockedSinceBoot TRUE
 1/13/2017 20:07:08.831 Disabling automatic association
 1/13/2017 20:07:08.878 apsd[273] is a wow client
 1/13/2017 20:07:08.878 WoW is Enabled, 1 WoW Clients
 1/13/2017 20:07:08.995 __WiFiDeviceManagerAwdlAvailableCallback: AWDL availability changed to FALSE
 1/13/2017 20:07:08.996 __WiFiDeviceCopyLinkChangedSubReasonString: Apple80211ReturnToString failed 1
 1/13/2017 20:07:08.996 __WiFiDeviceProcessDriverAvailableEvent: driver availability false, reason PowerOff(0xe0821804), subreason (null)(0x0)
 1/13/2017 20:07:08.996 __WiFiManagerDispatchDeviceAvailable: driver availability false

 1/13/2017 20:07:08.997 Unable to dispatch message to client MessagesViewServ (268435460)
 1/13/2017 20:07:08.997 WiFiAWDManagerSubmitMetric: metric container could not be generated for metric id <0x9000e>
 1/13/2017 20:07:09.006 apsd[273] is a wow client
 1/13/2017 20:07:09.006 WoW is Enabled, 1 WoW Clients
 1/13/2017 20:07:46.529 Received kIOMessageSystemWillPowerOn
 1/13/2017 20:07:46.586 System wake reason: AOP.ExternalReq menu
 1/13/2017 20:07:46.586 System Powered ON notification Re-enabling auto-join
 1/13/2017 20:07:46.586 __WiFiManagerSetEnableState: state TRUE, manager->enable.setting TRUE, manager->unlockedSinceBoot TRUE
 1/13/2017 20:07:46.586 Enabling automatic association
 1/13/2017 20:07:46.586 __WiFiDeviceManagerAutoAssociate: Already connected to DIGI-146A.
 1/13/2017 20:07:46.586 WiFiLocaleManagerCheckLocale: location service or wifi is off, set locale to default
 1/13/2017 20:07:46.587 new locale:  , locale: 
 1/13/2017 20:07:46.588 Power stats update: Type 0x6 UnassociatedSleepDur 0 AssociatedSleepDur 32359 TotalDur 37459 RoamDur 4043
 1/13/2017 20:07:46.588 WiFiAWDManagerSubmitMetric: metric container could not be generated for metric id <0x90010>
 1/13/2017 20:07:46.590 Device display is ON
 1/13/2017 20:07:46.590 __WiFiManagerSetEnableState: state TRUE, manager->enable.setting TRUE, manager->unlockedSinceBoot TRUE
 1/13/2017 20:07:46.590 __WiFiDeviceManagerAutoAssociate: Already connected to DIGI-146A.
 1/13/2017 20:07:46.591 __WiFiLQAMgrLogStats: Rssi: -67 Cca: 2 TxPer: 0.0% (0) BcnPer: 0.0% (0) RxFrms 0 TxRate: 0 RxRate: 0
 1/13/2017 20:07:46.638 __WiFiDeviceManagerAwdlAvailableCallback: AWDL availability changed to TRUE
 1/13/2017 20:07:46.639 __WiFiDeviceCopyLinkChangedSubReasonString: Apple80211ReturnToString failed 1
 1/13/2017 20:07:46.639 __WiFiDeviceProcessDriverAvailableEvent: driver availability true, reason Initializing(0xe0821803), subreason (null)(0x0)
 1/13/2017 20:07:46.639 __WiFiManagerDispatchDeviceAvailable: driver availability true

 1/13/2017 20:07:46.639 Unable to dispatch message to client MessagesViewServ (268435460)
 1/13/2017 20:07:46.640 __WiFiDeviceManagerAutoAssociate: Already connected to DIGI-146A.
 1/13/2017 20:07:46.640 WiFiAWDManagerSubmitMetric: metric container could not be generated for metric id <0x9000e>
 1/13/2017 20:07:46.670 __WiFiDeviceManagerAutoAssociate: Already connected to DIGI-146A.
 1/13/2017 20:07:46.670 No Change in Background Scan Networks, Skip Re-Programming Background Scan

 1/13/2017 20:07:46.726 apsd[273] is a wow client
 1/13/2017 20:07:46.726 WoW is Enabled, 1 WoW Clients
 1/13/2017 20:07:46.750 __WiFiManagerCellularTransmitCallback_block_invoke: Cellular Transmit Started = FALSE
 1/13/2017 20:07:50.504 Device display is OFF
 1/13/2017 20:07:56.006 Received kIOMessageSystemWillSleep
 1/13/2017 20:07:56.006 System Sleep notification, Disabling auto-join
 1/13/2017 20:07:56.006 __WiFiManagerSetEnableState: state FALSE, manager->enable.setting TRUE, manager->unlockedSinceBoot TRUE
 1/13/2017 20:07:56.006 Disabling automatic association
 1/13/2017 20:07:56.039 apsd[273] is a wow client
 1/13/2017 20:07:56.039 WoW is Enabled, 1 WoW Clients
 1/13/2017 20:07:56.110 __WiFiDeviceCopyLinkChangedSubReasonString: Apple80211ReturnToString failed 1
 1/13/2017 20:07:56.110 __WiFiDeviceProcessDriverAvailableEvent: driver availability false, reason PowerOff(0xe0821804), subreason (null)(0x0)
 1/13/2017 20:07:56.110 __WiFiManagerDispatchDeviceAvailable: driver availability false

 1/13/2017 20:07:56.112 Unable to dispatch message to client MessagesViewServ (268435460)
 1/13/2017 20:07:56.112 WiFiAWDManagerSubmitMetric: metric container could not be generated for metric id <0x9000e>
 1/13/2017 20:07:56.117 __WiFiDeviceManagerAwdlAvailableCallback: AWDL availability changed to FALSE
 1/13/2017 20:07:56.125 apsd[273] is a wow client
 1/13/2017 20:07:56.125 WoW is Enabled, 1 WoW Clients
 1/13/2017 20:08:15.294 Received kIOMessageSystemWillPowerOn
 1/13/2017 20:08:15.295 System wake reason: AOP.ExternalReq rtc
 1/13/2017 20:08:15.295 System Powered ON notification Re-enabling auto-join
 1/13/2017 20:08:15.295 __WiFiManagerSetEnableState: state TRUE, manager->enable.setting TRUE, manager->unlockedSinceBoot TRUE
 1/13/2017 20:08:15.296 Enabling automatic association
 1/13/2017 20:08:15.296 __WiFiDeviceManagerAutoAssociate: Already connected to DIGI-146A.
 1/13/2017 20:08:15.297 WiFiLocaleManagerCheckLocale: location service or wifi is off, set locale to default
 1/13/2017 20:08:15.297 new locale:  , locale: 
 1/13/2017 20:08:15.316 __WiFiDeviceManagerAwdlAvailableCallback: AWDL availability changed to TRUE
 1/13/2017 20:08:15.316 Power stats update: Type 0x6 UnassociatedSleepDur 0 AssociatedSleepDur 18928 TotalDur 19105 RoamDur 0
 1/13/2017 20:08:15.316 WiFiAWDManagerSubmitMetric: metric container could not be generated for metric id <0x90010>
 1/13/2017 20:08:15.317 __WiFiLQAMgrLogStats: Rssi: -67 Cca: 30 TxPer: 0.0% (0) BcnPer: 0.0% (0) RxFrms 0 TxRate: 0 RxRate: 0
 1/13/2017 20:08:15.318 __WiFiDeviceCopyLinkChangedSubReasonString: Apple80211ReturnToString failed 1
 1/13/2017 20:08:15.318 __WiFiDeviceProcessDriverAvailableEvent: driver availability true, reason Initializing(0xe0821803), subreason (null)(0x0)
 1/13/2017 20:08:15.318 __WiFiManagerDispatchDeviceAvailable: driver availability true

 1/13/2017 20:08:15.320 Unable to dispatch message to client MessagesViewServ (268435460)
 1/13/2017 20:08:15.320 __WiFiDeviceManagerAutoAssociate: Already connected to DIGI-146A.
 1/13/2017 20:08:15.320 WiFiAWDManagerSubmitMetric: metric container could not be generated for metric id <0x9000e>
 1/13/2017 20:08:15.327 __WiFiDeviceManagerAutoAssociate: Already connected to DIGI-146A.
 1/13/2017 20:08:15.329 No Change in Background Scan Networks, Skip Re-Programming Background Scan

 1/13/2017 20:08:15.357 __WiFiManagerCellularTransmitCallback_block_invoke: Cellular Transmit Started = FALSE
 1/13/2017 20:08:15.388 apsd[273] is a wow client
 1/13/2017 20:08:15.388 WoW is Enabled, 1 WoW Clients
 1/13/2017 20:08:16.736 WiFiLocaleManagerCheckLocale: location service or wifi is off, set locale to default
 1/13/2017 20:08:16.736 new locale:  , locale: 
 1/13/2017 20:08:34.957 Received kIOMessageSystemWillSleep
 1/13/2017 20:08:34.957 System Sleep notification, Disabling auto-join
 1/13/2017 20:08:34.957 __WiFiManagerSetEnableState: state FALSE, manager->enable.setting TRUE, manager->unlockedSinceBoot TRUE
 1/13/2017 20:08:34.957 Disabling automatic association
 1/13/2017 20:08:35.005 apsd[273] is a wow client
 1/13/2017 20:08:35.005 WoW is Enabled, 1 WoW Clients
 1/13/2017 20:08:35.110 __WiFiDeviceCopyLinkChangedSubReasonString: Apple80211ReturnToString failed 1
 1/13/2017 20:08:35.110 __WiFiDeviceProcessDriverAvailableEvent: driver availability false, reason PowerOff(0xe0821804), subreason (null)(0x0)
 1/13/2017 20:08:35.110 __WiFiManagerDispatchDeviceAvailable: driver availability false

 1/13/2017 20:08:35.111 Unable to dispatch message to client MessagesViewServ (268435460)
 1/13/2017 20:08:35.111 WiFiAWDManagerSubmitMetric: metric container could not be generated for metric id <0x9000e>
 1/13/2017 20:08:35.114 __WiFiDeviceManagerAwdlAvailableCallback: AWDL availability changed to FALSE
 1/13/2017 20:08:35.122 apsd[273] is a wow client
 1/13/2017 20:08:35.122 WoW is Enabled, 1 WoW Clients
 1/13/2017 20:17:01.280 Received kIOMessageSystemWillPowerOn
 1/13/2017 20:17:01.333 System wake reason: AOP.ExternalReq rtc
 1/13/2017 20:17:01.333 System Powered ON notification Re-enabling auto-join
 1/13/2017 20:17:01.333 __WiFiManagerSetEnableState: state TRUE, manager->enable.setting TRUE, manager->unlockedSinceBoot TRUE
 1/13/2017 20:17:01.333 Enabling automatic association
 1/13/2017 20:17:01.334 __WiFiDeviceManagerAutoAssociate: Already connected to DIGI-146A.
 1/13/2017 20:17:01.334 WiFiLocaleManagerCheckLocale: location service or wifi is off, set locale to default
 1/13/2017 20:17:01.334 new locale:  , locale: 
 1/13/2017 20:17:01.336 Power stats update: Type 0x6 UnassociatedSleepDur 0 AssociatedSleepDur 489034 TotalDur 506201 RoamDur 11311
 1/13/2017 20:17:01.336 WiFiAWDManagerSubmitMetric: metric container could not be generated for metric id <0x90010>
 1/13/2017 20:17:01.342 __WiFiLQAMgrLogStats: Rssi: -78 Cca: 16 TxPer: 0.0% (0) BcnPer: 0.0% (0) RxFrms 0 TxRate: 0 RxRate: 0
 1/13/2017 20:17:01.343 __WiFiDeviceCopyLinkChangedSubReasonString: Apple80211ReturnToString failed 1
 1/13/2017 20:17:01.343 __WiFiDeviceProcessDriverAvailableEvent: driver availability true, reason Initializing(0xe0821803), subreason (null)(0x0)
 1/13/2017 20:17:01.343 __WiFiManagerDispatchDeviceAvailable: driver availability true

 1/13/2017 20:17:01.345 Unable to dispatch message to client MessagesViewServ (268435460)
 1/13/2017 20:17:01.345 __WiFiDeviceManagerAutoAssociate: Already connected to DIGI-146A.
 1/13/2017 20:17:01.345 WiFiAWDManagerSubmitMetric: metric container could not be generated for metric id <0x9000e>
 1/13/2017 20:17:01.346 __WiFiDeviceManagerAutoAssociate: Already connected to DIGI-146A.
 1/13/2017 20:17:01.347 No Change in Background Scan Networks, Skip Re-Programming Background Scan

 1/13/2017 20:17:01.407 __WiFiDeviceManagerAwdlAvailableCallback: AWDL availability changed to TRUE
 1/13/2017 20:17:01.503 __WiFiManagerCellularTransmitCallback_block_invoke: Cellular Transmit Started = FALSE
 1/13/2017 20:17:01.793 __WiFiManagerCellularTransmitCallback_block_invoke: Cellular Transmit Started = TRUE
 1/13/2017 20:17:01.921 apsd[273] is a wow client
 1/13/2017 20:17:01.921 WoW is Enabled, 1 WoW Clients
 1/13/2017 20:17:07.846 __WiFiManagerCellularTransmitCallback_block_invoke: Cellular Transmit Started = FALSE
 1/13/2017 20:17:07.856 __WiFiManagerCellularTransmitCallback_block_invoke: Cellular Transmit Started = FALSE
 1/13/2017 20:17:11.255 __WiFiLQAMgrLogStats: Rssi: -74 Cca: 56 TxPer: 0.0% (3) BcnPer: 0.0% (0) RxFrms 11 TxRate: 26000 RxRate: 52000
 1/13/2017 20:17:16.259 __WiFiLQAMgrLogStats: Rssi: -73 Cca: 11 TxPer: 0.0% (4) BcnPer: 1.0% (100) RxFrms 45 TxRate: 19500 RxRate: 52000
 1/13/2017 20:17:16.568 Received kIOMessageSystemWillSleep
 1/13/2017 20:17:16.568 System Sleep notification, Disabling auto-join
 1/13/2017 20:17:16.568 __WiFiManagerSetEnableState: state FALSE, manager->enable.setting TRUE, manager->unlockedSinceBoot TRUE
 1/13/2017 20:17:16.568 Disabling automatic association
 1/13/2017 20:17:16.623 apsd[273] is a wow client
 1/13/2017 20:17:16.623 WoW is Enabled, 1 WoW Clients
 1/13/2017 20:17:16.713 __WiFiDeviceCopyLinkChangedSubReasonString: Apple80211ReturnToString failed 1
 1/13/2017 20:17:16.713 __WiFiDeviceProcessDriverAvailableEvent: driver availability false, reason PowerOff(0xe0821804), subreason (null)(0x0)
 1/13/2017 20:17:16.713 __WiFiManagerDispatchDeviceAvailable: driver availability false

 1/13/2017 20:17:16.714 Unable to dispatch message to client MessagesViewServ (268435460)
 1/13/2017 20:17:16.714 WiFiAWDManagerSubmitMetric: metric container could not be generated for metric id <0x9000e>
 1/13/2017 20:17:16.721 __WiFiDeviceManagerAwdlAvailableCallback: AWDL availability changed to FALSE
 1/13/2017 20:17:16.728 apsd[273] is a wow client
 1/13/2017 20:17:16.728 WoW is Enabled, 1 WoW Clients
 1/13/2017 20:21:16.733 Received kIOMessageSystemWillPowerOn
 1/13/2017 20:21:16.733 System wake reason: AOP.ExternalReq wlan
 1/13/2017 20:21:16.733 System Powered ON notification Re-enabling auto-join
 1/13/2017 20:21:16.733 __WiFiManagerSetEnableState: state TRUE, manager->enable.setting TRUE, manager->unlockedSinceBoot TRUE
 1/13/2017 20:21:16.733 Enabling automatic association
 1/13/2017 20:21:16.733 __WiFiDeviceManagerAutoAssociate: Already connected to DIGI-146A.
 1/13/2017 20:21:16.733 WiFiLocaleManagerCheckLocale: location service or wifi is off, set locale to default
 1/13/2017 20:21:16.733 new locale:  , locale: 
 1/13/2017 20:21:16.736 Power stats update: Type 0x6 UnassociatedSleepDur 0 AssociatedSleepDur 233620 TotalDur 240017 RoamDur 4113
 1/13/2017 20:21:16.736 WiFiAWDManagerSubmitMetric: metric container could not be generated for metric id <0x90010>
 1/13/2017 20:21:16.738 __WiFiLQAMgrLogStats: Rssi: -77 Cca: 11 TxPer: 0.0% (4) BcnPer: 1.0% (100) RxFrms 45 TxRate: 19500 RxRate: 52000
 1/13/2017 20:21:16.744 __WiFiDeviceCopyLinkChangedSubReasonString: Apple80211ReturnToString failed 1
 1/13/2017 20:21:16.745 __WiFiDeviceProcessDriverAvailableEvent: driver availability true, reason Initializing(0xe0821803), subreason (null)(0x0)
 1/13/2017 20:21:16.745 __WiFiManagerDispatchDeviceAvailable: driver availability true

 1/13/2017 20:21:16.746 Unable to dispatch message to client MessagesViewServ (268435460)
 1/13/2017 20:21:16.747 __WiFiDeviceManagerAutoAssociate: Already connected to DIGI-146A.
 1/13/2017 20:21:16.748 WiFiAWDManagerSubmitMetric: metric container could not be generated for metric id <0x9000e>
 1/13/2017 20:21:16.774 __WiFiDeviceManagerAutoAssociate: Already connected to DIGI-146A.
 1/13/2017 20:21:16.776 No Change in Background Scan Networks, Skip Re-Programming Background Scan

 1/13/2017 20:21:16.837 __WiFiDeviceManagerAwdlAvailableCallback: AWDL availability changed to TRUE
 1/13/2017 20:21:16.909 __WiFiManagerCellularTransmitCallback_block_invoke: Cellular Transmit Started = FALSE
 1/13/2017 20:21:17.233 apsd[273] is a wow client
 1/13/2017 20:21:17.233 WoW is Enabled, 1 WoW Clients
 1/13/2017 20:21:26.717 __WiFiLQAMgrLogStats: Rssi: -75 Cca: 30 TxPer: 0.0% (0) BcnPer: 0.0% (0) RxFrms 2 TxRate: 26000 RxRate: 39000
 1/13/2017 20:21:26.828 Received kIOMessageSystemWillSleep
 1/13/2017 20:21:26.828 System Sleep notification, Disabling auto-join
 1/13/2017 20:21:26.828 __WiFiManagerSetEnableState: state FALSE, manager->enable.setting TRUE, manager->unlockedSinceBoot TRUE
 1/13/2017 20:21:26.829 Disabling automatic association
 1/13/2017 20:21:26.862 apsd[273] is a wow client
 1/13/2017 20:21:26.862 WoW is Enabled, 1 WoW Clients
 1/13/2017 20:21:26.969 __WiFiDeviceManagerAwdlAvailableCallback: AWDL availability changed to FALSE
 1/13/2017 20:21:26.969 __WiFiDeviceCopyLinkChangedSubReasonString: Apple80211ReturnToString failed 1
 1/13/2017 20:21:26.969 __WiFiDeviceProcessDriverAvailableEvent: driver availability false, reason PowerOff(0xe0821804), subreason (null)(0x0)
 1/13/2017 20:21:26.969 __WiFiManagerDispatchDeviceAvailable: driver availability false

 1/13/2017 20:21:26.970 Unable to dispatch message to client MessagesViewServ (268435460)
 1/13/2017 20:21:26.970 WiFiAWDManagerSubmitMetric: metric container could not be generated for metric id <0x9000e>
 1/13/2017 20:21:26.981 apsd[273] is a wow client
 1/13/2017 20:21:26.981 WoW is Enabled, 1 WoW Clients
 1/13/2017 20:36:54.283 Received kIOMessageSystemWillPowerOn
 1/13/2017 20:36:54.283 System wake reason: AOP.ExternalReq rtc
 1/13/2017 20:36:54.283 System Powered ON notification Re-enabling auto-join
 1/13/2017 20:36:54.283 __WiFiManagerSetEnableState: state TRUE, manager->enable.setting TRUE, manager->unlockedSinceBoot TRUE
 1/13/2017 20:36:54.283 Enabling automatic association
 1/13/2017 20:36:54.285 __WiFiDeviceManagerAutoAssociate: Already connected to DIGI-146A.
 1/13/2017 20:36:54.285 WiFiLocaleManagerCheckLocale: location service or wifi is off, set locale to default
 1/13/2017 20:36:54.287 new locale:  , locale: 
 1/13/2017 20:36:54.287 Power stats update: Type 0x6 UnassociatedSleepDur 0 AssociatedSleepDur 879151 TotalDur 927425 RoamDur 39233
 1/13/2017 20:36:54.288 WiFiAWDManagerSubmitMetric: metric container could not be generated for metric id <0x90010>
 1/13/2017 20:36:54.292 __WiFiLQAMgrLogStats: Rssi: -63 Cca: 30 TxPer: 0.0% (0) BcnPer: 0.0% (0) RxFrms 2 TxRate: 26000 RxRate: 39000
 1/13/2017 20:36:54.294 __WiFiDeviceCopyLinkChangedSubReasonString: Apple80211ReturnToString failed 1
 1/13/2017 20:36:54.294 __WiFiDeviceProcessDriverAvailableEvent: driver availability true, reason Initializing(0xe0821803), subreason (null)(0x0)
 1/13/2017 20:36:54.294 __WiFiManagerDispatchDeviceAvailable: driver availability true

 1/13/2017 20:36:54.295 Unable to dispatch message to client MessagesViewServ (268435460)
 1/13/2017 20:36:54.296 __WiFiDeviceManagerAutoAssociate: Already connected to DIGI-146A.
 1/13/2017 20:36:54.296 WiFiAWDManagerSubmitMetric: metric container could not be generated for metric id <0x9000e>
 1/13/2017 20:36:54.296 __WiFiDeviceManagerAutoAssociate: Already connected to DIGI-146A.
 1/13/2017 20:36:54.298 No Change in Background Scan Networks, Skip Re-Programming Background Scan

 1/13/2017 20:36:54.414 __WiFiDeviceManagerAwdlAvailableCallback: AWDL availability changed to TRUE
 1/13/2017 20:36:54.414 __WiFiManagerCellularTransmitCallback_block_invoke: Cellular Transmit Started = FALSE
 1/13/2017 20:36:54.776 apsd[273] is a wow client
 1/13/2017 20:36:54.776 WoW is Enabled, 1 WoW Clients
 1/13/2017 20:36:54.880 apsd[273] is a wow client
 1/13/2017 20:36:54.880 WoW is Enabled, 1 WoW Clients
 1/13/2017 20:37:01.692 Received kIOMessageSystemWillSleep
 1/13/2017 20:37:01.699 System Sleep notification, Disabling auto-join
 1/13/2017 20:37:01.699 __WiFiManagerSetEnableState: state FALSE, manager->enable.setting TRUE, manager->unlockedSinceBoot TRUE
 1/13/2017 20:37:01.699 Disabling automatic association
 1/13/2017 20:37:01.740 apsd[273] is a wow client
 1/13/2017 20:37:01.740 WoW is Enabled, 1 WoW Clients
 1/13/2017 20:37:01.837 __WiFiDeviceCopyLinkChangedSubReasonString: Apple80211ReturnToString failed 1
 1/13/2017 20:37:01.837 __WiFiDeviceProcessDriverAvailableEvent: driver availability false, reason PowerOff(0xe0821804), subreason (null)(0x0)
 1/13/2017 20:37:01.837 __WiFiManagerDispatchDeviceAvailable: driver availability false

 1/13/2017 20:37:01.838 Unable to dispatch message to client MessagesViewServ (268435460)
 1/13/2017 20:37:01.838 WiFiAWDManagerSubmitMetric: metric container could not be generated for metric id <0x9000e>
 1/13/2017 20:37:01.840 __WiFiDeviceManagerAwdlAvailableCallback: AWDL availability changed to FALSE
 1/13/2017 20:37:01.844 apsd[273] is a wow client
 1/13/2017 20:37:01.844 WoW is Enabled, 1 WoW Clients
 1/13/2017 20:41:56.466 Received kIOMessageSystemWillPowerOn
 1/13/2017 20:41:56.473 System wake reason: AOP.ExternalReq menu
 1/13/2017 20:41:56.473 System Powered ON notification Re-enabling auto-join
 1/13/2017 20:41:56.473 __WiFiManagerSetEnableState: state TRUE, manager->enable.setting TRUE, manager->unlockedSinceBoot TRUE
 1/13/2017 20:41:56.473 Enabling automatic association
 1/13/2017 20:41:56.475 __WiFiDeviceManagerAutoAssociate: Already connected to DIGI-146A.
 1/13/2017 20:41:56.475 WiFiLocaleManagerCheckLocale: location service or wifi is off, set locale to default
 1/13/2017 20:41:56.475 new locale:  , locale: 
 1/13/2017 20:41:56.482 Device display is ON
 1/13/2017 20:41:56.482 __WiFiManagerSetEnableState: state TRUE, manager->enable.setting TRUE, manager->unlockedSinceBoot TRUE
 1/13/2017 20:41:56.482 __WiFiDeviceManagerAutoAssociate: Already connected to DIGI-146A.
 1/13/2017 20:41:56.482 Power stats update: Type 0x6 UnassociatedSleepDur 0 AssociatedSleepDur 283103 TotalDur 294620 RoamDur 8116
 1/13/2017 20:41:56.482 WiFiAWDManagerSubmitMetric: metric container could not be generated for metric id <0x90010>
 1/13/2017 20:41:56.483 __WiFiLQAMgrLogStats: Rssi: -74 Cca: 3 TxPer: 0.0% (0) BcnPer: 0.0% (0) RxFrms 0 TxRate: 0 RxRate: 0
 1/13/2017 20:41:56.501 __WiFiDeviceCopyLinkChangedSubReasonString: Apple80211ReturnToString failed 1
 1/13/2017 20:41:56.501 __WiFiDeviceProcessDriverAvailableEvent: driver availability true, reason Initializing(0xe0821803), subreason (null)(0x0)
 1/13/2017 20:41:56.501 __WiFiManagerDispatchDeviceAvailable: driver availability true

 1/13/2017 20:41:56.502 Unable to dispatch message to client MessagesViewServ (268435460)
 1/13/2017 20:41:56.511 __WiFiDeviceManagerAutoAssociate: Already connected to DIGI-146A.
 1/13/2017 20:41:56.511 WiFiAWDManagerSubmitMetric: metric container could not be generated for metric id <0x9000e>
 1/13/2017 20:41:56.577 __WiFiDeviceManagerAwdlAvailableCallback: AWDL availability changed to TRUE
 1/13/2017 20:41:56.603 __WiFiDeviceManagerAutoAssociate: Already connected to DIGI-146A.
 1/13/2017 20:41:56.605 No Change in Background Scan Networks, Skip Re-Programming Background Scan

 1/13/2017 20:41:56.627 __WiFiManagerCellularTransmitCallback_block_invoke: Cellular Transmit Started = FALSE
 1/13/2017 20:41:56.673 apsd[273] is a wow client
 1/13/2017 20:41:56.673 WoW is Enabled, 1 WoW Clients
 1/13/2017 20:41:56.983 
Too frequent(0.500065 secs) rssi event from driver, ignoring

 1/13/2017 20:41:59.168 Device display is OFF
 1/13/2017 20:42:02.101 
Too frequent(0.672272 secs) rssi event from driver, ignoring

 1/13/2017 20:42:07.219 
Too frequent(0.766400 secs) rssi event from driver, ignoring

 1/13/2017 20:42:11.590 Received kIOMessageSystemWillSleep
 1/13/2017 20:42:11.590 System Sleep notification, Disabling auto-join
 1/13/2017 20:42:11.590 __WiFiManagerSetEnableState: state FALSE, manager->enable.setting TRUE, manager->unlockedSinceBoot TRUE
 1/13/2017 20:42:11.590 Disabling automatic association
 1/13/2017 20:42:11.626 apsd[273] is a wow client
 1/13/2017 20:42:11.626 WoW is Enabled, 1 WoW Clients
 1/13/2017 20:42:11.737 __WiFiDeviceCopyLinkChangedSubReasonString: Apple80211ReturnToString failed 1
 1/13/2017 20:42:11.737 __WiFiDeviceProcessDriverAvailableEvent: driver availability false, reason PowerOff(0xe0821804), subreason (null)(0x0)
 1/13/2017 20:42:11.737 __WiFiManagerDispatchDeviceAvailable: driver availability false

 1/13/2017 20:42:11.739 Unable to dispatch message to client MessagesViewServ (268435460)
 1/13/2017 20:42:11.740 WiFiAWDManagerSubmitMetric: metric container could not be generated for metric id <0x9000e>
 1/13/2017 20:42:11.741 __WiFiDeviceManagerAwdlAvailableCallback: AWDL availability changed to FALSE
 1/13/2017 20:42:11.749 apsd[273] is a wow client
 1/13/2017 20:42:11.749 WoW is Enabled, 1 WoW Clients
 1/13/2017 20:43:42.697 Received kIOMessageSystemWillPowerOn
 1/13/2017 20:43:42.697 System wake reason: AOP.ExternalReq baseband
 1/13/2017 20:43:42.697 System Powered ON notification Re-enabling auto-join
 1/13/2017 20:43:42.697 __WiFiManagerSetEnableState: state TRUE, manager->enable.setting TRUE, manager->unlockedSinceBoot TRUE
 1/13/2017 20:43:42.697 Enabling automatic association
 1/13/2017 20:43:42.701 __WiFiDeviceManagerAutoAssociate: Already connected to DIGI-146A.
 1/13/2017 20:43:42.702 WiFiLocaleManagerCheckLocale: location service or wifi is off, set locale to default
 1/13/2017 20:43:42.702 new locale:  , locale: 
 1/13/2017 20:43:42.702 Power stats update: Type 0x6 UnassociatedSleepDur 0 AssociatedSleepDur 85227 TotalDur 90925 RoamDur 4029
 1/13/2017 20:43:42.702 WiFiAWDManagerSubmitMetric: metric container could not be generated for metric id <0x90010>
 1/13/2017 20:43:42.703 __WiFiLQAMgrLogStats: Rssi: -70 Cca: 36 TxPer: 0.0% (2) BcnPer: 0.0% (0) RxFrms 0 TxRate: 19500 RxRate: 65000
 1/13/2017 20:43:42.707 __WiFiDeviceCopyLinkChangedSubReasonString: Apple80211ReturnToString failed 1
 1/13/2017 20:43:42.707 __WiFiDeviceProcessDriverAvailableEvent: driver availability true, reason Initializing(0xe0821803), subreason (null)(0x0)
 1/13/2017 20:43:42.707 __WiFiManagerDispatchDeviceAvailable: driver availability true

 1/13/2017 20:43:42.708 Unable to dispatch message to client MessagesViewServ (268435460)
 1/13/2017 20:43:42.708 __WiFiDeviceManagerAutoAssociate: Already connected to DIGI-146A.
 1/13/2017 20:43:42.709 WiFiAWDManagerSubmitMetric: metric container could not be generated for metric id <0x9000e>
 1/13/2017 20:43:42.709 __WiFiDeviceManagerAutoAssociate: Already connected to DIGI-146A.
 1/13/2017 20:43:42.710 No Change in Background Scan Networks, Skip Re-Programming Background Scan

 1/13/2017 20:43:42.794 __WiFiDeviceManagerAwdlAvailableCallback: AWDL availability changed to TRUE
 1/13/2017 20:43:42.811 __WiFiManagerCellularTransmitCallback_block_invoke: Cellular Transmit Started = TRUE
 1/13/2017 20:43:43.015 Disable WoW requested by "apsd"
 1/13/2017 20:43:43.024 WoW Capable = YES, Attempting to disable WoW and enable LPAS 
 1/13/2017 20:43:43.069 Setting WoW params to <CFBasicHash 0x14cea9ac0 [0x1a0950150]>{type = immutable dict, count = 3,
entries =>
	0 : <CFString 0x100175960 [0x1a0950150]>{contents = "IO80211InterfaceEnableLowPwrAssocMode"} = <CFBoolean 0x1a09506c8 [0x1a0950150]>{value = true}
	1 : <CFString 0x100175940 [0x1a0950150]>{contents = "IO80211InterfaceEnableWoW"} = <CFBoolean 0x1a09506d8 [0x1a0950150]>{value = false}
	2 : <CFString 0x100185ae0 [0x1a0950150]>{contents = "IO80211InterfaceEnableWoWOnCaptive"} = <CFBoolean 0x1a09506d8 [0x1a0950150]>{value = false}
}

 1/13/2017 20:43:43.073 WiFiDeviceRequestAssociatedSleep: ActiveDuringSleepRequested is already set (<CFBasicHash 0x14cf19fd0 [0x1a0950150]>{type = immutable dict, count = 0,
entries =>
}
).
 1/13/2017 20:43:43.073 WoW Disabled, 0 WoW Clients, lpas is Enabled, WoW Override is Disabled, Captive Disabled
 1/13/2017 20:43:43.077 Unable to dispatch WowStateChanged message to client dataaccessd (268435460)
 1/13/2017 20:43:43.083 Unable to dispatch WowStateChanged message to client itunesstored (268435460)
 1/13/2017 20:43:43.083 Unable to dispatch WowStateChanged message to client mediaserverd (268435460)
 1/13/2017 20:43:43.085 Unable to dispatch WowStateChanged message to client MobileMail (268435460)
 1/13/2017 20:43:43.085 Unable to dispatch WowStateChanged message to client profiled (268435460)
 1/13/2017 20:43:43.089 Unable to dispatch WowStateChanged message to client MessagesViewServ (268435460)
 1/13/2017 20:43:43.091 Unable to dispatch WowStateChanged message to client assistantd (268435460)
 1/13/2017 20:43:43.102 WoW is Disabled, 0 WoW Clients
 1/13/2017 20:43:43.104 WoW is Disabled, 0 WoW Clients
 1/13/2017 20:43:43.119 WoW is Disabled, 0 WoW Clients
 1/13/2017 20:43:43.170 WoW is Disabled, 0 WoW Clients
 1/13/2017 20:43:44.368 Device display is ON
 1/13/2017 20:43:44.368 __WiFiManagerSetEnableState: state TRUE, manager->enable.setting TRUE, manager->unlockedSinceBoot TRUE
 1/13/2017 20:43:44.369 __WiFiDeviceManagerAutoAssociate: Already connected to DIGI-146A.
 1/13/2017 20:43:47.663 ATJManager: setting ask-to-join interaction mode to Interactive
 1/13/2017 20:43:47.663 ATJManager: no entries to purge
 1/13/2017 20:43:47.663 User interaction ENABLED
 1/13/2017 20:43:47.664 Ignoring lock state manager->wakeMode 1

 1/13/2017 20:43:47.664 problematic networks =  and potentially problematic networks = 
 1/13/2017 20:43:47.664 Unblacklisting
 1/13/2017 20:43:47.664 No Change in Background Scan Networks, Skip Re-Programming Background Scan

 1/13/2017 20:43:47.664 __WiFiDeviceManagerAutoAssociate: Already connected to DIGI-146A.
 1/13/2017 20:43:47.909 Client apsd set type to normal application
 1/13/2017 20:43:47.909 __WiFiManagerSetEnableState: state TRUE, manager->enable.setting TRUE, manager->unlockedSinceBoot TRUE
 1/13/2017 20:43:47.909 BG Application: Not Present, BG Daemon: Present. Daemons: mediaserverd 
 1/13/2017 20:43:53.154 Client apsd set type to background application
 1/13/2017 20:43:53.154 __WiFiManagerSetEnableState: state TRUE, manager->enable.setting TRUE, manager->unlockedSinceBoot TRUE
 1/13/2017 20:43:53.155 BG Application: Not Present, BG Daemon: Present. Daemons: mediaserverd apsd 
 1/13/2017 20:43:53.155 __WiFiDeviceManagerAutoAssociate: Already connected to DIGI-146A.
 1/13/2017 20:43:53.155 Enable WoW requested by "apsd"
 1/13/2017 20:43:53.156 WoW Capable = YES, Attempting to enable WoW and disable LPAS 
 1/13/2017 20:43:53.156 Setting WoW params to <CFBasicHash 0x14cf19fd0 [0x1a0950150]>{type = immutable dict, count = 3,
entries =>
	0 : <CFString 0x100175960 [0x1a0950150]>{contents = "IO80211InterfaceEnableLowPwrAssocMode"} = <CFBoolean 0x1a09506d8 [0x1a0950150]>{value = false}
	1 : <CFString 0x100175940 [0x1a0950150]>{contents = "IO80211InterfaceEnableWoW"} = <CFBoolean 0x1a09506c8 [0x1a0950150]>{value = true}
	2 : <CFString 0x100185ae0 [0x1a0950150]>{contents = "IO80211InterfaceEnableWoWOnCaptive"} = <CFBoolean 0x1a09506d8 [0x1a0950150]>{value = false}
}

 1/13/2017 20:43:53.158 WiFiDeviceRequestAssociatedSleep: ActiveDuringSleepRequested is already set (<CFBasicHash 0x14cd99b90 [0x1a0950150]>{type = immutable dict, count = 0,
entries =>
}
).
 1/13/2017 20:43:53.158 WoW Enabled by 1 Clients, lpas is Disabled, WoW Override is Disabled, Captive Disabled
 1/13/2017 20:43:53.158 Unable to dispatch WowStateChanged message to client dataaccessd (268435460)
 1/13/2017 20:43:53.159 Unable to dispatch WowStateChanged message to client itunesstored (268435460)
 1/13/2017 20:43:53.159 Unable to dispatch WowStateChanged message to client mediaserverd (268435460)
 1/13/2017 20:43:53.160 Unable to dispatch WowStateChanged message to client MobileMail (268435460)
 1/13/2017 20:43:53.160 Unable to dispatch WowStateChanged message to client profiled (268435460)
 1/13/2017 20:43:53.160 Unable to dispatch WowStateChanged message to client MessagesViewServ (268435460)
 1/13/2017 20:43:53.161 Unable to dispatch WowStateChanged message to client assistantd (268435460)
 1/13/2017 20:43:53.161 apsd[273] is a wow client
 1/13/2017 20:43:53.161 WoW is Enabled, 1 WoW Clients
 1/13/2017 20:43:53.161 apsd[273] is a wow client
 1/13/2017 20:43:53.161 WoW is Enabled, 1 WoW Clients
 1/13/2017 20:43:53.161 apsd[273] is a wow client
 1/13/2017 20:43:53.161 WoW is Enabled, 1 WoW Clients
 1/13/2017 20:43:53.463 __WiFiManagerCellularTransmitCallback_block_invoke: Cellular Transmit Started = FALSE
 1/13/2017 20:44:12.621 __WiFiLQAMgrLogStats: Rssi: -63 Cca: 41 TxPer: 0.0% (0) BcnPer: 0.0% (0) RxFrms 1 TxRate: 52000 RxRate: 52000
 1/13/2017 20:44:17.630 __WiFiLQAMgrLogStats: Rssi: -64 Cca: 52 TxPer: 0.0% (0) BcnPer: 0.0% (0) RxFrms 3 TxRate: 52000 RxRate: 52000
 1/13/2017 20:44:21.814 Client itunesstored set type to background application
 1/13/2017 20:44:21.814 __WiFiManagerSetEnableState: state TRUE, manager->enable.setting TRUE, manager->unlockedSinceBoot TRUE
 1/13/2017 20:44:21.814 BG Application: Not Present, BG Daemon: Present. Daemons: mediaserverd itunesstored apsd 
 1/13/2017 20:44:21.814 __WiFiDeviceManagerAutoAssociate: Already connected to DIGI-146A.
 1/13/2017 20:44:22.633 __WiFiLQAMgrLogStats: Rssi: -61 Cca: 4 TxPer: 2.8% (71) BcnPer: 0.0% (100) RxFrms 70 TxRate: 52000 RxRate: 58500
 1/13/2017 20:44:27.262 Client itunesstored set type to normal application
 1/13/2017 20:44:27.262 __WiFiManagerSetEnableState: state TRUE, manager->enable.setting TRUE, manager->unlockedSinceBoot TRUE
 1/13/2017 20:44:27.262 BG Application: Not Present, BG Daemon: Present. Daemons: mediaserverd apsd 
 1/13/2017 20:44:27.644 __WiFiLQAMgrLogStats: Rssi: -60 Cca: 4 TxPer: 0.0% (35) BcnPer: 0.0% (0) RxFrms 34 TxRate: 58500 RxRate: 58500
 1/13/2017 20:44:32.660 __WiFiLQAMgrLogStats: Rssi: -63 Cca: 4 TxPer: 0.0% (10) BcnPer: 3.0% (100) RxFrms 16 TxRate: 58500 RxRate: 52000
 1/13/2017 20:44:34.569 WiFiLocaleManagerCheckLocale: location service or wifi is off, set locale to default
 1/13/2017 20:44:34.569 new locale:  , locale: 
 1/13/2017 20:44:37.662 __WiFiLQAMgrLogStats: Rssi: -64 Cca: 28 TxPer: 0.0% (2) BcnPer: 0.0% (0) RxFrms 41 TxRate: 58500 RxRate: 58500
 1/13/2017 20:44:42.670 __WiFiLQAMgrLogStats: Rssi: -65 Cca: 9 TxPer: 5.3% (19) BcnPer: 1.0% (100) RxFrms 41 TxRate: 65000 RxRate: 58500
 1/13/2017 20:44:47.675 Background Network Application entered
 1/13/2017 20:44:47.676 BG Application: Present, BG Daemon: Present. Daemons: mediaserverd apsd 
 1/13/2017 20:44:47.677 __WiFiManagerSetEnableState: state TRUE, manager->enable.setting TRUE, manager->unlockedSinceBoot TRUE
 1/13/2017 20:44:47.677 __WiFiDeviceManagerAutoAssociate: Already connected to DIGI-146A.
 1/13/2017 20:44:47.678 Background Network Application entered
 1/13/2017 20:44:47.678 BG Application: Not Present, BG Daemon: Present. Daemons: mediaserverd apsd 
 1/13/2017 20:44:47.678 __WiFiManagerSetEnableState: state TRUE, manager->enable.setting TRUE, manager->unlockedSinceBoot TRUE
 1/13/2017 20:44:47.678 __WiFiDeviceManagerAutoAssociate: Already connected to DIGI-146A.
 1/13/2017 20:45:02.698 __WiFiLQAMgrLogStats: Rssi: -72 Cca: 31 TxPer: 5.9% (17) BcnPer: 0.0% (99) RxFrms 21 TxRate: 39000 RxRate: 39000
 1/13/2017 20:45:07.707 __WiFiLQAMgrLogStats: Rssi: -70 Cca: 31 TxPer: 0.0% (1) BcnPer: 0.0% (0) RxFrms 10 TxRate: 39000 RxRate: 52000
 1/13/2017 20:45:07.859 
Too frequent(0.152432 secs) rssi event from driver, ignoring

 1/13/2017 20:45:12.878 
Too frequent(0.162913 secs) rssi event from driver, ignoring

 1/13/2017 20:45:22.725 __WiFiLQAMgrLogStats: Rssi: -70 Cca: 47 TxPer: 0.0% (0) BcnPer: 0.0% (0) RxFrms 0 TxRate: 0 RxRate: 0
 1/13/2017 20:45:32.733 __WiFiLQAMgrLogStats: Rssi: -69 Cca: 56 TxPer: 0.0% (8) BcnPer: 0.5% (200) RxFrms 9 TxRate: 39000 RxRate: 58500
 1/13/2017 20:45:42.750 __WiFiLQAMgrLogStats: Rssi: -70 Cca: 40 TxPer: 0.0% (1) BcnPer: 2.0% (100) RxFrms 16 TxRate: 39000 RxRate: 58500
 1/13/2017 20:45:47.754 
Too frequent(0.756560 secs) rssi event from driver, ignoring

 1/13/2017 20:45:52.762 __WiFiLQAMgrLogStats: Rssi: -63 Cca: 11 TxPer: 0.0% (10) BcnPer: 0.0% (100) RxFrms 12 TxRate: 39000 RxRate: 58500
 1/13/2017 20:45:57.762 __WiFiLQAMgrLogStats: Rssi: -63 Cca: 36 TxPer: 0.0% (0) BcnPer: 0.0% (0) RxFrms 0 TxRate: 0 RxRate: 0
 1/13/2017 20:46:02.771 __WiFiLQAMgrLogStats: Rssi: -64 Cca: 53 TxPer: 0.0% (0) BcnPer: 2.0% (100) RxFrms 6 TxRate: 39000 RxRate: 1000
 1/13/2017 20:46:07.779 __WiFiLQAMgrLogStats: Rssi: -69 Cca: 6 TxPer: 10.0% (10) BcnPer: 0.0% (0) RxFrms 11 TxRate: 52000 RxRate: 58500
 1/13/2017 20:46:12.385 ATJManager: setting ask-to-join interaction mode to NonInteractive
 1/13/2017 20:46:12.386 ATJManager: no entries to purge
 1/13/2017 20:46:12.388 User interaction DISABLED
 1/13/2017 20:46:12.388 Ignoring lock state manager->wakeMode 1

 1/13/2017 20:46:12.444 Device display is OFF
 1/13/2017 20:46:18.396 Received kIOMessageSystemWillSleep
 1/13/2017 20:46:18.396 System Sleep notification, Disabling auto-join
 1/13/2017 20:46:18.396 __WiFiManagerSetEnableState: state FALSE, manager->enable.setting TRUE, manager->unlockedSinceBoot TRUE
 1/13/2017 20:46:18.396 Disabling automatic association
 1/13/2017 20:46:18.443 apsd[273] is a wow client
 1/13/2017 20:46:18.443 WoW is Enabled, 1 WoW Clients
 1/13/2017 20:46:18.564 __WiFiDeviceCopyLinkChangedSubReasonString: Apple80211ReturnToString failed 1
 1/13/2017 20:46:18.564 __WiFiDeviceProcessDriverAvailableEvent: driver availability false, reason PowerOff(0xe0821804), subreason (null)(0x0)
 1/13/2017 20:46:18.564 __WiFiManagerDispatchDeviceAvailable: driver availability false

 1/13/2017 20:46:18.565 Unable to dispatch message to client MessagesViewServ (268435460)
 1/13/2017 20:46:18.565 WiFiAWDManagerSubmitMetric: metric container could not be generated for metric id <0x9000e>
 1/13/2017 20:46:18.567 __WiFiDeviceManagerAwdlAvailableCallback: AWDL availability changed to FALSE
 1/13/2017 20:46:18.569 apsd[273] is a wow client
 1/13/2017 20:46:18.569 WoW is Enabled, 1 WoW Clients
 1/13/2017 20:46:56.690 Received kIOMessageSystemWillPowerOn
 1/13/2017 20:46:56.690 System wake reason: AOP.ExternalReq wlan
 1/13/2017 20:46:56.690 System Powered ON notification Re-enabling auto-join
 1/13/2017 20:46:56.690 __WiFiManagerSetEnableState: state TRUE, manager->enable.setting TRUE, manager->unlockedSinceBoot TRUE
 1/13/2017 20:46:56.690 Enabling automatic association
 1/13/2017 20:46:56.691 __WiFiDeviceManagerAutoAssociate: Already connected to DIGI-146A.
 1/13/2017 20:46:56.691 WiFiLocaleManagerCheckLocale: location service or wifi is off, set locale to default
 1/13/2017 20:46:56.691 new locale:  , locale: 
 1/13/2017 20:46:56.691 Power stats update: Type 0x6 UnassociatedSleepDur 0 AssociatedSleepDur 37638 TotalDur 38073 RoamDur 0
 1/13/2017 20:46:56.692 WiFiAWDManagerSubmitMetric: metric container could not be generated for metric id <0x90010>
 1/13/2017 20:46:56.692 __WiFiLQAMgrLogStats: Rssi: -60 Cca: 16 TxPer: 0.0% (16) BcnPer: 0.0% (0) RxFrms 44 TxRate: 52000 RxRate: 58500
 1/13/2017 20:46:56.724 __WiFiDeviceCopyLinkChangedSubReasonString: Apple80211ReturnToString failed 1
 1/13/2017 20:46:56.724 __WiFiDeviceProcessDriverAvailableEvent: driver availability true, reason Initializing(0xe0821803), subreason (null)(0x0)
 1/13/2017 20:46:56.724 __WiFiManagerDispatchDeviceAvailable: driver availability true

 1/13/2017 20:46:56.833 Unable to dispatch message to client MessagesViewServ (268435460)
 1/13/2017 20:46:56.839 __WiFiDeviceManagerAutoAssociate: Already connected to DIGI-146A.
 1/13/2017 20:46:56.839 WiFiAWDManagerSubmitMetric: metric container could not be generated for metric id <0x9000e>
 1/13/2017 20:46:56.840 __WiFiDeviceManagerAutoAssociate: Already connected to DIGI-146A.
 1/13/2017 20:46:56.843 No Change in Background Scan Networks, Skip Re-Programming Background Scan

 1/13/2017 20:46:56.852 __WiFiManagerCellularTransmitCallback_block_invoke: Cellular Transmit Started = FALSE
 1/13/2017 20:46:56.871 __WiFiDeviceManagerAwdlAvailableCallback: AWDL availability changed to TRUE
 1/13/2017 20:46:57.144 apsd[273] is a wow client
 1/13/2017 20:46:57.144 WoW is Enabled, 1 WoW Clients
 1/13/2017 20:47:00.182 Device display is ON
 1/13/2017 20:47:00.182 __WiFiManagerSetEnableState: state TRUE, manager->enable.setting TRUE, manager->unlockedSinceBoot TRUE
 1/13/2017 20:47:00.183 __WiFiDeviceManagerAutoAssociate: Already connected to DIGI-146A.
 1/13/2017 20:47:06.669 __WiFiLQAMgrLogStats: Rssi: -61 Cca: 33 TxPer: 0.0% (3) BcnPer: 0.0% (0) RxFrms 7 TxRate: 58500 RxRate: 58500
 1/13/2017 20:47:11.678 __WiFiLQAMgrLogStats: Rssi: -60 Cca: 19 TxPer: 0.0% (2) BcnPer: 0.0% (100) RxFrms 0 TxRate: 58500 RxRate: 58500
 1/13/2017 20:47:12.499 WiFiLocaleManagerCheckLocale: location service or wifi is off, set locale to default
 1/13/2017 20:47:12.499 new locale:  , locale: 
 1/13/2017 20:47:13.146 Device display is OFF
 1/13/2017 20:47:16.691 __WiFiLQAMgrLogStats: Rssi: -59 Cca: 38 TxPer: 0.0% (16) BcnPer: 0.0% (0) RxFrms 14 TxRate: 65000 RxRate: 58500
 1/13/2017 20:47:18.661 Received kIOMessageSystemWillSleep
 1/13/2017 20:47:18.661 System Sleep notification, Disabling auto-join
 1/13/2017 20:47:18.661 __WiFiManagerSetEnableState: state FALSE, manager->enable.setting TRUE, manager->unlockedSinceBoot TRUE
 1/13/2017 20:47:18.661 Disabling automatic association
 1/13/2017 20:47:18.690 apsd[273] is a wow client
 1/13/2017 20:47:18.690 WoW is Enabled, 1 WoW Clients
 1/13/2017 20:47:18.784 __WiFiDeviceManagerAwdlAvailableCallback: AWDL availability changed to FALSE
 1/13/2017 20:47:18.790 __WiFiDeviceCopyLinkChangedSubReasonString: Apple80211ReturnToString failed 1
 1/13/2017 20:47:18.790 __WiFiDeviceProcessDriverAvailableEvent: driver availability false, reason PowerOff(0xe0821804), subreason (null)(0x0)
 1/13/2017 20:47:18.790 __WiFiManagerDispatchDeviceAvailable: driver availability false

 1/13/2017 20:47:18.792 Unable to dispatch message to client MessagesViewServ (268435460)
 1/13/2017 20:47:18.792 WiFiAWDManagerSubmitMetric: metric container could not be generated for metric id <0x9000e>
 1/13/2017 20:47:18.807 apsd[273] is a wow client
 1/13/2017 20:47:18.807 WoW is Enabled, 1 WoW Clients
 1/13/2017 20:48:47.164 Received kIOMessageSystemWillPowerOn
 1/13/2017 20:48:47.164 System wake reason: AOP.ExternalReq rtc
 1/13/2017 20:48:47.164 System Powered ON notification Re-enabling auto-join
 1/13/2017 20:48:47.164 __WiFiManagerSetEnableState: state TRUE, manager->enable.setting TRUE, manager->unlockedSinceBoot TRUE
 1/13/2017 20:48:47.164 Enabling automatic association
 1/13/2017 20:48:47.164 __WiFiDeviceManagerAutoAssociate: Already connected to DIGI-146A.
 1/13/2017 20:48:47.164 WiFiLocaleManagerCheckLocale: location service or wifi is off, set locale to default
 1/13/2017 20:48:47.164 new locale:  , locale: 
 1/13/2017 20:48:47.165 Power stats update: Type 0x6 UnassociatedSleepDur 0 AssociatedSleepDur 86993 TotalDur 88357 RoamDur 0
 1/13/2017 20:48:47.165 WiFiAWDManagerSubmitMetric: metric container could not be generated for metric id <0x90010>
 1/13/2017 20:48:47.165 __WiFiLQAMgrLogStats: Rssi: -58 Cca: 38 TxPer: 0.0% (0) BcnPer: 0.0% (0) RxFrms 0 TxRate: 0 RxRate: 0
 1/13/2017 20:48:47.168 __WiFiDeviceCopyLinkChangedSubReasonString: Apple80211ReturnToString failed 1
 1/13/2017 20:48:47.168 __WiFiDeviceProcessDriverAvailableEvent: driver availability true, reason Initializing(0xe0821803), subreason (null)(0x0)
 1/13/2017 20:48:47.168 __WiFiManagerDispatchDeviceAvailable: driver availability true

 1/13/2017 20:48:47.169 Unable to dispatch message to client MessagesViewServ (268435460)
 1/13/2017 20:48:47.170 __WiFiDeviceManagerAutoAssociate: Already connected to DIGI-146A.
 1/13/2017 20:48:47.170 WiFiAWDManagerSubmitMetric: metric container could not be generated for metric id <0x9000e>
 1/13/2017 20:48:47.171 __WiFiDeviceManagerAutoAssociate: Already connected to DIGI-146A.
 1/13/2017 20:48:47.177 No Change in Background Scan Networks, Skip Re-Programming Background Scan

 1/13/2017 20:48:47.252 __WiFiDeviceManagerAwdlAvailableCallback: AWDL availability changed to TRUE
 1/13/2017 20:48:47.277 __WiFiManagerCellularTransmitCallback_block_invoke: Cellular Transmit Started = FALSE
 1/13/2017 20:48:47.305 apsd[273] is a wow client
 1/13/2017 20:48:47.305 WoW is Enabled, 1 WoW Clients
 1/13/2017 20:48:57.152 __WiFiLQAMgrLogStats: Rssi: -63 Cca: 29 TxPer: 0.0% (3) BcnPer: 0.0% (0) RxFrms 3 TxRate: 65000 RxRate: 58500
 1/13/2017 20:49:01.950 Device display is ON
 1/13/2017 20:49:01.950 __WiFiManagerSetEnableState: state TRUE, manager->enable.setting TRUE, manager->unlockedSinceBoot TRUE
 1/13/2017 20:49:01.950 __WiFiDeviceManagerAutoAssociate: Already connected to DIGI-146A.
 1/13/2017 20:49:02.159 __WiFiLQAMgrLogStats: Rssi: -58 Cca: 57 TxPer: 0.0% (1) BcnPer: 0.0% (0) RxFrms 11 TxRate: 65000 RxRate: 58500
 1/13/2017 20:49:07.168 __WiFiLQAMgrLogStats: Rssi: -58 Cca: 23 TxPer: 0.0% (3) BcnPer: 3.0% (100) RxFrms 55 TxRate: 72222 RxRate: 58500
 1/13/2017 20:49:12.175 __WiFiLQAMgrLogStats: Rssi: -61 Cca: 23 TxPer: 0.0% (0) BcnPer: 0.0% (0) RxFrms 7 TxRate: 72222 RxRate: 58500
 1/13/2017 20:49:13.552 Device display is OFF
 1/13/2017 20:49:17.183 __WiFiLQAMgrLogStats: Rssi: -59 Cca: 54 TxPer: 0.0% (0) BcnPer: 3.0% (100) RxFrms 3 TxRate: 72222 RxRate: 58500
 1/13/2017 20:49:19.059 Received kIOMessageSystemWillSleep
 1/13/2017 20:49:19.059 System Sleep notification, Disabling auto-join
 1/13/2017 20:49:19.059 __WiFiManagerSetEnableState: state FALSE, manager->enable.setting TRUE, manager->unlockedSinceBoot TRUE
 1/13/2017 20:49:19.059 Disabling automatic association
 1/13/2017 20:49:19.099 apsd[273] is a wow client
 1/13/2017 20:49:19.099 WoW is Enabled, 1 WoW Clients
 1/13/2017 20:49:19.166 __WiFiDeviceCopyLinkChangedSubReasonString: Apple80211ReturnToString failed 1
 1/13/2017 20:49:19.166 __WiFiDeviceProcessDriverAvailableEvent: driver availability false, reason PowerOff(0xe0821804), subreason (null)(0x0)
 1/13/2017 20:49:19.166 __WiFiManagerDispatchDeviceAvailable: driver availability false

 1/13/2017 20:49:19.167 Unable to dispatch message to client MessagesViewServ (268435460)
 1/13/2017 20:49:19.168 WiFiAWDManagerSubmitMetric: metric container could not be generated for metric id <0x9000e>
 1/13/2017 20:49:19.181 __WiFiDeviceManagerAwdlAvailableCallback: AWDL availability changed to FALSE
 1/13/2017 20:49:19.187 apsd[273] is a wow client
 1/13/2017 20:49:19.187 WoW is Enabled, 1 WoW Clients
 1/13/2017 20:49:19.687 Received kIOMessageSystemWillPowerOn
 1/13/2017 20:49:19.687 System wake reason: AOP.ExternalReq baseband
 1/13/2017 20:49:19.687 System Powered ON notification Re-enabling auto-join
 1/13/2017 20:49:19.687 __WiFiManagerSetEnableState: state TRUE, manager->enable.setting TRUE, manager->unlockedSinceBoot TRUE
 1/13/2017 20:49:19.687 Enabling automatic association
 1/13/2017 20:49:19.690 __WiFiDeviceManagerAutoAssociate: Already connected to DIGI-146A.
 1/13/2017 20:49:19.690 WiFiLocaleManagerCheckLocale: location service or wifi is off, set locale to default
 1/13/2017 20:49:19.690 new locale:  , locale: 
 1/13/2017 20:49:19.718 __WiFiDeviceManagerAwdlAvailableCallback: AWDL availability changed to TRUE
 1/13/2017 20:49:19.719 Power stats update: Type 0x6 UnassociatedSleepDur 0 AssociatedSleepDur 91 TotalDur 447 RoamDur 0
 1/13/2017 20:49:19.719 WiFiAWDManagerSubmitMetric: metric container could not be generated for metric id <0x90010>
 1/13/2017 20:49:19.723 __WiFiDeviceCopyLinkChangedSubReasonString: Apple80211ReturnToString failed 1
 1/13/2017 20:49:19.723 __WiFiDeviceProcessDriverAvailableEvent: driver availability true, reason Initializing(0xe0821803), subreason (null)(0x0)
 1/13/2017 20:49:19.723 __WiFiManagerDispatchDeviceAvailable: driver availability true

 1/13/2017 20:49:19.724 Unable to dispatch message to client MessagesViewServ (268435460)
 1/13/2017 20:49:19.725 __WiFiDeviceManagerAutoAssociate: Already connected to DIGI-146A.
 1/13/2017 20:49:19.725 WiFiAWDManagerSubmitMetric: metric container could not be generated for metric id <0x9000e>
 1/13/2017 20:49:19.727 __WiFiDeviceManagerAutoAssociate: Already connected to DIGI-146A.
 1/13/2017 20:49:19.731 No Change in Background Scan Networks, Skip Re-Programming Background Scan

 1/13/2017 20:49:19.789 apsd[273] is a wow client
 1/13/2017 20:49:19.789 WoW is Enabled, 1 WoW Clients
 1/13/2017 20:49:19.825 __WiFiManagerCellularTransmitCallback_block_invoke: Cellular Transmit Started = FALSE
 1/13/2017 20:49:24.904 Received kIOMessageSystemWillSleep
 1/13/2017 20:49:24.904 System Sleep notification, Disabling auto-join
 1/13/2017 20:49:24.904 __WiFiManagerSetEnableState: state FALSE, manager->enable.setting TRUE, manager->unlockedSinceBoot TRUE
 1/13/2017 20:49:24.904 Disabling automatic association
 1/13/2017 20:49:24.938 apsd[273] is a wow client
 1/13/2017 20:49:24.938 WoW is Enabled, 1 WoW Clients
 1/13/2017 20:49:25.029 __WiFiDeviceCopyLinkChangedSubReasonString: Apple80211ReturnToString failed 1
 1/13/2017 20:49:25.030 __WiFiDeviceProcessDriverAvailableEvent: driver availability false, reason PowerOff(0xe0821804), subreason (null)(0x0)
 1/13/2017 20:49:25.030 __WiFiManagerDispatchDeviceAvailable: driver availability false

 1/13/2017 20:49:25.031 Unable to dispatch message to client MessagesViewServ (268435460)
 1/13/2017 20:49:25.031 WiFiAWDManagerSubmitMetric: metric container could not be generated for metric id <0x9000e>
 1/13/2017 20:49:25.046 __WiFiDeviceManagerAwdlAvailableCallback: AWDL availability changed to FALSE
 1/13/2017 20:49:25.053 apsd[273] is a wow client
 1/13/2017 20:49:25.054 WoW is Enabled, 1 WoW Clients
 1/13/2017 20:59:04.169 Received kIOMessageSystemWillPowerOn
 1/13/2017 20:59:04.170 System wake reason: AOP.ExternalReq rtc
 1/13/2017 20:59:04.170 System Powered ON notification Re-enabling auto-join
 1/13/2017 20:59:04.170 __WiFiManagerSetEnableState: state TRUE, manager->enable.setting TRUE, manager->unlockedSinceBoot TRUE
 1/13/2017 20:59:04.170 Enabling automatic association
 1/13/2017 20:59:04.171 __WiFiDeviceManagerAutoAssociate: Already connected to DIGI-146A.
 1/13/2017 20:59:04.171 WiFiLocaleManagerCheckLocale: location service or wifi is off, set locale to default
 1/13/2017 20:59:04.171 new locale:  , locale: 
 1/13/2017 20:59:04.183 Power stats update: Type 0x6 UnassociatedSleepDur 0 AssociatedSleepDur 574112 TotalDur 579192 RoamDur 0
 1/13/2017 20:59:04.183 WiFiAWDManagerSubmitMetric: metric container could not be generated for metric id <0x90010>
 1/13/2017 20:59:04.183 __WiFiLQAMgrLogStats: Rssi: -68 Cca: 3 TxPer: 8.3% (12) BcnPer: 0.0% (116) RxFrms 10 TxRate: 65000 RxRate: 52000
 1/13/2017 20:59:04.198 __WiFiDeviceCopyLinkChangedSubReasonString: Apple80211ReturnToString failed 1
 1/13/2017 20:59:04.198 __WiFiDeviceProcessDriverAvailableEvent: driver availability true, reason Initializing(0xe0821803), subreason (null)(0x0)
 1/13/2017 20:59:04.198 __WiFiManagerDispatchDeviceAvailable: driver availability true

 1/13/2017 20:59:04.200 Unable to dispatch message to client MessagesViewServ (268435460)
 1/13/2017 20:59:04.200 __WiFiDeviceManagerAutoAssociate: Already connected to DIGI-146A.
 1/13/2017 20:59:04.201 WiFiAWDManagerSubmitMetric: metric container could not be generated for metric id <0x9000e>
 1/13/2017 20:59:04.220 __WiFiDeviceManagerAutoAssociate: Already connected to DIGI-146A.
 1/13/2017 20:59:04.222 No Change in Background Scan Networks, Skip Re-Programming Background Scan

 1/13/2017 20:59:04.293 __WiFiManagerCellularTransmitCallback_block_invoke: Cellular Transmit Started = FALSE
 1/13/2017 20:59:04.309 __WiFiDeviceManagerAwdlAvailableCallback: AWDL availability changed to TRUE
 1/13/2017 20:59:04.768 apsd[273] is a wow client
 1/13/2017 20:59:04.768 WoW is Enabled, 1 WoW Clients
 1/13/2017 20:59:23.910 Received kIOMessageSystemWillSleep
 1/13/2017 20:59:23.910 System Sleep notification, Disabling auto-join
 1/13/2017 20:59:23.910 __WiFiManagerSetEnableState: state FALSE, manager->enable.setting TRUE, manager->unlockedSinceBoot TRUE
 1/13/2017 20:59:23.910 Disabling automatic association
 1/13/2017 20:59:23.937 apsd[273] is a wow client
 1/13/2017 20:59:23.938 WoW is Enabled, 1 WoW Clients
 1/13/2017 20:59:24.011 __WiFiDeviceCopyLinkChangedSubReasonString: Apple80211ReturnToString failed 1
 1/13/2017 20:59:24.012 __WiFiDeviceProcessDriverAvailableEvent: driver availability false, reason PowerOff(0xe0821804), subreason (null)(0x0)
 1/13/2017 20:59:24.012 __WiFiManagerDispatchDeviceAvailable: driver availability false

 1/13/2017 20:59:24.013 Unable to dispatch message to client MessagesViewServ (268435460)
 1/13/2017 20:59:24.013 WiFiAWDManagerSubmitMetric: metric container could not be generated for metric id <0x9000e>
 1/13/2017 20:59:24.026 __WiFiDeviceManagerAwdlAvailableCallback: AWDL availability changed to FALSE
 1/13/2017 20:59:24.034 apsd[273] is a wow client
 1/13/2017 20:59:24.034 WoW is Enabled, 1 WoW Clients
 1/13/2017 21:07:44.168 Received kIOMessageSystemWillPowerOn
 1/13/2017 21:07:44.168 System wake reason: AOP.ExternalReq rtc
 1/13/2017 21:07:44.168 System Powered ON notification Re-enabling auto-join
 1/13/2017 21:07:44.168 __WiFiManagerSetEnableState: state TRUE, manager->enable.setting TRUE, manager->unlockedSinceBoot TRUE
 1/13/2017 21:07:44.168 Enabling automatic association
 1/13/2017 21:07:44.168 __WiFiDeviceManagerAutoAssociate: Already connected to DIGI-146A.
 1/13/2017 21:07:44.168 WiFiLocaleManagerCheckLocale: location service or wifi is off, set locale to default
 1/13/2017 21:07:44.168 new locale:  , locale: 
 1/13/2017 21:07:44.169 Power stats update: Type 0x6 UnassociatedSleepDur 0 AssociatedSleepDur 495305 TotalDur 500175 RoamDur 0
 1/13/2017 21:07:44.169 WiFiAWDManagerSubmitMetric: metric container could not be generated for metric id <0x90010>
 1/13/2017 21:07:44.170 __WiFiLQAMgrLogStats: Rssi: -61 Cca: 47 TxPer: 0.0% (0) BcnPer: 0.0% (0) RxFrms 0 TxRate: 0 RxRate: 0
 1/13/2017 21:07:44.171 __WiFiDeviceCopyLinkChangedSubReasonString: Apple80211ReturnToString failed 1
 1/13/2017 21:07:44.171 __WiFiDeviceProcessDriverAvailableEvent: driver availability true, reason Initializing(0xe0821803), subreason (null)(0x0)
 1/13/2017 21:07:44.171 __WiFiManagerDispatchDeviceAvailable: driver availability true

 1/13/2017 21:07:44.173 Unable to dispatch message to client MessagesViewServ (268435460)
 1/13/2017 21:07:44.173 __WiFiDeviceManagerAutoAssociate: Already connected to DIGI-146A.
 1/13/2017 21:07:44.173 WiFiAWDManagerSubmitMetric: metric container could not be generated for metric id <0x9000e>
 1/13/2017 21:07:44.193 __WiFiDeviceManagerAutoAssociate: Already connected to DIGI-146A.
 1/13/2017 21:07:44.195 No Change in Background Scan Networks, Skip Re-Programming Background Scan

 1/13/2017 21:07:44.244 __WiFiDeviceManagerAwdlAvailableCallback: AWDL availability changed to TRUE
 1/13/2017 21:07:44.274 __WiFiManagerCellularTransmitCallback_block_invoke: Cellular Transmit Started = FALSE
 1/13/2017 21:07:44.332 apsd[273] is a wow client
 1/13/2017 21:07:44.332 WoW is Enabled, 1 WoW Clients
 1/13/2017 21:07:44.679 apsd[273] is a wow client
 1/13/2017 21:07:44.680 WoW is Enabled, 1 WoW Clients
 1/13/2017 21:07:54.131 __WiFiLQAMgrLogStats: Rssi: -63 Cca: 30 TxPer: 0.0% (4) BcnPer: 0.0% (0) RxFrms 3 TxRate: 52000 RxRate: 65000
 1/13/2017 21:07:54.428 Received kIOMessageSystemWillSleep
 1/13/2017 21:07:54.428 System Sleep notification, Disabling auto-join
 1/13/2017 21:07:54.428 __WiFiManagerSetEnableState: state FALSE, manager->enable.setting TRUE, manager->unlockedSinceBoot TRUE
 1/13/2017 21:07:54.428 Disabling automatic association
 1/13/2017 21:07:54.480 apsd[273] is a wow client
 1/13/2017 21:07:54.480 WoW is Enabled, 1 WoW Clients
 1/13/2017 21:07:54.616 __WiFiDeviceCopyLinkChangedSubReasonString: Apple80211ReturnToString failed 1
 1/13/2017 21:07:54.616 __WiFiDeviceProcessDriverAvailableEvent: driver availability false, reason PowerOff(0xe0821804), subreason (null)(0x0)
 1/13/2017 21:07:54.616 __WiFiManagerDispatchDeviceAvailable: driver availability false

 1/13/2017 21:07:54.618 Unable to dispatch message to client MessagesViewServ (268435460)
 1/13/2017 21:07:54.618 WiFiAWDManagerSubmitMetric: metric container could not be generated for metric id <0x9000e>
 1/13/2017 21:07:54.619 __WiFiDeviceManagerAwdlAvailableCallback: AWDL availability changed to FALSE
 1/13/2017 21:07:54.621 apsd[273] is a wow client
 1/13/2017 21:07:54.621 WoW is Enabled, 1 WoW Clients
 1/13/2017 21:20:22.955 Received kIOMessageSystemWillPowerOn
 1/13/2017 21:20:22.960 System wake reason: AOP.ExternalReq baseband
 1/13/2017 21:20:22.961 System Powered ON notification Re-enabling auto-join
 1/13/2017 21:20:22.961 __WiFiManagerSetEnableState: state TRUE, manager->enable.setting TRUE, manager->unlockedSinceBoot TRUE
 1/13/2017 21:20:22.961 Enabling automatic association
 1/13/2017 21:20:22.962 __WiFiDeviceManagerAutoAssociate: Already connected to DIGI-146A.
 1/13/2017 21:20:22.962 WiFiLocaleManagerCheckLocale: location service or wifi is off, set locale to default
 1/13/2017 21:20:22.962 new locale:  , locale: 
 1/13/2017 21:20:22.963 Power stats update: Type 0x6 UnassociatedSleepDur 0 AssociatedSleepDur 741883 TotalDur 748412 RoamDur 0
 1/13/2017 21:20:22.963 WiFiAWDManagerSubmitMetric: metric container could not be generated for metric id <0x90010>
 1/13/2017 21:20:22.973 __WiFiLQAMgrLogStats: Rssi: -63 Cca: 30 TxPer: 0.0% (4) BcnPer: 0.0% (0) RxFrms 3 TxRate: 52000 RxRate: 65000
 1/13/2017 21:20:22.977 __WiFiDeviceCopyLinkChangedSubReasonString: Apple80211ReturnToString failed 1
 1/13/2017 21:20:22.977 __WiFiDeviceProcessDriverAvailableEvent: driver availability true, reason Initializing(0xe0821803), subreason (null)(0x0)
 1/13/2017 21:20:22.977 __WiFiManagerDispatchDeviceAvailable: driver availability true

 1/13/2017 21:20:22.979 Unable to dispatch message to client MessagesViewServ (268435460)
 1/13/2017 21:20:22.980 __WiFiDeviceManagerAutoAssociate: Already connected to DIGI-146A.
 1/13/2017 21:20:22.980 WiFiAWDManagerSubmitMetric: metric container could not be generated for metric id <0x9000e>
 1/13/2017 21:20:22.981 __WiFiDeviceManagerAutoAssociate: Already connected to DIGI-146A.
 1/13/2017 21:20:22.982 No Change in Background Scan Networks, Skip Re-Programming Background Scan

 1/13/2017 21:20:22.986 __WiFiDeviceManagerAwdlAvailableCallback: AWDL availability changed to TRUE
 1/13/2017 21:20:23.351 __WiFiManagerCellularTransmitCallback_block_invoke: Cellular Transmit Started = TRUE
 1/13/2017 21:20:23.378 Disable WoW requested by "apsd"
 1/13/2017 21:20:23.380 WoW Capable = YES, Attempting to disable WoW and enable LPAS 
 1/13/2017 21:20:23.380 Setting WoW params to <CFBasicHash 0x14ce7c7a0 [0x1a0950150]>{type = immutable dict, count = 3,
entries =>
	0 : <CFString 0x100175960 [0x1a0950150]>{contents = "IO80211InterfaceEnableLowPwrAssocMode"} = <CFBoolean 0x1a09506c8 [0x1a0950150]>{value = true}
	1 : <CFString 0x100175940 [0x1a0950150]>{contents = "IO80211InterfaceEnableWoW"} = <CFBoolean 0x1a09506d8 [0x1a0950150]>{value = false}
	2 : <CFString 0x100185ae0 [0x1a0950150]>{contents = "IO80211InterfaceEnableWoWOnCaptive"} = <CFBoolean 0x1a09506d8 [0x1a0950150]>{value = false}
}

 1/13/2017 21:20:23.383 WiFiDeviceRequestAssociatedSleep: ActiveDuringSleepRequested is already set (<CFBasicHash 0x14e008c00 [0x1a0950150]>{type = immutable dict, count = 0,
entries =>
}
).
 1/13/2017 21:20:23.383 WoW Disabled, 0 WoW Clients, lpas is Enabled, WoW Override is Disabled, Captive Disabled
 1/13/2017 21:20:23.549 Unable to dispatch WowStateChanged message to client dataaccessd (268435460)
 1/13/2017 21:20:23.551 Unable to dispatch WowStateChanged message to client itunesstored (268435460)
 1/13/2017 21:20:23.551 Unable to dispatch WowStateChanged message to client mediaserverd (268435460)
 1/13/2017 21:20:23.554 Unable to dispatch WowStateChanged message to client MobileMail (268435460)
 1/13/2017 21:20:23.554 Unable to dispatch WowStateChanged message to client profiled (268435460)
 1/13/2017 21:20:23.561 Unable to dispatch WowStateChanged message to client MessagesViewServ (268435460)
 1/13/2017 21:20:23.563 Unable to dispatch WowStateChanged message to client assistantd (268435460)
 1/13/2017 21:20:23.604 WoW is Disabled, 0 WoW Clients
 1/13/2017 21:20:23.606 WoW is Disabled, 0 WoW Clients
 1/13/2017 21:20:23.607 WoW is Disabled, 0 WoW Clients
 1/13/2017 21:20:23.724 WoW is Disabled, 0 WoW Clients
 1/13/2017 21:20:28.298 Client apsd set type to normal application
 1/13/2017 21:20:28.298 __WiFiManagerSetEnableState: state TRUE, manager->enable.setting TRUE, manager->unlockedSinceBoot TRUE
 1/13/2017 21:20:28.298 BG Application: Not Present, BG Daemon: Present. Daemons: mediaserverd 
 1/13/2017 21:20:32.842 __WiFiManagerCellularTransmitCallback_block_invoke: Cellular Transmit Started = FALSE
 1/13/2017 21:20:32.920 __WiFiLQAMgrLogStats: Rssi: -62 Cca: 33 TxPer: 0.0% (4) BcnPer: 0.0% (0) RxFrms 6 TxRate: 58500 RxRate: 65000
 1/13/2017 21:20:37.928 __WiFiLQAMgrLogStats: Rssi: -63 Cca: 33 TxPer: 0.0% (2) BcnPer: 0.0% (100) RxFrms 0 TxRate: 58500 RxRate: 65000
 1/13/2017 21:20:42.943 __WiFiLQAMgrLogStats: Rssi: -65 Cca: 54 TxPer: 0.0% (0) BcnPer: 0.0% (0) RxFrms 0 TxRate: 58500 RxRate: 65000
 1/13/2017 21:20:47.951 __WiFiLQAMgrLogStats: Rssi: -63 Cca: 54 TxPer: 0.0% (0) BcnPer: 0.0% (0) RxFrms 8 TxRate: 58500 RxRate: 65000
 1/13/2017 21:20:52.959 __WiFiLQAMgrLogStats: Rssi: -62 Cca: 3 TxPer: 23.8% (21) BcnPer: 0.0% (100) RxFrms 23 TxRate: 58500 RxRate: 65000
 1/13/2017 21:20:55.962 Received kIOMessageSystemWillSleep
 1/13/2017 21:20:55.962 System Sleep notification, Disabling auto-join
 1/13/2017 21:20:55.962 __WiFiManagerSetEnableState: state FALSE, manager->enable.setting TRUE, manager->unlockedSinceBoot TRUE
 1/13/2017 21:20:55.962 Disabling automatic association
 1/13/2017 21:20:56.006 WoW is Disabled, 0 WoW Clients
 1/13/2017 21:20:56.103 __WiFiDeviceCopyLinkChangedSubReasonString: Apple80211ReturnToString failed 1
 1/13/2017 21:20:56.103 __WiFiDeviceProcessDriverAvailableEvent: driver availability false, reason PowerOff(0xe0821804), subreason (null)(0x0)
 1/13/2017 21:20:56.103 __WiFiManagerDispatchDeviceAvailable: driver availability false

 1/13/2017 21:20:56.104 Unable to dispatch message to client MessagesViewServ (268435460)
 1/13/2017 21:20:56.105 WiFiAWDManagerSubmitMetric: metric container could not be generated for metric id <0x9000e>
 1/13/2017 21:20:56.120 __WiFiDeviceManagerAwdlAvailableCallback: AWDL availability changed to FALSE
 1/13/2017 21:20:56.133 WoW is Disabled, 0 WoW Clients
 1/13/2017 21:21:10.310 Received kIOMessageSystemWillPowerOn
 1/13/2017 21:21:10.310 System wake reason: AOP.ExternalReq baseband
 1/13/2017 21:21:10.310 System Powered ON notification Re-enabling auto-join
 1/13/2017 21:21:10.310 __WiFiManagerSetEnableState: state TRUE, manager->enable.setting TRUE, manager->unlockedSinceBoot TRUE
 1/13/2017 21:21:10.310 Enabling automatic association
 1/13/2017 21:21:10.311 __WiFiDeviceManagerAutoAssociate: Already connected to DIGI-146A.
 1/13/2017 21:21:10.311 WiFiLocaleManagerCheckLocale: location service or wifi is off, set locale to default
 1/13/2017 21:21:10.311 new locale:  , locale: 
 1/13/2017 21:21:10.312 Power stats update: Type 0x5 UnassociatedSleepDur 0 AssociatedSleepDur 8005 TotalDur 14159 RoamDur 0
 1/13/2017 21:21:10.312 WiFiAWDManagerSubmitMetric: metric container could not be generated for metric id <0x90010>
 1/13/2017 21:21:10.313 __WiFiLQAMgrLogStats: Rssi: -62 Cca: 3 TxPer: 0.0% (0) BcnPer: 0.0% (0) RxFrms 0 TxRate: 0 RxRate: 0
 1/13/2017 21:21:10.314 __WiFiDeviceCopyLinkChangedSubReasonString: Apple80211ReturnToString failed 1
 1/13/2017 21:21:10.314 __WiFiDeviceProcessDriverAvailableEvent: driver availability true, reason Initializing(0xe0821803), subreason (null)(0x0)
 1/13/2017 21:21:10.314 __WiFiManagerDispatchDeviceAvailable: driver availability true

 1/13/2017 21:21:10.315 Unable to dispatch message to client MessagesViewServ (268435460)
 1/13/2017 21:21:10.316 __WiFiDeviceManagerAutoAssociate: Already connected to DIGI-146A.
 1/13/2017 21:21:10.316 WiFiAWDManagerSubmitMetric: metric container could not be generated for metric id <0x9000e>
 1/13/2017 21:21:10.317 __WiFiDeviceManagerAutoAssociate: Already connected to DIGI-146A.
 1/13/2017 21:21:10.320 No Change in Background Scan Networks, Skip Re-Programming Background Scan

 1/13/2017 21:21:10.403 __WiFiDeviceManagerAwdlAvailableCallback: AWDL availability changed to TRUE
 1/13/2017 21:21:10.436 __WiFiManagerCellularTransmitCallback_block_invoke: Cellular Transmit Started = TRUE
 1/13/2017 21:21:10.807 WoW is Disabled, 0 WoW Clients
 1/13/2017 21:21:15.177 __WiFiManagerCellularTransmitCallback_block_invoke: Cellular Transmit Started = FALSE
 1/13/2017 21:21:20.295 __WiFiLQAMgrLogStats: Rssi: -62 Cca: 6 TxPer: 0.0% (7) BcnPer: 0.0% (0) RxFrms 5 TxRate: 52000 RxRate: 65000
 1/13/2017 21:21:21.750 WiFiLocaleManagerCheckLocale: location service or wifi is off, set locale to default
 1/13/2017 21:21:21.750 new locale:  , locale: 
 1/13/2017 21:21:25.302 __WiFiLQAMgrLogStats: Rssi: -63 Cca: 34 TxPer: 0.0% (2) BcnPer: 0.0% (100) RxFrms 12 TxRate: 52000 RxRate: 65000
 1/13/2017 21:21:30.311 __WiFiLQAMgrLogStats: Rssi: -63 Cca: 18 TxPer: 0.0% (4) BcnPer: 0.0% (0) RxFrms 57 TxRate: 52000 RxRate: 65000
 1/13/2017 21:21:33.152 __WiFiManagerCellularTransmitCallback_block_invoke: Cellular Transmit Started = TRUE
 1/13/2017 21:21:35.319 __WiFiLQAMgrLogStats: Rssi: -64 Cca: 35 TxPer: 0.0% (2) BcnPer: 0.0% (0) RxFrms 10 TxRate: 52000 RxRate: 65000
 1/13/2017 21:21:38.379 __WiFiManagerCellularTransmitCallback_block_invoke: Cellular Transmit Started = FALSE
 1/13/2017 21:21:40.335 __WiFiLQAMgrLogStats: Rssi: -64 Cca: 52 TxPer: 0.0% (2) BcnPer: 0.0% (100) RxFrms 4 TxRate: 52000 RxRate: 65000
 1/13/2017 21:21:43.548 Received kIOMessageSystemWillSleep
 1/13/2017 21:21:43.548 System Sleep notification, Disabling auto-join
 1/13/2017 21:21:43.548 __WiFiManagerSetEnableState: state FALSE, manager->enable.setting TRUE, manager->unlockedSinceBoot TRUE
 1/13/2017 21:21:43.548 Disabling automatic association
 1/13/2017 21:21:43.602 WoW is Disabled, 0 WoW Clients
 1/13/2017 21:21:43.712 __WiFiDeviceCopyLinkChangedSubReasonString: Apple80211ReturnToString failed 1
 1/13/2017 21:21:43.712 __WiFiDeviceProcessDriverAvailableEvent: driver availability false, reason PowerOff(0xe0821804), subreason (null)(0x0)
 1/13/2017 21:21:43.712 __WiFiManagerDispatchDeviceAvailable: driver availability false

 1/13/2017 21:21:43.714 Unable to dispatch message to client MessagesViewServ (268435460)
 1/13/2017 21:21:43.714 WiFiAWDManagerSubmitMetric: metric container could not be generated for metric id <0x9000e>
 1/13/2017 21:21:43.721 __WiFiDeviceManagerAwdlAvailableCallback: AWDL availability changed to FALSE
 1/13/2017 21:21:43.726 WoW is Disabled, 0 WoW Clients
 1/13/2017 21:22:18.183 Received kIOMessageSystemWillPowerOn
 1/13/2017 21:22:18.183 System wake reason: AOP.ExternalReq baseband
 1/13/2017 21:22:18.183 System Powered ON notification Re-enabling auto-join
 1/13/2017 21:22:18.183 __WiFiManagerSetEnableState: state TRUE, manager->enable.setting TRUE, manager->unlockedSinceBoot TRUE
 1/13/2017 21:22:18.183 Enabling automatic association
 1/13/2017 21:22:18.183 __WiFiDeviceManagerAutoAssociate: Already connected to DIGI-146A.
 1/13/2017 21:22:18.183 WiFiLocaleManagerCheckLocale: location service or wifi is off, set locale to default
 1/13/2017 21:22:18.183 new locale:  , locale: 
 1/13/2017 21:22:18.184 Power stats update: Type 0x5 UnassociatedSleepDur 0 AssociatedSleepDur 21959 TotalDur 34405 RoamDur 0
 1/13/2017 21:22:18.184 WiFiAWDManagerSubmitMetric: metric container could not be generated for metric id <0x90010>
 1/13/2017 21:22:18.184 __WiFiLQAMgrLogStats: Rssi: -63 Cca: 28 TxPer: 0.0% (0) BcnPer: 0.0% (0) RxFrms 0 TxRate: 0 RxRate: 0
 1/13/2017 21:22:18.187 __WiFiDeviceCopyLinkChangedSubReasonString: Apple80211ReturnToString failed 1
 1/13/2017 21:22:18.187 __WiFiDeviceProcessDriverAvailableEvent: driver availability true, reason Initializing(0xe0821803), subreason (null)(0x0)
 1/13/2017 21:22:18.188 __WiFiManagerDispatchDeviceAvailable: driver availability true

 1/13/2017 21:22:18.191 Unable to dispatch message to client MessagesViewServ (268435460)
 1/13/2017 21:22:18.191 __WiFiDeviceManagerAutoAssociate: Already connected to DIGI-146A.
 1/13/2017 21:22:18.191 WiFiAWDManagerSubmitMetric: metric container could not be generated for metric id <0x9000e>
 1/13/2017 21:22:18.197 __WiFiDeviceManagerAutoAssociate: Already connected to DIGI-146A.
 1/13/2017 21:22:18.198 No Change in Background Scan Networks, Skip Re-Programming Background Scan

 1/13/2017 21:22:18.230 __WiFiDeviceManagerAwdlAvailableCallback: AWDL availability changed to TRUE
 1/13/2017 21:22:18.251 WoW is Disabled, 0 WoW Clients
 1/13/2017 21:22:18.588 __WiFiManagerCellularTransmitCallback_block_invoke: Cellular Transmit Started = TRUE
 1/13/2017 21:22:23.031 __WiFiManagerCellularTransmitCallback_block_invoke: Cellular Transmit Started = FALSE
 1/13/2017 21:22:28.148 __WiFiLQAMgrLogStats: Rssi: -64 Cca: 30 TxPer: 0.0% (5) BcnPer: 0.0% (0) RxFrms 4 TxRate: 52000 RxRate: 65000
 1/13/2017 21:22:33.153 __WiFiLQAMgrLogStats: Rssi: -63 Cca: 4 TxPer: 0.0% (2) BcnPer: 1.0% (100) RxFrms 15 TxRate: 52000 RxRate: 65000
 1/13/2017 21:22:38.157 __WiFiLQAMgrLogStats: Rssi: -64 Cca: 33 TxPer: 0.0% (4) BcnPer: 0.0% (0) RxFrms 61 TxRate: 52000 RxRate: 65000
 1/13/2017 21:22:43.165 __WiFiLQAMgrLogStats: Rssi: -65 Cca: 16 TxPer: 0.0% (0) BcnPer: 0.0% (0) RxFrms 4 TxRate: 52000 RxRate: 65000
 1/13/2017 21:22:48.179 __WiFiLQAMgrLogStats: Rssi: -64 Cca: 48 TxPer: 0.0% (3) BcnPer: 0.0% (100) RxFrms 3 TxRate: 52000 RxRate: 65000
 1/13/2017 21:22:51.128 Received kIOMessageSystemWillSleep
 1/13/2017 21:22:51.128 System Sleep notification, Disabling auto-join
 1/13/2017 21:22:51.128 __WiFiManagerSetEnableState: state FALSE, manager->enable.setting TRUE, manager->unlockedSinceBoot TRUE
 1/13/2017 21:22:51.128 Disabling automatic association
 1/13/2017 21:22:51.177 WoW is Disabled, 0 WoW Clients
 1/13/2017 21:22:51.266 __WiFiDeviceCopyLinkChangedSubReasonString: Apple80211ReturnToString failed 1
 1/13/2017 21:22:51.266 __WiFiDeviceProcessDriverAvailableEvent: driver availability false, reason PowerOff(0xe0821804), subreason (null)(0x0)
 1/13/2017 21:22:51.266 __WiFiManagerDispatchDeviceAvailable: driver availability false

 1/13/2017 21:22:51.267 Unable to dispatch message to client MessagesViewServ (268435460)
 1/13/2017 21:22:51.268 WiFiAWDManagerSubmitMetric: metric container could not be generated for metric id <0x9000e>
 1/13/2017 21:22:51.273 __WiFiDeviceManagerAwdlAvailableCallback: AWDL availability changed to FALSE
 1/13/2017 21:22:51.285 WoW is Disabled, 0 WoW Clients
 1/13/2017 21:22:56.576 Received kIOMessageSystemWillPowerOn
 1/13/2017 21:22:56.577 System wake reason: AOP.ExternalReq baseband
 1/13/2017 21:22:56.577 System Powered ON notification Re-enabling auto-join
 1/13/2017 21:22:56.577 __WiFiManagerSetEnableState: state TRUE, manager->enable.setting TRUE, manager->unlockedSinceBoot TRUE
 1/13/2017 21:22:56.577 Enabling automatic association
 1/13/2017 21:22:56.577 __WiFiDeviceManagerAutoAssociate: Already connected to DIGI-146A.
 1/13/2017 21:22:56.577 WiFiLocaleManagerCheckLocale: location service or wifi is off, set locale to default
 1/13/2017 21:22:56.577 new locale:  , locale: 
 1/13/2017 21:22:56.598 __WiFiDeviceManagerAwdlAvailableCallback: AWDL availability changed to TRUE
 1/13/2017 21:22:56.598 Power stats update: Type 0x5 UnassociatedSleepDur 0 AssociatedSleepDur 2094 TotalDur 5229 RoamDur 0
 1/13/2017 21:22:56.598 WiFiAWDManagerSubmitMetric: metric container could not be generated for metric id <0x90010>
 1/13/2017 21:22:56.598 __WiFiLQAMgrLogStats: Rssi: -63 Cca: 48 TxPer: 0.0% (0) BcnPer: 0.0% (0) RxFrms 0 TxRate: 0 RxRate: 0
 1/13/2017 21:22:56.600 __WiFiDeviceCopyLinkChangedSubReasonString: Apple80211ReturnToString failed 1
 1/13/2017 21:22:56.600 __WiFiDeviceProcessDriverAvailableEvent: driver availability true, reason Initializing(0xe0821803), subreason (null)(0x0)
 1/13/2017 21:22:56.600 __WiFiManagerDispatchDeviceAvailable: driver availability true

 1/13/2017 21:22:56.601 Unable to dispatch message to client MessagesViewServ (268435460)
 1/13/2017 21:22:56.602 __WiFiDeviceManagerAutoAssociate: Already connected to DIGI-146A.
 1/13/2017 21:22:56.602 WiFiAWDManagerSubmitMetric: metric container could not be generated for metric id <0x9000e>
 1/13/2017 21:22:56.603 __WiFiDeviceManagerAutoAssociate: Already connected to DIGI-146A.
 1/13/2017 21:22:56.604 No Change in Background Scan Networks, Skip Re-Programming Background Scan

 1/13/2017 21:22:56.686 __WiFiManagerCellularTransmitCallback_block_invoke: Cellular Transmit Started = TRUE
 1/13/2017 21:22:57.019 WoW is Disabled, 0 WoW Clients
 1/13/2017 21:23:01.427 __WiFiManagerCellularTransmitCallback_block_invoke: Cellular Transmit Started = FALSE
 1/13/2017 21:23:06.531 __WiFiLQAMgrLogStats: Rssi: -62 Cca: 34 TxPer: 0.0% (6) BcnPer: 0.0% (0) RxFrms 16 TxRate: 52000 RxRate: 65000
 1/13/2017 21:23:06.876 Received kIOMessageSystemWillSleep
 1/13/2017 21:23:06.876 System Sleep notification, Disabling auto-join
 1/13/2017 21:23:06.876 __WiFiManagerSetEnableState: state FALSE, manager->enable.setting TRUE, manager->unlockedSinceBoot TRUE
 1/13/2017 21:23:06.876 Disabling automatic association
 1/13/2017 21:23:06.924 WoW is Disabled, 0 WoW Clients
 1/13/2017 21:23:07.024 __WiFiDeviceCopyLinkChangedSubReasonString: Apple80211ReturnToString failed 1
 1/13/2017 21:23:07.024 __WiFiDeviceProcessDriverAvailableEvent: driver availability false, reason PowerOff(0xe0821804), subreason (null)(0x0)
 1/13/2017 21:23:07.024 __WiFiManagerDispatchDeviceAvailable: driver availability false

 1/13/2017 21:23:07.025 Unable to dispatch message to client MessagesViewServ (268435460)
 1/13/2017 21:23:07.026 WiFiAWDManagerSubmitMetric: metric container could not be generated for metric id <0x9000e>
 1/13/2017 21:23:07.036 __WiFiDeviceManagerAwdlAvailableCallback: AWDL availability changed to FALSE
 1/13/2017 21:23:07.045 WoW is Disabled, 0 WoW Clients
 1/13/2017 21:28:08.154 Received kIOMessageSystemWillPowerOn
 1/13/2017 21:28:08.154 System wake reason: AOP.ExternalReq wlan
 1/13/2017 21:28:08.154 System Powered ON notification Re-enabling auto-join
 1/13/2017 21:28:08.154 __WiFiManagerSetEnableState: state TRUE, manager->enable.setting TRUE, manager->unlockedSinceBoot TRUE
 1/13/2017 21:28:08.154 Enabling automatic association
 1/13/2017 21:28:08.155 __WiFiDeviceManagerAutoAssociate: Already connected to DIGI-146A.
 1/13/2017 21:28:08.155 WiFiLocaleManagerCheckLocale: location service or wifi is off, set locale to default
 1/13/2017 21:28:08.155 new locale:  , locale: 
 1/13/2017 21:28:08.163 __WiFiDeviceManagerAwdlAvailableCallback: AWDL availability changed to TRUE
 1/13/2017 21:28:08.163 __WiFiDeviceProcessDumpLogsEvent: Dump logs event received, dumped wifid log buffer to file
