12/19/2016 12:05:15.330 __WiFiManagerCellularTransmitCallback_block_invoke: Cellular Transmit Started = FALSE
12/19/2016 12:05:16.254 __WiFiManagerCellularTransmitCallback_block_invoke: Cellular Transmit Started = TRUE
12/19/2016 12:05:53.894 __WiFiManagerCellularTransmitCallback_block_invoke: Cellular Transmit Started = FALSE
12/19/2016 12:05:55.218 __WiFiManagerCellularTransmitCallback_block_invoke: Cellular Transmit Started = TRUE
12/19/2016 12:06:59.667 WiFiLocaleManagerCheckLocale: location service or wifi is off, set locale to default
12/19/2016 12:06:59.667 new locale:  , locale: 
12/19/2016 12:08:59.667 WiFiLocaleManagerCheckLocale: location service or wifi is off, set locale to default
12/19/2016 12:08:59.667 new locale:  , locale: 
12/19/2016 12:09:07.796 DeviceClient["WirelessRadioMan"] setCoexParameters["MWS_Blacklisted_Channels"] = <CFArray 0x14cd793a0 [0x1a0950150]>{type = mutable-small, count = 6, values = (
	0 : <CFBasicHash 0x14cd61d40 [0x1a0950150]>{type = mutable dict, count = 1,
entries =>
	2 : <CFString 0x14cd37c60 [0x1a0950150]>{contents = "MWS_Channel_Number"} = <CFNumber 0xb000000000000083 [0x1a0950150]>{value = +8, type = kCFNumberSInt64Type}
}

	1 : <CFBasicHash 0x14cd718d0 [0x1a0950150]>{type = mutable dict, count = 1,
entries =>
	2 : <CFString 0x14cd37c60 [0x1a0950150]>{contents = "MWS_Channel_Number"} = <CFNumber 0xb000000000000093 [0x1a0950150]>{value = +9, type = kCFNumberSInt64Type}
}

	2 : <CFBasicHash 0x14cd747f0 [0x1a0950150]>{type = mutable dict, count = 1,
entries =>
	2 : <CFString 0x14cd37c60 [0x1a0950150]>{contents = "MWS_Channel_Number"} = <CFNumber 0xb0000000000000a3 [0x1a0950150]>{value = +10, type = kCFNumberSInt64Type}
}

	3 : <CFBasicHash 0x14cd777d0 [0x1a0950150]>{type = mutable dict, count = 1,
entries =>
	2 : <CFString 0x14cd37c60 [0x1a0950150]>{contents = "MWS_Channel_Number"} = <CFNumber 0xb0000000000000b3 [0x1a0950150]>{value = +11, type = kCFNumberSInt64Type}
}

	4 : <CFBasicHash 0x14cd77850 [0x1a0950150]>{type = mutable dict, count = 1,
entries =>
	2 : <CFString 0x14cd37c60 [0x1a0950150]>{contents = "MWS_Channel_Number"} = <CFNumber 0xb0000000000000c3 [0x1a0950150]>{value = +12, type = kCFNumberSInt64Type}
}

	5 : <CFBasicHash 0x14cd79320 [0x1a0950150]>{type = mutable dict, count = 1,
entries =>
	2 : <CFString 0x14cd37c60 [0x1a0950150]>{contents = "MWS_Channel_Number"} = <CFNumber 0xb0000000000000d3 [0x1a0950150]>{value = +13, type = kCFNumberSInt64Type}
}

)}
12/19/2016 12:09:08.350 __WiFiManagerCellularTransmitCallback_block_invoke: Cellular Transmit Started = FALSE
12/19/2016 12:09:10.878 Low bw cellular data available, so WiFi would stay connected under low signal quality
12/19/2016 12:09:10.879 WiFiLQAMgrSetWiFiFallBackPref: LQAManager WiFiFallBackPreference enabled 
12/19/2016 12:09:11.779 __WiFiManagerCellularTransmitCallback_block_invoke: Cellular Transmit Started = TRUE
12/19/2016 12:09:30.886 __WiFiManagerCellularTransmitCallback_block_invoke: Cellular Transmit Started = FALSE
12/19/2016 12:09:31.200 __WiFiManagerCellularTransmitCallback_block_invoke: Cellular Transmit Started = TRUE
12/19/2016 12:09:37.371 __WiFiManagerCellularTransmitCallback_block_invoke: Cellular Transmit Started = FALSE
12/19/2016 12:09:37.552 DeviceClient["WirelessRadioMan"] setCoexParameters["MWS_Blacklisted_Channels"] = <CFArray 0x14cd334c0 [0x1a0950150]>{type = mutable-small, count = 12, values = (
	0 : <CFBasicHash 0x14cd301f0 [0x1a0950150]>{type = mutable dict, count = 1,
entries =>
	2 : <CFString 0x14cd0ce80 [0x1a0950150]>{contents = "MWS_Channel_Number"} = <CFNumber 0xb000000000000013 [0x1a0950150]>{value = +1, type = kCFNumberSInt64Type}
}

	1 : <CFBasicHash 0x14cd2d520 [0x1a0950150]>{type = mutable dict, count = 1,
entries =>
	2 : <CFString 0x14cd0ce80 [0x1a0950150]>{contents = "MWS_Channel_Number"} = <CFNumber 0xb000000000000023 [0x1a0950150]>{value = +2, type = kCFNumberSInt64Type}
}

	2 : <CFBasicHash 0x14cd78570 [0x1a0950150]>{type = mutable dict, count = 1,
entries =>
	2 : <CFString 0x14cd0ce80 [0x1a0950150]>{contents = "MWS_Channel_Number"} = <CFNumber 0xb000000000000033 [0x1a0950150]>{value = +3, type = kCFNumberSInt64Type}
}

	3 : <CFBasicHash 0x14cd5d760 [0x1a0950150]>{type = mutable dict, count = 1,
entries =>
	2 : <CFString 0x14cd0ce80 [0x1a0950150]>{contents = "MWS_Channel_Number"} = <CFNumber 0xb000000000000043 [0x1a0950150]>{value = +4, type = kCFNumberSInt64Type}
}

	4 : <CFBasicHash 0x14cd67c30 [0x1a0950150]>{type = mutable dict, count = 1,
entries =>
	2 : <CFString 0x14cd0ce80 [0x1a0950150]>{contents = "MWS_Channel_Number"} = <CFNumber 0xb000000000000053 [0x1a0950150]>{value = +5, type = kCFNumberSInt64Type}
}

	5 : <CFBasicHash 0x14cd6eab0 [0x1a0950150]>{type = mutable dict, count = 1,
entries =>
	2 : <CFString 0x14cd0ce80 [0x1a0950150]>{contents = "MWS_Channel_Number"} = <CFNumber 0xb000000000000063 [0x1a0950150]>{value = +6, type = kCFNumberSInt64Type}
}

	6 : <CFBasicHash 0x14cd78f00 [0x1a0950150]>{type = mutable dict, count = 1,
entries =>
	2 : <CFString 0x14cd0ce80 [0x1a0950150]>{contents = "MWS_Channel_Number"} = <CFNumber 0xb000000000000073 [0x1a0950150]>{value = +7, type = kCFNumberSInt64Type}
}

	7 : <CFBasicHash 0x14cd7d670 [0x1a0950150]>{type = mutable dict, count = 1,
entries =>
	2 : <CFString 0x14cd0ce80 [0x1a0950150]>{contents = "MWS_Channel_Number"} = <CFNumber 0xb000000000000083 [0x1a0950150]>{value = +8, type = kCFNumberSInt64Type}
}

	8 : <CFBasicHash 0x14cd7d6f0 [0x1a0950150]>{type = mutable dict, count = 1,
entries =>
	2 : <CFString 0x14cd0ce80 [0x1a0950150]>{contents = "MWS_Channel_Number"} = <CFNumber 0xb000000000000093 [0x1a0950150]>{value = +9, type = kCFNumberSInt64Type}
}

	9 : <CFBasicHash 0x14cd71850 [0x1a0950150]>{type = mutable dict, count = 1,
entries =>
	2 : <CFString 0x14cd0ce80 [0x1a0950150]>{contents = "MWS_Channel_Number"} = <CFNumber 0xb0000000000000a3 [0x1a0950150]>{value = +10, type = kCFNumberSInt64Type}
}

	10 : <CFBasicHash 0x14cd71340 [0x1a0950150]>{type = mutable dict, count = 1,
entries =>
	2 : <CFString 0x14cd0ce80 [0x1a0950150]>{contents = "MWS_Channel_Number"} = <CFNumber 0xb0000000000000c3 [0x1a0950150]>{value = +12, type = kCFNumberSInt64Type}
}

	11 : <CFBasicHash 0x14cd713c0 [0x1a0950150]>{type = mutable dict, count = 1,
entries =>
	2 : <CFString 0x14cd0ce80 [0x1a0950150]>{contents = "MWS_Channel_Number"} = <CFNumber 0xb0000000000000d3 [0x1a0950150]>{value = +13, type = kCFNumberSInt64Type}
}

)}
12/19/2016 12:09:37.577 __WiFiManagerCellularTransmitCallback_block_invoke: Cellular Transmit Started = TRUE
12/19/2016 12:09:38.539 __WiFiManagerCellularTransmitCallback_block_invoke: Cellular Transmit Started = FALSE
12/19/2016 12:09:38.661 High bw cellular data available, so WiFi would disconnect under low signal quality
12/19/2016 12:09:38.662 WiFiLQAMgrSetWiFiFallBackPref: LQAManager WiFiFallBackPreference disabled 
12/19/2016 12:09:38.848 __WiFiManagerCellularTransmitCallback_block_invoke: Cellular Transmit Started = TRUE
12/19/2016 12:09:58.217 WoW is Disabled, 0 WoW Clients
12/19/2016 12:10:00.540 __WiFiDeviceProcessDumpLogsEvent: Dump logs event received, dumped wifid log buffer to file
