12/19/2016 10:25:01.872 __WiFiManagerCellularTransmitCallback_block_invoke: Cellular Transmit Started = FALSE
12/19/2016 10:25:02.973 __WiFiManagerCellularTransmitCallback_block_invoke: Cellular Transmit Started = TRUE
12/19/2016 10:25:27.323 __WiFiManagerCellularTransmitCallback_block_invoke: Cellular Transmit Started = FALSE
12/19/2016 10:25:29.048 __WiFiManagerCellularTransmitCallback_block_invoke: Cellular Transmit Started = TRUE
12/19/2016 10:26:10.601 __WiFiDeviceProcessSTAArriveEvent: staNum 3
12/19/2016 10:26:10.602 WiFiAWDManagerSubmitMetric: metric container could not be generated for metric id <0x90006>
12/19/2016 10:26:10.602 MIS STA Associated: 3 associated clients
12/19/2016 10:26:10.613 WiFiDeviceManagerSetMISMaxStaNumber: Additional tethering clients allowed: 2
12/19/2016 10:26:10.625 WiFiAWDManagerSubmitMetric: metric container could not be generated for metric id <0x90005>
12/19/2016 10:26:10.625 MIS is already Enabled on ap1
12/19/2016 10:26:10.628 MIS Discovery is Disabled
12/19/2016 10:26:29.054 __WiFiDeviceProcessSTALeaveEvent: staNum 2
12/19/2016 10:26:29.061 MIS STA Disassociated: 2 associated clients
12/19/2016 10:26:29.068 WiFiDeviceManagerSetMISMaxStaNumber: Additional tethering clients allowed: 3
12/19/2016 10:26:29.082 MIS is already Enabled on ap1
12/19/2016 10:26:29.087 MIS Discovery is Disabled
12/19/2016 10:26:59.759 WiFiLocaleManagerCheckLocale: location service or wifi is off, set locale to default
12/19/2016 10:26:59.759 new locale:  , locale: 
12/19/2016 10:27:27.379 __WiFiManagerCellularTransmitCallback_block_invoke: Cellular Transmit Started = FALSE
12/19/2016 10:27:27.413 __WiFiManagerCellularTransmitCallback_block_invoke: Cellular Transmit Started = FALSE
12/19/2016 10:27:28.869 __WiFiManagerCellularTransmitCallback_block_invoke: Cellular Transmit Started = TRUE
12/19/2016 10:27:46.938 WoW is Disabled, 0 WoW Clients
12/19/2016 10:28:04.114 __WiFiManagerCellularTransmitCallback_block_invoke: Cellular Transmit Started = FALSE
12/19/2016 10:28:05.052 __WiFiManagerCellularTransmitCallback_block_invoke: Cellular Transmit Started = TRUE
12/19/2016 10:28:41.404 __WiFiDeviceProcessSTAArriveEvent: staNum 3
12/19/2016 10:28:41.405 WiFiAWDManagerSubmitMetric: metric container could not be generated for metric id <0x90006>
12/19/2016 10:28:41.405 MIS STA Associated: 3 associated clients
12/19/2016 10:28:41.418 WiFiDeviceManagerSetMISMaxStaNumber: Additional tethering clients allowed: 2
12/19/2016 10:28:41.430 WiFiAWDManagerSubmitMetric: metric container could not be generated for metric id <0x90005>
12/19/2016 10:28:41.430 MIS is already Enabled on ap1
12/19/2016 10:28:41.432 MIS Discovery is Disabled
12/19/2016 10:28:59.759 WiFiLocaleManagerCheckLocale: location service or wifi is off, set locale to default
12/19/2016 10:28:59.759 new locale:  , locale: 
12/19/2016 10:30:00.572 __WiFiDeviceProcessDumpLogsEvent: Dump logs event received, dumped wifid log buffer to file
