12/19/2016 13:20:00.891 __WiFiManagerCellularTransmitCallback_block_invoke: Cellular Transmit Started = TRUE
12/19/2016 13:20:01.302 __WiFiManagerCellularTransmitCallback_block_invoke: Cellular Transmit Started = FALSE
12/19/2016 13:20:01.455 IPv4 Primary interface is (null) and IPv6 Primary Interface is (null)
12/19/2016 13:20:01.457 Enable WoW requested by "apsd"
12/19/2016 13:20:01.457 WoW Capable = YES, Attempting to enable WoW and disable LPAS 
12/19/2016 13:20:01.457 Setting WoW params to <CFBasicHash 0x14cd0cc60 [0x1a0950150]>{type = immutable dict, count = 3,
entries =>
	0 : <CFString 0x100175960 [0x1a0950150]>{contents = "IO80211InterfaceEnableLowPwrAssocMode"} = <CFBoolean 0x1a09506d8 [0x1a0950150]>{value = false}
	1 : <CFString 0x100175940 [0x1a0950150]>{contents = "IO80211InterfaceEnableWoW"} = <CFBoolean 0x1a09506c8 [0x1a0950150]>{value = true}
	2 : <CFString 0x100185ae0 [0x1a0950150]>{contents = "IO80211InterfaceEnableWoWOnCaptive"} = <CFBoolean 0x1a09506d8 [0x1a0950150]>{value = false}
}

12/19/2016 13:20:01.461 WiFiDeviceRequestAssociatedSleep: ActiveDuringSleepRequested is already removed ((null)).
12/19/2016 13:20:01.461 WoW Enabled by 1 Clients, lpas is Disabled, WoW Override is Disabled, Captive Disabled
12/19/2016 13:20:01.461 Unable to dispatch WowStateChanged message to client mediaserverd (268435460)
12/19/2016 13:20:01.461 Unable to dispatch WowStateChanged message to client itunesstored (268435460)
12/19/2016 13:20:01.462 Unable to dispatch WowStateChanged message to client dataaccessd (268435460)
12/19/2016 13:20:01.462 Unable to dispatch WowStateChanged message to client MobileMail (268435460)
12/19/2016 13:20:01.495 MIS is already Enabled on ap1
12/19/2016 13:20:01.495 apsd[273] is a wow client
12/19/2016 13:20:01.495 WoW is Enabled, 1 WoW Clients
12/19/2016 13:20:01.497 MIS is already Enabled on ap1
12/19/2016 13:20:01.498 apsd[273] is a wow client
12/19/2016 13:20:01.498 WoW is Enabled, 1 WoW Clients
12/19/2016 13:20:01.498 apsd[273] is a wow client
12/19/2016 13:20:01.498 WoW is Enabled, 1 WoW Clients
12/19/2016 13:20:01.498 MIS Discovery is Disabled
12/19/2016 13:20:01.517 Client MobileMail set type to background application
12/19/2016 13:20:01.517 __WiFiManagerSetEnableState: state TRUE, manager->enable.setting TRUE, manager->unlockedSinceBoot TRUE
12/19/2016 13:20:01.517 BG Application: Not Present, BG Daemon: Present. Daemons: MobileMail mediaserverd apsd 
12/19/2016 13:20:01.517 Auto association attempt canceled because MIS is enabled. MIS client count: wifi=4 bt=0
12/19/2016 13:20:03.336 __WiFiManagerCellularTransmitCallback_block_invoke: Cellular Transmit Started = TRUE
12/19/2016 13:20:05.353 IPv4 Primary interface is pdp_ip0 and IPv6 Primary Interface is (null)
12/19/2016 13:20:05.362 MIS is already Enabled on ap1
12/19/2016 13:20:05.363 MIS Discovery is Disabled
12/19/2016 13:20:35.430 __WiFiManagerCellularTransmitCallback_block_invoke: Cellular Transmit Started = FALSE
12/19/2016 13:20:35.445 __WiFiManagerCellularTransmitCallback_block_invoke: Cellular Transmit Started = FALSE
12/19/2016 13:20:39.531 __WiFiManagerCellularTransmitCallback_block_invoke: Cellular Transmit Started = TRUE
12/19/2016 13:20:54.058 __WiFiManagerCellularTransmitCallback_block_invoke: Cellular Transmit Started = FALSE
12/19/2016 13:20:55.629 __WiFiManagerCellularTransmitCallback_block_invoke: Cellular Transmit Started = TRUE
12/19/2016 13:20:59.609 WiFiLocaleManagerCheckLocale: location service or wifi is off, set locale to default
12/19/2016 13:20:59.609 new locale:  , locale: 
12/19/2016 13:21:05.312 Disable WoW requested by "apsd"
12/19/2016 13:21:05.313 WoW Capable = YES, Attempting to disable WoW and enable LPAS 
12/19/2016 13:21:05.313 Setting WoW params to <CFBasicHash 0x14cd6aea0 [0x1a0950150]>{type = immutable dict, count = 3,
entries =>
	0 : <CFString 0x100175960 [0x1a0950150]>{contents = "IO80211InterfaceEnableLowPwrAssocMode"} = <CFBoolean 0x1a09506c8 [0x1a0950150]>{value = true}
	1 : <CFString 0x100175940 [0x1a0950150]>{contents = "IO80211InterfaceEnableWoW"} = <CFBoolean 0x1a09506d8 [0x1a0950150]>{value = false}
	2 : <CFString 0x100185ae0 [0x1a0950150]>{contents = "IO80211InterfaceEnableWoWOnCaptive"} = <CFBoolean 0x1a09506d8 [0x1a0950150]>{value = false}
}

12/19/2016 13:21:05.315 WiFiDeviceRequestAssociatedSleep: ActiveDuringSleepRequested is already removed ((null)).
12/19/2016 13:21:05.315 WoW Disabled, 0 WoW Clients, lpas is Enabled, WoW Override is Disabled, Captive Disabled
12/19/2016 13:21:05.315 Unable to dispatch WowStateChanged message to client mediaserverd (268435460)
12/19/2016 13:21:05.315 Unable to dispatch WowStateChanged message to client itunesstored (268435460)
12/19/2016 13:21:05.316 Unable to dispatch WowStateChanged message to client dataaccessd (268435460)
12/19/2016 13:21:05.316 Unable to dispatch WowStateChanged message to client MobileMail (268435460)
12/19/2016 13:21:05.317 WoW is Disabled, 0 WoW Clients
12/19/2016 13:21:05.317 WoW is Disabled, 0 WoW Clients
12/19/2016 13:21:05.321 WoW is Disabled, 0 WoW Clients
12/19/2016 13:21:10.360 Client MobileMail set type to normal application
12/19/2016 13:21:10.360 __WiFiManagerSetEnableState: state TRUE, manager->enable.setting TRUE, manager->unlockedSinceBoot TRUE
12/19/2016 13:21:10.360 BG Application: Not Present, BG Daemon: Present. Daemons: mediaserverd apsd 
12/19/2016 13:21:23.728 __WiFiManagerCellularTransmitCallback_block_invoke: Cellular Transmit Started = FALSE
12/19/2016 13:21:26.602 __WiFiManagerCellularTransmitCallback_block_invoke: Cellular Transmit Started = TRUE
12/19/2016 13:21:32.684 Device display is ON
12/19/2016 13:21:32.684 __WiFiManagerSetEnableState: state TRUE, manager->enable.setting TRUE, manager->unlockedSinceBoot TRUE
12/19/2016 13:21:32.684 Auto association attempt canceled because MIS is enabled. MIS client count: wifi=4 bt=0
12/19/2016 13:21:33.507 ATJManager: setting ask-to-join interaction mode to Interactive
12/19/2016 13:21:33.507 ATJManager: no entries to purge
12/19/2016 13:21:33.507 User interaction ENABLED
12/19/2016 13:21:33.507 Ignoring lock state manager->wakeMode 1

12/19/2016 13:21:33.508 problematic networks =  and potentially problematic networks = 
12/19/2016 13:21:33.508 Unblacklisting
12/19/2016 13:21:33.508 No Change in Background Scan Networks, Skip Re-Programming Background Scan

12/19/2016 13:21:33.508 Auto association attempt canceled because MIS is enabled. MIS client count: wifi=4 bt=0
12/19/2016 13:21:33.589 Foreground Network Application entered.
12/19/2016 13:21:33.589 BG Application: Not Present, BG Daemon: Present. Daemons: mediaserverd apsd 
12/19/2016 13:21:33.589 problematic networks =  and potentially problematic networks = 
12/19/2016 13:21:33.589 Unblacklisting
12/19/2016 13:21:33.589 No Change in Background Scan Networks, Skip Re-Programming Background Scan

12/19/2016 13:21:33.589 __WiFiManagerSetEnableState: state TRUE, manager->enable.setting TRUE, manager->unlockedSinceBoot TRUE
12/19/2016 13:21:33.589 Auto association attempt canceled because MIS is enabled. MIS client count: wifi=4 bt=0
12/19/2016 13:22:12.623 ATJManager: setting ask-to-join interaction mode to NonInteractive
12/19/2016 13:22:12.623 ATJManager: no entries to purge
12/19/2016 13:22:12.624 User interaction DISABLED
12/19/2016 13:22:12.624 Ignoring lock state manager->wakeMode 1

12/19/2016 13:22:12.676 Device display is OFF
12/19/2016 13:22:12.755 Foreground Network Application exited.
12/19/2016 13:22:12.755 BG Application: Not Present, BG Daemon: Present. Daemons: mediaserverd apsd 
12/19/2016 13:22:14.629 Device display is ON
12/19/2016 13:22:14.629 __WiFiManagerSetEnableState: state TRUE, manager->enable.setting TRUE, manager->unlockedSinceBoot TRUE
12/19/2016 13:22:14.629 Auto association attempt canceled because MIS is enabled. MIS client count: wifi=4 bt=0
12/19/2016 13:22:19.776 Device display is OFF
12/19/2016 13:22:33.545 Background Network Application entered
12/19/2016 13:22:33.545 BG Application: Present, BG Daemon: Present. Daemons: mediaserverd apsd 
12/19/2016 13:22:33.545 __WiFiManagerSetEnableState: state TRUE, manager->enable.setting TRUE, manager->unlockedSinceBoot TRUE
12/19/2016 13:22:33.546 Auto association attempt canceled because MIS is enabled. MIS client count: wifi=4 bt=0
12/19/2016 13:22:33.558 Background Network Application entered
12/19/2016 13:22:33.558 BG Application: Not Present, BG Daemon: Present. Daemons: mediaserverd apsd 
12/19/2016 13:22:33.558 __WiFiManagerSetEnableState: state TRUE, manager->enable.setting TRUE, manager->unlockedSinceBoot TRUE
12/19/2016 13:22:33.558 Auto association attempt canceled because MIS is enabled. MIS client count: wifi=4 bt=0
12/19/2016 13:22:59.610 WiFiLocaleManagerCheckLocale: location service or wifi is off, set locale to default
12/19/2016 13:22:59.611 new locale:  , locale: 
12/19/2016 13:24:23.481 __WiFiManagerCellularTransmitCallback_block_invoke: Cellular Transmit Started = FALSE
12/19/2016 13:24:25.197 __WiFiManagerCellularTransmitCallback_block_invoke: Cellular Transmit Started = TRUE
12/19/2016 13:24:45.294 WoW is Disabled, 0 WoW Clients
12/19/2016 13:24:59.612 WiFiLocaleManagerCheckLocale: location service or wifi is off, set locale to default
12/19/2016 13:24:59.612 new locale:  , locale: 
12/19/2016 13:25:00.528 __WiFiDeviceProcessDumpLogsEvent: Dump logs event received, dumped wifid log buffer to file
