12/15/2016 17:28:13.294 __WiFiManagerCellularTransmitCallback_block_invoke: Cellular Transmit Started = FALSE
12/15/2016 17:28:13.544 __WiFiManagerCellularTransmitCallback_block_invoke: Cellular Transmit Started = TRUE
12/15/2016 17:28:31.612 __WiFiManagerCellularTransmitCallback_block_invoke: Cellular Transmit Started = FALSE
12/15/2016 17:28:31.622 __WiFiManagerCellularTransmitCallback_block_invoke: Cellular Transmit Started = FALSE
12/15/2016 17:28:31.803 __WiFiManagerCellularTransmitCallback_block_invoke: Cellular Transmit Started = TRUE
12/15/2016 17:28:39.513 WiFiLocaleManagerCheckLocale: location service or wifi is off, set locale to default
12/15/2016 17:28:39.513 new locale:  , locale: 
12/15/2016 17:28:40.868 __WiFiManagerCellularTransmitCallback_block_invoke: Cellular Transmit Started = FALSE
12/15/2016 17:28:41.128 __WiFiManagerCellularTransmitCallback_block_invoke: Cellular Transmit Started = TRUE
12/15/2016 17:28:43.938 WoW is Disabled, 0 WoW Clients
12/15/2016 17:29:25.198 __WiFiManagerCellularTransmitCallback_block_invoke: Cellular Transmit Started = FALSE
12/15/2016 17:29:25.728 __WiFiManagerCellularTransmitCallback_block_invoke: Cellular Transmit Started = TRUE
12/15/2016 17:30:03.856 __WiFiManagerCellularTransmitCallback_block_invoke: Cellular Transmit Started = FALSE
12/15/2016 17:30:03.865 __WiFiManagerCellularTransmitCallback_block_invoke: Cellular Transmit Started = FALSE
12/15/2016 17:30:11.082 __WiFiManagerCellularTransmitCallback_block_invoke: Cellular Transmit Started = TRUE
12/15/2016 17:30:38.645 __WiFiManagerCellularTransmitCallback_block_invoke: Cellular Transmit Started = FALSE
12/15/2016 17:30:39.513 WiFiLocaleManagerCheckLocale: location service or wifi is off, set locale to default
12/15/2016 17:30:39.513 new locale:  , locale: 
12/15/2016 17:30:41.867 __WiFiManagerCellularTransmitCallback_block_invoke: Cellular Transmit Started = TRUE
12/15/2016 17:30:46.940 __WiFiManagerCellularTransmitCallback_block_invoke: Cellular Transmit Started = FALSE
12/15/2016 17:30:49.544 __WiFiManagerCellularTransmitCallback_block_invoke: Cellular Transmit Started = TRUE
12/15/2016 17:31:13.642 __WiFiManagerCellularTransmitCallback_block_invoke: Cellular Transmit Started = FALSE
12/15/2016 17:31:20.041 __WiFiManagerCellularTransmitCallback_block_invoke: Cellular Transmit Started = TRUE
12/15/2016 17:31:33.708 __WiFiManagerCellularTransmitCallback_block_invoke: Cellular Transmit Started = FALSE
12/15/2016 17:31:37.741 __WiFiManagerCellularTransmitCallback_block_invoke: Cellular Transmit Started = TRUE
12/15/2016 17:32:12.902 __WiFiManagerCellularTransmitCallback_block_invoke: Cellular Transmit Started = FALSE
12/15/2016 17:32:17.818 __WiFiManagerCellularTransmitCallback_block_invoke: Cellular Transmit Started = TRUE
12/15/2016 17:32:22.882 __WiFiManagerCellularTransmitCallback_block_invoke: Cellular Transmit Started = FALSE
12/15/2016 17:32:23.888 __WiFiManagerCellularTransmitCallback_block_invoke: Cellular Transmit Started = TRUE
12/15/2016 17:32:37.674 __WiFiDeviceProcessDumpLogsEvent: Dump logs event received, dumped wifid log buffer to file
