12/23/2016 19:09:37.062 Async scan requested by "locationd" for 1 iterations with maxage=0 priority normal on en0
12/23/2016 19:09:37.062 Enqueuing command type: "Scan" pending commands: 0
12/23/2016 19:09:37.062 Dequeuing command type: "Scan" pending commands: 0
12/23/2016 19:09:37.062 Attempting Apple80211ScanAsync on en0
12/23/2016 19:09:37.449 Completed Apple80211ScanAsync on en0 (0x0)
12/23/2016 19:09:37.449 Async scan request completed for "locationd" (0)
12/23/2016 19:09:43.062 Async scan requested by "locationd" for 1 iterations with maxage=0 priority normal on en0
12/23/2016 19:09:43.062 Enqueuing command type: "Scan" pending commands: 0
12/23/2016 19:09:43.062 Dequeuing command type: "Scan" pending commands: 0
12/23/2016 19:09:43.062 Attempting Apple80211ScanAsync on en0
12/23/2016 19:09:43.448 Completed Apple80211ScanAsync on en0 (0x0)
12/23/2016 19:09:43.448 Async scan request completed for "locationd" (0)
12/23/2016 19:09:49.111 Async scan requested by "locationd" for 1 iterations with maxage=0 priority normal on en0
12/23/2016 19:09:49.111 Enqueuing command type: "Scan" pending commands: 0
12/23/2016 19:09:49.112 Dequeuing command type: "Scan" pending commands: 0
12/23/2016 19:09:49.112 Attempting Apple80211ScanAsync on en0
12/23/2016 19:09:49.495 Completed Apple80211ScanAsync on en0 (0x0)
12/23/2016 19:09:49.496 Async scan request completed for "locationd" (0)
12/23/2016 19:09:55.060 Async scan requested by "locationd" for 1 iterations with maxage=0 priority normal on en0
12/23/2016 19:09:55.060 Enqueuing command type: "Scan" pending commands: 0
12/23/2016 19:09:55.060 Dequeuing command type: "Scan" pending commands: 0
12/23/2016 19:09:55.060 Attempting Apple80211ScanAsync on en0
12/23/2016 19:09:55.443 Completed Apple80211ScanAsync on en0 (0x0)
12/23/2016 19:09:55.444 Async scan request completed for "locationd" (0)
12/23/2016 19:09:59.175 Disable WoW requested by "apsd"
12/23/2016 19:09:59.175 WoW Capable = YES, Attempting to disable WoW and enable LPAS 
12/23/2016 19:09:59.175 Setting WoW params to <CFBasicHash 0x14cf0e340 [0x1a0950150]>{type = immutable dict, count = 3,
entries =>
	0 : <CFString 0x100175960 [0x1a0950150]>{contents = "IO80211InterfaceEnableLowPwrAssocMode"} = <CFBoolean 0x1a09506c8 [0x1a0950150]>{value = true}
	1 : <CFString 0x100175940 [0x1a0950150]>{contents = "IO80211InterfaceEnableWoW"} = <CFBoolean 0x1a09506d8 [0x1a0950150]>{value = false}
	2 : <CFString 0x100185ae0 [0x1a0950150]>{contents = "IO80211InterfaceEnableWoWOnCaptive"} = <CFBoolean 0x1a09506d8 [0x1a0950150]>{value = false}
}

12/23/2016 19:09:59.177 WiFiDeviceRequestAssociatedSleep: ActiveDuringSleepRequested is already removed ((null)).
12/23/2016 19:09:59.177 WoW Disabled, 0 WoW Clients, lpas is Enabled, WoW Override is Disabled, Captive Disabled
12/23/2016 19:09:59.177 Unable to dispatch WowStateChanged message to client MobileMail (268435460)
12/23/2016 19:09:59.178 Unable to dispatch WowStateChanged message to client dataaccessd (268435460)
12/23/2016 19:09:59.178 Unable to dispatch WowStateChanged message to client itunesstored (268435460)
12/23/2016 19:09:59.178 Unable to dispatch WowStateChanged message to client mediaserverd (268435460)
12/23/2016 19:09:59.179 WoW is Disabled, 0 WoW Clients
12/23/2016 19:09:59.179 WoW is Disabled, 0 WoW Clients
12/23/2016 19:09:59.183 WoW is Disabled, 0 WoW Clients
12/23/2016 19:10:01.067 Async scan requested by "locationd" for 1 iterations with maxage=0 priority normal on en0
12/23/2016 19:10:01.067 Enqueuing command type: "Scan" pending commands: 0
12/23/2016 19:10:01.068 Dequeuing command type: "Scan" pending commands: 0
12/23/2016 19:10:01.068 Attempting Apple80211ScanAsync on en0
12/23/2016 19:10:01.452 Completed Apple80211ScanAsync on en0 (0x0)
12/23/2016 19:10:01.452 Async scan request completed for "locationd" (0)
12/23/2016 19:10:04.179 Client apsd set type to normal application
12/23/2016 19:10:04.179 __WiFiManagerSetEnableState: state TRUE, manager->enable.setting TRUE, manager->unlockedSinceBoot TRUE
12/23/2016 19:10:04.179 BG Application: Not Present, BG Daemon: Present. Daemons: MobileMail assistantd mediaserverd 
12/23/2016 19:10:04.194 Client MobileMail set type to normal application
12/23/2016 19:10:04.195 __WiFiManagerSetEnableState: state TRUE, manager->enable.setting TRUE, manager->unlockedSinceBoot TRUE
12/23/2016 19:10:04.195 BG Application: Not Present, BG Daemon: Present. Daemons: assistantd mediaserverd 
12/23/2016 19:10:06.061 Async scan requested by "locationd" for 1 iterations with maxage=0 priority normal on en0
12/23/2016 19:10:06.061 Enqueuing command type: "Scan" pending commands: 0
12/23/2016 19:10:06.061 Dequeuing command type: "Scan" pending commands: 0
12/23/2016 19:10:06.061 Attempting Apple80211ScanAsync on en0
12/23/2016 19:10:06.446 Completed Apple80211ScanAsync on en0 (0x0)
12/23/2016 19:10:06.447 Async scan request completed for "locationd" (0)
12/23/2016 19:10:17.061 Async scan requested by "locationd" for 1 iterations with maxage=0 priority normal on en0
12/23/2016 19:10:17.061 Enqueuing command type: "Scan" pending commands: 0
12/23/2016 19:10:17.061 Dequeuing command type: "Scan" pending commands: 0
12/23/2016 19:10:17.061 Attempting Apple80211ScanAsync on en0
12/23/2016 19:10:17.447 Completed Apple80211ScanAsync on en0 (0x0)
12/23/2016 19:10:17.447 Async scan request completed for "locationd" (0)
12/23/2016 19:10:22.064 Async scan requested by "locationd" for 1 iterations with maxage=0 priority normal on en0
12/23/2016 19:10:22.065 Enqueuing command type: "Scan" pending commands: 0
12/23/2016 19:10:22.065 Dequeuing command type: "Scan" pending commands: 0
12/23/2016 19:10:22.065 Attempting Apple80211ScanAsync on en0
12/23/2016 19:10:22.451 Completed Apple80211ScanAsync on en0 (0x0)
12/23/2016 19:10:22.451 Async scan request completed for "locationd" (0)
12/23/2016 19:10:28.078 Async scan requested by "locationd" for 1 iterations with maxage=0 priority normal on en0
12/23/2016 19:10:28.078 Enqueuing command type: "Scan" pending commands: 0
12/23/2016 19:10:28.078 Dequeuing command type: "Scan" pending commands: 0
12/23/2016 19:10:28.078 Attempting Apple80211ScanAsync on en0
12/23/2016 19:10:28.462 Completed Apple80211ScanAsync on en0 (0x0)
12/23/2016 19:10:28.463 Async scan request completed for "locationd" (0)
12/23/2016 19:10:33.077 Async scan requested by "locationd" for 1 iterations with maxage=0 priority normal on en0
12/23/2016 19:10:33.078 Enqueuing command type: "Scan" pending commands: 0
12/23/2016 19:10:33.078 Dequeuing command type: "Scan" pending commands: 0
12/23/2016 19:10:33.078 Attempting Apple80211ScanAsync on en0
12/23/2016 19:10:33.464 Completed Apple80211ScanAsync on en0 (0x0)
12/23/2016 19:10:33.465 Async scan request completed for "locationd" (0)
12/23/2016 19:10:44.582 WiFiLocaleManagerCheckLocale: trying to determine locale...
12/23/2016 19:10:44.582 WiFiManagerCoreLocationGetCachedLocation: getting cached location...
12/23/2016 19:10:44.604 __WiFiLocaleManagerGetLocaleFromMcc: finding iso country code for mcc 216 ....
12/23/2016 19:10:44.605 WiFiLocationServiceManagerIsLocationValid: cachedLocationTimeout 120.000000 location age 120.019312secs, lifeSpan -1.000000 accuracy 10.000000(highAccReq 0), isValid 1
12/23/2016 19:10:44.605 WiFiLocationServiceManagerStartLowAccuracyMonitoring: Cached low accuracy location is valid
12/23/2016 19:10:44.605 WiFiLocationServiceManagerIsLocationValid: cachedLocationTimeout 120.000000 location age 120.019452secs, lifeSpan -1.000000 accuracy 10.000000(highAccReq 1), isValid 1
12/23/2016 19:10:44.605 WiFiLocationServiceManagerIsLocationValid: cachedLocationTimeout 120.000000 location age 120.019505secs, lifeSpan -1.000000 accuracy 10.000000(highAccReq 0), isValid 1
12/23/2016 19:10:44.605 __WiFiLocationServiceManagerProcessLocationAvailableEvent: isValidHighAccuracyLocation 1,  isValidLowAccuracyLocation 1
12/23/2016 19:10:44.605 __WiFiLocationServiceManagerProcessLocationAvailableEvent: give low accuracy callback
12/23/2016 19:10:44.606 __WiFiLocaleManagerGetLocaleFromLocation: <+47.90455706,+17.15019708> +/- 10.00m (speed 23.51 mps / course 110.04) @ 12/23/16, 7:08:44 PM Central European Standard Time
12/23/2016 19:10:44.606 locale from bounding box 
12/23/2016 19:10:44.606 new locale:  , locale: 
12/23/2016 19:10:44.606 Stopping Low Accuracy Location Monitoring
12/23/2016 19:10:44.606 CLMonitoring is already stopped
12/23/2016 19:10:44.606 Stopping Low Accuracy Location Monitoring
12/23/2016 19:10:44.606 CLMonitoring is already stopped
12/23/2016 19:10:44.606 __WiFiLocationServiceManagerEventCallback, got cb dict {
    eventType = 0;
    location = "<+47.90299367,+17.15812359> +/- 10.00m (speed 3.84 mps / course 104.06) @ 12/23/16, 7:10:44 PM Central European Standard Time";
}
12/23/2016 19:10:44.607 WiFiLocationServiceManagerIsLocationValid: cachedLocationTimeout 120.000000 location age 0.021480secs, lifeSpan -1.000000 accuracy 10.000000(highAccReq 1), isValid 1
12/23/2016 19:10:44.607 WiFiLocationServiceManagerIsLocationValid: cachedLocationTimeout 120.000000 location age 0.021536secs, lifeSpan -1.000000 accuracy 10.000000(highAccReq 0), isValid 1
12/23/2016 19:10:44.607 __WiFiLocationServiceManagerProcessLocationAvailableEvent: isValidHighAccuracyLocation 1,  isValidLowAccuracyLocation 1
12/23/2016 19:10:47.466 scanCache: Purging scan cache
12/23/2016 19:11:41.739 WoW is Disabled, 0 WoW Clients
12/23/2016 19:11:44.549 __WiFiDeviceProcessSTAArriveEvent: staNum 4
12/23/2016 19:11:44.549 WiFiAWDManagerSubmitMetric: metric container could not be generated for metric id <0x90006>
12/23/2016 19:11:44.549 MIS STA Associated: 4 associated clients
12/23/2016 19:11:44.560 WiFiDeviceManagerSetMISMaxStaNumber: Additional tethering clients allowed: 1
12/23/2016 19:11:44.573 WiFiAWDManagerSubmitMetric: metric container could not be generated for metric id <0x90005>
12/23/2016 19:11:44.573 MIS is already Enabled on ap1
12/23/2016 19:11:44.576 MIS Discovery is Disabled
12/23/2016 19:11:47.995 __WiFiDeviceProcessSTALeaveEvent: staNum 3
12/23/2016 19:11:48.001 MIS STA Disassociated: 3 associated clients
12/23/2016 19:11:48.006 WiFiDeviceManagerSetMISMaxStaNumber: Additional tethering clients allowed: 2
12/23/2016 19:11:48.018 MIS is already Enabled on ap1
12/23/2016 19:11:48.025 MIS Discovery is Disabled
12/23/2016 19:12:01.494 __WiFiManagerCellularTransmitCallback_block_invoke: Cellular Transmit Started = FALSE
12/23/2016 19:12:02.087 __WiFiManagerCellularTransmitCallback_block_invoke: Cellular Transmit Started = TRUE
12/23/2016 19:12:44.580 WiFiLocaleManagerCheckLocale: trying to determine locale...
12/23/2016 19:12:44.581 WiFiManagerCoreLocationGetCachedLocation: getting cached location...
12/23/2016 19:12:44.603 __WiFiLocaleManagerGetLocaleFromMcc: finding iso country code for mcc 216 ....
12/23/2016 19:12:44.603 WiFiLocationServiceManagerIsLocationValid: cachedLocationTimeout 120.000000 location age 120.017823secs, lifeSpan -1.000000 accuracy 10.000000(highAccReq 0), isValid 1
12/23/2016 19:12:44.603 WiFiLocationServiceManagerStartLowAccuracyMonitoring: Cached low accuracy location is valid
12/23/2016 19:12:44.603 WiFiLocationServiceManagerIsLocationValid: cachedLocationTimeout 120.000000 location age 120.017961secs, lifeSpan -1.000000 accuracy 10.000000(highAccReq 1), isValid 1
12/23/2016 19:12:44.603 WiFiLocationServiceManagerIsLocationValid: cachedLocationTimeout 120.000000 location age 120.018016secs, lifeSpan -1.000000 accuracy 10.000000(highAccReq 0), isValid 1
12/23/2016 19:12:44.603 __WiFiLocationServiceManagerProcessLocationAvailableEvent: isValidHighAccuracyLocation 1,  isValidLowAccuracyLocation 1
12/23/2016 19:12:44.603 __WiFiLocationServiceManagerProcessLocationAvailableEvent: give low accuracy callback
12/23/2016 19:12:44.604 __WiFiLocaleManagerGetLocaleFromLocation: <+47.90299367,+17.15812359> +/- 10.00m (speed 3.84 mps / course 104.06) @ 12/23/16, 7:10:44 PM Central European Standard Time
12/23/2016 19:12:44.604 locale from bounding box 
12/23/2016 19:12:44.604 new locale:  , locale: 
12/23/2016 19:12:44.604 Stopping Low Accuracy Location Monitoring
12/23/2016 19:12:44.605 CLMonitoring is already stopped
12/23/2016 19:12:44.605 Stopping Low Accuracy Location Monitoring
12/23/2016 19:12:44.605 CLMonitoring is already stopped
12/23/2016 19:12:44.605 __WiFiLocationServiceManagerEventCallback, got cb dict {
    eventType = 0;
    location = "<+47.90224047,+17.16166017> +/- 10.00m (speed 3.62 mps / course 110.04) @ 12/23/16, 7:12:44 PM Central European Standard Time";
}
12/23/2016 19:12:44.605 WiFiLocationServiceManagerIsLocationValid: cachedLocationTimeout 120.000000 location age 0.021352secs, lifeSpan -1.000000 accuracy 10.000000(highAccReq 1), isValid 1
12/23/2016 19:12:44.605 WiFiLocationServiceManagerIsLocationValid: cachedLocationTimeout 120.000000 location age 0.021407secs, lifeSpan -1.000000 accuracy 10.000000(highAccReq 0), isValid 1
12/23/2016 19:12:44.605 __WiFiLocationServiceManagerProcessLocationAvailableEvent: isValidHighAccuracyLocation 1,  isValidLowAccuracyLocation 1
12/23/2016 19:13:35.063 DeviceClient["WirelessRadioMan"] setCoexParameters["MWS_Blacklisted_Channels"] = <CFArray 0x14cda1090 [0x1a0950150]>{type = mutable-small, count = 5, values = (
	0 : <CFBasicHash 0x14cf28300 [0x1a0950150]>{type = mutable dict, count = 1,
entries =>
	2 : <CFString 0x14e01a8b0 [0x1a0950150]>{contents = "MWS_Channel_Number"} = <CFNumber 0xb000000000000093 [0x1a0950150]>{value = +9, type = kCFNumberSInt64Type}
}

	1 : <CFBasicHash 0x14cf63a80 [0x1a0950150]>{type = mutable dict, count = 1,
entries =>
	2 : <CFString 0x14e01a8b0 [0x1a0950150]>{contents = "MWS_Channel_Number"} = <CFNumber 0xb0000000000000a3 [0x1a0950150]>{value = +10, type = kCFNumberSInt64Type}
}

	2 : <CFBasicHash 0x14cf51130 [0x1a0950150]>{type = mutable dict, count = 1,
entries =>
	2 : <CFString 0x14e01a8b0 [0x1a0950150]>{contents = "MWS_Channel_Number"} = <CFNumber 0xb0000000000000b3 [0x1a0950150]>{value = +11, type = kCFNumberSInt64Type}
}

	3 : <CFBasicHash 0x14cf26970 [0x1a0950150]>{type = mutable dict, count = 1,
entries =>
	2 : <CFString 0x14e01a8b0 [0x1a0950150]>{contents = "MWS_Channel_Number"} = <CFNumber 0xb0000000000000c3 [0x1a0950150]>{value = +12, type = kCFNumberSInt64Type}
}

	4 : <CFBasicHash 0x14cd7bc30 [0x1a0950150]>{type = mutable dict, count = 1,
entries =>
	2 : <CFString 0x14e01a8b0 [0x1a0950150]>{contents = "MWS_Channel_Number"} = <CFNumber 0xb0000000000000d3 [0x1a0950150]>{value = +13, type = kCFNumberSInt64Type}
}

)}
12/23/2016 19:13:35.393 __WiFiManagerCellularTransmitCallback_block_invoke: Cellular Transmit Started = FALSE
12/23/2016 19:13:38.442 Low bw cellular data available, so WiFi would stay connected under low signal quality
12/23/2016 19:13:38.444 WiFiLQAMgrSetWiFiFallBackPref: LQAManager WiFiFallBackPreference enabled 
12/23/2016 19:13:39.252 __WiFiManagerCellularTransmitCallback_block_invoke: Cellular Transmit Started = TRUE
12/23/2016 19:14:01.982 __WiFiManagerCellularTransmitCallback_block_invoke: Cellular Transmit Started = FALSE
12/23/2016 19:14:03.085 __WiFiManagerCellularTransmitCallback_block_invoke: Cellular Transmit Started = TRUE
12/23/2016 19:14:04.414 High bw cellular data available, so WiFi would disconnect under low signal quality
12/23/2016 19:14:04.414 WiFiLQAMgrSetWiFiFallBackPref: LQAManager WiFiFallBackPreference disabled 
12/23/2016 19:14:12.066 Async scan requested by "locationd" for 1 iterations with maxage=0 priority normal on en0
12/23/2016 19:14:12.066 Enqueuing command type: "Scan" pending commands: 0
12/23/2016 19:14:12.066 Dequeuing command type: "Scan" pending commands: 0
12/23/2016 19:14:12.066 Attempting Apple80211ScanAsync on en0
12/23/2016 19:14:12.450 Completed Apple80211ScanAsync on en0 (0x0)
12/23/2016 19:14:12.451 Async scan request completed for "locationd" (0)
12/23/2016 19:14:17.067 Async scan requested by "locationd" for 1 iterations with maxage=0 priority normal on en0
12/23/2016 19:14:17.067 Enqueuing command type: "Scan" pending commands: 0
12/23/2016 19:14:17.067 Dequeuing command type: "Scan" pending commands: 0
12/23/2016 19:14:17.067 Attempting Apple80211ScanAsync on en0
12/23/2016 19:14:17.451 Completed Apple80211ScanAsync on en0 (0x0)
12/23/2016 19:14:17.451 Async scan request completed for "locationd" (0)
12/23/2016 19:14:23.067 Async scan requested by "locationd" for 1 iterations with maxage=0 priority normal on en0
12/23/2016 19:14:23.068 Enqueuing command type: "Scan" pending commands: 0
12/23/2016 19:14:23.068 Dequeuing command type: "Scan" pending commands: 0
12/23/2016 19:14:23.068 Attempting Apple80211ScanAsync on en0
12/23/2016 19:14:23.454 Completed Apple80211ScanAsync on en0 (0x0)
12/23/2016 19:14:23.455 Async scan request completed for "locationd" (0)
12/23/2016 19:14:28.146 __WiFiDeviceProcessSTAArriveEvent: staNum 4
12/23/2016 19:14:28.146 WiFiAWDManagerSubmitMetric: metric container could not be generated for metric id <0x90006>
12/23/2016 19:14:28.146 MIS STA Associated: 4 associated clients
12/23/2016 19:14:28.155 WiFiDeviceManagerSetMISMaxStaNumber: Additional tethering clients allowed: 1
12/23/2016 19:14:28.157 WiFiAWDManagerSubmitMetric: metric container could not be generated for metric id <0x90005>
12/23/2016 19:14:28.157 MIS is already Enabled on ap1
12/23/2016 19:14:28.160 MIS Discovery is Disabled
12/23/2016 19:14:31.667 __WiFiDeviceProcessDumpLogsEvent: Dump logs event received, dumped wifid log buffer to file
