 1/05/2017 14:25:42.408 Power stats update: Type 0x5 UnassociatedSleepDur 0 AssociatedSleepDur 77833 TotalDur 141299 RoamDur 0
 1/05/2017 14:25:42.408 WiFiAWDManagerSubmitMetric: metric container could not be generated for metric id <0x90010>
 1/05/2017 14:25:42.409 __WiFiLQAMgrLogStats: Rssi: -60 Cca: 53 TxPer: 0.0% (0) BcnPer: 0.0% (50) RxFrms 0 TxRate: 65000 RxRate: 65000
 1/05/2017 14:25:42.410 __WiFiDeviceCopyLinkChangedSubReasonString: Apple80211ReturnToString failed 1
 1/05/2017 14:25:42.410 __WiFiDeviceProcessDriverAvailableEvent: driver availability true, reason Initializing(0xe0821803), subreason (null)(0x0)
 1/05/2017 14:25:42.410 __WiFiManagerDispatchDeviceAvailable: driver availability true

 1/05/2017 14:25:42.411 __WiFiDeviceManagerAutoAssociate: Already connected to DIGI-146A.
 1/05/2017 14:25:42.412 WiFiAWDManagerSubmitMetric: metric container could not be generated for metric id <0x9000e>
 1/05/2017 14:25:42.418 __WiFiDeviceManagerAutoAssociate: Already connected to DIGI-146A.
 1/05/2017 14:25:42.420 No Change in Background Scan Networks, Skip Re-Programming Background Scan

 1/05/2017 14:25:42.481 __WiFiManagerCellularTransmitCallback_block_invoke: Cellular Transmit Started = TRUE
 1/05/2017 14:25:42.940 WoW is Disabled, 0 WoW Clients
 1/05/2017 14:25:47.220 __WiFiManagerCellularTransmitCallback_block_invoke: Cellular Transmit Started = FALSE
 1/05/2017 14:25:58.378 Received kIOMessageSystemWillSleep
 1/05/2017 14:25:58.378 System Sleep notification, Disabling auto-join
 1/05/2017 14:25:58.378 __WiFiManagerSetEnableState: state FALSE, manager->enable.setting TRUE, manager->unlockedSinceBoot TRUE
 1/05/2017 14:25:58.378 Disabling automatic association
 1/05/2017 14:25:58.427 WoW is Disabled, 0 WoW Clients
 1/05/2017 14:25:58.553 __WiFiDeviceCopyLinkChangedSubReasonString: Apple80211ReturnToString failed 1
 1/05/2017 14:25:58.553 __WiFiDeviceProcessDriverAvailableEvent: driver availability false, reason PowerOff(0xe0821804), subreason (null)(0x0)
 1/05/2017 14:25:58.553 __WiFiManagerDispatchDeviceAvailable: driver availability false

 1/05/2017 14:25:58.554 WiFiAWDManagerSubmitMetric: metric container could not be generated for metric id <0x9000e>
 1/05/2017 14:25:58.556 __WiFiDeviceManagerAwdlAvailableCallback: AWDL availability changed to FALSE
 1/05/2017 14:25:58.558 WoW is Disabled, 0 WoW Clients
 1/05/2017 14:26:51.436 Received kIOMessageSystemWillPowerOn
 1/05/2017 14:26:51.436 System wake reason: AOP.ExternalReq baseband
 1/05/2017 14:26:51.436 System Powered ON notification Re-enabling auto-join
 1/05/2017 14:26:51.436 __WiFiManagerSetEnableState: state TRUE, manager->enable.setting TRUE, manager->unlockedSinceBoot TRUE
 1/05/2017 14:26:51.436 Enabling automatic association
 1/05/2017 14:26:51.437 __WiFiDeviceManagerAutoAssociate: Already connected to DIGI-146A.
 1/05/2017 14:26:51.438 WiFiLocaleManagerCheckLocale: location service or wifi is off, set locale to default
 1/05/2017 14:26:51.438 new locale:  , locale: 
 1/05/2017 14:26:51.444 Power stats update: Type 0x5 UnassociatedSleepDur 0 AssociatedSleepDur 29978 TotalDur 52821 RoamDur 0
 1/05/2017 14:26:51.444 WiFiAWDManagerSubmitMetric: metric container could not be generated for metric id <0x90010>
 1/05/2017 14:26:51.445 __WiFiLQAMgrLogStats: Rssi: -61 Cca: 48 TxPer: 0.0% (0) BcnPer: 0.0% (0) RxFrms 0 TxRate: 0 RxRate: 0
 1/05/2017 14:26:51.446 __WiFiDeviceCopyLinkChangedSubReasonString: Apple80211ReturnToString failed 1
 1/05/2017 14:26:51.446 __WiFiDeviceProcessDriverAvailableEvent: driver availability true, reason Initializing(0xe0821803), subreason (null)(0x0)
 1/05/2017 14:26:51.446 __WiFiManagerDispatchDeviceAvailable: driver availability true

 1/05/2017 14:26:51.448 __WiFiDeviceManagerAutoAssociate: Already connected to DIGI-146A.
 1/05/2017 14:26:51.448 WiFiAWDManagerSubmitMetric: metric container could not be generated for metric id <0x9000e>
 1/05/2017 14:26:51.450 __WiFiDeviceManagerAutoAssociate: Already connected to DIGI-146A.
 1/05/2017 14:26:51.451 No Change in Background Scan Networks, Skip Re-Programming Background Scan

 1/05/2017 14:26:51.469 __WiFiDeviceManagerAwdlAvailableCallback: AWDL availability changed to TRUE
 1/05/2017 14:26:51.547 __WiFiManagerCellularTransmitCallback_block_invoke: Cellular Transmit Started = TRUE
 1/05/2017 14:26:51.959 WoW is Disabled, 0 WoW Clients
 1/05/2017 14:26:52.473 Device display is ON
 1/05/2017 14:26:52.473 __WiFiManagerSetEnableState: state TRUE, manager->enable.setting TRUE, manager->unlockedSinceBoot TRUE
 1/05/2017 14:26:52.474 __WiFiDeviceManagerAutoAssociate: Already connected to DIGI-146A.
 1/05/2017 14:26:56.291 __WiFiManagerCellularTransmitCallback_block_invoke: Cellular Transmit Started = FALSE
 1/05/2017 14:27:00.173 __WiFiManagerCellularTransmitCallback_block_invoke: Cellular Transmit Started = TRUE
 1/05/2017 14:27:01.404 __WiFiLQAMgrLogStats: Rssi: -60 Cca: 34 TxPer: 0.0% (31) BcnPer: 2.0% (50) RxFrms 29 TxRate: 72222 RxRate: 65000
 1/05/2017 14:27:05.379 __WiFiManagerCellularTransmitCallback_block_invoke: Cellular Transmit Started = FALSE
 1/05/2017 14:27:06.412 __WiFiLQAMgrLogStats: Rssi: -61 Cca: 3 TxPer: 0.0% (3) BcnPer: 0.0% (0) RxFrms 6 TxRate: 72222 RxRate: 65000
 1/05/2017 14:27:06.892 Device display is OFF
 1/05/2017 14:27:11.420 __WiFiLQAMgrLogStats: Rssi: -61 Cca: 3 TxPer: 0.0% (1) BcnPer: 2.0% (50) RxFrms 1 TxRate: 72222 RxRate: 65000
 1/05/2017 14:27:16.429 __WiFiLQAMgrLogStats: Rssi: -62 Cca: 51 TxPer: 0.0% (0) BcnPer: 0.0% (50) RxFrms 0 TxRate: 72222 RxRate: 65000
 1/05/2017 14:27:21.443 __WiFiLQAMgrLogStats: Rssi: -67 Cca: 56 TxPer: 0.0% (3) BcnPer: 2.0% (50) RxFrms 2 TxRate: 72222 RxRate: 65000
 1/05/2017 14:27:24.197 Received kIOMessageSystemWillSleep
 1/05/2017 14:27:24.199 System Sleep notification, Disabling auto-join
 1/05/2017 14:27:24.199 __WiFiManagerSetEnableState: state FALSE, manager->enable.setting TRUE, manager->unlockedSinceBoot TRUE
 1/05/2017 14:27:24.199 Disabling automatic association
 1/05/2017 14:27:24.233 WoW is Disabled, 0 WoW Clients
 1/05/2017 14:27:24.319 BG Application: Not Present, BG Daemon: Present. Daemons: mediaserverd 
 1/05/2017 14:27:24.320 __WiFiDeviceCopyLinkChangedSubReasonString: Apple80211ReturnToString failed 1
 1/05/2017 14:27:24.320 __WiFiDeviceProcessDriverAvailableEvent: driver availability false, reason PowerOff(0xe0821804), subreason (null)(0x0)
 1/05/2017 14:27:24.320 __WiFiManagerDispatchDeviceAvailable: driver availability false

 1/05/2017 14:27:24.322 WiFiAWDManagerSubmitMetric: metric container could not be generated for metric id <0x9000e>
 1/05/2017 14:27:24.322 BG Application: Not Present, BG Daemon: Present. Daemons: mediaserverd 
 1/05/2017 14:27:24.323 __WiFiDeviceManagerAwdlAvailableCallback: AWDL availability changed to FALSE
 1/05/2017 14:27:24.329 WoW is Disabled, 0 WoW Clients
 1/05/2017 14:29:00.697 Received kIOMessageSystemWillPowerOn
 1/05/2017 14:29:00.697 System wake reason: AOP.ExternalReq baseband
 1/05/2017 14:29:00.697 System Powered ON notification Re-enabling auto-join
 1/05/2017 14:29:00.698 __WiFiManagerSetEnableState: state TRUE, manager->enable.setting TRUE, manager->unlockedSinceBoot TRUE
 1/05/2017 14:29:00.698 Enabling automatic association
 1/05/2017 14:29:00.698 __WiFiDeviceManagerAutoAssociate: Already connected to DIGI-146A.
 1/05/2017 14:29:00.698 WiFiLocaleManagerCheckLocale: location service or wifi is off, set locale to default
 1/05/2017 14:29:00.698 new locale:  , locale: 
 1/05/2017 14:29:00.699 Power stats update: Type 0x5 UnassociatedSleepDur 0 AssociatedSleepDur 49911 TotalDur 96341 RoamDur 0
 1/05/2017 14:29:00.699 WiFiAWDManagerSubmitMetric: metric container could not be generated for metric id <0x90010>
 1/05/2017 14:29:00.699 __WiFiLQAMgrLogStats: Rssi: -57 Cca: 37 TxPer: 0.0% (0) BcnPer: 0.0% (0) RxFrms 0 TxRate: 0 RxRate: 0
 1/05/2017 14:29:00.700 __WiFiDeviceCopyLinkChangedSubReasonString: Apple80211ReturnToString failed 1
 1/05/2017 14:29:00.700 __WiFiDeviceProcessDriverAvailableEvent: driver availability true, reason Initializing(0xe0821803), subreason (null)(0x0)
 1/05/2017 14:29:00.700 __WiFiManagerDispatchDeviceAvailable: driver availability true

 1/05/2017 14:29:00.701 __WiFiDeviceManagerAutoAssociate: Already connected to DIGI-146A.
 1/05/2017 14:29:00.701 WiFiAWDManagerSubmitMetric: metric container could not be generated for metric id <0x9000e>
 1/05/2017 14:29:00.721 __WiFiDeviceManagerAutoAssociate: Already connected to DIGI-146A.
 1/05/2017 14:29:00.723 No Change in Background Scan Networks, Skip Re-Programming Background Scan

 1/05/2017 14:29:00.738 __WiFiDeviceManagerAwdlAvailableCallback: AWDL availability changed to TRUE
 1/05/2017 14:29:00.797 __WiFiManagerCellularTransmitCallback_block_invoke: Cellular Transmit Started = TRUE
 1/05/2017 14:29:01.214 WoW is Disabled, 0 WoW Clients
 1/05/2017 14:29:05.556 __WiFiManagerCellularTransmitCallback_block_invoke: Cellular Transmit Started = FALSE
 1/05/2017 14:29:10.667 __WiFiLQAMgrLogStats: Rssi: -57 Cca: 27 TxPer: 0.0% (3) BcnPer: 4.0% (50) RxFrms 3 TxRate: 72222 RxRate: 65000
 1/05/2017 14:29:15.675 __WiFiLQAMgrLogStats: Rssi: -58 Cca: 19 TxPer: 0.0% (3) BcnPer: 0.0% (0) RxFrms 2 TxRate: 72222 RxRate: 65000
 1/05/2017 14:29:20.683 __WiFiLQAMgrLogStats: Rssi: -57 Cca: 54 TxPer: 0.0% (0) BcnPer: 0.0% (50) RxFrms 0 TxRate: 72222 RxRate: 65000
 1/05/2017 14:29:25.698 __WiFiLQAMgrLogStats: Rssi: -58 Cca: 54 TxPer: 0.0% (0) BcnPer: 0.0% (50) RxFrms 1 TxRate: 72222 RxRate: 65000
 1/05/2017 14:29:30.706 __WiFiLQAMgrLogStats: Rssi: -57 Cca: 23 TxPer: 0.0% (2) BcnPer: 0.0% (50) RxFrms 1 TxRate: 72222 RxRate: 65000
 1/05/2017 14:29:33.646 Received kIOMessageSystemWillSleep
 1/05/2017 14:29:33.646 System Sleep notification, Disabling auto-join
 1/05/2017 14:29:33.646 __WiFiManagerSetEnableState: state FALSE, manager->enable.setting TRUE, manager->unlockedSinceBoot TRUE
 1/05/2017 14:29:33.646 Disabling automatic association
 1/05/2017 14:29:33.675 WoW is Disabled, 0 WoW Clients
 1/05/2017 14:29:33.775 __WiFiDeviceManagerAwdlAvailableCallback: AWDL availability changed to FALSE
 1/05/2017 14:29:33.780 __WiFiDeviceCopyLinkChangedSubReasonString: Apple80211ReturnToString failed 1
 1/05/2017 14:29:33.780 __WiFiDeviceProcessDriverAvailableEvent: driver availability false, reason PowerOff(0xe0821804), subreason (null)(0x0)
 1/05/2017 14:29:33.780 __WiFiManagerDispatchDeviceAvailable: driver availability false

 1/05/2017 14:29:33.782 WiFiAWDManagerSubmitMetric: metric container could not be generated for metric id <0x9000e>
 1/05/2017 14:29:33.792 WoW is Disabled, 0 WoW Clients
 1/05/2017 14:34:34.780 Received kIOMessageSystemWillPowerOn
 1/05/2017 14:34:34.839 System wake reason: AOP.ExternalReq wlan
 1/05/2017 14:34:34.839 System Powered ON notification Re-enabling auto-join
 1/05/2017 14:34:34.839 __WiFiManagerSetEnableState: state TRUE, manager->enable.setting TRUE, manager->unlockedSinceBoot TRUE
 1/05/2017 14:34:34.839 Enabling automatic association
 1/05/2017 14:34:34.841 __WiFiDeviceManagerAutoAssociate: Already connected to DIGI-146A.
 1/05/2017 14:34:34.841 WiFiLocaleManagerCheckLocale: location service or wifi is off, set locale to default
 1/05/2017 14:34:34.841 new locale:  , locale: 
 1/05/2017 14:34:34.846 __WiFiDeviceProcessDumpLogsEvent: Dump logs event received, dumped wifid log buffer to file
