 1/16/2017  0:02:38.722 __WiFiDeviceManagerAwdlAvailableCallback: AWDL availability changed to TRUE
 1/16/2017  0:02:38.722 Power stats update: Type 0x6 UnassociatedSleepDur 0 AssociatedSleepDur 784493 TotalDur 792590 RoamDur 0
 1/16/2017  0:02:38.722 WiFiAWDManagerSubmitMetric: metric container could not be generated for metric id <0x90010>
 1/16/2017  0:02:38.723 __WiFiLQAMgrLogStats: Rssi: -59 Cca: 8 TxPer: 0.0% (0) BcnPer: 0.0% (0) RxFrms 0 TxRate: 0 RxRate: 0
 1/16/2017  0:02:38.724 __WiFiDeviceCopyLinkChangedSubReasonString: Apple80211ReturnToString failed 1
 1/16/2017  0:02:38.724 __WiFiDeviceProcessDriverAvailableEvent: driver availability true, reason Initializing(0xe0821803), subreason (null)(0x0)
 1/16/2017  0:02:38.725 __WiFiManagerDispatchDeviceAvailable: driver availability true

 1/16/2017  0:02:38.726 Unable to dispatch message to client MessagesViewServ (268435460)
 1/16/2017  0:02:38.727 __WiFiDeviceManagerAutoAssociate: Already connected to DIGI-146A.
 1/16/2017  0:02:38.727 WiFiAWDManagerSubmitMetric: metric container could not be generated for metric id <0x9000e>
 1/16/2017  0:02:38.728 __WiFiDeviceManagerAutoAssociate: Already connected to DIGI-146A.
 1/16/2017  0:02:38.728 No Change in Background Scan Networks, Skip Re-Programming Background Scan

 1/16/2017  0:02:38.782 __WiFiManagerCellularTransmitCallback_block_invoke: Cellular Transmit Started = TRUE
 1/16/2017  0:02:38.923 Disable WoW requested by "apsd"
 1/16/2017  0:02:38.924 WoW Capable = YES, Attempting to disable WoW and enable LPAS 
 1/16/2017  0:02:38.924 Setting WoW params to <CFBasicHash 0x14e0050b0 [0x1a0950150]>{type = immutable dict, count = 3,
entries =>
	0 : <CFString 0x100175960 [0x1a0950150]>{contents = "IO80211InterfaceEnableLowPwrAssocMode"} = <CFBoolean 0x1a09506c8 [0x1a0950150]>{value = true}
	1 : <CFString 0x100175940 [0x1a0950150]>{contents = "IO80211InterfaceEnableWoW"} = <CFBoolean 0x1a09506d8 [0x1a0950150]>{value = false}
	2 : <CFString 0x100185ae0 [0x1a0950150]>{contents = "IO80211InterfaceEnableWoWOnCaptive"} = <CFBoolean 0x1a09506d8 [0x1a0950150]>{value = false}
}

 1/16/2017  0:02:38.927 WiFiDeviceRequestAssociatedSleep: ActiveDuringSleepRequested is already set (<CFBasicHash 0x14cee38a0 [0x1a0950150]>{type = immutable dict, count = 0,
entries =>
}
).
 1/16/2017  0:02:38.927 WoW Disabled, 0 WoW Clients, lpas is Enabled, WoW Override is Disabled, Captive Disabled
 1/16/2017  0:02:38.927 Unable to dispatch WowStateChanged message to client Preferences (268435460)
 1/16/2017  0:02:38.928 Unable to dispatch WowStateChanged message to client dataaccessd (268435460)
 1/16/2017  0:02:38.928 Unable to dispatch WowStateChanged message to client itunesstored (268435460)
 1/16/2017  0:02:38.928 Unable to dispatch WowStateChanged message to client mediaserverd (268435460)
 1/16/2017  0:02:38.929 Unable to dispatch WowStateChanged message to client MobileMail (268435460)
 1/16/2017  0:02:38.929 Unable to dispatch WowStateChanged message to client profiled (268435460)
 1/16/2017  0:02:38.931 Unable to dispatch WowStateChanged message to client MessagesViewServ (268435460)
 1/16/2017  0:02:38.931 Unable to dispatch WowStateChanged message to client assistantd (268435460)
 1/16/2017  0:02:38.934 WoW is Disabled, 0 WoW Clients
 1/16/2017  0:02:38.934 WoW is Disabled, 0 WoW Clients
 1/16/2017  0:02:38.934 WoW is Disabled, 0 WoW Clients
 1/16/2017  0:02:39.043 WoW is Disabled, 0 WoW Clients
 1/16/2017  0:02:39.081 WoW is Disabled, 0 WoW Clients
 1/16/2017  0:02:43.463 __WiFiManagerCellularTransmitCallback_block_invoke: Cellular Transmit Started = FALSE
 1/16/2017  0:02:43.853 Client apsd set type to normal application
 1/16/2017  0:02:43.853 __WiFiManagerSetEnableState: state TRUE, manager->enable.setting TRUE, manager->unlockedSinceBoot TRUE
 1/16/2017  0:02:43.853 BG Application: Not Present, BG Daemon: Present. Daemons: mediaserverd 
 1/16/2017  0:02:48.582 __WiFiLQAMgrLogStats: Rssi: -58 Cca: 28 TxPer: 0.0% (2) BcnPer: 0.0% (50) RxFrms 171 TxRate: 72222 RxRate: 65000
 1/16/2017  0:02:48.854 Received kIOMessageSystemWillSleep
 1/16/2017  0:02:48.854 System Sleep notification, Disabling auto-join
 1/16/2017  0:02:48.854 __WiFiManagerSetEnableState: state FALSE, manager->enable.setting TRUE, manager->unlockedSinceBoot TRUE
 1/16/2017  0:02:48.854 Disabling automatic association
 1/16/2017  0:02:48.907 WoW is Disabled, 0 WoW Clients
 1/16/2017  0:02:49.004 __WiFiDeviceCopyLinkChangedSubReasonString: Apple80211ReturnToString failed 1
 1/16/2017  0:02:49.004 __WiFiDeviceProcessDriverAvailableEvent: driver availability false, reason PowerOff(0xe0821804), subreason (null)(0x0)
 1/16/2017  0:02:49.005 __WiFiManagerDispatchDeviceAvailable: driver availability false

 1/16/2017  0:02:49.006 Unable to dispatch message to client MessagesViewServ (268435460)
 1/16/2017  0:02:49.006 WiFiAWDManagerSubmitMetric: metric container could not be generated for metric id <0x9000e>
 1/16/2017  0:02:49.017 __WiFiDeviceManagerAwdlAvailableCallback: AWDL availability changed to FALSE
 1/16/2017  0:02:49.029 WoW is Disabled, 0 WoW Clients
 1/16/2017  0:03:31.078 Received kIOMessageSystemWillPowerOn
 1/16/2017  0:03:31.078 System wake reason: AOP.ExternalReq baseband
 1/16/2017  0:03:31.078 System Powered ON notification Re-enabling auto-join
 1/16/2017  0:03:31.078 __WiFiManagerSetEnableState: state TRUE, manager->enable.setting TRUE, manager->unlockedSinceBoot TRUE
 1/16/2017  0:03:31.078 Enabling automatic association
 1/16/2017  0:03:31.079 __WiFiDeviceManagerAutoAssociate: Already connected to DIGI-146A.
 1/16/2017  0:03:31.079 WiFiLocaleManagerCheckLocale: location service or wifi is off, set locale to default
 1/16/2017  0:03:31.079 new locale:  , locale: 
 1/16/2017  0:03:31.079 Power stats update: Type 0x5 UnassociatedSleepDur 0 AssociatedSleepDur 23892 TotalDur 42026 RoamDur 0
 1/16/2017  0:03:31.080 WiFiAWDManagerSubmitMetric: metric container could not be generated for metric id <0x90010>
 1/16/2017  0:03:31.080 __WiFiLQAMgrLogStats: Rssi: -58 Cca: 55 TxPer: 0.0% (2) BcnPer: 0.0% (50) RxFrms 171 TxRate: 72222 RxRate: 65000
 1/16/2017  0:03:31.081 __WiFiDeviceCopyLinkChangedSubReasonString: Apple80211ReturnToString failed 1
 1/16/2017  0:03:31.081 __WiFiDeviceProcessDriverAvailableEvent: driver availability true, reason Initializing(0xe0821803), subreason (null)(0x0)
 1/16/2017  0:03:31.081 __WiFiManagerDispatchDeviceAvailable: driver availability true

 1/16/2017  0:03:31.085 Unable to dispatch message to client MessagesViewServ (268435460)
 1/16/2017  0:03:31.086 __WiFiDeviceManagerAutoAssociate: Already connected to DIGI-146A.
 1/16/2017  0:03:31.086 WiFiAWDManagerSubmitMetric: metric container could not be generated for metric id <0x9000e>
 1/16/2017  0:03:31.094 __WiFiDeviceManagerAutoAssociate: Already connected to DIGI-146A.
 1/16/2017  0:03:31.096 No Change in Background Scan Networks, Skip Re-Programming Background Scan

 1/16/2017  0:03:31.152 __WiFiDeviceManagerAwdlAvailableCallback: AWDL availability changed to TRUE
 1/16/2017  0:03:31.173 WoW is Disabled, 0 WoW Clients
 1/16/2017  0:03:31.199 __WiFiManagerCellularTransmitCallback_block_invoke: Cellular Transmit Started = TRUE
 1/16/2017  0:03:35.953 __WiFiManagerCellularTransmitCallback_block_invoke: Cellular Transmit Started = FALSE
 1/16/2017  0:03:39.516 Background Network Application entered
 1/16/2017  0:03:39.516 BG Application: Present, BG Daemon: Present. Daemons: mediaserverd 
 1/16/2017  0:03:39.516 __WiFiManagerSetEnableState: state TRUE, manager->enable.setting TRUE, manager->unlockedSinceBoot TRUE
 1/16/2017  0:03:39.516 __WiFiDeviceManagerAutoAssociate: Already connected to DIGI-146A.
 1/16/2017  0:03:40.024 Background Network Application entered
 1/16/2017  0:03:40.024 BG Application: Not Present, BG Daemon: Present. Daemons: mediaserverd 
 1/16/2017  0:03:40.025 __WiFiManagerSetEnableState: state TRUE, manager->enable.setting TRUE, manager->unlockedSinceBoot TRUE
 1/16/2017  0:03:40.025 __WiFiDeviceManagerAutoAssociate: Already connected to DIGI-146A.
 1/16/2017  0:03:41.068 __WiFiLQAMgrLogStats: Rssi: -58 Cca: 66 TxPer: 0.0% (0) BcnPer: 0.0% (50) RxFrms 6 TxRate: 72222 RxRate: 65000
 1/16/2017  0:03:41.355 Received kIOMessageSystemWillSleep
 1/16/2017  0:03:41.355 System Sleep notification, Disabling auto-join
 1/16/2017  0:03:41.355 __WiFiManagerSetEnableState: state FALSE, manager->enable.setting TRUE, manager->unlockedSinceBoot TRUE
 1/16/2017  0:03:41.355 Disabling automatic association
 1/16/2017  0:03:41.406 WoW is Disabled, 0 WoW Clients
 1/16/2017  0:03:41.522 __WiFiDeviceManagerAwdlAvailableCallback: AWDL availability changed to FALSE
 1/16/2017  0:03:41.522 __WiFiDeviceCopyLinkChangedSubReasonString: Apple80211ReturnToString failed 1
 1/16/2017  0:03:41.522 __WiFiDeviceProcessDriverAvailableEvent: driver availability false, reason PowerOff(0xe0821804), subreason (null)(0x0)
 1/16/2017  0:03:41.522 __WiFiManagerDispatchDeviceAvailable: driver availability false

 1/16/2017  0:03:41.524 Unable to dispatch message to client MessagesViewServ (268435460)
 1/16/2017  0:03:41.524 WiFiAWDManagerSubmitMetric: metric container could not be generated for metric id <0x9000e>
 1/16/2017  0:03:41.527 WoW is Disabled, 0 WoW Clients
 1/16/2017  0:06:54.595 Received kIOMessageSystemWillPowerOn
 1/16/2017  0:06:54.595 System wake reason: AOP.ExternalReq baseband
 1/16/2017  0:06:54.595 System Powered ON notification Re-enabling auto-join
 1/16/2017  0:06:54.595 __WiFiManagerSetEnableState: state TRUE, manager->enable.setting TRUE, manager->unlockedSinceBoot TRUE
 1/16/2017  0:06:54.595 Enabling automatic association
 1/16/2017  0:06:54.596 __WiFiDeviceManagerAutoAssociate: Already connected to DIGI-146A.
 1/16/2017  0:06:54.596 WiFiLocaleManagerCheckLocale: location service or wifi is off, set locale to default
 1/16/2017  0:06:54.596 new locale:  , locale: 
 1/16/2017  0:06:54.597 Power stats update: Type 0x5 UnassociatedSleepDur 0 AssociatedSleepDur 101720 TotalDur 193014 RoamDur 0
 1/16/2017  0:06:54.597 WiFiAWDManagerSubmitMetric: metric container could not be generated for metric id <0x90010>
 1/16/2017  0:06:54.598 __WiFiLQAMgrLogStats: Rssi: -60 Cca: 66 TxPer: 0.0% (0) BcnPer: 0.0% (50) RxFrms 6 TxRate: 72222 RxRate: 65000
 1/16/2017  0:06:54.599 __WiFiDeviceCopyLinkChangedSubReasonString: Apple80211ReturnToString failed 1
 1/16/2017  0:06:54.599 __WiFiDeviceProcessDriverAvailableEvent: driver availability true, reason Initializing(0xe0821803), subreason (null)(0x0)
 1/16/2017  0:06:54.599 __WiFiManagerDispatchDeviceAvailable: driver availability true

 1/16/2017  0:06:54.605 Unable to dispatch message to client MessagesViewServ (268435460)
 1/16/2017  0:06:54.613 __WiFiDeviceManagerAutoAssociate: Already connected to DIGI-146A.
 1/16/2017  0:06:54.613 WiFiAWDManagerSubmitMetric: metric container could not be generated for metric id <0x9000e>
 1/16/2017  0:06:54.619 __WiFiDeviceManagerAutoAssociate: Already connected to DIGI-146A.
 1/16/2017  0:06:54.620 No Change in Background Scan Networks, Skip Re-Programming Background Scan

 1/16/2017  0:06:54.653 __WiFiDeviceManagerAwdlAvailableCallback: AWDL availability changed to TRUE
 1/16/2017  0:06:54.680 WoW is Disabled, 0 WoW Clients
 1/16/2017  0:06:54.702 __WiFiManagerCellularTransmitCallback_block_invoke: Cellular Transmit Started = TRUE
 1/16/2017  0:06:55.265 Device display is ON
 1/16/2017  0:06:55.265 __WiFiManagerSetEnableState: state TRUE, manager->enable.setting TRUE, manager->unlockedSinceBoot TRUE
 1/16/2017  0:06:55.265 __WiFiDeviceManagerAutoAssociate: Already connected to DIGI-146A.
 1/16/2017  0:06:59.513 __WiFiManagerCellularTransmitCallback_block_invoke: Cellular Transmit Started = FALSE
 1/16/2017  0:07:00.818 __WiFiManagerCellularTransmitCallback_block_invoke: Cellular Transmit Started = TRUE
 1/16/2017  0:07:04.580 __WiFiLQAMgrLogStats: Rssi: -58 Cca: 53 TxPer: 0.0% (8) BcnPer: 2.0% (50) RxFrms 24 TxRate: 72222 RxRate: 65000
 1/16/2017  0:07:05.886 __WiFiManagerCellularTransmitCallback_block_invoke: Cellular Transmit Started = FALSE
 1/16/2017  0:07:07.595 Device display is OFF
 1/16/2017  0:07:09.589 __WiFiLQAMgrLogStats: Rssi: -59 Cca: 26 TxPer: 0.0% (3) BcnPer: 0.0% (0) RxFrms 64 TxRate: 72222 RxRate: 65000
 1/16/2017  0:07:14.597 __WiFiLQAMgrLogStats: Rssi: -60 Cca: 26 TxPer: 0.0% (4) BcnPer: 0.0% (50) RxFrms 87 TxRate: 72222 RxRate: 65000
 1/16/2017  0:07:19.605 __WiFiLQAMgrLogStats: Rssi: -59 Cca: 63 TxPer: 0.0% (0) BcnPer: 0.0% (50) RxFrms 78 TxRate: 72222 RxRate: 65000
 1/16/2017  0:07:24.613 __WiFiLQAMgrLogStats: Rssi: -58 Cca: 25 TxPer: 0.0% (2) BcnPer: 0.0% (50) RxFrms 2 TxRate: 72222 RxRate: 65000
 1/16/2017  0:07:27.383 Received kIOMessageSystemWillSleep
 1/16/2017  0:07:27.383 System Sleep notification, Disabling auto-join
 1/16/2017  0:07:27.383 __WiFiManagerSetEnableState: state FALSE, manager->enable.setting TRUE, manager->unlockedSinceBoot TRUE
 1/16/2017  0:07:27.383 Disabling automatic association
 1/16/2017  0:07:27.421 WoW is Disabled, 0 WoW Clients
 1/16/2017  0:07:27.532 __WiFiDeviceManagerAwdlAvailableCallback: AWDL availability changed to FALSE
 1/16/2017  0:07:27.532 __WiFiDeviceCopyLinkChangedSubReasonString: Apple80211ReturnToString failed 1
 1/16/2017  0:07:27.532 __WiFiDeviceProcessDriverAvailableEvent: driver availability false, reason PowerOff(0xe0821804), subreason (null)(0x0)
 1/16/2017  0:07:27.532 __WiFiManagerDispatchDeviceAvailable: driver availability false

 1/16/2017  0:07:27.535 Unable to dispatch message to client MessagesViewServ (268435460)
 1/16/2017  0:07:27.537 WiFiAWDManagerSubmitMetric: metric container could not be generated for metric id <0x9000e>
 1/16/2017  0:07:27.545 WoW is Disabled, 0 WoW Clients
 1/16/2017  0:12:28.705 Received kIOMessageSystemWillPowerOn
 1/16/2017  0:12:28.705 System wake reason: AOP.ExternalReq wlan
 1/16/2017  0:12:28.705 System Powered ON notification Re-enabling auto-join
 1/16/2017  0:12:28.705 __WiFiManagerSetEnableState: state TRUE, manager->enable.setting TRUE, manager->unlockedSinceBoot TRUE
 1/16/2017  0:12:28.705 Enabling automatic association
 1/16/2017  0:12:28.705 __WiFiDeviceManagerAutoAssociate: Already connected to DIGI-146A.
 1/16/2017  0:12:28.706 WiFiLocaleManagerCheckLocale: location service or wifi is off, set locale to default
 1/16/2017  0:12:28.706 new locale:  , locale: 
 1/16/2017  0:12:28.710 __WiFiDeviceProcessDumpLogsEvent: Dump logs event received, dumped wifid log buffer to file
