 1/06/2017 14:00:16.614 Power stats update: Type 0x6 UnassociatedSleepDur 0 AssociatedSleepDur 101490 TotalDur 102684 RoamDur 0
 1/06/2017 14:00:16.614 WiFiAWDManagerSubmitMetric: metric container could not be generated for metric id <0x90010>
 1/06/2017 14:00:16.615 __WiFiLQAMgrLogStats: Rssi: -63 Cca: 32 TxPer: 0.0% (0) BcnPer: 0.0% (0) RxFrms 0 TxRate: 0 RxRate: 0
 1/06/2017 14:00:16.616 __WiFiDeviceCopyLinkChangedSubReasonString: Apple80211ReturnToString failed 1
 1/06/2017 14:00:16.616 __WiFiDeviceProcessDriverAvailableEvent: driver availability true, reason Initializing(0xe0821803), subreason (null)(0x0)
 1/06/2017 14:00:16.616 __WiFiManagerDispatchDeviceAvailable: driver availability true

 1/06/2017 14:00:16.617 __WiFiDeviceManagerAutoAssociate: Already connected to DIGI-146A.
 1/06/2017 14:00:16.618 WiFiAWDManagerSubmitMetric: metric container could not be generated for metric id <0x9000e>
 1/06/2017 14:00:16.618 __WiFiDeviceManagerAutoAssociate: Already connected to DIGI-146A.
 1/06/2017 14:00:16.619 No Change in Background Scan Networks, Skip Re-Programming Background Scan

 1/06/2017 14:00:16.694 __WiFiManagerCellularTransmitCallback_block_invoke: Cellular Transmit Started = TRUE
 1/06/2017 14:00:16.992 Disable WoW requested by "apsd"
 1/06/2017 14:00:16.993 WoW Capable = YES, Attempting to disable WoW and enable LPAS 
 1/06/2017 14:00:16.994 Setting WoW params to <CFBasicHash 0x14cee0170 [0x1a0950150]>{type = immutable dict, count = 3,
entries =>
	0 : <CFString 0x100175960 [0x1a0950150]>{contents = "IO80211InterfaceEnableLowPwrAssocMode"} = <CFBoolean 0x1a09506c8 [0x1a0950150]>{value = true}
	1 : <CFString 0x100175940 [0x1a0950150]>{contents = "IO80211InterfaceEnableWoW"} = <CFBoolean 0x1a09506d8 [0x1a0950150]>{value = false}
	2 : <CFString 0x100185ae0 [0x1a0950150]>{contents = "IO80211InterfaceEnableWoWOnCaptive"} = <CFBoolean 0x1a09506d8 [0x1a0950150]>{value = false}
}

 1/06/2017 14:00:16.995 WiFiDeviceRequestAssociatedSleep: ActiveDuringSleepRequested is already set (<CFBasicHash 0x14cf5e750 [0x1a0950150]>{type = immutable dict, count = 0,
entries =>
}
).
 1/06/2017 14:00:16.995 WoW Disabled, 0 WoW Clients, lpas is Enabled, WoW Override is Disabled, Captive Disabled
 1/06/2017 14:00:16.996 Unable to dispatch WowStateChanged message to client dataaccessd (268435460)
 1/06/2017 14:00:16.997 Unable to dispatch WowStateChanged message to client itunesstored (268435460)
 1/06/2017 14:00:16.999 Unable to dispatch WowStateChanged message to client mediaserverd (268435460)
 1/06/2017 14:00:17.001 Unable to dispatch WowStateChanged message to client MobileMail (268435460)
 1/06/2017 14:00:17.007 Unable to dispatch WowStateChanged message to client profiled (268435460)
 1/06/2017 14:00:17.008 Unable to dispatch WowStateChanged message to client assistantd (268435460)
 1/06/2017 14:00:17.012 WoW is Disabled, 0 WoW Clients
 1/06/2017 14:00:17.012 WoW is Disabled, 0 WoW Clients
 1/06/2017 14:00:17.017 WoW is Disabled, 0 WoW Clients
 1/06/2017 14:00:17.055 WoW is Disabled, 0 WoW Clients
 1/06/2017 14:00:17.552 Device display is ON
 1/06/2017 14:00:17.552 __WiFiManagerSetEnableState: state TRUE, manager->enable.setting TRUE, manager->unlockedSinceBoot TRUE
 1/06/2017 14:00:17.552 __WiFiDeviceManagerAutoAssociate: Already connected to DIGI-146A.
 1/06/2017 14:00:20.288 WiFiLocaleManagerCheckLocale: location service or wifi is off, set locale to default
 1/06/2017 14:00:20.288 new locale:  , locale: 
 1/06/2017 14:00:21.420 __WiFiManagerCellularTransmitCallback_block_invoke: Cellular Transmit Started = FALSE
 1/06/2017 14:00:21.918 Client apsd set type to normal application
 1/06/2017 14:00:21.918 __WiFiManagerSetEnableState: state TRUE, manager->enable.setting TRUE, manager->unlockedSinceBoot TRUE
 1/06/2017 14:00:21.918 BG Application: Not Present, BG Daemon: Present. Daemons: mediaserverd 
 1/06/2017 14:00:26.545 __WiFiLQAMgrLogStats: Rssi: -64 Cca: 20 TxPer: 0.0% (1) BcnPer: 0.0% (50) RxFrms 4 TxRate: 39000 RxRate: 65000
 1/06/2017 14:00:29.174 Device display is OFF
 1/06/2017 14:00:31.552 __WiFiLQAMgrLogStats: Rssi: -62 Cca: 46 TxPer: 0.0% (1) BcnPer: 2.0% (50) RxFrms 5 TxRate: 39000 RxRate: 65000
 1/06/2017 14:00:31.614 Device display is ON
 1/06/2017 14:00:31.614 __WiFiManagerSetEnableState: state TRUE, manager->enable.setting TRUE, manager->unlockedSinceBoot TRUE
 1/06/2017 14:00:31.617 __WiFiDeviceManagerAutoAssociate: Already connected to DIGI-146A.
 1/06/2017 14:00:35.626 ATJManager: setting ask-to-join interaction mode to Interactive
 1/06/2017 14:00:35.626 ATJManager: no entries to purge
 1/06/2017 14:00:35.627 User interaction ENABLED
 1/06/2017 14:00:35.627 Ignoring lock state manager->wakeMode 1

 1/06/2017 14:00:35.627 problematic networks =  and potentially problematic networks = 
 1/06/2017 14:00:35.627 Unblacklisting
 1/06/2017 14:00:35.627 No Change in Background Scan Networks, Skip Re-Programming Background Scan

 1/06/2017 14:00:35.627 __WiFiDeviceManagerAutoAssociate: Already connected to DIGI-146A.
 1/06/2017 14:00:36.555 __WiFiLQAMgrLogStats: Rssi: -62 Cca: 8 TxPer: 0.0% (7) BcnPer: 0.0% (0) RxFrms 10 TxRate: 39000 RxRate: 65000
 1/06/2017 14:00:36.872 __WiFiManagerCellularTransmitCallback_block_invoke: Cellular Transmit Started = TRUE
 1/06/2017 14:00:41.563 __WiFiLQAMgrLogStats: Rssi: -67 Cca: 8 TxPer: 0.0% (6) BcnPer: 0.0% (50) RxFrms 9 TxRate: 52000 RxRate: 52000
 1/06/2017 14:00:42.176 __WiFiManagerCellularTransmitCallback_block_invoke: Cellular Transmit Started = FALSE
 1/06/2017 14:00:42.283 Client apsd set type to background application
 1/06/2017 14:00:42.283 __WiFiManagerSetEnableState: state TRUE, manager->enable.setting TRUE, manager->unlockedSinceBoot TRUE
 1/06/2017 14:00:42.283 BG Application: Not Present, BG Daemon: Present. Daemons: mediaserverd apsd 
 1/06/2017 14:00:42.284 __WiFiDeviceManagerAutoAssociate: Already connected to DIGI-146A.
 1/06/2017 14:00:42.284 Enable WoW requested by "apsd"
 1/06/2017 14:00:42.285 WoW Capable = YES, Attempting to enable WoW and disable LPAS 
 1/06/2017 14:00:42.285 Setting WoW params to <CFBasicHash 0x14ceee4f0 [0x1a0950150]>{type = immutable dict, count = 3,
entries =>
	0 : <CFString 0x100175960 [0x1a0950150]>{contents = "IO80211InterfaceEnableLowPwrAssocMode"} = <CFBoolean 0x1a09506d8 [0x1a0950150]>{value = false}
	1 : <CFString 0x100175940 [0x1a0950150]>{contents = "IO80211InterfaceEnableWoW"} = <CFBoolean 0x1a09506c8 [0x1a0950150]>{value = true}
	2 : <CFString 0x100185ae0 [0x1a0950150]>{contents = "IO80211InterfaceEnableWoWOnCaptive"} = <CFBoolean 0x1a09506d8 [0x1a0950150]>{value = false}
}

 1/06/2017 14:00:42.286 WiFiDeviceRequestAssociatedSleep: ActiveDuringSleepRequested is already set (<CFBasicHash 0x14cf1c4a0 [0x1a0950150]>{type = immutable dict, count = 0,
entries =>
}
).
 1/06/2017 14:00:42.286 WoW Enabled by 1 Clients, lpas is Disabled, WoW Override is Disabled, Captive Disabled
 1/06/2017 14:00:42.286 Unable to dispatch WowStateChanged message to client dataaccessd (268435460)
 1/06/2017 14:00:42.286 Unable to dispatch WowStateChanged message to client itunesstored (268435460)
 1/06/2017 14:00:42.286 Unable to dispatch WowStateChanged message to client mediaserverd (268435460)
 1/06/2017 14:00:42.287 Unable to dispatch WowStateChanged message to client MobileMail (268435460)
 1/06/2017 14:00:42.287 Unable to dispatch WowStateChanged message to client profiled (268435460)
 1/06/2017 14:00:42.287 Unable to dispatch WowStateChanged message to client assistantd (268435460)
 1/06/2017 14:00:42.287 apsd[273] is a wow client
 1/06/2017 14:00:42.287 WoW is Enabled, 1 WoW Clients
 1/06/2017 14:00:42.287 apsd[273] is a wow client
 1/06/2017 14:00:42.287 WoW is Enabled, 1 WoW Clients
 1/06/2017 14:00:42.288 apsd[273] is a wow client
 1/06/2017 14:00:42.288 WoW is Enabled, 1 WoW Clients
 1/06/2017 14:00:51.580 __WiFiLQAMgrLogStats: Rssi: -71 Cca: 31 TxPer: 0.0% (1) BcnPer: 0.0% (50) RxFrms 64 TxRate: 58500 RxRate: 39000
 1/06/2017 14:01:01.596 __WiFiLQAMgrLogStats: Rssi: -61 Cca: 35 TxPer: 0.0% (1) BcnPer: 0.0% (50) RxFrms 8 TxRate: 52000 RxRate: 52000
 1/06/2017 14:01:12.016 
Too frequent(0.407275 secs) rssi event from driver, ignoring

 1/06/2017 14:01:18.639 ATJManager: setting ask-to-join interaction mode to NonInteractive
 1/06/2017 14:01:18.639 ATJManager: no entries to purge
 1/06/2017 14:01:18.639 User interaction DISABLED
 1/06/2017 14:01:18.639 Ignoring lock state manager->wakeMode 1

 1/06/2017 14:01:18.642 Device display is OFF
 1/06/2017 14:01:21.630 __WiFiLQAMgrLogStats: Rssi: -67 Cca: 10 TxPer: 0.0% (37) BcnPer: 0.0% (50) RxFrms 78 TxRate: 39000 RxRate: 26000
 1/06/2017 14:01:26.638 __WiFiLQAMgrLogStats: Rssi: -67 Cca: 29 TxPer: 0.0% (14) BcnPer: 0.0% (50) RxFrms 48 TxRate: 39000 RxRate: 26000
 1/06/2017 14:01:28.649 Received kIOMessageSystemWillSleep
 1/06/2017 14:01:28.649 System Sleep notification, Disabling auto-join
 1/06/2017 14:01:28.650 __WiFiManagerSetEnableState: state FALSE, manager->enable.setting TRUE, manager->unlockedSinceBoot TRUE
 1/06/2017 14:01:28.650 Disabling automatic association
 1/06/2017 14:01:28.674 apsd[273] is a wow client
 1/06/2017 14:01:28.674 WoW is Enabled, 1 WoW Clients
 1/06/2017 14:01:28.783 __WiFiDeviceCopyLinkChangedSubReasonString: Apple80211ReturnToString failed 1
 1/06/2017 14:01:28.783 __WiFiDeviceProcessDriverAvailableEvent: driver availability false, reason PowerOff(0xe0821804), subreason (null)(0x0)
 1/06/2017 14:01:28.783 __WiFiManagerDispatchDeviceAvailable: driver availability false

 1/06/2017 14:01:28.783 WiFiAWDManagerSubmitMetric: metric container could not be generated for metric id <0x9000e>
 1/06/2017 14:01:28.785 __WiFiDeviceManagerAwdlAvailableCallback: AWDL availability changed to FALSE
 1/06/2017 14:01:28.788 apsd[273] is a wow client
 1/06/2017 14:01:28.788 WoW is Enabled, 1 WoW Clients
 1/06/2017 14:02:32.204 Received kIOMessageSystemWillPowerOn
 1/06/2017 14:02:32.213 System wake reason: AOP.ExternalReq baseband
 1/06/2017 14:02:32.227 System Powered ON notification Re-enabling auto-join
 1/06/2017 14:02:32.228 __WiFiManagerSetEnableState: state TRUE, manager->enable.setting TRUE, manager->unlockedSinceBoot TRUE
 1/06/2017 14:02:32.233 Enabling automatic association
 1/06/2017 14:02:32.258 __WiFiDeviceManagerAutoAssociate: Already connected to DIGI-146A.
 1/06/2017 14:02:32.258 WiFiLocaleManagerCheckLocale: location service or wifi is off, set locale to default
 1/06/2017 14:02:32.258 new locale:  , locale: 
 1/06/2017 14:02:32.258 Power stats update: Type 0x6 UnassociatedSleepDur 0 AssociatedSleepDur 62600 TotalDur 63378 RoamDur 0
 1/06/2017 14:02:32.258 WiFiAWDManagerSubmitMetric: metric container could not be generated for metric id <0x90010>
 1/06/2017 14:02:32.260 __WiFiLQAMgrLogStats: Rssi: -69 Cca: 29 TxPer: 0.0% (0) BcnPer: 0.0% (0) RxFrms 0 TxRate: 0 RxRate: 0
 1/06/2017 14:02:32.262 __WiFiDeviceManagerAwdlAvailableCallback: AWDL availability changed to TRUE
 1/06/2017 14:02:32.262 __WiFiDeviceCopyLinkChangedSubReasonString: Apple80211ReturnToString failed 1
 1/06/2017 14:02:32.262 __WiFiDeviceProcessDriverAvailableEvent: driver availability true, reason Initializing(0xe0821803), subreason (null)(0x0)
 1/06/2017 14:02:32.263 __WiFiManagerDispatchDeviceAvailable: driver availability true

 1/06/2017 14:02:32.265 __WiFiDeviceManagerAutoAssociate: Already connected to DIGI-146A.
 1/06/2017 14:02:32.265 WiFiAWDManagerSubmitMetric: metric container could not be generated for metric id <0x9000e>
 1/06/2017 14:02:32.272 __WiFiDeviceManagerAutoAssociate: Already connected to DIGI-146A.
 1/06/2017 14:02:32.273 No Change in Background Scan Networks, Skip Re-Programming Background Scan

 1/06/2017 14:02:32.320 __WiFiManagerCellularTransmitCallback_block_invoke: Cellular Transmit Started = TRUE
 1/06/2017 14:02:32.641 Disable WoW requested by "apsd"
 1/06/2017 14:02:32.661 WoW Capable = YES, Attempting to disable WoW and enable LPAS 
 1/06/2017 14:02:32.661 Setting WoW params to <CFBasicHash 0x14cf51130 [0x1a0950150]>{type = immutable dict, count = 3,
entries =>
	0 : <CFString 0x100175960 [0x1a0950150]>{contents = "IO80211InterfaceEnableLowPwrAssocMode"} = <CFBoolean 0x1a09506c8 [0x1a0950150]>{value = true}
	1 : <CFString 0x100175940 [0x1a0950150]>{contents = "IO80211InterfaceEnableWoW"} = <CFBoolean 0x1a09506d8 [0x1a0950150]>{value = false}
	2 : <CFString 0x100185ae0 [0x1a0950150]>{contents = "IO80211InterfaceEnableWoWOnCaptive"} = <CFBoolean 0x1a09506d8 [0x1a0950150]>{value = false}
}

 1/06/2017 14:02:32.662 WiFiDeviceRequestAssociatedSleep: ActiveDuringSleepRequested is already set (<CFBasicHash 0x14cd94500 [0x1a0950150]>{type = immutable dict, count = 0,
entries =>
}
).
 1/06/2017 14:02:32.663 WoW Disabled, 0 WoW Clients, lpas is Enabled, WoW Override is Disabled, Captive Disabled
 1/06/2017 14:02:32.664 Unable to dispatch WowStateChanged message to client dataaccessd (268435460)
 1/06/2017 14:02:32.665 Unable to dispatch WowStateChanged message to client itunesstored (268435460)
 1/06/2017 14:02:32.665 Unable to dispatch WowStateChanged message to client mediaserverd (268435460)
 1/06/2017 14:02:32.666 Unable to dispatch WowStateChanged message to client MobileMail (268435460)
 1/06/2017 14:02:32.666 Unable to dispatch WowStateChanged message to client profiled (268435460)
 1/06/2017 14:02:32.694 Unable to dispatch WowStateChanged message to client assistantd (268435460)
 1/06/2017 14:02:32.699 WoW is Disabled, 0 WoW Clients
 1/06/2017 14:02:32.705 WoW is Disabled, 0 WoW Clients
 1/06/2017 14:02:32.711 WoW is Disabled, 0 WoW Clients
 1/06/2017 14:02:32.812 WoW is Disabled, 0 WoW Clients
 1/06/2017 14:02:32.904 WoW is Disabled, 0 WoW Clients
 1/06/2017 14:02:33.129 Device display is ON
 1/06/2017 14:02:33.129 __WiFiManagerSetEnableState: state TRUE, manager->enable.setting TRUE, manager->unlockedSinceBoot TRUE
 1/06/2017 14:02:33.129 __WiFiDeviceManagerAutoAssociate: Already connected to DIGI-146A.
 1/06/2017 14:02:37.102 __WiFiManagerCellularTransmitCallback_block_invoke: Cellular Transmit Started = FALSE
 1/06/2017 14:02:37.493 Client apsd set type to normal application
 1/06/2017 14:02:37.493 __WiFiManagerSetEnableState: state TRUE, manager->enable.setting TRUE, manager->unlockedSinceBoot TRUE
 1/06/2017 14:02:37.493 BG Application: Not Present, BG Daemon: Present. Daemons: mediaserverd 
 1/06/2017 14:02:38.419 __WiFiManagerCellularTransmitCallback_block_invoke: Cellular Transmit Started = TRUE
 1/06/2017 14:02:38.870 Background Network Application entered
 1/06/2017 14:02:38.870 BG Application: Present, BG Daemon: Present. Daemons: mediaserverd 
 1/06/2017 14:02:38.870 __WiFiManagerSetEnableState: state TRUE, manager->enable.setting TRUE, manager->unlockedSinceBoot TRUE
 1/06/2017 14:02:38.871 __WiFiDeviceManagerAutoAssociate: Already connected to DIGI-146A.
 1/06/2017 14:02:39.401 Device display is OFF
 1/06/2017 14:02:41.143 Background Network Application entered
 1/06/2017 14:02:41.143 BG Application: Not Present, BG Daemon: Present. Daemons: mediaserverd 
 1/06/2017 14:02:41.143 __WiFiManagerSetEnableState: state TRUE, manager->enable.setting TRUE, manager->unlockedSinceBoot TRUE
 1/06/2017 14:02:41.144 __WiFiDeviceManagerAutoAssociate: Already connected to DIGI-146A.
 1/06/2017 14:02:42.188 
Too frequent(0.153245 secs) rssi event from driver, ignoring

 1/06/2017 14:02:43.478 __WiFiManagerCellularTransmitCallback_block_invoke: Cellular Transmit Started = FALSE
 1/06/2017 14:02:47.193 
Too frequent(0.140594 secs) rssi event from driver, ignoring

 1/06/2017 14:02:52.207 
Too frequent(0.036922 secs) rssi event from driver, ignoring

 1/06/2017 14:02:57.215 
Too frequent(0.027241 secs) rssi event from driver, ignoring

 1/06/2017 14:02:57.607 __WiFiManagerCellularTransmitCallback_block_invoke: Cellular Transmit Started = TRUE
 1/06/2017 14:02:58.372 Device display is ON
 1/06/2017 14:02:58.372 __WiFiManagerSetEnableState: state TRUE, manager->enable.setting TRUE, manager->unlockedSinceBoot TRUE
 1/06/2017 14:02:58.373 __WiFiDeviceManagerAutoAssociate: Already connected to DIGI-146A.
 1/06/2017 14:03:02.223 
Too frequent(0.016538 secs) rssi event from driver, ignoring

 1/06/2017 14:03:02.995 __WiFiManagerCellularTransmitCallback_block_invoke: Cellular Transmit Started = FALSE
 1/06/2017 14:03:07.227 __WiFiLQAMgrLogStats: Rssi: -69 Cca: 17 TxPer: 0.0% (0) BcnPer: 0.0% (0) RxFrms 0 TxRate: 98 RxRate: 46350336
 1/06/2017 14:03:07.229 
Too frequent(0.002600 secs) rssi event from driver, ignoring

 1/06/2017 14:03:08.716 Device display is OFF
 1/06/2017 14:03:14.205 Received kIOMessageSystemWillSleep
 1/06/2017 14:03:14.205 System Sleep notification, Disabling auto-join
 1/06/2017 14:03:14.205 __WiFiManagerSetEnableState: state FALSE, manager->enable.setting TRUE, manager->unlockedSinceBoot TRUE
 1/06/2017 14:03:14.205 Disabling automatic association
 1/06/2017 14:03:14.250 WoW is Disabled, 0 WoW Clients
 1/06/2017 14:03:14.362 __WiFiDeviceCopyLinkChangedSubReasonString: Apple80211ReturnToString failed 1
 1/06/2017 14:03:14.362 __WiFiDeviceProcessDriverAvailableEvent: driver availability false, reason PowerOff(0xe0821804), subreason (null)(0x0)
 1/06/2017 14:03:14.362 __WiFiManagerDispatchDeviceAvailable: driver availability false

 1/06/2017 14:03:14.365 WiFiAWDManagerSubmitMetric: metric container could not be generated for metric id <0x9000e>
 1/06/2017 14:03:14.366 __WiFiDeviceManagerAwdlAvailableCallback: AWDL availability changed to FALSE
 1/06/2017 14:03:14.368 WoW is Disabled, 0 WoW Clients
 1/06/2017 14:05:04.529 Received kIOMessageSystemWillPowerOn
 1/06/2017 14:05:04.529 System wake reason: AOP.ExternalReq baseband
 1/06/2017 14:05:04.529 System Powered ON notification Re-enabling auto-join
 1/06/2017 14:05:04.529 __WiFiManagerSetEnableState: state TRUE, manager->enable.setting TRUE, manager->unlockedSinceBoot TRUE
 1/06/2017 14:05:04.529 Enabling automatic association
 1/06/2017 14:05:04.529 __WiFiDeviceManagerAutoAssociate: Already connected to DIGI-146A.
 1/06/2017 14:05:04.529 WiFiLocaleManagerCheckLocale: location service or wifi is off, set locale to default
 1/06/2017 14:05:04.529 new locale:  , locale: 
 1/06/2017 14:05:04.560 __WiFiDeviceManagerAwdlAvailableCallback: AWDL availability changed to TRUE
 1/06/2017 14:05:04.561 Power stats update: Type 0x5 UnassociatedSleepDur 0 AssociatedSleepDur 65682 TotalDur 110121 RoamDur 0
 1/06/2017 14:05:04.561 WiFiAWDManagerSubmitMetric: metric container could not be generated for metric id <0x90010>
 1/06/2017 14:05:04.561 __WiFiLQAMgrLogStats: Rssi: -68 Cca: 17 TxPer: 0.0% (0) BcnPer: 0.0% (0) RxFrms 0 TxRate: 0 RxRate: 0
 1/06/2017 14:05:04.563 __WiFiDeviceCopyLinkChangedSubReasonString: Apple80211ReturnToString failed 1
 1/06/2017 14:05:04.563 __WiFiDeviceProcessDriverAvailableEvent: driver availability true, reason Initializing(0xe0821803), subreason (null)(0x0)
 1/06/2017 14:05:04.563 __WiFiManagerDispatchDeviceAvailable: driver availability true

 1/06/2017 14:05:04.571 __WiFiDeviceManagerAutoAssociate: Already connected to DIGI-146A.
 1/06/2017 14:05:04.571 WiFiAWDManagerSubmitMetric: metric container could not be generated for metric id <0x9000e>
 1/06/2017 14:05:04.580 __WiFiDeviceManagerAutoAssociate: Already connected to DIGI-146A.
 1/06/2017 14:05:04.582 No Change in Background Scan Networks, Skip Re-Programming Background Scan

 1/06/2017 14:05:04.624 __WiFiManagerCellularTransmitCallback_block_invoke: Cellular Transmit Started = TRUE
 1/06/2017 14:05:04.965 WoW is Disabled, 0 WoW Clients
 1/06/2017 14:05:05.574 Device display is ON
 1/06/2017 14:05:05.574 __WiFiManagerSetEnableState: state TRUE, manager->enable.setting TRUE, manager->unlockedSinceBoot TRUE
 1/06/2017 14:05:05.574 __WiFiDeviceManagerAutoAssociate: Already connected to DIGI-146A.
 1/06/2017 14:05:10.241 ATJManager: setting ask-to-join interaction mode to Interactive
 1/06/2017 14:05:10.241 ATJManager: no entries to purge
 1/06/2017 14:05:10.242 User interaction ENABLED
 1/06/2017 14:05:10.242 Ignoring lock state manager->wakeMode 1

 1/06/2017 14:05:10.242 problematic networks =  and potentially problematic networks = 
 1/06/2017 14:05:10.242 Unblacklisting
 1/06/2017 14:05:10.242 No Change in Background Scan Networks, Skip Re-Programming Background Scan

 1/06/2017 14:05:10.242 __WiFiDeviceManagerAutoAssociate: Already connected to DIGI-146A.
 1/06/2017 14:05:11.497 __WiFiManagerCellularTransmitCallback_block_invoke: Cellular Transmit Started = FALSE
 1/06/2017 14:05:13.493 WiFiLocaleManagerCheckLocale: location service or wifi is off, set locale to default
 1/06/2017 14:05:13.493 new locale:  , locale: 
 1/06/2017 14:05:15.826 Client apsd set type to background application
 1/06/2017 14:05:15.827 __WiFiManagerSetEnableState: state TRUE, manager->enable.setting TRUE, manager->unlockedSinceBoot TRUE
 1/06/2017 14:05:15.828 BG Application: Not Present, BG Daemon: Present. Daemons: mediaserverd apsd 
 1/06/2017 14:05:15.828 __WiFiDeviceManagerAutoAssociate: Already connected to DIGI-146A.
 1/06/2017 14:05:15.828 Enable WoW requested by "apsd"
 1/06/2017 14:05:15.829 WoW Capable = YES, Attempting to enable WoW and disable LPAS 
 1/06/2017 14:05:15.829 Setting WoW params to <CFBasicHash 0x14cd91920 [0x1a0950150]>{type = immutable dict, count = 3,
entries =>
	0 : <CFString 0x100175960 [0x1a0950150]>{contents = "IO80211InterfaceEnableLowPwrAssocMode"} = <CFBoolean 0x1a09506d8 [0x1a0950150]>{value = false}
	1 : <CFString 0x100175940 [0x1a0950150]>{contents = "IO80211InterfaceEnableWoW"} = <CFBoolean 0x1a09506c8 [0x1a0950150]>{value = true}
	2 : <CFString 0x100185ae0 [0x1a0950150]>{contents = "IO80211InterfaceEnableWoWOnCaptive"} = <CFBoolean 0x1a09506d8 [0x1a0950150]>{value = false}
}

 1/06/2017 14:05:15.831 WiFiDeviceRequestAssociatedSleep: ActiveDuringSleepRequested is already set (<CFBasicHash 0x14cfb5a10 [0x1a0950150]>{type = immutable dict, count = 0,
entries =>
}
).
 1/06/2017 14:05:15.831 WoW Enabled by 1 Clients, lpas is Disabled, WoW Override is Disabled, Captive Disabled
 1/06/2017 14:05:15.832 Unable to dispatch WowStateChanged message to client dataaccessd (268435460)
 1/06/2017 14:05:15.832 Unable to dispatch WowStateChanged message to client itunesstored (268435460)
 1/06/2017 14:05:15.832 Unable to dispatch WowStateChanged message to client mediaserverd (268435460)
 1/06/2017 14:05:15.833 Unable to dispatch WowStateChanged message to client MobileMail (268435460)
 1/06/2017 14:05:15.834 Unable to dispatch WowStateChanged message to client profiled (268435460)
 1/06/2017 14:05:15.834 Unable to dispatch WowStateChanged message to client assistantd (268435460)
 1/06/2017 14:05:15.834 apsd[273] is a wow client
 1/06/2017 14:05:15.834 WoW is Enabled, 1 WoW Clients
 1/06/2017 14:05:15.835 apsd[273] is a wow client
 1/06/2017 14:05:15.835 WoW is Enabled, 1 WoW Clients
 1/06/2017 14:05:15.844 apsd[273] is a wow client
 1/06/2017 14:05:15.844 WoW is Enabled, 1 WoW Clients
 1/06/2017 14:05:16.238 ATJManager: setting ask-to-join interaction mode to NonInteractive
 1/06/2017 14:05:16.239 ATJManager: no entries to purge
 1/06/2017 14:05:16.239 User interaction DISABLED
 1/06/2017 14:05:16.239 Ignoring lock state manager->wakeMode 1

 1/06/2017 14:05:16.242 Device display is OFF
 1/06/2017 14:05:24.520 __WiFiLQAMgrLogStats: Rssi: -62 Cca: 34 TxPer: 0.0% (4) BcnPer: 8.0% (50) RxFrms 5 TxRate: 39000 RxRate: 19500
 1/06/2017 14:05:29.524 __WiFiLQAMgrLogStats: Rssi: -62 Cca: 20 TxPer: 0.0% (1) BcnPer: 6.0% (50) RxFrms 6 TxRate: 39000 RxRate: 19500
 1/06/2017 14:05:34.529 __WiFiLQAMgrLogStats: Rssi: -62 Cca: 20 TxPer: 0.0% (12) BcnPer: 6.0% (50) RxFrms 11 TxRate: 39000 RxRate: 1000
 1/06/2017 14:05:37.362 Received kIOMessageSystemWillSleep
 1/06/2017 14:05:37.362 System Sleep notification, Disabling auto-join
 1/06/2017 14:05:37.362 __WiFiManagerSetEnableState: state FALSE, manager->enable.setting TRUE, manager->unlockedSinceBoot TRUE
 1/06/2017 14:05:37.362 Disabling automatic association
 1/06/2017 14:05:37.403 apsd[273] is a wow client
 1/06/2017 14:05:37.403 WoW is Enabled, 1 WoW Clients
 1/06/2017 14:05:37.532 __WiFiDeviceCopyLinkChangedSubReasonString: Apple80211ReturnToString failed 1
 1/06/2017 14:05:37.532 __WiFiDeviceProcessDriverAvailableEvent: driver availability false, reason PowerOff(0xe0821804), subreason (null)(0x0)
 1/06/2017 14:05:37.532 __WiFiManagerDispatchDeviceAvailable: driver availability false

 1/06/2017 14:05:37.533 WiFiAWDManagerSubmitMetric: metric container could not be generated for metric id <0x9000e>
 1/06/2017 14:05:37.535 __WiFiDeviceManagerAwdlAvailableCallback: AWDL availability changed to FALSE
 1/06/2017 14:05:37.538 apsd[273] is a wow client
 1/06/2017 14:05:37.538 WoW is Enabled, 1 WoW Clients
 1/06/2017 14:18:13.096 Received kIOMessageSystemWillPowerOn
 1/06/2017 14:18:13.096 System wake reason: AOP.ExternalReq baseband
 1/06/2017 14:18:13.096 System Powered ON notification Re-enabling auto-join
 1/06/2017 14:18:13.096 __WiFiManagerSetEnableState: state TRUE, manager->enable.setting TRUE, manager->unlockedSinceBoot TRUE
 1/06/2017 14:18:13.096 Enabling automatic association
 1/06/2017 14:18:13.097 __WiFiDeviceManagerAutoAssociate: Already connected to DIGI-146A.
 1/06/2017 14:18:13.097 WiFiLocaleManagerCheckLocale: location service or wifi is off, set locale to default
 1/06/2017 14:18:13.097 new locale:  , locale: 
 1/06/2017 14:18:13.107 __WiFiDeviceManagerAwdlAvailableCallback: AWDL availability changed to TRUE
 1/06/2017 14:18:13.108 Power stats update: Type 0x6 UnassociatedSleepDur 0 AssociatedSleepDur 746690 TotalDur 755598 RoamDur 0
 1/06/2017 14:18:13.108 WiFiAWDManagerSubmitMetric: metric container could not be generated for metric id <0x90010>
 1/06/2017 14:18:13.108 Disable WoW requested by "apsd"
 1/06/2017 14:18:13.116 WoW Capable = YES, Attempting to disable WoW and enable LPAS 
 1/06/2017 14:18:13.117 Setting WoW params to <CFBasicHash 0x14e0203d0 [0x1a0950150]>{type = immutable dict, count = 3,
entries =>
	0 : <CFString 0x100175960 [0x1a0950150]>{contents = "IO80211InterfaceEnableLowPwrAssocMode"} = <CFBoolean 0x1a09506c8 [0x1a0950150]>{value = true}
	1 : <CFString 0x100175940 [0x1a0950150]>{contents = "IO80211InterfaceEnableWoW"} = <CFBoolean 0x1a09506d8 [0x1a0950150]>{value = false}
	2 : <CFString 0x100185ae0 [0x1a0950150]>{contents = "IO80211InterfaceEnableWoWOnCaptive"} = <CFBoolean 0x1a09506d8 [0x1a0950150]>{value = false}
}

 1/06/2017 14:18:13.118 WiFiDeviceRequestAssociatedSleep: ActiveDuringSleepRequested is already set (<CFBasicHash 0x14cf0ace0 [0x1a0950150]>{type = immutable dict, count = 0,
entries =>
}
).
 1/06/2017 14:18:13.119 WoW Disabled, 0 WoW Clients, lpas is Enabled, WoW Override is Disabled, Captive Disabled
 1/06/2017 14:18:13.119 Unable to dispatch WowStateChanged message to client dataaccessd (268435460)
 1/06/2017 14:18:13.121 Unable to dispatch WowStateChanged message to client itunesstored (268435460)
 1/06/2017 14:18:13.121 Unable to dispatch WowStateChanged message to client mediaserverd (268435460)
 1/06/2017 14:18:13.122 Unable to dispatch WowStateChanged message to client MobileMail (268435460)
 1/06/2017 14:18:13.124 Unable to dispatch WowStateChanged message to client profiled (268435460)
 1/06/2017 14:18:13.124 Unable to dispatch WowStateChanged message to client assistantd (268435460)
 1/06/2017 14:18:13.126 __WiFiLQAMgrLogStats: Rssi: -63 Cca: 37 TxPer: 0.0% (0) BcnPer: 0.0% (0) RxFrms 0 TxRate: 0 RxRate: 0
 1/06/2017 14:18:13.127 WoW is Disabled, 0 WoW Clients
 1/06/2017 14:18:13.127 WoW is Disabled, 0 WoW Clients
 1/06/2017 14:18:13.129 __WiFiDeviceCopyLinkChangedSubReasonString: Apple80211ReturnToString failed 1
 1/06/2017 14:18:13.129 __WiFiDeviceProcessDriverAvailableEvent: driver availability true, reason Initializing(0xe0821803), subreason (null)(0x0)
 1/06/2017 14:18:13.129 __WiFiManagerDispatchDeviceAvailable: driver availability true

 1/06/2017 14:18:13.132 __WiFiDeviceManagerAutoAssociate: Already connected to DIGI-146A.
 1/06/2017 14:18:13.132 WiFiAWDManagerSubmitMetric: metric container could not be generated for metric id <0x9000e>
 1/06/2017 14:18:13.132 WoW is Disabled, 0 WoW Clients
 1/06/2017 14:18:13.136 __WiFiDeviceManagerAutoAssociate: Already connected to DIGI-146A.
 1/06/2017 14:18:13.137 No Change in Background Scan Networks, Skip Re-Programming Background Scan

 1/06/2017 14:18:13.573 __WiFiManagerCellularTransmitCallback_block_invoke: Cellular Transmit Started = TRUE
 1/06/2017 14:18:13.792 WoW is Disabled, 0 WoW Clients
 1/06/2017 14:18:13.870 WoW is Disabled, 0 WoW Clients
 1/06/2017 14:18:14.041 Device display is ON
 1/06/2017 14:18:14.042 __WiFiManagerSetEnableState: state TRUE, manager->enable.setting TRUE, manager->unlockedSinceBoot TRUE
 1/06/2017 14:18:14.042 __WiFiDeviceManagerAutoAssociate: Already connected to DIGI-146A.
 1/06/2017 14:18:18.109 Client apsd set type to normal application
 1/06/2017 14:18:18.109 __WiFiManagerSetEnableState: state TRUE, manager->enable.setting TRUE, manager->unlockedSinceBoot TRUE
 1/06/2017 14:18:18.109 BG Application: Not Present, BG Daemon: Present. Daemons: mediaserverd 
 1/06/2017 14:18:20.911 __WiFiManagerCellularTransmitCallback_block_invoke: Cellular Transmit Started = FALSE
 1/06/2017 14:18:23.025 __WiFiLQAMgrLogStats: Rssi: -66 Cca: 39 TxPer: 0.0% (0) BcnPer: 0.0% (50) RxFrms 2 TxRate: 52000 RxRate: 26000
 1/06/2017 14:18:27.377 Device display is OFF
 1/06/2017 14:18:28.036 __WiFiLQAMgrLogStats: Rssi: -65 Cca: 39 TxPer: 0.0% (0) BcnPer: 0.0% (50) RxFrms 1 TxRate: 52000 RxRate: 26000
 1/06/2017 14:18:33.044 __WiFiLQAMgrLogStats: Rssi: -61 Cca: 39 TxPer: 0.0% (0) BcnPer: 0.0% (0) RxFrms 1 TxRate: 52000 RxRate: 26000
 1/06/2017 14:18:38.052 __WiFiLQAMgrLogStats: Rssi: -63 Cca: 39 TxPer: 0.0% (0) BcnPer: 0.0% (50) RxFrms 1 TxRate: 52000 RxRate: 1000
 1/06/2017 14:18:43.060 __WiFiLQAMgrLogStats: Rssi: -63 Cca: 39 TxPer: 0.0% (2) BcnPer: 0.0% (50) RxFrms 3 TxRate: 52000 RxRate: 26000
 1/06/2017 14:18:45.522 Background Network Application entered
 1/06/2017 14:18:45.523 BG Application: Present, BG Daemon: Present. Daemons: mediaserverd 
 1/06/2017 14:18:45.523 __WiFiManagerSetEnableState: state TRUE, manager->enable.setting TRUE, manager->unlockedSinceBoot TRUE
 1/06/2017 14:18:45.524 __WiFiDeviceManagerAutoAssociate: Already connected to DIGI-146A.
 1/06/2017 14:18:45.526 Background Network Application entered
 1/06/2017 14:18:45.526 BG Application: Not Present, BG Daemon: Present. Daemons: mediaserverd 
 1/06/2017 14:18:45.526 __WiFiManagerSetEnableState: state TRUE, manager->enable.setting TRUE, manager->unlockedSinceBoot TRUE
 1/06/2017 14:18:45.527 __WiFiDeviceManagerAutoAssociate: Already connected to DIGI-146A.
 1/06/2017 14:18:46.027 Received kIOMessageSystemWillSleep
 1/06/2017 14:18:46.027 System Sleep notification, Disabling auto-join
 1/06/2017 14:18:46.027 __WiFiManagerSetEnableState: state FALSE, manager->enable.setting TRUE, manager->unlockedSinceBoot TRUE
 1/06/2017 14:18:46.027 Disabling automatic association
 1/06/2017 14:18:46.086 WoW is Disabled, 0 WoW Clients
 1/06/2017 14:18:46.191 __WiFiDeviceCopyLinkChangedSubReasonString: Apple80211ReturnToString failed 1
 1/06/2017 14:18:46.192 __WiFiDeviceProcessDriverAvailableEvent: driver availability false, reason PowerOff(0xe0821804), subreason (null)(0x0)
 1/06/2017 14:18:46.192 __WiFiManagerDispatchDeviceAvailable: driver availability false

 1/06/2017 14:18:46.193 WiFiAWDManagerSubmitMetric: metric container could not be generated for metric id <0x9000e>
 1/06/2017 14:18:46.206 __WiFiDeviceManagerAwdlAvailableCallback: AWDL availability changed to FALSE
 1/06/2017 14:18:46.212 WoW is Disabled, 0 WoW Clients
 1/06/2017 14:23:47.311 Received kIOMessageSystemWillPowerOn
 1/06/2017 14:23:47.312 System wake reason: AOP.ExternalReq wlan
 1/06/2017 14:23:47.312 System Powered ON notification Re-enabling auto-join
 1/06/2017 14:23:47.312 __WiFiManagerSetEnableState: state TRUE, manager->enable.setting TRUE, manager->unlockedSinceBoot TRUE
 1/06/2017 14:23:47.312 Enabling automatic association
 1/06/2017 14:23:47.313 __WiFiDeviceManagerAutoAssociate: Already connected to DIGI-146A.
 1/06/2017 14:23:47.313 WiFiLocaleManagerCheckLocale: location service or wifi is off, set locale to default
 1/06/2017 14:23:47.313 new locale:  , locale: 
 1/06/2017 14:23:47.316 __WiFiDeviceProcessDumpLogsEvent: Dump logs event received, dumped wifid log buffer to file
