12/19/2016 13:25:25.168 __WiFiManagerCellularTransmitCallback_block_invoke: Cellular Transmit Started = FALSE
12/19/2016 13:25:49.856 IPv4 Primary interface is pdp_ip0 and IPv6 Primary Interface is (null)
12/19/2016 13:25:49.872 IPv4 Primary interface is pdp_ip0 and IPv6 Primary Interface is (null)
12/19/2016 13:25:49.874 DeviceClient["WirelessRadioMan"] setCoexParameters["MWS_Blacklisted_Channels"] = <CFArray 0x14ce73340 [0x1a0950150]>{type = mutable-small, count = 5, values = (
	0 : <CFBasicHash 0x14ce6b720 [0x1a0950150]>{type = mutable dict, count = 1,
entries =>
	2 : <CFString 0x14ce75ae0 [0x1a0950150]>{contents = "MWS_Channel_Number"} = <CFNumber 0xb000000000000093 [0x1a0950150]>{value = +9, type = kCFNumberSInt64Type}
}

	1 : <CFBasicHash 0x14ce80780 [0x1a0950150]>{type = mutable dict, count = 1,
entries =>
	2 : <CFString 0x14ce75ae0 [0x1a0950150]>{contents = "MWS_Channel_Number"} = <CFNumber 0xb0000000000000a3 [0x1a0950150]>{value = +10, type = kCFNumberSInt64Type}
}

	2 : <CFBasicHash 0x14ce731e0 [0x1a0950150]>{type = mutable dict, count = 1,
entries =>
	2 : <CFString 0x14ce75ae0 [0x1a0950150]>{contents = "MWS_Channel_Number"} = <CFNumber 0xb0000000000000b3 [0x1a0950150]>{value = +11, type = kCFNumberSInt64Type}
}

	3 : <CFBasicHash 0x14ce73240 [0x1a0950150]>{type = mutable dict, count = 1,
entries =>
	2 : <CFString 0x14ce75ae0 [0x1a0950150]>{contents = "MWS_Channel_Number"} = <CFNumber 0xb0000000000000c3 [0x1a0950150]>{value = +12, type = kCFNumberSInt64Type}
}

	4 : <CFBasicHash 0x14ce732c0 [0x1a0950150]>{type = mutable dict, count = 1,
entries =>
	2 : <CFString 0x14ce75ae0 [0x1a0950150]>{contents = "MWS_Channel_Number"} = <CFNumber 0xb0000000000000d3 [0x1a0950150]>{value = +13, type = kCFNumberSInt64Type}
}

)}
12/19/2016 13:25:49.917 Enable WoW requested by "apsd"
12/19/2016 13:25:49.917 WoW Capable = YES, Attempting to enable WoW and disable LPAS 
12/19/2016 13:25:49.923 Setting WoW params to <CFBasicHash 0x14cd31a00 [0x1a0950150]>{type = immutable dict, count = 3,
entries =>
	0 : <CFString 0x100175960 [0x1a0950150]>{contents = "IO80211InterfaceEnableLowPwrAssocMode"} = <CFBoolean 0x1a09506d8 [0x1a0950150]>{value = false}
	1 : <CFString 0x100175940 [0x1a0950150]>{contents = "IO80211InterfaceEnableWoW"} = <CFBoolean 0x1a09506c8 [0x1a0950150]>{value = true}
	2 : <CFString 0x100185ae0 [0x1a0950150]>{contents = "IO80211InterfaceEnableWoWOnCaptive"} = <CFBoolean 0x1a09506d8 [0x1a0950150]>{value = false}
}

12/19/2016 13:25:49.928 WiFiDeviceRequestAssociatedSleep: ActiveDuringSleepRequested is already removed ((null)).
12/19/2016 13:25:49.928 WoW Enabled by 1 Clients, lpas is Disabled, WoW Override is Disabled, Captive Disabled
12/19/2016 13:25:49.928 Unable to dispatch WowStateChanged message to client mediaserverd (268435460)
12/19/2016 13:25:49.929 Unable to dispatch WowStateChanged message to client itunesstored (268435460)
12/19/2016 13:25:49.929 Unable to dispatch WowStateChanged message to client dataaccessd (268435460)
12/19/2016 13:25:49.929 Unable to dispatch WowStateChanged message to client MobileMail (268435460)
12/19/2016 13:25:49.930 Low bw cellular data available, so WiFi would stay connected under low signal quality
12/19/2016 13:25:49.930 WiFiLQAMgrSetWiFiFallBackPref: LQAManager WiFiFallBackPreference enabled 
12/19/2016 13:25:49.930 Client MobileMail set type to background application
12/19/2016 13:25:49.931 __WiFiManagerSetEnableState: state TRUE, manager->enable.setting TRUE, manager->unlockedSinceBoot TRUE
12/19/2016 13:25:49.931 BG Application: Not Present, BG Daemon: Present. Daemons: MobileMail mediaserverd apsd 
12/19/2016 13:25:49.931 Auto association attempt canceled because MIS is enabled. MIS client count: wifi=4 bt=0
12/19/2016 13:25:49.931 apsd[273] is a wow client
12/19/2016 13:25:49.936 WoW is Enabled, 1 WoW Clients
12/19/2016 13:25:49.937 apsd[273] is a wow client
12/19/2016 13:25:49.937 WoW is Enabled, 1 WoW Clients
12/19/2016 13:25:49.937 apsd[273] is a wow client
12/19/2016 13:25:49.937 WoW is Enabled, 1 WoW Clients
12/19/2016 13:25:49.980 __WiFiManagerCellularTransmitCallback_block_invoke: Cellular Transmit Started = TRUE
12/19/2016 13:25:51.704 IPv4 Primary interface is pdp_ip0 and IPv6 Primary Interface is (null)
12/19/2016 13:25:51.752 IPv4 Primary interface is pdp_ip0 and IPv6 Primary Interface is (null)
12/19/2016 13:25:53.159 DeviceClient["WirelessRadioMan"] setCoexParameters["MWS_Blacklisted_Channels"] = <CFArray 0x14cd6d980 [0x1a0950150]>{type = mutable-small, count = 6, values = (
	0 : <CFBasicHash 0x14cd39bd0 [0x1a0950150]>{type = mutable dict, count = 1,
entries =>
	2 : <CFString 0x14cd7e340 [0x1a0950150]>{contents = "MWS_Channel_Number"} = <CFNumber 0xb000000000000083 [0x1a0950150]>{value = +8, type = kCFNumberSInt64Type}
}

	1 : <CFBasicHash 0x14cd37f10 [0x1a0950150]>{type = mutable dict, count = 1,
entries =>
	2 : <CFString 0x14cd7e340 [0x1a0950150]>{contents = "MWS_Channel_Number"} = <CFNumber 0xb000000000000093 [0x1a0950150]>{value = +9, type = kCFNumberSInt64Type}
}

	2 : <CFBasicHash 0x14cd635b0 [0x1a0950150]>{type = mutable dict, count = 1,
entries =>
	2 : <CFString 0x14cd7e340 [0x1a0950150]>{contents = "MWS_Channel_Number"} = <CFNumber 0xb0000000000000a3 [0x1a0950150]>{value = +10, type = kCFNumberSInt64Type}
}

	3 : <CFBasicHash 0x14cd31a00 [0x1a0950150]>{type = mutable dict, count = 1,
entries =>
	2 : <CFString 0x14cd7e340 [0x1a0950150]>{contents = "MWS_Channel_Number"} = <CFNumber 0xb0000000000000b3 [0x1a0950150]>{value = +11, type = kCFNumberSInt64Type}
}

	4 : <CFBasicHash 0x14cd6f6c0 [0x1a0950150]>{type = mutable dict, count = 1,
entries =>
	2 : <CFString 0x14cd7e340 [0x1a0950150]>{contents = "MWS_Channel_Number"} = <CFNumber 0xb0000000000000c3 [0x1a0950150]>{value = +12, type = kCFNumberSInt64Type}
}

	5 : <CFBasicHash 0x14cd668f0 [0x1a0950150]>{type = mutable dict, count = 1,
entries =>
	2 : <CFString 0x14cd7e340 [0x1a0950150]>{contents = "MWS_Channel_Number"} = <CFNumber 0xb0000000000000d3 [0x1a0950150]>{value = +13, type = kCFNumberSInt64Type}
}

)}
12/19/2016 13:25:58.165 __WiFiManagerCellularTransmitCallback_block_invoke: Cellular Transmit Started = FALSE
12/19/2016 13:26:00.249 __WiFiManagerCellularTransmitCallback_block_invoke: Cellular Transmit Started = TRUE
12/19/2016 13:26:00.984 High bw cellular data available, so WiFi would disconnect under low signal quality
12/19/2016 13:26:00.985 WiFiLQAMgrSetWiFiFallBackPref: LQAManager WiFiFallBackPreference disabled 
12/19/2016 13:26:51.745 Disable WoW requested by "apsd"
12/19/2016 13:26:51.746 WoW Capable = YES, Attempting to disable WoW and enable LPAS 
12/19/2016 13:26:51.746 Setting WoW params to <CFBasicHash 0x14cd6f4c0 [0x1a0950150]>{type = immutable dict, count = 3,
entries =>
	0 : <CFString 0x100175960 [0x1a0950150]>{contents = "IO80211InterfaceEnableLowPwrAssocMode"} = <CFBoolean 0x1a09506c8 [0x1a0950150]>{value = true}
	1 : <CFString 0x100175940 [0x1a0950150]>{contents = "IO80211InterfaceEnableWoW"} = <CFBoolean 0x1a09506d8 [0x1a0950150]>{value = false}
	2 : <CFString 0x100185ae0 [0x1a0950150]>{contents = "IO80211InterfaceEnableWoWOnCaptive"} = <CFBoolean 0x1a09506d8 [0x1a0950150]>{value = false}
}

12/19/2016 13:26:51.747 WiFiDeviceRequestAssociatedSleep: ActiveDuringSleepRequested is already removed ((null)).
12/19/2016 13:26:51.748 WoW Disabled, 0 WoW Clients, lpas is Enabled, WoW Override is Disabled, Captive Disabled
12/19/2016 13:26:51.748 Unable to dispatch WowStateChanged message to client mediaserverd (268435460)
12/19/2016 13:26:51.748 Unable to dispatch WowStateChanged message to client itunesstored (268435460)
12/19/2016 13:26:51.749 Unable to dispatch WowStateChanged message to client dataaccessd (268435460)
12/19/2016 13:26:51.749 Unable to dispatch WowStateChanged message to client MobileMail (268435460)
12/19/2016 13:26:51.749 WoW is Disabled, 0 WoW Clients
12/19/2016 13:26:51.750 WoW is Disabled, 0 WoW Clients
12/19/2016 13:26:51.757 WoW is Disabled, 0 WoW Clients
12/19/2016 13:26:56.747 Client MobileMail set type to normal application
12/19/2016 13:26:56.747 __WiFiManagerSetEnableState: state TRUE, manager->enable.setting TRUE, manager->unlockedSinceBoot TRUE
12/19/2016 13:26:56.748 BG Application: Not Present, BG Daemon: Present. Daemons: mediaserverd apsd 
12/19/2016 13:26:59.610 WiFiLocaleManagerCheckLocale: location service or wifi is off, set locale to default
12/19/2016 13:26:59.610 new locale:  , locale: 
12/19/2016 13:27:03.257 Device display is ON
12/19/2016 13:27:03.260 __WiFiManagerSetEnableState: state TRUE, manager->enable.setting TRUE, manager->unlockedSinceBoot TRUE
12/19/2016 13:27:03.260 Auto association attempt canceled because MIS is enabled. MIS client count: wifi=4 bt=0
12/19/2016 13:27:04.141 ATJManager: setting ask-to-join interaction mode to Interactive
12/19/2016 13:27:04.141 ATJManager: no entries to purge
12/19/2016 13:27:04.141 User interaction ENABLED
12/19/2016 13:27:04.141 Ignoring lock state manager->wakeMode 1

12/19/2016 13:27:04.141 problematic networks =  and potentially problematic networks = 
12/19/2016 13:27:04.141 Unblacklisting
12/19/2016 13:27:04.141 No Change in Background Scan Networks, Skip Re-Programming Background Scan

12/19/2016 13:27:04.141 Auto association attempt canceled because MIS is enabled. MIS client count: wifi=4 bt=0
12/19/2016 13:27:04.181 Foreground Network Application entered.
12/19/2016 13:27:04.182 BG Application: Not Present, BG Daemon: Present. Daemons: mediaserverd apsd 
12/19/2016 13:27:04.182 problematic networks =  and potentially problematic networks = 
12/19/2016 13:27:04.182 Unblacklisting
12/19/2016 13:27:04.182 No Change in Background Scan Networks, Skip Re-Programming Background Scan

12/19/2016 13:27:04.182 __WiFiManagerSetEnableState: state TRUE, manager->enable.setting TRUE, manager->unlockedSinceBoot TRUE
12/19/2016 13:27:04.182 Auto association attempt canceled because MIS is enabled. MIS client count: wifi=4 bt=0
12/19/2016 13:27:45.307 ATJManager: setting ask-to-join interaction mode to NonInteractive
12/19/2016 13:27:45.307 ATJManager: no entries to purge
12/19/2016 13:27:45.307 User interaction DISABLED
12/19/2016 13:27:45.307 Ignoring lock state manager->wakeMode 1

12/19/2016 13:27:45.326 Device display is OFF
12/19/2016 13:27:45.382 Foreground Network Application exited.
12/19/2016 13:27:45.382 BG Application: Not Present, BG Daemon: Present. Daemons: mediaserverd apsd 
12/19/2016 13:27:45.516 Device display is ON
12/19/2016 13:27:45.516 __WiFiManagerSetEnableState: state TRUE, manager->enable.setting TRUE, manager->unlockedSinceBoot TRUE
12/19/2016 13:27:45.516 Auto association attempt canceled because MIS is enabled. MIS client count: wifi=4 bt=0
12/19/2016 13:27:49.055 Device display is OFF
12/19/2016 13:28:04.151 Background Network Application entered
12/19/2016 13:28:04.152 BG Application: Present, BG Daemon: Present. Daemons: mediaserverd apsd 
12/19/2016 13:28:04.152 __WiFiManagerSetEnableState: state TRUE, manager->enable.setting TRUE, manager->unlockedSinceBoot TRUE
12/19/2016 13:28:04.152 Auto association attempt canceled because MIS is enabled. MIS client count: wifi=4 bt=0
12/19/2016 13:28:04.163 Background Network Application entered
12/19/2016 13:28:04.163 BG Application: Not Present, BG Daemon: Present. Daemons: mediaserverd apsd 
12/19/2016 13:28:04.163 __WiFiManagerSetEnableState: state TRUE, manager->enable.setting TRUE, manager->unlockedSinceBoot TRUE
12/19/2016 13:28:04.163 Auto association attempt canceled because MIS is enabled. MIS client count: wifi=4 bt=0
12/19/2016 13:28:59.613 WiFiLocaleManagerCheckLocale: location service or wifi is off, set locale to default
12/19/2016 13:28:59.613 new locale:  , locale: 
12/19/2016 13:29:53.084 WoW is Disabled, 0 WoW Clients
12/19/2016 13:30:00.531 __WiFiDeviceProcessDumpLogsEvent: Dump logs event received, dumped wifid log buffer to file
