 1/14/2017 17:08:34.085 __WiFiDeviceProcessSTAArriveEvent: staNum 4
 1/14/2017 17:08:34.085 WiFiAWDManagerSubmitMetric: metric container could not be generated for metric id <0x90006>
 1/14/2017 17:08:34.085 MIS STA Associated: 4 associated clients
 1/14/2017 17:08:34.105 WiFiDeviceManagerSetMISMaxStaNumber: Additional tethering clients allowed: 1
 1/14/2017 17:08:34.108 WiFiAWDManagerSubmitMetric: metric container could not be generated for metric id <0x90005>
 1/14/2017 17:08:34.108 MIS is already Enabled on ap1
 1/14/2017 17:08:34.111 MIS Discovery is Disabled
 1/14/2017 17:09:16.265 WiFiLocaleManagerCheckLocale: location service or wifi is off, set locale to default
 1/14/2017 17:09:16.265 new locale:  , locale: 
 1/14/2017 17:09:43.538 __WiFiDeviceProcessSTALeaveEvent: staNum 3
 1/14/2017 17:09:43.546 MIS STA Disassociated: 3 associated clients
 1/14/2017 17:09:43.556 WiFiDeviceManagerSetMISMaxStaNumber: Additional tethering clients allowed: 2
 1/14/2017 17:09:43.559 MIS is already Enabled on ap1
 1/14/2017 17:09:43.562 MIS Discovery is Disabled
 1/14/2017 17:09:56.220 __WiFiDeviceProcessSTAArriveEvent: staNum 4
 1/14/2017 17:09:56.220 WiFiAWDManagerSubmitMetric: metric container could not be generated for metric id <0x90006>
 1/14/2017 17:09:56.220 MIS STA Associated: 4 associated clients
 1/14/2017 17:09:56.237 WiFiDeviceManagerSetMISMaxStaNumber: Additional tethering clients allowed: 1
 1/14/2017 17:09:56.240 WiFiAWDManagerSubmitMetric: metric container could not be generated for metric id <0x90005>
 1/14/2017 17:09:56.240 MIS is already Enabled on ap1
 1/14/2017 17:09:56.243 MIS Discovery is Disabled
 1/14/2017 17:10:16.450 Client itunesstored set type to background application
 1/14/2017 17:10:16.450 __WiFiManagerSetEnableState: state TRUE, manager->enable.setting TRUE, manager->unlockedSinceBoot TRUE
 1/14/2017 17:10:16.450 BG Application: Not Present, BG Daemon: Present. Daemons: mediaserverd itunesstored 
 1/14/2017 17:10:16.450 Auto association attempt canceled because MIS is enabled. MIS client count: wifi=4 bt=0
 1/14/2017 17:10:22.449 Client itunesstored set type to normal application
 1/14/2017 17:10:22.450 __WiFiManagerSetEnableState: state TRUE, manager->enable.setting TRUE, manager->unlockedSinceBoot TRUE
 1/14/2017 17:10:22.450 BG Application: Not Present, BG Daemon: Present. Daemons: mediaserverd 
 1/14/2017 17:11:16.265 WiFiLocaleManagerCheckLocale: location service or wifi is off, set locale to default
 1/14/2017 17:11:16.265 new locale:  , locale: 
 1/14/2017 17:13:16.265 WiFiLocaleManagerCheckLocale: location service or wifi is off, set locale to default
 1/14/2017 17:13:16.265 new locale:  , locale: 
 1/14/2017 17:13:20.115 WoW is Disabled, 0 WoW Clients
 1/14/2017 17:13:22.909 __WiFiDeviceProcessDumpLogsEvent: Dump logs event received, dumped wifid log buffer to file
