 9/27/2017  9:26:00.182 __WiFiLocationServiceManagerEventCallback, got cb dict {
    eventType = 0;
    location = "<+44.41186905,+26.14462142> +/- 142.89m (speed -1.00 mps / course -1.00) @ 9/27/17, 9:00:17 AM Eastern European Summer Time";
}
 9/27/2017  9:26:00.183 WiFiLocationServiceManagerIsLocationValid: cachedLocationTimeout 120.000000 location age 1542.259513secs, lifeSpan -1.000000 accuracy 142.889623(highAccReq 1), isValid 1
 9/27/2017  9:26:00.183 WiFiLocationServiceManagerIsLocationValid: cachedLocationTimeout 120.000000 location age 1542.259568secs, lifeSpan -1.000000 accuracy 142.889623(highAccReq 0), isValid 1
 9/27/2017  9:26:00.183 __WiFiLocationServiceManagerProcessLocationAvailableEvent: isValidHighAccuracyLocation 1,  isValidLowAccuracyLocation 1
 9/27/2017  9:26:00.183 __WiFiLocationServiceManagerProcessLocationAvailableEvent: give low accuracy callback
 9/27/2017  9:26:00.183 __WiFiLocaleManagerGetLocaleFromLocation: <+44.41186905,+26.14462142> +/- 142.89m (speed -1.00 mps / course -1.00) @ 9/27/17, 9:00:17 AM Eastern European Summer Time
 9/27/2017  9:26:00.183 locale from bounding box 
 9/27/2017  9:26:00.183 new locale:  , locale: 
 9/27/2017  9:26:00.184 Stopping Low Accuracy Location Monitoring
 9/27/2017  9:26:00.184 CLMonitoring is already stopped
 9/27/2017  9:26:00.184 Stopping Low Accuracy Location Monitoring
 9/27/2017  9:26:00.184 CLMonitoring is already stopped
 9/27/2017  9:26:00.184 WiFiLocationServiceManagerIsLocationValid: cachedLocationTimeout 120.000000 location age 1542.260510secs, lifeSpan -1.000000 accuracy 142.889623(highAccReq 1), isValid 1
 9/27/2017  9:26:00.184 WiFiLocationServiceManagerIsLocationValid: cachedLocationTimeout 120.000000 location age 1542.260559secs, lifeSpan -1.000000 accuracy 142.889623(highAccReq 0), isValid 1
 9/27/2017  9:26:00.184 __WiFiLocationServiceManagerProcessLocationAvailableEvent: isValidHighAccuracyLocation 1,  isValidLowAccuracyLocation 1
 9/27/2017  9:26:00.187 __WiFiDeviceManagerAwdlAvailableCallback: AWDL availability changed to TRUE
 9/27/2017  9:26:00.190 __WiFiDeviceProcessDumpLogsEvent: Dump logs event received, dumped wifid log buffer to file
