12/19/2016 10:35:45.358 __WiFiManagerCellularTransmitCallback_block_invoke: Cellular Transmit Started = FALSE
12/19/2016 10:35:45.701 __WiFiManagerCellularTransmitCallback_block_invoke: Cellular Transmit Started = TRUE
12/19/2016 10:36:16.212 __WiFiManagerCellularTransmitCallback_block_invoke: Cellular Transmit Started = FALSE
12/19/2016 10:36:16.850 __WiFiManagerCellularTransmitCallback_block_invoke: Cellular Transmit Started = TRUE
12/19/2016 10:36:59.759 WiFiLocaleManagerCheckLocale: location service or wifi is off, set locale to default
12/19/2016 10:36:59.759 new locale:  , locale: 
12/19/2016 10:37:59.949 WoW is Disabled, 0 WoW Clients
12/19/2016 10:38:06.249 __WiFiDeviceProcessSTALeaveEvent: staNum 3
12/19/2016 10:38:06.256 MIS STA Disassociated: 3 associated clients
12/19/2016 10:38:06.270 WiFiDeviceManagerSetMISMaxStaNumber: Additional tethering clients allowed: 2
12/19/2016 10:38:06.273 MIS is already Enabled on ap1
12/19/2016 10:38:06.275 MIS Discovery is Disabled
12/19/2016 10:38:28.249 __WiFiManagerCellularTransmitCallback_block_invoke: Cellular Transmit Started = FALSE
12/19/2016 10:38:30.002 __WiFiManagerCellularTransmitCallback_block_invoke: Cellular Transmit Started = TRUE
12/19/2016 10:38:55.118 __WiFiDeviceProcessSTALeaveEvent: staNum 2
12/19/2016 10:38:55.125 MIS STA Disassociated: 2 associated clients
12/19/2016 10:38:55.130 WiFiDeviceManagerSetMISMaxStaNumber: Additional tethering clients allowed: 3
12/19/2016 10:38:55.142 MIS is already Enabled on ap1
12/19/2016 10:38:55.145 MIS Discovery is Disabled
12/19/2016 10:38:59.759 WiFiLocaleManagerCheckLocale: location service or wifi is off, set locale to default
12/19/2016 10:38:59.759 new locale:  , locale: 
12/19/2016 10:40:00.578 __WiFiDeviceProcessDumpLogsEvent: Dump logs event received, dumped wifid log buffer to file
