 1/05/2017  5:32:58.019 Power stats update: Type 0x5 UnassociatedSleepDur 0 AssociatedSleepDur 163558 TotalDur 301120 RoamDur 0
 1/05/2017  5:32:58.019 WiFiAWDManagerSubmitMetric: metric container could not be generated for metric id <0x90010>
 1/05/2017  5:32:58.020 __WiFiLQAMgrLogStats: Rssi: -66 Cca: 21 TxPer: 0.0% (0) BcnPer: 0.0% (0) RxFrms 0 TxRate: 0 RxRate: 0
 1/05/2017  5:32:58.021 __WiFiDeviceCopyLinkChangedSubReasonString: Apple80211ReturnToString failed 1
 1/05/2017  5:32:58.021 __WiFiDeviceProcessDriverAvailableEvent: driver availability true, reason Initializing(0xe0821803), subreason (null)(0x0)
 1/05/2017  5:32:58.021 __WiFiManagerDispatchDeviceAvailable: driver availability true

 1/05/2017  5:32:58.024 __WiFiDeviceManagerAutoAssociate: Already connected to DIGI-146A.
 1/05/2017  5:32:58.024 WiFiAWDManagerSubmitMetric: metric container could not be generated for metric id <0x9000e>
 1/05/2017  5:32:58.078 __WiFiDeviceManagerAutoAssociate: Already connected to DIGI-146A.
 1/05/2017  5:32:58.085 No Change in Background Scan Networks, Skip Re-Programming Background Scan

 1/05/2017  5:32:58.092 __WiFiDeviceManagerBlackListNetworkCallback: Processing BlackList Network Event
 1/05/2017  5:32:58.092 __WiFiDeviceManagerBlackListNetworkCallback: Blacklisting DIGI-146A for Background Scan
 1/05/2017  5:32:58.095 __CreateBGScanRequest Hotspot Orange Mobile Wi-Fi added to BGScan List 
 1/05/2017  5:32:58.095 Preparing background scan request for "UPC5493113" "TP-LINK_Extender_2.4GHz" "UPC2300204" "PRECIS" "eduroam" "G3_7030" "eg304" "eMAG" "Orange Mobile Wi-Fi" Background Scan Caching is Disabled
 1/05/2017  5:32:58.144 __WiFiManagerCellularTransmitCallback_block_invoke: Cellular Transmit Started = FALSE
 1/05/2017  5:32:58.161 __WiFiDeviceManagerAwdlAvailableCallback: AWDL availability changed to TRUE
 1/05/2017  5:32:58.162 __WiFiDeviceCheckForIPRenewalWakeupSupport: State:/Network/Interface/en0/ActiveDuringSleepSupported = FALSE
 1/05/2017  5:32:58.392 WoW is Disabled, 0 WoW Clients
 1/05/2017  5:33:07.111 Received kIOMessageSystemWillSleep
 1/05/2017  5:33:07.111 System Sleep notification, Disabling auto-join
 1/05/2017  5:33:07.111 __WiFiManagerSetEnableState: state FALSE, manager->enable.setting TRUE, manager->unlockedSinceBoot TRUE
 1/05/2017  5:33:07.111 Disabling automatic association
 1/05/2017  5:33:07.147 WoW is Disabled, 0 WoW Clients
 1/05/2017  5:33:07.275 __WiFiDeviceManagerAwdlAvailableCallback: AWDL availability changed to FALSE
 1/05/2017  5:33:07.275 __WiFiDeviceCopyLinkChangedSubReasonString: Apple80211ReturnToString failed 1
 1/05/2017  5:33:07.275 __WiFiDeviceProcessDriverAvailableEvent: driver availability false, reason PowerOff(0xe0821804), subreason (null)(0x0)
 1/05/2017  5:33:07.275 __WiFiManagerDispatchDeviceAvailable: driver availability false

 1/05/2017  5:33:07.276 WiFiAWDManagerSubmitMetric: metric container could not be generated for metric id <0x9000e>
 1/05/2017  5:33:07.276 Creating client for "configd"
 1/05/2017  5:33:07.276 __WiFiDeviceProcessLinkEvent: isLinkDown 1
 1/05/2017  5:33:07.277 -[WiFiIDSSyncEngine currentNetworkChanged]: <0x16e12f000>, role 1, currentNetwork (null)
 1/05/2017  5:33:07.277 -[WiFiIDSSyncEngine currentNetworkChanged]: adjusted waitForReAssociationTimer <CFRunLoopTimer 0x14ce6ecf0 [0x1a0950150]>{valid = Yes, firing = No, interval = 819052854, tolerance = 0, next fire date = 505280017 (29.999962 @ 7403765679818), callout = (NSTimer) [WiFiIDSSyncEngine companionReAssociationWaitTimerFired:] (0x18292cfe0 / 0x1000e1010) (/usr/sbin/wifid), context = <CFRunLoopTimer context 0x14ce5c520>}
 1/05/2017  6:22:15.038 Total connection time to DIGI-146A 918885.085806
 1/05/2017  6:22:15.095 WiFiDeviceManagerSetNetworks: Adding HS20 Account: 
Domain name orange.ro
3GPP MCC&MNC 226F10 
Friendly Operator Name Orange
 1/05/2017  6:22:15.096 __WiFiDeviceManagerPrepareHS20Queries: created queries <CFArray 0x14cd62320 [0x1a0950150]>{type = mutable-small, count = 3, values = (
	0 : <CFNumber 0xb0000000000010c1 [0x1a0950150]>{value = +268, type = kCFNumberSInt16Type}
	1 : <CFNumber 0xb000000000001081 [0x1a0950150]>{value = +264, type = kCFNumberSInt16Type}
	2 : <CFNumber 0xb000000000000031 [0x1a0950150]>{value = +3, type = kCFNumberSInt16Type}
)}
 1/05/2017  6:22:15.096 Auto association attempt canceled because auto join is disabled.
 1/05/2017  6:22:15.097 No Change in Background Scan Networks, Skip Re-Programming Background Scan

 1/05/2017  6:22:15.097 Auto association attempt canceled because auto join is disabled.
 1/05/2017  6:22:15.098 __WiFiDeviceManagerSetInterfaceRank: setting interface rank kSCNetworkServicePrimaryRankDefault
 1/05/2017  6:22:15.099 WiFiDeviceRequestAssociatedSleep: ActiveDuringSleepRequested is already removed ((null)).
 1/05/2017  6:22:15.104 WiFiAWDManagerSubmitMetric: metric container could not be generated for metric id <0x90009>
 1/05/2017  6:22:15.104 Link went down: isInVoluntary 0, reason Unknown(4), subreason 0, rssi -64
 1/05/2017  6:22:15.104 __WiFiDeviceResetCCAHistory
 1/05/2017  6:22:15.104 __WiFiDeviceResetRssiHistory
 1/05/2017  6:22:15.114 __WiFiDeviceCopyLinkChangedSubReasonString: Apple80211ReturnToString failed 1
 1/05/2017  6:22:15.114 __WiFiDeviceProcessDriverAvailableEvent: driver availability true, reason Initializing(0xe0821803), subreason (null)(0x0)
 1/05/2017  6:22:15.114 __WiFiManagerDispatchDeviceAvailable: driver availability true

 1/05/2017  6:22:15.116 Auto association attempt canceled because auto join is disabled.
 1/05/2017  6:22:15.116 WiFiAWDManagerSubmitMetric: metric container could not be generated for metric id <0x9000e>
 1/05/2017  6:22:15.116 Received kIOMessageSystemWillPowerOn
 1/05/2017  6:22:15.116 System wake reason: AOP.ExternalReq baseband
 1/05/2017  6:22:15.116 System Powered ON notification Re-enabling auto-join
 1/05/2017  6:22:15.116 __WiFiManagerSetEnableState: state TRUE, manager->enable.setting TRUE, manager->unlockedSinceBoot TRUE
 1/05/2017  6:22:15.116 Enabling automatic association
 1/05/2017  6:22:15.118 __WiFiDeviceManagerStateMachineRun: current state: Idle
 1/05/2017  6:22:15.118 Attempting multi-stage auto join mStageAutoJoinAttempts=0
 1/05/2017  6:22:15.118 Starting multi-stage auto join sequence
 1/05/2017  6:22:15.118 multi-stage auto-join: Scanning for previous network DIGI-146A on channel 1
 1/05/2017  6:22:15.118 Performing auto-join broadcast scan with a modified dwell time of 110ms on channels: 1 
 1/05/2017  6:22:15.118 Enqueuing command type: "Scan" pending commands: 0
 1/05/2017  6:22:15.118 WiFiLocaleManagerCheckLocale: location service or wifi is off, set locale to default
 1/05/2017  6:22:15.119 new locale:  , locale: 
 1/05/2017  6:22:15.119 Dequeuing command type: "Scan" pending commands: 0
 1/05/2017  6:22:15.119 Attempting Apple80211ScanAsync on en0
 1/05/2017  6:22:15.160 Auto association attempt canceled because auto join state is Scanning Previous Network Channel.
 1/05/2017  6:22:15.162 No Change in Background Scan Networks, Skip Re-Programming Background Scan

 1/05/2017  6:22:15.180 WiFiDeviceManagerSetNetworks: Adding HS20 Account: 
Domain name orange.ro
3GPP MCC&MNC 226F10 
Friendly Operator Name Orange
 1/05/2017  6:22:15.184 __WiFiDeviceManagerPrepareHS20Queries: created queries <CFArray 0x14ce83760 [0x1a0950150]>{type = mutable-small, count = 3, values = (
	0 : <CFNumber 0xb0000000000010c1 [0x1a0950150]>{value = +268, type = kCFNumberSInt16Type}
	1 : <CFNumber 0xb000000000001081 [0x1a0950150]>{value = +264, type = kCFNumberSInt16Type}
	2 : <CFNumber 0xb000000000000031 [0x1a0950150]>{value = +3, type = kCFNumberSInt16Type}
)}
 1/05/2017  6:22:15.184 Auto association attempt canceled because auto join state is Scanning Previous Network Channel.
 1/05/2017  6:22:15.185 No Change in Background Scan Networks, Skip Re-Programming Background Scan

 1/05/2017  6:22:15.364 __WiFiManagerCellularTransmitCallback_block_invoke: Cellular Transmit Started = FALSE
 1/05/2017  6:22:15.483 Completed Apple80211ScanAsync on en0 (0x0)
 1/05/2017  6:22:15.492 Auto join scan completed (0) with current state: Scanning Previous Network Channel
 1/05/2017  6:22:15.492 __WiFiDeviceManagerStateMachineRun: current state: Scanning Previous Network Channel
 1/05/2017  6:22:15.492 Scanning Previous Network Channel found: DIGI-146A
 1/05/2017  6:22:15.492 Attempting auto-join for networks in following order: DIGI-146A(W)
 1/05/2017  6:22:15.493 Autojoin is processing network 1 of 1 candidates
 1/05/2017  6:22:15.493 Attempting auto join association of DIGI-146A
 1/05/2017  6:22:15.545 Enqueuing command type: "Association" pending commands: 1
 1/05/2017  6:22:15.545 Dequeuing command type: "Association" pending commands: 0
 1/05/2017  6:22:15.545 Attempting Apple80211AssociateAsync
 1/05/2017  6:22:15.552 Attempting to join WPA network: DIGI-146A
 1/05/2017  6:22:15.673 __WiFiManagerCellularTransmitCallback_block_invoke: Cellular Transmit Started = TRUE
 1/05/2017  6:22:15.710 __WiFiDeviceProcessLinkEvent: isLinkDown 0
 1/05/2017  6:22:15.728 __WiFiDeviceManagerSetInterfaceRank: setting interface rank kSCNetworkServicePrimaryRankDefault
 1/05/2017  6:22:15.730 __WiFiDeviceManagerEvaluateAPEnvironment: Getting AP environment for DIGI-146A. Learning period 259200 secs Expiry period 2592000 secs
 1/05/2017  6:22:15.731 __WiFiDeviceManagerEvaluateAPEnvironment: AP environment is 2 for DIGI-146A(4:bd:70:a4:e3:8)
 1/05/2017  6:22:15.731 WiFiDeviceSetRoamParams: setting roam profile to type 1
 1/05/2017  6:22:15.732 __WiFiDeviceManagerEvaluateAPEnvironment: Getting AP environment for DIGI-146A. Learning period 259200 secs Expiry period 2592000 secs
 1/05/2017  6:22:15.733 __WiFiDeviceManagerEvaluateAPEnvironment: AP environment is 2 for DIGI-146A(4:bd:70:a4:e3:8)
 1/05/2017  6:22:15.733 __WiFiLQAMgrSetCurrentNetwork: SSID: DIGI-146A BSSID: 4:bd:70:a4:e3:8 RSSI: -69 ApEnv: 2
 1/05/2017  6:22:15.736 WiFiDeviceRequestAssociatedSleep: ActiveDuringSleepRequested is already removed ((null)).
 1/05/2017  6:22:15.736 __WiFiDeviceResetCCAHistory
 1/05/2017  6:22:15.737 __WiFiDeviceResetRssiHistory
 1/05/2017  6:22:15.737 __WiFiLQAMgrLogStats: Rssi: -69 Cca: 0 TxPer: 0.0% (0) BcnPer: 0.0% (0) RxFrms 0 TxRate: 0 RxRate: 0
 1/05/2017  6:22:15.741 __WiFiDeviceProcessLinkEvent: Initializing lqm value: rawRssi -69, scaledRssi 0.685973, noise 0, snr 22
 1/05/2017  6:22:15.746 __WiFiMetricsManagerPrepareLinkChangeNetworkParams: OUI:04:bd:70 Channel:1(20MHz) Flags:0x8 PhyMode:0x10 Security:0x2 WPA:[Prot:0x2 McastCipher:0x4 UcastCipher:0xc AKM:0x2 Caps:0x0] HT:[Info:0x19fc AMPDU:0x1b TXBF:0x0 Ext:0x0 ASEL:0x0] VHT:[Info:0x0]
 1/05/2017  6:22:15.746 WiFiAWDManagerSubmitMetric: metric container could not be generated for metric id <0x90009>
 1/05/2017  6:22:15.755 configd requesting removal of BGScan networks
 1/05/2017  6:22:15.757 No Change in Background Scan Networks, Skip Re-Programming Background Scan

 1/05/2017  6:22:15.757 __WiFiManagerSetEnableState: state TRUE, manager->enable.setting TRUE, manager->unlockedSinceBoot TRUE
 1/05/2017  6:22:15.757 Removing client for "configd"
 1/05/2017  6:22:15.763 __WiFiDeviceManagerAwdlAvailableCallback: AWDL availability changed to TRUE
 1/05/2017  6:22:15.764 IPV4 State change for en0
 1/05/2017  6:22:15.770 IPV6 State change for en0
 1/05/2017  6:22:15.772 IPv4 Primary interface is pdp_ip0 and IPv6 Primary Interface is (null)
 1/05/2017  6:22:15.772 IPv4 Primary interface is pdp_ip0 and IPv6 Primary Interface is (null)
 1/05/2017  6:22:15.777 MIS state is Disabled
 1/05/2017  6:22:15.778 MIS state queried by "SpringBoard" is Disable
 1/05/2017  6:22:15.783 Completed Apple80211AssociateAsync (0 - 0x0)
 1/05/2017  6:22:15.783 Joined: DIGI-146A
 1/05/2017  6:22:15.783 Auto join association completed (0) with current state: Associating
 1/05/2017  6:22:15.783 __WiFiDeviceManagerStateMachineRun: current state: Associating
 1/05/2017  6:22:15.783 __WiFiDeviceManagerProcessAssociationResult: current state: Associating
 1/05/2017  6:22:15.783 WiFiNetworkSetKnownBssUsageData: BSS updated - current BSS: 4:bd:70:a4:e3:8 (1)
 1/05/2017  6:22:15.785 Removing problematic state for DIGI-146A, reason N/A reasonData=0
 1/05/2017  6:22:15.785 problematic networks =  and potentially problematic networks = 
 1/05/2017  6:22:15.796 No Change in Background Scan Networks, Skip Re-Programming Background Scan

 1/05/2017  6:22:15.796 __WiFiManagerDidAssociateCallback: network DIGI-146A, requestedInformation <CFBasicHash 0x14cdbac20 [0x1a0950150]>{type = mutable dict, count = 1,
entries =>
	2 : <CFString 0x10017e160 [0x1a0950150]>{contents = "reason"} = <CFString 0x100185180 [0x1a0950150]>{contents = "Associating"}
}

 1/05/2017  6:22:15.989 WiFiDeviceManagerSetNetworks: Adding HS20 Account: 
Domain name orange.ro
3GPP MCC&MNC 226F10 
Friendly Operator Name Orange
 1/05/2017  6:22:15.990 __WiFiDeviceManagerPrepareHS20Queries: created queries <CFArray 0x14ce9d670 [0x1a0950150]>{type = mutable-small, count = 3, values = (
	0 : <CFNumber 0xb0000000000010c1 [0x1a0950150]>{value = +268, type = kCFNumberSInt16Type}
	1 : <CFNumber 0xb000000000001081 [0x1a0950150]>{value = +264, type = kCFNumberSInt16Type}
	2 : <CFNumber 0xb000000000000031 [0x1a0950150]>{value = +3, type = kCFNumberSInt16Type}
)}
 1/05/2017  6:22:15.991 Auto association attempt canceled because auto join state is Associating.
 1/05/2017  6:22:16.001 No Change in Background Scan Networks, Skip Re-Programming Background Scan

 1/05/2017  6:22:16.016 MIS state is Disabled
 1/05/2017  6:22:16.017 MIS state queried by "mediaserverd" is Disable
 1/05/2017  6:22:16.031 MIS state is Disabled
 1/05/2017  6:22:16.032 MIS state queried by "UserEventAgent" is Disable
 1/05/2017  6:22:16.039 MIS state is Disabled
 1/05/2017  6:22:16.039 MIS state queried by "locationd" is Disable
 1/05/2017  6:22:16.040 MIS state is Disabled
 1/05/2017  6:22:16.040 MIS state queried by "identityservices" is Disable
 1/05/2017  6:22:16.041 MIS state is Disabled
 1/05/2017  6:22:16.041 MIS state queried by "apsd" is Disable
 1/05/2017  6:22:16.044 MIS state is Disabled
 1/05/2017  6:22:16.044 MIS state queried by "imagent" is Disable
 1/05/2017  6:22:16.048 MIS state is Disabled
 1/05/2017  6:22:16.048 MIS state queried by "InCallService" is Disable
 1/05/2017  6:22:16.049 Creating client for "configd"
 1/05/2017  6:22:16.050 MIS state is Disabled
 1/05/2017  6:22:16.050 MIS state queried by "MobileMail" is Disable
 1/05/2017  6:22:16.063 WiFiDeviceManagerSetNetworks: Adding HS20 Account: 
Domain name orange.ro
3GPP MCC&MNC 226F10 
Friendly Operator Name Orange
 1/05/2017  6:22:16.064 __WiFiDeviceManagerPrepareHS20Queries: created queries <CFArray 0x14ce71c00 [0x1a0950150]>{type = mutable-small, count = 3, values = (
	0 : <CFNumber 0xb0000000000010c1 [0x1a0950150]>{value = +268, type = kCFNumberSInt16Type}
	1 : <CFNumber 0xb000000000001081 [0x1a0950150]>{value = +264, type = kCFNumberSInt16Type}
	2 : <CFNumber 0xb000000000000031 [0x1a0950150]>{value = +3, type = kCFNumberSInt16Type}
)}
 1/05/2017  6:22:16.065 __WiFiDeviceManagerAutoAssociate: Already connected to DIGI-146A.
 1/05/2017  6:22:16.066 No Change in Background Scan Networks, Skip Re-Programming Background Scan

 1/05/2017  6:22:16.108 MIS state is Disabled
 1/05/2017  6:22:16.108 MIS state queried by "InCallService" is Disable
 1/05/2017  6:22:16.121 MIS state is Disabled
 1/05/2017  6:22:16.122 MIS state queried by "SpringBoard" is Disable
 1/05/2017  6:22:16.123 MIS state is Disabled
 1/05/2017  6:22:16.143 MIS state queried by "mediaserverd" is Disable
 1/05/2017  6:22:16.144 MIS state is Disabled
 1/05/2017  6:22:16.144 MIS state queried by "UserEventAgent" is Disable
 1/05/2017  6:22:16.146 MIS state is Disabled
 1/05/2017  6:22:16.146 MIS state queried by "locationd" is Disable
 1/05/2017  6:22:16.148 MIS state is Disabled
 1/05/2017  6:22:16.148 MIS state queried by "identityservices" is Disable
 1/05/2017  6:22:16.150 MIS state is Disabled
 1/05/2017  6:22:16.150 MIS state queried by "apsd" is Disable
 1/05/2017  6:22:16.151 MIS state is Disabled
 1/05/2017  6:22:16.152 MIS state queried by "imagent" is Disable
 1/05/2017  6:22:16.152 configd requesting removal of BGScan networks
 1/05/2017  6:22:16.154 No Change in Background Scan Networks, Skip Re-Programming Background Scan

 1/05/2017  6:22:16.154 __WiFiManagerSetEnableState: state TRUE, manager->enable.setting TRUE, manager->unlockedSinceBoot TRUE
 1/05/2017  6:22:16.154 Removing client for "configd"
 1/05/2017  6:22:16.155 MIS state is Disabled
 1/05/2017  6:22:16.156 MIS state queried by "MobileMail" is Disable
 1/05/2017  6:22:16.210 IPV6 State change for en0
 1/05/2017  6:22:16.212 IP Address: 2a02:2f0a:c0a0:1194:cbb:e363:f042:8243
 1/05/2017  6:22:16.212 IP Address: 2a02:2f0a:c0a0:1194:a02c:9093:c6ce:bfc8
 1/05/2017  6:22:16.233 IPv4 Primary interface is pdp_ip0 and IPv6 Primary Interface is (null)
 1/05/2017  6:22:16.277 MIS state is Disabled
 1/05/2017  6:22:16.277 MIS state queried by "nanoregistryd" is Disable
 1/05/2017  6:22:16.322 WoW is Disabled, 0 WoW Clients
 1/05/2017  6:22:16.324 MIS state is Disabled
 1/05/2017  6:22:16.324 MIS state queried by "nanoregistryd" is Disable
 1/05/2017  6:22:16.624 IPv4 Primary interface is pdp_ip0 and IPv6 Primary Interface is (null)
 1/05/2017  6:22:16.642 IPv4 Primary interface is (null) and IPv6 Primary Interface is en0
 1/05/2017  6:22:16.644 IPv4 Primary interface is (null) and IPv6 Primary Interface is en0
 1/05/2017  6:22:16.742 WoW is Disabled, 0 WoW Clients
 1/05/2017  6:22:16.774 WoW is Disabled, 0 WoW Clients
 1/05/2017  6:22:16.845 WoW is Disabled, 0 WoW Clients
 1/05/2017  6:22:16.964 Creating client for "CommCenter"
 1/05/2017  6:22:16.967 CommCenter requesting removal of BGScan networks
 1/05/2017  6:22:16.969 No Change in Background Scan Networks, Skip Re-Programming Background Scan

 1/05/2017  6:22:16.969 __WiFiManagerSetEnableState: state TRUE, manager->enable.setting TRUE, manager->unlockedSinceBoot TRUE
 1/05/2017  6:22:16.969 Removing client for "CommCenter"
 1/05/2017  6:22:17.036 WoW is Disabled, 0 WoW Clients
 1/05/2017  6:22:17.154 IPV4 State change for en0
 1/05/2017  6:22:17.157 IP Address: 192.168.100.8
 1/05/2017  6:22:17.157 Router IP Address: 192.168.100.1
 1/05/2017  6:22:17.158 __WiFiDeviceCheckForIPV4ParamsChange: Setting power mode to kA11PowerProfileDefault
 1/05/2017  6:22:17.159 __WiFiManagerIPv4Callback: <en0> [DIGI-146A                               : isHidden=0, isEAP=0, isWPA=1, isWEP=0, type=0] isMainIf? 1, isRoutable? 1
 1/05/2017  6:22:17.159 -[WiFiIDSSyncEngine currentNetworkChanged]: <0x16e12f000>, role 1, currentNetwork DIGI-146A                               : isHidden=0, isEAP=0, isWPA=1, isWEP=0, type=0
 1/05/2017  6:22:17.159 -[WiFiIDSSyncEngine currentNetworkChanged]: reset waitForReAssociationTimer <CFRunLoopTimer 0x14ce6ecf0 [0x1a0950150]>{valid = Yes, firing = No, interval = 819052854, tolerance = 0, next fire date = 1.32592587e+09 (820642937 @ 12125272668454354), callout = (NSTimer) [WiFiIDSSyncEngine companionReAssociationWaitTimerFired:] (0x18292cfe0 / 0x1000e1010) (/usr/sbin/wifid), context = <CFRunLoopTimer context 0x14ce5c520>}
 1/05/2017  6:22:17.159 -[WiFiIDSSyncEngine sendCurrentCompanionNetwork]: autojoinAssistDict {
    "SSID_STR" = "DIGI-146A";
}
 1/05/2017  6:22:17.159 WiFiLQAMgrSetRouterIpv4Addr: Router IP Address: 192.168.100.1 
 1/05/2017  6:22:17.160 -[WiFiIDSSyncEngine sendToGizmoOfDataType:]: <0x16e247000> ID:(null), data type 1
 1/05/2017  6:22:17.165 __WiFiDeviceCheckForIPV4ParamsChange: configMethod DHCP, leaseExpiryDuration 4320 mins
 1/05/2017  6:22:17.165 WiFiAWDManagerSubmitMetric: metric container could not be generated for metric id <0x90007>
 1/05/2017  6:22:17.165 Router MAC Address: 04:bd:70:a4:e3:00
 1/05/2017  6:22:17.190 IPv4 Primary interface is en0 and IPv6 Primary Interface is en0
 1/05/2017  6:22:17.191 IPv4 Primary interface is en0 and IPv6 Primary Interface is en0
 1/05/2017  6:22:20.649 __WiFiManagerCellularTransmitCallback_block_invoke: Cellular Transmit Started = FALSE
 1/05/2017  6:22:25.717 __WiFiLQAMgrLogStats: Rssi: -66 Cca: 5 TxPer: 0.0% (1) BcnPer: 0.0% (5) RxFrms 1 TxRate: 65000 RxRate: 65000
 1/05/2017  6:22:27.278 Received kIOMessageSystemWillSleep
 1/05/2017  6:22:27.278 System Sleep notification, Disabling auto-join
 1/05/2017  6:22:27.278 __WiFiManagerSetEnableState: state FALSE, manager->enable.setting TRUE, manager->unlockedSinceBoot TRUE
 1/05/2017  6:22:27.278 Disabling automatic association
 1/05/2017  6:22:27.328 WoW is Disabled, 0 WoW Clients
 1/05/2017  6:22:27.416 __WiFiDeviceCopyLinkChangedSubReasonString: Apple80211ReturnToString failed 1
 1/05/2017  6:22:27.416 __WiFiDeviceProcessDriverAvailableEvent: driver availability false, reason PowerOff(0xe0821804), subreason (null)(0x0)
 1/05/2017  6:22:27.416 __WiFiManagerDispatchDeviceAvailable: driver availability false

 1/05/2017  6:22:27.418 WiFiAWDManagerSubmitMetric: metric container could not be generated for metric id <0x9000e>
 1/05/2017  6:22:27.419 __WiFiDeviceManagerAwdlAvailableCallback: AWDL availability changed to FALSE
 1/05/2017  6:22:27.420 __WiFiDeviceProcessLinkEvent: isLinkDown 1
 1/05/2017  6:22:27.422 -[WiFiIDSSyncEngine currentNetworkChanged]: <0x16e12f000>, role 1, currentNetwork (null)
 1/05/2017  6:22:27.422 -[WiFiIDSSyncEngine currentNetworkChanged]: adjusted waitForReAssociationTimer <CFRunLoopTimer 0x14ce6ecf0 [0x1a0950150]>{valid = Yes, firing = No, interval = 819052854, tolerance = 0, next fire date = 505282977 (29.999935 @ 7404066772036), callout = (NSTimer) [WiFiIDSSyncEngine companionReAssociationWaitTimerFired:] (0x18292cfe0 / 0x1000e1010) (/usr/sbin/wifid), context = <CFRunLoopTimer context 0x14ce5c520>}
 1/05/2017  6:28:31.724 Total connection time to DIGI-146A 919261.024371
 1/05/2017  6:28:31.812 WiFiDeviceManagerSetNetworks: Adding HS20 Account: 
Domain name orange.ro
3GPP MCC&MNC 226F10 
Friendly Operator Name Orange
 1/05/2017  6:28:31.812 __WiFiDeviceManagerPrepareHS20Queries: created queries <CFArray 0x14cf26970 [0x1a0950150]>{type = mutable-small, count = 3, values = (
	0 : <CFNumber 0xb0000000000010c1 [0x1a0950150]>{value = +268, type = kCFNumberSInt16Type}
	1 : <CFNumber 0xb000000000001081 [0x1a0950150]>{value = +264, type = kCFNumberSInt16Type}
	2 : <CFNumber 0xb000000000000031 [0x1a0950150]>{value = +3, type = kCFNumberSInt16Type}
)}
 1/05/2017  6:28:31.812 Auto association attempt canceled because auto join is disabled.
 1/05/2017  6:28:31.813 No Change in Background Scan Networks, Skip Re-Programming Background Scan

 1/05/2017  6:28:31.813 Auto association attempt canceled because auto join is disabled.
 1/05/2017  6:28:31.814 __WiFiDeviceManagerSetInterfaceRank: setting interface rank kSCNetworkServicePrimaryRankDefault
 1/05/2017  6:28:31.814 WiFiDeviceRequestAssociatedSleep: ActiveDuringSleepRequested is already removed ((null)).
 1/05/2017  6:28:31.815 WiFiAWDManagerSubmitMetric: metric container could not be generated for metric id <0x90009>
 1/05/2017  6:28:31.816 Link went down: isInVoluntary 0, reason Unknown(4), subreason 0, rssi -66
 1/05/2017  6:28:31.816 __WiFiDeviceResetCCAHistory
 1/05/2017  6:28:31.816 __WiFiDeviceResetRssiHistory
 1/05/2017  6:28:31.816 Creating client for "configd"
 1/05/2017  6:28:31.821 __WiFiDeviceCopyLinkChangedSubReasonString: Apple80211ReturnToString failed 1
 1/05/2017  6:28:31.821 __WiFiDeviceProcessDriverAvailableEvent: driver availability true, reason Initializing(0xe0821803), subreason (null)(0x0)
 1/05/2017  6:28:31.821 __WiFiManagerDispatchDeviceAvailable: driver availability true

 1/05/2017  6:28:31.822 Auto association attempt canceled because auto join is disabled.
 1/05/2017  6:28:31.822 WiFiAWDManagerSubmitMetric: metric container could not be generated for metric id <0x9000e>
 1/05/2017  6:28:31.822 Auto association attempt canceled because auto join is disabled.
 1/05/2017  6:28:31.823 No Change in Background Scan Networks, Skip Re-Programming Background Scan

 1/05/2017  6:28:31.830 Received kIOMessageSystemWillPowerOn
 1/05/2017  6:28:31.830 System wake reason: AOP.ExternalReq menu
 1/05/2017  6:28:31.830 System Powered ON notification Re-enabling auto-join
 1/05/2017  6:28:31.830 __WiFiManagerSetEnableState: state TRUE, manager->enable.setting TRUE, manager->unlockedSinceBoot TRUE
 1/05/2017  6:28:31.830 Enabling automatic association
 1/05/2017  6:28:31.830 __WiFiDeviceManagerStateMachineRun: current state: Idle
 1/05/2017  6:28:31.831 Attempting multi-stage auto join mStageAutoJoinAttempts=0
 1/05/2017  6:28:31.831 Starting multi-stage auto join sequence
 1/05/2017  6:28:31.831 multi-stage auto-join: Scanning for previous network DIGI-146A on channel 1
 1/05/2017  6:28:31.831 Performing auto-join broadcast scan with a modified dwell time of 110ms on channels: 1 
 1/05/2017  6:28:31.831 Enqueuing command type: "Scan" pending commands: 0
 1/05/2017  6:28:31.831 WiFiLocaleManagerCheckLocale: location service or wifi is off, set locale to default
 1/05/2017  6:28:31.831 new locale:  , locale: 
 1/05/2017  6:28:31.831 Dequeuing command type: "Scan" pending commands: 0
 1/05/2017  6:28:31.831 Attempting Apple80211ScanAsync on en0
 1/05/2017  6:28:31.868 __WiFiManagerCellularTransmitCallback_block_invoke: Cellular Transmit Started = FALSE
 1/05/2017  6:28:31.869 Device display is ON
 1/05/2017  6:28:31.869 __WiFiManagerSetEnableState: state TRUE, manager->enable.setting TRUE, manager->unlockedSinceBoot TRUE
 1/05/2017  6:28:31.869 Auto association attempt canceled because auto join state is Scanning Previous Network Channel.
 1/05/2017  6:28:31.875 WiFiDeviceManagerSetNetworks: Adding HS20 Account: 
Domain name orange.ro
3GPP MCC&MNC 226F10 
Friendly Operator Name Orange
 1/05/2017  6:28:31.875 __WiFiDeviceManagerPrepareHS20Queries: created queries <CFArray 0x14cf61560 [0x1a0950150]>{type = mutable-small, count = 3, values = (
	0 : <CFNumber 0xb0000000000010c1 [0x1a0950150]>{value = +268, type = kCFNumberSInt16Type}
	1 : <CFNumber 0xb000000000001081 [0x1a0950150]>{value = +264, type = kCFNumberSInt16Type}
	2 : <CFNumber 0xb000000000000031 [0x1a0950150]>{value = +3, type = kCFNumberSInt16Type}
)}
 1/05/2017  6:28:31.875 Auto association attempt canceled because auto join state is Scanning Previous Network Channel.
 1/05/2017  6:28:31.875 No Change in Background Scan Networks, Skip Re-Programming Background Scan

 1/05/2017  6:28:31.925 MIS state is Disabled
 1/05/2017  6:28:31.925 MIS state queried by "SpringBoard" is Disable
 1/05/2017  6:28:31.925 MIS state is Disabled
 1/05/2017  6:28:31.925 MIS state queried by "UserEventAgent" is Disable
 1/05/2017  6:28:31.925 MIS state is Disabled
 1/05/2017  6:28:31.925 MIS state queried by "locationd" is Disable
 1/05/2017  6:28:31.925 MIS state is Disabled
 1/05/2017  6:28:31.925 MIS state queried by "identityservices" is Disable
 1/05/2017  6:28:31.925 MIS state is Disabled
 1/05/2017  6:28:31.925 MIS state queried by "apsd" is Disable
 1/05/2017  6:28:31.926 MIS state is Disabled
 1/05/2017  6:28:31.926 MIS state queried by "imagent" is Disable
 1/05/2017  6:28:31.926 MIS state is Disabled
 1/05/2017  6:28:31.926 MIS state queried by "InCallService" is Disable
 1/05/2017  6:28:31.926 MIS state is Disabled
 1/05/2017  6:28:31.926 MIS state queried by "mediaserverd" is Disable
 1/05/2017  6:28:31.933 MIS state is Disabled
 1/05/2017  6:28:31.933 MIS state queried by "MobileMail" is Disable
 1/05/2017  6:28:31.933 configd requesting removal of BGScan networks
 1/05/2017  6:28:31.937 No Change in Background Scan Networks, Skip Re-Programming Background Scan

 1/05/2017  6:28:31.937 __WiFiManagerSetEnableState: state TRUE, manager->enable.setting TRUE, manager->unlockedSinceBoot TRUE
 1/05/2017  6:28:31.937 Removing client for "configd"
 1/05/2017  6:28:31.974 WoW is Disabled, 0 WoW Clients
 1/05/2017  6:28:31.978 __WiFiDeviceManagerAwdlAvailableCallback: AWDL availability changed to TRUE
 1/05/2017  6:28:31.981 Completed Apple80211ScanAsync on en0 (0x0)
 1/05/2017  6:28:31.981 Auto join scan completed (0) with current state: Scanning Previous Network Channel
 1/05/2017  6:28:31.981 __WiFiDeviceManagerStateMachineRun: current state: Scanning Previous Network Channel
 1/05/2017  6:28:31.981 Scanning Previous Network Channel found: Telekom Fon, Clicknet-BE14, DIGI-146A
 1/05/2017  6:28:31.981 Attempting auto-join for networks in following order: DIGI-146A(W)
 1/05/2017  6:28:31.981 Autojoin is processing network 1 of 1 candidates
 1/05/2017  6:28:31.982 Attempting auto join association of DIGI-146A
 1/05/2017  6:28:31.988 Enqueuing command type: "Association" pending commands: 1
 1/05/2017  6:28:31.988 Dequeuing command type: "Association" pending commands: 0
 1/05/2017  6:28:31.988 Attempting Apple80211AssociateAsync
 1/05/2017  6:28:31.989 Attempting to join WPA network: DIGI-146A
 1/05/2017  6:28:32.057 MIS state is Disabled
 1/05/2017  6:28:32.057 MIS state queried by "nanoregistryd" is Disable
 1/05/2017  6:28:32.062 WoW is Disabled, 0 WoW Clients
 1/05/2017  6:28:32.082 IPV4 State change for en0
 1/05/2017  6:28:32.087 IPV6 State change for en0
 1/05/2017  6:28:32.089 WoW is Disabled, 0 WoW Clients
 1/05/2017  6:28:32.095 IPv4 Primary interface is pdp_ip0 and IPv6 Primary Interface is (null)
 1/05/2017  6:28:32.096 IPv4 Primary interface is pdp_ip0 and IPv6 Primary Interface is (null)
 1/05/2017  6:28:32.110 __WiFiDeviceProcessLinkEvent: isLinkDown 0
 1/05/2017  6:28:32.113 __WiFiDeviceManagerSetInterfaceRank: setting interface rank kSCNetworkServicePrimaryRankDefault
 1/05/2017  6:28:32.114 __WiFiDeviceManagerEvaluateAPEnvironment: Getting AP environment for DIGI-146A. Learning period 259200 secs Expiry period 2592000 secs
 1/05/2017  6:28:32.114 __WiFiDeviceManagerEvaluateAPEnvironment: AP environment is 2 for DIGI-146A(4:bd:70:a4:e3:8)
 1/05/2017  6:28:32.114 WiFiDeviceSetRoamParams: setting roam profile to type 1
 1/05/2017  6:28:32.114 __WiFiDeviceManagerEvaluateAPEnvironment: Getting AP environment for DIGI-146A. Learning period 259200 secs Expiry period 2592000 secs
 1/05/2017  6:28:32.114 __WiFiDeviceManagerEvaluateAPEnvironment: AP environment is 2 for DIGI-146A(4:bd:70:a4:e3:8)
 1/05/2017  6:28:32.114 __WiFiLQAMgrSetCurrentNetwork: SSID: DIGI-146A BSSID: 4:bd:70:a4:e3:8 RSSI: -63 ApEnv: 2
 1/05/2017  6:28:32.115 WiFiDeviceRequestAssociatedSleep: ActiveDuringSleepRequested is already removed ((null)).
 1/05/2017  6:28:32.115 __WiFiDeviceResetCCAHistory
 1/05/2017  6:28:32.115 __WiFiDeviceResetRssiHistory
 1/05/2017  6:28:32.115 __WiFiLQAMgrLogStats: Rssi: -63 Cca: 0 TxPer: 0.0% (0) BcnPer: 0.0% (0) RxFrms 0 TxRate: 0 RxRate: 0
 1/05/2017  6:28:32.115 __WiFiDeviceProcessLinkEvent: Initializing lqm value: rawRssi -63, scaledRssi 0.782152, noise 0, snr 28
 1/05/2017  6:28:32.128 __WiFiMetricsManagerPrepareLinkChangeNetworkParams: OUI:04:bd:70 Channel:1(20MHz) Flags:0x8 PhyMode:0x10 Security:0x2 WPA:[Prot:0x2 McastCipher:0x4 UcastCipher:0xc AKM:0x2 Caps:0x0] HT:[Info:0x19fc AMPDU:0x1b TXBF:0x0 Ext:0x0 ASEL:0x0] VHT:[Info:0x0]
 1/05/2017  6:28:32.128 WiFiAWDManagerSubmitMetric: metric container could not be generated for metric id <0x90009>
 1/05/2017  6:28:32.129 Creating client for "configd"
 1/05/2017  6:28:32.214 __WiFiManagerCellularTransmitCallback_block_invoke: Cellular Transmit Started = TRUE
 1/05/2017  6:28:32.218 Completed Apple80211AssociateAsync (0 - 0x0)
 1/05/2017  6:28:32.218 Joined: DIGI-146A
 1/05/2017  6:28:32.218 Auto join association completed (0) with current state: Associating
 1/05/2017  6:28:32.218 __WiFiDeviceManagerStateMachineRun: current state: Associating
 1/05/2017  6:28:32.218 __WiFiDeviceManagerProcessAssociationResult: current state: Associating
 1/05/2017  6:28:32.218 WiFiNetworkSetKnownBssUsageData: BSS updated - current BSS: 4:bd:70:a4:e3:8 (1)
 1/05/2017  6:28:32.218 Removing problematic state for DIGI-146A, reason N/A reasonData=0
 1/05/2017  6:28:32.218 problematic networks =  and potentially problematic networks = 
 1/05/2017  6:28:32.218 No Change in Background Scan Networks, Skip Re-Programming Background Scan

 1/05/2017  6:28:32.218 __WiFiManagerDidAssociateCallback: network DIGI-146A, requestedInformation <CFBasicHash 0x14ced7fd0 [0x1a0950150]>{type = mutable dict, count = 1,
entries =>
	2 : <CFString 0x10017e160 [0x1a0950150]>{contents = "reason"} = <CFString 0x100185180 [0x1a0950150]>{contents = "Associating"}
}

 1/05/2017  6:28:32.229 WiFiDeviceManagerSetNetworks: Adding HS20 Account: 
Domain name orange.ro
3GPP MCC&MNC 226F10 
Friendly Operator Name Orange
 1/05/2017  6:28:32.230 __WiFiDeviceManagerPrepareHS20Queries: created queries <CFArray 0x14cfc39a0 [0x1a0950150]>{type = mutable-small, count = 3, values = (
	0 : <CFNumber 0xb0000000000010c1 [0x1a0950150]>{value = +268, type = kCFNumberSInt16Type}
	1 : <CFNumber 0xb000000000001081 [0x1a0950150]>{value = +264, type = kCFNumberSInt16Type}
	2 : <CFNumber 0xb000000000000031 [0x1a0950150]>{value = +3, type = kCFNumberSInt16Type}
)}
 1/05/2017  6:28:32.230 Auto association attempt canceled because auto join state is Associating.
 1/05/2017  6:28:32.230 No Change in Background Scan Networks, Skip Re-Programming Background Scan

 1/05/2017  6:28:32.238 MIS state is Disabled
 1/05/2017  6:28:32.238 MIS state queried by "MobileMail" is Disable
 1/05/2017  6:28:32.239 MIS state is Disabled
 1/05/2017  6:28:32.239 MIS state queried by "SpringBoard" is Disable
 1/05/2017  6:28:32.239 MIS state is Disabled
 1/05/2017  6:28:32.239 MIS state queried by "UserEventAgent" is Disable
 1/05/2017  6:28:32.239 MIS state is Disabled
 1/05/2017  6:28:32.239 MIS state queried by "locationd" is Disable
 1/05/2017  6:28:32.239 MIS state is Disabled
 1/05/2017  6:28:32.239 MIS state queried by "identityservices" is Disable
 1/05/2017  6:28:32.241 MIS state is Disabled
 1/05/2017  6:28:32.241 MIS state queried by "apsd" is Disable
 1/05/2017  6:28:32.241 MIS state is Disabled
 1/05/2017  6:28:32.241 MIS state queried by "imagent" is Disable
 1/05/2017  6:28:32.267 WiFiDeviceManagerSetNetworks: Adding HS20 Account: 
Domain name orange.ro
3GPP MCC&MNC 226F10 
Friendly Operator Name Orange
 1/05/2017  6:28:32.268 __WiFiDeviceManagerPrepareHS20Queries: created queries <CFArray 0x14ceaf020 [0x1a0950150]>{type = mutable-small, count = 3, values = (
	0 : <CFNumber 0xb0000000000010c1 [0x1a0950150]>{value = +268, type = kCFNumberSInt16Type}
	1 : <CFNumber 0xb000000000001081 [0x1a0950150]>{value = +264, type = kCFNumberSInt16Type}
	2 : <CFNumber 0xb000000000000031 [0x1a0950150]>{value = +3, type = kCFNumberSInt16Type}
)}
 1/05/2017  6:28:32.268 __WiFiDeviceManagerAutoAssociate: Already connected to DIGI-146A.
 1/05/2017  6:28:32.269 No Change in Background Scan Networks, Skip Re-Programming Background Scan

 1/05/2017  6:28:32.269 MIS state is Disabled
 1/05/2017  6:28:32.269 MIS state queried by "InCallService" is Disable
 1/05/2017  6:28:32.270 MIS state is Disabled
 1/05/2017  6:28:32.270 MIS state queried by "mediaserverd" is Disable
 1/05/2017  6:28:32.270 MIS state is Disabled
 1/05/2017  6:28:32.270 MIS state queried by "nanoregistryd" is Disable
 1/05/2017  6:28:32.270 configd requesting removal of BGScan networks
 1/05/2017  6:28:32.271 No Change in Background Scan Networks, Skip Re-Programming Background Scan

 1/05/2017  6:28:32.271 __WiFiManagerSetEnableState: state TRUE, manager->enable.setting TRUE, manager->unlockedSinceBoot TRUE
 1/05/2017  6:28:32.271 Removing client for "configd"
 1/05/2017  6:28:32.271 IPV4 State change for en0
 1/05/2017  6:28:32.271 IP Address: 192.168.100.8
 1/05/2017  6:28:32.271 Router IP Address: 192.168.100.1
 1/05/2017  6:28:32.271 __WiFiDeviceCheckForIPV4ParamsChange: Setting power mode to kA11PowerProfileDefault
 1/05/2017  6:28:32.271 __WiFiManagerIPv4Callback: <en0> [DIGI-146A                               : isHidden=0, isEAP=0, isWPA=1, isWEP=0, type=0] isMainIf? 1, isRoutable? 1
 1/05/2017  6:28:32.272 -[WiFiIDSSyncEngine currentNetworkChanged]: <0x16e12f000>, role 1, currentNetwork DIGI-146A                               : isHidden=0, isEAP=0, isWPA=1, isWEP=0, type=0
 1/05/2017  6:28:32.272 -[WiFiIDSSyncEngine currentNetworkChanged]: reset waitForReAssociationTimer <CFRunLoopTimer 0x14ce6ecf0 [0x1a0950150]>{valid = Yes, firing = No, interval = 819052854, tolerance = 0, next fire date = 1.32592662e+09 (820643312 @ 12125272933397458), callout = (NSTimer) [WiFiIDSSyncEngine companionReAssociationWaitTimerFired:] (0x18292cfe0 / 0x1000e1010) (/usr/sbin/wifid), context = <CFRunLoopTimer context 0x14ce5c520>}
 1/05/2017  6:28:32.272 -[WiFiIDSSyncEngine sendCurrentCompanionNetwork]: autojoinAssistDict {
    "SSID_STR" = "DIGI-146A";
}
 1/05/2017  6:28:32.272 WiFiLQAMgrSetRouterIpv4Addr: Router IP Address: 192.168.100.1 
 1/05/2017  6:28:32.272 -[WiFiIDSSyncEngine sendToGizmoOfDataType:]: <0x16e0a3000> ID:(null), data type 1
 1/05/2017  6:28:32.272 __WiFiDeviceCheckForIPV4ParamsChange: configMethod DHCP, leaseExpiryDuration 4320 mins
 1/05/2017  6:28:32.272 WiFiAWDManagerSubmitMetric: metric container could not be generated for metric id <0x90007>
 1/05/2017  6:28:32.272 Router MAC Address: 04:bd:70:a4:e3:00
 1/05/2017  6:28:32.280 IPv4 Primary interface is pdp_ip0 and IPv6 Primary Interface is (null)
 1/05/2017  6:28:32.282 WoW is Disabled, 0 WoW Clients
 1/05/2017  6:28:32.292 IPv4 Primary interface is en0 and IPv6 Primary Interface is (null)
 1/05/2017  6:28:32.313 IPV6 State change for en0
 1/05/2017  6:28:32.313 IP Address: 2a02:2f0a:c0a0:1194:cbb:e363:f042:8243
 1/05/2017  6:28:32.313 IP Address: 2a02:2f0a:c0a0:1194:b01b:8a44:acb6:ffa9
 1/05/2017  6:28:32.322 IPv4 Primary interface is en0 and IPv6 Primary Interface is en0
 1/05/2017  6:28:32.322 IPv4 Primary interface is en0 and IPv6 Primary Interface is en0
 1/05/2017  6:28:37.113 
Too frequent(0.693728 secs) rssi event from driver, ignoring

 1/05/2017  6:28:37.254 __WiFiManagerCellularTransmitCallback_block_invoke: Cellular Transmit Started = FALSE
 1/05/2017  6:28:42.126 
Too frequent(0.692691 secs) rssi event from driver, ignoring

 1/05/2017  6:28:43.588 IPv4 Primary interface is en0 and IPv6 Primary Interface is en0
 1/05/2017  6:28:43.589 IPv4 Primary interface is en0 and IPv6 Primary Interface is en0
 1/05/2017  6:28:45.919 ATJManager: setting ask-to-join interaction mode to Interactive
 1/05/2017  6:28:45.920 ATJManager: no entries to purge
 1/05/2017  6:28:45.920 User interaction ENABLED
 1/05/2017  6:28:45.920 Ignoring lock state manager->wakeMode 1

 1/05/2017  6:28:45.920 problematic networks =  and potentially problematic networks = 
 1/05/2017  6:28:45.920 Unblacklisting
 1/05/2017  6:28:45.921 __CreateBGScanRequest Hotspot Orange Mobile Wi-Fi added to BGScan List 
 1/05/2017  6:28:45.921 Preparing background scan request for "DIGI-146A" "UPC5493113" "TP-LINK_Extender_2.4GHz" "UPC2300204" "PRECIS" "eduroam" "G3_7030" "eg304" "eMAG" "Orange Mobile Wi-Fi" Background Scan Caching is Disabled
 1/05/2017  6:28:45.930 __WiFiDeviceManagerAutoAssociate: Already connected to DIGI-146A.
 1/05/2017  6:28:45.931 __WiFiDeviceCheckForIPRenewalWakeupSupport: State:/Network/Interface/en0/ActiveDuringSleepSupported = TRUE
 1/05/2017  6:28:45.986 scanCache: Purging scan cache
 1/05/2017  6:28:47.133 __WiFiLQAMgrLogStats: Rssi: -64 Cca: 27 TxPer: 0.0% (160) BcnPer: 4.0% (50) RxFrms 145 TxRate: 58500 RxRate: 65000
 1/05/2017  6:28:51.340 Client apsd set type to background application
 1/05/2017  6:28:51.340 __WiFiManagerSetEnableState: state TRUE, manager->enable.setting TRUE, manager->unlockedSinceBoot TRUE
 1/05/2017  6:28:51.341 BG Application: Not Present, BG Daemon: Present. Daemons: mediaserverd apsd 
 1/05/2017  6:28:51.341 __WiFiDeviceManagerAutoAssociate: Already connected to DIGI-146A.
 1/05/2017  6:28:51.341 Enable WoW requested by "apsd"
 1/05/2017  6:28:51.342 WoW Capable = YES, Attempting to enable WoW and disable LPAS 
 1/05/2017  6:28:51.342 Setting WoW params to <CFBasicHash 0x14cda6110 [0x1a0950150]>{type = immutable dict, count = 3,
entries =>
	0 : <CFString 0x100175960 [0x1a0950150]>{contents = "IO80211InterfaceEnableLowPwrAssocMode"} = <CFBoolean 0x1a09506d8 [0x1a0950150]>{value = false}
	1 : <CFString 0x100175940 [0x1a0950150]>{contents = "IO80211InterfaceEnableWoW"} = <CFBoolean 0x1a09506c8 [0x1a0950150]>{value = true}
	2 : <CFString 0x100185ae0 [0x1a0950150]>{contents = "IO80211InterfaceEnableWoWOnCaptive"} = <CFBoolean 0x1a09506d8 [0x1a0950150]>{value = false}
}

 1/05/2017  6:28:51.348 WiFiDeviceRequestAssociatedSleep: ActiveDuringSleepRequested is already set (<CFBasicHash 0x14cf5ef10 [0x1a0950150]>{type = immutable dict, count = 0,
entries =>
}
).
 1/05/2017  6:28:51.348 WoW Enabled by 1 Clients, lpas is Disabled, WoW Override is Disabled, Captive Disabled
 1/05/2017  6:28:51.349 Unable to dispatch WowStateChanged message to client dataaccessd (268435460)
 1/05/2017  6:28:51.349 Unable to dispatch WowStateChanged message to client itunesstored (268435460)
 1/05/2017  6:28:51.349 Unable to dispatch WowStateChanged message to client mediaserverd (268435460)
 1/05/2017  6:28:51.350 Unable to dispatch WowStateChanged message to client MobileMail (268435460)
 1/05/2017  6:28:51.351 Unable to dispatch WowStateChanged message to client profiled (268435460)
 1/05/2017  6:28:51.351 Unable to dispatch WowStateChanged message to client assistantd (268435460)
 1/05/2017  6:28:51.351 apsd[273] is a wow client
 1/05/2017  6:28:51.351 WoW is Enabled, 1 WoW Clients
 1/05/2017  6:28:51.353 apsd[273] is a wow client
 1/05/2017  6:28:51.353 WoW is Enabled, 1 WoW Clients
 1/05/2017  6:28:51.357 apsd[273] is a wow client
 1/05/2017  6:28:51.357 WoW is Enabled, 1 WoW Clients
 1/05/2017  6:28:52.148 __WiFiLQAMgrLogStats: Rssi: -61 Cca: 16 TxPer: 0.0% (386) BcnPer: 0.0% (49) RxFrms 543 TxRate: 72222 RxRate: 65000
 1/05/2017  6:29:12.062 __WiFiLQAMgrLogStats: Rssi: -64 Cca: 37 TxPer: 0.0% (2) BcnPer: 0.0% (50) RxFrms 5 TxRate: 65000 RxRate: 58500
 1/05/2017  6:29:17.070 __WiFiLQAMgrLogStats: Rssi: -60 Cca: 22 TxPer: 0.0% (7) BcnPer: 0.0% (50) RxFrms 6 TxRate: 65000 RxRate: 58500
 1/05/2017  6:29:22.079 __WiFiLQAMgrLogStats: Rssi: -57 Cca: 31 TxPer: 0.0% (8) BcnPer: 0.0% (50) RxFrms 6 TxRate: 65000 RxRate: 65000
 1/05/2017  6:29:27.087 __WiFiLQAMgrLogStats: Rssi: -63 Cca: 18 TxPer: 0.0% (36) BcnPer: 0.0% (50) RxFrms 24 TxRate: 58500 RxRate: 58500
 1/05/2017  6:29:32.092 __WiFiLQAMgrLogStats: Rssi: -63 Cca: 18 TxPer: 0.0% (8) BcnPer: 0.0% (50) RxFrms 7 TxRate: 58500 RxRate: 58500
 1/05/2017  6:29:37.100 __WiFiLQAMgrLogStats: Rssi: -59 Cca: 36 TxPer: 0.0% (5) BcnPer: 2.0% (50) RxFrms 7 TxRate: 58500 RxRate: 58500
 1/05/2017  6:29:42.105 __WiFiLQAMgrLogStats: Rssi: -61 Cca: 19 TxPer: 0.0% (6) BcnPer: 0.0% (50) RxFrms 5 TxRate: 65000 RxRate: 58500
 1/05/2017  6:29:45.812 Background Network Application entered
 1/05/2017  6:29:45.813 BG Application: Present, BG Daemon: Present. Daemons: mediaserverd apsd 
 1/05/2017  6:29:45.813 __WiFiManagerSetEnableState: state TRUE, manager->enable.setting TRUE, manager->unlockedSinceBoot TRUE
 1/05/2017  6:29:45.814 __WiFiDeviceManagerAutoAssociate: Already connected to DIGI-146A.
 1/05/2017  6:29:45.818 Background Network Application entered
 1/05/2017  6:29:45.818 BG Application: Not Present, BG Daemon: Present. Daemons: mediaserverd apsd 
 1/05/2017  6:29:45.818 __WiFiManagerSetEnableState: state TRUE, manager->enable.setting TRUE, manager->unlockedSinceBoot TRUE
 1/05/2017  6:29:45.819 __WiFiDeviceManagerAutoAssociate: Already connected to DIGI-146A.
 1/05/2017  6:29:47.106 __WiFiLQAMgrLogStats: Rssi: -61 Cca: 35 TxPer: 0.0% (0) BcnPer: 0.0% (0) RxFrms 0 TxRate: 0 RxRate: 0
 1/05/2017  6:29:52.115 __WiFiLQAMgrLogStats: Rssi: -57 Cca: 16 TxPer: 0.0% (8) BcnPer: 0.0% (100) RxFrms 9 TxRate: 65000 RxRate: 58500
 1/05/2017  6:29:56.138 WiFiLocaleManagerCheckLocale: location service or wifi is off, set locale to default
 1/05/2017  6:29:56.139 new locale:  , locale: 
 1/05/2017  6:29:57.125 __WiFiLQAMgrLogStats: Rssi: -56 Cca: 16 TxPer: 0.0% (20) BcnPer: 0.0% (50) RxFrms 12 TxRate: 65000 RxRate: 58500
 1/05/2017  6:30:02.131 __WiFiLQAMgrLogStats: Rssi: -60 Cca: 31 TxPer: 0.0% (2) BcnPer: 0.0% (50) RxFrms 1 TxRate: 65000 RxRate: 58500
 1/05/2017  6:30:07.140 __WiFiLQAMgrLogStats: Rssi: -59 Cca: 31 TxPer: 0.0% (5) BcnPer: 2.0% (50) RxFrms 9 TxRate: 65000 RxRate: 58500
 1/05/2017  6:30:12.148 __WiFiLQAMgrLogStats: Rssi: -56 Cca: 6 TxPer: 0.0% (6) BcnPer: 2.0% (50) RxFrms 5 TxRate: 65000 RxRate: 58500
 1/05/2017  6:30:17.152 __WiFiLQAMgrLogStats: Rssi: -58 Cca: 30 TxPer: 0.0% (6) BcnPer: 0.0% (50) RxFrms 6 TxRate: 65000 RxRate: 58500
 1/05/2017  6:30:22.161 __WiFiLQAMgrLogStats: Rssi: -58 Cca: 18 TxPer: 0.0% (14) BcnPer: 0.0% (50) RxFrms 9 TxRate: 72222 RxRate: 58500
 1/05/2017  6:30:27.168 __WiFiLQAMgrLogStats: Rssi: -56 Cca: 18 TxPer: 0.0% (10) BcnPer: 0.0% (50) RxFrms 7 TxRate: 72222 RxRate: 58500
 1/05/2017  6:30:32.177 __WiFiLQAMgrLogStats: Rssi: -56 Cca: 30 TxPer: 0.0% (6) BcnPer: 0.0% (50) RxFrms 5 TxRate: 72222 RxRate: 65000
 1/05/2017  6:30:37.184 __WiFiLQAMgrLogStats: Rssi: -59 Cca: 30 TxPer: 0.0% (0) BcnPer: 0.0% (50) RxFrms 3 TxRate: 72222 RxRate: 1000
 1/05/2017  6:30:42.192 __WiFiLQAMgrLogStats: Rssi: -56 Cca: 55 TxPer: 0.0% (6) BcnPer: 0.0% (50) RxFrms 7 TxRate: 72222 RxRate: 65000
 1/05/2017  6:30:47.201 __WiFiLQAMgrLogStats: Rssi: -56 Cca: 37 TxPer: 0.0% (4) BcnPer: 0.0% (50) RxFrms 4 TxRate: 72222 RxRate: 65000
 1/05/2017  6:30:52.209 __WiFiLQAMgrLogStats: Rssi: -55 Cca: 6 TxPer: 0.0% (15) BcnPer: 2.0% (50) RxFrms 11 TxRate: 72222 RxRate: 65000
 1/05/2017  6:30:57.217 __WiFiLQAMgrLogStats: Rssi: -57 Cca: 6 TxPer: 0.0% (83) BcnPer: 2.0% (50) RxFrms 40 TxRate: 72222 RxRate: 65000
 1/05/2017  6:31:02.226 __WiFiLQAMgrLogStats: Rssi: -58 Cca: 6 TxPer: 0.0% (8) BcnPer: 0.0% (50) RxFrms 8 TxRate: 72222 RxRate: 65000
 1/05/2017  6:31:07.231 __WiFiLQAMgrLogStats: Rssi: -55 Cca: 32 TxPer: 0.0% (11) BcnPer: 0.0% (50) RxFrms 16 TxRate: 72222 RxRate: 65000
 1/05/2017  6:31:22.254 __WiFiLQAMgrLogStats: Rssi: -64 Cca: 17 TxPer: 0.0% (8) BcnPer: 2.0% (50) RxFrms 6 TxRate: 72222 RxRate: 65000
 1/05/2017  6:31:27.266 __WiFiLQAMgrLogStats: Rssi: -65 Cca: 32 TxPer: 0.0% (17) BcnPer: 0.0% (49) RxFrms 14 TxRate: 72222 RxRate: 65000
 1/05/2017  6:31:32.268 __WiFiLQAMgrLogStats: Rssi: -59 Cca: 32 TxPer: 0.0% (4) BcnPer: 0.0% (50) RxFrms 7 TxRate: 72222 RxRate: 65000
 1/05/2017  6:31:37.273 
Too frequent(0.135886 secs) rssi event from driver, ignoring

 1/05/2017  6:31:42.280 
Too frequent(0.030117 secs) rssi event from driver, ignoring

 1/05/2017  6:31:47.289 __WiFiLQAMgrLogStats: Rssi: -65 Cca: 31 TxPer: 0.0% (15) BcnPer: 2.0% (50) RxFrms 11 TxRate: 58500 RxRate: 52000
 1/05/2017  6:31:52.300 __WiFiLQAMgrLogStats: Rssi: -68 Cca: 31 TxPer: 0.0% (8) BcnPer: 0.0% (50) RxFrms 5 TxRate: 58500 RxRate: 65000
 1/05/2017  6:31:55.343 ATJManager: setting ask-to-join interaction mode to NonInteractive
 1/05/2017  6:31:55.343 ATJManager: no entries to purge
 1/05/2017  6:31:55.344 User interaction DISABLED
 1/05/2017  6:31:55.344 Ignoring lock state manager->wakeMode 1

 1/05/2017  6:31:55.349 Device display is OFF
 1/05/2017  6:31:56.137 WiFiLocaleManagerCheckLocale: location service or wifi is off, set locale to default
 1/05/2017  6:31:56.137 new locale:  , locale: 
 1/05/2017  6:32:17.328 __WiFiLQAMgrLogStats: Rssi: -57 Cca: 26 TxPer: 0.0% (3) BcnPer: 0.0% (50) RxFrms 3 TxRate: 58500 RxRate: 65000
 1/05/2017  6:32:22.333 __WiFiLQAMgrLogStats: Rssi: -57 Cca: 52 TxPer: 0.0% (1) BcnPer: 0.0% (50) RxFrms 3 TxRate: 58500 RxRate: 65000
 1/05/2017  6:32:27.341 __WiFiLQAMgrLogStats: Rssi: -57 Cca: 52 TxPer: 0.0% (2) BcnPer: 0.0% (50) RxFrms 5 TxRate: 58500 RxRate: 65000
 1/05/2017  6:32:32.346 __WiFiLQAMgrLogStats: Rssi: -58 Cca: 29 TxPer: 0.0% (1) BcnPer: 0.0% (50) RxFrms 6 TxRate: 58500 RxRate: 65000
 1/05/2017  6:32:37.349 __WiFiLQAMgrLogStats: Rssi: -58 Cca: 3 TxPer: 0.0% (2) BcnPer: 2.0% (50) RxFrms 6 TxRate: 58500 RxRate: 65000
 1/05/2017  6:32:42.358 __WiFiLQAMgrLogStats: Rssi: -58 Cca: 30 TxPer: 0.0% (1) BcnPer: 2.0% (50) RxFrms 5 TxRate: 58500 RxRate: 65000
 1/05/2017  6:32:47.366 __WiFiLQAMgrLogStats: Rssi: -58 Cca: 21 TxPer: 0.0% (4) BcnPer: 0.0% (50) RxFrms 6 TxRate: 58500 RxRate: 65000
 1/05/2017  6:32:52.374 __WiFiLQAMgrLogStats: Rssi: -59 Cca: 29 TxPer: 0.0% (4) BcnPer: 0.0% (50) RxFrms 3 TxRate: 58500 RxRate: 65000
 1/05/2017  6:32:57.382 __WiFiLQAMgrLogStats: Rssi: -58 Cca: 29 TxPer: 0.0% (3) BcnPer: 0.0% (50) RxFrms 6 TxRate: 58500 RxRate: 65000
 1/05/2017  6:33:00.320 Disable WoW requested by "apsd"
 1/05/2017  6:33:00.321 WoW Capable = YES, Attempting to disable WoW and enable LPAS 
 1/05/2017  6:33:00.321 Setting WoW params to <CFBasicHash 0x14cfd7c80 [0x1a0950150]>{type = immutable dict, count = 3,
entries =>
	0 : <CFString 0x100175960 [0x1a0950150]>{contents = "IO80211InterfaceEnableLowPwrAssocMode"} = <CFBoolean 0x1a09506c8 [0x1a0950150]>{value = true}
	1 : <CFString 0x100175940 [0x1a0950150]>{contents = "IO80211InterfaceEnableWoW"} = <CFBoolean 0x1a09506d8 [0x1a0950150]>{value = false}
	2 : <CFString 0x100185ae0 [0x1a0950150]>{contents = "IO80211InterfaceEnableWoWOnCaptive"} = <CFBoolean 0x1a09506d8 [0x1a0950150]>{value = false}
}

 1/05/2017  6:33:00.323 WiFiDeviceRequestAssociatedSleep: ActiveDuringSleepRequested is already set (<CFBasicHash 0x14cf97e30 [0x1a0950150]>{type = immutable dict, count = 0,
entries =>
}
).
 1/05/2017  6:33:00.324 WoW Disabled, 0 WoW Clients, lpas is Enabled, WoW Override is Disabled, Captive Disabled
 1/05/2017  6:33:00.324 Unable to dispatch WowStateChanged message to client dataaccessd (268435460)
 1/05/2017  6:33:00.324 Unable to dispatch WowStateChanged message to client itunesstored (268435460)
 1/05/2017  6:33:00.325 Unable to dispatch WowStateChanged message to client mediaserverd (268435460)
 1/05/2017  6:33:00.326 Unable to dispatch WowStateChanged message to client MobileMail (268435460)
 1/05/2017  6:33:00.326 Unable to dispatch WowStateChanged message to client profiled (268435460)
 1/05/2017  6:33:00.327 Unable to dispatch WowStateChanged message to client assistantd (268435460)
 1/05/2017  6:33:00.327 WoW is Disabled, 0 WoW Clients
 1/05/2017  6:33:00.327 WoW is Disabled, 0 WoW Clients
 1/05/2017  6:33:00.333 WoW is Disabled, 0 WoW Clients
 1/05/2017  6:33:02.391 __WiFiLQAMgrLogStats: Rssi: -58 Cca: 52 TxPer: 0.0% (1) BcnPer: 0.0% (50) RxFrms 5 TxRate: 58500 RxRate: 65000
 1/05/2017  6:33:05.323 Client apsd set type to normal application
 1/05/2017  6:33:05.323 __WiFiManagerSetEnableState: state TRUE, manager->enable.setting TRUE, manager->unlockedSinceBoot TRUE
 1/05/2017  6:33:05.323 BG Application: Not Present, BG Daemon: Present. Daemons: mediaserverd 
 1/05/2017  6:33:07.399 __WiFiLQAMgrLogStats: Rssi: -59 Cca: 21 TxPer: 0.0% (2) BcnPer: 0.0% (50) RxFrms 6 TxRate: 58500 RxRate: 65000
 1/05/2017  6:33:12.407 __WiFiLQAMgrLogStats: Rssi: -57 Cca: 52 TxPer: 0.0% (1) BcnPer: 0.0% (50) RxFrms 6 TxRate: 58500 RxRate: 65000
 1/05/2017  6:33:17.415 __WiFiLQAMgrLogStats: Rssi: -55 Cca: 3 TxPer: 0.0% (3) BcnPer: 0.0% (50) RxFrms 7 TxRate: 65000 RxRate: 65000
 1/05/2017  6:33:22.423 __WiFiLQAMgrLogStats: Rssi: -59 Cca: 43 TxPer: 0.0% (0) BcnPer: 0.0% (50) RxFrms 5 TxRate: 65000 RxRate: 65000
 1/05/2017  6:33:27.432 __WiFiLQAMgrLogStats: Rssi: -68 Cca: 53 TxPer: 0.0% (3) BcnPer: 0.0% (50) RxFrms 7 TxRate: 65000 RxRate: 65000
 1/05/2017  6:33:32.437 __WiFiLQAMgrLogStats: Rssi: -62 Cca: 53 TxPer: 0.0% (0) BcnPer: 0.0% (50) RxFrms 5 TxRate: 65000 RxRate: 65000
 1/05/2017  6:33:37.445 __WiFiLQAMgrLogStats: Rssi: -62 Cca: 29 TxPer: 0.0% (2) BcnPer: 2.0% (50) RxFrms 7 TxRate: 65000 RxRate: 65000
 1/05/2017  6:33:42.454 __WiFiLQAMgrLogStats: Rssi: -59 Cca: 55 TxPer: 0.0% (0) BcnPer: 0.0% (50) RxFrms 5 TxRate: 65000 RxRate: 65000
 1/05/2017  6:33:47.462 __WiFiLQAMgrLogStats: Rssi: -63 Cca: 28 TxPer: 0.0% (17) BcnPer: 0.0% (50) RxFrms 18 TxRate: 65000 RxRate: 65000
 1/05/2017  6:33:51.390 Device display is ON
 1/05/2017  6:33:51.390 __WiFiManagerSetEnableState: state TRUE, manager->enable.setting TRUE, manager->unlockedSinceBoot TRUE
 1/05/2017  6:33:51.391 __WiFiDeviceManagerAutoAssociate: Already connected to DIGI-146A.
 1/05/2017  6:33:52.481 __WiFiLQAMgrLogStats: Rssi: -60 Cca: 28 TxPer: 0.0% (1) BcnPer: 0.0% (50) RxFrms 6 TxRate: 65000 RxRate: 65000
 1/05/2017  6:33:53.339 ATJManager: setting ask-to-join interaction mode to Interactive
 1/05/2017  6:33:53.339 ATJManager: no entries to purge
 1/05/2017  6:33:53.339 User interaction ENABLED
 1/05/2017  6:33:53.339 Ignoring lock state manager->wakeMode 1

 1/05/2017  6:33:53.339 problematic networks =  and potentially problematic networks = 
 1/05/2017  6:33:53.339 Unblacklisting
 1/05/2017  6:33:53.340 No Change in Background Scan Networks, Skip Re-Programming Background Scan

 1/05/2017  6:33:53.340 __WiFiDeviceManagerAutoAssociate: Already connected to DIGI-146A.
 1/05/2017  6:33:55.466 BG Application: Not Present, BG Daemon: Present. Daemons: mediaserverd 
 1/05/2017  6:33:55.466 __WiFiManagerSetEnableState: state TRUE, manager->enable.setting TRUE, manager->unlockedSinceBoot TRUE
 1/05/2017  6:33:55.468 __WiFiDeviceManagerAutoAssociate: Already connected to DIGI-146A.
 1/05/2017  6:33:56.135 WiFiLocaleManagerCheckLocale: location service or wifi is off, set locale to default
 1/05/2017  6:33:56.135 new locale:  , locale: 
 1/05/2017  6:33:56.720 BG Application: Not Present, BG Daemon: Present. Daemons: mediaserverd 
 1/05/2017  6:33:56.720 LPAS is Enabled
 1/05/2017  6:33:56.720 LPAS Enabled, Skip starting Disassocation timer
 1/05/2017  6:33:58.875 Client apsd set type to background application
 1/05/2017  6:33:58.875 __WiFiManagerSetEnableState: state TRUE, manager->enable.setting TRUE, manager->unlockedSinceBoot TRUE
 1/05/2017  6:33:58.875 BG Application: Not Present, BG Daemon: Present. Daemons: mediaserverd apsd 
 1/05/2017  6:33:58.876 __WiFiDeviceManagerAutoAssociate: Already connected to DIGI-146A.
 1/05/2017  6:33:58.876 Enable WoW requested by "apsd"
 1/05/2017  6:33:58.876 WoW Capable = YES, Attempting to enable WoW and disable LPAS 
 1/05/2017  6:33:58.877 Setting WoW params to <CFBasicHash 0x14cfcb170 [0x1a0950150]>{type = immutable dict, count = 3,
entries =>
	0 : <CFString 0x100175960 [0x1a0950150]>{contents = "IO80211InterfaceEnableLowPwrAssocMode"} = <CFBoolean 0x1a09506d8 [0x1a0950150]>{value = false}
	1 : <CFString 0x100175940 [0x1a0950150]>{contents = "IO80211InterfaceEnableWoW"} = <CFBoolean 0x1a09506c8 [0x1a0950150]>{value = true}
	2 : <CFString 0x100185ae0 [0x1a0950150]>{contents = "IO80211InterfaceEnableWoWOnCaptive"} = <CFBoolean 0x1a09506d8 [0x1a0950150]>{value = false}
}

 1/05/2017  6:33:58.878 WiFiDeviceRequestAssociatedSleep: ActiveDuringSleepRequested is already set (<CFBasicHash 0x14cfdc150 [0x1a0950150]>{type = immutable dict, count = 0,
entries =>
}
).
 1/05/2017  6:33:58.879 WoW Enabled by 1 Clients, lpas is Disabled, WoW Override is Disabled, Captive Disabled
 1/05/2017  6:33:58.879 Unable to dispatch WowStateChanged message to client dataaccessd (268435460)
 1/05/2017  6:33:58.880 Unable to dispatch WowStateChanged message to client itunesstored (268435460)
 1/05/2017  6:33:58.880 Unable to dispatch WowStateChanged message to client mediaserverd (268435460)
 1/05/2017  6:33:58.880 Unable to dispatch WowStateChanged message to client MobileMail (268435460)
 1/05/2017  6:33:58.880 Unable to dispatch WowStateChanged message to client profiled (268435460)
 1/05/2017  6:33:58.881 Unable to dispatch WowStateChanged message to client assistantd (268435460)
 1/05/2017  6:33:58.881 apsd[273] is a wow client
 1/05/2017  6:33:58.881 WoW is Enabled, 1 WoW Clients
 1/05/2017  6:33:58.881 apsd[273] is a wow client
 1/05/2017  6:33:58.882 WoW is Enabled, 1 WoW Clients
 1/05/2017  6:33:58.883 apsd[273] is a wow client
 1/05/2017  6:33:58.883 WoW is Enabled, 1 WoW Clients
 1/05/2017  6:33:59.000 apsd[273] is a wow client
 1/05/2017  6:33:59.000 WoW is Enabled, 1 WoW Clients
 1/05/2017  6:34:12.510 __WiFiLQAMgrLogStats: Rssi: -74 Cca: 6 TxPer: 0.0% (0) BcnPer: 6.2% (32) RxFrms 3 TxRate: 52000 RxRate: 65000
 1/05/2017  6:34:17.121 BG Application: Not Present, BG Daemon: Present. Daemons: mediaserverd apsd 
 1/05/2017  6:34:17.121 __WiFiManagerSetEnableState: state TRUE, manager->enable.setting TRUE, manager->unlockedSinceBoot TRUE
 1/05/2017  6:34:17.121 __WiFiDeviceManagerAutoAssociate: Already connected to DIGI-146A.
 1/05/2017  6:34:21.592 Client itunesstored set type to background application
 1/05/2017  6:34:21.592 __WiFiManagerSetEnableState: state TRUE, manager->enable.setting TRUE, manager->unlockedSinceBoot TRUE
 1/05/2017  6:34:21.592 BG Application: Not Present, BG Daemon: Present. Daemons: mediaserverd itunesstored apsd 
 1/05/2017  6:34:21.592 __WiFiDeviceManagerAutoAssociate: Already connected to DIGI-146A.
 1/05/2017  6:34:21.616 BG Application: Not Present, BG Daemon: Present. Daemons: mediaserverd itunesstored apsd 
 1/05/2017  6:34:21.616 WoW Enabled, Skip starting Disassocation timer
 1/05/2017  6:34:27.572 Client itunesstored set type to normal application
 1/05/2017  6:34:27.572 __WiFiManagerSetEnableState: state TRUE, manager->enable.setting TRUE, manager->unlockedSinceBoot TRUE
 1/05/2017  6:34:27.573 BG Application: Not Present, BG Daemon: Present. Daemons: mediaserverd apsd 
 1/05/2017  6:34:42.546 __WiFiLQAMgrLogStats: Rssi: -61 Cca: 29 TxPer: 0.0% (5) BcnPer: 2.0% (50) RxFrms 11 TxRate: 58500 RxRate: 65000
 1/05/2017  6:34:47.554 __WiFiLQAMgrLogStats: Rssi: -61 Cca: 29 TxPer: 0.0% (24) BcnPer: 0.0% (50) RxFrms 20 TxRate: 58500 RxRate: 65000
 1/05/2017  6:34:52.558 __WiFiLQAMgrLogStats: Rssi: -61 Cca: 4 TxPer: 0.0% (39) BcnPer: 2.0% (50) RxFrms 37 TxRate: 65000 RxRate: 65000
 1/05/2017  6:34:53.338 Background Network Application entered
 1/05/2017  6:34:53.339 BG Application: Present, BG Daemon: Present. Daemons: mediaserverd apsd 
 1/05/2017  6:34:53.339 __WiFiManagerSetEnableState: state TRUE, manager->enable.setting TRUE, manager->unlockedSinceBoot TRUE
 1/05/2017  6:34:53.340 __WiFiDeviceManagerAutoAssociate: Already connected to DIGI-146A.
 1/05/2017  6:34:53.343 Background Network Application entered
 1/05/2017  6:34:53.343 BG Application: Not Present, BG Daemon: Present. Daemons: mediaserverd apsd 
 1/05/2017  6:34:53.343 __WiFiManagerSetEnableState: state TRUE, manager->enable.setting TRUE, manager->unlockedSinceBoot TRUE
 1/05/2017  6:34:53.344 __WiFiDeviceManagerAutoAssociate: Already connected to DIGI-146A.
 1/05/2017  6:34:57.561 __WiFiLQAMgrLogStats: Rssi: -57 Cca: 4 TxPer: 0.0% (56) BcnPer: 2.0% (50) RxFrms 38 TxRate: 72222 RxRate: 65000
 1/05/2017  6:35:02.569 __WiFiLQAMgrLogStats: Rssi: -61 Cca: 33 TxPer: 0.0% (1) BcnPer: 0.0% (50) RxFrms 6 TxRate: 72222 RxRate: 65000
 1/05/2017  6:35:07.574 __WiFiLQAMgrLogStats: Rssi: -60 Cca: 20 TxPer: 0.0% (355) BcnPer: 4.1% (49) RxFrms 371 TxRate: 72222 RxRate: 65000
 1/05/2017  6:35:12.582 __WiFiLQAMgrLogStats: Rssi: -62 Cca: 30 TxPer: 0.0% (25) BcnPer: 0.0% (50) RxFrms 27 TxRate: 72222 RxRate: 65000
 1/05/2017  6:35:17.592 __WiFiLQAMgrLogStats: Rssi: -60 Cca: 30 TxPer: 0.0% (12) BcnPer: 0.0% (50) RxFrms 13 TxRate: 72222 RxRate: 65000
 1/05/2017  6:35:22.600 __WiFiLQAMgrLogStats: Rssi: -62 Cca: 52 TxPer: 0.0% (1) BcnPer: 0.0% (0) RxFrms 5 TxRate: 72222 RxRate: 65000
 1/05/2017  6:35:27.608 __WiFiLQAMgrLogStats: Rssi: -60 Cca: 13 TxPer: 0.0% (31) BcnPer: 2.0% (50) RxFrms 31 TxRate: 72222 RxRate: 65000
 1/05/2017  6:35:32.619 __WiFiLQAMgrLogStats: Rssi: -58 Cca: 13 TxPer: 0.0% (154) BcnPer: 2.0% (50) RxFrms 220 TxRate: 72222 RxRate: 65000
 1/05/2017  6:35:42.622 __WiFiLQAMgrLogStats: Rssi: -60 Cca: 27 TxPer: 0.0% (10) BcnPer: 6.0% (50) RxFrms 11 TxRate: 72222 RxRate: 65000
 1/05/2017  6:35:47.626 __WiFiLQAMgrLogStats: Rssi: -58 Cca: 19 TxPer: 0.0% (181) BcnPer: 0.0% (50) RxFrms 291 TxRate: 72222 RxRate: 65000
 1/05/2017  6:35:52.631 __WiFiLQAMgrLogStats: Rssi: -61 Cca: 19 TxPer: 0.0% (7) BcnPer: 0.0% (50) RxFrms 10 TxRate: 72222 RxRate: 65000
 1/05/2017  6:35:56.137 WiFiLocaleManagerCheckLocale: location service or wifi is off, set locale to default
 1/05/2017  6:35:56.138 new locale:  , locale: 
 1/05/2017  6:35:57.636 __WiFiLQAMgrLogStats: Rssi: -59 Cca: 19 TxPer: 0.6% (330) BcnPer: 4.0% (50) RxFrms 269 TxRate: 72222 RxRate: 65000
 1/05/2017  6:36:02.648 __WiFiLQAMgrLogStats: Rssi: -62 Cca: 19 TxPer: 0.0% (33) BcnPer: 2.0% (50) RxFrms 26 TxRate: 72222 RxRate: 65000
 1/05/2017  6:36:07.661 __WiFiLQAMgrLogStats: Rssi: -60 Cca: 19 TxPer: 0.0% (17) BcnPer: 2.0% (50) RxFrms 14 TxRate: 72222 RxRate: 65000
 1/05/2017  6:36:12.669 __WiFiLQAMgrLogStats: Rssi: -62 Cca: 29 TxPer: 0.0% (65) BcnPer: 0.0% (50) RxFrms 93 TxRate: 72222 RxRate: 65000
 1/05/2017  6:36:17.677 __WiFiLQAMgrLogStats: Rssi: -58 Cca: 29 TxPer: 0.0% (6) BcnPer: 4.1% (49) RxFrms 6 TxRate: 72222 RxRate: 65000
 1/05/2017  6:36:22.685 __WiFiLQAMgrLogStats: Rssi: -61 Cca: 22 TxPer: 0.0% (19) BcnPer: 0.0% (50) RxFrms 16 TxRate: 72222 RxRate: 65000
 1/05/2017  6:36:27.689 __WiFiLQAMgrLogStats: Rssi: -58 Cca: 40 TxPer: 0.0% (28) BcnPer: 0.0% (50) RxFrms 20 TxRate: 72222 RxRate: 65000
 1/05/2017  6:36:32.697 __WiFiLQAMgrLogStats: Rssi: -62 Cca: 22 TxPer: 0.0% (12) BcnPer: 0.0% (50) RxFrms 7 TxRate: 72222 RxRate: 65000
 1/05/2017  6:36:37.701 __WiFiLQAMgrLogStats: Rssi: -59 Cca: 28 TxPer: 0.0% (120) BcnPer: 0.0% (50) RxFrms 136 TxRate: 72222 RxRate: 65000
 1/05/2017  6:36:42.710 __WiFiLQAMgrLogStats: Rssi: -61 Cca: 21 TxPer: 0.0% (202) BcnPer: 2.0% (50) RxFrms 163 TxRate: 72222 RxRate: 65000
 1/05/2017  6:36:47.715 __WiFiLQAMgrLogStats: Rssi: -62 Cca: 27 TxPer: 0.0% (7) BcnPer: 2.0% (50) RxFrms 8 TxRate: 72222 RxRate: 65000
 1/05/2017  6:36:52.729 __WiFiLQAMgrLogStats: Rssi: -59 Cca: 6 TxPer: 0.0% (10) BcnPer: 0.0% (50) RxFrms 10 TxRate: 72222 RxRate: 65000
 1/05/2017  6:36:57.731 __WiFiLQAMgrLogStats: Rssi: -60 Cca: 30 TxPer: 0.0% (20) BcnPer: 2.0% (50) RxFrms 17 TxRate: 72222 RxRate: 65000
 1/05/2017  6:37:02.738 __WiFiLQAMgrLogStats: Rssi: -59 Cca: 19 TxPer: 0.0% (81) BcnPer: 2.0% (50) RxFrms 60 TxRate: 72222 RxRate: 65000
 1/05/2017  6:37:07.747 __WiFiLQAMgrLogStats: Rssi: -62 Cca: 35 TxPer: 0.0% (173) BcnPer: 2.0% (50) RxFrms 270 TxRate: 72222 RxRate: 65000
 1/05/2017  6:37:12.755 __WiFiLQAMgrLogStats: Rssi: -58 Cca: 35 TxPer: 0.0% (511) BcnPer: 0.0% (50) RxFrms 1343 TxRate: 72222 RxRate: 65000
 1/05/2017  6:37:17.759 __WiFiLQAMgrLogStats: Rssi: -58 Cca: 7 TxPer: 0.0% (25) BcnPer: 2.0% (50) RxFrms 21 TxRate: 72222 RxRate: 65000
 1/05/2017  6:37:22.766 __WiFiLQAMgrLogStats: Rssi: -58 Cca: 7 TxPer: 0.0% (188) BcnPer: 2.0% (50) RxFrms 144 TxRate: 72222 RxRate: 65000
 1/05/2017  6:37:27.771 __WiFiLQAMgrLogStats: Rssi: -62 Cca: 30 TxPer: 0.0% (89) BcnPer: 4.0% (50) RxFrms 109 TxRate: 72222 RxRate: 65000
 1/05/2017  6:37:32.778 __WiFiLQAMgrLogStats: Rssi: -59 Cca: 15 TxPer: 2.2% (45) BcnPer: 2.0% (50) RxFrms 38 TxRate: 72222 RxRate: 65000
 1/05/2017  6:37:37.788 __WiFiLQAMgrLogStats: Rssi: -60 Cca: 15 TxPer: 6.1% (33) BcnPer: 2.0% (49) RxFrms 38 TxRate: 72222 RxRate: 65000
 1/05/2017  6:37:42.791 __WiFiLQAMgrLogStats: Rssi: -60 Cca: 27 TxPer: 0.0% (26) BcnPer: 0.0% (50) RxFrms 18 TxRate: 72222 RxRate: 65000
 1/05/2017  6:37:47.799 __WiFiLQAMgrLogStats: Rssi: -61 Cca: 12 TxPer: 0.0% (4) BcnPer: 0.0% (50) RxFrms 6 TxRate: 72222 RxRate: 65000
 1/05/2017  6:37:52.807 __WiFiLQAMgrLogStats: Rssi: -58 Cca: 36 TxPer: 2.3% (44) BcnPer: 2.0% (50) RxFrms 25 TxRate: 72222 RxRate: 65000
 1/05/2017  6:37:56.135 WiFiLocaleManagerCheckLocale: location service or wifi is off, set locale to default
 1/05/2017  6:37:56.135 new locale:  , locale: 
 1/05/2017  6:37:57.808 __WiFiLQAMgrLogStats: Rssi: -58 Cca: 22 TxPer: 0.0% (0) BcnPer: 0.0% (0) RxFrms 0 TxRate: 0 RxRate: 0
 1/05/2017  6:38:02.815 __WiFiLQAMgrLogStats: Rssi: -62 Cca: 48 TxPer: 0.0% (0) BcnPer: 3.0% (100) RxFrms 3 TxRate: 72222 RxRate: 65000
 1/05/2017  6:38:07.823 __WiFiLQAMgrLogStats: Rssi: -59 Cca: 55 TxPer: 0.0% (6) BcnPer: 4.0% (50) RxFrms 6 TxRate: 72222 RxRate: 65000
 1/05/2017  6:38:12.828 __WiFiLQAMgrLogStats: Rssi: -60 Cca: 36 TxPer: 0.0% (2) BcnPer: 0.0% (50) RxFrms 1 TxRate: 72222 RxRate: 65000
 1/05/2017  6:38:17.836 __WiFiLQAMgrLogStats: Rssi: -60 Cca: 36 TxPer: 0.0% (1) BcnPer: 0.0% (50) RxFrms 4 TxRate: 72222 RxRate: 65000
 1/05/2017  6:38:22.843 __WiFiLQAMgrLogStats: Rssi: -59 Cca: 36 TxPer: 0.0% (6) BcnPer: 0.0% (50) RxFrms 4 TxRate: 72222 RxRate: 65000
 1/05/2017  6:38:27.852 __WiFiLQAMgrLogStats: Rssi: -60 Cca: 36 TxPer: 0.0% (62) BcnPer: 0.0% (50) RxFrms 82 TxRate: 72222 RxRate: 65000
 1/05/2017  6:38:32.860 __WiFiLQAMgrLogStats: Rssi: -61 Cca: 36 TxPer: 0.0% (4) BcnPer: 0.0% (50) RxFrms 7 TxRate: 72222 RxRate: 65000
 1/05/2017  6:38:37.867 __WiFiLQAMgrLogStats: Rssi: -61 Cca: 7 TxPer: 0.0% (11) BcnPer: 2.0% (50) RxFrms 12 TxRate: 72222 RxRate: 65000
 1/05/2017  6:38:42.875 __WiFiLQAMgrLogStats: Rssi: -58 Cca: 47 TxPer: 0.0% (13) BcnPer: 0.0% (50) RxFrms 14 TxRate: 72222 RxRate: 65000
 1/05/2017  6:38:47.883 __WiFiLQAMgrLogStats: Rssi: -63 Cca: 10 TxPer: 0.0% (130) BcnPer: 2.0% (50) RxFrms 152 TxRate: 72222 RxRate: 65000
 1/05/2017  6:38:52.886 __WiFiLQAMgrLogStats: Rssi: -58 Cca: 10 TxPer: 1.2% (170) BcnPer: 2.0% (50) RxFrms 127 TxRate: 72222 RxRate: 65000
 1/05/2017  6:38:57.897 __WiFiLQAMgrLogStats: Rssi: -61 Cca: 29 TxPer: 0.0% (47) BcnPer: 2.0% (50) RxFrms 40 TxRate: 72222 RxRate: 65000
 1/05/2017  6:39:02.902 __WiFiLQAMgrLogStats: Rssi: -59 Cca: 29 TxPer: 0.0% (16) BcnPer: 6.0% (50) RxFrms 16 TxRate: 72222 RxRate: 65000
 1/05/2017  6:39:07.910 __WiFiLQAMgrLogStats: Rssi: -60 Cca: 29 TxPer: 0.0% (7) BcnPer: 0.0% (50) RxFrms 8 TxRate: 72222 RxRate: 65000
 1/05/2017  6:39:12.923 __WiFiLQAMgrLogStats: Rssi: -58 Cca: 29 TxPer: 0.0% (5) BcnPer: 0.0% (50) RxFrms 4 TxRate: 72222 RxRate: 65000
 1/05/2017  6:39:17.932 __WiFiLQAMgrLogStats: Rssi: -59 Cca: 22 TxPer: 0.0% (13) BcnPer: 0.0% (50) RxFrms 10 TxRate: 72222 RxRate: 65000
 1/05/2017  6:39:22.936 __WiFiLQAMgrLogStats: Rssi: -58 Cca: 22 TxPer: 0.0% (131) BcnPer: 2.0% (50) RxFrms 157 TxRate: 72222 RxRate: 65000
 1/05/2017  6:39:27.942 __WiFiLQAMgrLogStats: Rssi: -59 Cca: 22 TxPer: 0.0% (64) BcnPer: 4.0% (50) RxFrms 77 TxRate: 72222 RxRate: 65000
 1/05/2017  6:39:32.950 __WiFiLQAMgrLogStats: Rssi: -59 Cca: 32 TxPer: 0.0% (663) BcnPer: 0.0% (49) RxFrms 1891 TxRate: 72222 RxRate: 65000
 1/05/2017  6:39:37.958 __WiFiLQAMgrLogStats: Rssi: -59 Cca: 11 TxPer: 0.0% (168) BcnPer: 2.0% (50) RxFrms 228 TxRate: 72222 RxRate: 65000
 1/05/2017  6:39:42.966 __WiFiLQAMgrLogStats: Rssi: -60 Cca: 31 TxPer: 0.0% (4) BcnPer: 4.0% (50) RxFrms 4 TxRate: 72222 RxRate: 65000
 1/05/2017  6:39:47.970 __WiFiLQAMgrLogStats: Rssi: -60 Cca: 21 TxPer: 0.0% (144) BcnPer: 0.0% (50) RxFrms 201 TxRate: 72222 RxRate: 65000
 1/05/2017  6:39:52.976 __WiFiLQAMgrLogStats: Rssi: -59 Cca: 37 TxPer: 0.0% (500) BcnPer: 0.0% (50) RxFrms 957 TxRate: 72222 RxRate: 65000
 1/05/2017  6:39:56.137 WiFiLocaleManagerCheckLocale: location service or wifi is off, set locale to default
 1/05/2017  6:39:56.137 new locale:  , locale: 
 1/05/2017  6:39:57.985 __WiFiLQAMgrLogStats: Rssi: -58 Cca: 15 TxPer: 0.5% (184) BcnPer: 0.0% (50) RxFrms 137 TxRate: 72222 RxRate: 65000
 1/05/2017  6:40:03.004 __WiFiLQAMgrLogStats: Rssi: -58 Cca: 27 TxPer: 0.0% (33) BcnPer: 0.0% (50) RxFrms 33 TxRate: 72222 RxRate: 65000
 1/05/2017  6:40:13.003 __WiFiLQAMgrLogStats: Rssi: -58 Cca: 18 TxPer: 0.0% (154) BcnPer: 2.0% (50) RxFrms 227 TxRate: 72222 RxRate: 65000
 1/05/2017  6:40:18.017 __WiFiLQAMgrLogStats: Rssi: -58 Cca: 30 TxPer: 0.0% (9) BcnPer: 2.0% (50) RxFrms 7 TxRate: 72222 RxRate: 65000
 1/05/2017  6:40:23.019 __WiFiLQAMgrLogStats: Rssi: -61 Cca: 6 TxPer: 0.0% (9) BcnPer: 4.0% (50) RxFrms 4 TxRate: 72222 RxRate: 65000
 1/05/2017  6:40:28.023 __WiFiLQAMgrLogStats: Rssi: -58 Cca: 6 TxPer: 0.0% (273) BcnPer: 2.0% (50) RxFrms 243 TxRate: 72222 RxRate: 65000
 1/05/2017  6:40:33.029 __WiFiLQAMgrLogStats: Rssi: -59 Cca: 27 TxPer: 0.0% (10) BcnPer: 4.0% (50) RxFrms 8 TxRate: 72222 RxRate: 65000
 1/05/2017  6:40:38.035 __WiFiLQAMgrLogStats: Rssi: -60 Cca: 9 TxPer: 0.0% (17) BcnPer: 0.0% (49) RxFrms 17 TxRate: 72222 RxRate: 65000
 1/05/2017  6:40:43.046 __WiFiLQAMgrLogStats: Rssi: -61 Cca: 9 TxPer: 0.0% (30) BcnPer: 6.0% (50) RxFrms 30 TxRate: 72222 RxRate: 65000
 1/05/2017  6:40:48.046 __WiFiLQAMgrLogStats: Rssi: -58 Cca: 29 TxPer: 0.0% (18) BcnPer: 0.0% (50) RxFrms 16 TxRate: 72222 RxRate: 65000
 1/05/2017  6:40:53.053 __WiFiLQAMgrLogStats: Rssi: -60 Cca: 9 TxPer: 0.0% (7) BcnPer: 2.0% (50) RxFrms 5 TxRate: 72222 RxRate: 65000
 1/05/2017  6:40:58.061 __WiFiLQAMgrLogStats: Rssi: -57 Cca: 42 TxPer: 0.0% (401) BcnPer: 0.0% (50) RxFrms 573 TxRate: 72222 RxRate: 65000
 1/05/2017  6:41:03.069 __WiFiLQAMgrLogStats: Rssi: -57 Cca: 13 TxPer: 0.0% (86) BcnPer: 4.0% (50) RxFrms 117 TxRate: 72222 RxRate: 65000
 1/05/2017  6:41:08.077 __WiFiLQAMgrLogStats: Rssi: -58 Cca: 28 TxPer: 0.0% (3) BcnPer: 0.0% (50) RxFrms 3 TxRate: 72222 RxRate: 65000
 1/05/2017  6:41:13.085 __WiFiLQAMgrLogStats: Rssi: -58 Cca: 28 TxPer: 0.0% (12) BcnPer: 0.0% (50) RxFrms 12 TxRate: 72222 RxRate: 65000
 1/05/2017  6:41:18.093 __WiFiLQAMgrLogStats: Rssi: -58 Cca: 52 TxPer: 0.0% (2) BcnPer: 0.0% (50) RxFrms 1 TxRate: 72222 RxRate: 65000
 1/05/2017  6:41:23.097 __WiFiLQAMgrLogStats: Rssi: -58 Cca: 35 TxPer: 0.0% (2) BcnPer: 0.0% (50) RxFrms 2 TxRate: 72222 RxRate: 65000
 1/05/2017  6:41:28.105 __WiFiLQAMgrLogStats: Rssi: -57 Cca: 20 TxPer: 0.0% (197) BcnPer: 0.0% (50) RxFrms 162 TxRate: 72222 RxRate: 65000
 1/05/2017  6:41:33.117 __WiFiLQAMgrLogStats: Rssi: -57 Cca: 20 TxPer: 0.0% (57) BcnPer: 4.0% (50) RxFrms 52 TxRate: 72222 RxRate: 65000
 1/05/2017  6:41:38.131 __WiFiLQAMgrLogStats: Rssi: -59 Cca: 27 TxPer: 0.0% (4) BcnPer: 4.0% (50) RxFrms 4 TxRate: 72222 RxRate: 65000
 1/05/2017  6:41:42.419 BG Application: Not Present, BG Daemon: Present. Daemons: mediaserverd apsd 
 1/05/2017  6:41:42.419 __WiFiManagerSetEnableState: state TRUE, manager->enable.setting TRUE, manager->unlockedSinceBoot TRUE
 1/05/2017  6:41:42.419 __WiFiDeviceManagerAutoAssociate: Already connected to DIGI-146A.
 1/05/2017  6:41:43.134 __WiFiLQAMgrLogStats: Rssi: -56 Cca: 21 TxPer: 0.0% (165) BcnPer: 0.0% (50) RxFrms 128 TxRate: 72222 RxRate: 65000
 1/05/2017  6:41:44.875 ATJManager: setting ask-to-join interaction mode to NonInteractive
 1/05/2017  6:41:44.876 ATJManager: no entries to purge
 1/05/2017  6:41:44.888 User interaction DISABLED
 1/05/2017  6:41:44.888 Ignoring lock state manager->wakeMode 1

 1/05/2017  6:41:44.890 Device display is OFF
 1/05/2017  6:41:48.146 
Too frequent(0.665468 secs) rssi event from driver, ignoring

 1/05/2017  6:41:53.149 
Too frequent(0.449605 secs) rssi event from driver, ignoring

 1/05/2017  6:41:56.138 WiFiLocaleManagerCheckLocale: location service or wifi is off, set locale to default
 1/05/2017  6:41:56.139 new locale:  , locale: 
 1/05/2017  6:41:57.589 Received kIOMessageSystemWillSleep
 1/05/2017  6:41:57.589 System Sleep notification, Disabling auto-join
 1/05/2017  6:41:57.589 __WiFiManagerSetEnableState: state FALSE, manager->enable.setting TRUE, manager->unlockedSinceBoot TRUE
 1/05/2017  6:41:57.589 Disabling automatic association
 1/05/2017  6:41:57.634 apsd[273] is a wow client
 1/05/2017  6:41:57.634 WoW is Enabled, 1 WoW Clients
 1/05/2017  6:41:57.733 __WiFiDeviceCopyLinkChangedSubReasonString: Apple80211ReturnToString failed 1
 1/05/2017  6:41:57.733 __WiFiDeviceProcessDriverAvailableEvent: driver availability false, reason PowerOff(0xe0821804), subreason (null)(0x0)
 1/05/2017  6:41:57.733 __WiFiManagerDispatchDeviceAvailable: driver availability false

 1/05/2017  6:41:57.734 WiFiAWDManagerSubmitMetric: metric container could not be generated for metric id <0x9000e>
 1/05/2017  6:41:57.747 __WiFiDeviceManagerAwdlAvailableCallback: AWDL availability changed to FALSE
 1/05/2017  6:41:57.754 apsd[273] is a wow client
 1/05/2017  6:41:57.754 WoW is Enabled, 1 WoW Clients
 1/05/2017  6:47:18.994 Received kIOMessageSystemWillPowerOn
 1/05/2017  6:47:18.994 System wake reason: AOP.ExternalReq baseband
 1/05/2017  6:47:18.994 System Powered ON notification Re-enabling auto-join
 1/05/2017  6:47:18.994 __WiFiManagerSetEnableState: state TRUE, manager->enable.setting TRUE, manager->unlockedSinceBoot TRUE
 1/05/2017  6:47:18.994 Enabling automatic association
 1/05/2017  6:47:18.995 __WiFiDeviceManagerAutoAssociate: Already connected to DIGI-146A.
 1/05/2017  6:47:18.995 WiFiLocaleManagerCheckLocale: location service or wifi is off, set locale to default
 1/05/2017  6:47:18.995 new locale:  , locale: 
 1/05/2017  6:47:19.009 Power stats update: Type 0x6 UnassociatedSleepDur 0 AssociatedSleepDur 318592 TotalDur 321216 RoamDur 0
 1/05/2017  6:47:19.010 WiFiAWDManagerSubmitMetric: metric container could not be generated for metric id <0x90010>
 1/05/2017  6:47:19.011 __WiFiLQAMgrLogStats: Rssi: -71 Cca: 15 TxPer: 0.0% (0) BcnPer: 0.0% (0) RxFrms 0 TxRate: 0 RxRate: 0
 1/05/2017  6:47:19.012 __WiFiDeviceCopyLinkChangedSubReasonString: Apple80211ReturnToString failed 1
 1/05/2017  6:47:19.012 __WiFiDeviceProcessDriverAvailableEvent: driver availability true, reason Initializing(0xe0821803), subreason (null)(0x0)
 1/05/2017  6:47:19.012 __WiFiManagerDispatchDeviceAvailable: driver availability true

 1/05/2017  6:47:19.029 __WiFiDeviceManagerAutoAssociate: Already connected to DIGI-146A.
 1/05/2017  6:47:19.029 WiFiAWDManagerSubmitMetric: metric container could not be generated for metric id <0x9000e>
 1/05/2017  6:47:19.045 __WiFiDeviceManagerAutoAssociate: Already connected to DIGI-146A.
 1/05/2017  6:47:19.047 No Change in Background Scan Networks, Skip Re-Programming Background Scan

 1/05/2017  6:47:19.276 __WiFiManagerCellularTransmitCallback_block_invoke: Cellular Transmit Started = TRUE
 1/05/2017  6:47:19.388 __WiFiDeviceManagerAwdlAvailableCallback: AWDL availability changed to TRUE
 1/05/2017  6:47:19.405 Disable WoW requested by "apsd"
 1/05/2017  6:47:19.406 WoW Capable = YES, Attempting to disable WoW and enable LPAS 
 1/05/2017  6:47:19.406 Setting WoW params to <CFBasicHash 0x14cee3450 [0x1a0950150]>{type = immutable dict, count = 3,
entries =>
	0 : <CFString 0x100175960 [0x1a0950150]>{contents = "IO80211InterfaceEnableLowPwrAssocMode"} = <CFBoolean 0x1a09506c8 [0x1a0950150]>{value = true}
	1 : <CFString 0x100175940 [0x1a0950150]>{contents = "IO80211InterfaceEnableWoW"} = <CFBoolean 0x1a09506d8 [0x1a0950150]>{value = false}
	2 : <CFString 0x100185ae0 [0x1a0950150]>{contents = "IO80211InterfaceEnableWoWOnCaptive"} = <CFBoolean 0x1a09506d8 [0x1a0950150]>{value = false}
}

 1/05/2017  6:47:19.408 WiFiDeviceRequestAssociatedSleep: ActiveDuringSleepRequested is already set (<CFBasicHash 0x14e00f910 [0x1a0950150]>{type = immutable dict, count = 0,
entries =>
}
).
 1/05/2017  6:47:19.408 WoW Disabled, 0 WoW Clients, lpas is Enabled, WoW Override is Disabled, Captive Disabled
 1/05/2017  6:47:19.411 Unable to dispatch WowStateChanged message to client dataaccessd (268435460)
 1/05/2017  6:47:19.412 Unable to dispatch WowStateChanged message to client itunesstored (268435460)
 1/05/2017  6:47:19.413 Unable to dispatch WowStateChanged message to client mediaserverd (268435460)
 1/05/2017  6:47:19.415 Unable to dispatch WowStateChanged message to client MobileMail (268435460)
 1/05/2017  6:47:19.416 Unable to dispatch WowStateChanged message to client profiled (268435460)
 1/05/2017  6:47:19.418 Unable to dispatch WowStateChanged message to client assistantd (268435460)
 1/05/2017  6:47:19.422 WoW is Disabled, 0 WoW Clients
 1/05/2017  6:47:19.422 WoW is Disabled, 0 WoW Clients
 1/05/2017  6:47:19.423 WoW is Disabled, 0 WoW Clients
 1/05/2017  6:47:19.641 WoW is Disabled, 0 WoW Clients
 1/05/2017  6:47:23.823 __WiFiManagerCellularTransmitCallback_block_invoke: Cellular Transmit Started = FALSE
 1/05/2017  6:47:24.292 Client apsd set type to normal application
 1/05/2017  6:47:24.292 __WiFiManagerSetEnableState: state TRUE, manager->enable.setting TRUE, manager->unlockedSinceBoot TRUE
 1/05/2017  6:47:24.292 BG Application: Not Present, BG Daemon: Present. Daemons: mediaserverd 
 1/05/2017  6:47:29.300 Received kIOMessageSystemWillSleep
 1/05/2017  6:47:29.300 System Sleep notification, Disabling auto-join
 1/05/2017  6:47:29.300 __WiFiManagerSetEnableState: state FALSE, manager->enable.setting TRUE, manager->unlockedSinceBoot TRUE
 1/05/2017  6:47:29.300 Disabling automatic association
 1/05/2017  6:47:29.361 WoW is Disabled, 0 WoW Clients
 1/05/2017  6:47:29.474 __WiFiDeviceCopyLinkChangedSubReasonString: Apple80211ReturnToString failed 1
 1/05/2017  6:47:29.474 __WiFiDeviceProcessDriverAvailableEvent: driver availability false, reason PowerOff(0xe0821804), subreason (null)(0x0)
 1/05/2017  6:47:29.474 __WiFiManagerDispatchDeviceAvailable: driver availability false

 1/05/2017  6:47:29.475 WiFiAWDManagerSubmitMetric: metric container could not be generated for metric id <0x9000e>
 1/05/2017  6:47:29.477 __WiFiDeviceManagerAwdlAvailableCallback: AWDL availability changed to FALSE
 1/05/2017  6:47:29.479 WoW is Disabled, 0 WoW Clients
 1/05/2017  6:52:30.508 Received kIOMessageSystemWillPowerOn
 1/05/2017  6:52:30.582 System wake reason: AOP.ExternalReq wlan
 1/05/2017  6:52:30.582 System Powered ON notification Re-enabling auto-join
 1/05/2017  6:52:30.582 __WiFiManagerSetEnableState: state TRUE, manager->enable.setting TRUE, manager->unlockedSinceBoot TRUE
 1/05/2017  6:52:30.582 Enabling automatic association
 1/05/2017  6:52:30.586 __WiFiDeviceManagerAutoAssociate: Already connected to DIGI-146A.
 1/05/2017  6:52:30.586 WiFiLocaleManagerCheckLocale: location service or wifi is off, set locale to default
 1/05/2017  6:52:30.586 new locale:  , locale: 
 1/05/2017  6:52:30.614 __WiFiDeviceProcessDumpLogsEvent: Dump logs event received, dumped wifid log buffer to file
