12/24/2016  3:06:08.210 WiFiLocaleManagerCheckLocale: trying to determine locale...
12/24/2016  3:06:08.210 WiFiManagerCoreLocationGetCachedLocation: getting cached location...
12/24/2016  3:06:08.222 __WiFiLocaleManagerGetLocaleFromMcc: finding iso country code for mcc 226 ....
12/24/2016  3:06:08.222 WiFiLocationServiceManagerIsLocationValid: cachedLocationTimeout 120.000000 location age 2484.824590secs, lifeSpan -1.000000 accuracy 65.000000(highAccReq 0), isValid 1
12/24/2016  3:06:08.223 WiFiLocationServiceManagerStartLowAccuracyMonitoring: Cached low accuracy location is valid
12/24/2016  3:06:08.223 WiFiLocationServiceManagerIsLocationValid: cachedLocationTimeout 120.000000 location age 2484.824728secs, lifeSpan -1.000000 accuracy 65.000000(highAccReq 1), isValid 1
12/24/2016  3:06:08.223 WiFiLocationServiceManagerIsLocationValid: cachedLocationTimeout 120.000000 location age 2484.824783secs, lifeSpan -1.000000 accuracy 65.000000(highAccReq 0), isValid 1
12/24/2016  3:06:08.223 __WiFiLocationServiceManagerProcessLocationAvailableEvent: isValidHighAccuracyLocation 1,  isValidLowAccuracyLocation 1
12/24/2016  3:06:08.223 __WiFiLocationServiceManagerProcessLocationAvailableEvent: give low accuracy callback
12/24/2016  3:06:08.224 __WiFiLocaleManagerGetLocaleFromLocation: <+45.92146491,+22.66961997> +/- 65.00m (speed -1.00 mps / course -1.00) @ 12/24/16, 2:24:43 AM Eastern European Standard Time
12/24/2016  3:06:08.224 locale from bounding box 
12/24/2016  3:06:08.224 new locale:  , locale: 
12/24/2016  3:06:08.224 Stopping Low Accuracy Location Monitoring
12/24/2016  3:06:08.224 CLMonitoring is already stopped
12/24/2016  3:06:08.224 Stopping Low Accuracy Location Monitoring
12/24/2016  3:06:08.224 CLMonitoring is already stopped
12/24/2016  3:06:08.224 __WiFiLocationServiceManagerEventCallback, got cb dict {
    eventType = 0;
    location = "<+45.92146491,+22.66961997> +/- 65.00m (speed -1.00 mps / course -1.00) @ 12/24/16, 2:24:43 AM Eastern European Standard Time";
}
12/24/2016  3:06:08.225 WiFiLocationServiceManagerIsLocationValid: cachedLocationTimeout 120.000000 location age 2484.826727secs, lifeSpan -1.000000 accuracy 65.000000(highAccReq 1), isValid 1
12/24/2016  3:06:08.225 WiFiLocationServiceManagerIsLocationValid: cachedLocationTimeout 120.000000 location age 2484.826782secs, lifeSpan -1.000000 accuracy 65.000000(highAccReq 0), isValid 1
12/24/2016  3:06:08.225 __WiFiLocationServiceManagerProcessLocationAvailableEvent: isValidHighAccuracyLocation 1,  isValidLowAccuracyLocation 1
12/24/2016  3:06:12.981 __WiFiManagerCellularTransmitCallback_block_invoke: Cellular Transmit Started = TRUE
12/24/2016  3:06:20.782 __WiFiManagerCellularTransmitCallback_block_invoke: Cellular Transmit Started = FALSE
12/24/2016  3:06:22.406 __WiFiManagerCellularTransmitCallback_block_invoke: Cellular Transmit Started = TRUE
12/24/2016  3:06:40.005 __WiFiManagerCellularTransmitCallback_block_invoke: Cellular Transmit Started = FALSE
12/24/2016  3:06:40.807 __WiFiManagerCellularTransmitCallback_block_invoke: Cellular Transmit Started = TRUE
12/24/2016  3:06:43.302 __WiFiManagerCellularTransmitCallback_block_invoke: Cellular Transmit Started = FALSE
12/24/2016  3:06:45.177 __WiFiManagerCellularTransmitCallback_block_invoke: Cellular Transmit Started = TRUE
12/24/2016  3:07:42.967 __WiFiManagerCellularTransmitCallback_block_invoke: Cellular Transmit Started = FALSE
12/24/2016  3:07:49.519 __WiFiManagerCellularTransmitCallback_block_invoke: Cellular Transmit Started = TRUE
12/24/2016  3:08:08.210 WiFiLocaleManagerCheckLocale: trying to determine locale...
12/24/2016  3:08:08.210 WiFiManagerCoreLocationGetCachedLocation: getting cached location...
12/24/2016  3:08:08.233 __WiFiLocaleManagerGetLocaleFromMcc: finding iso country code for mcc 226 ....
12/24/2016  3:08:08.233 WiFiLocationServiceManagerIsLocationValid: cachedLocationTimeout 120.000000 location age 2604.834955secs, lifeSpan -1.000000 accuracy 65.000000(highAccReq 0), isValid 1
12/24/2016  3:08:08.233 WiFiLocationServiceManagerStartLowAccuracyMonitoring: Cached low accuracy location is valid
12/24/2016  3:08:08.233 WiFiLocationServiceManagerIsLocationValid: cachedLocationTimeout 120.000000 location age 2604.835095secs, lifeSpan -1.000000 accuracy 65.000000(highAccReq 1), isValid 1
12/24/2016  3:08:08.233 WiFiLocationServiceManagerIsLocationValid: cachedLocationTimeout 120.000000 location age 2604.835149secs, lifeSpan -1.000000 accuracy 65.000000(highAccReq 0), isValid 1
12/24/2016  3:08:08.233 __WiFiLocationServiceManagerProcessLocationAvailableEvent: isValidHighAccuracyLocation 1,  isValidLowAccuracyLocation 1
12/24/2016  3:08:08.233 __WiFiLocationServiceManagerProcessLocationAvailableEvent: give low accuracy callback
12/24/2016  3:08:08.234 __WiFiLocaleManagerGetLocaleFromLocation: <+45.92146491,+22.66961997> +/- 65.00m (speed -1.00 mps / course -1.00) @ 12/24/16, 2:24:43 AM Eastern European Standard Time
12/24/2016  3:08:08.234 locale from bounding box 
12/24/2016  3:08:08.234 new locale:  , locale: 
12/24/2016  3:08:08.234 Stopping Low Accuracy Location Monitoring
12/24/2016  3:08:08.234 CLMonitoring is already stopped
12/24/2016  3:08:08.234 Stopping Low Accuracy Location Monitoring
12/24/2016  3:08:08.234 CLMonitoring is already stopped
12/24/2016  3:08:08.234 __WiFiLocationServiceManagerEventCallback, got cb dict {
    eventType = 0;
    location = "<+45.92146491,+22.66961997> +/- 65.00m (speed -1.00 mps / course -1.00) @ 12/24/16, 2:24:43 AM Eastern European Standard Time";
}
12/24/2016  3:08:08.235 WiFiLocationServiceManagerIsLocationValid: cachedLocationTimeout 120.000000 location age 2604.837160secs, lifeSpan -1.000000 accuracy 65.000000(highAccReq 1), isValid 1
12/24/2016  3:08:08.235 WiFiLocationServiceManagerIsLocationValid: cachedLocationTimeout 120.000000 location age 2604.837216secs, lifeSpan -1.000000 accuracy 65.000000(highAccReq 0), isValid 1
12/24/2016  3:08:08.235 __WiFiLocationServiceManagerProcessLocationAvailableEvent: isValidHighAccuracyLocation 1,  isValidLowAccuracyLocation 1
12/24/2016  3:08:35.369 __WiFiManagerCellularTransmitCallback_block_invoke: Cellular Transmit Started = FALSE
12/24/2016  3:08:57.106 __WiFiManagerCellularTransmitCallback_block_invoke: Cellular Transmit Started = TRUE
12/24/2016  3:08:59.434 __WiFiManagerCellularTransmitCallback_block_invoke: Cellular Transmit Started = FALSE
12/24/2016  3:09:03.110 __WiFiManagerCellularTransmitCallback_block_invoke: Cellular Transmit Started = TRUE
12/24/2016  3:09:17.748 __WiFiManagerCellularTransmitCallback_block_invoke: Cellular Transmit Started = FALSE
12/24/2016  3:09:34.424 Async scan requested by "locationd" for 1 iterations with maxage=0 priority normal on en0
12/24/2016  3:09:34.424 Enqueuing command type: "Scan" pending commands: 0
12/24/2016  3:09:34.424 Dequeuing command type: "Scan" pending commands: 0
12/24/2016  3:09:34.424 Attempting Apple80211ScanAsync on en0
12/24/2016  3:09:34.628 Completed Apple80211ScanAsync on en0 (0x0)
12/24/2016  3:09:34.628 Async scan request completed for "locationd" (0)
12/24/2016  3:09:34.630 Async scan requested by "locationd" for 1 iterations with maxage=0 priority normal on en0
12/24/2016  3:09:34.630 Enqueuing command type: "Scan" pending commands: 0
12/24/2016  3:09:34.631 Dequeuing command type: "Scan" pending commands: 0
12/24/2016  3:09:34.631 Attempting Apple80211ScanAsync on en0
12/24/2016  3:09:35.061 Completed Apple80211ScanAsync on en0 (0x0)
12/24/2016  3:09:35.061 Async scan request completed for "locationd" (0)
12/24/2016  3:09:40.637 Async scan requested by "locationd" for 1 iterations with maxage=0 priority normal on en0
12/24/2016  3:09:40.637 Enqueuing command type: "Scan" pending commands: 0
12/24/2016  3:09:40.637 Dequeuing command type: "Scan" pending commands: 0
12/24/2016  3:09:40.637 Attempting Apple80211ScanAsync on en0
12/24/2016  3:09:41.068 Completed Apple80211ScanAsync on en0 (0x0)
12/24/2016  3:09:41.068 Async scan request completed for "locationd" (0)
12/24/2016  3:09:41.072 Async scan requested by "locationd" for 1 iterations with maxage=0 priority normal on en0
12/24/2016  3:09:41.072 Enqueuing command type: "Scan" pending commands: 0
12/24/2016  3:09:41.072 Dequeuing command type: "Scan" pending commands: 0
12/24/2016  3:09:41.072 Attempting Apple80211ScanAsync on en0
12/24/2016  3:09:42.623 Completed Apple80211ScanAsync on en0 (0x0)
12/24/2016  3:09:42.624 Async scan request completed for "locationd" (0)
12/24/2016  3:09:47.077 Async scan requested by "locationd" for 1 iterations with maxage=0 priority normal on en0
12/24/2016  3:09:47.077 Enqueuing command type: "Scan" pending commands: 0
12/24/2016  3:09:47.077 Dequeuing command type: "Scan" pending commands: 0
12/24/2016  3:09:47.077 Attempting Apple80211ScanAsync on en0
12/24/2016  3:09:47.508 Completed Apple80211ScanAsync on en0 (0x0)
12/24/2016  3:09:47.509 Async scan request completed for "locationd" (0)
12/24/2016  3:09:47.512 Async scan requested by "locationd" for 1 iterations with maxage=0 priority normal on en0
12/24/2016  3:09:47.512 Enqueuing command type: "Scan" pending commands: 0
12/24/2016  3:09:47.512 Dequeuing command type: "Scan" pending commands: 0
12/24/2016  3:09:47.512 Attempting Apple80211ScanAsync on en0
12/24/2016  3:09:49.061 Completed Apple80211ScanAsync on en0 (0x0)
12/24/2016  3:09:49.061 Async scan request completed for "locationd" (0)
12/24/2016  3:09:53.518 Async scan requested by "locationd" for 1 iterations with maxage=0 priority normal on en0
12/24/2016  3:09:53.518 Enqueuing command type: "Scan" pending commands: 0
12/24/2016  3:09:53.518 Dequeuing command type: "Scan" pending commands: 0
12/24/2016  3:09:53.518 Attempting Apple80211ScanAsync on en0
12/24/2016  3:09:53.948 Completed Apple80211ScanAsync on en0 (0x0)
12/24/2016  3:09:53.948 Async scan request completed for "locationd" (0)
12/24/2016  3:09:53.952 Async scan requested by "locationd" for 1 iterations with maxage=0 priority normal on en0
12/24/2016  3:09:53.952 Enqueuing command type: "Scan" pending commands: 0
12/24/2016  3:09:53.952 Dequeuing command type: "Scan" pending commands: 0
12/24/2016  3:09:53.952 Attempting Apple80211ScanAsync on en0
12/24/2016  3:09:55.500 Completed Apple80211ScanAsync on en0 (0x0)
12/24/2016  3:09:55.501 Async scan request completed for "locationd" (0)
12/24/2016  3:09:59.954 Async scan requested by "locationd" for 1 iterations with maxage=0 priority normal on en0
12/24/2016  3:09:59.954 Enqueuing command type: "Scan" pending commands: 0
12/24/2016  3:09:59.954 Dequeuing command type: "Scan" pending commands: 0
12/24/2016  3:09:59.954 Attempting Apple80211ScanAsync on en0
12/24/2016  3:10:00.385 Completed Apple80211ScanAsync on en0 (0x0)
12/24/2016  3:10:00.386 Async scan request completed for "locationd" (0)
12/24/2016  3:10:00.391 Async scan requested by "locationd" for 1 iterations with maxage=0 priority normal on en0
12/24/2016  3:10:00.391 Enqueuing command type: "Scan" pending commands: 0
12/24/2016  3:10:00.392 Dequeuing command type: "Scan" pending commands: 0
12/24/2016  3:10:00.392 Attempting Apple80211ScanAsync on en0
12/24/2016  3:10:01.944 Completed Apple80211ScanAsync on en0 (0x0)
12/24/2016  3:10:01.945 Async scan request completed for "locationd" (0)
12/24/2016  3:10:06.396 Async scan requested by "locationd" for 1 iterations with maxage=0 priority normal on en0
12/24/2016  3:10:06.396 Enqueuing command type: "Scan" pending commands: 0
12/24/2016  3:10:06.396 Dequeuing command type: "Scan" pending commands: 0
12/24/2016  3:10:06.397 Attempting Apple80211ScanAsync on en0
12/24/2016  3:10:06.827 Completed Apple80211ScanAsync on en0 (0x0)
12/24/2016  3:10:06.828 Async scan request completed for "locationd" (0)
12/24/2016  3:10:06.832 Async scan requested by "locationd" for 1 iterations with maxage=0 priority normal on en0
12/24/2016  3:10:06.832 Enqueuing command type: "Scan" pending commands: 0
12/24/2016  3:10:06.832 Dequeuing command type: "Scan" pending commands: 0
12/24/2016  3:10:06.832 Attempting Apple80211ScanAsync on en0
12/24/2016  3:10:07.476 __WiFiManagerCellularTransmitCallback_block_invoke: Cellular Transmit Started = TRUE
12/24/2016  3:10:08.210 WiFiLocaleManagerCheckLocale: trying to determine locale...
12/24/2016  3:10:08.210 WiFiManagerCoreLocationGetCachedLocation: getting cached location...
12/24/2016  3:10:08.223 __WiFiLocaleManagerGetLocaleFromMcc: finding iso country code for mcc 226 ....
12/24/2016  3:10:08.223 WiFiLocationServiceManagerIsLocationValid: cachedLocationTimeout 120.000000 location age 2724.824769secs, lifeSpan -1.000000 accuracy 65.000000(highAccReq 0), isValid 1
12/24/2016  3:10:08.223 WiFiLocationServiceManagerStartLowAccuracyMonitoring: Cached low accuracy location is valid
12/24/2016  3:10:08.223 WiFiLocationServiceManagerIsLocationValid: cachedLocationTimeout 120.000000 location age 2724.824908secs, lifeSpan -1.000000 accuracy 65.000000(highAccReq 1), isValid 1
12/24/2016  3:10:08.223 WiFiLocationServiceManagerIsLocationValid: cachedLocationTimeout 120.000000 location age 2724.824963secs, lifeSpan -1.000000 accuracy 65.000000(highAccReq 0), isValid 1
12/24/2016  3:10:08.223 __WiFiLocationServiceManagerProcessLocationAvailableEvent: isValidHighAccuracyLocation 1,  isValidLowAccuracyLocation 1
12/24/2016  3:10:08.223 __WiFiLocationServiceManagerProcessLocationAvailableEvent: give low accuracy callback
12/24/2016  3:10:08.224 __WiFiLocaleManagerGetLocaleFromLocation: <+45.92146491,+22.66961997> +/- 65.00m (speed -1.00 mps / course -1.00) @ 12/24/16, 2:24:43 AM Eastern European Standard Time
12/24/2016  3:10:08.224 locale from bounding box 
12/24/2016  3:10:08.224 new locale:  , locale: 
12/24/2016  3:10:08.224 Stopping Low Accuracy Location Monitoring
12/24/2016  3:10:08.224 CLMonitoring is already stopped
12/24/2016  3:10:08.224 Stopping Low Accuracy Location Monitoring
12/24/2016  3:10:08.224 CLMonitoring is already stopped
12/24/2016  3:10:08.224 __WiFiLocationServiceManagerEventCallback, got cb dict {
    eventType = 0;
    location = "<+45.91982908,+23.70323012> +/- 5000.00m (speed -1.00 mps / course -1.00) @ 12/24/16, 3:10:08 AM Eastern European Standard Time";
}
12/24/2016  3:10:08.225 WiFiLocationServiceManagerIsLocationValid: cachedLocationTimeout 120.000000 location age 0.011628secs, lifeSpan -1.000000 accuracy 5000.000000(highAccReq 1), isValid 0
12/24/2016  3:10:08.225 WiFiLocationServiceManagerIsLocationValid: cachedLocationTimeout 120.000000 location age 0.011684secs, lifeSpan -1.000000 accuracy 5000.000000(highAccReq 0), isValid 0
12/24/2016  3:10:08.225 __WiFiLocationServiceManagerProcessLocationAvailableEvent: isValidHighAccuracyLocation 0,  isValidLowAccuracyLocation 0
12/24/2016  3:10:08.376 Completed Apple80211ScanAsync on en0 (0x0)
12/24/2016  3:10:08.376 Async scan request completed for "locationd" (0)
12/24/2016  3:10:12.837 Async scan requested by "locationd" for 1 iterations with maxage=0 priority normal on en0
12/24/2016  3:10:12.837 Enqueuing command type: "Scan" pending commands: 0
12/24/2016  3:10:12.837 Dequeuing command type: "Scan" pending commands: 0
12/24/2016  3:10:12.837 Attempting Apple80211ScanAsync on en0
12/24/2016  3:10:13.268 Completed Apple80211ScanAsync on en0 (0x0)
12/24/2016  3:10:13.269 Async scan request completed for "locationd" (0)
12/24/2016  3:10:13.273 Async scan requested by "locationd" for 1 iterations with maxage=0 priority normal on en0
12/24/2016  3:10:13.273 Enqueuing command type: "Scan" pending commands: 0
12/24/2016  3:10:13.273 Dequeuing command type: "Scan" pending commands: 0
12/24/2016  3:10:13.273 Attempting Apple80211ScanAsync on en0
12/24/2016  3:10:14.821 Completed Apple80211ScanAsync on en0 (0x0)
12/24/2016  3:10:14.822 Async scan request completed for "locationd" (0)
12/24/2016  3:10:15.253 WoW is Disabled, 0 WoW Clients
12/24/2016  3:10:19.278 Async scan requested by "locationd" for 1 iterations with maxage=0 priority normal on en0
12/24/2016  3:10:19.278 Enqueuing command type: "Scan" pending commands: 0
12/24/2016  3:10:19.278 Dequeuing command type: "Scan" pending commands: 0
12/24/2016  3:10:19.278 Attempting Apple80211ScanAsync on en0
12/24/2016  3:10:19.708 Completed Apple80211ScanAsync on en0 (0x0)
12/24/2016  3:10:19.708 Async scan request completed for "locationd" (0)
12/24/2016  3:10:19.727 Async scan requested by "locationd" for 1 iterations with maxage=0 priority normal on en0
12/24/2016  3:10:19.728 Enqueuing command type: "Scan" pending commands: 0
12/24/2016  3:10:19.728 Dequeuing command type: "Scan" pending commands: 0
12/24/2016  3:10:19.728 Attempting Apple80211ScanAsync on en0
12/24/2016  3:10:21.284 Completed Apple80211ScanAsync on en0 (0x0)
12/24/2016  3:10:21.284 Async scan request completed for "locationd" (0)
12/24/2016  3:10:25.733 Async scan requested by "locationd" for 1 iterations with maxage=0 priority normal on en0
12/24/2016  3:10:25.733 Enqueuing command type: "Scan" pending commands: 0
12/24/2016  3:10:25.733 Dequeuing command type: "Scan" pending commands: 0
12/24/2016  3:10:25.733 Attempting Apple80211ScanAsync on en0
12/24/2016  3:10:26.163 Completed Apple80211ScanAsync on en0 (0x0)
12/24/2016  3:10:26.163 Async scan request completed for "locationd" (0)
12/24/2016  3:10:26.182 Async scan requested by "locationd" for 1 iterations with maxage=0 priority normal on en0
12/24/2016  3:10:26.182 Enqueuing command type: "Scan" pending commands: 0
12/24/2016  3:10:26.182 Dequeuing command type: "Scan" pending commands: 0
12/24/2016  3:10:26.182 Attempting Apple80211ScanAsync on en0
12/24/2016  3:10:27.735 Completed Apple80211ScanAsync on en0 (0x0)
12/24/2016  3:10:27.736 Async scan request completed for "locationd" (0)
12/24/2016  3:10:27.866 __WiFiManagerCellularTransmitCallback_block_invoke: Cellular Transmit Started = FALSE
12/24/2016  3:10:32.187 Async scan requested by "locationd" for 1 iterations with maxage=0 priority normal on en0
12/24/2016  3:10:32.187 Enqueuing command type: "Scan" pending commands: 0
12/24/2016  3:10:32.188 Dequeuing command type: "Scan" pending commands: 0
12/24/2016  3:10:32.188 Attempting Apple80211ScanAsync on en0
12/24/2016  3:10:32.259 __WiFiDeviceProcessDumpLogsEvent: Dump logs event received, dumped wifid log buffer to file
