12/24/2016  2:00:34.235 CLLocationManager didUpdateLocations !!
12/24/2016  2:00:34.235 __WiFiLocationServiceManagerEventCallback, got cb dict {
    eventType = 0;
    location = "<+45.91256920,+22.50443104> +/- 8070.71m (speed -1.00 mps / course -1.00) @ 12/24/16, 2:00:34 AM Eastern European Standard Time";
}
12/24/2016  2:00:34.237 WiFiLocationServiceManagerIsLocationValid: cachedLocationTimeout 0.000000 location age 0.016812secs, lifeSpan -1.000000 accuracy 8070.714477(highAccReq 1), isValid 0
12/24/2016  2:00:34.237 WiFiLocationServiceManagerIsLocationValid: cachedLocationTimeout 0.000000 location age 0.016884secs, lifeSpan -1.000000 accuracy 8070.714477(highAccReq 0), isValid 0
12/24/2016  2:00:34.237 __WiFiLocationServiceManagerProcessLocationAvailableEvent: isValidHighAccuracyLocation 0,  isValidLowAccuracyLocation 0
12/24/2016  2:00:34.242 CLLocationManager didUpdateLocations !!
12/24/2016  2:00:34.242 __WiFiLocationServiceManagerEventCallback, got cb dict {
    eventType = 0;
    location = "<+45.91377627,+22.50213532> +/- 8070.71m (speed -1.00 mps / course -1.00) @ 12/24/16, 2:00:34 AM Eastern European Standard Time";
}
12/24/2016  2:00:34.243 WiFiLocationServiceManagerIsLocationValid: cachedLocationTimeout 0.000000 location age 0.012432secs, lifeSpan -1.000000 accuracy 8070.714486(highAccReq 1), isValid 0
12/24/2016  2:00:34.243 WiFiLocationServiceManagerIsLocationValid: cachedLocationTimeout 0.000000 location age 0.012511secs, lifeSpan -1.000000 accuracy 8070.714486(highAccReq 0), isValid 0
12/24/2016  2:00:34.243 __WiFiLocationServiceManagerProcessLocationAvailableEvent: isValidHighAccuracyLocation 0,  isValidLowAccuracyLocation 0
12/24/2016  2:00:38.935 CLLocationManager didUpdateLocations !!
12/24/2016  2:00:38.936 __WiFiLocationServiceManagerEventCallback, got cb dict {
    eventType = 0;
    location = "<+45.91498400,+22.49983835> +/- 8072.56m (speed -1.00 mps / course -1.00) @ 12/24/16, 2:00:38 AM Eastern European Standard Time";
}
12/24/2016  2:00:38.937 WiFiLocationServiceManagerIsLocationValid: cachedLocationTimeout 0.000000 location age 0.015668secs, lifeSpan -1.000000 accuracy 8072.563744(highAccReq 1), isValid 0
12/24/2016  2:00:38.937 WiFiLocationServiceManagerIsLocationValid: cachedLocationTimeout 0.000000 location age 0.015731secs, lifeSpan -1.000000 accuracy 8072.563744(highAccReq 0), isValid 0
12/24/2016  2:00:38.937 __WiFiLocationServiceManagerProcessLocationAvailableEvent: isValidHighAccuracyLocation 0,  isValidLowAccuracyLocation 0
12/24/2016  2:00:38.947 CLLocationManager didUpdateLocations !!
12/24/2016  2:00:38.947 __WiFiLocationServiceManagerEventCallback, got cb dict {
    eventType = 0;
    location = "<+45.91618457,+22.49755501> +/- 8072.56m (speed -1.00 mps / course -1.00) @ 12/24/16, 2:00:38 AM Eastern European Standard Time";
}
12/24/2016  2:00:38.948 WiFiLocationServiceManagerIsLocationValid: cachedLocationTimeout 0.000000 location age 0.014938secs, lifeSpan -1.000000 accuracy 8072.563758(highAccReq 1), isValid 0
12/24/2016  2:00:38.949 WiFiLocationServiceManagerIsLocationValid: cachedLocationTimeout 0.000000 location age 0.015074secs, lifeSpan -1.000000 accuracy 8072.563758(highAccReq 0), isValid 0
12/24/2016  2:00:38.949 __WiFiLocationServiceManagerProcessLocationAvailableEvent: isValidHighAccuracyLocation 0,  isValidLowAccuracyLocation 0
12/24/2016  2:00:45.348 CLLocationManager didUpdateLocations !!
12/24/2016  2:00:45.348 __WiFiLocationServiceManagerEventCallback, got cb dict {
    eventType = 0;
    location = "<+45.91738789,+22.49526641> +/- 8076.04m (speed -1.00 mps / course -1.00) @ 12/24/16, 2:00:45 AM Eastern European Standard Time";
}
12/24/2016  2:00:45.349 WiFiLocationServiceManagerIsLocationValid: cachedLocationTimeout 0.000000 location age 0.021561secs, lifeSpan -1.000000 accuracy 8076.035169(highAccReq 1), isValid 0
12/24/2016  2:00:45.349 WiFiLocationServiceManagerIsLocationValid: cachedLocationTimeout 0.000000 location age 0.021624secs, lifeSpan -1.000000 accuracy 8076.035169(highAccReq 0), isValid 0
12/24/2016  2:00:45.349 __WiFiLocationServiceManagerProcessLocationAvailableEvent: isValidHighAccuracyLocation 0,  isValidLowAccuracyLocation 0
12/24/2016  2:00:45.352 CLLocationManager didUpdateLocations !!
12/24/2016  2:00:45.353 __WiFiLocationServiceManagerEventCallback, got cb dict {
    eventType = 0;
    location = "<+45.91858244,+22.49299451> +/- 8076.04m (speed -1.00 mps / course -1.00) @ 12/24/16, 2:00:45 AM Eastern European Standard Time";
}
12/24/2016  2:00:45.354 WiFiLocationServiceManagerIsLocationValid: cachedLocationTimeout 0.000000 location age 0.014615secs, lifeSpan -1.000000 accuracy 8076.035180(highAccReq 1), isValid 0
12/24/2016  2:00:45.354 WiFiLocationServiceManagerIsLocationValid: cachedLocationTimeout 0.000000 location age 0.014679secs, lifeSpan -1.000000 accuracy 8076.035180(highAccReq 0), isValid 0
12/24/2016  2:00:45.354 __WiFiLocationServiceManagerProcessLocationAvailableEvent: isValidHighAccuracyLocation 0,  isValidLowAccuracyLocation 0
12/24/2016  2:01:00.355 CLLocationManager didUpdateLocations !!
12/24/2016  2:01:00.355 __WiFiLocationServiceManagerEventCallback, got cb dict {
    eventType = 0;
    location = "<+45.91979159,+22.49069484> +/- 8094.79m (speed -1.00 mps / course -1.00) @ 12/24/16, 2:01:00 AM Eastern European Standard Time";
}
12/24/2016  2:01:00.358 WiFiLocationServiceManagerIsLocationValid: cachedLocationTimeout 0.000000 location age 0.018171secs, lifeSpan -1.000000 accuracy 8094.785506(highAccReq 1), isValid 0
12/24/2016  2:01:00.358 WiFiLocationServiceManagerIsLocationValid: cachedLocationTimeout 0.000000 location age 0.018262secs, lifeSpan -1.000000 accuracy 8094.785506(highAccReq 0), isValid 0
12/24/2016  2:01:00.358 __WiFiLocationServiceManagerProcessLocationAvailableEvent: isValidHighAccuracyLocation 0,  isValidLowAccuracyLocation 0
12/24/2016  2:01:00.365 CLLocationManager didUpdateLocations !!
12/24/2016  2:01:00.366 __WiFiLocationServiceManagerEventCallback, got cb dict {
    eventType = 0;
    location = "<+45.92098461,+22.48842585> +/- 8094.79m (speed -1.00 mps / course -1.00) @ 12/24/16, 2:01:00 AM Eastern European Standard Time";
}
12/24/2016  2:01:00.367 WiFiLocationServiceManagerIsLocationValid: cachedLocationTimeout 0.000000 location age 0.015180secs, lifeSpan -1.000000 accuracy 8094.785520(highAccReq 1), isValid 0
12/24/2016  2:01:00.367 WiFiLocationServiceManagerIsLocationValid: cachedLocationTimeout 0.000000 location age 0.015322secs, lifeSpan -1.000000 accuracy 8094.785520(highAccReq 0), isValid 0
12/24/2016  2:01:00.367 __WiFiLocationServiceManagerProcessLocationAvailableEvent: isValidHighAccuracyLocation 0,  isValidLowAccuracyLocation 0
12/24/2016  2:01:05.741 CLLocationManager didUpdateLocations !!
12/24/2016  2:01:05.741 __WiFiLocationServiceManagerEventCallback, got cb dict {
    eventType = 0;
    location = "<+45.92218053,+22.48615134> +/- 8097.37m (speed -1.00 mps / course -1.00) @ 12/24/16, 2:01:05 AM Eastern European Standard Time";
}
12/24/2016  2:01:05.742 WiFiLocationServiceManagerIsLocationValid: cachedLocationTimeout 0.000000 location age 0.018272secs, lifeSpan -1.000000 accuracy 8097.368391(highAccReq 1), isValid 0
12/24/2016  2:01:05.742 WiFiLocationServiceManagerIsLocationValid: cachedLocationTimeout 0.000000 location age 0.018338secs, lifeSpan -1.000000 accuracy 8097.368391(highAccReq 0), isValid 0
12/24/2016  2:01:05.742 __WiFiLocationServiceManagerProcessLocationAvailableEvent: isValidHighAccuracyLocation 0,  isValidLowAccuracyLocation 0
12/24/2016  2:01:05.750 CLLocationManager didUpdateLocations !!
12/24/2016  2:01:05.750 __WiFiLocationServiceManagerEventCallback, got cb dict {
    eventType = 0;
    location = "<+45.92336728,+22.48389428> +/- 8097.37m (speed -1.00 mps / course -1.00) @ 12/24/16, 2:01:05 AM Eastern European Standard Time";
}
12/24/2016  2:01:05.751 WiFiLocationServiceManagerIsLocationValid: cachedLocationTimeout 0.000000 location age 0.013253secs, lifeSpan -1.000000 accuracy 8097.368408(highAccReq 1), isValid 0
12/24/2016  2:01:05.751 WiFiLocationServiceManagerIsLocationValid: cachedLocationTimeout 0.000000 location age 0.013326secs, lifeSpan -1.000000 accuracy 8097.368408(highAccReq 0), isValid 0
12/24/2016  2:01:05.751 __WiFiLocationServiceManagerProcessLocationAvailableEvent: isValidHighAccuracyLocation 0,  isValidLowAccuracyLocation 0
12/24/2016  2:01:08.250 Low Accuracy Location Monitoring Timer Expired
12/24/2016  2:01:08.250 Failed to get location information; setting locale to default locale
12/24/2016  2:01:08.250 new locale:  , locale: 
12/24/2016  2:01:08.250 Stopping Low Accuracy Location Monitoring
12/24/2016  2:01:08.250 Location Monitoring stopped
12/24/2016  2:01:08.250 WiFiManagerCoreLocationStopLocationUpdates: stopping location updates...
12/24/2016  2:01:08.251 Stopping Low Accuracy Location Monitoring
12/24/2016  2:01:08.251 CLMonitoring is already stopped
12/24/2016  2:01:14.029 __WiFiManagerCellularTransmitCallback_block_invoke: Cellular Transmit Started = FALSE
12/24/2016  2:01:14.737 __WiFiManagerCellularTransmitCallback_block_invoke: Cellular Transmit Started = TRUE
12/24/2016  2:01:16.672 __WiFiManagerCellularTransmitCallback_block_invoke: Cellular Transmit Started = FALSE
12/24/2016  2:01:19.851 __WiFiManagerCellularTransmitCallback_block_invoke: Cellular Transmit Started = TRUE
12/24/2016  2:01:48.170 __WiFiManagerCellularTransmitCallback_block_invoke: Cellular Transmit Started = FALSE
12/24/2016  2:01:49.206 __WiFiManagerCellularTransmitCallback_block_invoke: Cellular Transmit Started = TRUE
12/24/2016  2:01:51.421 __WiFiManagerCellularTransmitCallback_block_invoke: Cellular Transmit Started = FALSE
12/24/2016  2:01:58.733 __WiFiManagerCellularTransmitCallback_block_invoke: Cellular Transmit Started = TRUE
12/24/2016  2:02:08.224 WiFiLocaleManagerCheckLocale: trying to determine locale...
12/24/2016  2:02:08.224 WiFiManagerCoreLocationGetCachedLocation: getting cached location...
12/24/2016  2:02:08.237 __WiFiLocaleManagerGetLocaleFromMcc: finding iso country code for mcc 226 ....
12/24/2016  2:02:08.237 WiFiLocationServiceManagerIsLocationValid: cachedLocationTimeout 120.000000 location age 62.499301secs, lifeSpan -1.000000 accuracy 8097.368408(highAccReq 0), isValid 0
12/24/2016  2:02:08.237 Starting Low Accuracy Location Monitoring, locationMonitoringTimeout=60.000000
12/24/2016  2:02:08.237 WiFiManagerCoreLocationStartLocationUpdates: starting location updates...
12/24/2016  2:02:08.237 Location Monitoring successfully started with accuracy=3000.000000meters
12/24/2016  2:02:08.237 __WiFiLocationServiceManagerEventCallback, got cb dict {
    eventType = 0;
    location = "<+45.90414329,+22.48521181> +/- 3000.00m (speed -1.00 mps / course -1.00) @ 12/24/16, 2:02:08 AM Eastern European Standard Time";
}
12/24/2016  2:02:08.238 WiFiLocationServiceManagerIsLocationValid: cachedLocationTimeout 0.000000 location age 0.010773secs, lifeSpan -1.000000 accuracy 3000.000000(highAccReq 1), isValid 0
12/24/2016  2:02:08.238 WiFiLocationServiceManagerIsLocationValid: cachedLocationTimeout 0.000000 location age 0.010829secs, lifeSpan -1.000000 accuracy 3000.000000(highAccReq 0), isValid 1
12/24/2016  2:02:08.238 __WiFiLocationServiceManagerProcessLocationAvailableEvent: isValidHighAccuracyLocation 0,  isValidLowAccuracyLocation 1
12/24/2016  2:02:08.238 __WiFiLocationServiceManagerProcessLocationAvailableEvent: give low accuracy callback
12/24/2016  2:02:08.239 __WiFiLocaleManagerGetLocaleFromLocation: <+45.90414329,+22.48521181> +/- 3000.00m (speed -1.00 mps / course -1.00) @ 12/24/16, 2:02:08 AM Eastern European Standard Time
12/24/2016  2:02:08.239 locale from bounding box 
12/24/2016  2:02:08.239 new locale:  , locale: 
12/24/2016  2:02:08.239 Stopping Low Accuracy Location Monitoring
12/24/2016  2:02:08.239 Location Monitoring stopped
12/24/2016  2:02:08.239 WiFiManagerCoreLocationStopLocationUpdates: stopping location updates...
12/24/2016  2:02:08.239 Stopping Low Accuracy Location Monitoring
12/24/2016  2:02:08.239 CLMonitoring is already stopped
12/24/2016  2:02:13.109 __WiFiManagerCellularTransmitCallback_block_invoke: Cellular Transmit Started = FALSE
12/24/2016  2:02:31.958 __WiFiManagerCellularTransmitCallback_block_invoke: Cellular Transmit Started = TRUE
12/24/2016  2:03:50.993 WoW is Disabled, 0 WoW Clients
12/24/2016  2:04:08.219 WiFiLocaleManagerCheckLocale: trying to determine locale...
12/24/2016  2:04:08.219 WiFiManagerCoreLocationGetCachedLocation: getting cached location...
12/24/2016  2:04:08.231 __WiFiLocaleManagerGetLocaleFromMcc: finding iso country code for mcc 226 ....
12/24/2016  2:04:08.231 WiFiLocationServiceManagerIsLocationValid: cachedLocationTimeout 120.000000 location age 120.003967secs, lifeSpan -1.000000 accuracy 3000.000000(highAccReq 0), isValid 1
12/24/2016  2:04:08.231 WiFiLocationServiceManagerStartLowAccuracyMonitoring: Cached low accuracy location is valid
12/24/2016  2:04:08.231 WiFiLocationServiceManagerIsLocationValid: cachedLocationTimeout 120.000000 location age 120.004103secs, lifeSpan -1.000000 accuracy 3000.000000(highAccReq 1), isValid 0
12/24/2016  2:04:08.231 WiFiLocationServiceManagerIsLocationValid: cachedLocationTimeout 120.000000 location age 120.004157secs, lifeSpan -1.000000 accuracy 3000.000000(highAccReq 0), isValid 1
12/24/2016  2:04:08.232 __WiFiLocationServiceManagerProcessLocationAvailableEvent: isValidHighAccuracyLocation 0,  isValidLowAccuracyLocation 1
12/24/2016  2:04:08.232 __WiFiLocationServiceManagerProcessLocationAvailableEvent: give low accuracy callback
12/24/2016  2:04:08.233 __WiFiLocaleManagerGetLocaleFromLocation: <+45.90414329,+22.48521181> +/- 3000.00m (speed -1.00 mps / course -1.00) @ 12/24/16, 2:02:08 AM Eastern European Standard Time
12/24/2016  2:04:08.233 locale from bounding box 
12/24/2016  2:04:08.233 new locale:  , locale: 
12/24/2016  2:04:08.233 Stopping Low Accuracy Location Monitoring
12/24/2016  2:04:08.233 CLMonitoring is already stopped
12/24/2016  2:04:08.233 Stopping Low Accuracy Location Monitoring
12/24/2016  2:04:08.233 CLMonitoring is already stopped
12/24/2016  2:04:08.233 __WiFiLocationServiceManagerEventCallback, got cb dict {
    eventType = 0;
    location = "<+45.89418105,+22.46984171> +/- 3000.00m (speed -1.00 mps / course -1.00) @ 12/24/16, 2:04:08 AM Eastern European Standard Time";
}
12/24/2016  2:04:08.233 WiFiLocationServiceManagerIsLocationValid: cachedLocationTimeout 120.000000 location age 0.011307secs, lifeSpan -1.000000 accuracy 3000.000000(highAccReq 1), isValid 0
12/24/2016  2:04:08.234 WiFiLocationServiceManagerIsLocationValid: cachedLocationTimeout 120.000000 location age 0.011363secs, lifeSpan -1.000000 accuracy 3000.000000(highAccReq 0), isValid 1
12/24/2016  2:04:08.234 __WiFiLocationServiceManagerProcessLocationAvailableEvent: isValidHighAccuracyLocation 0,  isValidLowAccuracyLocation 1
12/24/2016  2:04:32.047 __WiFiManagerCellularTransmitCallback_block_invoke: Cellular Transmit Started = FALSE
12/24/2016  2:04:46.191 __WiFiManagerCellularTransmitCallback_block_invoke: Cellular Transmit Started = TRUE
12/24/2016  2:05:32.234 __WiFiDeviceProcessDumpLogsEvent: Dump logs event received, dumped wifid log buffer to file
