 1/05/2017 13:09:04.920 Power stats update: Type 0x6 UnassociatedSleepDur 0 AssociatedSleepDur 14471 TotalDur 14587 RoamDur 0
 1/05/2017 13:09:04.920 WiFiAWDManagerSubmitMetric: metric container could not be generated for metric id <0x90010>
 1/05/2017 13:09:04.921 __WiFiLQAMgrLogStats: Rssi: -66 Cca: 33 TxPer: 0.0% (0) BcnPer: 0.0% (0) RxFrms 0 TxRate: 0 RxRate: 0
 1/05/2017 13:09:04.924 __WiFiDeviceManagerAwdlAvailableCallback: AWDL availability changed to TRUE
 1/05/2017 13:09:04.924 __WiFiDeviceCopyLinkChangedSubReasonString: Apple80211ReturnToString failed 1
 1/05/2017 13:09:04.925 __WiFiDeviceProcessDriverAvailableEvent: driver availability true, reason Initializing(0xe0821803), subreason (null)(0x0)
 1/05/2017 13:09:04.925 __WiFiManagerDispatchDeviceAvailable: driver availability true

 1/05/2017 13:09:04.928 __WiFiDeviceManagerAutoAssociate: Already connected to DIGI-146A.
 1/05/2017 13:09:04.928 WiFiAWDManagerSubmitMetric: metric container could not be generated for metric id <0x9000e>
 1/05/2017 13:09:04.935 __WiFiDeviceManagerAutoAssociate: Already connected to DIGI-146A.
 1/05/2017 13:09:04.936 No Change in Background Scan Networks, Skip Re-Programming Background Scan

 1/05/2017 13:09:04.988 __WiFiManagerCellularTransmitCallback_block_invoke: Cellular Transmit Started = FALSE
 1/05/2017 13:09:05.047 apsd[273] is a wow client
 1/05/2017 13:09:05.048 WoW is Enabled, 1 WoW Clients
 1/05/2017 13:09:10.076 Received kIOMessageSystemWillSleep
 1/05/2017 13:09:10.076 System Sleep notification, Disabling auto-join
 1/05/2017 13:09:10.076 __WiFiManagerSetEnableState: state FALSE, manager->enable.setting TRUE, manager->unlockedSinceBoot TRUE
 1/05/2017 13:09:10.076 Disabling automatic association
 1/05/2017 13:09:10.127 apsd[273] is a wow client
 1/05/2017 13:09:10.127 WoW is Enabled, 1 WoW Clients
 1/05/2017 13:09:10.211 __WiFiDeviceCopyLinkChangedSubReasonString: Apple80211ReturnToString failed 1
 1/05/2017 13:09:10.211 __WiFiDeviceProcessDriverAvailableEvent: driver availability false, reason PowerOff(0xe0821804), subreason (null)(0x0)
 1/05/2017 13:09:10.211 __WiFiManagerDispatchDeviceAvailable: driver availability false

 1/05/2017 13:09:10.212 WiFiAWDManagerSubmitMetric: metric container could not be generated for metric id <0x9000e>
 1/05/2017 13:09:10.215 __WiFiDeviceManagerAwdlAvailableCallback: AWDL availability changed to FALSE
 1/05/2017 13:09:10.218 apsd[273] is a wow client
 1/05/2017 13:09:10.218 WoW is Enabled, 1 WoW Clients
 1/05/2017 13:09:10.586 Received kIOMessageSystemWillPowerOn
 1/05/2017 13:09:10.640 System wake reason: AOP.ExternalReq baseband
 1/05/2017 13:09:10.642 System Powered ON notification Re-enabling auto-join
 1/05/2017 13:09:10.642 __WiFiManagerSetEnableState: state TRUE, manager->enable.setting TRUE, manager->unlockedSinceBoot TRUE
 1/05/2017 13:09:10.642 Enabling automatic association
 1/05/2017 13:09:10.643 __WiFiDeviceManagerAutoAssociate: Already connected to DIGI-146A.
 1/05/2017 13:09:10.643 WiFiLocaleManagerCheckLocale: location service or wifi is off, set locale to default
 1/05/2017 13:09:10.643 new locale:  , locale: 
 1/05/2017 13:09:10.644 Power stats update: Type 0x6 UnassociatedSleepDur 0 AssociatedSleepDur 92 TotalDur 387 RoamDur 0
 1/05/2017 13:09:10.644 WiFiAWDManagerSubmitMetric: metric container could not be generated for metric id <0x90010>
 1/05/2017 13:09:10.645 
Too frequent(0.783593 secs) rssi event from driver, ignoring

 1/05/2017 13:09:10.646 __WiFiDeviceCopyLinkChangedSubReasonString: Apple80211ReturnToString failed 1
 1/05/2017 13:09:10.646 __WiFiDeviceProcessDriverAvailableEvent: driver availability true, reason Initializing(0xe0821803), subreason (null)(0x0)
 1/05/2017 13:09:10.646 __WiFiManagerDispatchDeviceAvailable: driver availability true

 1/05/2017 13:09:10.649 __WiFiDeviceManagerAutoAssociate: Already connected to DIGI-146A.
 1/05/2017 13:09:10.649 WiFiAWDManagerSubmitMetric: metric container could not be generated for metric id <0x9000e>
 1/05/2017 13:09:10.659 __WiFiDeviceManagerAutoAssociate: Already connected to DIGI-146A.
 1/05/2017 13:09:10.661 No Change in Background Scan Networks, Skip Re-Programming Background Scan

 1/05/2017 13:09:10.689 __WiFiDeviceManagerAwdlAvailableCallback: AWDL availability changed to TRUE
 1/05/2017 13:09:10.773 __WiFiManagerCellularTransmitCallback_block_invoke: Cellular Transmit Started = FALSE
 1/05/2017 13:09:10.807 apsd[273] is a wow client
 1/05/2017 13:09:10.807 WoW is Enabled, 1 WoW Clients
 1/05/2017 13:09:15.807 Received kIOMessageSystemWillSleep
 1/05/2017 13:09:15.807 System Sleep notification, Disabling auto-join
 1/05/2017 13:09:15.809 __WiFiManagerSetEnableState: state FALSE, manager->enable.setting TRUE, manager->unlockedSinceBoot TRUE
 1/05/2017 13:09:15.809 Disabling automatic association
 1/05/2017 13:09:15.848 apsd[273] is a wow client
 1/05/2017 13:09:15.848 WoW is Enabled, 1 WoW Clients
 1/05/2017 13:09:15.962 __WiFiDeviceCopyLinkChangedSubReasonString: Apple80211ReturnToString failed 1
 1/05/2017 13:09:15.962 __WiFiDeviceProcessDriverAvailableEvent: driver availability false, reason PowerOff(0xe0821804), subreason (null)(0x0)
 1/05/2017 13:09:15.962 __WiFiManagerDispatchDeviceAvailable: driver availability false

 1/05/2017 13:09:15.966 WiFiAWDManagerSubmitMetric: metric container could not be generated for metric id <0x9000e>
 1/05/2017 13:09:15.989 __WiFiDeviceManagerAwdlAvailableCallback: AWDL availability changed to FALSE
 1/05/2017 13:09:15.996 apsd[273] is a wow client
 1/05/2017 13:09:15.996 WoW is Enabled, 1 WoW Clients
 1/05/2017 13:10:21.310 Received kIOMessageSystemWillPowerOn
 1/05/2017 13:10:21.365 System wake reason: AOP.ExternalReq baseband
 1/05/2017 13:10:21.365 System Powered ON notification Re-enabling auto-join
 1/05/2017 13:10:21.366 __WiFiManagerSetEnableState: state TRUE, manager->enable.setting TRUE, manager->unlockedSinceBoot TRUE
 1/05/2017 13:10:21.366 Enabling automatic association
 1/05/2017 13:10:21.366 __WiFiDeviceManagerAutoAssociate: Already connected to DIGI-146A.
 1/05/2017 13:10:21.366 WiFiLocaleManagerCheckLocale: location service or wifi is off, set locale to default
 1/05/2017 13:10:21.366 new locale:  , locale: 
 1/05/2017 13:10:21.367 Power stats update: Type 0x6 UnassociatedSleepDur 0 AssociatedSleepDur 64771 TotalDur 65374 RoamDur 0
 1/05/2017 13:10:21.367 WiFiAWDManagerSubmitMetric: metric container could not be generated for metric id <0x90010>
 1/05/2017 13:10:21.367 __WiFiLQAMgrLogStats: Rssi: -67 Cca: 32 TxPer: 0.0% (4) BcnPer: 2.8% (36) RxFrms 0 TxRate: 58500 RxRate: 39000
 1/05/2017 13:10:21.368 __WiFiDeviceCopyLinkChangedSubReasonString: Apple80211ReturnToString failed 1
 1/05/2017 13:10:21.368 __WiFiDeviceProcessDriverAvailableEvent: driver availability true, reason Initializing(0xe0821803), subreason (null)(0x0)
 1/05/2017 13:10:21.368 __WiFiManagerDispatchDeviceAvailable: driver availability true

 1/05/2017 13:10:21.370 __WiFiDeviceManagerAutoAssociate: Already connected to DIGI-146A.
 1/05/2017 13:10:21.370 WiFiAWDManagerSubmitMetric: metric container could not be generated for metric id <0x9000e>
 1/05/2017 13:10:21.370 __WiFiDeviceManagerAutoAssociate: Already connected to DIGI-146A.
 1/05/2017 13:10:21.372 No Change in Background Scan Networks, Skip Re-Programming Background Scan

 1/05/2017 13:10:21.454 __WiFiDeviceManagerAwdlAvailableCallback: AWDL availability changed to TRUE
 1/05/2017 13:10:21.744 __WiFiManagerCellularTransmitCallback_block_invoke: Cellular Transmit Started = TRUE
 1/05/2017 13:10:21.746 Disable WoW requested by "apsd"
 1/05/2017 13:10:21.747 WoW Capable = YES, Attempting to disable WoW and enable LPAS 
 1/05/2017 13:10:21.747 Setting WoW params to <CFBasicHash 0x14cec5c30 [0x1a0950150]>{type = immutable dict, count = 3,
entries =>
	0 : <CFString 0x100175960 [0x1a0950150]>{contents = "IO80211InterfaceEnableLowPwrAssocMode"} = <CFBoolean 0x1a09506c8 [0x1a0950150]>{value = true}
	1 : <CFString 0x100175940 [0x1a0950150]>{contents = "IO80211InterfaceEnableWoW"} = <CFBoolean 0x1a09506d8 [0x1a0950150]>{value = false}
	2 : <CFString 0x100185ae0 [0x1a0950150]>{contents = "IO80211InterfaceEnableWoWOnCaptive"} = <CFBoolean 0x1a09506d8 [0x1a0950150]>{value = false}
}

 1/05/2017 13:10:21.749 WiFiDeviceRequestAssociatedSleep: ActiveDuringSleepRequested is already set (<CFBasicHash 0x14e0027d0 [0x1a0950150]>{type = immutable dict, count = 0,
entries =>
}
).
 1/05/2017 13:10:21.750 WoW Disabled, 0 WoW Clients, lpas is Enabled, WoW Override is Disabled, Captive Disabled
 1/05/2017 13:10:21.753 Unable to dispatch WowStateChanged message to client dataaccessd (268435460)
 1/05/2017 13:10:21.771 Unable to dispatch WowStateChanged message to client itunesstored (268435460)
 1/05/2017 13:10:21.775 Unable to dispatch WowStateChanged message to client mediaserverd (268435460)
 1/05/2017 13:10:21.776 Unable to dispatch WowStateChanged message to client MobileMail (268435460)
 1/05/2017 13:10:21.780 Unable to dispatch WowStateChanged message to client profiled (268435460)
 1/05/2017 13:10:21.782 Unable to dispatch WowStateChanged message to client assistantd (268435460)
 1/05/2017 13:10:21.783 WoW is Disabled, 0 WoW Clients
 1/05/2017 13:10:21.784 WoW is Disabled, 0 WoW Clients
 1/05/2017 13:10:21.786 WoW is Disabled, 0 WoW Clients
 1/05/2017 13:10:21.815 WoW is Disabled, 0 WoW Clients
 1/05/2017 13:10:26.240 __WiFiManagerCellularTransmitCallback_block_invoke: Cellular Transmit Started = FALSE
 1/05/2017 13:10:26.488 Client apsd set type to normal application
 1/05/2017 13:10:26.488 __WiFiManagerSetEnableState: state TRUE, manager->enable.setting TRUE, manager->unlockedSinceBoot TRUE
 1/05/2017 13:10:26.491 BG Application: Not Present, BG Daemon: Present. Daemons: mediaserverd 
 1/05/2017 13:10:32.275 Received kIOMessageSystemWillSleep
 1/05/2017 13:10:32.275 System Sleep notification, Disabling auto-join
 1/05/2017 13:10:32.275 __WiFiManagerSetEnableState: state FALSE, manager->enable.setting TRUE, manager->unlockedSinceBoot TRUE
 1/05/2017 13:10:32.275 Disabling automatic association
 1/05/2017 13:10:32.322 WoW is Disabled, 0 WoW Clients
 1/05/2017 13:10:32.421 __WiFiDeviceManagerAwdlAvailableCallback: AWDL availability changed to FALSE
 1/05/2017 13:10:32.421 __WiFiDeviceCopyLinkChangedSubReasonString: Apple80211ReturnToString failed 1
 1/05/2017 13:10:32.421 __WiFiDeviceProcessDriverAvailableEvent: driver availability false, reason PowerOff(0xe0821804), subreason (null)(0x0)
 1/05/2017 13:10:32.421 __WiFiManagerDispatchDeviceAvailable: driver availability false

 1/05/2017 13:10:32.429 WiFiAWDManagerSubmitMetric: metric container could not be generated for metric id <0x9000e>
 1/05/2017 13:10:32.438 WoW is Disabled, 0 WoW Clients
 1/05/2017 13:15:33.540 Received kIOMessageSystemWillPowerOn
 1/05/2017 13:15:33.540 System wake reason: AOP.ExternalReq wlan
 1/05/2017 13:15:33.540 System Powered ON notification Re-enabling auto-join
 1/05/2017 13:15:33.540 __WiFiManagerSetEnableState: state TRUE, manager->enable.setting TRUE, manager->unlockedSinceBoot TRUE
 1/05/2017 13:15:33.540 Enabling automatic association
 1/05/2017 13:15:33.541 __WiFiDeviceManagerAutoAssociate: Already connected to DIGI-146A.
 1/05/2017 13:15:33.541 WiFiLocaleManagerCheckLocale: location service or wifi is off, set locale to default
 1/05/2017 13:15:33.541 new locale:  , locale: 
 1/05/2017 13:15:33.565 __WiFiDeviceManagerAwdlAvailableCallback: AWDL availability changed to TRUE
 1/05/2017 13:15:33.565 __WiFiDeviceProcessDumpLogsEvent: Dump logs event received, dumped wifid log buffer to file
