12/15/2016 16:58:39.561 WiFiLocaleManagerCheckLocale: location service or wifi is off, set locale to default
12/15/2016 16:58:39.561 new locale:  , locale: 
12/15/2016 16:59:56.242 Client itunesstored set type to background application
12/15/2016 16:59:56.242 __WiFiManagerSetEnableState: state TRUE, manager->enable.setting TRUE, manager->unlockedSinceBoot TRUE
12/15/2016 16:59:56.242 BG Application: Not Present, BG Daemon: Present. Daemons: mediaserverd itunesstored 
12/15/2016 16:59:56.242 Auto association attempt canceled because MIS is enabled. MIS client count: wifi=1 bt=0
12/15/2016 17:00:02.426 Client itunesstored set type to normal application
12/15/2016 17:00:02.426 __WiFiManagerSetEnableState: state TRUE, manager->enable.setting TRUE, manager->unlockedSinceBoot TRUE
12/15/2016 17:00:02.426 BG Application: Not Present, BG Daemon: Present. Daemons: mediaserverd 
12/15/2016 17:00:05.790 __WiFiManagerCellularTransmitCallback_block_invoke: Cellular Transmit Started = FALSE
12/15/2016 17:00:06.105 __WiFiManagerCellularTransmitCallback_block_invoke: Cellular Transmit Started = TRUE
12/15/2016 17:00:29.252 __WiFiManagerCellularTransmitCallback_block_invoke: Cellular Transmit Started = FALSE
12/15/2016 17:00:30.141 __WiFiManagerCellularTransmitCallback_block_invoke: Cellular Transmit Started = TRUE
12/15/2016 17:00:39.561 WiFiLocaleManagerCheckLocale: location service or wifi is off, set locale to default
12/15/2016 17:00:39.561 new locale:  , locale: 
12/15/2016 17:01:29.358 __WiFiManagerCellularTransmitCallback_block_invoke: Cellular Transmit Started = FALSE
12/15/2016 17:01:30.746 __WiFiManagerCellularTransmitCallback_block_invoke: Cellular Transmit Started = TRUE
12/15/2016 17:01:55.828 __WiFiManagerCellularTransmitCallback_block_invoke: Cellular Transmit Started = FALSE
12/15/2016 17:01:56.505 __WiFiManagerCellularTransmitCallback_block_invoke: Cellular Transmit Started = TRUE
12/15/2016 17:02:30.558 WoW is Disabled, 0 WoW Clients
12/15/2016 17:02:37.704 __WiFiDeviceProcessDumpLogsEvent: Dump logs event received, dumped wifid log buffer to file
