12/23/2016 14:09:32.509 Completed Apple80211ScanAsync on en0 (0x0)
12/23/2016 14:09:32.510 Async scan request completed for "locationd" (0)
12/23/2016 14:09:36.970 Async scan requested by "locationd" for 1 iterations with maxage=0 priority normal on en0
12/23/2016 14:09:36.970 Enqueuing command type: "Scan" pending commands: 0
12/23/2016 14:09:36.970 Dequeuing command type: "Scan" pending commands: 0
12/23/2016 14:09:36.970 Attempting Apple80211ScanAsync on en0
12/23/2016 14:09:37.357 Completed Apple80211ScanAsync on en0 (0x0)
12/23/2016 14:09:37.357 Async scan request completed for "locationd" (0)
12/23/2016 14:09:37.361 Async scan requested by "locationd" for 1 iterations with maxage=0 priority normal on en0
12/23/2016 14:09:37.361 Enqueuing command type: "Scan" pending commands: 0
12/23/2016 14:09:37.361 Dequeuing command type: "Scan" pending commands: 0
12/23/2016 14:09:37.361 Attempting Apple80211ScanAsync on en0
12/23/2016 14:09:38.902 Completed Apple80211ScanAsync on en0 (0x0)
12/23/2016 14:09:38.903 Async scan request completed for "locationd" (0)
12/23/2016 14:09:43.362 Async scan requested by "locationd" for 1 iterations with maxage=0 priority normal on en0
12/23/2016 14:09:43.362 Enqueuing command type: "Scan" pending commands: 0
12/23/2016 14:09:43.362 Dequeuing command type: "Scan" pending commands: 0
12/23/2016 14:09:43.362 Attempting Apple80211ScanAsync on en0
12/23/2016 14:09:43.748 Completed Apple80211ScanAsync on en0 (0x0)
12/23/2016 14:09:43.748 Async scan request completed for "locationd" (0)
12/23/2016 14:09:43.752 Async scan requested by "locationd" for 1 iterations with maxage=0 priority normal on en0
12/23/2016 14:09:43.752 Enqueuing command type: "Scan" pending commands: 0
12/23/2016 14:09:43.752 Dequeuing command type: "Scan" pending commands: 0
12/23/2016 14:09:43.752 Attempting Apple80211ScanAsync on en0
12/23/2016 14:09:45.300 Completed Apple80211ScanAsync on en0 (0x0)
12/23/2016 14:09:45.301 Async scan request completed for "locationd" (0)
12/23/2016 14:09:49.757 Async scan requested by "locationd" for 1 iterations with maxage=0 priority normal on en0
12/23/2016 14:09:49.757 Enqueuing command type: "Scan" pending commands: 0
12/23/2016 14:09:49.757 Dequeuing command type: "Scan" pending commands: 0
12/23/2016 14:09:49.757 Attempting Apple80211ScanAsync on en0
12/23/2016 14:09:50.143 Completed Apple80211ScanAsync on en0 (0x0)
12/23/2016 14:09:50.144 Async scan request completed for "locationd" (0)
12/23/2016 14:09:50.147 Async scan requested by "locationd" for 1 iterations with maxage=0 priority normal on en0
12/23/2016 14:09:50.148 Enqueuing command type: "Scan" pending commands: 0
12/23/2016 14:09:50.148 Dequeuing command type: "Scan" pending commands: 0
12/23/2016 14:09:50.148 Attempting Apple80211ScanAsync on en0
12/23/2016 14:09:51.693 Completed Apple80211ScanAsync on en0 (0x0)
12/23/2016 14:09:51.694 Async scan request completed for "locationd" (0)
12/23/2016 14:09:56.521 Async scan requested by "locationd" for 1 iterations with maxage=0 priority normal on en0
12/23/2016 14:09:56.521 Enqueuing command type: "Scan" pending commands: 0
12/23/2016 14:09:56.521 Dequeuing command type: "Scan" pending commands: 0
12/23/2016 14:09:56.521 Attempting Apple80211ScanAsync on en0
12/23/2016 14:09:56.906 Completed Apple80211ScanAsync on en0 (0x0)
12/23/2016 14:09:56.907 Async scan request completed for "locationd" (0)
12/23/2016 14:09:56.910 Async scan requested by "locationd" for 1 iterations with maxage=0 priority normal on en0
12/23/2016 14:09:56.911 Enqueuing command type: "Scan" pending commands: 0
12/23/2016 14:09:56.911 Dequeuing command type: "Scan" pending commands: 0
12/23/2016 14:09:56.911 Attempting Apple80211ScanAsync on en0
12/23/2016 14:09:58.458 Completed Apple80211ScanAsync on en0 (0x0)
12/23/2016 14:09:58.458 Async scan request completed for "locationd" (0)
12/23/2016 14:10:04.413 Async scan requested by "locationd" for 1 iterations with maxage=0 priority normal on en0
12/23/2016 14:10:04.413 Enqueuing command type: "Scan" pending commands: 0
12/23/2016 14:10:04.413 Dequeuing command type: "Scan" pending commands: 0
12/23/2016 14:10:04.413 Attempting Apple80211ScanAsync on en0
12/23/2016 14:10:04.798 Completed Apple80211ScanAsync on en0 (0x0)
12/23/2016 14:10:04.799 Async scan request completed for "locationd" (0)
12/23/2016 14:10:04.802 Async scan requested by "locationd" for 1 iterations with maxage=0 priority normal on en0
12/23/2016 14:10:04.802 Enqueuing command type: "Scan" pending commands: 0
12/23/2016 14:10:04.802 Dequeuing command type: "Scan" pending commands: 0
12/23/2016 14:10:04.802 Attempting Apple80211ScanAsync on en0
12/23/2016 14:10:06.342 Completed Apple80211ScanAsync on en0 (0x0)
12/23/2016 14:10:06.343 Async scan request completed for "locationd" (0)
12/23/2016 14:10:10.803 Async scan requested by "locationd" for 1 iterations with maxage=0 priority normal on en0
12/23/2016 14:10:10.803 Enqueuing command type: "Scan" pending commands: 0
12/23/2016 14:10:10.803 Dequeuing command type: "Scan" pending commands: 0
12/23/2016 14:10:10.803 Attempting Apple80211ScanAsync on en0
12/23/2016 14:10:11.189 Completed Apple80211ScanAsync on en0 (0x0)
12/23/2016 14:10:11.190 Async scan request completed for "locationd" (0)
12/23/2016 14:10:11.194 Async scan requested by "locationd" for 1 iterations with maxage=0 priority normal on en0
12/23/2016 14:10:11.194 Enqueuing command type: "Scan" pending commands: 0
12/23/2016 14:10:11.194 Dequeuing command type: "Scan" pending commands: 0
12/23/2016 14:10:11.194 Attempting Apple80211ScanAsync on en0
12/23/2016 14:10:12.744 Completed Apple80211ScanAsync on en0 (0x0)
12/23/2016 14:10:12.745 Async scan request completed for "locationd" (0)
12/23/2016 14:10:17.195 Async scan requested by "locationd" for 1 iterations with maxage=0 priority normal on en0
12/23/2016 14:10:17.195 Enqueuing command type: "Scan" pending commands: 0
12/23/2016 14:10:17.195 Dequeuing command type: "Scan" pending commands: 0
12/23/2016 14:10:17.195 Attempting Apple80211ScanAsync on en0
12/23/2016 14:10:17.581 Completed Apple80211ScanAsync on en0 (0x0)
12/23/2016 14:10:17.581 Async scan request completed for "locationd" (0)
12/23/2016 14:10:17.585 Async scan requested by "locationd" for 1 iterations with maxage=0 priority normal on en0
12/23/2016 14:10:17.585 Enqueuing command type: "Scan" pending commands: 0
12/23/2016 14:10:17.585 Dequeuing command type: "Scan" pending commands: 0
12/23/2016 14:10:17.585 Attempting Apple80211ScanAsync on en0
12/23/2016 14:10:19.135 Completed Apple80211ScanAsync on en0 (0x0)
12/23/2016 14:10:19.136 Async scan request completed for "locationd" (0)
12/23/2016 14:10:23.590 Async scan requested by "locationd" for 1 iterations with maxage=0 priority normal on en0
12/23/2016 14:10:23.590 Enqueuing command type: "Scan" pending commands: 0
12/23/2016 14:10:23.591 Dequeuing command type: "Scan" pending commands: 0
12/23/2016 14:10:23.591 Attempting Apple80211ScanAsync on en0
12/23/2016 14:10:23.974 Completed Apple80211ScanAsync on en0 (0x0)
12/23/2016 14:10:23.975 Async scan request completed for "locationd" (0)
12/23/2016 14:10:23.980 Async scan requested by "locationd" for 1 iterations with maxage=0 priority normal on en0
12/23/2016 14:10:23.980 Enqueuing command type: "Scan" pending commands: 0
12/23/2016 14:10:23.980 Dequeuing command type: "Scan" pending commands: 0
12/23/2016 14:10:23.980 Attempting Apple80211ScanAsync on en0
12/23/2016 14:10:25.531 Completed Apple80211ScanAsync on en0 (0x0)
12/23/2016 14:10:25.532 Async scan request completed for "locationd" (0)
12/23/2016 14:10:29.989 Async scan requested by "locationd" for 1 iterations with maxage=0 priority normal on en0
12/23/2016 14:10:29.989 Enqueuing command type: "Scan" pending commands: 0
12/23/2016 14:10:29.989 Dequeuing command type: "Scan" pending commands: 0
12/23/2016 14:10:29.989 Attempting Apple80211ScanAsync on en0
12/23/2016 14:10:30.375 Completed Apple80211ScanAsync on en0 (0x0)
12/23/2016 14:10:30.376 Async scan request completed for "locationd" (0)
12/23/2016 14:10:30.381 Async scan requested by "locationd" for 1 iterations with maxage=0 priority normal on en0
12/23/2016 14:10:30.381 Enqueuing command type: "Scan" pending commands: 0
12/23/2016 14:10:30.381 Dequeuing command type: "Scan" pending commands: 0
12/23/2016 14:10:30.381 Attempting Apple80211ScanAsync on en0
12/23/2016 14:10:31.928 Completed Apple80211ScanAsync on en0 (0x0)
12/23/2016 14:10:31.929 Async scan request completed for "locationd" (0)
12/23/2016 14:10:36.386 Async scan requested by "locationd" for 1 iterations with maxage=0 priority normal on en0
12/23/2016 14:10:36.386 Enqueuing command type: "Scan" pending commands: 0
12/23/2016 14:10:36.386 Dequeuing command type: "Scan" pending commands: 0
12/23/2016 14:10:36.386 Attempting Apple80211ScanAsync on en0
12/23/2016 14:10:36.770 Completed Apple80211ScanAsync on en0 (0x0)
12/23/2016 14:10:36.771 Async scan request completed for "locationd" (0)
12/23/2016 14:10:36.774 Async scan requested by "locationd" for 1 iterations with maxage=0 priority normal on en0
12/23/2016 14:10:36.775 Enqueuing command type: "Scan" pending commands: 0
12/23/2016 14:10:36.775 Dequeuing command type: "Scan" pending commands: 0
12/23/2016 14:10:36.775 Attempting Apple80211ScanAsync on en0
12/23/2016 14:10:38.321 Completed Apple80211ScanAsync on en0 (0x0)
12/23/2016 14:10:38.322 Async scan request completed for "locationd" (0)
12/23/2016 14:10:42.779 Async scan requested by "locationd" for 1 iterations with maxage=0 priority normal on en0
12/23/2016 14:10:42.779 Enqueuing command type: "Scan" pending commands: 0
12/23/2016 14:10:42.780 Dequeuing command type: "Scan" pending commands: 0
12/23/2016 14:10:42.780 Attempting Apple80211ScanAsync on en0
12/23/2016 14:10:43.165 Completed Apple80211ScanAsync on en0 (0x0)
12/23/2016 14:10:43.165 Async scan request completed for "locationd" (0)
12/23/2016 14:10:43.169 Async scan requested by "locationd" for 1 iterations with maxage=0 priority normal on en0
12/23/2016 14:10:43.169 Enqueuing command type: "Scan" pending commands: 0
12/23/2016 14:10:43.169 Dequeuing command type: "Scan" pending commands: 0
12/23/2016 14:10:43.169 Attempting Apple80211ScanAsync on en0
12/23/2016 14:10:44.676 WiFiLocaleManagerCheckLocale: trying to determine locale...
12/23/2016 14:10:44.676 WiFiManagerCoreLocationGetCachedLocation: getting cached location...
12/23/2016 14:10:44.697 __WiFiLocaleManagerGetLocaleFromMcc: finding iso country code for mcc 232 ....
12/23/2016 14:10:44.697 WiFiLocationServiceManagerIsLocationValid: cachedLocationTimeout 120.000000 location age 120.017371secs, lifeSpan -1.000000 accuracy 287.110795(highAccReq 0), isValid 1
12/23/2016 14:10:44.697 WiFiLocationServiceManagerStartLowAccuracyMonitoring: Cached low accuracy location is valid
12/23/2016 14:10:44.697 WiFiLocationServiceManagerIsLocationValid: cachedLocationTimeout 120.000000 location age 120.017511secs, lifeSpan -1.000000 accuracy 287.110795(highAccReq 1), isValid 1
12/23/2016 14:10:44.697 WiFiLocationServiceManagerIsLocationValid: cachedLocationTimeout 120.000000 location age 120.017565secs, lifeSpan -1.000000 accuracy 287.110795(highAccReq 0), isValid 1
12/23/2016 14:10:44.697 __WiFiLocationServiceManagerProcessLocationAvailableEvent: isValidHighAccuracyLocation 1,  isValidLowAccuracyLocation 1
12/23/2016 14:10:44.697 __WiFiLocationServiceManagerProcessLocationAvailableEvent: give low accuracy callback
12/23/2016 14:10:44.698 __WiFiLocaleManagerGetLocaleFromLocation: <+48.09383812,+16.66162613> +/- 287.11m (speed -1.00 mps / course -1.00) @ 12/23/16, 2:08:44 PM Central European Standard Time
12/23/2016 14:10:44.698 locale from bounding box 
12/23/2016 14:10:44.698 new locale:  , locale: 
12/23/2016 14:10:44.698 Stopping Low Accuracy Location Monitoring
12/23/2016 14:10:44.698 CLMonitoring is already stopped
12/23/2016 14:10:44.698 Stopping Low Accuracy Location Monitoring
12/23/2016 14:10:44.698 CLMonitoring is already stopped
12/23/2016 14:10:44.698 __WiFiLocationServiceManagerEventCallback, got cb dict {
    eventType = 0;
    location = "<+48.07988397,+16.67624945> +/- 2000.00m (speed -1.00 mps / course -1.00) @ 12/23/16, 2:10:44 PM Central European Standard Time";
}
12/23/2016 14:10:44.699 WiFiLocationServiceManagerIsLocationValid: cachedLocationTimeout 120.000000 location age 0.019517secs, lifeSpan -1.000000 accuracy 2000.000000(highAccReq 1), isValid 0
12/23/2016 14:10:44.699 WiFiLocationServiceManagerIsLocationValid: cachedLocationTimeout 120.000000 location age 0.019572secs, lifeSpan -1.000000 accuracy 2000.000000(highAccReq 0), isValid 1
12/23/2016 14:10:44.699 __WiFiLocationServiceManagerProcessLocationAvailableEvent: isValidHighAccuracyLocation 0,  isValidLowAccuracyLocation 1
12/23/2016 14:10:44.718 Completed Apple80211ScanAsync on en0 (0x0)
12/23/2016 14:10:44.718 Async scan request completed for "locationd" (0)
12/23/2016 14:10:49.550 Async scan requested by "locationd" for 1 iterations with maxage=0 priority normal on en0
12/23/2016 14:10:49.550 Enqueuing command type: "Scan" pending commands: 0
12/23/2016 14:10:49.550 Dequeuing command type: "Scan" pending commands: 0
12/23/2016 14:10:49.550 Attempting Apple80211ScanAsync on en0
12/23/2016 14:10:49.936 Completed Apple80211ScanAsync on en0 (0x0)
12/23/2016 14:10:49.936 Async scan request completed for "locationd" (0)
12/23/2016 14:10:49.940 Async scan requested by "locationd" for 1 iterations with maxage=0 priority normal on en0
12/23/2016 14:10:49.940 Enqueuing command type: "Scan" pending commands: 0
12/23/2016 14:10:49.940 Dequeuing command type: "Scan" pending commands: 0
12/23/2016 14:10:49.940 Attempting Apple80211ScanAsync on en0
12/23/2016 14:10:51.486 Completed Apple80211ScanAsync on en0 (0x0)
12/23/2016 14:10:51.487 Async scan request completed for "locationd" (0)
12/23/2016 14:10:55.945 Async scan requested by "locationd" for 1 iterations with maxage=0 priority normal on en0
12/23/2016 14:10:55.945 Enqueuing command type: "Scan" pending commands: 0
12/23/2016 14:10:55.945 Dequeuing command type: "Scan" pending commands: 0
12/23/2016 14:10:55.945 Attempting Apple80211ScanAsync on en0
12/23/2016 14:10:56.329 Completed Apple80211ScanAsync on en0 (0x0)
12/23/2016 14:10:56.330 Async scan request completed for "locationd" (0)
12/23/2016 14:10:56.333 Async scan requested by "locationd" for 1 iterations with maxage=0 priority normal on en0
12/23/2016 14:10:56.333 Enqueuing command type: "Scan" pending commands: 0
12/23/2016 14:10:56.334 Dequeuing command type: "Scan" pending commands: 0
12/23/2016 14:10:56.334 Attempting Apple80211ScanAsync on en0
12/23/2016 14:10:57.881 Completed Apple80211ScanAsync on en0 (0x0)
12/23/2016 14:10:57.882 Async scan request completed for "locationd" (0)
12/23/2016 14:10:59.383 WoW is Disabled, 0 WoW Clients
12/23/2016 14:11:02.338 Async scan requested by "locationd" for 1 iterations with maxage=0 priority normal on en0
12/23/2016 14:11:02.338 Enqueuing command type: "Scan" pending commands: 0
12/23/2016 14:11:02.338 Dequeuing command type: "Scan" pending commands: 0
12/23/2016 14:11:02.339 Attempting Apple80211ScanAsync on en0
12/23/2016 14:11:02.722 Completed Apple80211ScanAsync on en0 (0x0)
12/23/2016 14:11:02.724 Async scan request completed for "locationd" (0)
12/23/2016 14:11:02.733 Async scan requested by "locationd" for 1 iterations with maxage=0 priority normal on en0
12/23/2016 14:11:02.733 Enqueuing command type: "Scan" pending commands: 0
12/23/2016 14:11:02.733 Dequeuing command type: "Scan" pending commands: 0
12/23/2016 14:11:02.733 Attempting Apple80211ScanAsync on en0
12/23/2016 14:11:04.277 Completed Apple80211ScanAsync on en0 (0x0)
12/23/2016 14:11:04.277 Async scan request completed for "locationd" (0)
12/23/2016 14:11:09.435 Async scan requested by "locationd" for 1 iterations with maxage=0 priority normal on en0
12/23/2016 14:11:09.435 Enqueuing command type: "Scan" pending commands: 0
12/23/2016 14:11:09.435 Dequeuing command type: "Scan" pending commands: 0
12/23/2016 14:11:09.435 Attempting Apple80211ScanAsync on en0
12/23/2016 14:11:09.820 Completed Apple80211ScanAsync on en0 (0x0)
12/23/2016 14:11:09.821 Async scan request completed for "locationd" (0)
12/23/2016 14:11:09.825 Async scan requested by "locationd" for 1 iterations with maxage=0 priority normal on en0
12/23/2016 14:11:09.825 Enqueuing command type: "Scan" pending commands: 0
12/23/2016 14:11:09.825 Dequeuing command type: "Scan" pending commands: 0
12/23/2016 14:11:09.825 Attempting Apple80211ScanAsync on en0
12/23/2016 14:11:11.371 Completed Apple80211ScanAsync on en0 (0x0)
12/23/2016 14:11:11.372 Async scan request completed for "locationd" (0)
12/23/2016 14:11:15.830 Async scan requested by "locationd" for 1 iterations with maxage=0 priority normal on en0
12/23/2016 14:11:15.830 Enqueuing command type: "Scan" pending commands: 0
12/23/2016 14:11:15.830 Dequeuing command type: "Scan" pending commands: 0
12/23/2016 14:11:15.830 Attempting Apple80211ScanAsync on en0
12/23/2016 14:11:16.216 Completed Apple80211ScanAsync on en0 (0x0)
12/23/2016 14:11:16.217 Async scan request completed for "locationd" (0)
12/23/2016 14:11:16.237 Async scan requested by "locationd" for 1 iterations with maxage=0 priority normal on en0
12/23/2016 14:11:16.237 Enqueuing command type: "Scan" pending commands: 0
12/23/2016 14:11:16.237 Dequeuing command type: "Scan" pending commands: 0
12/23/2016 14:11:16.237 Attempting Apple80211ScanAsync on en0
12/23/2016 14:11:17.783 Completed Apple80211ScanAsync on en0 (0x0)
12/23/2016 14:11:17.784 Async scan request completed for "locationd" (0)
12/23/2016 14:11:22.238 Async scan requested by "locationd" for 1 iterations with maxage=0 priority normal on en0
12/23/2016 14:11:22.239 Enqueuing command type: "Scan" pending commands: 0
12/23/2016 14:11:22.239 Dequeuing command type: "Scan" pending commands: 0
12/23/2016 14:11:22.239 Attempting Apple80211ScanAsync on en0
12/23/2016 14:11:22.626 Completed Apple80211ScanAsync on en0 (0x0)
12/23/2016 14:11:22.627 Async scan request completed for "locationd" (0)
12/23/2016 14:11:22.647 Async scan requested by "locationd" for 1 iterations with maxage=0 priority normal on en0
12/23/2016 14:11:22.647 Enqueuing command type: "Scan" pending commands: 0
12/23/2016 14:11:22.647 Dequeuing command type: "Scan" pending commands: 0
12/23/2016 14:11:22.647 Attempting Apple80211ScanAsync on en0
12/23/2016 14:11:24.195 Completed Apple80211ScanAsync on en0 (0x0)
12/23/2016 14:11:24.195 Async scan request completed for "locationd" (0)
12/23/2016 14:11:28.648 Async scan requested by "locationd" for 1 iterations with maxage=0 priority normal on en0
12/23/2016 14:11:28.648 Enqueuing command type: "Scan" pending commands: 0
12/23/2016 14:11:28.648 Dequeuing command type: "Scan" pending commands: 0
12/23/2016 14:11:28.648 Attempting Apple80211ScanAsync on en0
12/23/2016 14:11:29.035 Completed Apple80211ScanAsync on en0 (0x0)
12/23/2016 14:11:29.036 Async scan request completed for "locationd" (0)
12/23/2016 14:11:29.055 Async scan requested by "locationd" for 1 iterations with maxage=0 priority normal on en0
12/23/2016 14:11:29.055 Enqueuing command type: "Scan" pending commands: 0
12/23/2016 14:11:29.055 Dequeuing command type: "Scan" pending commands: 0
12/23/2016 14:11:29.055 Attempting Apple80211ScanAsync on en0
12/23/2016 14:11:30.604 Completed Apple80211ScanAsync on en0 (0x0)
12/23/2016 14:11:30.605 Async scan request completed for "locationd" (0)
12/23/2016 14:11:35.060 Async scan requested by "locationd" for 1 iterations with maxage=0 priority normal on en0
12/23/2016 14:11:35.061 Enqueuing command type: "Scan" pending commands: 0
12/23/2016 14:11:35.061 Dequeuing command type: "Scan" pending commands: 0
12/23/2016 14:11:35.061 Attempting Apple80211ScanAsync on en0
12/23/2016 14:11:35.445 Completed Apple80211ScanAsync on en0 (0x0)
12/23/2016 14:11:35.446 Async scan request completed for "locationd" (0)
12/23/2016 14:11:35.465 Async scan requested by "locationd" for 1 iterations with maxage=0 priority normal on en0
12/23/2016 14:11:35.465 Enqueuing command type: "Scan" pending commands: 0
12/23/2016 14:11:35.465 Dequeuing command type: "Scan" pending commands: 0
12/23/2016 14:11:35.465 Attempting Apple80211ScanAsync on en0
12/23/2016 14:11:37.009 Completed Apple80211ScanAsync on en0 (0x0)
12/23/2016 14:11:37.009 Async scan request completed for "locationd" (0)
12/23/2016 14:11:41.470 Async scan requested by "locationd" for 1 iterations with maxage=0 priority normal on en0
12/23/2016 14:11:41.470 Enqueuing command type: "Scan" pending commands: 0
12/23/2016 14:11:41.470 Dequeuing command type: "Scan" pending commands: 0
12/23/2016 14:11:41.470 Attempting Apple80211ScanAsync on en0
12/23/2016 14:11:41.854 Completed Apple80211ScanAsync on en0 (0x0)
12/23/2016 14:11:41.855 Async scan request completed for "locationd" (0)
12/23/2016 14:11:41.879 Async scan requested by "locationd" for 1 iterations with maxage=0 priority normal on en0
12/23/2016 14:11:41.879 Enqueuing command type: "Scan" pending commands: 0
12/23/2016 14:11:41.879 Dequeuing command type: "Scan" pending commands: 0
12/23/2016 14:11:41.879 Attempting Apple80211ScanAsync on en0
12/23/2016 14:11:43.426 Completed Apple80211ScanAsync on en0 (0x0)
12/23/2016 14:11:43.427 Async scan request completed for "locationd" (0)
12/23/2016 14:11:47.884 Async scan requested by "locationd" for 1 iterations with maxage=0 priority normal on en0
12/23/2016 14:11:47.885 Enqueuing command type: "Scan" pending commands: 0
12/23/2016 14:11:47.885 Dequeuing command type: "Scan" pending commands: 0
12/23/2016 14:11:47.885 Attempting Apple80211ScanAsync on en0
12/23/2016 14:11:48.270 Completed Apple80211ScanAsync on en0 (0x0)
12/23/2016 14:11:48.270 Async scan request completed for "locationd" (0)
12/23/2016 14:11:48.290 Async scan requested by "locationd" for 1 iterations with maxage=0 priority normal on en0
12/23/2016 14:11:48.290 Enqueuing command type: "Scan" pending commands: 0
12/23/2016 14:11:48.290 Dequeuing command type: "Scan" pending commands: 0
12/23/2016 14:11:48.290 Attempting Apple80211ScanAsync on en0
12/23/2016 14:11:49.834 Completed Apple80211ScanAsync on en0 (0x0)
12/23/2016 14:11:49.835 Async scan request completed for "locationd" (0)
12/23/2016 14:11:54.295 Async scan requested by "locationd" for 1 iterations with maxage=0 priority normal on en0
12/23/2016 14:11:54.295 Enqueuing command type: "Scan" pending commands: 0
12/23/2016 14:11:54.295 Dequeuing command type: "Scan" pending commands: 0
12/23/2016 14:11:54.296 Attempting Apple80211ScanAsync on en0
12/23/2016 14:11:54.681 Completed Apple80211ScanAsync on en0 (0x0)
12/23/2016 14:11:54.683 Async scan request completed for "locationd" (0)
12/23/2016 14:11:54.702 Async scan requested by "locationd" for 1 iterations with maxage=0 priority normal on en0
12/23/2016 14:11:54.702 Enqueuing command type: "Scan" pending commands: 0
12/23/2016 14:11:54.702 Dequeuing command type: "Scan" pending commands: 0
12/23/2016 14:11:54.702 Attempting Apple80211ScanAsync on en0
12/23/2016 14:11:56.251 Completed Apple80211ScanAsync on en0 (0x0)
12/23/2016 14:11:56.252 Async scan request completed for "locationd" (0)
12/23/2016 14:12:00.704 Async scan requested by "locationd" for 1 iterations with maxage=0 priority normal on en0
12/23/2016 14:12:00.704 Enqueuing command type: "Scan" pending commands: 0
12/23/2016 14:12:00.704 Dequeuing command type: "Scan" pending commands: 0
12/23/2016 14:12:00.704 Attempting Apple80211ScanAsync on en0
12/23/2016 14:12:01.089 Completed Apple80211ScanAsync on en0 (0x0)
12/23/2016 14:12:01.090 Async scan request completed for "locationd" (0)
12/23/2016 14:12:01.133 Async scan requested by "locationd" for 1 iterations with maxage=0 priority normal on en0
12/23/2016 14:12:01.133 Enqueuing command type: "Scan" pending commands: 0
12/23/2016 14:12:01.133 Dequeuing command type: "Scan" pending commands: 0
12/23/2016 14:12:01.134 Attempting Apple80211ScanAsync on en0
12/23/2016 14:12:02.678 Completed Apple80211ScanAsync on en0 (0x0)
12/23/2016 14:12:02.679 Async scan request completed for "locationd" (0)
12/23/2016 14:12:07.136 Async scan requested by "locationd" for 1 iterations with maxage=0 priority normal on en0
12/23/2016 14:12:07.136 Enqueuing command type: "Scan" pending commands: 0
12/23/2016 14:12:07.136 Dequeuing command type: "Scan" pending commands: 0
12/23/2016 14:12:07.136 Attempting Apple80211ScanAsync on en0
12/23/2016 14:12:07.523 Completed Apple80211ScanAsync on en0 (0x0)
12/23/2016 14:12:07.524 Async scan request completed for "locationd" (0)
12/23/2016 14:12:13.835 Async scan requested by "locationd" for 1 iterations with maxage=0 priority normal on en0
12/23/2016 14:12:13.835 Enqueuing command type: "Scan" pending commands: 0
12/23/2016 14:12:13.835 Dequeuing command type: "Scan" pending commands: 0
12/23/2016 14:12:13.835 Attempting Apple80211ScanAsync on en0
12/23/2016 14:12:14.224 Completed Apple80211ScanAsync on en0 (0x0)
12/23/2016 14:12:14.225 Async scan request completed for "locationd" (0)
12/23/2016 14:12:20.240 Async scan requested by "locationd" for 1 iterations with maxage=0 priority normal on en0
12/23/2016 14:12:20.240 Enqueuing command type: "Scan" pending commands: 0
12/23/2016 14:12:20.241 Dequeuing command type: "Scan" pending commands: 0
12/23/2016 14:12:20.241 Attempting Apple80211ScanAsync on en0
12/23/2016 14:12:20.635 Completed Apple80211ScanAsync on en0 (0x0)
12/23/2016 14:12:20.637 Async scan request completed for "locationd" (0)
12/23/2016 14:12:26.651 Async scan requested by "locationd" for 1 iterations with maxage=0 priority normal on en0
12/23/2016 14:12:26.651 Enqueuing command type: "Scan" pending commands: 0
12/23/2016 14:12:26.651 Dequeuing command type: "Scan" pending commands: 0
12/23/2016 14:12:26.651 Attempting Apple80211ScanAsync on en0
12/23/2016 14:12:27.050 Completed Apple80211ScanAsync on en0 (0x0)
12/23/2016 14:12:27.051 Async scan request completed for "locationd" (0)
12/23/2016 14:12:34.352 Async scan requested by "locationd" for 1 iterations with maxage=0 priority normal on en0
12/23/2016 14:12:34.353 Enqueuing command type: "Scan" pending commands: 0
12/23/2016 14:12:34.353 Dequeuing command type: "Scan" pending commands: 0
12/23/2016 14:12:34.353 Attempting Apple80211ScanAsync on en0
12/23/2016 14:12:34.741 Completed Apple80211ScanAsync on en0 (0x0)
12/23/2016 14:12:34.742 Async scan request completed for "locationd" (0)
12/23/2016 14:12:40.756 Async scan requested by "locationd" for 1 iterations with maxage=0 priority normal on en0
12/23/2016 14:12:40.757 Enqueuing command type: "Scan" pending commands: 0
12/23/2016 14:12:40.757 Dequeuing command type: "Scan" pending commands: 0
12/23/2016 14:12:40.757 Attempting Apple80211ScanAsync on en0
12/23/2016 14:12:41.151 Completed Apple80211ScanAsync on en0 (0x0)
12/23/2016 14:12:41.153 Async scan request completed for "locationd" (0)
12/23/2016 14:12:44.676 WiFiLocaleManagerCheckLocale: trying to determine locale...
12/23/2016 14:12:44.676 WiFiManagerCoreLocationGetCachedLocation: getting cached location...
12/23/2016 14:12:44.688 __WiFiLocaleManagerGetLocaleFromMcc: finding iso country code for mcc 232 ....
12/23/2016 14:12:44.689 WiFiLocationServiceManagerIsLocationValid: cachedLocationTimeout 120.000000 location age 120.009007secs, lifeSpan -1.000000 accuracy 2000.000000(highAccReq 0), isValid 1
12/23/2016 14:12:44.689 WiFiLocationServiceManagerStartLowAccuracyMonitoring: Cached low accuracy location is valid
12/23/2016 14:12:44.689 WiFiLocationServiceManagerIsLocationValid: cachedLocationTimeout 120.000000 location age 120.009145secs, lifeSpan -1.000000 accuracy 2000.000000(highAccReq 1), isValid 0
12/23/2016 14:12:44.689 WiFiLocationServiceManagerIsLocationValid: cachedLocationTimeout 120.000000 location age 120.009200secs, lifeSpan -1.000000 accuracy 2000.000000(highAccReq 0), isValid 1
12/23/2016 14:12:44.689 __WiFiLocationServiceManagerProcessLocationAvailableEvent: isValidHighAccuracyLocation 0,  isValidLowAccuracyLocation 1
12/23/2016 14:12:44.689 __WiFiLocationServiceManagerProcessLocationAvailableEvent: give low accuracy callback
12/23/2016 14:12:44.690 __WiFiLocaleManagerGetLocaleFromLocation: <+48.07988397,+16.67624945> +/- 2000.00m (speed -1.00 mps / course -1.00) @ 12/23/16, 2:10:44 PM Central European Standard Time
12/23/2016 14:12:44.690 locale from bounding box 
12/23/2016 14:12:44.690 new locale:  , locale: 
12/23/2016 14:12:44.690 Stopping Low Accuracy Location Monitoring
12/23/2016 14:12:44.690 CLMonitoring is already stopped
12/23/2016 14:12:44.690 Stopping Low Accuracy Location Monitoring
12/23/2016 14:12:44.690 CLMonitoring is already stopped
12/23/2016 14:12:44.690 __WiFiLocationServiceManagerEventCallback, got cb dict {
    eventType = 0;
    location = "<+48.05656625,+16.71142962> +/- 165.00m (speed -1.00 mps / course -1.00) @ 12/23/16, 2:12:44 PM Central European Standard Time";
}
12/23/2016 14:12:44.691 WiFiLocationServiceManagerIsLocationValid: cachedLocationTimeout 120.000000 location age 0.011319secs, lifeSpan -1.000000 accuracy 165.000000(highAccReq 1), isValid 1
12/23/2016 14:12:44.691 WiFiLocationServiceManagerIsLocationValid: cachedLocationTimeout 120.000000 location age 0.011373secs, lifeSpan -1.000000 accuracy 165.000000(highAccReq 0), isValid 1
12/23/2016 14:12:44.691 __WiFiLocationServiceManagerProcessLocationAvailableEvent: isValidHighAccuracyLocation 1,  isValidLowAccuracyLocation 1
12/23/2016 14:12:47.168 Async scan requested by "locationd" for 1 iterations with maxage=0 priority normal on en0
12/23/2016 14:12:47.168 Enqueuing command type: "Scan" pending commands: 0
12/23/2016 14:12:47.168 Dequeuing command type: "Scan" pending commands: 0
12/23/2016 14:12:47.168 Attempting Apple80211ScanAsync on en0
12/23/2016 14:12:47.554 Completed Apple80211ScanAsync on en0 (0x0)
12/23/2016 14:12:47.556 Async scan request completed for "locationd" (0)
12/23/2016 14:12:50.138 Device display is ON
12/23/2016 14:12:50.138 __WiFiManagerSetEnableState: state TRUE, manager->enable.setting TRUE, manager->unlockedSinceBoot TRUE
12/23/2016 14:12:50.138 Auto association attempt canceled because MIS is enabled. MIS client count: wifi=2 bt=0
12/23/2016 14:12:51.146 ATJManager: setting ask-to-join interaction mode to Interactive
12/23/2016 14:12:51.146 ATJManager: no entries to purge
12/23/2016 14:12:51.146 User interaction ENABLED
12/23/2016 14:12:51.146 Ignoring lock state manager->wakeMode 1

12/23/2016 14:12:51.146 problematic networks =  and potentially problematic networks = 
12/23/2016 14:12:51.146 Unblacklisting
12/23/2016 14:12:51.146 No Change in Background Scan Networks, Skip Re-Programming Background Scan

12/23/2016 14:12:51.146 Auto association attempt canceled because MIS is enabled. MIS client count: wifi=2 bt=0
12/23/2016 14:12:53.570 Async scan requested by "locationd" for 1 iterations with maxage=0 priority normal on en0
12/23/2016 14:12:53.570 Enqueuing command type: "Scan" pending commands: 0
12/23/2016 14:12:53.570 Dequeuing command type: "Scan" pending commands: 0
12/23/2016 14:12:53.570 Attempting Apple80211ScanAsync on en0
12/23/2016 14:12:53.959 Completed Apple80211ScanAsync on en0 (0x0)
12/23/2016 14:12:53.960 Async scan request completed for "locationd" (0)
12/23/2016 14:12:53.974 Async scan requested by "locationd" for 1 iterations with maxage=0 priority low on en0
12/23/2016 14:12:53.974 Enqueuing command type: "Scan" pending commands: 0
12/23/2016 14:12:53.974 Dequeuing command type: "Scan" pending commands: 0
12/23/2016 14:12:53.974 Attempting Apple80211ScanAsync on en0
12/23/2016 14:12:54.890 Completed Apple80211ScanAsync on en0 (0x0)
12/23/2016 14:12:54.891 Async scan request completed for "locationd" (0)
12/23/2016 14:12:56.344 BG Application: Not Present, BG Daemon: Present. Daemons: mediaserverd 
12/23/2016 14:12:56.344 __WiFiManagerSetEnableState: state TRUE, manager->enable.setting TRUE, manager->unlockedSinceBoot TRUE
12/23/2016 14:12:56.344 Auto association attempt canceled because MIS is enabled. MIS client count: wifi=2 bt=0
12/23/2016 14:12:59.972 Async scan requested by "locationd" for 1 iterations with maxage=0 priority normal on en0
12/23/2016 14:12:59.972 Enqueuing command type: "Scan" pending commands: 0
12/23/2016 14:12:59.972 Dequeuing command type: "Scan" pending commands: 0
12/23/2016 14:12:59.972 Attempting Apple80211ScanAsync on en0
12/23/2016 14:13:00.183 BG Application: Not Present, BG Daemon: Present. Daemons: mediaserverd 
12/23/2016 14:13:00.183 LPAS is Enabled
12/23/2016 14:13:00.183 LPAS Enabled, Skip starting Disassocation timer
12/23/2016 14:13:00.357 Completed Apple80211ScanAsync on en0 (0x0)
12/23/2016 14:13:00.357 Async scan request completed for "locationd" (0)
12/23/2016 14:13:05.172 BG Application: Not Present, BG Daemon: Present. Daemons: mediaserverd 
12/23/2016 14:13:05.172 __WiFiManagerSetEnableState: state TRUE, manager->enable.setting TRUE, manager->unlockedSinceBoot TRUE
12/23/2016 14:13:05.172 Auto association attempt canceled because MIS is enabled. MIS client count: wifi=2 bt=0
12/23/2016 14:13:06.364 Async scan requested by "locationd" for 1 iterations with maxage=0 priority normal on en0
12/23/2016 14:13:06.364 Enqueuing command type: "Scan" pending commands: 0
12/23/2016 14:13:06.364 Dequeuing command type: "Scan" pending commands: 0
12/23/2016 14:13:06.364 Attempting Apple80211ScanAsync on en0
12/23/2016 14:13:06.751 Completed Apple80211ScanAsync on en0 (0x0)
12/23/2016 14:13:06.753 Async scan request completed for "locationd" (0)
12/23/2016 14:13:12.771 Async scan requested by "locationd" for 1 iterations with maxage=0 priority normal on en0
12/23/2016 14:13:12.771 Enqueuing command type: "Scan" pending commands: 0
12/23/2016 14:13:12.772 Dequeuing command type: "Scan" pending commands: 0
12/23/2016 14:13:12.772 Attempting Apple80211ScanAsync on en0
12/23/2016 14:13:13.166 Completed Apple80211ScanAsync on en0 (0x0)
12/23/2016 14:13:13.167 Async scan request completed for "locationd" (0)
12/23/2016 14:13:16.724 __WiFiManagerLoadDeviceSettings: failed to open file:///private/var/Managed%20Preferences/mobile/com.apple.wifid.configure.plist
12/23/2016 14:13:16.725 __WiFiManagerLoadDeviceSettings: no device setting override found.
12/23/2016 14:13:16.725 wifi debug profile is not installed...
12/23/2016 14:13:16.725 __WiFiManagerLoadDeviceSettings: failed to open file:///private/var/Managed%20Preferences/mobile/com.apple.wifid.configure.plist
12/23/2016 14:13:16.726 __WiFiManagerLoadDeviceSettings: no device setting override found.
12/23/2016 14:13:16.726 wifi debug profile is not installed...
12/23/2016 14:13:16.726 __WiFiManagerLoadDeviceSettings: failed to open file:///private/var/Managed%20Preferences/mobile/com.apple.wifid.configure.plist
12/23/2016 14:13:16.726 __WiFiManagerLoadDeviceSettings: no device setting override found.
12/23/2016 14:13:16.726 wifi debug profile is not installed...
12/23/2016 14:13:16.726 __WiFiManagerLoadDeviceSettings: failed to open file:///private/var/Managed%20Preferences/mobile/com.apple.wifid.configure.plist
12/23/2016 14:13:16.726 __WiFiManagerLoadDeviceSettings: no device setting override found.
12/23/2016 14:13:16.726 wifi debug profile is not installed...
12/23/2016 14:13:19.182 Async scan requested by "locationd" for 1 iterations with maxage=0 priority normal on en0
12/23/2016 14:13:19.182 Enqueuing command type: "Scan" pending commands: 0
12/23/2016 14:13:19.182 Dequeuing command type: "Scan" pending commands: 0
12/23/2016 14:13:19.182 Attempting Apple80211ScanAsync on en0
12/23/2016 14:13:19.579 Completed Apple80211ScanAsync on en0 (0x0)
12/23/2016 14:13:19.580 Async scan request completed for "locationd" (0)
12/23/2016 14:13:25.602 Async scan requested by "locationd" for 1 iterations with maxage=0 priority normal on en0
12/23/2016 14:13:25.602 Enqueuing command type: "Scan" pending commands: 0
12/23/2016 14:13:25.602 Dequeuing command type: "Scan" pending commands: 0
12/23/2016 14:13:25.602 Attempting Apple80211ScanAsync on en0
12/23/2016 14:13:25.992 Completed Apple80211ScanAsync on en0 (0x0)
12/23/2016 14:13:25.994 Async scan request completed for "locationd" (0)
12/23/2016 14:13:32.007 Async scan requested by "locationd" for 1 iterations with maxage=0 priority normal on en0
12/23/2016 14:13:32.007 Enqueuing command type: "Scan" pending commands: 0
12/23/2016 14:13:32.008 Dequeuing command type: "Scan" pending commands: 0
12/23/2016 14:13:32.008 Attempting Apple80211ScanAsync on en0
12/23/2016 14:13:32.400 Completed Apple80211ScanAsync on en0 (0x0)
12/23/2016 14:13:32.402 Async scan request completed for "locationd" (0)
12/23/2016 14:13:35.306 Device display is OFF
12/23/2016 14:13:35.624 ATJManager: setting ask-to-join interaction mode to NonInteractive
12/23/2016 14:13:35.624 ATJManager: no entries to purge
12/23/2016 14:13:35.625 User interaction DISABLED
12/23/2016 14:13:35.625 Ignoring lock state manager->wakeMode 1

12/23/2016 14:13:38.424 Async scan requested by "locationd" for 1 iterations with maxage=0 priority normal on en0
12/23/2016 14:13:38.424 Enqueuing command type: "Scan" pending commands: 0
12/23/2016 14:13:38.424 Dequeuing command type: "Scan" pending commands: 0
12/23/2016 14:13:38.424 Attempting Apple80211ScanAsync on en0
12/23/2016 14:13:38.823 Completed Apple80211ScanAsync on en0 (0x0)
12/23/2016 14:13:38.825 Async scan request completed for "locationd" (0)
12/23/2016 14:13:44.783 Device display is ON
12/23/2016 14:13:44.783 __WiFiManagerSetEnableState: state TRUE, manager->enable.setting TRUE, manager->unlockedSinceBoot TRUE
12/23/2016 14:13:44.783 Auto association attempt canceled because MIS is enabled. MIS client count: wifi=2 bt=0
12/23/2016 14:13:44.849 Async scan requested by "locationd" for 1 iterations with maxage=0 priority normal on en0
12/23/2016 14:13:44.849 Enqueuing command type: "Scan" pending commands: 0
12/23/2016 14:13:44.849 Dequeuing command type: "Scan" pending commands: 0
12/23/2016 14:13:44.849 Attempting Apple80211ScanAsync on en0
12/23/2016 14:13:45.257 Completed Apple80211ScanAsync on en0 (0x0)
12/23/2016 14:13:45.259 Async scan request completed for "locationd" (0)
12/23/2016 14:13:45.723 ATJManager: setting ask-to-join interaction mode to Interactive
12/23/2016 14:13:45.723 ATJManager: no entries to purge
12/23/2016 14:13:45.723 User interaction ENABLED
12/23/2016 14:13:45.723 Ignoring lock state manager->wakeMode 1

12/23/2016 14:13:45.723 problematic networks =  and potentially problematic networks = 
12/23/2016 14:13:45.723 Unblacklisting
12/23/2016 14:13:45.723 No Change in Background Scan Networks, Skip Re-Programming Background Scan

12/23/2016 14:13:45.723 Auto association attempt canceled because MIS is enabled. MIS client count: wifi=2 bt=0
12/23/2016 14:13:50.885 Foreground Network Application entered.
12/23/2016 14:13:50.885 BG Application: Not Present, BG Daemon: Present. Daemons: mediaserverd 
12/23/2016 14:13:50.885 problematic networks =  and potentially problematic networks = 
12/23/2016 14:13:50.885 Unblacklisting
12/23/2016 14:13:50.885 No Change in Background Scan Networks, Skip Re-Programming Background Scan

12/23/2016 14:13:50.885 __WiFiManagerSetEnableState: state TRUE, manager->enable.setting TRUE, manager->unlockedSinceBoot TRUE
12/23/2016 14:13:50.885 Auto association attempt canceled because MIS is enabled. MIS client count: wifi=2 bt=0
12/23/2016 14:13:50.885 BG Application: Not Present, BG Daemon: Present. Daemons: mediaserverd 
12/23/2016 14:13:51.156 BG Application: Not Present, BG Daemon: Present. Daemons: mediaserverd 
12/23/2016 14:13:51.158 BG Application: Not Present, BG Daemon: Present. Daemons: mediaserverd 
12/23/2016 14:13:51.274 Async scan requested by "locationd" for 1 iterations with maxage=0 priority normal on en0
12/23/2016 14:13:51.274 Enqueuing command type: "Scan" pending commands: 0
12/23/2016 14:13:51.274 Dequeuing command type: "Scan" pending commands: 0
12/23/2016 14:13:51.274 Attempting Apple80211ScanAsync on en0
12/23/2016 14:13:51.689 Completed Apple80211ScanAsync on en0 (0x0)
12/23/2016 14:13:51.691 Async scan request completed for "locationd" (0)
12/23/2016 14:13:57.707 Async scan requested by "locationd" for 1 iterations with maxage=0 priority normal on en0
12/23/2016 14:13:57.707 Enqueuing command type: "Scan" pending commands: 0
12/23/2016 14:13:57.707 Dequeuing command type: "Scan" pending commands: 0
12/23/2016 14:13:57.707 Attempting Apple80211ScanAsync on en0
12/23/2016 14:13:58.102 Completed Apple80211ScanAsync on en0 (0x0)
12/23/2016 14:13:58.104 Async scan request completed for "locationd" (0)
12/23/2016 14:14:04.129 Async scan requested by "locationd" for 1 iterations with maxage=0 priority normal on en0
12/23/2016 14:14:04.129 Enqueuing command type: "Scan" pending commands: 0
12/23/2016 14:14:04.129 Dequeuing command type: "Scan" pending commands: 0
12/23/2016 14:14:04.129 Attempting Apple80211ScanAsync on en0
12/23/2016 14:14:04.515 Completed Apple80211ScanAsync on en0 (0x0)
12/23/2016 14:14:04.518 Async scan request completed for "locationd" (0)
12/23/2016 14:14:10.537 Async scan requested by "locationd" for 1 iterations with maxage=0 priority normal on en0
12/23/2016 14:14:10.537 Enqueuing command type: "Scan" pending commands: 0
12/23/2016 14:14:10.537 Dequeuing command type: "Scan" pending commands: 0
12/23/2016 14:14:10.537 Attempting Apple80211ScanAsync on en0
12/23/2016 14:14:10.922 Completed Apple80211ScanAsync on en0 (0x0)
12/23/2016 14:14:10.924 Async scan request completed for "locationd" (0)
12/23/2016 14:14:16.962 Async scan requested by "locationd" for 1 iterations with maxage=0 priority normal on en0
12/23/2016 14:14:16.962 Enqueuing command type: "Scan" pending commands: 0
12/23/2016 14:14:16.962 Dequeuing command type: "Scan" pending commands: 0
12/23/2016 14:14:16.962 Attempting Apple80211ScanAsync on en0
12/23/2016 14:14:17.348 Completed Apple80211ScanAsync on en0 (0x0)
12/23/2016 14:14:17.349 Async scan request completed for "locationd" (0)
12/23/2016 14:14:23.375 Async scan requested by "locationd" for 1 iterations with maxage=0 priority normal on en0
12/23/2016 14:14:23.375 Enqueuing command type: "Scan" pending commands: 0
12/23/2016 14:14:23.375 Dequeuing command type: "Scan" pending commands: 0
12/23/2016 14:14:23.375 Attempting Apple80211ScanAsync on en0
12/23/2016 14:14:23.760 Completed Apple80211ScanAsync on en0 (0x0)
12/23/2016 14:14:23.761 Async scan request completed for "locationd" (0)
12/23/2016 14:14:29.774 Async scan requested by "locationd" for 1 iterations with maxage=0 priority normal on en0
12/23/2016 14:14:29.774 Enqueuing command type: "Scan" pending commands: 0
12/23/2016 14:14:29.774 Dequeuing command type: "Scan" pending commands: 0
12/23/2016 14:14:29.774 Attempting Apple80211ScanAsync on en0
12/23/2016 14:14:30.159 Completed Apple80211ScanAsync on en0 (0x0)
12/23/2016 14:14:30.160 Async scan request completed for "locationd" (0)
12/23/2016 14:14:31.588 __WiFiDeviceProcessDumpLogsEvent: Dump logs event received, dumped wifid log buffer to file
