12/24/2016  2:25:44.286 __WiFiManagerCellularTransmitCallback_block_invoke: Cellular Transmit Started = FALSE
12/24/2016  2:25:55.940 __WiFiManagerCellularTransmitCallback_block_invoke: Cellular Transmit Started = TRUE
12/24/2016  2:26:08.212 WiFiLocaleManagerCheckLocale: trying to determine locale...
12/24/2016  2:26:08.212 WiFiManagerCoreLocationGetCachedLocation: getting cached location...
12/24/2016  2:26:08.224 __WiFiLocaleManagerGetLocaleFromMcc: finding iso country code for mcc 226 ....
12/24/2016  2:26:08.224 WiFiLocationServiceManagerIsLocationValid: cachedLocationTimeout 120.000000 location age 120.009431secs, lifeSpan -1.000000 accuracy 530.592145(highAccReq 0), isValid 1
12/24/2016  2:26:08.225 WiFiLocationServiceManagerStartLowAccuracyMonitoring: Cached low accuracy location is valid
12/24/2016  2:26:08.225 WiFiLocationServiceManagerIsLocationValid: cachedLocationTimeout 120.000000 location age 120.009571secs, lifeSpan -1.000000 accuracy 530.592145(highAccReq 1), isValid 0
12/24/2016  2:26:08.225 WiFiLocationServiceManagerIsLocationValid: cachedLocationTimeout 120.000000 location age 120.009623secs, lifeSpan -1.000000 accuracy 530.592145(highAccReq 0), isValid 1
12/24/2016  2:26:08.225 __WiFiLocationServiceManagerProcessLocationAvailableEvent: isValidHighAccuracyLocation 0,  isValidLowAccuracyLocation 1
12/24/2016  2:26:08.225 __WiFiLocationServiceManagerProcessLocationAvailableEvent: give low accuracy callback
12/24/2016  2:26:08.226 __WiFiLocaleManagerGetLocaleFromLocation: <+45.92018642,+22.65624504> +/- 530.59m (speed -1.00 mps / course -1.00) @ 12/24/16, 2:24:08 AM Eastern European Standard Time
12/24/2016  2:26:08.226 locale from bounding box 
12/24/2016  2:26:08.226 new locale:  , locale: 
12/24/2016  2:26:08.226 Stopping Low Accuracy Location Monitoring
12/24/2016  2:26:08.226 CLMonitoring is already stopped
12/24/2016  2:26:08.226 Stopping Low Accuracy Location Monitoring
12/24/2016  2:26:08.226 CLMonitoring is already stopped
12/24/2016  2:26:08.226 __WiFiLocationServiceManagerEventCallback, got cb dict {
    eventType = 0;
    location = "<+45.92146491,+22.66961997> +/- 65.00m (speed -1.00 mps / course -1.00) @ 12/24/16, 2:24:43 AM Eastern European Standard Time";
}
12/24/2016  2:26:08.227 WiFiLocationServiceManagerIsLocationValid: cachedLocationTimeout 120.000000 location age 84.828737secs, lifeSpan -1.000000 accuracy 65.000000(highAccReq 1), isValid 1
12/24/2016  2:26:08.227 WiFiLocationServiceManagerIsLocationValid: cachedLocationTimeout 120.000000 location age 84.828791secs, lifeSpan -1.000000 accuracy 65.000000(highAccReq 0), isValid 1
12/24/2016  2:26:08.227 __WiFiLocationServiceManagerProcessLocationAvailableEvent: isValidHighAccuracyLocation 1,  isValidLowAccuracyLocation 1
12/24/2016  2:26:54.139 __WiFiManagerCellularTransmitCallback_block_invoke: Cellular Transmit Started = FALSE
12/24/2016  2:26:57.479 __WiFiManagerCellularTransmitCallback_block_invoke: Cellular Transmit Started = TRUE
12/24/2016  2:27:12.828 __WiFiManagerCellularTransmitCallback_block_invoke: Cellular Transmit Started = FALSE
12/24/2016  2:27:27.822 __WiFiManagerCellularTransmitCallback_block_invoke: Cellular Transmit Started = TRUE
12/24/2016  2:28:01.219 __WiFiManagerCellularTransmitCallback_block_invoke: Cellular Transmit Started = FALSE
12/24/2016  2:28:07.420 __WiFiManagerCellularTransmitCallback_block_invoke: Cellular Transmit Started = TRUE
12/24/2016  2:28:08.212 WiFiLocaleManagerCheckLocale: trying to determine locale...
12/24/2016  2:28:08.212 WiFiManagerCoreLocationGetCachedLocation: getting cached location...
12/24/2016  2:28:08.234 __WiFiLocaleManagerGetLocaleFromMcc: finding iso country code for mcc 226 ....
12/24/2016  2:28:08.234 WiFiLocationServiceManagerIsLocationValid: cachedLocationTimeout 120.000000 location age 204.836538secs, lifeSpan -1.000000 accuracy 65.000000(highAccReq 0), isValid 1
12/24/2016  2:28:08.234 WiFiLocationServiceManagerStartLowAccuracyMonitoring: Cached low accuracy location is valid
12/24/2016  2:28:08.235 WiFiLocationServiceManagerIsLocationValid: cachedLocationTimeout 120.000000 location age 204.836676secs, lifeSpan -1.000000 accuracy 65.000000(highAccReq 1), isValid 1
12/24/2016  2:28:08.235 WiFiLocationServiceManagerIsLocationValid: cachedLocationTimeout 120.000000 location age 204.836730secs, lifeSpan -1.000000 accuracy 65.000000(highAccReq 0), isValid 1
12/24/2016  2:28:08.235 __WiFiLocationServiceManagerProcessLocationAvailableEvent: isValidHighAccuracyLocation 1,  isValidLowAccuracyLocation 1
12/24/2016  2:28:08.235 __WiFiLocationServiceManagerProcessLocationAvailableEvent: give low accuracy callback
12/24/2016  2:28:08.236 __WiFiLocaleManagerGetLocaleFromLocation: <+45.92146491,+22.66961997> +/- 65.00m (speed -1.00 mps / course -1.00) @ 12/24/16, 2:24:43 AM Eastern European Standard Time
12/24/2016  2:28:08.236 locale from bounding box 
12/24/2016  2:28:08.236 new locale:  , locale: 
12/24/2016  2:28:08.236 Stopping Low Accuracy Location Monitoring
12/24/2016  2:28:08.236 CLMonitoring is already stopped
12/24/2016  2:28:08.236 Stopping Low Accuracy Location Monitoring
12/24/2016  2:28:08.236 CLMonitoring is already stopped
12/24/2016  2:28:08.236 __WiFiLocationServiceManagerEventCallback, got cb dict {
    eventType = 0;
    location = "<+45.92146491,+22.66961997> +/- 65.00m (speed -1.00 mps / course -1.00) @ 12/24/16, 2:24:43 AM Eastern European Standard Time";
}
12/24/2016  2:28:08.237 WiFiLocationServiceManagerIsLocationValid: cachedLocationTimeout 120.000000 location age 204.838668secs, lifeSpan -1.000000 accuracy 65.000000(highAccReq 1), isValid 1
12/24/2016  2:28:08.237 WiFiLocationServiceManagerIsLocationValid: cachedLocationTimeout 120.000000 location age 204.838722secs, lifeSpan -1.000000 accuracy 65.000000(highAccReq 0), isValid 1
12/24/2016  2:28:08.237 __WiFiLocationServiceManagerProcessLocationAvailableEvent: isValidHighAccuracyLocation 1,  isValidLowAccuracyLocation 1
12/24/2016  2:28:35.000 __WiFiManagerCellularTransmitCallback_block_invoke: Cellular Transmit Started = FALSE
12/24/2016  2:28:50.101 __WiFiManagerCellularTransmitCallback_block_invoke: Cellular Transmit Started = TRUE
12/24/2016  2:29:02.250 __WiFiManagerCellularTransmitCallback_block_invoke: Cellular Transmit Started = FALSE
12/24/2016  2:29:22.292 __WiFiManagerCellularTransmitCallback_block_invoke: Cellular Transmit Started = TRUE
12/24/2016  2:29:23.245 WoW is Disabled, 0 WoW Clients
12/24/2016  2:29:58.361 __WiFiManagerCellularTransmitCallback_block_invoke: Cellular Transmit Started = FALSE
12/24/2016  2:30:02.806 __WiFiManagerCellularTransmitCallback_block_invoke: Cellular Transmit Started = TRUE
12/24/2016  2:30:08.209 WiFiLocaleManagerCheckLocale: trying to determine locale...
12/24/2016  2:30:08.209 WiFiManagerCoreLocationGetCachedLocation: getting cached location...
12/24/2016  2:30:08.222 __WiFiLocaleManagerGetLocaleFromMcc: finding iso country code for mcc 226 ....
12/24/2016  2:30:08.222 WiFiLocationServiceManagerIsLocationValid: cachedLocationTimeout 120.000000 location age 324.824145secs, lifeSpan -1.000000 accuracy 65.000000(highAccReq 0), isValid 1
12/24/2016  2:30:08.222 WiFiLocationServiceManagerStartLowAccuracyMonitoring: Cached low accuracy location is valid
12/24/2016  2:30:08.222 WiFiLocationServiceManagerIsLocationValid: cachedLocationTimeout 120.000000 location age 324.824279secs, lifeSpan -1.000000 accuracy 65.000000(highAccReq 1), isValid 1
12/24/2016  2:30:08.222 WiFiLocationServiceManagerIsLocationValid: cachedLocationTimeout 120.000000 location age 324.824333secs, lifeSpan -1.000000 accuracy 65.000000(highAccReq 0), isValid 1
12/24/2016  2:30:08.222 __WiFiLocationServiceManagerProcessLocationAvailableEvent: isValidHighAccuracyLocation 1,  isValidLowAccuracyLocation 1
12/24/2016  2:30:08.222 __WiFiLocationServiceManagerProcessLocationAvailableEvent: give low accuracy callback
12/24/2016  2:30:08.223 __WiFiLocaleManagerGetLocaleFromLocation: <+45.92146491,+22.66961997> +/- 65.00m (speed -1.00 mps / course -1.00) @ 12/24/16, 2:24:43 AM Eastern European Standard Time
12/24/2016  2:30:08.223 locale from bounding box 
12/24/2016  2:30:08.223 new locale:  , locale: 
12/24/2016  2:30:08.223 Stopping Low Accuracy Location Monitoring
12/24/2016  2:30:08.223 CLMonitoring is already stopped
12/24/2016  2:30:08.223 Stopping Low Accuracy Location Monitoring
12/24/2016  2:30:08.223 CLMonitoring is already stopped
12/24/2016  2:30:08.223 __WiFiLocationServiceManagerEventCallback, got cb dict {
    eventType = 0;
    location = "<+45.92146491,+22.66961997> +/- 65.00m (speed -1.00 mps / course -1.00) @ 12/24/16, 2:24:43 AM Eastern European Standard Time";
}
12/24/2016  2:30:08.224 WiFiLocationServiceManagerIsLocationValid: cachedLocationTimeout 120.000000 location age 324.826280secs, lifeSpan -1.000000 accuracy 65.000000(highAccReq 1), isValid 1
12/24/2016  2:30:08.224 WiFiLocationServiceManagerIsLocationValid: cachedLocationTimeout 120.000000 location age 324.826333secs, lifeSpan -1.000000 accuracy 65.000000(highAccReq 0), isValid 1
12/24/2016  2:30:08.224 __WiFiLocationServiceManagerProcessLocationAvailableEvent: isValidHighAccuracyLocation 1,  isValidLowAccuracyLocation 1
12/24/2016  2:30:18.807 __WiFiManagerCellularTransmitCallback_block_invoke: Cellular Transmit Started = FALSE
12/24/2016  2:30:18.829 DeviceClient["WirelessRadioMan"] setCoexParameters["MWS_Blacklisted_Channels"] = <CFArray 0x14cf25790 [0x1a0950150]>{type = mutable-small, count = 2, values = (
	0 : <CFBasicHash 0x14cf6ebf0 [0x1a0950150]>{type = mutable dict, count = 1,
entries =>
	2 : <CFString 0x14cf259c0 [0x1a0950150]>{contents = "MWS_Channel_Number"} = <CFNumber 0xb0000000000000c3 [0x1a0950150]>{value = +12, type = kCFNumberSInt64Type}
}

	1 : <CFBasicHash 0x14cf33520 [0x1a0950150]>{type = mutable dict, count = 1,
entries =>
	2 : <CFString 0x14cf259c0 [0x1a0950150]>{contents = "MWS_Channel_Number"} = <CFNumber 0xb0000000000000d3 [0x1a0950150]>{value = +13, type = kCFNumberSInt64Type}
}

)}
12/24/2016  2:30:19.258 __WiFiManagerCellularTransmitCallback_block_invoke: Cellular Transmit Started = TRUE
12/24/2016  2:30:21.372 Low bw cellular data available, so WiFi would stay connected under low signal quality
12/24/2016  2:30:21.373 WiFiLQAMgrSetWiFiFallBackPref: LQAManager WiFiFallBackPreference enabled 
12/24/2016  2:30:21.386 Client itunesstored set type to background application
12/24/2016  2:30:21.388 __WiFiManagerSetEnableState: state TRUE, manager->enable.setting TRUE, manager->unlockedSinceBoot TRUE
12/24/2016  2:30:21.391 BG Application: Not Present, BG Daemon: Present. Daemons: assistantd mediaserverd itunesstored 
12/24/2016  2:30:21.391 Auto association attempt canceled because MIS is enabled. MIS client count: wifi=2 bt=0
12/24/2016  2:30:21.399 __WiFiManagerCellularTransmitCallback_block_invoke: Cellular Transmit Started = FALSE
12/24/2016  2:30:21.965 __WiFiManagerCellularTransmitCallback_block_invoke: Cellular Transmit Started = TRUE
12/24/2016  2:30:32.237 __WiFiDeviceProcessDumpLogsEvent: Dump logs event received, dumped wifid log buffer to file
