12/23/2016 19:54:44.568 WiFiLocaleManagerCheckLocale: trying to determine locale...
12/23/2016 19:54:44.568 WiFiManagerCoreLocationGetCachedLocation: getting cached location...
12/23/2016 19:54:44.588 __WiFiLocaleManagerGetLocaleFromMcc: finding iso country code for mcc 216 ....
12/23/2016 19:54:44.588 WiFiLocationServiceManagerIsLocationValid: cachedLocationTimeout 120.000000 location age 120.015251secs, lifeSpan -1.000000 accuracy 10.000000(highAccReq 0), isValid 1
12/23/2016 19:54:44.588 WiFiLocationServiceManagerStartLowAccuracyMonitoring: Cached low accuracy location is valid
12/23/2016 19:54:44.588 WiFiLocationServiceManagerIsLocationValid: cachedLocationTimeout 120.000000 location age 120.015390secs, lifeSpan -1.000000 accuracy 10.000000(highAccReq 1), isValid 1
12/23/2016 19:54:44.588 WiFiLocationServiceManagerIsLocationValid: cachedLocationTimeout 120.000000 location age 120.015444secs, lifeSpan -1.000000 accuracy 10.000000(highAccReq 0), isValid 1
12/23/2016 19:54:44.589 __WiFiLocationServiceManagerProcessLocationAvailableEvent: isValidHighAccuracyLocation 1,  isValidLowAccuracyLocation 1
12/23/2016 19:54:44.589 __WiFiLocationServiceManagerProcessLocationAvailableEvent: give low accuracy callback
12/23/2016 19:54:44.589 __WiFiLocaleManagerGetLocaleFromLocation: <+47.81448136,+17.29190966> +/- 10.00m (speed 28.95 mps / course 147.30) @ 12/23/16, 7:52:44 PM Central European Standard Time
12/23/2016 19:54:44.590 locale from bounding box 
12/23/2016 19:54:44.590 new locale:  , locale: 
12/23/2016 19:54:44.590 Stopping Low Accuracy Location Monitoring
12/23/2016 19:54:44.590 CLMonitoring is already stopped
12/23/2016 19:54:44.590 Stopping Low Accuracy Location Monitoring
12/23/2016 19:54:44.590 CLMonitoring is already stopped
12/23/2016 19:54:44.590 __WiFiLocationServiceManagerEventCallback, got cb dict {
    eventType = 0;
    location = "<+47.79191044,+17.32323585> +/- 10.00m (speed 25.07 mps / course 124.45) @ 12/23/16, 7:54:44 PM Central European Standard Time";
}
12/23/2016 19:54:44.590 WiFiLocationServiceManagerIsLocationValid: cachedLocationTimeout 120.000000 location age 0.019351secs, lifeSpan -1.000000 accuracy 10.000000(highAccReq 1), isValid 1
12/23/2016 19:54:44.590 WiFiLocationServiceManagerIsLocationValid: cachedLocationTimeout 120.000000 location age 0.019407secs, lifeSpan -1.000000 accuracy 10.000000(highAccReq 0), isValid 1
12/23/2016 19:54:44.591 __WiFiLocationServiceManagerProcessLocationAvailableEvent: isValidHighAccuracyLocation 1,  isValidLowAccuracyLocation 1
12/23/2016 19:54:45.856 __WiFiManagerCellularTransmitCallback_block_invoke: Cellular Transmit Started = FALSE
12/23/2016 19:54:46.390 __WiFiManagerCellularTransmitCallback_block_invoke: Cellular Transmit Started = TRUE
12/23/2016 19:55:00.806 __WiFiManagerCellularTransmitCallback_block_invoke: Cellular Transmit Started = FALSE
12/23/2016 19:55:05.876 __WiFiManagerCellularTransmitCallback_block_invoke: Cellular Transmit Started = TRUE
12/23/2016 19:55:21.692 __WiFiManagerCellularTransmitCallback_block_invoke: Cellular Transmit Started = FALSE
12/23/2016 19:55:31.569 __WiFiManagerCellularTransmitCallback_block_invoke: Cellular Transmit Started = TRUE
12/23/2016 19:56:37.568 __WiFiManagerCellularTransmitCallback_block_invoke: Cellular Transmit Started = FALSE
12/23/2016 19:56:44.568 WiFiLocaleManagerCheckLocale: trying to determine locale...
12/23/2016 19:56:44.568 WiFiManagerCoreLocationGetCachedLocation: getting cached location...
12/23/2016 19:56:44.580 __WiFiLocaleManagerGetLocaleFromMcc: finding iso country code for mcc 216 ....
12/23/2016 19:56:44.580 WiFiLocationServiceManagerIsLocationValid: cachedLocationTimeout 120.000000 location age 120.009086secs, lifeSpan -1.000000 accuracy 10.000000(highAccReq 0), isValid 1
12/23/2016 19:56:44.580 WiFiLocationServiceManagerStartLowAccuracyMonitoring: Cached low accuracy location is valid
12/23/2016 19:56:44.580 WiFiLocationServiceManagerIsLocationValid: cachedLocationTimeout 120.000000 location age 120.009219secs, lifeSpan -1.000000 accuracy 10.000000(highAccReq 1), isValid 1
12/23/2016 19:56:44.580 WiFiLocationServiceManagerIsLocationValid: cachedLocationTimeout 120.000000 location age 120.009271secs, lifeSpan -1.000000 accuracy 10.000000(highAccReq 0), isValid 1
12/23/2016 19:56:44.580 __WiFiLocationServiceManagerProcessLocationAvailableEvent: isValidHighAccuracyLocation 1,  isValidLowAccuracyLocation 1
12/23/2016 19:56:44.580 __WiFiLocationServiceManagerProcessLocationAvailableEvent: give low accuracy callback
12/23/2016 19:56:44.581 __WiFiLocaleManagerGetLocaleFromLocation: <+47.79191044,+17.32323585> +/- 10.00m (speed 25.07 mps / course 124.45) @ 12/23/16, 7:54:44 PM Central European Standard Time
12/23/2016 19:56:44.581 locale from bounding box 
12/23/2016 19:56:44.581 new locale:  , locale: 
12/23/2016 19:56:44.581 Stopping Low Accuracy Location Monitoring
12/23/2016 19:56:44.582 CLMonitoring is already stopped
12/23/2016 19:56:44.582 Stopping Low Accuracy Location Monitoring
12/23/2016 19:56:44.582 CLMonitoring is already stopped
12/23/2016 19:56:44.582 __WiFiLocationServiceManagerEventCallback, got cb dict {
    eventType = 0;
    location = "<+47.77490968,+17.36336522> +/- 10.00m (speed 32.03 mps / course 121.29) @ 12/23/16, 7:56:44 PM Central European Standard Time";
}
12/23/2016 19:56:44.582 WiFiLocationServiceManagerIsLocationValid: cachedLocationTimeout 120.000000 location age 0.011303secs, lifeSpan -1.000000 accuracy 10.000000(highAccReq 1), isValid 1
12/23/2016 19:56:44.582 WiFiLocationServiceManagerIsLocationValid: cachedLocationTimeout 120.000000 location age 0.011358secs, lifeSpan -1.000000 accuracy 10.000000(highAccReq 0), isValid 1
12/23/2016 19:56:44.582 __WiFiLocationServiceManagerProcessLocationAvailableEvent: isValidHighAccuracyLocation 1,  isValidLowAccuracyLocation 1
12/23/2016 19:56:49.188 __WiFiManagerCellularTransmitCallback_block_invoke: Cellular Transmit Started = TRUE
12/23/2016 19:56:53.659 __WiFiManagerCellularTransmitCallback_block_invoke: Cellular Transmit Started = FALSE
12/23/2016 19:56:58.279 __WiFiManagerCellularTransmitCallback_block_invoke: Cellular Transmit Started = TRUE
12/23/2016 19:56:58.879 __WiFiManagerCellularTransmitCallback_block_invoke: Cellular Transmit Started = FALSE
12/23/2016 19:57:00.367 __WiFiManagerCellularTransmitCallback_block_invoke: Cellular Transmit Started = TRUE
12/23/2016 19:57:10.262 __WiFiManagerCellularTransmitCallback_block_invoke: Cellular Transmit Started = FALSE
12/23/2016 19:57:11.664 __WiFiManagerCellularTransmitCallback_block_invoke: Cellular Transmit Started = TRUE
12/23/2016 19:57:36.496 __WiFiManagerCellularTransmitCallback_block_invoke: Cellular Transmit Started = FALSE
12/23/2016 19:57:36.748 __WiFiManagerCellularTransmitCallback_block_invoke: Cellular Transmit Started = TRUE
12/23/2016 19:57:37.586 __WiFiManagerCellularTransmitCallback_block_invoke: Cellular Transmit Started = FALSE
12/23/2016 19:57:42.919 __WiFiManagerCellularTransmitCallback_block_invoke: Cellular Transmit Started = TRUE
12/23/2016 19:57:43.804 __WiFiManagerCellularTransmitCallback_block_invoke: Cellular Transmit Started = FALSE
12/23/2016 19:57:44.950 __WiFiManagerCellularTransmitCallback_block_invoke: Cellular Transmit Started = TRUE
12/23/2016 19:57:49.387 WoW is Disabled, 0 WoW Clients
12/23/2016 19:58:01.174 __WiFiManagerCellularTransmitCallback_block_invoke: Cellular Transmit Started = FALSE
12/23/2016 19:58:01.358 __WiFiManagerCellularTransmitCallback_block_invoke: Cellular Transmit Started = TRUE
12/23/2016 19:58:02.021 __WiFiManagerCellularTransmitCallback_block_invoke: Cellular Transmit Started = FALSE
12/23/2016 19:58:04.589 __WiFiManagerCellularTransmitCallback_block_invoke: Cellular Transmit Started = TRUE
12/23/2016 19:58:06.132 __WiFiManagerCellularTransmitCallback_block_invoke: Cellular Transmit Started = FALSE
12/23/2016 19:58:07.344 __WiFiManagerCellularTransmitCallback_block_invoke: Cellular Transmit Started = TRUE
12/23/2016 19:58:36.966 IPv4 Primary interface is (null) and IPv6 Primary Interface is (null)
12/23/2016 19:58:36.970 Client apsd set type to background application
12/23/2016 19:58:36.970 __WiFiManagerSetEnableState: state TRUE, manager->enable.setting TRUE, manager->unlockedSinceBoot TRUE
12/23/2016 19:58:36.972 BG Application: Not Present, BG Daemon: Present. Daemons: assistantd mediaserverd apsd 
12/23/2016 19:58:36.972 Auto association attempt canceled because MIS is enabled. MIS client count: wifi=4 bt=0
12/23/2016 19:58:36.972 Enable WoW requested by "apsd"
12/23/2016 19:58:36.972 WoW Capable = YES, Attempting to enable WoW and disable LPAS 
12/23/2016 19:58:36.973 Setting WoW params to <CFBasicHash 0x14cd81cb0 [0x1a0950150]>{type = immutable dict, count = 3,
entries =>
	0 : <CFString 0x100175960 [0x1a0950150]>{contents = "IO80211InterfaceEnableLowPwrAssocMode"} = <CFBoolean 0x1a09506d8 [0x1a0950150]>{value = false}
	1 : <CFString 0x100175940 [0x1a0950150]>{contents = "IO80211InterfaceEnableWoW"} = <CFBoolean 0x1a09506c8 [0x1a0950150]>{value = true}
	2 : <CFString 0x100185ae0 [0x1a0950150]>{contents = "IO80211InterfaceEnableWoWOnCaptive"} = <CFBoolean 0x1a09506d8 [0x1a0950150]>{value = false}
}

12/23/2016 19:58:36.977 WiFiDeviceRequestAssociatedSleep: ActiveDuringSleepRequested is already removed ((null)).
12/23/2016 19:58:36.977 WoW Enabled by 1 Clients, lpas is Disabled, WoW Override is Disabled, Captive Disabled
12/23/2016 19:58:36.977 Unable to dispatch WowStateChanged message to client MobileMail (268435460)
12/23/2016 19:58:36.978 Unable to dispatch WowStateChanged message to client dataaccessd (268435460)
12/23/2016 19:58:36.978 Unable to dispatch WowStateChanged message to client itunesstored (268435460)
12/23/2016 19:58:36.978 Unable to dispatch WowStateChanged message to client mediaserverd (268435460)
12/23/2016 19:58:36.990 MIS is already Enabled on ap1
12/23/2016 19:58:36.992 MIS is already Enabled on ap1
12/23/2016 19:58:36.993 apsd[273] is a wow client
12/23/2016 19:58:36.993 WoW is Enabled, 1 WoW Clients
12/23/2016 19:58:36.993 apsd[273] is a wow client
12/23/2016 19:58:36.993 WoW is Enabled, 1 WoW Clients
12/23/2016 19:58:36.994 MIS Discovery is Disabled
12/23/2016 19:58:36.994 apsd[273] is a wow client
12/23/2016 19:58:36.994 WoW is Enabled, 1 WoW Clients
12/23/2016 19:58:37.005 Client MobileMail set type to background application
12/23/2016 19:58:37.005 __WiFiManagerSetEnableState: state TRUE, manager->enable.setting TRUE, manager->unlockedSinceBoot TRUE
12/23/2016 19:58:37.006 BG Application: Not Present, BG Daemon: Present. Daemons: MobileMail assistantd mediaserverd apsd 
12/23/2016 19:58:37.006 Auto association attempt canceled because MIS is enabled. MIS client count: wifi=4 bt=0
12/23/2016 19:58:37.280 __WiFiManagerCellularTransmitCallback_block_invoke: Cellular Transmit Started = FALSE
12/23/2016 19:58:40.502 __WiFiManagerCellularTransmitCallback_block_invoke: Cellular Transmit Started = TRUE
12/23/2016 19:58:42.747 IPv4 Primary interface is pdp_ip0 and IPv6 Primary Interface is (null)
12/23/2016 19:58:42.756 MIS is already Enabled on ap1
12/23/2016 19:58:42.757 MIS Discovery is Disabled
12/23/2016 19:58:44.568 WiFiLocaleManagerCheckLocale: trying to determine locale...
12/23/2016 19:58:44.568 WiFiManagerCoreLocationGetCachedLocation: getting cached location...
12/23/2016 19:58:44.569 __WiFiLocaleManagerGetLocaleFromMcc: finding iso country code for mcc 216 ....
12/23/2016 19:58:44.569 WiFiLocationServiceManagerIsLocationValid: cachedLocationTimeout 120.000000 location age 119.998174secs, lifeSpan -1.000000 accuracy 10.000000(highAccReq 0), isValid 1
12/23/2016 19:58:44.569 WiFiLocationServiceManagerStartLowAccuracyMonitoring: Cached low accuracy location is valid
12/23/2016 19:58:44.569 WiFiLocationServiceManagerIsLocationValid: cachedLocationTimeout 120.000000 location age 119.998299secs, lifeSpan -1.000000 accuracy 10.000000(highAccReq 1), isValid 1
12/23/2016 19:58:44.569 WiFiLocationServiceManagerIsLocationValid: cachedLocationTimeout 120.000000 location age 119.998350secs, lifeSpan -1.000000 accuracy 10.000000(highAccReq 0), isValid 1
12/23/2016 19:58:44.569 __WiFiLocationServiceManagerProcessLocationAvailableEvent: isValidHighAccuracyLocation 1,  isValidLowAccuracyLocation 1
12/23/2016 19:58:44.569 __WiFiLocationServiceManagerProcessLocationAvailableEvent: give low accuracy callback
12/23/2016 19:58:44.570 __WiFiLocaleManagerGetLocaleFromLocation: <+47.77490968,+17.36336522> +/- 10.00m (speed 32.03 mps / course 121.29) @ 12/23/16, 7:56:44 PM Central European Standard Time
12/23/2016 19:58:44.570 locale from bounding box 
12/23/2016 19:58:44.570 new locale:  , locale: 
12/23/2016 19:58:44.571 Stopping Low Accuracy Location Monitoring
12/23/2016 19:58:44.571 CLMonitoring is already stopped
12/23/2016 19:58:44.571 Stopping Low Accuracy Location Monitoring
12/23/2016 19:58:44.571 CLMonitoring is already stopped
12/23/2016 19:58:44.571 __WiFiLocationServiceManagerEventCallback, got cb dict {
    eventType = 0;
    location = "<+47.76023238,+17.39843762> +/- 10.00m (speed 22.51 mps / course 123.75) @ 12/23/16, 7:58:44 PM Central European Standard Time";
}
12/23/2016 19:58:44.572 WiFiLocationServiceManagerIsLocationValid: cachedLocationTimeout 120.000000 location age 0.001567secs, lifeSpan -1.000000 accuracy 10.000000(highAccReq 1), isValid 1
12/23/2016 19:58:44.572 WiFiLocationServiceManagerIsLocationValid: cachedLocationTimeout 120.000000 location age 0.001623secs, lifeSpan -1.000000 accuracy 10.000000(highAccReq 0), isValid 1
12/23/2016 19:58:44.572 __WiFiLocationServiceManagerProcessLocationAvailableEvent: isValidHighAccuracyLocation 1,  isValidLowAccuracyLocation 1
12/23/2016 19:58:54.219 __WiFiManagerCellularTransmitCallback_block_invoke: Cellular Transmit Started = FALSE
12/23/2016 19:58:54.388 __WiFiManagerCellularTransmitCallback_block_invoke: Cellular Transmit Started = TRUE
12/23/2016 19:58:55.116 __WiFiManagerCellularTransmitCallback_block_invoke: Cellular Transmit Started = FALSE
12/23/2016 19:58:56.063 __WiFiManagerCellularTransmitCallback_block_invoke: Cellular Transmit Started = TRUE
12/23/2016 19:59:31.682 __WiFiDeviceProcessDumpLogsEvent: Dump logs event received, dumped wifid log buffer to file
