 1/12/2017  2:58:49.803 Power stats update: Type 0x6 UnassociatedSleepDur 0 AssociatedSleepDur 1448901 TotalDur 1462709 RoamDur 0
 1/12/2017  2:58:49.803 WiFiAWDManagerSubmitMetric: metric container could not be generated for metric id <0x90010>
 1/12/2017  2:58:49.803 __WiFiLQAMgrLogStats: Rssi: -61 Cca: 5 TxPer: 0.0% (0) BcnPer: 0.0% (0) RxFrms 0 TxRate: 0 RxRate: 0
 1/12/2017  2:58:49.810 __WiFiDeviceCopyLinkChangedSubReasonString: Apple80211ReturnToString failed 1
 1/12/2017  2:58:49.810 __WiFiDeviceProcessDriverAvailableEvent: driver availability true, reason Initializing(0xe0821803), subreason (null)(0x0)
 1/12/2017  2:58:49.810 __WiFiManagerDispatchDeviceAvailable: driver availability true

 1/12/2017  2:58:49.811 Unable to dispatch message to client MessagesViewServ (268435460)
 1/12/2017  2:58:49.812 __WiFiDeviceManagerAutoAssociate: Already connected to DIGI-146A.
 1/12/2017  2:58:49.812 WiFiAWDManagerSubmitMetric: metric container could not be generated for metric id <0x9000e>
 1/12/2017  2:58:49.826 __WiFiDeviceManagerAwdlAvailableCallback: AWDL availability changed to TRUE
 1/12/2017  2:58:49.826 __WiFiDeviceManagerAutoAssociate: Already connected to DIGI-146A.
 1/12/2017  2:58:49.828 No Change in Background Scan Networks, Skip Re-Programming Background Scan

 1/12/2017  2:58:49.886 __WiFiManagerCellularTransmitCallback_block_invoke: Cellular Transmit Started = FALSE
 1/12/2017  2:58:50.354 __WiFiManagerCellularTransmitCallback_block_invoke: Cellular Transmit Started = TRUE
 1/12/2017  2:58:50.357 Disable WoW requested by "apsd"
 1/12/2017  2:58:50.366 WoW Capable = YES, Attempting to disable WoW and enable LPAS 
 1/12/2017  2:58:50.366 Setting WoW params to <CFBasicHash 0x14cf30d20 [0x1a0950150]>{type = immutable dict, count = 3,
entries =>
	0 : <CFString 0x100175960 [0x1a0950150]>{contents = "IO80211InterfaceEnableLowPwrAssocMode"} = <CFBoolean 0x1a09506c8 [0x1a0950150]>{value = true}
	1 : <CFString 0x100175940 [0x1a0950150]>{contents = "IO80211InterfaceEnableWoW"} = <CFBoolean 0x1a09506d8 [0x1a0950150]>{value = false}
	2 : <CFString 0x100185ae0 [0x1a0950150]>{contents = "IO80211InterfaceEnableWoWOnCaptive"} = <CFBoolean 0x1a09506d8 [0x1a0950150]>{value = false}
}

 1/12/2017  2:58:50.374 WiFiDeviceRequestAssociatedSleep: ActiveDuringSleepRequested is already set (<CFBasicHash 0x14cd73490 [0x1a0950150]>{type = immutable dict, count = 0,
entries =>
}
).
 1/12/2017  2:58:50.376 WoW Disabled, 0 WoW Clients, lpas is Enabled, WoW Override is Disabled, Captive Disabled
 1/12/2017  2:58:50.376 Unable to dispatch WowStateChanged message to client dataaccessd (268435460)
 1/12/2017  2:58:50.377 Unable to dispatch WowStateChanged message to client itunesstored (268435460)
 1/12/2017  2:58:50.378 Unable to dispatch WowStateChanged message to client mediaserverd (268435460)
 1/12/2017  2:58:50.378 Unable to dispatch WowStateChanged message to client MobileMail (268435460)
 1/12/2017  2:58:50.379 Unable to dispatch WowStateChanged message to client profiled (268435460)
 1/12/2017  2:58:50.380 Unable to dispatch WowStateChanged message to client MessagesViewServ (268435460)
 1/12/2017  2:58:50.381 Unable to dispatch WowStateChanged message to client assistantd (268435460)
 1/12/2017  2:58:50.385 WoW is Disabled, 0 WoW Clients
 1/12/2017  2:58:50.386 WoW is Disabled, 0 WoW Clients
 1/12/2017  2:58:50.386 WoW is Disabled, 0 WoW Clients
 1/12/2017  2:58:50.529 WoW is Disabled, 0 WoW Clients
 1/12/2017  2:58:54.978 Client apsd set type to normal application
 1/12/2017  2:58:54.978 __WiFiManagerSetEnableState: state TRUE, manager->enable.setting TRUE, manager->unlockedSinceBoot TRUE
 1/12/2017  2:58:54.978 BG Application: Not Present, BG Daemon: Present. Daemons: mediaserverd 
 1/12/2017  2:58:55.327 __WiFiManagerCellularTransmitCallback_block_invoke: Cellular Transmit Started = FALSE
 1/12/2017  2:59:00.499 Received kIOMessageSystemWillSleep
 1/12/2017  2:59:00.499 System Sleep notification, Disabling auto-join
 1/12/2017  2:59:00.499 __WiFiManagerSetEnableState: state FALSE, manager->enable.setting TRUE, manager->unlockedSinceBoot TRUE
 1/12/2017  2:59:00.499 Disabling automatic association
 1/12/2017  2:59:00.542 WoW is Disabled, 0 WoW Clients
 1/12/2017  2:59:00.636 __WiFiDeviceCopyLinkChangedSubReasonString: Apple80211ReturnToString failed 1
 1/12/2017  2:59:00.636 __WiFiDeviceProcessDriverAvailableEvent: driver availability false, reason PowerOff(0xe0821804), subreason (null)(0x0)
 1/12/2017  2:59:00.636 __WiFiManagerDispatchDeviceAvailable: driver availability false

 1/12/2017  2:59:00.637 Unable to dispatch message to client MessagesViewServ (268435460)
 1/12/2017  2:59:00.637 WiFiAWDManagerSubmitMetric: metric container could not be generated for metric id <0x9000e>
 1/12/2017  2:59:00.650 __WiFiDeviceManagerAwdlAvailableCallback: AWDL availability changed to FALSE
 1/12/2017  2:59:00.656 WoW is Disabled, 0 WoW Clients
 1/12/2017  3:04:01.656 Received kIOMessageSystemWillPowerOn
 1/12/2017  3:04:01.736 System wake reason: AOP.ExternalReq wlan
 1/12/2017  3:04:01.736 System Powered ON notification Re-enabling auto-join
 1/12/2017  3:04:01.736 __WiFiManagerSetEnableState: state TRUE, manager->enable.setting TRUE, manager->unlockedSinceBoot TRUE
 1/12/2017  3:04:01.736 Enabling automatic association
 1/12/2017  3:04:01.737 __WiFiDeviceManagerAutoAssociate: Already connected to DIGI-146A.
 1/12/2017  3:04:01.737 WiFiLocaleManagerCheckLocale: location service or wifi is off, set locale to default
 1/12/2017  3:04:01.737 new locale:  , locale: 
 1/12/2017  3:04:01.739 __WiFiDeviceProcessDumpLogsEvent: Dump logs event received, dumped wifid log buffer to file
