12/24/2016  1:35:42.326 __WiFiManagerCellularTransmitCallback_block_invoke: Cellular Transmit Started = TRUE
12/24/2016  1:35:54.049 __WiFiManagerCellularTransmitCallback_block_invoke: Cellular Transmit Started = FALSE
12/24/2016  1:36:08.222 WiFiLocaleManagerCheckLocale: trying to determine locale...
12/24/2016  1:36:08.223 WiFiManagerCoreLocationGetCachedLocation: getting cached location...
12/24/2016  1:36:08.245 __WiFiLocaleManagerGetLocaleFromMcc: finding iso country code for mcc 226 ....
12/24/2016  1:36:08.245 WiFiLocationServiceManagerIsLocationValid: cachedLocationTimeout 120.000000 location age 367.245755secs, lifeSpan -1.000000 accuracy 5.000000(highAccReq 0), isValid 1
12/24/2016  1:36:08.246 WiFiLocationServiceManagerStartLowAccuracyMonitoring: Cached low accuracy location is valid
12/24/2016  1:36:08.246 WiFiLocationServiceManagerIsLocationValid: cachedLocationTimeout 120.000000 location age 367.245895secs, lifeSpan -1.000000 accuracy 5.000000(highAccReq 1), isValid 1
12/24/2016  1:36:08.246 WiFiLocationServiceManagerIsLocationValid: cachedLocationTimeout 120.000000 location age 367.245950secs, lifeSpan -1.000000 accuracy 5.000000(highAccReq 0), isValid 1
12/24/2016  1:36:08.246 __WiFiLocationServiceManagerProcessLocationAvailableEvent: isValidHighAccuracyLocation 1,  isValidLowAccuracyLocation 1
12/24/2016  1:36:08.246 __WiFiLocationServiceManagerProcessLocationAvailableEvent: give low accuracy callback
12/24/2016  1:36:08.247 __WiFiLocaleManagerGetLocaleFromLocation: <+45.82155107,+22.10762467> +/- 5.00m (speed 18.84 mps / course 48.87) @ 12/24/16, 1:30:01 AM Eastern European Standard Time
12/24/2016  1:36:08.247 locale from bounding box 
12/24/2016  1:36:08.247 new locale:  , locale: 
12/24/2016  1:36:08.247 Stopping Low Accuracy Location Monitoring
12/24/2016  1:36:08.247 CLMonitoring is already stopped
12/24/2016  1:36:08.247 Stopping Low Accuracy Location Monitoring
12/24/2016  1:36:08.247 CLMonitoring is already stopped
12/24/2016  1:36:08.247 __WiFiLocationServiceManagerEventCallback, got cb dict {
    eventType = 0;
    location = "<+45.82155107,+22.10762467> +/- 5.00m (speed 18.84 mps / course 48.87) @ 12/24/16, 1:30:01 AM Eastern European Standard Time";
}
12/24/2016  1:36:08.248 WiFiLocationServiceManagerIsLocationValid: cachedLocationTimeout 120.000000 location age 367.247971secs, lifeSpan -1.000000 accuracy 5.000000(highAccReq 1), isValid 1
12/24/2016  1:36:08.248 WiFiLocationServiceManagerIsLocationValid: cachedLocationTimeout 120.000000 location age 367.248026secs, lifeSpan -1.000000 accuracy 5.000000(highAccReq 0), isValid 1
12/24/2016  1:36:08.248 __WiFiLocationServiceManagerProcessLocationAvailableEvent: isValidHighAccuracyLocation 1,  isValidLowAccuracyLocation 1
12/24/2016  1:36:11.626 __WiFiManagerCellularTransmitCallback_block_invoke: Cellular Transmit Started = TRUE
12/24/2016  1:38:08.220 WiFiLocaleManagerCheckLocale: trying to determine locale...
12/24/2016  1:38:08.220 WiFiManagerCoreLocationGetCachedLocation: getting cached location...
12/24/2016  1:38:08.232 __WiFiLocaleManagerGetLocaleFromMcc: finding iso country code for mcc 226 ....
12/24/2016  1:38:08.232 WiFiLocationServiceManagerIsLocationValid: cachedLocationTimeout 120.000000 location age 487.232590secs, lifeSpan -1.000000 accuracy 5.000000(highAccReq 0), isValid 1
12/24/2016  1:38:08.232 WiFiLocationServiceManagerStartLowAccuracyMonitoring: Cached low accuracy location is valid
12/24/2016  1:38:08.232 WiFiLocationServiceManagerIsLocationValid: cachedLocationTimeout 120.000000 location age 487.232727secs, lifeSpan -1.000000 accuracy 5.000000(highAccReq 1), isValid 1
12/24/2016  1:38:08.232 WiFiLocationServiceManagerIsLocationValid: cachedLocationTimeout 120.000000 location age 487.232781secs, lifeSpan -1.000000 accuracy 5.000000(highAccReq 0), isValid 1
12/24/2016  1:38:08.232 __WiFiLocationServiceManagerProcessLocationAvailableEvent: isValidHighAccuracyLocation 1,  isValidLowAccuracyLocation 1
12/24/2016  1:38:08.233 __WiFiLocationServiceManagerProcessLocationAvailableEvent: give low accuracy callback
12/24/2016  1:38:08.233 __WiFiLocaleManagerGetLocaleFromLocation: <+45.82155107,+22.10762467> +/- 5.00m (speed 18.84 mps / course 48.87) @ 12/24/16, 1:30:01 AM Eastern European Standard Time
12/24/2016  1:38:08.234 locale from bounding box 
12/24/2016  1:38:08.234 new locale:  , locale: 
12/24/2016  1:38:08.234 Stopping Low Accuracy Location Monitoring
12/24/2016  1:38:08.234 CLMonitoring is already stopped
12/24/2016  1:38:08.234 Stopping Low Accuracy Location Monitoring
12/24/2016  1:38:08.234 CLMonitoring is already stopped
12/24/2016  1:38:08.234 __WiFiLocationServiceManagerEventCallback, got cb dict {
    eventType = 0;
    location = "<+45.82155107,+22.10762467> +/- 5.00m (speed 18.84 mps / course 48.87) @ 12/24/16, 1:30:01 AM Eastern European Standard Time";
}
12/24/2016  1:38:08.234 WiFiLocationServiceManagerIsLocationValid: cachedLocationTimeout 120.000000 location age 487.234724secs, lifeSpan -1.000000 accuracy 5.000000(highAccReq 1), isValid 1
12/24/2016  1:38:08.234 WiFiLocationServiceManagerIsLocationValid: cachedLocationTimeout 120.000000 location age 487.234777secs, lifeSpan -1.000000 accuracy 5.000000(highAccReq 0), isValid 1
12/24/2016  1:38:08.234 __WiFiLocationServiceManagerProcessLocationAvailableEvent: isValidHighAccuracyLocation 1,  isValidLowAccuracyLocation 1
12/24/2016  1:38:18.316 WoW is Disabled, 0 WoW Clients
12/24/2016  1:39:03.930 __WiFiManagerCellularTransmitCallback_block_invoke: Cellular Transmit Started = FALSE
12/24/2016  1:40:08.222 WiFiLocaleManagerCheckLocale: trying to determine locale...
12/24/2016  1:40:08.223 WiFiManagerCoreLocationGetCachedLocation: getting cached location...
12/24/2016  1:40:08.235 __WiFiLocaleManagerGetLocaleFromMcc: finding iso country code for mcc 226 ....
12/24/2016  1:40:08.235 WiFiLocationServiceManagerIsLocationValid: cachedLocationTimeout 120.000000 location age 607.235140secs, lifeSpan -1.000000 accuracy 5.000000(highAccReq 0), isValid 1
12/24/2016  1:40:08.235 WiFiLocationServiceManagerStartLowAccuracyMonitoring: Cached low accuracy location is valid
12/24/2016  1:40:08.235 WiFiLocationServiceManagerIsLocationValid: cachedLocationTimeout 120.000000 location age 607.235279secs, lifeSpan -1.000000 accuracy 5.000000(highAccReq 1), isValid 1
12/24/2016  1:40:08.235 WiFiLocationServiceManagerIsLocationValid: cachedLocationTimeout 120.000000 location age 607.235333secs, lifeSpan -1.000000 accuracy 5.000000(highAccReq 0), isValid 1
12/24/2016  1:40:08.235 __WiFiLocationServiceManagerProcessLocationAvailableEvent: isValidHighAccuracyLocation 1,  isValidLowAccuracyLocation 1
12/24/2016  1:40:08.235 __WiFiLocationServiceManagerProcessLocationAvailableEvent: give low accuracy callback
12/24/2016  1:40:08.236 __WiFiLocaleManagerGetLocaleFromLocation: <+45.82155107,+22.10762467> +/- 5.00m (speed 18.84 mps / course 48.87) @ 12/24/16, 1:30:01 AM Eastern European Standard Time
12/24/2016  1:40:08.236 locale from bounding box 
12/24/2016  1:40:08.236 new locale:  , locale: 
12/24/2016  1:40:08.236 Stopping Low Accuracy Location Monitoring
12/24/2016  1:40:08.236 CLMonitoring is already stopped
12/24/2016  1:40:08.236 Stopping Low Accuracy Location Monitoring
12/24/2016  1:40:08.236 CLMonitoring is already stopped
12/24/2016  1:40:08.236 __WiFiLocationServiceManagerEventCallback, got cb dict {
    eventType = 0;
    location = "<+45.82155107,+22.10762467> +/- 5.00m (speed 18.84 mps / course 48.87) @ 12/24/16, 1:30:01 AM Eastern European Standard Time";
}
12/24/2016  1:40:08.237 WiFiLocationServiceManagerIsLocationValid: cachedLocationTimeout 120.000000 location age 607.237287secs, lifeSpan -1.000000 accuracy 5.000000(highAccReq 1), isValid 1
12/24/2016  1:40:08.237 WiFiLocationServiceManagerIsLocationValid: cachedLocationTimeout 120.000000 location age 607.237339secs, lifeSpan -1.000000 accuracy 5.000000(highAccReq 0), isValid 1
12/24/2016  1:40:08.237 __WiFiLocationServiceManagerProcessLocationAvailableEvent: isValidHighAccuracyLocation 1,  isValidLowAccuracyLocation 1
12/24/2016  1:40:09.933 __WiFiManagerCellularTransmitCallback_block_invoke: Cellular Transmit Started = TRUE
12/24/2016  1:40:25.581 __WiFiManagerCellularTransmitCallback_block_invoke: Cellular Transmit Started = FALSE
12/24/2016  1:40:32.219 __WiFiDeviceProcessDumpLogsEvent: Dump logs event received, dumped wifid log buffer to file
