12/19/2016 12:25:05.906 __WiFiManagerCellularTransmitCallback_block_invoke: Cellular Transmit Started = FALSE
12/19/2016 12:25:08.198 __WiFiManagerCellularTransmitCallback_block_invoke: Cellular Transmit Started = TRUE
12/19/2016 12:25:21.026 __WiFiManagerCellularTransmitCallback_block_invoke: Cellular Transmit Started = FALSE
12/19/2016 12:25:22.313 __WiFiManagerCellularTransmitCallback_block_invoke: Cellular Transmit Started = TRUE
12/19/2016 12:25:28.159 __WiFiManagerCellularTransmitCallback_block_invoke: Cellular Transmit Started = FALSE
12/19/2016 12:25:37.826 __WiFiManagerCellularTransmitCallback_block_invoke: Cellular Transmit Started = TRUE
12/19/2016 12:25:49.238 __WiFiManagerCellularTransmitCallback_block_invoke: Cellular Transmit Started = FALSE
12/19/2016 12:25:49.399 __WiFiManagerCellularTransmitCallback_block_invoke: Cellular Transmit Started = TRUE
12/19/2016 12:25:50.006 __WiFiManagerCellularTransmitCallback_block_invoke: Cellular Transmit Started = FALSE
12/19/2016 12:25:55.481 __WiFiManagerCellularTransmitCallback_block_invoke: Cellular Transmit Started = TRUE
12/19/2016 12:26:05.965 __WiFiManagerCellularTransmitCallback_block_invoke: Cellular Transmit Started = FALSE
12/19/2016 12:26:39.664 WoW is Disabled, 0 WoW Clients
12/19/2016 12:26:41.543 __WiFiManagerCellularTransmitCallback_block_invoke: Cellular Transmit Started = TRUE
12/19/2016 12:26:43.072 __WiFiManagerCellularTransmitCallback_block_invoke: Cellular Transmit Started = FALSE
12/19/2016 12:26:44.484 __WiFiManagerCellularTransmitCallback_block_invoke: Cellular Transmit Started = TRUE
12/19/2016 12:26:59.667 WiFiLocaleManagerCheckLocale: location service or wifi is off, set locale to default
12/19/2016 12:26:59.667 new locale:  , locale: 
12/19/2016 12:27:00.931 __WiFiManagerCellularTransmitCallback_block_invoke: Cellular Transmit Started = FALSE
12/19/2016 12:27:01.096 __WiFiManagerCellularTransmitCallback_block_invoke: Cellular Transmit Started = TRUE
12/19/2016 12:27:01.692 __WiFiManagerCellularTransmitCallback_block_invoke: Cellular Transmit Started = FALSE
12/19/2016 12:27:02.920 __WiFiManagerCellularTransmitCallback_block_invoke: Cellular Transmit Started = TRUE
12/19/2016 12:27:03.414 __WiFiManagerCellularTransmitCallback_block_invoke: Cellular Transmit Started = FALSE
12/19/2016 12:27:04.761 __WiFiManagerCellularTransmitCallback_block_invoke: Cellular Transmit Started = TRUE
12/19/2016 12:27:34.080 IPv4 Primary interface is (null) and IPv6 Primary Interface is (null)
12/19/2016 12:27:34.085 Client MobileMail set type to background application
12/19/2016 12:27:34.085 __WiFiManagerSetEnableState: state TRUE, manager->enable.setting TRUE, manager->unlockedSinceBoot TRUE
12/19/2016 12:27:34.089 BG Application: Not Present, BG Daemon: Present. Daemons: MobileMail mediaserverd 
12/19/2016 12:27:34.090 Auto association attempt canceled because MIS is enabled. MIS client count: wifi=3 bt=0
12/19/2016 12:27:34.112 MIS is already Enabled on ap1
12/19/2016 12:27:34.125 MIS is already Enabled on ap1
12/19/2016 12:27:34.126 MIS Discovery is Disabled
12/19/2016 12:27:40.356 IPv4 Primary interface is pdp_ip0 and IPv6 Primary Interface is (null)
12/19/2016 12:27:40.362 MIS is already Enabled on ap1
12/19/2016 12:27:40.364 MIS Discovery is Disabled
12/19/2016 12:27:45.812 __WiFiManagerCellularTransmitCallback_block_invoke: Cellular Transmit Started = FALSE
12/19/2016 12:27:46.039 __WiFiManagerCellularTransmitCallback_block_invoke: Cellular Transmit Started = TRUE
12/19/2016 12:27:46.727 __WiFiManagerCellularTransmitCallback_block_invoke: Cellular Transmit Started = FALSE
12/19/2016 12:27:50.896 __WiFiManagerCellularTransmitCallback_block_invoke: Cellular Transmit Started = TRUE
12/19/2016 12:27:56.715 __WiFiManagerCellularTransmitCallback_block_invoke: Cellular Transmit Started = FALSE
12/19/2016 12:28:19.870 __WiFiManagerCellularTransmitCallback_block_invoke: Cellular Transmit Started = TRUE
12/19/2016 12:28:19.895 __WiFiManagerCellularTransmitCallback_block_invoke: Cellular Transmit Started = FALSE
12/19/2016 12:28:19.902 __WiFiManagerCellularTransmitCallback_block_invoke: Cellular Transmit Started = FALSE
12/19/2016 12:28:20.244 __WiFiManagerCellularTransmitCallback_block_invoke: Cellular Transmit Started = TRUE
12/19/2016 12:28:20.281 __WiFiManagerCellularTransmitCallback_block_invoke: Cellular Transmit Started = FALSE
12/19/2016 12:28:20.285 __WiFiManagerCellularTransmitCallback_block_invoke: Cellular Transmit Started = FALSE
12/19/2016 12:28:20.615 __WiFiManagerCellularTransmitCallback_block_invoke: Cellular Transmit Started = TRUE
12/19/2016 12:28:20.656 __WiFiManagerCellularTransmitCallback_block_invoke: Cellular Transmit Started = FALSE
12/19/2016 12:28:20.964 __WiFiManagerCellularTransmitCallback_block_invoke: Cellular Transmit Started = TRUE
12/19/2016 12:28:21.006 __WiFiManagerCellularTransmitCallback_block_invoke: Cellular Transmit Started = FALSE
12/19/2016 12:28:21.474 __WiFiManagerCellularTransmitCallback_block_invoke: Cellular Transmit Started = TRUE
12/19/2016 12:28:21.504 __WiFiManagerCellularTransmitCallback_block_invoke: Cellular Transmit Started = FALSE
12/19/2016 12:28:21.510 __WiFiManagerCellularTransmitCallback_block_invoke: Cellular Transmit Started = FALSE
12/19/2016 12:28:21.967 __WiFiManagerCellularTransmitCallback_block_invoke: Cellular Transmit Started = TRUE
12/19/2016 12:28:22.009 __WiFiManagerCellularTransmitCallback_block_invoke: Cellular Transmit Started = FALSE
12/19/2016 12:28:22.015 __WiFiManagerCellularTransmitCallback_block_invoke: Cellular Transmit Started = FALSE
12/19/2016 12:28:22.186 IPv4 Primary interface is (null) and IPv6 Primary Interface is (null)
12/19/2016 12:28:22.195 Client apsd set type to background application
12/19/2016 12:28:22.195 __WiFiManagerSetEnableState: state TRUE, manager->enable.setting TRUE, manager->unlockedSinceBoot TRUE
12/19/2016 12:28:22.202 BG Application: Not Present, BG Daemon: Present. Daemons: MobileMail mediaserverd apsd 
12/19/2016 12:28:22.202 Auto association attempt canceled because MIS is enabled. MIS client count: wifi=3 bt=0
12/19/2016 12:28:22.202 Enable WoW requested by "apsd"
12/19/2016 12:28:22.202 WoW Capable = YES, Attempting to enable WoW and disable LPAS 
12/19/2016 12:28:22.203 Setting WoW params to <CFBasicHash 0x14cd2e500 [0x1a0950150]>{type = immutable dict, count = 3,
entries =>
	0 : <CFString 0x100175960 [0x1a0950150]>{contents = "IO80211InterfaceEnableLowPwrAssocMode"} = <CFBoolean 0x1a09506d8 [0x1a0950150]>{value = false}
	1 : <CFString 0x100175940 [0x1a0950150]>{contents = "IO80211InterfaceEnableWoW"} = <CFBoolean 0x1a09506c8 [0x1a0950150]>{value = true}
	2 : <CFString 0x100185ae0 [0x1a0950150]>{contents = "IO80211InterfaceEnableWoWOnCaptive"} = <CFBoolean 0x1a09506d8 [0x1a0950150]>{value = false}
}

12/19/2016 12:28:22.206 WiFiDeviceRequestAssociatedSleep: ActiveDuringSleepRequested is already removed ((null)).
12/19/2016 12:28:22.206 WoW Enabled by 1 Clients, lpas is Disabled, WoW Override is Disabled, Captive Disabled
12/19/2016 12:28:22.206 Unable to dispatch WowStateChanged message to client mediaserverd (268435460)
12/19/2016 12:28:22.207 Unable to dispatch WowStateChanged message to client itunesstored (268435460)
12/19/2016 12:28:22.207 Unable to dispatch WowStateChanged message to client dataaccessd (268435460)
12/19/2016 12:28:22.208 Unable to dispatch WowStateChanged message to client MobileMail (268435460)
12/19/2016 12:28:22.239 MIS is already Enabled on ap1
12/19/2016 12:28:22.239 __WiFiManagerCellularTransmitCallback_block_invoke: Cellular Transmit Started = TRUE
12/19/2016 12:28:22.241 apsd[273] is a wow client
12/19/2016 12:28:22.241 WoW is Enabled, 1 WoW Clients
12/19/2016 12:28:22.246 MIS is already Enabled on ap1
12/19/2016 12:28:22.246 apsd[273] is a wow client
12/19/2016 12:28:22.246 WoW is Enabled, 1 WoW Clients
12/19/2016 12:28:22.247 MIS Discovery is Disabled
12/19/2016 12:28:22.247 apsd[273] is a wow client
12/19/2016 12:28:22.247 WoW is Enabled, 1 WoW Clients
12/19/2016 12:28:25.320 MIS is already Enabled on ap1
12/19/2016 12:28:25.324 MIS Discovery is Disabled
12/19/2016 12:28:25.338 IPv4 Primary interface is pdp_ip0 and IPv6 Primary Interface is (null)
12/19/2016 12:28:59.667 WiFiLocaleManagerCheckLocale: location service or wifi is off, set locale to default
12/19/2016 12:28:59.667 new locale:  , locale: 
12/19/2016 12:29:08.844 __WiFiManagerCellularTransmitCallback_block_invoke: Cellular Transmit Started = FALSE
12/19/2016 12:29:20.647 __WiFiManagerCellularTransmitCallback_block_invoke: Cellular Transmit Started = TRUE
12/19/2016 12:29:25.291 Disable WoW requested by "apsd"
12/19/2016 12:29:25.291 WoW Capable = YES, Attempting to disable WoW and disable LPAS 
12/19/2016 12:29:25.292 Setting WoW params to <CFBasicHash 0x14cd2d520 [0x1a0950150]>{type = immutable dict, count = 3,
entries =>
	0 : <CFString 0x100175960 [0x1a0950150]>{contents = "IO80211InterfaceEnableLowPwrAssocMode"} = <CFBoolean 0x1a09506d8 [0x1a0950150]>{value = false}
	1 : <CFString 0x100175940 [0x1a0950150]>{contents = "IO80211InterfaceEnableWoW"} = <CFBoolean 0x1a09506d8 [0x1a0950150]>{value = false}
	2 : <CFString 0x100185ae0 [0x1a0950150]>{contents = "IO80211InterfaceEnableWoWOnCaptive"} = <CFBoolean 0x1a09506d8 [0x1a0950150]>{value = false}
}

12/19/2016 12:29:25.293 WiFiDeviceRequestAssociatedSleep: ActiveDuringSleepRequested is already removed ((null)).
12/19/2016 12:29:25.293 WoW Disabled, 0 WoW Clients, lpas is Disabled, WoW Override is Disabled, Captive Disabled
12/19/2016 12:29:25.293 Unable to dispatch WowStateChanged message to client mediaserverd (268435460)
12/19/2016 12:29:25.294 Unable to dispatch WowStateChanged message to client itunesstored (268435460)
12/19/2016 12:29:25.294 Unable to dispatch WowStateChanged message to client dataaccessd (268435460)
12/19/2016 12:29:25.295 Unable to dispatch WowStateChanged message to client MobileMail (268435460)
12/19/2016 12:29:25.295 WoW is Disabled, 0 WoW Clients
12/19/2016 12:29:25.296 WoW is Disabled, 0 WoW Clients
12/19/2016 12:29:25.299 WoW is Disabled, 0 WoW Clients
12/19/2016 12:29:29.966 __WiFiManagerCellularTransmitCallback_block_invoke: Cellular Transmit Started = FALSE
12/19/2016 12:29:30.256 __WiFiManagerCellularTransmitCallback_block_invoke: Cellular Transmit Started = TRUE
12/19/2016 12:29:30.295 Client apsd set type to normal application
12/19/2016 12:29:30.295 __WiFiManagerSetEnableState: state TRUE, manager->enable.setting TRUE, manager->unlockedSinceBoot TRUE
12/19/2016 12:29:30.296 BG Application: Not Present, BG Daemon: Present. Daemons: MobileMail mediaserverd 
12/19/2016 12:29:30.296 Client MobileMail set type to normal application
12/19/2016 12:29:30.296 __WiFiManagerSetEnableState: state TRUE, manager->enable.setting TRUE, manager->unlockedSinceBoot TRUE
12/19/2016 12:29:30.298 BG Application: Not Present, BG Daemon: Present. Daemons: mediaserverd 
12/19/2016 12:29:48.263 __WiFiManagerCellularTransmitCallback_block_invoke: Cellular Transmit Started = FALSE
12/19/2016 12:29:49.647 __WiFiManagerCellularTransmitCallback_block_invoke: Cellular Transmit Started = TRUE
12/19/2016 12:29:54.863 IPv4 Primary interface is (null) and IPv6 Primary Interface is (null)
12/19/2016 12:29:54.866 Client apsd set type to background application
12/19/2016 12:29:54.866 __WiFiManagerSetEnableState: state TRUE, manager->enable.setting TRUE, manager->unlockedSinceBoot TRUE
12/19/2016 12:29:54.869 BG Application: Not Present, BG Daemon: Present. Daemons: mediaserverd apsd 
12/19/2016 12:29:54.869 Auto association attempt canceled because MIS is enabled. MIS client count: wifi=3 bt=0
12/19/2016 12:29:54.869 Enable WoW requested by "apsd"
12/19/2016 12:29:54.870 WoW Capable = YES, Attempting to enable WoW and disable LPAS 
12/19/2016 12:29:54.870 Setting WoW params to <CFBasicHash 0x14cd301f0 [0x1a0950150]>{type = immutable dict, count = 3,
entries =>
	0 : <CFString 0x100175960 [0x1a0950150]>{contents = "IO80211InterfaceEnableLowPwrAssocMode"} = <CFBoolean 0x1a09506d8 [0x1a0950150]>{value = false}
	1 : <CFString 0x100175940 [0x1a0950150]>{contents = "IO80211InterfaceEnableWoW"} = <CFBoolean 0x1a09506c8 [0x1a0950150]>{value = true}
	2 : <CFString 0x100185ae0 [0x1a0950150]>{contents = "IO80211InterfaceEnableWoWOnCaptive"} = <CFBoolean 0x1a09506d8 [0x1a0950150]>{value = false}
}

12/19/2016 12:29:54.873 WiFiDeviceRequestAssociatedSleep: ActiveDuringSleepRequested is already removed ((null)).
12/19/2016 12:29:54.873 WoW Enabled by 1 Clients, lpas is Disabled, WoW Override is Disabled, Captive Disabled
12/19/2016 12:29:54.873 Unable to dispatch WowStateChanged message to client mediaserverd (268435460)
12/19/2016 12:29:54.873 Unable to dispatch WowStateChanged message to client itunesstored (268435460)
12/19/2016 12:29:54.874 Unable to dispatch WowStateChanged message to client dataaccessd (268435460)
12/19/2016 12:29:54.874 Unable to dispatch WowStateChanged message to client MobileMail (268435460)
12/19/2016 12:29:54.875 Client MobileMail set type to background application
12/19/2016 12:29:54.875 __WiFiManagerSetEnableState: state TRUE, manager->enable.setting TRUE, manager->unlockedSinceBoot TRUE
12/19/2016 12:29:54.880 BG Application: Not Present, BG Daemon: Present. Daemons: MobileMail mediaserverd apsd 
12/19/2016 12:29:54.880 Auto association attempt canceled because MIS is enabled. MIS client count: wifi=3 bt=0
12/19/2016 12:29:54.900 MIS is already Enabled on ap1
12/19/2016 12:29:54.900 apsd[273] is a wow client
12/19/2016 12:29:54.900 WoW is Enabled, 1 WoW Clients
12/19/2016 12:29:54.903 MIS is already Enabled on ap1
12/19/2016 12:29:54.904 apsd[273] is a wow client
12/19/2016 12:29:54.904 WoW is Enabled, 1 WoW Clients
12/19/2016 12:29:54.905 apsd[273] is a wow client
12/19/2016 12:29:54.905 WoW is Enabled, 1 WoW Clients
12/19/2016 12:29:54.906 MIS Discovery is Disabled
12/19/2016 12:30:00.548 __WiFiDeviceProcessDumpLogsEvent: Dump logs event received, dumped wifid log buffer to file
