12/26/2016 18:05:00.603 Power stats update: Type 0x6 UnassociatedSleepDur 0 AssociatedSleepDur 1080802 TotalDur 1093473 RoamDur 4047
12/26/2016 18:05:00.603 WiFiAWDManagerSubmitMetric: metric container could not be generated for metric id <0x90010>
12/26/2016 18:05:00.603 __WiFiLQAMgrLogStats: Rssi: -71 Cca: 7 TxPer: 0.0% (0) BcnPer: 0.0% (0) RxFrms 0 TxRate: 0 RxRate: 0
12/26/2016 18:05:00.606 __WiFiDeviceManagerAwdlAvailableCallback: AWDL availability changed to TRUE
12/26/2016 18:05:00.607 __WiFiDeviceCopyLinkChangedSubReasonString: Apple80211ReturnToString failed 1
12/26/2016 18:05:00.607 __WiFiDeviceProcessDriverAvailableEvent: driver availability true, reason Initializing(0xe0821803), subreason (null)(0x0)
12/26/2016 18:05:00.607 __WiFiManagerDispatchDeviceAvailable: driver availability true

12/26/2016 18:05:00.843 __WiFiDeviceManagerAutoAssociate: Already connected to DIGI-146A.
12/26/2016 18:05:00.843 WiFiAWDManagerSubmitMetric: metric container could not be generated for metric id <0x9000e>
12/26/2016 18:05:00.851 __WiFiDeviceManagerAutoAssociate: Already connected to DIGI-146A.
12/26/2016 18:05:00.854 No Change in Background Scan Networks, Skip Re-Programming Background Scan

12/26/2016 18:05:00.923 Disable WoW requested by "apsd"
12/26/2016 18:05:00.923 WoW Capable = YES, Attempting to disable WoW and enable LPAS 
12/26/2016 18:05:00.924 Setting WoW params to <CFBasicHash 0x14cd6a610 [0x1a0950150]>{type = immutable dict, count = 3,
entries =>
	0 : <CFString 0x100175960 [0x1a0950150]>{contents = "IO80211InterfaceEnableLowPwrAssocMode"} = <CFBoolean 0x1a09506c8 [0x1a0950150]>{value = true}
	1 : <CFString 0x100175940 [0x1a0950150]>{contents = "IO80211InterfaceEnableWoW"} = <CFBoolean 0x1a09506d8 [0x1a0950150]>{value = false}
	2 : <CFString 0x100185ae0 [0x1a0950150]>{contents = "IO80211InterfaceEnableWoWOnCaptive"} = <CFBoolean 0x1a09506d8 [0x1a0950150]>{value = false}
}

12/26/2016 18:05:00.925 WiFiDeviceRequestAssociatedSleep: ActiveDuringSleepRequested is already set (<CFBasicHash 0x14cee4ad0 [0x1a0950150]>{type = immutable dict, count = 0,
entries =>
}
).
12/26/2016 18:05:00.925 WoW Disabled, 0 WoW Clients, lpas is Enabled, WoW Override is Disabled, Captive Disabled
12/26/2016 18:05:00.926 Unable to dispatch WowStateChanged message to client dataaccessd (268435460)
12/26/2016 18:05:00.927 Unable to dispatch WowStateChanged message to client itunesstored (268435460)
12/26/2016 18:05:00.927 Unable to dispatch WowStateChanged message to client mediaserverd (268435460)
12/26/2016 18:05:00.932 Unable to dispatch WowStateChanged message to client assistantd (268435460)
12/26/2016 18:05:00.953 WoW is Disabled, 0 WoW Clients
12/26/2016 18:05:00.954 WoW is Disabled, 0 WoW Clients
12/26/2016 18:05:00.954 WoW is Disabled, 0 WoW Clients
12/26/2016 18:05:01.777 WoW is Disabled, 0 WoW Clients
12/26/2016 18:05:01.825 WoW is Disabled, 0 WoW Clients
12/26/2016 18:05:05.782 Client apsd set type to normal application
12/26/2016 18:05:05.782 __WiFiManagerSetEnableState: state TRUE, manager->enable.setting TRUE, manager->unlockedSinceBoot TRUE
12/26/2016 18:05:05.782 BG Application: Not Present, BG Daemon: Present. Daemons: mediaserverd 
12/26/2016 18:05:07.313 __WiFiManagerCellularTransmitCallback_block_invoke: Cellular Transmit Started = FALSE
12/26/2016 18:05:10.427 __WiFiLQAMgrLogStats: Rssi: -71 Cca: 27 TxPer: 0.0% (1) BcnPer: 2.0% (50) RxFrms 5 TxRate: 13000 RxRate: 58500
12/26/2016 18:05:15.432 
Too frequent(0.969038 secs) rssi event from driver, ignoring

12/26/2016 18:05:20.445 
Too frequent(0.864361 secs) rssi event from driver, ignoring

12/26/2016 18:05:25.453 
Too frequent(0.853760 secs) rssi event from driver, ignoring

12/26/2016 18:05:30.462 
Too frequent(0.645277 secs) rssi event from driver, ignoring

12/26/2016 18:05:31.923 WiFiLocaleManagerCheckLocale: trying to determine locale...
12/26/2016 18:05:31.923 WiFiManagerCoreLocationGetCachedLocation: getting cached location...
12/26/2016 18:05:31.935 __WiFiLocaleManagerGetLocaleFromMcc: finding iso country code for mcc 226 ....
12/26/2016 18:05:31.935 WiFiLocationServiceManagerIsLocationValid: cachedLocationTimeout 120.000000 location age 1359.438878secs, lifeSpan -1.000000 accuracy 65.000000(highAccReq 0), isValid 1
12/26/2016 18:05:31.935 WiFiLocationServiceManagerStartLowAccuracyMonitoring: Cached low accuracy location is valid
12/26/2016 18:05:31.935 WiFiLocationServiceManagerIsLocationValid: cachedLocationTimeout 120.000000 location age 1359.439021secs, lifeSpan -1.000000 accuracy 65.000000(highAccReq 1), isValid 1
12/26/2016 18:05:31.935 WiFiLocationServiceManagerIsLocationValid: cachedLocationTimeout 120.000000 location age 1359.439072secs, lifeSpan -1.000000 accuracy 65.000000(highAccReq 0), isValid 1
12/26/2016 18:05:31.935 __WiFiLocationServiceManagerProcessLocationAvailableEvent: isValidHighAccuracyLocation 1,  isValidLowAccuracyLocation 1
12/26/2016 18:05:31.935 __WiFiLocationServiceManagerProcessLocationAvailableEvent: give low accuracy callback
12/26/2016 18:05:31.936 __WiFiLocaleManagerGetLocaleFromLocation: <+44.42590474,+26.13609119> +/- 65.00m (speed -1.00 mps / course -1.00) @ 12/26/16, 5:42:52 PM Eastern European Standard Time
12/26/2016 18:05:31.936 locale from bounding box 
12/26/2016 18:05:31.936 new locale:  , locale: 
12/26/2016 18:05:31.936 Stopping Low Accuracy Location Monitoring
12/26/2016 18:05:31.936 CLMonitoring is already stopped
12/26/2016 18:05:31.936 Stopping Low Accuracy Location Monitoring
12/26/2016 18:05:31.936 CLMonitoring is already stopped
12/26/2016 18:05:31.936 __WiFiLocationServiceManagerEventCallback, got cb dict {
    eventType = 0;
    location = "<+44.42590474,+26.13609119> +/- 65.00m (speed -1.00 mps / course -1.00) @ 12/26/16, 5:42:52 PM Eastern European Standard Time";
}
12/26/2016 18:05:31.937 WiFiLocationServiceManagerIsLocationValid: cachedLocationTimeout 120.000000 location age 1359.440994secs, lifeSpan -1.000000 accuracy 65.000000(highAccReq 1), isValid 1
12/26/2016 18:05:31.937 WiFiLocationServiceManagerIsLocationValid: cachedLocationTimeout 120.000000 location age 1359.441047secs, lifeSpan -1.000000 accuracy 65.000000(highAccReq 0), isValid 1
12/26/2016 18:05:31.937 __WiFiLocationServiceManagerProcessLocationAvailableEvent: isValidHighAccuracyLocation 1,  isValidLowAccuracyLocation 1
12/26/2016 18:05:35.470 
Too frequent(0.635853 secs) rssi event from driver, ignoring

12/26/2016 18:05:37.182 Received kIOMessageSystemWillSleep
12/26/2016 18:05:37.182 System Sleep notification, Disabling auto-join
12/26/2016 18:05:37.182 __WiFiManagerSetEnableState: state FALSE, manager->enable.setting TRUE, manager->unlockedSinceBoot TRUE
12/26/2016 18:05:37.182 Disabling automatic association
12/26/2016 18:05:37.221 WoW is Disabled, 0 WoW Clients
12/26/2016 18:05:37.303 __WiFiDeviceCopyLinkChangedSubReasonString: Apple80211ReturnToString failed 1
12/26/2016 18:05:37.303 __WiFiDeviceProcessDriverAvailableEvent: driver availability false, reason PowerOff(0xe0821804), subreason (null)(0x0)
12/26/2016 18:05:37.303 __WiFiManagerDispatchDeviceAvailable: driver availability false

12/26/2016 18:05:37.305 WiFiAWDManagerSubmitMetric: metric container could not be generated for metric id <0x9000e>
12/26/2016 18:05:37.309 __WiFiDeviceManagerAwdlAvailableCallback: AWDL availability changed to FALSE
12/26/2016 18:05:37.317 WoW is Disabled, 0 WoW Clients
12/26/2016 18:07:22.996 Received kIOMessageSystemWillPowerOn
12/26/2016 18:07:22.997 System wake reason: AOP.ExternalReq hold
12/26/2016 18:07:22.997 System Powered ON notification Re-enabling auto-join
12/26/2016 18:07:22.998 __WiFiManagerSetEnableState: state TRUE, manager->enable.setting TRUE, manager->unlockedSinceBoot TRUE
12/26/2016 18:07:22.998 Enabling automatic association
12/26/2016 18:07:22.998 __WiFiDeviceManagerAutoAssociate: Already connected to DIGI-146A.
12/26/2016 18:07:22.998 WiFiLocaleManagerCheckLocale: trying to determine locale...
12/26/2016 18:07:22.998 WiFiManagerCoreLocationGetCachedLocation: getting cached location...
12/26/2016 18:07:23.093 __WiFiLocaleManagerGetLocaleFromMcc: finding iso country code for mcc 226 ....
12/26/2016 18:07:23.094 WiFiLocationServiceManagerIsLocationValid: cachedLocationTimeout 120.000000 location age 1470.598308secs, lifeSpan -1.000000 accuracy 65.000000(highAccReq 0), isValid 1
12/26/2016 18:07:23.094 WiFiLocationServiceManagerStartLowAccuracyMonitoring: Cached low accuracy location is valid
12/26/2016 18:07:23.094 WiFiLocationServiceManagerIsLocationValid: cachedLocationTimeout 120.000000 location age 1470.598416secs, lifeSpan -1.000000 accuracy 65.000000(highAccReq 1), isValid 1
12/26/2016 18:07:23.094 WiFiLocationServiceManagerIsLocationValid: cachedLocationTimeout 120.000000 location age 1470.598442secs, lifeSpan -1.000000 accuracy 65.000000(highAccReq 0), isValid 1
12/26/2016 18:07:23.094 __WiFiLocationServiceManagerProcessLocationAvailableEvent: isValidHighAccuracyLocation 1,  isValidLowAccuracyLocation 1
12/26/2016 18:07:23.094 __WiFiLocationServiceManagerProcessLocationAvailableEvent: give low accuracy callback
12/26/2016 18:07:23.096 __WiFiLocaleManagerGetLocaleFromLocation: <+44.42590474,+26.13609119> +/- 65.00m (speed -1.00 mps / course -1.00) @ 12/26/16, 5:42:52 PM Eastern European Standard Time
12/26/2016 18:07:23.096 locale from bounding box 
12/26/2016 18:07:23.096 new locale:  , locale: 
12/26/2016 18:07:23.096 Stopping Low Accuracy Location Monitoring
12/26/2016 18:07:23.096 CLMonitoring is already stopped
12/26/2016 18:07:23.096 Stopping Low Accuracy Location Monitoring
12/26/2016 18:07:23.096 CLMonitoring is already stopped
12/26/2016 18:07:23.097 __WiFiLocationServiceManagerEventCallback, got cb dict {
    eventType = 0;
    location = "<+44.42590474,+26.13609119> +/- 65.00m (speed -1.00 mps / course -1.00) @ 12/26/16, 5:42:52 PM Eastern European Standard Time";
}
12/26/2016 18:07:23.098 WiFiLocationServiceManagerIsLocationValid: cachedLocationTimeout 120.000000 location age 1470.602392secs, lifeSpan -1.000000 accuracy 65.000000(highAccReq 1), isValid 1
12/26/2016 18:07:23.098 WiFiLocationServiceManagerIsLocationValid: cachedLocationTimeout 120.000000 location age 1470.602452secs, lifeSpan -1.000000 accuracy 65.000000(highAccReq 0), isValid 1
12/26/2016 18:07:23.098 __WiFiLocationServiceManagerProcessLocationAvailableEvent: isValidHighAccuracyLocation 1,  isValidLowAccuracyLocation 1
12/26/2016 18:07:23.099 Power stats update: Type 0x5 UnassociatedSleepDur 0 AssociatedSleepDur 61760 TotalDur 105639 RoamDur 0
12/26/2016 18:07:23.099 WiFiAWDManagerSubmitMetric: metric container could not be generated for metric id <0x90010>
12/26/2016 18:07:23.100 __WiFiLQAMgrLogStats: Rssi: -70 Cca: 8 TxPer: 0.0% (0) BcnPer: 0.0% (0) RxFrms 0 TxRate: 0 RxRate: 0
12/26/2016 18:07:23.102 __WiFiDeviceCopyLinkChangedSubReasonString: Apple80211ReturnToString failed 1
12/26/2016 18:07:23.102 __WiFiDeviceProcessDriverAvailableEvent: driver availability true, reason Initializing(0xe0821803), subreason (null)(0x0)
12/26/2016 18:07:23.102 __WiFiManagerDispatchDeviceAvailable: driver availability true

12/26/2016 18:07:23.113 __WiFiDeviceManagerAutoAssociate: Already connected to DIGI-146A.
12/26/2016 18:07:23.113 WiFiAWDManagerSubmitMetric: metric container could not be generated for metric id <0x9000e>
12/26/2016 18:07:23.140 __WiFiDeviceManagerAwdlAvailableCallback: AWDL availability changed to TRUE
12/26/2016 18:07:23.140 __WiFiDeviceManagerAutoAssociate: Already connected to DIGI-146A.
12/26/2016 18:07:23.141 No Change in Background Scan Networks, Skip Re-Programming Background Scan

12/26/2016 18:07:23.143 Device display is ON
12/26/2016 18:07:23.143 __WiFiManagerSetEnableState: state TRUE, manager->enable.setting TRUE, manager->unlockedSinceBoot TRUE
12/26/2016 18:07:23.143 __WiFiDeviceManagerAutoAssociate: Already connected to DIGI-146A.
12/26/2016 18:07:23.185 __WiFiManagerCellularTransmitCallback_block_invoke: Cellular Transmit Started = FALSE
12/26/2016 18:07:23.248 WoW is Disabled, 0 WoW Clients
12/26/2016 18:07:23.373 Async scan requested by "locationd" for 1 iterations with maxage=0 priority normal on en0
12/26/2016 18:07:23.373 Enqueuing command type: "Scan" pending commands: 0
12/26/2016 18:07:23.373 Dequeuing command type: "Scan" pending commands: 0
12/26/2016 18:07:23.373 Attempting Apple80211ScanAsync on en0
12/26/2016 18:07:23.577 Completed Apple80211ScanAsync on en0 (0x0)
12/26/2016 18:07:23.578 Async scan request completed for "locationd" (0)
12/26/2016 18:07:23.579 Async scan requested by "locationd" for 1 iterations with maxage=0 priority normal on en0
12/26/2016 18:07:23.579 Enqueuing command type: "Scan" pending commands: 0
12/26/2016 18:07:23.579 Dequeuing command type: "Scan" pending commands: 0
12/26/2016 18:07:23.579 Attempting Apple80211ScanAsync on en0
12/26/2016 18:07:24.032 Completed Apple80211ScanAsync on en0 (0x0)
12/26/2016 18:07:24.033 Async scan request completed for "locationd" (0)
12/26/2016 18:07:25.664 Device display is OFF
12/26/2016 18:07:31.163 Received kIOMessageSystemWillSleep
12/26/2016 18:07:31.163 System Sleep notification, Disabling auto-join
12/26/2016 18:07:31.164 __WiFiManagerSetEnableState: state FALSE, manager->enable.setting TRUE, manager->unlockedSinceBoot TRUE
12/26/2016 18:07:31.164 Disabling automatic association
12/26/2016 18:07:31.191 WoW is Disabled, 0 WoW Clients
12/26/2016 18:07:31.276 __WiFiDeviceCopyLinkChangedSubReasonString: Apple80211ReturnToString failed 1
12/26/2016 18:07:31.276 __WiFiDeviceProcessDriverAvailableEvent: driver availability false, reason PowerOff(0xe0821804), subreason (null)(0x0)
12/26/2016 18:07:31.276 __WiFiManagerDispatchDeviceAvailable: driver availability false

12/26/2016 18:07:31.277 WiFiAWDManagerSubmitMetric: metric container could not be generated for metric id <0x9000e>
12/26/2016 18:07:31.279 __WiFiDeviceManagerAwdlAvailableCallback: AWDL availability changed to FALSE
12/26/2016 18:07:31.283 WoW is Disabled, 0 WoW Clients
12/26/2016 18:12:32.363 Received kIOMessageSystemWillPowerOn
12/26/2016 18:12:32.364 System wake reason: AOP.ExternalReq wlan
12/26/2016 18:12:32.364 System Powered ON notification Re-enabling auto-join
12/26/2016 18:12:32.364 __WiFiManagerSetEnableState: state TRUE, manager->enable.setting TRUE, manager->unlockedSinceBoot TRUE
12/26/2016 18:12:32.365 Enabling automatic association
12/26/2016 18:12:32.368 __WiFiDeviceManagerAutoAssociate: Already connected to DIGI-146A.
12/26/2016 18:12:32.369 WiFiLocaleManagerCheckLocale: trying to determine locale...
12/26/2016 18:12:32.369 WiFiManagerCoreLocationGetCachedLocation: getting cached location...
12/26/2016 18:12:32.395 __WiFiLocaleManagerGetLocaleFromMcc: finding iso country code for mcc 226 ....
12/26/2016 18:12:32.395 WiFiLocationServiceManagerIsLocationValid: cachedLocationTimeout 120.000000 location age 1779.899454secs, lifeSpan -1.000000 accuracy 65.000000(highAccReq 0), isValid 1
12/26/2016 18:12:32.395 WiFiLocationServiceManagerStartLowAccuracyMonitoring: Cached low accuracy location is valid
12/26/2016 18:12:32.396 WiFiLocationServiceManagerIsLocationValid: cachedLocationTimeout 120.000000 location age 1779.899646secs, lifeSpan -1.000000 accuracy 65.000000(highAccReq 1), isValid 1
12/26/2016 18:12:32.396 WiFiLocationServiceManagerIsLocationValid: cachedLocationTimeout 120.000000 location age 1779.899704secs, lifeSpan -1.000000 accuracy 65.000000(highAccReq 0), isValid 1
12/26/2016 18:12:32.396 __WiFiLocationServiceManagerProcessLocationAvailableEvent: isValidHighAccuracyLocation 1,  isValidLowAccuracyLocation 1
12/26/2016 18:12:32.396 __WiFiLocationServiceManagerProcessLocationAvailableEvent: give low accuracy callback
12/26/2016 18:12:32.397 __WiFiLocaleManagerGetLocaleFromLocation: <+44.42590474,+26.13609119> +/- 65.00m (speed -1.00 mps / course -1.00) @ 12/26/16, 5:42:52 PM Eastern European Standard Time
12/26/2016 18:12:32.397 locale from bounding box 
12/26/2016 18:12:32.397 new locale:  , locale: 
12/26/2016 18:12:32.397 Stopping Low Accuracy Location Monitoring
12/26/2016 18:12:32.397 CLMonitoring is already stopped
12/26/2016 18:12:32.397 Stopping Low Accuracy Location Monitoring
12/26/2016 18:12:32.397 CLMonitoring is already stopped
12/26/2016 18:12:32.397 __WiFiLocationServiceManagerEventCallback, got cb dict {
    eventType = 0;
    location = "<+44.42590659,+26.13608424> +/- 65.00m (speed -1.00 mps / course -1.00) @ 12/26/16, 6:07:32 PM Eastern European Standard Time";
}
12/26/2016 18:12:32.398 WiFiLocationServiceManagerIsLocationValid: cachedLocationTimeout 120.000000 location age 299.816343secs, lifeSpan -1.000000 accuracy 65.000000(highAccReq 1), isValid 1
12/26/2016 18:12:32.398 WiFiLocationServiceManagerIsLocationValid: cachedLocationTimeout 120.000000 location age 299.816404secs, lifeSpan -1.000000 accuracy 65.000000(highAccReq 0), isValid 1
12/26/2016 18:12:32.398 __WiFiLocationServiceManagerProcessLocationAvailableEvent: isValidHighAccuracyLocation 1,  isValidLowAccuracyLocation 1
12/26/2016 18:12:32.398 __WiFiDeviceProcessDumpLogsEvent: Dump logs event received, dumped wifid log buffer to file
