12/19/2016 11:25:26.468 __WiFiManagerCellularTransmitCallback_block_invoke: Cellular Transmit Started = FALSE
12/19/2016 11:25:26.473 __WiFiManagerCellularTransmitCallback_block_invoke: Cellular Transmit Started = FALSE
12/19/2016 11:25:26.728 DeviceClient["WirelessRadioMan"] setCoexParameters["MWS_Blacklisted_Channels"] = <CFArray 0x14cd71870 [0x1a0950150]>{type = mutable-small, count = 12, values = (
	0 : <CFBasicHash 0x14cd67c40 [0x1a0950150]>{type = mutable dict, count = 1,
entries =>
	2 : <CFString 0x14cd791a0 [0x1a0950150]>{contents = "MWS_Channel_Number"} = <CFNumber 0xb000000000000013 [0x1a0950150]>{value = +1, type = kCFNumberSInt64Type}
}

	1 : <CFBasicHash 0x14cd6ea90 [0x1a0950150]>{type = mutable dict, count = 1,
entries =>
	2 : <CFString 0x14cd791a0 [0x1a0950150]>{contents = "MWS_Channel_Number"} = <CFNumber 0xb000000000000023 [0x1a0950150]>{value = +2, type = kCFNumberSInt64Type}
}

	2 : <CFBasicHash 0x14cd78ee0 [0x1a0950150]>{type = mutable dict, count = 1,
entries =>
	2 : <CFString 0x14cd791a0 [0x1a0950150]>{contents = "MWS_Channel_Number"} = <CFNumber 0xb000000000000033 [0x1a0950150]>{value = +3, type = kCFNumberSInt64Type}
}

	3 : <CFBasicHash 0x14cd7d670 [0x1a0950150]>{type = mutable dict, count = 1,
entries =>
	2 : <CFString 0x14cd791a0 [0x1a0950150]>{contents = "MWS_Channel_Number"} = <CFNumber 0xb000000000000043 [0x1a0950150]>{value = +4, type = kCFNumberSInt64Type}
}

	4 : <CFBasicHash 0x14cd7d6d0 [0x1a0950150]>{type = mutable dict, count = 1,
entries =>
	2 : <CFString 0x14cd791a0 [0x1a0950150]>{contents = "MWS_Channel_Number"} = <CFNumber 0xb000000000000053 [0x1a0950150]>{value = +5, type = kCFNumberSInt64Type}
}

	5 : <CFBasicHash 0x14cd71360 [0x1a0950150]>{type = mutable dict, count = 1,
entries =>
	2 : <CFString 0x14cd791a0 [0x1a0950150]>{contents = "MWS_Channel_Number"} = <CFNumber 0xb000000000000063 [0x1a0950150]>{value = +6, type = kCFNumberSInt64Type}
}

	6 : <CFBasicHash 0x14cd74730 [0x1a0950150]>{type = mutable dict, count = 1,
entries =>
	2 : <CFString 0x14cd791a0 [0x1a0950150]>{contents = "MWS_Channel_Number"} = <CFNumber 0xb000000000000073 [0x1a0950150]>{value = +7, type = kCFNumberSInt64Type}
}

	7 : <CFBasicHash 0x14cd74790 [0x1a0950150]>{type = mutable dict, count = 1,
entries =>
	2 : <CFString 0x14cd791a0 [0x1a0950150]>{contents = "MWS_Channel_Number"} = <CFNumber 0xb000000000000083 [0x1a0950150]>{value = +8, type = kCFNumberSInt64Type}
}

	8 : <CFBasicHash 0x14cd334a0 [0x1a0950150]>{type = mutable dict, count = 1,
entries =>
	2 : <CFString 0x14cd791a0 [0x1a0950150]>{contents = "MWS_Channel_Number"} = <CFNumber 0xb000000000000093 [0x1a0950150]>{value = +9, type = kCFNumberSInt64Type}
}

	9 : <CFBasicHash 0x14cd74870 [0x1a0950150]>{type = mutable dict, count = 1,
entries =>
	2 : <CFString 0x14cd791a0 [0x1a0950150]>{contents = "MWS_Channel_Number"} = <CFNumber 0xb0000000000000a3 [0x1a0950150]>{value = +10, type = kCFNumberSInt64Type}
}

	10 : <CFBasicHash 0x14cd748d0 [0x1a0950150]>{type = mutable dict, count = 1,
entries =>
	2 : <CFString 0x14cd791a0 [0x1a0950150]>{contents = "MWS_Channel_Number"} = <CFNumber 0xb0000000000000c3 [0x1a0950150]>{value = +12, type = kCFNumberSInt64Type}
}

	11 : <CFBasicHash 0x14cd71810 [0x1a0950150]>{type = mutable dict, count = 1,
entries =>
	2 : <CFString 0x14cd791a0 [0x1a0950150]>{contents = "MWS_Channel_Number"} = <CFNumber 0xb0000000000000d3 [0x1a0950150]>{value = +13, type = kCFNumberSInt64Type}
}

)}
12/19/2016 11:25:26.758 __WiFiManagerCellularTransmitCallback_block_invoke: Cellular Transmit Started = TRUE
12/19/2016 11:25:27.433 __WiFiManagerCellularTransmitCallback_block_invoke: Cellular Transmit Started = FALSE
12/19/2016 11:25:31.419 __WiFiManagerCellularTransmitCallback_block_invoke: Cellular Transmit Started = TRUE
12/19/2016 11:26:03.726 DeviceClient["WirelessRadioMan"] setCoexParameters["MWS_Blacklisted_Channels"] = <CFArray 0x14cd37c60 [0x1a0950150]>{type = mutable-small, count = 1, values = (
	0 : <CFBasicHash 0x14cd5bf80 [0x1a0950150]>{type = mutable dict, count = 1,
entries =>
	2 : <CFString 0x14cd60400 [0x1a0950150]>{contents = "MWS_Channel_Number"} = <CFNumber 0xb000000000000003 [0x1a0950150]>{value = +0, type = kCFNumberSInt64Type}
}

)}
12/19/2016 11:26:56.001 __WiFiManagerCellularTransmitCallback_block_invoke: Cellular Transmit Started = FALSE
12/19/2016 11:26:58.607 __WiFiManagerCellularTransmitCallback_block_invoke: Cellular Transmit Started = TRUE
12/19/2016 11:26:59.718 WiFiLocaleManagerCheckLocale: location service or wifi is off, set locale to default
12/19/2016 11:26:59.718 new locale:  , locale: 
12/19/2016 11:28:53.540 DeviceClient["WirelessRadioMan"] setCoexParameters["MWS_Blacklisted_Channels"] = <CFArray 0x14cd748b0 [0x1a0950150]>{type = mutable-small, count = 12, values = (
	0 : <CFBasicHash 0x14cd0ce80 [0x1a0950150]>{type = mutable dict, count = 1,
entries =>
	2 : <CFString 0x14cd38870 [0x1a0950150]>{contents = "MWS_Channel_Number"} = <CFNumber 0xb000000000000013 [0x1a0950150]>{value = +1, type = kCFNumberSInt64Type}
}

	1 : <CFBasicHash 0x14cd2d520 [0x1a0950150]>{type = mutable dict, count = 1,
entries =>
	2 : <CFString 0x14cd38870 [0x1a0950150]>{contents = "MWS_Channel_Number"} = <CFNumber 0xb000000000000023 [0x1a0950150]>{value = +2, type = kCFNumberSInt64Type}
}

	2 : <CFBasicHash 0x14cd301f0 [0x1a0950150]>{type = mutable dict, count = 1,
entries =>
	2 : <CFString 0x14cd38870 [0x1a0950150]>{contents = "MWS_Channel_Number"} = <CFNumber 0xb000000000000033 [0x1a0950150]>{value = +3, type = kCFNumberSInt64Type}
}

	3 : <CFBasicHash 0x14cd78570 [0x1a0950150]>{type = mutable dict, count = 1,
entries =>
	2 : <CFString 0x14cd38870 [0x1a0950150]>{contents = "MWS_Channel_Number"} = <CFNumber 0xb000000000000043 [0x1a0950150]>{value = +4, type = kCFNumberSInt64Type}
}

	4 : <CFBasicHash 0x14cd67c40 [0x1a0950150]>{type = mutable dict, count = 1,
entries =>
	2 : <CFString 0x14cd38870 [0x1a0950150]>{contents = "MWS_Channel_Number"} = <CFNumber 0xb000000000000053 [0x1a0950150]>{value = +5, type = kCFNumberSInt64Type}
}

	5 : <CFBasicHash 0x14cd6eab0 [0x1a0950150]>{type = mutable dict, count = 1,
entries =>
	2 : <CFString 0x14cd38870 [0x1a0950150]>{contents = "MWS_Channel_Number"} = <CFNumber 0xb000000000000063 [0x1a0950150]>{value = +6, type = kCFNumberSInt64Type}
}

	6 : <CFBasicHash 0x14cd78f00 [0x1a0950150]>{type = mutable dict, count = 1,
entries =>
	2 : <CFString 0x14cd38870 [0x1a0950150]>{contents = "MWS_Channel_Number"} = <CFNumber 0xb000000000000073 [0x1a0950150]>{value = +7, type = kCFNumberSInt64Type}
}

	7 : <CFBasicHash 0x14cd7d670 [0x1a0950150]>{type = mutable dict, count = 1,
entries =>
	2 : <CFString 0x14cd38870 [0x1a0950150]>{contents = "MWS_Channel_Number"} = <CFNumber 0xb000000000000083 [0x1a0950150]>{value = +8, type = kCFNumberSInt64Type}
}

	8 : <CFBasicHash 0x14cd7d6f0 [0x1a0950150]>{type = mutable dict, count = 1,
entries =>
	2 : <CFString 0x14cd38870 [0x1a0950150]>{contents = "MWS_Channel_Number"} = <CFNumber 0xb000000000000093 [0x1a0950150]>{value = +9, type = kCFNumberSInt64Type}
}

	9 : <CFBasicHash 0x14cd71380 [0x1a0950150]>{type = mutable dict, count = 1,
entries =>
	2 : <CFString 0x14cd38870 [0x1a0950150]>{contents = "MWS_Channel_Number"} = <CFNumber 0xb0000000000000a3 [0x1a0950150]>{value = +10, type = kCFNumberSInt64Type}
}

	10 : <CFBasicHash 0x14cd33480 [0x1a0950150]>{type = mutable dict, count = 1,
entries =>
	2 : <CFString 0x14cd38870 [0x1a0950150]>{contents = "MWS_Channel_Number"} = <CFNumber 0xb0000000000000c3 [0x1a0950150]>{value = +12, type = kCFNumberSInt64Type}
}

	11 : <CFBasicHash 0x14cd33500 [0x1a0950150]>{type = mutable dict, count = 1,
entries =>
	2 : <CFString 0x14cd38870 [0x1a0950150]>{contents = "MWS_Channel_Number"} = <CFNumber 0xb0000000000000d3 [0x1a0950150]>{value = +13, type = kCFNumberSInt64Type}
}

)}
12/19/2016 11:28:59.713 WiFiLocaleManagerCheckLocale: location service or wifi is off, set locale to default
12/19/2016 11:28:59.713 new locale:  , locale: 
12/19/2016 11:29:05.596 WoW is Disabled, 0 WoW Clients
12/19/2016 11:30:00.566 __WiFiDeviceProcessDumpLogsEvent: Dump logs event received, dumped wifid log buffer to file
