12/19/2016 12:50:01.803 __WiFiManagerCellularTransmitCallback_block_invoke: Cellular Transmit Started = TRUE
12/19/2016 12:50:07.271 __WiFiManagerCellularTransmitCallback_block_invoke: Cellular Transmit Started = FALSE
12/19/2016 12:50:12.930 IPv4 Primary interface is pdp_ip0 and IPv6 Primary Interface is (null)
12/19/2016 12:50:12.944 IPv4 Primary interface is pdp_ip0 and IPv6 Primary Interface is (null)
12/19/2016 12:50:12.986 IPv4 Primary interface is pdp_ip0 and IPv6 Primary Interface is (null)
12/19/2016 12:50:13.009 Client apsd set type to background application
12/19/2016 12:50:13.009 __WiFiManagerSetEnableState: state TRUE, manager->enable.setting TRUE, manager->unlockedSinceBoot TRUE
12/19/2016 12:50:13.016 BG Application: Not Present, BG Daemon: Present. Daemons: mediaserverd apsd 
12/19/2016 12:50:13.016 Auto association attempt canceled because MIS is enabled. MIS client count: wifi=4 bt=0
12/19/2016 12:50:13.016 Low bw cellular data available, so WiFi would stay connected under low signal quality
12/19/2016 12:50:13.016 WiFiLQAMgrSetWiFiFallBackPref: LQAManager WiFiFallBackPreference enabled 
12/19/2016 12:50:13.016 Enable WoW requested by "apsd"
12/19/2016 12:50:13.017 WoW Capable = YES, Attempting to enable WoW and disable LPAS 
12/19/2016 12:50:13.017 Setting WoW params to <CFBasicHash 0x14cd5bc90 [0x1a0950150]>{type = immutable dict, count = 3,
entries =>
	0 : <CFString 0x100175960 [0x1a0950150]>{contents = "IO80211InterfaceEnableLowPwrAssocMode"} = <CFBoolean 0x1a09506d8 [0x1a0950150]>{value = false}
	1 : <CFString 0x100175940 [0x1a0950150]>{contents = "IO80211InterfaceEnableWoW"} = <CFBoolean 0x1a09506c8 [0x1a0950150]>{value = true}
	2 : <CFString 0x100185ae0 [0x1a0950150]>{contents = "IO80211InterfaceEnableWoWOnCaptive"} = <CFBoolean 0x1a09506d8 [0x1a0950150]>{value = false}
}

12/19/2016 12:50:13.023 WiFiDeviceRequestAssociatedSleep: ActiveDuringSleepRequested is already removed ((null)).
12/19/2016 12:50:13.023 WoW Enabled by 1 Clients, lpas is Disabled, WoW Override is Disabled, Captive Disabled
12/19/2016 12:50:13.023 Unable to dispatch WowStateChanged message to client mediaserverd (268435460)
12/19/2016 12:50:13.023 Unable to dispatch WowStateChanged message to client itunesstored (268435460)
12/19/2016 12:50:13.023 Unable to dispatch WowStateChanged message to client dataaccessd (268435460)
12/19/2016 12:50:13.023 Unable to dispatch WowStateChanged message to client MobileMail (268435460)
12/19/2016 12:50:13.024 apsd[273] is a wow client
12/19/2016 12:50:13.024 WoW is Enabled, 1 WoW Clients
12/19/2016 12:50:13.024 apsd[273] is a wow client
12/19/2016 12:50:13.024 WoW is Enabled, 1 WoW Clients
12/19/2016 12:50:13.029 Client MobileMail set type to background application
12/19/2016 12:50:13.029 __WiFiManagerSetEnableState: state TRUE, manager->enable.setting TRUE, manager->unlockedSinceBoot TRUE
12/19/2016 12:50:13.029 BG Application: Not Present, BG Daemon: Present. Daemons: MobileMail mediaserverd apsd 
12/19/2016 12:50:13.029 Auto association attempt canceled because MIS is enabled. MIS client count: wifi=4 bt=0
12/19/2016 12:50:13.030 apsd[273] is a wow client
12/19/2016 12:50:13.030 WoW is Enabled, 1 WoW Clients
12/19/2016 12:50:15.297 DeviceClient["WirelessRadioMan"] setCoexParameters["MWS_Blacklisted_Channels"] = <CFArray 0x14cd2d5f0 [0x1a0950150]>{type = mutable-small, count = 5, values = (
	0 : <CFBasicHash 0x14cd2d520 [0x1a0950150]>{type = mutable dict, count = 1,
entries =>
	2 : <CFString 0x14cd791a0 [0x1a0950150]>{contents = "MWS_Channel_Number"} = <CFNumber 0xb000000000000093 [0x1a0950150]>{value = +9, type = kCFNumberSInt64Type}
}

	1 : <CFBasicHash 0x14cd5bc90 [0x1a0950150]>{type = mutable dict, count = 1,
entries =>
	2 : <CFString 0x14cd791a0 [0x1a0950150]>{contents = "MWS_Channel_Number"} = <CFNumber 0xb0000000000000a3 [0x1a0950150]>{value = +10, type = kCFNumberSInt64Type}
}

	2 : <CFBasicHash 0x14cd77410 [0x1a0950150]>{type = mutable dict, count = 1,
entries =>
	2 : <CFString 0x14cd791a0 [0x1a0950150]>{contents = "MWS_Channel_Number"} = <CFNumber 0xb0000000000000b3 [0x1a0950150]>{value = +11, type = kCFNumberSInt64Type}
}

	3 : <CFBasicHash 0x14cd36840 [0x1a0950150]>{type = mutable dict, count = 1,
entries =>
	2 : <CFString 0x14cd791a0 [0x1a0950150]>{contents = "MWS_Channel_Number"} = <CFNumber 0xb0000000000000c3 [0x1a0950150]>{value = +12, type = kCFNumberSInt64Type}
}

	4 : <CFBasicHash 0x14cd317e0 [0x1a0950150]>{type = mutable dict, count = 1,
entries =>
	2 : <CFString 0x14cd791a0 [0x1a0950150]>{contents = "MWS_Channel_Number"} = <CFNumber 0xb0000000000000d3 [0x1a0950150]>{value = +13, type = kCFNumberSInt64Type}
}

)}
12/19/2016 12:50:15.829 __WiFiManagerCellularTransmitCallback_block_invoke: Cellular Transmit Started = TRUE
12/19/2016 12:50:17.948 __WiFiManagerCellularTransmitCallback_block_invoke: Cellular Transmit Started = FALSE
12/19/2016 12:50:18.497 IPv4 Primary interface is pdp_ip0 and IPv6 Primary Interface is (null)
12/19/2016 12:50:18.504 IPv4 Primary interface is pdp_ip0 and IPv6 Primary Interface is (null)
12/19/2016 12:50:18.509 __WiFiManagerCellularTransmitCallback_block_invoke: Cellular Transmit Started = TRUE
12/19/2016 12:50:28.591 __WiFiManagerCellularTransmitCallback_block_invoke: Cellular Transmit Started = FALSE
12/19/2016 12:50:30.466 __WiFiManagerCellularTransmitCallback_block_invoke: Cellular Transmit Started = TRUE
12/19/2016 12:50:31.692 __WiFiManagerCellularTransmitCallback_block_invoke: Cellular Transmit Started = FALSE
12/19/2016 12:50:32.103 __WiFiManagerCellularTransmitCallback_block_invoke: Cellular Transmit Started = TRUE
12/19/2016 12:50:43.373 Device display is ON
12/19/2016 12:50:43.373 __WiFiManagerSetEnableState: state TRUE, manager->enable.setting TRUE, manager->unlockedSinceBoot TRUE
12/19/2016 12:50:43.373 Auto association attempt canceled because MIS is enabled. MIS client count: wifi=4 bt=0
12/19/2016 12:50:44.433 ATJManager: setting ask-to-join interaction mode to Interactive
12/19/2016 12:50:44.433 ATJManager: no entries to purge
12/19/2016 12:50:44.433 User interaction ENABLED
12/19/2016 12:50:44.433 Ignoring lock state manager->wakeMode 1

12/19/2016 12:50:44.433 problematic networks =  and potentially problematic networks = 
12/19/2016 12:50:44.433 Unblacklisting
12/19/2016 12:50:44.433 No Change in Background Scan Networks, Skip Re-Programming Background Scan

12/19/2016 12:50:44.433 Auto association attempt canceled because MIS is enabled. MIS client count: wifi=4 bt=0
12/19/2016 12:50:44.472 Foreground Network Application entered.
12/19/2016 12:50:44.472 BG Application: Not Present, BG Daemon: Present. Daemons: MobileMail mediaserverd apsd 
12/19/2016 12:50:44.472 problematic networks =  and potentially problematic networks = 
12/19/2016 12:50:44.472 Unblacklisting
12/19/2016 12:50:44.473 No Change in Background Scan Networks, Skip Re-Programming Background Scan

12/19/2016 12:50:44.473 __WiFiManagerSetEnableState: state TRUE, manager->enable.setting TRUE, manager->unlockedSinceBoot TRUE
12/19/2016 12:50:44.473 Auto association attempt canceled because MIS is enabled. MIS client count: wifi=4 bt=0
12/19/2016 12:50:59.613 WiFiLocaleManagerCheckLocale: location service or wifi is off, set locale to default
12/19/2016 12:50:59.613 new locale:  , locale: 
12/19/2016 12:51:14.056 __WiFiManagerCellularTransmitCallback_block_invoke: Cellular Transmit Started = FALSE
12/19/2016 12:51:14.219 DeviceClient["WirelessRadioMan"] setCoexParameters["MWS_Blacklisted_Channels"] = <CFArray 0x14cd35320 [0x1a0950150]>{type = mutable-small, count = 12, values = (
	0 : <CFBasicHash 0x14cd6f4c0 [0x1a0950150]>{type = mutable dict, count = 1,
entries =>
	2 : <CFString 0x14cd6dc50 [0x1a0950150]>{contents = "MWS_Channel_Number"} = <CFNumber 0xb000000000000013 [0x1a0950150]>{value = +1, type = kCFNumberSInt64Type}
}

	1 : <CFBasicHash 0x14cd2d7d0 [0x1a0950150]>{type = mutable dict, count = 1,
entries =>
	2 : <CFString 0x14cd6dc50 [0x1a0950150]>{contents = "MWS_Channel_Number"} = <CFNumber 0xb000000000000023 [0x1a0950150]>{value = +2, type = kCFNumberSInt64Type}
}

	2 : <CFBasicHash 0x14cd325a0 [0x1a0950150]>{type = mutable dict, count = 1,
entries =>
	2 : <CFString 0x14cd6dc50 [0x1a0950150]>{contents = "MWS_Channel_Number"} = <CFNumber 0xb000000000000033 [0x1a0950150]>{value = +3, type = kCFNumberSInt64Type}
}

	3 : <CFBasicHash 0x14cd2f4c0 [0x1a0950150]>{type = mutable dict, count = 1,
entries =>
	2 : <CFString 0x14cd6dc50 [0x1a0950150]>{contents = "MWS_Channel_Number"} = <CFNumber 0xb000000000000043 [0x1a0950150]>{value = +4, type = kCFNumberSInt64Type}
}

	4 : <CFBasicHash 0x14cd0ce80 [0x1a0950150]>{type = mutable dict, count = 1,
entries =>
	2 : <CFString 0x14cd6dc50 [0x1a0950150]>{contents = "MWS_Channel_Number"} = <CFNumber 0xb000000000000053 [0x1a0950150]>{value = +5, type = kCFNumberSInt64Type}
}

	5 : <CFBasicHash 0x14cd668f0 [0x1a0950150]>{type = mutable dict, count = 1,
entries =>
	2 : <CFString 0x14cd6dc50 [0x1a0950150]>{contents = "MWS_Channel_Number"} = <CFNumber 0xb000000000000063 [0x1a0950150]>{value = +6, type = kCFNumberSInt64Type}
}

	6 : <CFBasicHash 0x14cd32840 [0x1a0950150]>{type = mutable dict, count = 1,
entries =>
	2 : <CFString 0x14cd6dc50 [0x1a0950150]>{contents = "MWS_Channel_Number"} = <CFNumber 0xb000000000000073 [0x1a0950150]>{value = +7, type = kCFNumberSInt64Type}
}

	7 : <CFBasicHash 0x14cd30ae0 [0x1a0950150]>{type = mutable dict, count = 1,
entries =>
	2 : <CFString 0x14cd6dc50 [0x1a0950150]>{contents = "MWS_Channel_Number"} = <CFNumber 0xb000000000000083 [0x1a0950150]>{value = +8, type = kCFNumberSInt64Type}
}

	8 : <CFBasicHash 0x14cd6f6c0 [0x1a0950150]>{type = mutable dict, count = 1,
entries =>
	2 : <CFString 0x14cd6dc50 [0x1a0950150]>{contents = "MWS_Channel_Number"} = <CFNumber 0xb000000000000093 [0x1a0950150]>{value = +9, type = kCFNumberSInt64Type}
}

	9 : <CFBasicHash 0x14cd2e500 [0x1a0950150]>{type = mutable dict, count = 1,
entries =>
	2 : <CFString 0x14cd6dc50 [0x1a0950150]>{contents = "MWS_Channel_Number"} = <CFNumber 0xb0000000000000a3 [0x1a0950150]>{value = +10, type = kCFNumberSInt64Type}
}

	10 : <CFBasicHash 0x14cd37f10 [0x1a0950150]>{type = mutable dict, count = 1,
entries =>
	2 : <CFString 0x14cd6dc50 [0x1a0950150]>{contents = "MWS_Channel_Number"} = <CFNumber 0xb0000000000000c3 [0x1a0950150]>{value = +12, type = kCFNumberSInt64Type}
}

	11 : <CFBasicHash 0x14cd0cc60 [0x1a0950150]>{type = mutable dict, count = 1,
entries =>
	2 : <CFString 0x14cd6dc50 [0x1a0950150]>{contents = "MWS_Channel_Number"} = <CFNumber 0xb0000000000000d3 [0x1a0950150]>{value = +13, type = kCFNumberSInt64Type}
}

)}
12/19/2016 12:51:14.224 __WiFiManagerCellularTransmitCallback_block_invoke: Cellular Transmit Started = TRUE
12/19/2016 12:51:15.274 __WiFiManagerCellularTransmitCallback_block_invoke: Cellular Transmit Started = FALSE
12/19/2016 12:51:15.320 High bw cellular data available, so WiFi would disconnect under low signal quality
12/19/2016 12:51:15.320 WiFiLQAMgrSetWiFiFallBackPref: LQAManager WiFiFallBackPreference disabled 
12/19/2016 12:51:15.676 __WiFiManagerCellularTransmitCallback_block_invoke: Cellular Transmit Started = TRUE
12/19/2016 12:51:18.499 Disable WoW requested by "apsd"
12/19/2016 12:51:18.500 WoW Capable = YES, Attempting to disable WoW and enable LPAS 
12/19/2016 12:51:18.500 Setting WoW params to <CFBasicHash 0x14cd303b0 [0x1a0950150]>{type = immutable dict, count = 3,
entries =>
	0 : <CFString 0x100175960 [0x1a0950150]>{contents = "IO80211InterfaceEnableLowPwrAssocMode"} = <CFBoolean 0x1a09506c8 [0x1a0950150]>{value = true}
	1 : <CFString 0x100175940 [0x1a0950150]>{contents = "IO80211InterfaceEnableWoW"} = <CFBoolean 0x1a09506d8 [0x1a0950150]>{value = false}
	2 : <CFString 0x100185ae0 [0x1a0950150]>{contents = "IO80211InterfaceEnableWoWOnCaptive"} = <CFBoolean 0x1a09506d8 [0x1a0950150]>{value = false}
}

12/19/2016 12:51:18.501 WiFiDeviceRequestAssociatedSleep: ActiveDuringSleepRequested is already removed ((null)).
12/19/2016 12:51:18.501 WoW Disabled, 0 WoW Clients, lpas is Enabled, WoW Override is Disabled, Captive Disabled
12/19/2016 12:51:18.501 Unable to dispatch WowStateChanged message to client mediaserverd (268435460)
12/19/2016 12:51:18.501 Unable to dispatch WowStateChanged message to client itunesstored (268435460)
12/19/2016 12:51:18.501 Unable to dispatch WowStateChanged message to client dataaccessd (268435460)
12/19/2016 12:51:18.501 Unable to dispatch WowStateChanged message to client MobileMail (268435460)
12/19/2016 12:51:18.501 WoW is Disabled, 0 WoW Clients
12/19/2016 12:51:18.501 WoW is Disabled, 0 WoW Clients
12/19/2016 12:51:18.502 WoW is Disabled, 0 WoW Clients
12/19/2016 12:51:19.295 __WiFiManagerCellularTransmitCallback_block_invoke: Cellular Transmit Started = FALSE
12/19/2016 12:51:21.991 __WiFiManagerCellularTransmitCallback_block_invoke: Cellular Transmit Started = TRUE
12/19/2016 12:51:23.333 Client MobileMail set type to normal application
12/19/2016 12:51:23.333 __WiFiManagerSetEnableState: state TRUE, manager->enable.setting TRUE, manager->unlockedSinceBoot TRUE
12/19/2016 12:51:23.333 BG Application: Not Present, BG Daemon: Present. Daemons: mediaserverd apsd 
12/19/2016 12:51:23.502 Client apsd set type to normal application
12/19/2016 12:51:23.502 __WiFiManagerSetEnableState: state TRUE, manager->enable.setting TRUE, manager->unlockedSinceBoot TRUE
12/19/2016 12:51:23.502 BG Application: Not Present, BG Daemon: Present. Daemons: mediaserverd 
12/19/2016 12:51:44.445 Background Network Application entered
12/19/2016 12:51:44.446 BG Application: Present, BG Daemon: Present. Daemons: mediaserverd 
12/19/2016 12:51:44.451 Background Network Application entered
12/19/2016 12:51:44.451 BG Application: Not Present, BG Daemon: Present. Daemons: mediaserverd 
12/19/2016 12:51:51.410 IPv4 Primary interface is (null) and IPv6 Primary Interface is (null)
12/19/2016 12:51:51.423 MIS is already Enabled on ap1
12/19/2016 12:51:51.423 Client apsd set type to background application
12/19/2016 12:51:51.423 __WiFiManagerSetEnableState: state TRUE, manager->enable.setting TRUE, manager->unlockedSinceBoot TRUE
12/19/2016 12:51:51.423 BG Application: Not Present, BG Daemon: Present. Daemons: mediaserverd apsd 
12/19/2016 12:51:51.423 Auto association attempt canceled because MIS is enabled. MIS client count: wifi=4 bt=0
12/19/2016 12:51:51.424 Enable WoW requested by "apsd"
12/19/2016 12:51:51.424 WoW Capable = YES, Attempting to enable WoW and disable LPAS 
12/19/2016 12:51:51.424 Setting WoW params to <CFBasicHash 0x14cd77410 [0x1a0950150]>{type = immutable dict, count = 3,
entries =>
	0 : <CFString 0x100175960 [0x1a0950150]>{contents = "IO80211InterfaceEnableLowPwrAssocMode"} = <CFBoolean 0x1a09506d8 [0x1a0950150]>{value = false}
	1 : <CFString 0x100175940 [0x1a0950150]>{contents = "IO80211InterfaceEnableWoW"} = <CFBoolean 0x1a09506c8 [0x1a0950150]>{value = true}
	2 : <CFString 0x100185ae0 [0x1a0950150]>{contents = "IO80211InterfaceEnableWoWOnCaptive"} = <CFBoolean 0x1a09506d8 [0x1a0950150]>{value = false}
}

12/19/2016 12:51:51.424 WiFiDeviceRequestAssociatedSleep: ActiveDuringSleepRequested is already removed ((null)).
12/19/2016 12:51:51.424 WoW Enabled by 1 Clients, lpas is Disabled, WoW Override is Disabled, Captive Disabled
12/19/2016 12:51:51.424 Unable to dispatch WowStateChanged message to client mediaserverd (268435460)
12/19/2016 12:51:51.424 Unable to dispatch WowStateChanged message to client itunesstored (268435460)
12/19/2016 12:51:51.424 Unable to dispatch WowStateChanged message to client dataaccessd (268435460)
12/19/2016 12:51:51.424 Unable to dispatch WowStateChanged message to client MobileMail (268435460)
12/19/2016 12:51:51.426 MIS is already Enabled on ap1
12/19/2016 12:51:51.426 Client MobileMail set type to background application
12/19/2016 12:51:51.426 __WiFiManagerSetEnableState: state TRUE, manager->enable.setting TRUE, manager->unlockedSinceBoot TRUE
12/19/2016 12:51:51.426 BG Application: Not Present, BG Daemon: Present. Daemons: MobileMail mediaserverd apsd 
12/19/2016 12:51:51.426 Auto association attempt canceled because MIS is enabled. MIS client count: wifi=4 bt=0
12/19/2016 12:51:51.427 MIS Discovery is Disabled
12/19/2016 12:51:51.428 apsd[273] is a wow client
12/19/2016 12:51:51.428 WoW is Enabled, 1 WoW Clients
12/19/2016 12:51:51.428 apsd[273] is a wow client
12/19/2016 12:51:51.428 WoW is Enabled, 1 WoW Clients
12/19/2016 12:51:51.428 apsd[273] is a wow client
12/19/2016 12:51:51.428 WoW is Enabled, 1 WoW Clients
12/19/2016 12:51:57.934 IPv4 Primary interface is pdp_ip0 and IPv6 Primary Interface is (null)
12/19/2016 12:51:57.946 MIS is already Enabled on ap1
12/19/2016 12:51:57.946 MIS Discovery is Disabled
12/19/2016 12:52:37.011 __WiFiManagerCellularTransmitCallback_block_invoke: Cellular Transmit Started = FALSE
12/19/2016 12:52:56.359 IPv4 Primary interface is pdp_ip0 and IPv6 Primary Interface is (null)
12/19/2016 12:52:56.367 IPv4 Primary interface is pdp_ip0 and IPv6 Primary Interface is (null)
12/19/2016 12:52:56.425 Low bw cellular data available, so WiFi would stay connected under low signal quality
12/19/2016 12:52:56.425 WiFiLQAMgrSetWiFiFallBackPref: LQAManager WiFiFallBackPreference enabled 
12/19/2016 12:52:59.612 WiFiLocaleManagerCheckLocale: location service or wifi is off, set locale to default
12/19/2016 12:52:59.612 new locale:  , locale: 
12/19/2016 12:53:22.396 Foreground Network Application exited.
12/19/2016 12:53:22.396 BG Application: Not Present, BG Daemon: Present. Daemons: MobileMail mediaserverd apsd 
12/19/2016 12:53:22.396 __WiFiManagerSetEnableState: state TRUE, manager->enable.setting TRUE, manager->unlockedSinceBoot TRUE
12/19/2016 12:53:22.396 Auto association attempt canceled because MIS is enabled. MIS client count: wifi=4 bt=0
12/19/2016 12:53:22.405 BG Application: Not Present, BG Daemon: Present. Daemons: MobileMail mediaserverd apsd 
12/19/2016 12:53:22.505 Client dataaccessd set type to background application
12/19/2016 12:53:22.505 __WiFiManagerSetEnableState: state TRUE, manager->enable.setting TRUE, manager->unlockedSinceBoot TRUE
12/19/2016 12:53:22.505 BG Application: Not Present, BG Daemon: Present. Daemons: MobileMail dataaccessd mediaserverd apsd 
12/19/2016 12:53:22.505 Auto association attempt canceled because MIS is enabled. MIS client count: wifi=4 bt=0
12/19/2016 12:53:27.642 ATJManager: setting ask-to-join interaction mode to NonInteractive
12/19/2016 12:53:27.642 ATJManager: no entries to purge
12/19/2016 12:53:27.642 User interaction DISABLED
12/19/2016 12:53:27.642 Ignoring lock state manager->wakeMode 1

12/19/2016 12:53:27.651 Device display is OFF
12/19/2016 12:53:40.647 __WiFiManagerCellularTransmitCallback_block_invoke: Cellular Transmit Started = TRUE
12/19/2016 12:53:41.218 IPv4 Primary interface is (null) and IPv6 Primary Interface is (null)
12/19/2016 12:53:41.230 MIS is already Enabled on ap1
12/19/2016 12:53:41.234 MIS is already Enabled on ap1
12/19/2016 12:53:41.236 MIS Discovery is Disabled
12/19/2016 12:53:42.289 Client dataaccessd set type to normal application
12/19/2016 12:53:42.289 __WiFiManagerSetEnableState: state TRUE, manager->enable.setting TRUE, manager->unlockedSinceBoot TRUE
12/19/2016 12:53:42.290 BG Application: Not Present, BG Daemon: Present. Daemons: MobileMail mediaserverd apsd 
12/19/2016 12:53:44.121 High bw cellular data available, so WiFi would disconnect under low signal quality
12/19/2016 12:53:44.122 WiFiLQAMgrSetWiFiFallBackPref: LQAManager WiFiFallBackPreference disabled 
12/19/2016 12:53:44.524 Client dataaccessd set type to background application
12/19/2016 12:53:44.524 __WiFiManagerSetEnableState: state TRUE, manager->enable.setting TRUE, manager->unlockedSinceBoot TRUE
12/19/2016 12:53:44.524 BG Application: Not Present, BG Daemon: Present. Daemons: MobileMail dataaccessd mediaserverd apsd 
12/19/2016 12:53:44.524 Auto association attempt canceled because MIS is enabled. MIS client count: wifi=4 bt=0
12/19/2016 12:53:46.883 IPv4 Primary interface is pdp_ip0 and IPv6 Primary Interface is (null)
12/19/2016 12:53:46.913 MIS is already Enabled on ap1
12/19/2016 12:53:46.914 MIS Discovery is Disabled
12/19/2016 12:53:47.770 Client dataaccessd set type to normal application
12/19/2016 12:53:47.770 __WiFiManagerSetEnableState: state TRUE, manager->enable.setting TRUE, manager->unlockedSinceBoot TRUE
12/19/2016 12:53:47.770 BG Application: Not Present, BG Daemon: Present. Daemons: MobileMail mediaserverd apsd 
12/19/2016 12:53:47.774 Client dataaccessd set type to background application
12/19/2016 12:53:47.775 __WiFiManagerSetEnableState: state TRUE, manager->enable.setting TRUE, manager->unlockedSinceBoot TRUE
12/19/2016 12:53:47.775 BG Application: Not Present, BG Daemon: Present. Daemons: MobileMail dataaccessd mediaserverd apsd 
12/19/2016 12:53:47.775 Auto association attempt canceled because MIS is enabled. MIS client count: wifi=4 bt=0
12/19/2016 12:53:48.817 Client dataaccessd set type to background application
12/19/2016 12:53:49.521 Client dataaccessd set type to background application
12/19/2016 12:53:49.881 Client dataaccessd set type to background application
12/19/2016 12:53:49.898 Client dataaccessd set type to normal application
12/19/2016 12:53:49.898 __WiFiManagerSetEnableState: state TRUE, manager->enable.setting TRUE, manager->unlockedSinceBoot TRUE
12/19/2016 12:53:49.899 BG Application: Not Present, BG Daemon: Present. Daemons: MobileMail mediaserverd apsd 
12/19/2016 12:53:50.586 Client dataaccessd set type to normal application
12/19/2016 12:53:50.905 Client dataaccessd set type to normal application
12/19/2016 12:53:51.676 Client dataaccessd set type to normal application
12/19/2016 12:53:54.898 Device display is ON
12/19/2016 12:53:54.899 __WiFiManagerSetEnableState: state TRUE, manager->enable.setting TRUE, manager->unlockedSinceBoot TRUE
12/19/2016 12:53:54.900 Auto association attempt canceled because MIS is enabled. MIS client count: wifi=4 bt=0
12/19/2016 12:53:58.414 apsd[273] is a wow client
12/19/2016 12:53:58.414 WoW is Enabled, 1 WoW Clients
12/19/2016 12:54:00.380 ATJManager: setting ask-to-join interaction mode to Interactive
12/19/2016 12:54:00.380 ATJManager: no entries to purge
12/19/2016 12:54:00.381 User interaction ENABLED
12/19/2016 12:54:00.381 Ignoring lock state manager->wakeMode 1

12/19/2016 12:54:00.381 problematic networks =  and potentially problematic networks = 
12/19/2016 12:54:00.381 Unblacklisting
12/19/2016 12:54:00.381 No Change in Background Scan Networks, Skip Re-Programming Background Scan

12/19/2016 12:54:00.381 Auto association attempt canceled because MIS is enabled. MIS client count: wifi=4 bt=0
12/19/2016 12:54:03.069 BG Application: Not Present, BG Daemon: Present. Daemons: MobileMail mediaserverd apsd 
12/19/2016 12:54:06.601 BG Application: Not Present, BG Daemon: Present. Daemons: MobileMail mediaserverd apsd 
12/19/2016 12:54:06.601 __WiFiManagerSetEnableState: state TRUE, manager->enable.setting TRUE, manager->unlockedSinceBoot TRUE
12/19/2016 12:54:06.601 Auto association attempt canceled because MIS is enabled. MIS client count: wifi=4 bt=0
12/19/2016 12:54:08.494 Foreground Network Application entered.
12/19/2016 12:54:08.495 BG Application: Not Present, BG Daemon: Present. Daemons: MobileMail mediaserverd apsd 
12/19/2016 12:54:08.495 problematic networks =  and potentially problematic networks = 
12/19/2016 12:54:08.495 Unblacklisting
12/19/2016 12:54:08.495 No Change in Background Scan Networks, Skip Re-Programming Background Scan

12/19/2016 12:54:08.495 __WiFiManagerSetEnableState: state TRUE, manager->enable.setting TRUE, manager->unlockedSinceBoot TRUE
12/19/2016 12:54:08.495 Auto association attempt canceled because MIS is enabled. MIS client count: wifi=4 bt=0
12/19/2016 12:54:08.498 BG Application: Not Present, BG Daemon: Present. Daemons: MobileMail mediaserverd apsd 
12/19/2016 12:54:33.742 ATJManager: setting ask-to-join interaction mode to NonInteractive
12/19/2016 12:54:33.742 ATJManager: no entries to purge
12/19/2016 12:54:33.742 User interaction DISABLED
12/19/2016 12:54:33.742 Ignoring lock state manager->wakeMode 1

12/19/2016 12:54:33.747 Device display is OFF
12/19/2016 12:54:33.806 Foreground Network Application exited.
12/19/2016 12:54:33.806 BG Application: Not Present, BG Daemon: Present. Daemons: MobileMail mediaserverd apsd 
12/19/2016 12:54:46.865 Disable WoW requested by "apsd"
12/19/2016 12:54:46.866 WoW Capable = YES, Attempting to disable WoW and enable LPAS 
12/19/2016 12:54:46.866 Setting WoW params to <CFBasicHash 0x14cd77790 [0x1a0950150]>{type = immutable dict, count = 3,
entries =>
	0 : <CFString 0x100175960 [0x1a0950150]>{contents = "IO80211InterfaceEnableLowPwrAssocMode"} = <CFBoolean 0x1a09506c8 [0x1a0950150]>{value = true}
	1 : <CFString 0x100175940 [0x1a0950150]>{contents = "IO80211InterfaceEnableWoW"} = <CFBoolean 0x1a09506d8 [0x1a0950150]>{value = false}
	2 : <CFString 0x100185ae0 [0x1a0950150]>{contents = "IO80211InterfaceEnableWoWOnCaptive"} = <CFBoolean 0x1a09506d8 [0x1a0950150]>{value = false}
}

12/19/2016 12:54:46.868 WiFiDeviceRequestAssociatedSleep: ActiveDuringSleepRequested is already removed ((null)).
12/19/2016 12:54:46.869 WoW Disabled, 0 WoW Clients, lpas is Enabled, WoW Override is Disabled, Captive Disabled
12/19/2016 12:54:46.869 Unable to dispatch WowStateChanged message to client mediaserverd (268435460)
12/19/2016 12:54:46.869 Unable to dispatch WowStateChanged message to client itunesstored (268435460)
12/19/2016 12:54:46.870 Unable to dispatch WowStateChanged message to client dataaccessd (268435460)
12/19/2016 12:54:46.871 Unable to dispatch WowStateChanged message to client MobileMail (268435460)
12/19/2016 12:54:46.871 WoW is Disabled, 0 WoW Clients
12/19/2016 12:54:46.872 WoW is Disabled, 0 WoW Clients
12/19/2016 12:54:46.878 WoW is Disabled, 0 WoW Clients
12/19/2016 12:54:51.870 Client apsd set type to normal application
12/19/2016 12:54:51.870 __WiFiManagerSetEnableState: state TRUE, manager->enable.setting TRUE, manager->unlockedSinceBoot TRUE
12/19/2016 12:54:51.870 BG Application: Not Present, BG Daemon: Present. Daemons: MobileMail mediaserverd 
12/19/2016 12:54:51.890 Client MobileMail set type to normal application
12/19/2016 12:54:51.890 __WiFiManagerSetEnableState: state TRUE, manager->enable.setting TRUE, manager->unlockedSinceBoot TRUE
12/19/2016 12:54:51.890 BG Application: Not Present, BG Daemon: Present. Daemons: mediaserverd 
12/19/2016 12:54:59.610 WiFiLocaleManagerCheckLocale: location service or wifi is off, set locale to default
12/19/2016 12:54:59.610 new locale:  , locale: 
12/19/2016 12:55:00.392 Background Network Application entered
12/19/2016 12:55:00.393 BG Application: Present, BG Daemon: Present. Daemons: mediaserverd 
12/19/2016 12:55:00.393 __WiFiManagerSetEnableState: state TRUE, manager->enable.setting TRUE, manager->unlockedSinceBoot TRUE
12/19/2016 12:55:00.394 Auto association attempt canceled because MIS is enabled. MIS client count: wifi=4 bt=0
12/19/2016 12:55:00.405 Background Network Application entered
12/19/2016 12:55:00.405 BG Application: Not Present, BG Daemon: Present. Daemons: mediaserverd 
12/19/2016 12:55:00.405 __WiFiManagerSetEnableState: state TRUE, manager->enable.setting TRUE, manager->unlockedSinceBoot TRUE
12/19/2016 12:55:00.405 Auto association attempt canceled because MIS is enabled. MIS client count: wifi=4 bt=0
12/19/2016 12:55:00.512 __WiFiDeviceProcessDumpLogsEvent: Dump logs event received, dumped wifid log buffer to file
