 1/15/2017 15:32:43.664 Power stats update: Type 0x6 UnassociatedSleepDur 0 AssociatedSleepDur 609189 TotalDur 613633 RoamDur 45
 1/15/2017 15:32:43.664 WiFiAWDManagerSubmitMetric: metric container could not be generated for metric id <0x90010>
 1/15/2017 15:32:43.665 __WiFiLQAMgrLogStats: Rssi: -70 Cca: 1 TxPer: 0.0% (0) BcnPer: 0.0% (0) RxFrms 0 TxRate: 0 RxRate: 0
 1/15/2017 15:32:43.676 __WiFiDeviceManagerAwdlAvailableCallback: AWDL availability changed to TRUE
 1/15/2017 15:32:43.677 __WiFiDeviceCopyLinkChangedSubReasonString: Apple80211ReturnToString failed 1
 1/15/2017 15:32:43.677 __WiFiDeviceProcessDriverAvailableEvent: driver availability true, reason Initializing(0xe0821803), subreason (null)(0x0)
 1/15/2017 15:32:43.677 __WiFiManagerDispatchDeviceAvailable: driver availability true

 1/15/2017 15:32:43.682 Unable to dispatch message to client MessagesViewServ (268435460)
 1/15/2017 15:32:43.683 __WiFiDeviceManagerAutoAssociate: Already connected to DIGI-146A.
 1/15/2017 15:32:43.683 WiFiAWDManagerSubmitMetric: metric container could not be generated for metric id <0x9000e>
 1/15/2017 15:32:43.684 __WiFiDeviceManagerAutoAssociate: Already connected to DIGI-146A.
 1/15/2017 15:32:43.687 No Change in Background Scan Networks, Skip Re-Programming Background Scan

 1/15/2017 15:32:43.744 __WiFiManagerCellularTransmitCallback_block_invoke: Cellular Transmit Started = FALSE
 1/15/2017 15:32:43.784 apsd[273] is a wow client
 1/15/2017 15:32:43.784 WoW is Enabled, 1 WoW Clients
 1/15/2017 15:32:44.168 Disable WoW requested by "apsd"
 1/15/2017 15:32:44.168 WoW Capable = YES, Attempting to disable WoW and enable LPAS 
 1/15/2017 15:32:44.168 Setting WoW params to <CFBasicHash 0x14ce399d0 [0x1a0950150]>{type = immutable dict, count = 3,
entries =>
	0 : <CFString 0x100175960 [0x1a0950150]>{contents = "IO80211InterfaceEnableLowPwrAssocMode"} = <CFBoolean 0x1a09506c8 [0x1a0950150]>{value = true}
	1 : <CFString 0x100175940 [0x1a0950150]>{contents = "IO80211InterfaceEnableWoW"} = <CFBoolean 0x1a09506d8 [0x1a0950150]>{value = false}
	2 : <CFString 0x100185ae0 [0x1a0950150]>{contents = "IO80211InterfaceEnableWoWOnCaptive"} = <CFBoolean 0x1a09506d8 [0x1a0950150]>{value = false}
}

 1/15/2017 15:32:44.170 WiFiDeviceRequestAssociatedSleep: ActiveDuringSleepRequested is already set (<CFBasicHash 0x14cfcc380 [0x1a0950150]>{type = immutable dict, count = 0,
entries =>
}
).
 1/15/2017 15:32:44.172 WoW Disabled, 0 WoW Clients, lpas is Enabled, WoW Override is Disabled, Captive Disabled
 1/15/2017 15:32:44.174 Unable to dispatch WowStateChanged message to client Preferences (268435460)
 1/15/2017 15:32:44.174 Unable to dispatch WowStateChanged message to client dataaccessd (268435460)
 1/15/2017 15:32:44.175 Unable to dispatch WowStateChanged message to client itunesstored (268435460)
 1/15/2017 15:32:44.175 Unable to dispatch WowStateChanged message to client mediaserverd (268435460)
 1/15/2017 15:32:44.175 Unable to dispatch WowStateChanged message to client MobileMail (268435460)
 1/15/2017 15:32:44.176 Unable to dispatch WowStateChanged message to client profiled (268435460)
 1/15/2017 15:32:44.178 Unable to dispatch WowStateChanged message to client MessagesViewServ (268435460)
 1/15/2017 15:32:44.178 Unable to dispatch WowStateChanged message to client assistantd (268435460)
 1/15/2017 15:32:44.188 WoW is Disabled, 0 WoW Clients
 1/15/2017 15:32:44.189 WoW is Disabled, 0 WoW Clients
 1/15/2017 15:32:44.189 WoW is Disabled, 0 WoW Clients
 1/15/2017 15:32:48.493 
Too frequent(0.062105 secs) rssi event from driver, ignoring

 1/15/2017 15:32:49.106 Client apsd set type to normal application
 1/15/2017 15:32:49.106 __WiFiManagerSetEnableState: state TRUE, manager->enable.setting TRUE, manager->unlockedSinceBoot TRUE
 1/15/2017 15:32:49.106 BG Application: Not Present, BG Daemon: Present. Daemons: mediaserverd 
 1/15/2017 15:32:53.502 
Too frequent(0.054473 secs) rssi event from driver, ignoring

 1/15/2017 15:32:58.511 
Too frequent(0.037695 secs) rssi event from driver, ignoring

 1/15/2017 15:33:02.950 Received kIOMessageSystemWillSleep
 1/15/2017 15:33:02.950 System Sleep notification, Disabling auto-join
 1/15/2017 15:33:02.950 __WiFiManagerSetEnableState: state FALSE, manager->enable.setting TRUE, manager->unlockedSinceBoot TRUE
 1/15/2017 15:33:02.950 Disabling automatic association
 1/15/2017 15:33:02.995 WoW is Disabled, 0 WoW Clients
 1/15/2017 15:33:03.108 __WiFiDeviceManagerAwdlAvailableCallback: AWDL availability changed to FALSE
 1/15/2017 15:33:03.108 __WiFiDeviceCopyLinkChangedSubReasonString: Apple80211ReturnToString failed 1
 1/15/2017 15:33:03.108 __WiFiDeviceProcessDriverAvailableEvent: driver availability false, reason PowerOff(0xe0821804), subreason (null)(0x0)
 1/15/2017 15:33:03.108 __WiFiManagerDispatchDeviceAvailable: driver availability false

 1/15/2017 15:33:03.109 Unable to dispatch message to client MessagesViewServ (268435460)
 1/15/2017 15:33:03.109 WiFiAWDManagerSubmitMetric: metric container could not be generated for metric id <0x9000e>
 1/15/2017 15:33:03.118 WoW is Disabled, 0 WoW Clients
 1/15/2017 15:38:04.263 Received kIOMessageSystemWillPowerOn
 1/15/2017 15:38:04.264 System wake reason: AOP.ExternalReq wlan
 1/15/2017 15:38:04.264 System Powered ON notification Re-enabling auto-join
 1/15/2017 15:38:04.264 __WiFiManagerSetEnableState: state TRUE, manager->enable.setting TRUE, manager->unlockedSinceBoot TRUE
 1/15/2017 15:38:04.264 Enabling automatic association
 1/15/2017 15:38:04.264 __WiFiDeviceManagerAutoAssociate: Already connected to DIGI-146A.
 1/15/2017 15:38:04.264 WiFiLocaleManagerCheckLocale: location service or wifi is off, set locale to default
 1/15/2017 15:38:04.264 new locale:  , locale: 
 1/15/2017 15:38:04.266 __WiFiDeviceProcessDumpLogsEvent: Dump logs event received, dumped wifid log buffer to file
