12/19/2016 11:10:09.571 __WiFiManagerCellularTransmitCallback_block_invoke: Cellular Transmit Started = FALSE
12/19/2016 11:10:09.830 __WiFiManagerCellularTransmitCallback_block_invoke: Cellular Transmit Started = TRUE
12/19/2016 11:10:10.413 __WiFiManagerCellularTransmitCallback_block_invoke: Cellular Transmit Started = FALSE
12/19/2016 11:10:12.625 __WiFiManagerCellularTransmitCallback_block_invoke: Cellular Transmit Started = TRUE
12/19/2016 11:10:14.822 __WiFiManagerCellularTransmitCallback_block_invoke: Cellular Transmit Started = FALSE
12/19/2016 11:10:15.918 __WiFiManagerCellularTransmitCallback_block_invoke: Cellular Transmit Started = TRUE
12/19/2016 11:10:44.969 IPv4 Primary interface is (null) and IPv6 Primary Interface is (null)
12/19/2016 11:10:44.971 Client apsd set type to background application
12/19/2016 11:10:44.971 __WiFiManagerSetEnableState: state TRUE, manager->enable.setting TRUE, manager->unlockedSinceBoot TRUE
12/19/2016 11:10:44.972 BG Application: Not Present, BG Daemon: Present. Daemons: mediaserverd apsd 
12/19/2016 11:10:44.972 Auto association attempt canceled because MIS is enabled. MIS client count: wifi=4 bt=0
12/19/2016 11:10:44.972 Enable WoW requested by "apsd"
12/19/2016 11:10:44.973 WoW Capable = YES, Attempting to enable WoW and disable LPAS 
12/19/2016 11:10:44.973 Setting WoW params to <CFBasicHash 0x14ce6a9d0 [0x1a0950150]>{type = immutable dict, count = 3,
entries =>
	0 : <CFString 0x100175960 [0x1a0950150]>{contents = "IO80211InterfaceEnableLowPwrAssocMode"} = <CFBoolean 0x1a09506d8 [0x1a0950150]>{value = false}
	1 : <CFString 0x100175940 [0x1a0950150]>{contents = "IO80211InterfaceEnableWoW"} = <CFBoolean 0x1a09506c8 [0x1a0950150]>{value = true}
	2 : <CFString 0x100185ae0 [0x1a0950150]>{contents = "IO80211InterfaceEnableWoWOnCaptive"} = <CFBoolean 0x1a09506d8 [0x1a0950150]>{value = false}
}

12/19/2016 11:10:44.978 WiFiDeviceRequestAssociatedSleep: ActiveDuringSleepRequested is already removed ((null)).
12/19/2016 11:10:44.978 WoW Enabled by 1 Clients, lpas is Disabled, WoW Override is Disabled, Captive Disabled
12/19/2016 11:10:44.980 apsd[273] is a wow client
12/19/2016 11:10:44.980 WoW is Enabled, 1 WoW Clients
12/19/2016 11:10:44.980 apsd[273] is a wow client
12/19/2016 11:10:44.980 WoW is Enabled, 1 WoW Clients
12/19/2016 11:10:44.981 apsd[273] is a wow client
12/19/2016 11:10:44.981 WoW is Enabled, 1 WoW Clients
12/19/2016 11:10:45.011 MIS is already Enabled on ap1
12/19/2016 11:10:45.018 MIS is already Enabled on ap1
12/19/2016 11:10:45.019 MIS Discovery is Disabled
12/19/2016 11:10:45.035 Client MobileMail set type to background application
12/19/2016 11:10:45.036 __WiFiManagerSetEnableState: state TRUE, manager->enable.setting TRUE, manager->unlockedSinceBoot TRUE
12/19/2016 11:10:45.036 BG Application: Not Present, BG Daemon: Present. Daemons: MobileMail mediaserverd apsd 
12/19/2016 11:10:45.036 Auto association attempt canceled because MIS is enabled. MIS client count: wifi=4 bt=0
12/19/2016 11:10:51.373 IPv4 Primary interface is pdp_ip0 and IPv6 Primary Interface is (null)
12/19/2016 11:10:51.391 MIS is already Enabled on ap1
12/19/2016 11:10:51.393 MIS Discovery is Disabled
12/19/2016 11:10:59.718 WiFiLocaleManagerCheckLocale: location service or wifi is off, set locale to default
12/19/2016 11:10:59.718 new locale:  , locale: 
12/19/2016 11:11:51.343 Disable WoW requested by "apsd"
12/19/2016 11:11:51.343 WoW Capable = YES, Attempting to disable WoW and enable LPAS 
12/19/2016 11:11:51.344 Setting WoW params to <CFBasicHash 0x14cd61d40 [0x1a0950150]>{type = immutable dict, count = 3,
entries =>
	0 : <CFString 0x100175960 [0x1a0950150]>{contents = "IO80211InterfaceEnableLowPwrAssocMode"} = <CFBoolean 0x1a09506c8 [0x1a0950150]>{value = true}
	1 : <CFString 0x100175940 [0x1a0950150]>{contents = "IO80211InterfaceEnableWoW"} = <CFBoolean 0x1a09506d8 [0x1a0950150]>{value = false}
	2 : <CFString 0x100185ae0 [0x1a0950150]>{contents = "IO80211InterfaceEnableWoWOnCaptive"} = <CFBoolean 0x1a09506d8 [0x1a0950150]>{value = false}
}

12/19/2016 11:11:51.345 WiFiDeviceRequestAssociatedSleep: ActiveDuringSleepRequested is already removed ((null)).
12/19/2016 11:11:51.345 WoW Disabled, 0 WoW Clients, lpas is Enabled, WoW Override is Disabled, Captive Disabled
12/19/2016 11:11:51.346 WoW is Disabled, 0 WoW Clients
12/19/2016 11:11:51.347 WoW is Disabled, 0 WoW Clients
12/19/2016 11:11:51.348 WoW is Disabled, 0 WoW Clients
12/19/2016 11:11:56.347 Client apsd set type to normal application
12/19/2016 11:11:56.348 __WiFiManagerSetEnableState: state TRUE, manager->enable.setting TRUE, manager->unlockedSinceBoot TRUE
12/19/2016 11:11:56.348 BG Application: Not Present, BG Daemon: Present. Daemons: MobileMail mediaserverd 
12/19/2016 11:11:56.370 Client MobileMail set type to normal application
12/19/2016 11:11:56.370 __WiFiManagerSetEnableState: state TRUE, manager->enable.setting TRUE, manager->unlockedSinceBoot TRUE
12/19/2016 11:11:56.371 BG Application: Not Present, BG Daemon: Present. Daemons: mediaserverd 
12/19/2016 11:12:59.716 WiFiLocaleManagerCheckLocale: location service or wifi is off, set locale to default
12/19/2016 11:12:59.716 new locale:  , locale: 
12/19/2016 11:13:45.829 WoW is Disabled, 0 WoW Clients
12/19/2016 11:14:59.715 WiFiLocaleManagerCheckLocale: location service or wifi is off, set locale to default
12/19/2016 11:14:59.715 new locale:  , locale: 
12/19/2016 11:15:00.558 __WiFiDeviceProcessDumpLogsEvent: Dump logs event received, dumped wifid log buffer to file
