12/27/2016 16:02:51.212 Power stats update: Type 0x6 UnassociatedSleepDur 0 AssociatedSleepDur 442586 TotalDur 450825 RoamDur 4033
12/27/2016 16:02:51.212 WiFiAWDManagerSubmitMetric: metric container could not be generated for metric id <0x90010>
12/27/2016 16:02:51.213 __WiFiLQAMgrLogStats: Rssi: -67 Cca: 6 TxPer: 0.0% (21) BcnPer: 0.0% (50) RxFrms 23 TxRate: 19500 RxRate: 52000
12/27/2016 16:02:51.225 __WiFiDeviceCopyLinkChangedSubReasonString: Apple80211ReturnToString failed 1
12/27/2016 16:02:51.225 __WiFiDeviceProcessDriverAvailableEvent: driver availability true, reason Initializing(0xe0821803), subreason (null)(0x0)
12/27/2016 16:02:51.225 __WiFiManagerDispatchDeviceAvailable: driver availability true

12/27/2016 16:02:51.257 Unable to dispatch message to client MessagesViewServ (268435460)
12/27/2016 16:02:51.258 __WiFiDeviceManagerAutoAssociate: Already connected to DIGI-146A.
12/27/2016 16:02:51.258 WiFiAWDManagerSubmitMetric: metric container could not be generated for metric id <0x9000e>
12/27/2016 16:02:51.258 __WiFiManagerCellularTransmitCallback_block_invoke: Cellular Transmit Started = TRUE
12/27/2016 16:02:51.264 __WiFiDeviceManagerAwdlAvailableCallback: AWDL availability changed to TRUE
12/27/2016 16:02:51.265 __WiFiDeviceManagerAutoAssociate: Already connected to DIGI-146A.
12/27/2016 16:02:51.266 No Change in Background Scan Networks, Skip Re-Programming Background Scan

12/27/2016 16:02:51.575 Disable WoW requested by "apsd"
12/27/2016 16:02:51.576 WoW Capable = YES, Attempting to disable WoW and enable LPAS 
12/27/2016 16:02:51.577 Setting WoW params to <CFBasicHash 0x14cfa5750 [0x1a0950150]>{type = immutable dict, count = 3,
entries =>
	0 : <CFString 0x100175960 [0x1a0950150]>{contents = "IO80211InterfaceEnableLowPwrAssocMode"} = <CFBoolean 0x1a09506c8 [0x1a0950150]>{value = true}
	1 : <CFString 0x100175940 [0x1a0950150]>{contents = "IO80211InterfaceEnableWoW"} = <CFBoolean 0x1a09506d8 [0x1a0950150]>{value = false}
	2 : <CFString 0x100185ae0 [0x1a0950150]>{contents = "IO80211InterfaceEnableWoWOnCaptive"} = <CFBoolean 0x1a09506d8 [0x1a0950150]>{value = false}
}

12/27/2016 16:02:51.579 WiFiDeviceRequestAssociatedSleep: ActiveDuringSleepRequested is already set (<CFBasicHash 0x14cf68990 [0x1a0950150]>{type = immutable dict, count = 0,
entries =>
}
).
12/27/2016 16:02:51.579 WoW Disabled, 0 WoW Clients, lpas is Enabled, WoW Override is Disabled, Captive Disabled
12/27/2016 16:02:51.580 Unable to dispatch WowStateChanged message to client dataaccessd (268435460)
12/27/2016 16:02:51.581 Unable to dispatch WowStateChanged message to client itunesstored (268435460)
12/27/2016 16:02:51.582 Unable to dispatch WowStateChanged message to client mediaserverd (268435460)
12/27/2016 16:02:51.582 Unable to dispatch WowStateChanged message to client MobileMail (268435460)
12/27/2016 16:02:51.588 Unable to dispatch WowStateChanged message to client MessagesViewServ (268435460)
12/27/2016 16:02:51.594 Unable to dispatch WowStateChanged message to client assistantd (268435460)
12/27/2016 16:02:51.604 WoW is Disabled, 0 WoW Clients
12/27/2016 16:02:51.604 WoW is Disabled, 0 WoW Clients
12/27/2016 16:02:51.605 WoW is Disabled, 0 WoW Clients
12/27/2016 16:02:51.818 WoW is Disabled, 0 WoW Clients
12/27/2016 16:02:52.224 Device display is ON
12/27/2016 16:02:52.225 __WiFiManagerSetEnableState: state TRUE, manager->enable.setting TRUE, manager->unlockedSinceBoot TRUE
12/27/2016 16:02:52.225 __WiFiDeviceManagerAutoAssociate: Already connected to DIGI-146A.
12/27/2016 16:02:52.360 Async scan requested by "locationd" for 1 iterations with maxage=0 priority normal on en0
12/27/2016 16:02:52.360 Enqueuing command type: "Scan" pending commands: 0
12/27/2016 16:02:52.360 Dequeuing command type: "Scan" pending commands: 0
12/27/2016 16:02:52.362 Attempting Apple80211ScanAsync on en0
12/27/2016 16:02:52.577 Completed Apple80211ScanAsync on en0 (0x0)
12/27/2016 16:02:52.577 Async scan request completed for "locationd" (0)
12/27/2016 16:02:52.579 Async scan requested by "locationd" for 1 iterations with maxage=0 priority normal on en0
12/27/2016 16:02:52.579 Enqueuing command type: "Scan" pending commands: 0
12/27/2016 16:02:52.579 Dequeuing command type: "Scan" pending commands: 0
12/27/2016 16:02:52.579 Attempting Apple80211ScanAsync on en0
12/27/2016 16:02:53.034 Completed Apple80211ScanAsync on en0 (0x0)
12/27/2016 16:02:53.035 Async scan request completed for "locationd" (0)
12/27/2016 16:02:56.027 __WiFiManagerCellularTransmitCallback_block_invoke: Cellular Transmit Started = FALSE
12/27/2016 16:02:56.469 Client apsd set type to normal application
12/27/2016 16:02:56.469 __WiFiManagerSetEnableState: state TRUE, manager->enable.setting TRUE, manager->unlockedSinceBoot TRUE
12/27/2016 16:02:56.469 BG Application: Not Present, BG Daemon: Present. Daemons: mediaserverd 
12/27/2016 16:02:59.619 Background Network Application entered
12/27/2016 16:02:59.619 BG Application: Present, BG Daemon: Present. Daemons: mediaserverd 
12/27/2016 16:02:59.619 __WiFiManagerSetEnableState: state TRUE, manager->enable.setting TRUE, manager->unlockedSinceBoot TRUE
12/27/2016 16:02:59.620 __WiFiDeviceManagerAutoAssociate: Already connected to DIGI-146A.
12/27/2016 16:03:00.090 Background Network Application entered
12/27/2016 16:03:00.090 BG Application: Not Present, BG Daemon: Present. Daemons: mediaserverd 
12/27/2016 16:03:00.090 __WiFiManagerSetEnableState: state TRUE, manager->enable.setting TRUE, manager->unlockedSinceBoot TRUE
12/27/2016 16:03:00.091 __WiFiDeviceManagerAutoAssociate: Already connected to DIGI-146A.
12/27/2016 16:03:03.749 Device display is OFF
12/27/2016 16:03:06.148 __WiFiLQAMgrLogStats: Rssi: -63 Cca: 53 TxPer: 0.0% (1) BcnPer: 2.0% (50) RxFrms 5 TxRate: 39000 RxRate: 65000
12/27/2016 16:03:06.287 __WiFiManagerCellularTransmitCallback_block_invoke: Cellular Transmit Started = TRUE
12/27/2016 16:03:07.040 scanCache: Purging scan cache
12/27/2016 16:03:11.158 __WiFiLQAMgrLogStats: Rssi: -68 Cca: 32 TxPer: 0.0% (5) BcnPer: 0.0% (49) RxFrms 25 TxRate: 39000 RxRate: 52000
12/27/2016 16:03:11.360 __WiFiManagerCellularTransmitCallback_block_invoke: Cellular Transmit Started = FALSE
12/27/2016 16:03:12.158 
Too frequent(0.999219 secs) rssi event from driver, ignoring

12/27/2016 16:03:24.026 Received kIOMessageSystemWillSleep
12/27/2016 16:03:24.026 System Sleep notification, Disabling auto-join
12/27/2016 16:03:24.026 __WiFiManagerSetEnableState: state FALSE, manager->enable.setting TRUE, manager->unlockedSinceBoot TRUE
12/27/2016 16:03:24.026 Disabling automatic association
12/27/2016 16:03:24.078 WoW is Disabled, 0 WoW Clients
12/27/2016 16:03:24.181 __WiFiDeviceCopyLinkChangedSubReasonString: Apple80211ReturnToString failed 1
12/27/2016 16:03:24.182 __WiFiDeviceProcessDriverAvailableEvent: driver availability false, reason PowerOff(0xe0821804), subreason (null)(0x0)
12/27/2016 16:03:24.182 __WiFiManagerDispatchDeviceAvailable: driver availability false

12/27/2016 16:03:24.183 Unable to dispatch message to client MessagesViewServ (268435460)
12/27/2016 16:03:24.183 WiFiAWDManagerSubmitMetric: metric container could not be generated for metric id <0x9000e>
12/27/2016 16:03:24.202 __WiFiDeviceManagerAwdlAvailableCallback: AWDL availability changed to FALSE
12/27/2016 16:03:24.211 WoW is Disabled, 0 WoW Clients
12/27/2016 16:03:33.400 Received kIOMessageSystemWillPowerOn
12/27/2016 16:03:33.400 System wake reason: AOP.ExternalReq baseband
12/27/2016 16:03:33.400 System Powered ON notification Re-enabling auto-join
12/27/2016 16:03:33.400 __WiFiManagerSetEnableState: state TRUE, manager->enable.setting TRUE, manager->unlockedSinceBoot TRUE
12/27/2016 16:03:33.401 Enabling automatic association
12/27/2016 16:03:33.401 __WiFiDeviceManagerAutoAssociate: Already connected to DIGI-146A.
12/27/2016 16:03:33.402 WiFiLocaleManagerCheckLocale: trying to determine locale...
12/27/2016 16:03:33.402 WiFiManagerCoreLocationGetCachedLocation: getting cached location...
12/27/2016 16:03:33.404 __WiFiLocaleManagerGetLocaleFromMcc: finding iso country code for mcc 226 ....
12/27/2016 16:03:33.404 WiFiLocationServiceManagerIsLocationValid: cachedLocationTimeout 120.000000 location age 538.830397secs, lifeSpan -1.000000 accuracy 65.000000(highAccReq 0), isValid 1
12/27/2016 16:03:33.404 WiFiLocationServiceManagerStartLowAccuracyMonitoring: Cached low accuracy location is valid
12/27/2016 16:03:33.404 WiFiLocationServiceManagerIsLocationValid: cachedLocationTimeout 120.000000 location age 538.830570secs, lifeSpan -1.000000 accuracy 65.000000(highAccReq 1), isValid 1
12/27/2016 16:03:33.404 WiFiLocationServiceManagerIsLocationValid: cachedLocationTimeout 120.000000 location age 538.830628secs, lifeSpan -1.000000 accuracy 65.000000(highAccReq 0), isValid 1
12/27/2016 16:03:33.404 __WiFiLocationServiceManagerProcessLocationAvailableEvent: isValidHighAccuracyLocation 1,  isValidLowAccuracyLocation 1
12/27/2016 16:03:33.404 __WiFiLocationServiceManagerProcessLocationAvailableEvent: give low accuracy callback
12/27/2016 16:03:33.405 __WiFiLocaleManagerGetLocaleFromLocation: <+44.42591692,+26.13608179> +/- 65.00m (speed -1.00 mps / course -1.00) @ 12/27/16, 3:54:34 PM Eastern European Standard Time
12/27/2016 16:03:33.405 locale from bounding box 
12/27/2016 16:03:33.405 new locale:  , locale: 
12/27/2016 16:03:33.405 Stopping Low Accuracy Location Monitoring
12/27/2016 16:03:33.405 CLMonitoring is already stopped
12/27/2016 16:03:33.405 Stopping Low Accuracy Location Monitoring
12/27/2016 16:03:33.405 CLMonitoring is already stopped
12/27/2016 16:03:33.405 Power stats update: Type 0x5 UnassociatedSleepDur 0 AssociatedSleepDur 4178 TotalDur 9150 RoamDur 0
12/27/2016 16:03:33.405 WiFiAWDManagerSubmitMetric: metric container could not be generated for metric id <0x90010>
12/27/2016 16:03:33.406 __WiFiLQAMgrLogStats: Rssi: -68 Cca: 6 TxPer: 0.0% (0) BcnPer: 0.0% (0) RxFrms 0 TxRate: 0 RxRate: 0
12/27/2016 16:03:33.407 __WiFiDeviceCopyLinkChangedSubReasonString: Apple80211ReturnToString failed 1
12/27/2016 16:03:33.407 __WiFiDeviceProcessDriverAvailableEvent: driver availability true, reason Initializing(0xe0821803), subreason (null)(0x0)
12/27/2016 16:03:33.407 __WiFiManagerDispatchDeviceAvailable: driver availability true

12/27/2016 16:03:33.408 Unable to dispatch message to client MessagesViewServ (268435460)
12/27/2016 16:03:33.409 __WiFiDeviceManagerAutoAssociate: Already connected to DIGI-146A.
12/27/2016 16:03:33.409 WiFiAWDManagerSubmitMetric: metric container could not be generated for metric id <0x9000e>
12/27/2016 16:03:33.415 __WiFiDeviceManagerAutoAssociate: Already connected to DIGI-146A.
12/27/2016 16:03:33.417 No Change in Background Scan Networks, Skip Re-Programming Background Scan

12/27/2016 16:03:33.447 __WiFiLocationServiceManagerEventCallback, got cb dict {
    eventType = 0;
    location = "<+44.42605762,+26.13587647> +/- 65.00m (speed -1.00 mps / course -1.00) @ 12/27/16, 4:03:01 PM Eastern European Standard Time";
}
12/27/2016 16:03:33.448 WiFiLocationServiceManagerIsLocationValid: cachedLocationTimeout 120.000000 location age 31.866824secs, lifeSpan -1.000000 accuracy 65.000000(highAccReq 1), isValid 1
12/27/2016 16:03:33.448 WiFiLocationServiceManagerIsLocationValid: cachedLocationTimeout 120.000000 location age 31.866927secs, lifeSpan -1.000000 accuracy 65.000000(highAccReq 0), isValid 1
12/27/2016 16:03:33.448 __WiFiLocationServiceManagerProcessLocationAvailableEvent: isValidHighAccuracyLocation 1,  isValidLowAccuracyLocation 1
12/27/2016 16:03:33.449 __WiFiDeviceManagerAwdlAvailableCallback: AWDL availability changed to TRUE
12/27/2016 16:03:33.509 __WiFiManagerCellularTransmitCallback_block_invoke: Cellular Transmit Started = TRUE
12/27/2016 16:03:33.916 WoW is Disabled, 0 WoW Clients
12/27/2016 16:03:34.080 WiFiLocaleManagerCheckLocale: trying to determine locale...
12/27/2016 16:03:34.080 WiFiManagerCoreLocationGetCachedLocation: getting cached location...
12/27/2016 16:03:34.081 __WiFiLocaleManagerGetLocaleFromMcc: finding iso country code for mcc 226 ....
12/27/2016 16:03:34.082 WiFiLocationServiceManagerIsLocationValid: cachedLocationTimeout 120.000000 location age 32.500258secs, lifeSpan -1.000000 accuracy 65.000000(highAccReq 0), isValid 1
12/27/2016 16:03:34.082 WiFiLocationServiceManagerStartLowAccuracyMonitoring: Cached low accuracy location is valid
12/27/2016 16:03:34.082 WiFiLocationServiceManagerIsLocationValid: cachedLocationTimeout 120.000000 location age 32.500383secs, lifeSpan -1.000000 accuracy 65.000000(highAccReq 1), isValid 1
12/27/2016 16:03:34.082 WiFiLocationServiceManagerIsLocationValid: cachedLocationTimeout 120.000000 location age 32.500434secs, lifeSpan -1.000000 accuracy 65.000000(highAccReq 0), isValid 1
12/27/2016 16:03:34.082 __WiFiLocationServiceManagerProcessLocationAvailableEvent: isValidHighAccuracyLocation 1,  isValidLowAccuracyLocation 1
12/27/2016 16:03:34.082 __WiFiLocationServiceManagerProcessLocationAvailableEvent: give low accuracy callback
12/27/2016 16:03:34.083 __WiFiLocaleManagerGetLocaleFromLocation: <+44.42605762,+26.13587647> +/- 65.00m (speed -1.00 mps / course -1.00) @ 12/27/16, 4:03:01 PM Eastern European Standard Time
12/27/2016 16:03:34.083 locale from bounding box 
12/27/2016 16:03:34.083 new locale:  , locale: 
12/27/2016 16:03:34.083 Stopping Low Accuracy Location Monitoring
12/27/2016 16:03:34.083 CLMonitoring is already stopped
12/27/2016 16:03:34.083 Stopping Low Accuracy Location Monitoring
12/27/2016 16:03:34.083 CLMonitoring is already stopped
12/27/2016 16:03:34.083 __WiFiLocationServiceManagerEventCallback, got cb dict {
    eventType = 0;
    location = "<+44.42605762,+26.13587647> +/- 65.00m (speed -1.00 mps / course -1.00) @ 12/27/16, 4:03:01 PM Eastern European Standard Time";
}
12/27/2016 16:03:34.084 WiFiLocationServiceManagerIsLocationValid: cachedLocationTimeout 120.000000 location age 32.502804secs, lifeSpan -1.000000 accuracy 65.000000(highAccReq 1), isValid 1
12/27/2016 16:03:34.084 WiFiLocationServiceManagerIsLocationValid: cachedLocationTimeout 120.000000 location age 32.502859secs, lifeSpan -1.000000 accuracy 65.000000(highAccReq 0), isValid 1
12/27/2016 16:03:34.084 __WiFiLocationServiceManagerProcessLocationAvailableEvent: isValidHighAccuracyLocation 1,  isValidLowAccuracyLocation 1
12/27/2016 16:03:38.255 __WiFiManagerCellularTransmitCallback_block_invoke: Cellular Transmit Started = FALSE
12/27/2016 16:03:38.652 
Too frequent(0.291443 secs) rssi event from driver, ignoring

12/27/2016 16:03:43.670 
Too frequent(0.309170 secs) rssi event from driver, ignoring

12/27/2016 16:03:44.689 __WiFiManagerCellularTransmitCallback_block_invoke: Cellular Transmit Started = TRUE
12/27/2016 16:03:49.762 __WiFiManagerCellularTransmitCallback_block_invoke: Cellular Transmit Started = FALSE
12/27/2016 16:03:53.378 __WiFiLQAMgrLogStats: Rssi: -65 Cca: 31 TxPer: 25.0% (4) BcnPer: 0.0% (0) RxFrms 7 TxRate: 26000 RxRate: 65000
12/27/2016 16:03:58.386 __WiFiLQAMgrLogStats: Rssi: -65 Cca: 53 TxPer: 0.0% (1) BcnPer: 0.0% (50) RxFrms 7 TxRate: 26000 RxRate: 65000
12/27/2016 16:04:03.394 __WiFiLQAMgrLogStats: Rssi: -66 Cca: 33 TxPer: 0.0% (2) BcnPer: 2.0% (50) RxFrms 1 TxRate: 26000 RxRate: 65000
12/27/2016 16:04:06.339 Received kIOMessageSystemWillSleep
12/27/2016 16:04:06.339 System Sleep notification, Disabling auto-join
12/27/2016 16:04:06.339 __WiFiManagerSetEnableState: state FALSE, manager->enable.setting TRUE, manager->unlockedSinceBoot TRUE
12/27/2016 16:04:06.339 Disabling automatic association
12/27/2016 16:04:06.378 WoW is Disabled, 0 WoW Clients
12/27/2016 16:04:06.467 __WiFiDeviceCopyLinkChangedSubReasonString: Apple80211ReturnToString failed 1
12/27/2016 16:04:06.467 __WiFiDeviceProcessDriverAvailableEvent: driver availability false, reason PowerOff(0xe0821804), subreason (null)(0x0)
12/27/2016 16:04:06.467 __WiFiManagerDispatchDeviceAvailable: driver availability false

12/27/2016 16:04:06.469 Unable to dispatch message to client MessagesViewServ (268435460)
12/27/2016 16:04:06.469 WiFiAWDManagerSubmitMetric: metric container could not be generated for metric id <0x9000e>
12/27/2016 16:04:06.480 __WiFiDeviceManagerAwdlAvailableCallback: AWDL availability changed to FALSE
12/27/2016 16:04:06.488 WoW is Disabled, 0 WoW Clients
12/27/2016 16:09:07.563 Received kIOMessageSystemWillPowerOn
12/27/2016 16:09:07.563 System wake reason: AOP.ExternalReq wlan
12/27/2016 16:09:07.563 System Powered ON notification Re-enabling auto-join
12/27/2016 16:09:07.563 __WiFiManagerSetEnableState: state TRUE, manager->enable.setting TRUE, manager->unlockedSinceBoot TRUE
12/27/2016 16:09:07.563 Enabling automatic association
12/27/2016 16:09:07.563 __WiFiDeviceManagerAutoAssociate: Already connected to DIGI-146A.
12/27/2016 16:09:07.563 WiFiLocaleManagerCheckLocale: trying to determine locale...
12/27/2016 16:09:07.563 WiFiManagerCoreLocationGetCachedLocation: getting cached location...
12/27/2016 16:09:07.568 __WiFiLocaleManagerGetLocaleFromMcc: finding iso country code for mcc 226 ....
12/27/2016 16:09:07.568 WiFiLocationServiceManagerIsLocationValid: cachedLocationTimeout 120.000000 location age 365.986774secs, lifeSpan -1.000000 accuracy 65.000000(highAccReq 0), isValid 1
12/27/2016 16:09:07.568 WiFiLocationServiceManagerStartLowAccuracyMonitoring: Cached low accuracy location is valid
12/27/2016 16:09:07.568 WiFiLocationServiceManagerIsLocationValid: cachedLocationTimeout 120.000000 location age 365.987043secs, lifeSpan -1.000000 accuracy 65.000000(highAccReq 1), isValid 1
12/27/2016 16:09:07.568 WiFiLocationServiceManagerIsLocationValid: cachedLocationTimeout 120.000000 location age 365.987130secs, lifeSpan -1.000000 accuracy 65.000000(highAccReq 0), isValid 1
12/27/2016 16:09:07.568 __WiFiLocationServiceManagerProcessLocationAvailableEvent: isValidHighAccuracyLocation 1,  isValidLowAccuracyLocation 1
12/27/2016 16:09:07.569 __WiFiLocationServiceManagerProcessLocationAvailableEvent: give low accuracy callback
12/27/2016 16:09:07.571 __WiFiLocaleManagerGetLocaleFromLocation: <+44.42605762,+26.13587647> +/- 65.00m (speed -1.00 mps / course -1.00) @ 12/27/16, 4:03:01 PM Eastern European Standard Time
12/27/2016 16:09:07.571 locale from bounding box 
12/27/2016 16:09:07.571 new locale:  , locale: 
12/27/2016 16:09:07.571 Stopping Low Accuracy Location Monitoring
12/27/2016 16:09:07.571 CLMonitoring is already stopped
12/27/2016 16:09:07.572 Stopping Low Accuracy Location Monitoring
12/27/2016 16:09:07.572 CLMonitoring is already stopped
12/27/2016 16:09:07.572 __WiFiDeviceProcessDumpLogsEvent: Dump logs event received, dumped wifid log buffer to file
