12/26/2016 15:38:41.070 Power stats update: Type 0x6 UnassociatedSleepDur 0 AssociatedSleepDur 155260 TotalDur 157181 RoamDur 0
12/26/2016 15:38:41.070 WiFiAWDManagerSubmitMetric: metric container could not be generated for metric id <0x90010>
12/26/2016 15:38:41.084 __WiFiLQAMgrLogStats: Rssi: -65 Cca: 29 TxPer: 0.0% (0) BcnPer: 0.0% (0) RxFrms 0 TxRate: 0 RxRate: 0
12/26/2016 15:38:41.106 __WiFiDeviceManagerAwdlAvailableCallback: AWDL availability changed to TRUE
12/26/2016 15:38:41.107 __WiFiDeviceCopyLinkChangedSubReasonString: Apple80211ReturnToString failed 1
12/26/2016 15:38:41.107 __WiFiDeviceProcessDriverAvailableEvent: driver availability true, reason Initializing(0xe0821803), subreason (null)(0x0)
12/26/2016 15:38:41.107 __WiFiManagerDispatchDeviceAvailable: driver availability true

12/26/2016 15:38:41.108 __WiFiDeviceManagerAutoAssociate: Already connected to DIGI-146A.
12/26/2016 15:38:41.108 WiFiAWDManagerSubmitMetric: metric container could not be generated for metric id <0x9000e>
12/26/2016 15:38:41.109 __WiFiDeviceManagerAutoAssociate: Already connected to DIGI-146A.
12/26/2016 15:38:41.110 No Change in Background Scan Networks, Skip Re-Programming Background Scan

12/26/2016 15:38:41.123 __WiFiLocationServiceManagerEventCallback, got cb dict {
    eventType = 0;
    location = "<+44.42590783,+26.13602758> +/- 65.00m (speed -1.00 mps / course -1.00) @ 12/26/16, 3:34:25 PM Eastern European Standard Time";
}
12/26/2016 15:38:41.124 WiFiLocationServiceManagerIsLocationValid: cachedLocationTimeout 120.000000 location age 255.520648secs, lifeSpan -1.000000 accuracy 65.000000(highAccReq 1), isValid 1
12/26/2016 15:38:41.124 WiFiLocationServiceManagerIsLocationValid: cachedLocationTimeout 120.000000 location age 255.520713secs, lifeSpan -1.000000 accuracy 65.000000(highAccReq 0), isValid 1
12/26/2016 15:38:41.124 __WiFiLocationServiceManagerProcessLocationAvailableEvent: isValidHighAccuracyLocation 1,  isValidLowAccuracyLocation 1
12/26/2016 15:38:41.353 Disable WoW requested by "apsd"
12/26/2016 15:38:41.354 WoW Capable = YES, Attempting to disable WoW and enable LPAS 
12/26/2016 15:38:41.354 Setting WoW params to <CFBasicHash 0x14cde1050 [0x1a0950150]>{type = immutable dict, count = 3,
entries =>
	0 : <CFString 0x100175960 [0x1a0950150]>{contents = "IO80211InterfaceEnableLowPwrAssocMode"} = <CFBoolean 0x1a09506c8 [0x1a0950150]>{value = true}
	1 : <CFString 0x100175940 [0x1a0950150]>{contents = "IO80211InterfaceEnableWoW"} = <CFBoolean 0x1a09506d8 [0x1a0950150]>{value = false}
	2 : <CFString 0x100185ae0 [0x1a0950150]>{contents = "IO80211InterfaceEnableWoWOnCaptive"} = <CFBoolean 0x1a09506d8 [0x1a0950150]>{value = false}
}

12/26/2016 15:38:41.355 WiFiDeviceRequestAssociatedSleep: ActiveDuringSleepRequested is already set (<CFBasicHash 0x14ce6e280 [0x1a0950150]>{type = immutable dict, count = 0,
entries =>
}
).
12/26/2016 15:38:41.356 WoW Disabled, 0 WoW Clients, lpas is Enabled, WoW Override is Disabled, Captive Disabled
12/26/2016 15:38:41.356 Unable to dispatch WowStateChanged message to client dataaccessd (268435460)
12/26/2016 15:38:41.356 Unable to dispatch WowStateChanged message to client itunesstored (268435460)
12/26/2016 15:38:41.357 Unable to dispatch WowStateChanged message to client mediaserverd (268435460)
12/26/2016 15:38:41.357 Unable to dispatch WowStateChanged message to client assistantd (268435460)
12/26/2016 15:38:41.357 WoW is Disabled, 0 WoW Clients
12/26/2016 15:38:41.360 __WiFiManagerCellularTransmitCallback_block_invoke: Cellular Transmit Started = TRUE
12/26/2016 15:38:41.365 WoW is Disabled, 0 WoW Clients
12/26/2016 15:38:41.367 WoW is Disabled, 0 WoW Clients
12/26/2016 15:38:41.617 WoW is Disabled, 0 WoW Clients
12/26/2016 15:38:45.917 __WiFiManagerCellularTransmitCallback_block_invoke: Cellular Transmit Started = FALSE
12/26/2016 15:38:46.359 Client apsd set type to normal application
12/26/2016 15:38:46.359 __WiFiManagerSetEnableState: state TRUE, manager->enable.setting TRUE, manager->unlockedSinceBoot TRUE
12/26/2016 15:38:46.359 BG Application: Not Present, BG Daemon: Present. Daemons: mediaserverd 
12/26/2016 15:38:51.403 Received kIOMessageSystemWillSleep
12/26/2016 15:38:51.403 System Sleep notification, Disabling auto-join
12/26/2016 15:38:51.403 __WiFiManagerSetEnableState: state FALSE, manager->enable.setting TRUE, manager->unlockedSinceBoot TRUE
12/26/2016 15:38:51.403 Disabling automatic association
12/26/2016 15:38:51.428 WoW is Disabled, 0 WoW Clients
12/26/2016 15:38:51.507 __WiFiDeviceCopyLinkChangedSubReasonString: Apple80211ReturnToString failed 1
12/26/2016 15:38:51.507 __WiFiDeviceProcessDriverAvailableEvent: driver availability false, reason PowerOff(0xe0821804), subreason (null)(0x0)
12/26/2016 15:38:51.507 __WiFiManagerDispatchDeviceAvailable: driver availability false

12/26/2016 15:38:51.508 WiFiAWDManagerSubmitMetric: metric container could not be generated for metric id <0x9000e>
12/26/2016 15:38:51.516 __WiFiDeviceManagerAwdlAvailableCallback: AWDL availability changed to FALSE
12/26/2016 15:38:51.526 WoW is Disabled, 0 WoW Clients
12/26/2016 15:39:15.479 Received kIOMessageSystemWillPowerOn
12/26/2016 15:39:15.480 System wake reason: AOP.ExternalReq baseband
12/26/2016 15:39:15.480 System Powered ON notification Re-enabling auto-join
12/26/2016 15:39:15.480 __WiFiManagerSetEnableState: state TRUE, manager->enable.setting TRUE, manager->unlockedSinceBoot TRUE
12/26/2016 15:39:15.480 Enabling automatic association
12/26/2016 15:39:15.481 __WiFiDeviceManagerAutoAssociate: Already connected to DIGI-146A.
12/26/2016 15:39:15.481 WiFiLocaleManagerCheckLocale: trying to determine locale...
12/26/2016 15:39:15.481 WiFiManagerCoreLocationGetCachedLocation: getting cached location...
12/26/2016 15:39:15.483 __WiFiLocaleManagerGetLocaleFromMcc: finding iso country code for mcc 226 ....
12/26/2016 15:39:15.483 WiFiLocationServiceManagerIsLocationValid: cachedLocationTimeout 120.000000 location age 289.880140secs, lifeSpan -1.000000 accuracy 65.000000(highAccReq 0), isValid 1
12/26/2016 15:39:15.484 WiFiLocationServiceManagerStartLowAccuracyMonitoring: Cached low accuracy location is valid
12/26/2016 15:39:15.484 WiFiLocationServiceManagerIsLocationValid: cachedLocationTimeout 120.000000 location age 289.880368secs, lifeSpan -1.000000 accuracy 65.000000(highAccReq 1), isValid 1
12/26/2016 15:39:15.484 WiFiLocationServiceManagerIsLocationValid: cachedLocationTimeout 120.000000 location age 289.880427secs, lifeSpan -1.000000 accuracy 65.000000(highAccReq 0), isValid 1
12/26/2016 15:39:15.484 __WiFiLocationServiceManagerProcessLocationAvailableEvent: isValidHighAccuracyLocation 1,  isValidLowAccuracyLocation 1
12/26/2016 15:39:15.484 __WiFiLocationServiceManagerProcessLocationAvailableEvent: give low accuracy callback
12/26/2016 15:39:15.485 __WiFiLocaleManagerGetLocaleFromLocation: <+44.42590783,+26.13602758> +/- 65.00m (speed -1.00 mps / course -1.00) @ 12/26/16, 3:34:25 PM Eastern European Standard Time
12/26/2016 15:39:15.485 locale from bounding box 
12/26/2016 15:39:15.485 new locale:  , locale: 
12/26/2016 15:39:15.485 Stopping Low Accuracy Location Monitoring
12/26/2016 15:39:15.485 CLMonitoring is already stopped
12/26/2016 15:39:15.485 Stopping Low Accuracy Location Monitoring
12/26/2016 15:39:15.485 CLMonitoring is already stopped
12/26/2016 15:39:15.485 Power stats update: Type 0x5 UnassociatedSleepDur 0 AssociatedSleepDur 10081 TotalDur 23904 RoamDur 0
12/26/2016 15:39:15.485 WiFiAWDManagerSubmitMetric: metric container could not be generated for metric id <0x90010>
12/26/2016 15:39:15.486 __WiFiLQAMgrLogStats: Rssi: -66 Cca: 30 TxPer: 0.0% (2) BcnPer: 2.0% (50) RxFrms 3 TxRate: 39000 RxRate: 58500
12/26/2016 15:39:15.487 __WiFiDeviceCopyLinkChangedSubReasonString: Apple80211ReturnToString failed 1
12/26/2016 15:39:15.487 __WiFiDeviceProcessDriverAvailableEvent: driver availability true, reason Initializing(0xe0821803), subreason (null)(0x0)
12/26/2016 15:39:15.487 __WiFiManagerDispatchDeviceAvailable: driver availability true

12/26/2016 15:39:15.489 __WiFiDeviceManagerAutoAssociate: Already connected to DIGI-146A.
12/26/2016 15:39:15.489 WiFiAWDManagerSubmitMetric: metric container could not be generated for metric id <0x9000e>
12/26/2016 15:39:15.489 __WiFiDeviceManagerAutoAssociate: Already connected to DIGI-146A.
12/26/2016 15:39:15.498 No Change in Background Scan Networks, Skip Re-Programming Background Scan

12/26/2016 15:39:15.530 __WiFiLocationServiceManagerEventCallback, got cb dict {
    eventType = 0;
    location = "<+44.42590783,+26.13602758> +/- 65.00m (speed -1.00 mps / course -1.00) @ 12/26/16, 3:34:25 PM Eastern European Standard Time";
}
12/26/2016 15:39:15.532 WiFiLocationServiceManagerIsLocationValid: cachedLocationTimeout 120.000000 location age 289.928689secs, lifeSpan -1.000000 accuracy 65.000000(highAccReq 1), isValid 1
12/26/2016 15:39:15.532 WiFiLocationServiceManagerIsLocationValid: cachedLocationTimeout 120.000000 location age 289.928774secs, lifeSpan -1.000000 accuracy 65.000000(highAccReq 0), isValid 1
12/26/2016 15:39:15.532 __WiFiLocationServiceManagerProcessLocationAvailableEvent: isValidHighAccuracyLocation 1,  isValidLowAccuracyLocation 1
12/26/2016 15:39:15.533 __WiFiDeviceManagerAwdlAvailableCallback: AWDL availability changed to TRUE
12/26/2016 15:39:15.597 __WiFiManagerCellularTransmitCallback_block_invoke: Cellular Transmit Started = TRUE
12/26/2016 15:39:15.976 WoW is Disabled, 0 WoW Clients
12/26/2016 15:39:16.945 Device display is ON
12/26/2016 15:39:16.945 __WiFiManagerSetEnableState: state TRUE, manager->enable.setting TRUE, manager->unlockedSinceBoot TRUE
12/26/2016 15:39:16.946 __WiFiDeviceManagerAutoAssociate: Already connected to DIGI-146A.
12/26/2016 15:39:17.085 Async scan requested by "locationd" for 1 iterations with maxage=0 priority normal on en0
12/26/2016 15:39:17.085 Enqueuing command type: "Scan" pending commands: 0
12/26/2016 15:39:17.085 Dequeuing command type: "Scan" pending commands: 0
12/26/2016 15:39:17.085 Attempting Apple80211ScanAsync on en0
12/26/2016 15:39:17.294 Completed Apple80211ScanAsync on en0 (0x0)
12/26/2016 15:39:17.295 Async scan request completed for "locationd" (0)
12/26/2016 15:39:17.296 Async scan requested by "locationd" for 1 iterations with maxage=0 priority normal on en0
12/26/2016 15:39:17.297 Enqueuing command type: "Scan" pending commands: 0
12/26/2016 15:39:17.297 Dequeuing command type: "Scan" pending commands: 0
12/26/2016 15:39:17.297 Attempting Apple80211ScanAsync on en0
12/26/2016 15:39:17.754 Completed Apple80211ScanAsync on en0 (0x0)
12/26/2016 15:39:17.756 Async scan request completed for "locationd" (0)
12/26/2016 15:39:20.691 
Too frequent(0.255898 secs) rssi event from driver, ignoring

12/26/2016 15:39:21.488 ATJManager: setting ask-to-join interaction mode to Interactive
12/26/2016 15:39:21.488 ATJManager: no entries to purge
12/26/2016 15:39:21.489 User interaction ENABLED
12/26/2016 15:39:21.489 Ignoring lock state manager->wakeMode 1

12/26/2016 15:39:21.489 problematic networks =  and potentially problematic networks = 
12/26/2016 15:39:21.489 Unblacklisting
12/26/2016 15:39:21.489 No Change in Background Scan Networks, Skip Re-Programming Background Scan

12/26/2016 15:39:21.489 __WiFiDeviceManagerAutoAssociate: Already connected to DIGI-146A.
12/26/2016 15:39:22.336 __WiFiManagerCellularTransmitCallback_block_invoke: Cellular Transmit Started = FALSE
12/26/2016 15:39:25.709 
Too frequent(0.269116 secs) rssi event from driver, ignoring

12/26/2016 15:39:26.820 Client apsd set type to background application
12/26/2016 15:39:26.820 __WiFiManagerSetEnableState: state TRUE, manager->enable.setting TRUE, manager->unlockedSinceBoot TRUE
12/26/2016 15:39:26.821 BG Application: Not Present, BG Daemon: Present. Daemons: mediaserverd apsd 
12/26/2016 15:39:26.821 __WiFiDeviceManagerAutoAssociate: Already connected to DIGI-146A.
12/26/2016 15:39:26.821 Enable WoW requested by "apsd"
12/26/2016 15:39:26.821 WoW Capable = YES, Attempting to enable WoW and disable LPAS 
12/26/2016 15:39:26.822 Setting WoW params to <CFBasicHash 0x14cef7050 [0x1a0950150]>{type = immutable dict, count = 3,
entries =>
	0 : <CFString 0x100175960 [0x1a0950150]>{contents = "IO80211InterfaceEnableLowPwrAssocMode"} = <CFBoolean 0x1a09506d8 [0x1a0950150]>{value = false}
	1 : <CFString 0x100175940 [0x1a0950150]>{contents = "IO80211InterfaceEnableWoW"} = <CFBoolean 0x1a09506c8 [0x1a0950150]>{value = true}
	2 : <CFString 0x100185ae0 [0x1a0950150]>{contents = "IO80211InterfaceEnableWoWOnCaptive"} = <CFBoolean 0x1a09506d8 [0x1a0950150]>{value = false}
}

12/26/2016 15:39:26.822 WiFiDeviceRequestAssociatedSleep: ActiveDuringSleepRequested is already set (<CFBasicHash 0x14cfd95f0 [0x1a0950150]>{type = immutable dict, count = 0,
entries =>
}
).
12/26/2016 15:39:26.822 WoW Enabled by 1 Clients, lpas is Disabled, WoW Override is Disabled, Captive Disabled
12/26/2016 15:39:26.822 Unable to dispatch WowStateChanged message to client dataaccessd (268435460)
12/26/2016 15:39:26.823 Unable to dispatch WowStateChanged message to client itunesstored (268435460)
12/26/2016 15:39:26.823 Unable to dispatch WowStateChanged message to client mediaserverd (268435460)
12/26/2016 15:39:26.823 Unable to dispatch WowStateChanged message to client assistantd (268435460)
12/26/2016 15:39:26.823 apsd[273] is a wow client
12/26/2016 15:39:26.823 WoW is Enabled, 1 WoW Clients
12/26/2016 15:39:26.823 apsd[273] is a wow client
12/26/2016 15:39:26.823 WoW is Enabled, 1 WoW Clients
12/26/2016 15:39:26.825 apsd[273] is a wow client
12/26/2016 15:39:26.825 WoW is Enabled, 1 WoW Clients
12/26/2016 15:39:31.761 scanCache: Purging scan cache
12/26/2016 15:39:35.454 __WiFiLQAMgrLogStats: Rssi: -65 Cca: 33 TxPer: 0.0% (5) BcnPer: 0.0% (0) RxFrms 2 TxRate: 52000 RxRate: 65000
12/26/2016 15:39:37.770 WiFiLocaleManagerCheckLocale: trying to determine locale...
12/26/2016 15:39:37.771 WiFiManagerCoreLocationGetCachedLocation: getting cached location...
12/26/2016 15:39:37.772 __WiFiLocaleManagerGetLocaleFromMcc: finding iso country code for mcc 226 ....
12/26/2016 15:39:37.772 WiFiLocationServiceManagerIsLocationValid: cachedLocationTimeout 120.000000 location age 312.168620secs, lifeSpan -1.000000 accuracy 65.000000(highAccReq 0), isValid 1
12/26/2016 15:39:37.772 WiFiLocationServiceManagerStartLowAccuracyMonitoring: Cached low accuracy location is valid
12/26/2016 15:39:37.772 WiFiLocationServiceManagerIsLocationValid: cachedLocationTimeout 120.000000 location age 312.168744secs, lifeSpan -1.000000 accuracy 65.000000(highAccReq 1), isValid 1
12/26/2016 15:39:37.772 WiFiLocationServiceManagerIsLocationValid: cachedLocationTimeout 120.000000 location age 312.168794secs, lifeSpan -1.000000 accuracy 65.000000(highAccReq 0), isValid 1
12/26/2016 15:39:37.772 __WiFiLocationServiceManagerProcessLocationAvailableEvent: isValidHighAccuracyLocation 1,  isValidLowAccuracyLocation 1
12/26/2016 15:39:37.772 __WiFiLocationServiceManagerProcessLocationAvailableEvent: give low accuracy callback
12/26/2016 15:39:37.773 __WiFiLocaleManagerGetLocaleFromLocation: <+44.42590783,+26.13602758> +/- 65.00m (speed -1.00 mps / course -1.00) @ 12/26/16, 3:34:25 PM Eastern European Standard Time
12/26/2016 15:39:37.773 locale from bounding box 
12/26/2016 15:39:37.773 new locale:  , locale: 
12/26/2016 15:39:37.773 Stopping Low Accuracy Location Monitoring
12/26/2016 15:39:37.773 CLMonitoring is already stopped
12/26/2016 15:39:37.773 Stopping Low Accuracy Location Monitoring
12/26/2016 15:39:37.773 CLMonitoring is already stopped
12/26/2016 15:39:37.773 __WiFiLocationServiceManagerEventCallback, got cb dict {
    eventType = 0;
    location = "<+44.42570458,+26.13643565> +/- 65.00m (speed -1.00 mps / course -1.00) @ 12/26/16, 3:39:26 PM Eastern European Standard Time";
}
12/26/2016 15:39:37.774 WiFiLocationServiceManagerIsLocationValid: cachedLocationTimeout 120.000000 location age 11.474960secs, lifeSpan -1.000000 accuracy 65.000000(highAccReq 1), isValid 1
12/26/2016 15:39:37.774 WiFiLocationServiceManagerIsLocationValid: cachedLocationTimeout 120.000000 location age 11.475015secs, lifeSpan -1.000000 accuracy 65.000000(highAccReq 0), isValid 1
12/26/2016 15:39:37.774 __WiFiLocationServiceManagerProcessLocationAvailableEvent: isValidHighAccuracyLocation 1,  isValidLowAccuracyLocation 1
12/26/2016 15:39:40.460 __WiFiLQAMgrLogStats: Rssi: -66 Cca: 16 TxPer: 0.0% (2) BcnPer: 2.0% (50) RxFrms 2 TxRate: 52000 RxRate: 65000
12/26/2016 15:39:45.468 __WiFiLQAMgrLogStats: Rssi: -65 Cca: 50 TxPer: 0.0% (0) BcnPer: 0.0% (50) RxFrms 0 TxRate: 52000 RxRate: 65000
12/26/2016 15:39:50.477 __WiFiLQAMgrLogStats: Rssi: -66 Cca: 50 TxPer: 0.0% (0) BcnPer: 0.0% (49) RxFrms 0 TxRate: 52000 RxRate: 65000
12/26/2016 15:39:55.478 __WiFiLQAMgrLogStats: Rssi: -66 Cca: 53 TxPer: 0.0% (0) BcnPer: 0.0% (0) RxFrms 0 TxRate: 0 RxRate: 0
12/26/2016 15:40:00.486 __WiFiLQAMgrLogStats: Rssi: -63 Cca: 53 TxPer: 0.0% (0) BcnPer: 1.0% (100) RxFrms 3 TxRate: 52000 RxRate: 65000
12/26/2016 15:40:05.487 __WiFiLQAMgrLogStats: Rssi: -63 Cca: 47 TxPer: 0.0% (0) BcnPer: 0.0% (0) RxFrms 0 TxRate: 0 RxRate: 0
12/26/2016 15:40:10.495 __WiFiLQAMgrLogStats: Rssi: -62 Cca: 57 TxPer: 0.0% (0) BcnPer: 0.0% (100) RxFrms 1 TxRate: 52000 RxRate: 65000
12/26/2016 15:40:15.500 __WiFiLQAMgrLogStats: Rssi: -64 Cca: 32 TxPer: 0.0% (8) BcnPer: 0.0% (50) RxFrms 6 TxRate: 52000 RxRate: 58500
12/26/2016 15:40:21.506 Background Network Application entered
12/26/2016 15:40:21.508 BG Application: Present, BG Daemon: Present. Daemons: mediaserverd apsd 
12/26/2016 15:40:21.508 __WiFiManagerSetEnableState: state TRUE, manager->enable.setting TRUE, manager->unlockedSinceBoot TRUE
12/26/2016 15:40:21.508 __WiFiDeviceManagerAutoAssociate: Already connected to DIGI-146A.
12/26/2016 15:40:21.508 Background Network Application entered
12/26/2016 15:40:21.508 BG Application: Not Present, BG Daemon: Present. Daemons: mediaserverd apsd 
12/26/2016 15:40:21.508 __WiFiManagerSetEnableState: state TRUE, manager->enable.setting TRUE, manager->unlockedSinceBoot TRUE
12/26/2016 15:40:21.509 __WiFiDeviceManagerAutoAssociate: Already connected to DIGI-146A.
12/26/2016 15:40:30.521 __WiFiLQAMgrLogStats: Rssi: -60 Cca: 17 TxPer: 0.0% (16) BcnPer: 2.0% (50) RxFrms 17 TxRate: 52000 RxRate: 65000
12/26/2016 15:40:45.538 __WiFiLQAMgrLogStats: Rssi: -65 Cca: 55 TxPer: 0.0% (0) BcnPer: 0.0% (0) RxFrms 0 TxRate: 0 RxRate: 0
12/26/2016 15:40:50.546 __WiFiLQAMgrLogStats: Rssi: -65 Cca: 3 TxPer: 0.0% (1) BcnPer: 0.0% (100) RxFrms 0 TxRate: 52000 RxRate: 1000
12/26/2016 15:40:55.547 __WiFiLQAMgrLogStats: Rssi: -65 Cca: 45 TxPer: 0.0% (0) BcnPer: 0.0% (0) RxFrms 0 TxRate: 0 RxRate: 0
12/26/2016 15:41:00.555 __WiFiLQAMgrLogStats: Rssi: -64 Cca: 45 TxPer: 0.0% (0) BcnPer: 1.0% (100) RxFrms 6 TxRate: 52000 RxRate: 1000
12/26/2016 15:41:05.560 __WiFiLQAMgrLogStats: Rssi: -63 Cca: 54 TxPer: 0.0% (0) BcnPer: 0.0% (50) RxFrms 4 TxRate: 52000 RxRate: 1000
12/26/2016 15:41:10.568 __WiFiLQAMgrLogStats: Rssi: -63 Cca: 47 TxPer: 0.0% (0) BcnPer: 0.0% (50) RxFrms 1 TxRate: 52000 RxRate: 1000
12/26/2016 15:41:15.576 __WiFiLQAMgrLogStats: Rssi: -65 Cca: 53 TxPer: 0.0% (0) BcnPer: 0.0% (50) RxFrms 3 TxRate: 52000 RxRate: 1000
12/26/2016 15:41:20.585 __WiFiLQAMgrLogStats: Rssi: -63 Cca: 21 TxPer: 0.0% (18) BcnPer: 2.0% (50) RxFrms 18 TxRate: 52000 RxRate: 65000
12/26/2016 15:41:25.593 __WiFiLQAMgrLogStats: Rssi: -66 Cca: 37 TxPer: 0.0% (1) BcnPer: 0.0% (50) RxFrms 1 TxRate: 52000 RxRate: 65000
12/26/2016 15:41:30.601 __WiFiLQAMgrLogStats: Rssi: -65 Cca: 37 TxPer: 0.0% (1) BcnPer: 0.0% (50) RxFrms 0 TxRate: 52000 RxRate: 65000
12/26/2016 15:41:35.602 __WiFiLQAMgrLogStats: Rssi: -65 Cca: 37 TxPer: 0.0% (0) BcnPer: 0.0% (0) RxFrms 0 TxRate: 0 RxRate: 0
12/26/2016 15:41:37.773 WiFiLocaleManagerCheckLocale: trying to determine locale...
12/26/2016 15:41:37.773 WiFiManagerCoreLocationGetCachedLocation: getting cached location...
12/26/2016 15:41:37.790 __WiFiLocaleManagerGetLocaleFromMcc: finding iso country code for mcc 226 ....
12/26/2016 15:41:37.790 WiFiLocationServiceManagerIsLocationValid: cachedLocationTimeout 120.000000 location age 131.491232secs, lifeSpan -1.000000 accuracy 65.000000(highAccReq 0), isValid 1
12/26/2016 15:41:37.791 WiFiLocationServiceManagerStartLowAccuracyMonitoring: Cached low accuracy location is valid
12/26/2016 15:41:37.791 WiFiLocationServiceManagerIsLocationValid: cachedLocationTimeout 120.000000 location age 131.491372secs, lifeSpan -1.000000 accuracy 65.000000(highAccReq 1), isValid 1
12/26/2016 15:41:37.791 WiFiLocationServiceManagerIsLocationValid: cachedLocationTimeout 120.000000 location age 131.491426secs, lifeSpan -1.000000 accuracy 65.000000(highAccReq 0), isValid 1
12/26/2016 15:41:37.791 __WiFiLocationServiceManagerProcessLocationAvailableEvent: isValidHighAccuracyLocation 1,  isValidLowAccuracyLocation 1
12/26/2016 15:41:37.791 __WiFiLocationServiceManagerProcessLocationAvailableEvent: give low accuracy callback
12/26/2016 15:41:37.792 __WiFiLocaleManagerGetLocaleFromLocation: <+44.42570458,+26.13643565> +/- 65.00m (speed -1.00 mps / course -1.00) @ 12/26/16, 3:39:26 PM Eastern European Standard Time
12/26/2016 15:41:37.792 locale from bounding box 
12/26/2016 15:41:37.792 new locale:  , locale: 
12/26/2016 15:41:37.792 Stopping Low Accuracy Location Monitoring
12/26/2016 15:41:37.792 CLMonitoring is already stopped
12/26/2016 15:41:37.792 Stopping Low Accuracy Location Monitoring
12/26/2016 15:41:37.792 CLMonitoring is already stopped
12/26/2016 15:41:37.792 __WiFiLocationServiceManagerEventCallback, got cb dict {
    eventType = 0;
    location = "<+44.42570458,+26.13643565> +/- 65.00m (speed -1.00 mps / course -1.00) @ 12/26/16, 3:39:26 PM Eastern European Standard Time";
}
12/26/2016 15:41:37.793 WiFiLocationServiceManagerIsLocationValid: cachedLocationTimeout 120.000000 location age 131.493382secs, lifeSpan -1.000000 accuracy 65.000000(highAccReq 1), isValid 1
12/26/2016 15:41:37.793 WiFiLocationServiceManagerIsLocationValid: cachedLocationTimeout 120.000000 location age 131.493435secs, lifeSpan -1.000000 accuracy 65.000000(highAccReq 0), isValid 1
12/26/2016 15:41:37.793 __WiFiLocationServiceManagerProcessLocationAvailableEvent: isValidHighAccuracyLocation 1,  isValidLowAccuracyLocation 1
12/26/2016 15:41:40.610 __WiFiLQAMgrLogStats: Rssi: -63 Cca: 21 TxPer: 0.0% (0) BcnPer: 2.0% (100) RxFrms 2 TxRate: 52000 RxRate: 1000
12/26/2016 15:41:45.618 __WiFiLQAMgrLogStats: Rssi: -64 Cca: 50 TxPer: 0.0% (0) BcnPer: 0.0% (50) RxFrms 3 TxRate: 52000 RxRate: 1000
12/26/2016 15:41:50.624 __WiFiLQAMgrLogStats: Rssi: -63 Cca: 50 TxPer: 0.0% (4) BcnPer: 0.0% (50) RxFrms 3 TxRate: 39000 RxRate: 65000
12/26/2016 15:41:55.632 __WiFiLQAMgrLogStats: Rssi: -63 Cca: 50 TxPer: 0.0% (0) BcnPer: 2.0% (50) RxFrms 1 TxRate: 39000 RxRate: 65000
12/26/2016 15:42:00.640 __WiFiLQAMgrLogStats: Rssi: -64 Cca: 52 TxPer: 0.0% (0) BcnPer: 0.0% (50) RxFrms 6 TxRate: 39000 RxRate: 65000
12/26/2016 15:42:05.648 __WiFiLQAMgrLogStats: Rssi: -63 Cca: 26 TxPer: 0.0% (1) BcnPer: 4.0% (50) RxFrms 0 TxRate: 39000 RxRate: 65000
12/26/2016 15:42:10.657 __WiFiLQAMgrLogStats: Rssi: -63 Cca: 26 TxPer: 0.0% (0) BcnPer: 0.0% (50) RxFrms 1 TxRate: 39000 RxRate: 65000
12/26/2016 15:42:15.664 __WiFiLQAMgrLogStats: Rssi: -65 Cca: 54 TxPer: 0.0% (0) BcnPer: 0.0% (50) RxFrms 3 TxRate: 39000 RxRate: 65000
12/26/2016 15:42:20.672 __WiFiLQAMgrLogStats: Rssi: -65 Cca: 54 TxPer: 0.0% (0) BcnPer: 0.0% (50) RxFrms 3 TxRate: 39000 RxRate: 65000
12/26/2016 15:42:25.674 __WiFiLQAMgrLogStats: Rssi: -65 Cca: 45 TxPer: 0.0% (0) BcnPer: 0.0% (0) RxFrms 0 TxRate: 0 RxRate: 0
12/26/2016 15:42:30.674 __WiFiLQAMgrLogStats: Rssi: -65 Cca: 45 TxPer: 0.0% (0) BcnPer: 0.0% (0) RxFrms 0 TxRate: 0 RxRate: 0
12/26/2016 15:42:35.675 __WiFiLQAMgrLogStats: Rssi: -65 Cca: 53 TxPer: 0.0% (0) BcnPer: 0.0% (0) RxFrms 0 TxRate: 0 RxRate: 0
12/26/2016 15:42:40.499 apsd[273] is a wow client
12/26/2016 15:42:40.499 WoW is Enabled, 1 WoW Clients
12/26/2016 15:42:40.683 __WiFiLQAMgrLogStats: Rssi: -60 Cca: 42 TxPer: 0.0% (0) BcnPer: 0.5% (200) RxFrms 2 TxRate: 39000 RxRate: 1000
12/26/2016 15:42:45.691 __WiFiLQAMgrLogStats: Rssi: -61 Cca: 53 TxPer: 0.0% (0) BcnPer: 4.0% (50) RxFrms 3 TxRate: 39000 RxRate: 1000
12/26/2016 15:42:50.693 __WiFiLQAMgrLogStats: Rssi: -61 Cca: 46 TxPer: 0.0% (0) BcnPer: 0.0% (0) RxFrms 0 TxRate: 0 RxRate: 0
12/26/2016 15:42:55.693 __WiFiLQAMgrLogStats: Rssi: -61 Cca: 46 TxPer: 0.0% (0) BcnPer: 0.0% (0) RxFrms 0 TxRate: 0 RxRate: 0
12/26/2016 15:43:00.701 __WiFiLQAMgrLogStats: Rssi: -62 Cca: 52 TxPer: 0.0% (0) BcnPer: 0.0% (149) RxFrms 3 TxRate: 39000 RxRate: 1000
12/26/2016 15:43:05.709 __WiFiLQAMgrLogStats: Rssi: -63 Cca: 52 TxPer: 0.0% (0) BcnPer: 0.0% (50) RxFrms 1 TxRate: 39000 RxRate: 1000
12/26/2016 15:43:10.718 __WiFiLQAMgrLogStats: Rssi: -63 Cca: 52 TxPer: 0.0% (0) BcnPer: 0.0% (50) RxFrms 1 TxRate: 39000 RxRate: 1000
12/26/2016 15:43:15.723 __WiFiLQAMgrLogStats: Rssi: -63 Cca: 52 TxPer: 0.0% (0) BcnPer: 2.0% (50) RxFrms 3 TxRate: 39000 RxRate: 1000
12/26/2016 15:43:20.732 __WiFiLQAMgrLogStats: Rssi: -62 Cca: 47 TxPer: 0.0% (1) BcnPer: 2.0% (50) RxFrms 1 TxRate: 39000 RxRate: 65000
12/26/2016 15:43:25.732 __WiFiLQAMgrLogStats: Rssi: -62 Cca: 47 TxPer: 0.0% (0) BcnPer: 0.0% (0) RxFrms 0 TxRate: 0 RxRate: 0
12/26/2016 15:43:30.740 __WiFiLQAMgrLogStats: Rssi: -63 Cca: 53 TxPer: 0.0% (0) BcnPer: 1.0% (100) RxFrms 3 TxRate: 39000 RxRate: 65000
12/26/2016 15:43:35.741 __WiFiLQAMgrLogStats: Rssi: -63 Cca: 46 TxPer: 0.0% (0) BcnPer: 0.0% (0) RxFrms 0 TxRate: 0 RxRate: 0
12/26/2016 15:43:35.890 
Too frequent(0.148164 secs) rssi event from driver, ignoring

12/26/2016 15:43:37.772 WiFiLocaleManagerCheckLocale: trying to determine locale...
12/26/2016 15:43:37.772 WiFiManagerCoreLocationGetCachedLocation: getting cached location...
12/26/2016 15:43:37.785 __WiFiLocaleManagerGetLocaleFromMcc: finding iso country code for mcc 226 ....
12/26/2016 15:43:37.785 WiFiLocationServiceManagerIsLocationValid: cachedLocationTimeout 120.000000 location age 251.486033secs, lifeSpan -1.000000 accuracy 65.000000(highAccReq 0), isValid 1
12/26/2016 15:43:37.785 WiFiLocationServiceManagerStartLowAccuracyMonitoring: Cached low accuracy location is valid
12/26/2016 15:43:37.785 WiFiLocationServiceManagerIsLocationValid: cachedLocationTimeout 120.000000 location age 251.486171secs, lifeSpan -1.000000 accuracy 65.000000(highAccReq 1), isValid 1
12/26/2016 15:43:37.785 WiFiLocationServiceManagerIsLocationValid: cachedLocationTimeout 120.000000 location age 251.486224secs, lifeSpan -1.000000 accuracy 65.000000(highAccReq 0), isValid 1
12/26/2016 15:43:37.786 __WiFiLocationServiceManagerProcessLocationAvailableEvent: isValidHighAccuracyLocation 1,  isValidLowAccuracyLocation 1
12/26/2016 15:43:37.786 __WiFiLocationServiceManagerProcessLocationAvailableEvent: give low accuracy callback
12/26/2016 15:43:37.786 __WiFiLocaleManagerGetLocaleFromLocation: <+44.42570458,+26.13643565> +/- 65.00m (speed -1.00 mps / course -1.00) @ 12/26/16, 3:39:26 PM Eastern European Standard Time
12/26/2016 15:43:37.787 locale from bounding box 
12/26/2016 15:43:37.787 new locale:  , locale: 
12/26/2016 15:43:37.787 Stopping Low Accuracy Location Monitoring
12/26/2016 15:43:37.787 CLMonitoring is already stopped
12/26/2016 15:43:37.787 Stopping Low Accuracy Location Monitoring
12/26/2016 15:43:37.787 CLMonitoring is already stopped
12/26/2016 15:43:37.787 __WiFiLocationServiceManagerEventCallback, got cb dict {
    eventType = 0;
    location = "<+44.42570458,+26.13643565> +/- 65.00m (speed -1.00 mps / course -1.00) @ 12/26/16, 3:39:26 PM Eastern European Standard Time";
}
12/26/2016 15:43:37.788 WiFiLocationServiceManagerIsLocationValid: cachedLocationTimeout 120.000000 location age 251.488308secs, lifeSpan -1.000000 accuracy 65.000000(highAccReq 1), isValid 1
12/26/2016 15:43:37.788 WiFiLocationServiceManagerIsLocationValid: cachedLocationTimeout 120.000000 location age 251.488361secs, lifeSpan -1.000000 accuracy 65.000000(highAccReq 0), isValid 1
12/26/2016 15:43:37.788 __WiFiLocationServiceManagerProcessLocationAvailableEvent: isValidHighAccuracyLocation 1,  isValidLowAccuracyLocation 1
12/26/2016 15:43:40.907 
Too frequent(0.156664 secs) rssi event from driver, ignoring

12/26/2016 15:43:50.751 __WiFiLQAMgrLogStats: Rssi: -65 Cca: 55 TxPer: 0.0% (0) BcnPer: 0.0% (0) RxFrms 0 TxRate: 0 RxRate: 0
12/26/2016 15:43:55.753 __WiFiLQAMgrLogStats: Rssi: -65 Cca: 46 TxPer: 0.0% (0) BcnPer: 0.0% (0) RxFrms 0 TxRate: 0 RxRate: 0
12/26/2016 15:44:00.761 __WiFiLQAMgrLogStats: Rssi: -61 Cca: 52 TxPer: 0.0% (0) BcnPer: 2.5% (200) RxFrms 3 TxRate: 39000 RxRate: 1000
12/26/2016 15:44:10.770 
Too frequent(0.660094 secs) rssi event from driver, ignoring

12/26/2016 15:44:13.239 ATJManager: setting ask-to-join interaction mode to NonInteractive
12/26/2016 15:44:13.239 ATJManager: no entries to purge
12/26/2016 15:44:13.241 User interaction DISABLED
12/26/2016 15:44:13.241 Ignoring lock state manager->wakeMode 1

12/26/2016 15:44:13.246 Device display is OFF
12/26/2016 15:44:15.781 __WiFiLQAMgrLogStats: Rssi: -67 Cca: 46 TxPer: 0.0% (2) BcnPer: 2.0% (50) RxFrms 3 TxRate: 39000 RxRate: 52000
12/26/2016 15:44:20.836 Received kIOMessageSystemWillSleep
12/26/2016 15:44:20.836 System Sleep notification, Disabling auto-join
12/26/2016 15:44:20.836 __WiFiManagerSetEnableState: state FALSE, manager->enable.setting TRUE, manager->unlockedSinceBoot TRUE
12/26/2016 15:44:20.836 Disabling automatic association
12/26/2016 15:44:20.875 apsd[273] is a wow client
12/26/2016 15:44:20.876 WoW is Enabled, 1 WoW Clients
12/26/2016 15:44:20.986 __WiFiDeviceManagerAwdlAvailableCallback: AWDL availability changed to FALSE
12/26/2016 15:44:20.986 __WiFiDeviceCopyLinkChangedSubReasonString: Apple80211ReturnToString failed 1
12/26/2016 15:44:20.986 __WiFiDeviceProcessDriverAvailableEvent: driver availability false, reason PowerOff(0xe0821804), subreason (null)(0x0)
12/26/2016 15:44:20.986 __WiFiManagerDispatchDeviceAvailable: driver availability false

12/26/2016 15:44:20.987 WiFiAWDManagerSubmitMetric: metric container could not be generated for metric id <0x9000e>
12/26/2016 15:44:20.990 apsd[273] is a wow client
12/26/2016 15:44:20.990 WoW is Enabled, 1 WoW Clients
12/26/2016 15:49:26.077 Received kIOMessageSystemWillPowerOn
12/26/2016 15:49:26.077 System wake reason: AOP.ExternalReq rtc
12/26/2016 15:49:26.077 System Powered ON notification Re-enabling auto-join
12/26/2016 15:49:26.077 __WiFiManagerSetEnableState: state TRUE, manager->enable.setting TRUE, manager->unlockedSinceBoot TRUE
12/26/2016 15:49:26.077 Enabling automatic association
12/26/2016 15:49:26.078 __WiFiDeviceManagerAutoAssociate: Already connected to DIGI-146A.
12/26/2016 15:49:26.078 WiFiLocaleManagerCheckLocale: trying to determine locale...
12/26/2016 15:49:26.078 WiFiManagerCoreLocationGetCachedLocation: getting cached location...
12/26/2016 15:49:26.098 __WiFiLocaleManagerGetLocaleFromMcc: finding iso country code for mcc 226 ....
12/26/2016 15:49:26.098 WiFiLocationServiceManagerIsLocationValid: cachedLocationTimeout 120.000000 location age 599.798662secs, lifeSpan -1.000000 accuracy 65.000000(highAccReq 0), isValid 1
12/26/2016 15:49:26.098 WiFiLocationServiceManagerStartLowAccuracyMonitoring: Cached low accuracy location is valid
12/26/2016 15:49:26.098 WiFiLocationServiceManagerIsLocationValid: cachedLocationTimeout 120.000000 location age 599.798875secs, lifeSpan -1.000000 accuracy 65.000000(highAccReq 1), isValid 1
12/26/2016 15:49:26.098 WiFiLocationServiceManagerIsLocationValid: cachedLocationTimeout 120.000000 location age 599.798934secs, lifeSpan -1.000000 accuracy 65.000000(highAccReq 0), isValid 1
12/26/2016 15:49:26.098 __WiFiLocationServiceManagerProcessLocationAvailableEvent: isValidHighAccuracyLocation 1,  isValidLowAccuracyLocation 1
12/26/2016 15:49:26.098 __WiFiLocationServiceManagerProcessLocationAvailableEvent: give low accuracy callback
12/26/2016 15:49:26.100 __WiFiLocaleManagerGetLocaleFromLocation: <+44.42570458,+26.13643565> +/- 65.00m (speed -1.00 mps / course -1.00) @ 12/26/16, 3:39:26 PM Eastern European Standard Time
12/26/2016 15:49:26.100 locale from bounding box 
12/26/2016 15:49:26.100 new locale:  , locale: 
12/26/2016 15:49:26.100 Stopping Low Accuracy Location Monitoring
12/26/2016 15:49:26.100 CLMonitoring is already stopped
12/26/2016 15:49:26.100 Stopping Low Accuracy Location Monitoring
12/26/2016 15:49:26.101 CLMonitoring is already stopped
12/26/2016 15:49:26.101 Power stats update: Type 0x6 UnassociatedSleepDur 0 AssociatedSleepDur 288769 TotalDur 305072 RoamDur 16214
12/26/2016 15:49:26.101 WiFiAWDManagerSubmitMetric: metric container could not be generated for metric id <0x90010>
12/26/2016 15:49:26.114 __WiFiDeviceManagerAwdlAvailableCallback: AWDL availability changed to TRUE
12/26/2016 15:49:26.114 __WiFiLQAMgrLogStats: Rssi: -79 Cca: 5 TxPer: 50.0% (2) BcnPer: 0.0% (50) RxFrms 2 TxRate: 39000 RxRate: 52000
12/26/2016 15:49:26.115 __WiFiLocationServiceManagerEventCallback, got cb dict {
    eventType = 0;
    location = "<+44.42570458,+26.13643565> +/- 65.00m (speed -1.00 mps / course -1.00) @ 12/26/16, 3:39:26 PM Eastern European Standard Time";
}
12/26/2016 15:49:26.116 WiFiLocationServiceManagerIsLocationValid: cachedLocationTimeout 120.000000 location age 599.816893secs, lifeSpan -1.000000 accuracy 65.000000(highAccReq 1), isValid 1
12/26/2016 15:49:26.116 WiFiLocationServiceManagerIsLocationValid: cachedLocationTimeout 120.000000 location age 599.816953secs, lifeSpan -1.000000 accuracy 65.000000(highAccReq 0), isValid 1
12/26/2016 15:49:26.116 __WiFiLocationServiceManagerProcessLocationAvailableEvent: isValidHighAccuracyLocation 1,  isValidLowAccuracyLocation 1
12/26/2016 15:49:26.116 __WiFiDeviceCopyLinkChangedSubReasonString: Apple80211ReturnToString failed 1
12/26/2016 15:49:26.117 __WiFiDeviceProcessDriverAvailableEvent: driver availability true, reason Initializing(0xe0821803), subreason (null)(0x0)
12/26/2016 15:49:26.117 __WiFiManagerDispatchDeviceAvailable: driver availability true

12/26/2016 15:49:26.119 __WiFiDeviceManagerAutoAssociate: Already connected to DIGI-146A.
12/26/2016 15:49:26.119 WiFiAWDManagerSubmitMetric: metric container could not be generated for metric id <0x9000e>
12/26/2016 15:49:26.119 __WiFiDeviceManagerAutoAssociate: Already connected to DIGI-146A.
12/26/2016 15:49:26.121 No Change in Background Scan Networks, Skip Re-Programming Background Scan

12/26/2016 15:49:26.178 __WiFiManagerCellularTransmitCallback_block_invoke: Cellular Transmit Started = FALSE
12/26/2016 15:49:26.231 apsd[273] is a wow client
12/26/2016 15:49:26.231 WoW is Enabled, 1 WoW Clients
12/26/2016 15:49:31.040 __WiFiLQAMgrIsLinkBad: LQAManager BadLinkRssi -81
12/26/2016 15:49:31.041 __WiFiLQAMgrCheckTriggerDisconnect: Bypassed, System woke up before 4.94 secs
12/26/2016 15:49:36.036 __WiFiLQAMgrCheckTriggerDisconnect: Bypassed, System woke up before 9.94 secs
12/26/2016 15:49:41.045 __WiFiLQAMgrLogStats: Rssi: -80 Cca: 36 TxPer: 0.0% (1) BcnPer: 0.0% (50) RxFrms 2 TxRate: 26000 RxRate: 58500
12/26/2016 15:49:44.884 Received kIOMessageSystemWillSleep
12/26/2016 15:49:44.884 System Sleep notification, Disabling auto-join
12/26/2016 15:49:44.884 __WiFiManagerSetEnableState: state FALSE, manager->enable.setting TRUE, manager->unlockedSinceBoot TRUE
12/26/2016 15:49:44.884 Disabling automatic association
12/26/2016 15:49:44.921 apsd[273] is a wow client
12/26/2016 15:49:44.921 WoW is Enabled, 1 WoW Clients
12/26/2016 15:49:45.010 __WiFiDeviceManagerAwdlAvailableCallback: AWDL availability changed to FALSE
12/26/2016 15:49:45.010 __WiFiDeviceCopyLinkChangedSubReasonString: Apple80211ReturnToString failed 1
12/26/2016 15:49:45.010 __WiFiDeviceProcessDriverAvailableEvent: driver availability false, reason PowerOff(0xe0821804), subreason (null)(0x0)
12/26/2016 15:49:45.010 __WiFiManagerDispatchDeviceAvailable: driver availability false

12/26/2016 15:49:45.016 WiFiAWDManagerSubmitMetric: metric container could not be generated for metric id <0x9000e>
12/26/2016 15:49:45.026 apsd[273] is a wow client
12/26/2016 15:49:45.026 WoW is Enabled, 1 WoW Clients
12/26/2016 16:03:19.080 Received kIOMessageSystemWillPowerOn
12/26/2016 16:03:19.080 System wake reason: AOP.ExternalReq hold
12/26/2016 16:03:19.081 System Powered ON notification Re-enabling auto-join
12/26/2016 16:03:19.081 __WiFiManagerSetEnableState: state TRUE, manager->enable.setting TRUE, manager->unlockedSinceBoot TRUE
12/26/2016 16:03:19.081 Enabling automatic association
12/26/2016 16:03:19.081 __WiFiDeviceManagerAutoAssociate: Already connected to DIGI-146A.
12/26/2016 16:03:19.081 WiFiLocaleManagerCheckLocale: trying to determine locale...
12/26/2016 16:03:19.081 WiFiManagerCoreLocationGetCachedLocation: getting cached location...
12/26/2016 16:03:19.082 __WiFiLocaleManagerGetLocaleFromMcc: finding iso country code for mcc 226 ....
12/26/2016 16:03:19.082 WiFiLocationServiceManagerIsLocationValid: cachedLocationTimeout 120.000000 location age 1432.782986secs, lifeSpan -1.000000 accuracy 65.000000(highAccReq 0), isValid 1
12/26/2016 16:03:19.082 WiFiLocationServiceManagerStartLowAccuracyMonitoring: Cached low accuracy location is valid
12/26/2016 16:03:19.082 WiFiLocationServiceManagerIsLocationValid: cachedLocationTimeout 120.000000 location age 1432.783102secs, lifeSpan -1.000000 accuracy 65.000000(highAccReq 1), isValid 1
12/26/2016 16:03:19.082 WiFiLocationServiceManagerIsLocationValid: cachedLocationTimeout 120.000000 location age 1432.783141secs, lifeSpan -1.000000 accuracy 65.000000(highAccReq 0), isValid 1
12/26/2016 16:03:19.083 __WiFiLocationServiceManagerProcessLocationAvailableEvent: isValidHighAccuracyLocation 1,  isValidLowAccuracyLocation 1
12/26/2016 16:03:19.083 __WiFiLocationServiceManagerProcessLocationAvailableEvent: give low accuracy callback
12/26/2016 16:03:19.083 __WiFiLocaleManagerGetLocaleFromLocation: <+44.42570458,+26.13643565> +/- 65.00m (speed -1.00 mps / course -1.00) @ 12/26/16, 3:39:26 PM Eastern European Standard Time
12/26/2016 16:03:19.083 locale from bounding box 
12/26/2016 16:03:19.083 new locale:  , locale: 
12/26/2016 16:03:19.083 Stopping Low Accuracy Location Monitoring
12/26/2016 16:03:19.083 CLMonitoring is already stopped
12/26/2016 16:03:19.083 Stopping Low Accuracy Location Monitoring
12/26/2016 16:03:19.083 CLMonitoring is already stopped
12/26/2016 16:03:19.083 Power stats update: Type 0x6 UnassociatedSleepDur 0 AssociatedSleepDur 795562 TotalDur 814148 RoamDur 12232
12/26/2016 16:03:19.083 WiFiAWDManagerSubmitMetric: metric container could not be generated for metric id <0x90010>
12/26/2016 16:03:19.086 Device display is ON
12/26/2016 16:03:19.086 __WiFiManagerSetEnableState: state TRUE, manager->enable.setting TRUE, manager->unlockedSinceBoot TRUE
12/26/2016 16:03:19.086 __WiFiDeviceManagerAutoAssociate: Already connected to DIGI-146A.
12/26/2016 16:03:19.086 __WiFiLocationServiceManagerEventCallback, got cb dict {
    eventType = 0;
    location = "<+44.42570458,+26.13643565> +/- 65.00m (speed -1.00 mps / course -1.00) @ 12/26/16, 3:39:26 PM Eastern European Standard Time";
}
12/26/2016 16:03:19.087 WiFiLocationServiceManagerIsLocationValid: cachedLocationTimeout 120.000000 location age 1432.788242secs, lifeSpan -1.000000 accuracy 65.000000(highAccReq 1), isValid 1
12/26/2016 16:03:19.088 WiFiLocationServiceManagerIsLocationValid: cachedLocationTimeout 120.000000 location age 1432.788279secs, lifeSpan -1.000000 accuracy 65.000000(highAccReq 0), isValid 1
12/26/2016 16:03:19.088 __WiFiLocationServiceManagerProcessLocationAvailableEvent: isValidHighAccuracyLocation 1,  isValidLowAccuracyLocation 1
12/26/2016 16:03:19.088 __WiFiLQAMgrLogStats: Rssi: -68 Cca: 36 TxPer: 0.0% (0) BcnPer: 0.0% (0) RxFrms 0 TxRate: 0 RxRate: 0
12/26/2016 16:03:19.088 __WiFiLQAMgrIsLinkGood: LQAManager: GoodLinkRssi -68
12/26/2016 16:03:19.088 __WiFiDeviceCopyLinkChangedSubReasonString: Apple80211ReturnToString failed 1
12/26/2016 16:03:19.088 __WiFiDeviceProcessDriverAvailableEvent: driver availability true, reason Initializing(0xe0821803), subreason (null)(0x0)
12/26/2016 16:03:19.088 __WiFiManagerDispatchDeviceAvailable: driver availability true

12/26/2016 16:03:19.093 __WiFiDeviceManagerAutoAssociate: Already connected to DIGI-146A.
12/26/2016 16:03:19.093 WiFiAWDManagerSubmitMetric: metric container could not be generated for metric id <0x9000e>
12/26/2016 16:03:19.097 __WiFiDeviceManagerAutoAssociate: Already connected to DIGI-146A.
12/26/2016 16:03:19.098 No Change in Background Scan Networks, Skip Re-Programming Background Scan

12/26/2016 16:03:19.235 __WiFiDeviceManagerAwdlAvailableCallback: AWDL availability changed to TRUE
12/26/2016 16:03:19.272 __WiFiManagerCellularTransmitCallback_block_invoke: Cellular Transmit Started = FALSE
12/26/2016 16:03:19.289 apsd[273] is a wow client
12/26/2016 16:03:19.289 WoW is Enabled, 1 WoW Clients
12/26/2016 16:03:19.447 Async scan requested by "locationd" for 1 iterations with maxage=0 priority normal on en0
12/26/2016 16:03:19.447 Enqueuing command type: "Scan" pending commands: 0
12/26/2016 16:03:19.447 Dequeuing command type: "Scan" pending commands: 0
12/26/2016 16:03:19.447 Attempting Apple80211ScanAsync on en0
12/26/2016 16:03:19.664 Completed Apple80211ScanAsync on en0 (0x0)
12/26/2016 16:03:19.665 Async scan request completed for "locationd" (0)
12/26/2016 16:03:19.668 Async scan requested by "locationd" for 1 iterations with maxage=0 priority normal on en0
12/26/2016 16:03:19.668 Enqueuing command type: "Scan" pending commands: 0
12/26/2016 16:03:19.668 Dequeuing command type: "Scan" pending commands: 0
12/26/2016 16:03:19.668 Attempting Apple80211ScanAsync on en0
12/26/2016 16:03:20.125 Completed Apple80211ScanAsync on en0 (0x0)
12/26/2016 16:03:20.127 Async scan request completed for "locationd" (0)
12/26/2016 16:03:20.868 Device display is OFF
12/26/2016 16:03:24.025 
Too frequent(0.220890 secs) rssi event from driver, ignoring

12/26/2016 16:03:26.355 Received kIOMessageSystemWillSleep
12/26/2016 16:03:26.355 System Sleep notification, Disabling auto-join
12/26/2016 16:03:26.355 __WiFiManagerSetEnableState: state FALSE, manager->enable.setting TRUE, manager->unlockedSinceBoot TRUE
12/26/2016 16:03:26.355 Disabling automatic association
12/26/2016 16:03:26.396 apsd[273] is a wow client
12/26/2016 16:03:26.397 WoW is Enabled, 1 WoW Clients
12/26/2016 16:03:26.558 __WiFiDeviceCopyLinkChangedSubReasonString: Apple80211ReturnToString failed 1
12/26/2016 16:03:26.558 __WiFiDeviceProcessDriverAvailableEvent: driver availability false, reason PowerOff(0xe0821804), subreason (null)(0x0)
12/26/2016 16:03:26.558 __WiFiManagerDispatchDeviceAvailable: driver availability false

12/26/2016 16:03:26.560 WiFiAWDManagerSubmitMetric: metric container could not be generated for metric id <0x9000e>
12/26/2016 16:03:26.561 __WiFiDeviceManagerAwdlAvailableCallback: AWDL availability changed to FALSE
12/26/2016 16:03:26.563 apsd[273] is a wow client
12/26/2016 16:03:26.563 WoW is Enabled, 1 WoW Clients
12/26/2016 16:16:56.951 Received kIOMessageSystemWillPowerOn
12/26/2016 16:16:56.964 System wake reason: AOP.ExternalReq hold
12/26/2016 16:16:56.964 System Powered ON notification Re-enabling auto-join
12/26/2016 16:16:56.966 __WiFiManagerSetEnableState: state TRUE, manager->enable.setting TRUE, manager->unlockedSinceBoot TRUE
12/26/2016 16:16:56.966 Enabling automatic association
12/26/2016 16:16:56.968 __WiFiDeviceManagerAutoAssociate: Already connected to DIGI-146A.
12/26/2016 16:16:56.972 WiFiLocaleManagerCheckLocale: trying to determine locale...
12/26/2016 16:16:56.973 WiFiManagerCoreLocationGetCachedLocation: getting cached location...
12/26/2016 16:16:56.973 __WiFiLocaleManagerGetLocaleFromMcc: finding iso country code for mcc 226 ....
12/26/2016 16:16:56.973 WiFiLocationServiceManagerIsLocationValid: cachedLocationTimeout 120.000000 location age 2250.674222secs, lifeSpan -1.000000 accuracy 65.000000(highAccReq 0), isValid 1
12/26/2016 16:16:56.974 WiFiLocationServiceManagerStartLowAccuracyMonitoring: Cached low accuracy location is valid
12/26/2016 16:16:56.974 WiFiLocationServiceManagerIsLocationValid: cachedLocationTimeout 120.000000 location age 2250.674427secs, lifeSpan -1.000000 accuracy 65.000000(highAccReq 1), isValid 1
12/26/2016 16:16:56.974 WiFiLocationServiceManagerIsLocationValid: cachedLocationTimeout 120.000000 location age 2250.674831secs, lifeSpan -1.000000 accuracy 65.000000(highAccReq 0), isValid 1
12/26/2016 16:16:56.974 __WiFiLocationServiceManagerProcessLocationAvailableEvent: isValidHighAccuracyLocation 1,  isValidLowAccuracyLocation 1
12/26/2016 16:16:56.974 __WiFiLocationServiceManagerProcessLocationAvailableEvent: give low accuracy callback
12/26/2016 16:16:56.978 __WiFiLocaleManagerGetLocaleFromLocation: <+44.42570458,+26.13643565> +/- 65.00m (speed -1.00 mps / course -1.00) @ 12/26/16, 3:39:26 PM Eastern European Standard Time
12/26/2016 16:16:56.978 locale from bounding box 
12/26/2016 16:16:56.980 new locale:  , locale: 
12/26/2016 16:16:56.981 Stopping Low Accuracy Location Monitoring
12/26/2016 16:16:56.981 CLMonitoring is already stopped
12/26/2016 16:16:56.981 Stopping Low Accuracy Location Monitoring
12/26/2016 16:16:56.981 CLMonitoring is already stopped
12/26/2016 16:16:56.981 Power stats update: Type 0x6 UnassociatedSleepDur 0 AssociatedSleepDur 786679 TotalDur 810475 RoamDur 16290
12/26/2016 16:16:56.981 WiFiAWDManagerSubmitMetric: metric container could not be generated for metric id <0x90010>
12/26/2016 16:16:56.982 __WiFiLQAMgrLogStats: Rssi: -86 Cca: 20 TxPer: 0.0% (0) BcnPer: 0.0% (0) RxFrms 0 TxRate: 0 RxRate: 0
12/26/2016 16:16:56.982 __WiFiLQAMgrIsLinkBad: LQAManager BadLinkRssi -86
12/26/2016 16:16:56.983 __WiFiLQAMgrCheckTriggerDisconnect: Bypassed, System woke up before 0.01 secs
12/26/2016 16:16:56.986 __WiFiDeviceCopyLinkChangedSubReasonString: Apple80211ReturnToString failed 1
12/26/2016 16:16:56.986 __WiFiDeviceProcessDriverAvailableEvent: driver availability true, reason Initializing(0xe0821803), subreason (null)(0x0)
12/26/2016 16:16:56.986 __WiFiManagerDispatchDeviceAvailable: driver availability true

12/26/2016 16:16:56.990 __WiFiDeviceManagerAutoAssociate: Already connected to DIGI-146A.
12/26/2016 16:16:56.990 WiFiAWDManagerSubmitMetric: metric container could not be generated for metric id <0x9000e>
12/26/2016 16:16:56.990 Device display is ON
12/26/2016 16:16:56.990 __WiFiManagerSetEnableState: state TRUE, manager->enable.setting TRUE, manager->unlockedSinceBoot TRUE
12/26/2016 16:16:56.992 __WiFiDeviceManagerAutoAssociate: Already connected to DIGI-146A.
12/26/2016 16:16:56.993 __WiFiDeviceManagerAutoAssociate: Already connected to DIGI-146A.
12/26/2016 16:16:56.994 No Change in Background Scan Networks, Skip Re-Programming Background Scan

12/26/2016 16:16:56.995 __WiFiLocationServiceManagerEventCallback, got cb dict {
    eventType = 0;
    location = "<+44.42596106,+26.13648348> +/- 65.00m (speed -1.00 mps / course -1.00) @ 12/26/16, 4:03:28 PM Eastern European Standard Time";
}
12/26/2016 16:16:56.996 WiFiLocationServiceManagerIsLocationValid: cachedLocationTimeout 120.000000 location age 808.322732secs, lifeSpan -1.000000 accuracy 65.000000(highAccReq 1), isValid 1
12/26/2016 16:16:56.996 WiFiLocationServiceManagerIsLocationValid: cachedLocationTimeout 120.000000 location age 808.322788secs, lifeSpan -1.000000 accuracy 65.000000(highAccReq 0), isValid 1
12/26/2016 16:16:56.996 __WiFiLocationServiceManagerProcessLocationAvailableEvent: isValidHighAccuracyLocation 1,  isValidLowAccuracyLocation 1
12/26/2016 16:16:56.997 __WiFiDeviceManagerAwdlAvailableCallback: AWDL availability changed to TRUE
12/26/2016 16:16:57.094 __WiFiManagerCellularTransmitCallback_block_invoke: Cellular Transmit Started = FALSE
12/26/2016 16:16:57.268 apsd[273] is a wow client
12/26/2016 16:16:57.268 WoW is Enabled, 1 WoW Clients
12/26/2016 16:16:57.285 
Too frequent(0.302725 secs) rssi event from driver, ignoring

12/26/2016 16:16:57.285 __WiFiLQAMgrCheckTriggerDisconnect: Bypassed, System woke up before 0.31 secs
12/26/2016 16:16:57.325 apsd[273] is a wow client
12/26/2016 16:16:57.325 WoW is Enabled, 1 WoW Clients
12/26/2016 16:16:57.358 Async scan requested by "locationd" for 1 iterations with maxage=0 priority normal on en0
12/26/2016 16:16:57.358 Enqueuing command type: "Scan" pending commands: 0
12/26/2016 16:16:57.360 Dequeuing command type: "Scan" pending commands: 0
12/26/2016 16:16:57.360 Attempting Apple80211ScanAsync on en0
12/26/2016 16:16:57.574 Completed Apple80211ScanAsync on en0 (0x0)
12/26/2016 16:16:57.575 Async scan request completed for "locationd" (0)
12/26/2016 16:16:57.576 Async scan requested by "locationd" for 1 iterations with maxage=0 priority normal on en0
12/26/2016 16:16:57.576 Enqueuing command type: "Scan" pending commands: 0
12/26/2016 16:16:57.576 Dequeuing command type: "Scan" pending commands: 0
12/26/2016 16:16:57.576 Attempting Apple80211ScanAsync on en0
12/26/2016 16:16:58.029 Completed Apple80211ScanAsync on en0 (0x0)
12/26/2016 16:16:58.029 Async scan request completed for "locationd" (0)
12/26/2016 16:16:58.649 Device display is OFF
12/26/2016 16:17:01.909 __WiFiLQAMgrIsLinkGood: LQAManager: GoodLinkRssi -71
12/26/2016 16:17:02.303 
Too frequent(0.394376 secs) rssi event from driver, ignoring

12/26/2016 16:17:07.193 Received kIOMessageSystemWillSleep
12/26/2016 16:17:07.193 System Sleep notification, Disabling auto-join
12/26/2016 16:17:07.193 __WiFiManagerSetEnableState: state FALSE, manager->enable.setting TRUE, manager->unlockedSinceBoot TRUE
12/26/2016 16:17:07.193 Disabling automatic association
12/26/2016 16:17:07.233 apsd[273] is a wow client
12/26/2016 16:17:07.233 WoW is Enabled, 1 WoW Clients
12/26/2016 16:17:07.367 __WiFiDeviceCopyLinkChangedSubReasonString: Apple80211ReturnToString failed 1
12/26/2016 16:17:07.367 __WiFiDeviceProcessDriverAvailableEvent: driver availability false, reason PowerOff(0xe0821804), subreason (null)(0x0)
12/26/2016 16:17:07.367 __WiFiManagerDispatchDeviceAvailable: driver availability false

12/26/2016 16:17:07.368 WiFiAWDManagerSubmitMetric: metric container could not be generated for metric id <0x9000e>
12/26/2016 16:17:07.371 __WiFiDeviceManagerAwdlAvailableCallback: AWDL availability changed to FALSE
12/26/2016 16:17:07.374 apsd[273] is a wow client
12/26/2016 16:17:07.374 WoW is Enabled, 1 WoW Clients
12/26/2016 16:39:05.990 Received kIOMessageSystemWillPowerOn
12/26/2016 16:39:06.071 System wake reason: AOP.ExternalReq rtc
12/26/2016 16:39:06.093 System Powered ON notification Re-enabling auto-join
12/26/2016 16:39:06.093 __WiFiManagerSetEnableState: state TRUE, manager->enable.setting TRUE, manager->unlockedSinceBoot TRUE
12/26/2016 16:39:06.124 Enabling automatic association
12/26/2016 16:39:06.124 __WiFiDeviceManagerAutoAssociate: Already connected to DIGI-146A.
12/26/2016 16:39:06.124 WiFiLocaleManagerCheckLocale: trying to determine locale...
12/26/2016 16:39:06.124 WiFiManagerCoreLocationGetCachedLocation: getting cached location...
12/26/2016 16:39:06.125 __WiFiLocaleManagerGetLocaleFromMcc: finding iso country code for mcc 226 ....
12/26/2016 16:39:06.126 WiFiLocationServiceManagerIsLocationValid: cachedLocationTimeout 120.000000 location age 2137.452226secs, lifeSpan -1.000000 accuracy 65.000000(highAccReq 0), isValid 1
12/26/2016 16:39:06.126 WiFiLocationServiceManagerStartLowAccuracyMonitoring: Cached low accuracy location is valid
12/26/2016 16:39:06.126 WiFiLocationServiceManagerIsLocationValid: cachedLocationTimeout 120.000000 location age 2137.452424secs, lifeSpan -1.000000 accuracy 65.000000(highAccReq 1), isValid 1
12/26/2016 16:39:06.126 WiFiLocationServiceManagerIsLocationValid: cachedLocationTimeout 120.000000 location age 2137.452483secs, lifeSpan -1.000000 accuracy 65.000000(highAccReq 0), isValid 1
12/26/2016 16:39:06.126 __WiFiLocationServiceManagerProcessLocationAvailableEvent: isValidHighAccuracyLocation 1,  isValidLowAccuracyLocation 1
12/26/2016 16:39:06.126 __WiFiLocationServiceManagerProcessLocationAvailableEvent: give low accuracy callback
12/26/2016 16:39:06.132 __WiFiLocaleManagerGetLocaleFromLocation: <+44.42596106,+26.13648348> +/- 65.00m (speed -1.00 mps / course -1.00) @ 12/26/16, 4:03:28 PM Eastern European Standard Time
12/26/2016 16:39:06.132 locale from bounding box 
12/26/2016 16:39:06.132 new locale:  , locale: 
12/26/2016 16:39:06.132 Stopping Low Accuracy Location Monitoring
12/26/2016 16:39:06.132 CLMonitoring is already stopped
12/26/2016 16:39:06.132 Stopping Low Accuracy Location Monitoring
12/26/2016 16:39:06.133 CLMonitoring is already stopped
12/26/2016 16:39:06.133 Power stats update: Type 0x6 UnassociatedSleepDur 0 AssociatedSleepDur 1305206 TotalDur 1318886 RoamDur 4047
12/26/2016 16:39:06.133 WiFiAWDManagerSubmitMetric: metric container could not be generated for metric id <0x90010>
12/26/2016 16:39:06.135 __WiFiLQAMgrLogStats: Rssi: -63 Cca: 28 TxPer: 0.0% (4) BcnPer: 0.0% (50) RxFrms 7 TxRate: 19500 RxRate: 58500
12/26/2016 16:39:06.141 __WiFiDeviceManagerAwdlAvailableCallback: AWDL availability changed to TRUE
12/26/2016 16:39:06.142 __WiFiDeviceCopyLinkChangedSubReasonString: Apple80211ReturnToString failed 1
12/26/2016 16:39:06.142 __WiFiDeviceProcessDriverAvailableEvent: driver availability true, reason Initializing(0xe0821803), subreason (null)(0x0)
12/26/2016 16:39:06.142 __WiFiManagerDispatchDeviceAvailable: driver availability true

12/26/2016 16:39:06.143 __WiFiDeviceManagerAutoAssociate: Already connected to DIGI-146A.
12/26/2016 16:39:06.143 WiFiAWDManagerSubmitMetric: metric container could not be generated for metric id <0x9000e>
12/26/2016 16:39:06.144 __WiFiDeviceManagerAutoAssociate: Already connected to DIGI-146A.
12/26/2016 16:39:06.145 No Change in Background Scan Networks, Skip Re-Programming Background Scan

12/26/2016 16:39:06.181 __WiFiManagerCellularTransmitCallback_block_invoke: Cellular Transmit Started = FALSE
12/26/2016 16:39:06.206 __WiFiLocationServiceManagerEventCallback, got cb dict {
    eventType = 0;
    location = "<+44.42591237,+26.13607539> +/- 65.00m (speed -1.00 mps / course -1.00) @ 12/26/16, 4:17:06 PM Eastern European Standard Time";
}
12/26/2016 16:39:06.207 WiFiLocationServiceManagerIsLocationValid: cachedLocationTimeout 120.000000 location age 1319.630322secs, lifeSpan -1.000000 accuracy 65.000000(highAccReq 1), isValid 1
12/26/2016 16:39:06.208 WiFiLocationServiceManagerIsLocationValid: cachedLocationTimeout 120.000000 location age 1319.630401secs, lifeSpan -1.000000 accuracy 65.000000(highAccReq 0), isValid 1
12/26/2016 16:39:06.208 __WiFiLocationServiceManagerProcessLocationAvailableEvent: isValidHighAccuracyLocation 1,  isValidLowAccuracyLocation 1
12/26/2016 16:39:06.561 apsd[273] is a wow client
12/26/2016 16:39:06.561 WoW is Enabled, 1 WoW Clients
12/26/2016 16:39:06.602 Disable WoW requested by "apsd"
12/26/2016 16:39:06.603 WoW Capable = YES, Attempting to disable WoW and enable LPAS 
12/26/2016 16:39:06.603 Setting WoW params to <CFBasicHash 0x14cd0cc60 [0x1a0950150]>{type = immutable dict, count = 3,
entries =>
	0 : <CFString 0x100175960 [0x1a0950150]>{contents = "IO80211InterfaceEnableLowPwrAssocMode"} = <CFBoolean 0x1a09506c8 [0x1a0950150]>{value = true}
	1 : <CFString 0x100175940 [0x1a0950150]>{contents = "IO80211InterfaceEnableWoW"} = <CFBoolean 0x1a09506d8 [0x1a0950150]>{value = false}
	2 : <CFString 0x100185ae0 [0x1a0950150]>{contents = "IO80211InterfaceEnableWoWOnCaptive"} = <CFBoolean 0x1a09506d8 [0x1a0950150]>{value = false}
}

12/26/2016 16:39:06.604 WiFiDeviceRequestAssociatedSleep: ActiveDuringSleepRequested is already set (<CFBasicHash 0x14cfc1ca0 [0x1a0950150]>{type = immutable dict, count = 0,
entries =>
}
).
12/26/2016 16:39:06.604 WoW Disabled, 0 WoW Clients, lpas is Enabled, WoW Override is Disabled, Captive Disabled
12/26/2016 16:39:06.605 Unable to dispatch WowStateChanged message to client dataaccessd (268435460)
12/26/2016 16:39:06.605 Unable to dispatch WowStateChanged message to client itunesstored (268435460)
12/26/2016 16:39:06.605 Unable to dispatch WowStateChanged message to client mediaserverd (268435460)
12/26/2016 16:39:06.606 Unable to dispatch WowStateChanged message to client assistantd (268435460)
12/26/2016 16:39:06.611 WoW is Disabled, 0 WoW Clients
12/26/2016 16:39:06.613 WoW is Disabled, 0 WoW Clients
12/26/2016 16:39:06.613 WoW is Disabled, 0 WoW Clients
12/26/2016 16:39:06.706 __WiFiManagerCellularTransmitCallback_block_invoke: Cellular Transmit Started = TRUE
12/26/2016 16:39:10.549 scanCache: Purging scan cache
12/26/2016 16:39:11.600 Client apsd set type to normal application
12/26/2016 16:39:11.600 __WiFiManagerSetEnableState: state TRUE, manager->enable.setting TRUE, manager->unlockedSinceBoot TRUE
12/26/2016 16:39:11.602 BG Application: Not Present, BG Daemon: Present. Daemons: mediaserverd 
12/26/2016 16:39:13.295 __WiFiManagerCellularTransmitCallback_block_invoke: Cellular Transmit Started = FALSE
12/26/2016 16:39:16.040 __WiFiLQAMgrLogStats: Rssi: -61 Cca: 38 TxPer: 0.0% (1) BcnPer: 0.0% (50) RxFrms 1 TxRate: 26000 RxRate: 58500
12/26/2016 16:39:18.483 Received kIOMessageSystemWillSleep
12/26/2016 16:39:18.483 System Sleep notification, Disabling auto-join
12/26/2016 16:39:18.483 __WiFiManagerSetEnableState: state FALSE, manager->enable.setting TRUE, manager->unlockedSinceBoot TRUE
12/26/2016 16:39:18.483 Disabling automatic association
12/26/2016 16:39:18.526 WoW is Disabled, 0 WoW Clients
12/26/2016 16:39:18.645 __WiFiDeviceManagerAwdlAvailableCallback: AWDL availability changed to FALSE
12/26/2016 16:39:18.645 __WiFiDeviceCopyLinkChangedSubReasonString: Apple80211ReturnToString failed 1
12/26/2016 16:39:18.646 __WiFiDeviceProcessDriverAvailableEvent: driver availability false, reason PowerOff(0xe0821804), subreason (null)(0x0)
12/26/2016 16:39:18.646 __WiFiManagerDispatchDeviceAvailable: driver availability false

12/26/2016 16:39:18.648 WiFiAWDManagerSubmitMetric: metric container could not be generated for metric id <0x9000e>
12/26/2016 16:39:18.658 WoW is Disabled, 0 WoW Clients
12/26/2016 16:44:19.716 Received kIOMessageSystemWillPowerOn
12/26/2016 16:44:19.716 System wake reason: AOP.ExternalReq wlan
12/26/2016 16:44:19.716 System Powered ON notification Re-enabling auto-join
12/26/2016 16:44:19.716 __WiFiManagerSetEnableState: state TRUE, manager->enable.setting TRUE, manager->unlockedSinceBoot TRUE
12/26/2016 16:44:19.716 Enabling automatic association
12/26/2016 16:44:19.716 __WiFiDeviceManagerAutoAssociate: Already connected to DIGI-146A.
12/26/2016 16:44:19.717 WiFiLocaleManagerCheckLocale: trying to determine locale...
12/26/2016 16:44:19.717 WiFiManagerCoreLocationGetCachedLocation: getting cached location...
12/26/2016 16:44:19.723 __WiFiLocaleManagerGetLocaleFromMcc: finding iso country code for mcc 226 ....
12/26/2016 16:44:19.723 WiFiLocationServiceManagerIsLocationValid: cachedLocationTimeout 120.000000 location age 1633.145838secs, lifeSpan -1.000000 accuracy 65.000000(highAccReq 0), isValid 1
12/26/2016 16:44:19.723 WiFiLocationServiceManagerStartLowAccuracyMonitoring: Cached low accuracy location is valid
12/26/2016 16:44:19.723 WiFiLocationServiceManagerIsLocationValid: cachedLocationTimeout 120.000000 location age 1633.146243secs, lifeSpan -1.000000 accuracy 65.000000(highAccReq 1), isValid 1
12/26/2016 16:44:19.723 WiFiLocationServiceManagerIsLocationValid: cachedLocationTimeout 120.000000 location age 1633.146301secs, lifeSpan -1.000000 accuracy 65.000000(highAccReq 0), isValid 1
12/26/2016 16:44:19.724 __WiFiLocationServiceManagerProcessLocationAvailableEvent: isValidHighAccuracyLocation 1,  isValidLowAccuracyLocation 1
12/26/2016 16:44:19.724 __WiFiLocationServiceManagerProcessLocationAvailableEvent: give low accuracy callback
12/26/2016 16:44:19.726 __WiFiLocaleManagerGetLocaleFromLocation: <+44.42591237,+26.13607539> +/- 65.00m (speed -1.00 mps / course -1.00) @ 12/26/16, 4:17:06 PM Eastern European Standard Time
12/26/2016 16:44:19.726 locale from bounding box 
12/26/2016 16:44:19.726 new locale:  , locale: 
12/26/2016 16:44:19.726 Stopping Low Accuracy Location Monitoring
12/26/2016 16:44:19.726 CLMonitoring is already stopped
12/26/2016 16:44:19.726 Stopping Low Accuracy Location Monitoring
12/26/2016 16:44:19.726 CLMonitoring is already stopped
12/26/2016 16:44:19.726 __WiFiDeviceProcessDumpLogsEvent: Dump logs event received, dumped wifid log buffer to file
