12/23/2016 16:59:39.244 scanCache: Purging scan cache
12/23/2016 16:59:40.052 BG Application: Not Present, BG Daemon: Present. Daemons: MobileMail mediaserverd apsd 
12/23/2016 16:59:40.053 __WiFiManagerSetEnableState: state TRUE, manager->enable.setting TRUE, manager->unlockedSinceBoot TRUE
12/23/2016 16:59:40.053 Auto association attempt canceled because MIS is enabled. MIS client count: wifi=1 bt=0
12/23/2016 16:59:43.179 Foreground Network Application entered.
12/23/2016 16:59:43.179 BG Application: Not Present, BG Daemon: Present. Daemons: MobileMail mediaserverd apsd 
12/23/2016 16:59:43.179 problematic networks =  and potentially problematic networks = 
12/23/2016 16:59:43.179 Unblacklisting
12/23/2016 16:59:43.179 No Change in Background Scan Networks, Skip Re-Programming Background Scan

12/23/2016 16:59:43.179 __WiFiManagerSetEnableState: state TRUE, manager->enable.setting TRUE, manager->unlockedSinceBoot TRUE
12/23/2016 16:59:43.179 Auto association attempt canceled because MIS is enabled. MIS client count: wifi=1 bt=0
12/23/2016 16:59:43.179 BG Application: Not Present, BG Daemon: Present. Daemons: MobileMail mediaserverd apsd 
12/23/2016 17:00:03.137 ATJManager: setting ask-to-join interaction mode to NonInteractive
12/23/2016 17:00:03.138 ATJManager: no entries to purge
12/23/2016 17:00:03.138 User interaction DISABLED
12/23/2016 17:00:03.138 Ignoring lock state manager->wakeMode 1

12/23/2016 17:00:03.154 Device display is OFF
12/23/2016 17:00:03.370 Foreground Network Application exited.
12/23/2016 17:00:03.370 BG Application: Not Present, BG Daemon: Present. Daemons: MobileMail mediaserverd apsd 
12/23/2016 17:00:03.370 WoW Enabled, Skip starting Disassocation timer
12/23/2016 17:00:12.568 Disable WoW requested by "apsd"
12/23/2016 17:00:12.569 WoW Capable = YES, Attempting to disable WoW and enable LPAS 
12/23/2016 17:00:12.569 Setting WoW params to <CFBasicHash 0x14cd31a00 [0x1a0950150]>{type = immutable dict, count = 3,
entries =>
	0 : <CFString 0x100175960 [0x1a0950150]>{contents = "IO80211InterfaceEnableLowPwrAssocMode"} = <CFBoolean 0x1a09506c8 [0x1a0950150]>{value = true}
	1 : <CFString 0x100175940 [0x1a0950150]>{contents = "IO80211InterfaceEnableWoW"} = <CFBoolean 0x1a09506d8 [0x1a0950150]>{value = false}
	2 : <CFString 0x100185ae0 [0x1a0950150]>{contents = "IO80211InterfaceEnableWoWOnCaptive"} = <CFBoolean 0x1a09506d8 [0x1a0950150]>{value = false}
}

12/23/2016 17:00:12.570 WiFiDeviceRequestAssociatedSleep: ActiveDuringSleepRequested is already removed ((null)).
12/23/2016 17:00:12.570 WoW Disabled, 0 WoW Clients, lpas is Enabled, WoW Override is Disabled, Captive Disabled
12/23/2016 17:00:12.571 Unable to dispatch WowStateChanged message to client MobileMail (268435460)
12/23/2016 17:00:12.571 Unable to dispatch WowStateChanged message to client dataaccessd (268435460)
12/23/2016 17:00:12.571 Unable to dispatch WowStateChanged message to client itunesstored (268435460)
12/23/2016 17:00:12.572 Unable to dispatch WowStateChanged message to client mediaserverd (268435460)
12/23/2016 17:00:12.572 WoW is Disabled, 0 WoW Clients
12/23/2016 17:00:12.573 WoW is Disabled, 0 WoW Clients
12/23/2016 17:00:12.576 WoW is Disabled, 0 WoW Clients
12/23/2016 17:00:16.383 WoW is Disabled, 0 WoW Clients
12/23/2016 17:00:17.573 Client apsd set type to normal application
12/23/2016 17:00:17.573 __WiFiManagerSetEnableState: state TRUE, manager->enable.setting TRUE, manager->unlockedSinceBoot TRUE
12/23/2016 17:00:17.573 BG Application: Not Present, BG Daemon: Present. Daemons: MobileMail mediaserverd 
12/23/2016 17:00:17.593 Client MobileMail set type to normal application
12/23/2016 17:00:17.593 __WiFiManagerSetEnableState: state TRUE, manager->enable.setting TRUE, manager->unlockedSinceBoot TRUE
12/23/2016 17:00:17.593 BG Application: Not Present, BG Daemon: Present. Daemons: mediaserverd 
12/23/2016 17:00:22.872 Background Network Application entered
12/23/2016 17:00:22.873 BG Application: Present, BG Daemon: Present. Daemons: mediaserverd 
12/23/2016 17:00:22.873 __WiFiManagerSetEnableState: state TRUE, manager->enable.setting TRUE, manager->unlockedSinceBoot TRUE
12/23/2016 17:00:22.873 Auto association attempt canceled because MIS is enabled. MIS client count: wifi=1 bt=0
12/23/2016 17:00:22.877 Background Network Application entered
12/23/2016 17:00:22.877 BG Application: Not Present, BG Daemon: Present. Daemons: mediaserverd 
12/23/2016 17:00:22.877 __WiFiManagerSetEnableState: state TRUE, manager->enable.setting TRUE, manager->unlockedSinceBoot TRUE
12/23/2016 17:00:22.877 Auto association attempt canceled because MIS is enabled. MIS client count: wifi=1 bt=0
12/23/2016 17:00:44.636 WiFiLocaleManagerCheckLocale: trying to determine locale...
12/23/2016 17:00:44.636 WiFiManagerCoreLocationGetCachedLocation: getting cached location...
12/23/2016 17:00:44.637 __WiFiLocaleManagerGetLocaleFromMcc: finding iso country code for mcc 232 ....
12/23/2016 17:00:44.648 WiFiLocationServiceManagerIsLocationValid: cachedLocationTimeout 120.000000 location age 614.411392secs, lifeSpan -1.000000 accuracy 65.000000(highAccReq 0), isValid 1
12/23/2016 17:00:44.648 WiFiLocationServiceManagerStartLowAccuracyMonitoring: Cached low accuracy location is valid
12/23/2016 17:00:44.648 WiFiLocationServiceManagerIsLocationValid: cachedLocationTimeout 120.000000 location age 614.411543secs, lifeSpan -1.000000 accuracy 65.000000(highAccReq 1), isValid 1
12/23/2016 17:00:44.648 WiFiLocationServiceManagerIsLocationValid: cachedLocationTimeout 120.000000 location age 614.411597secs, lifeSpan -1.000000 accuracy 65.000000(highAccReq 0), isValid 1
12/23/2016 17:00:44.648 __WiFiLocationServiceManagerProcessLocationAvailableEvent: isValidHighAccuracyLocation 1,  isValidLowAccuracyLocation 1
12/23/2016 17:00:44.648 __WiFiLocationServiceManagerProcessLocationAvailableEvent: give low accuracy callback
12/23/2016 17:00:44.649 __WiFiLocaleManagerGetLocaleFromLocation: <+47.97723591,+16.85022312> +/- 65.00m (speed -1.00 mps / course -1.00) @ 12/23/16, 4:50:30 PM Central European Standard Time
12/23/2016 17:00:44.649 locale from bounding box 
12/23/2016 17:00:44.649 new locale:  , locale: 
12/23/2016 17:00:44.649 Stopping Low Accuracy Location Monitoring
12/23/2016 17:00:44.649 CLMonitoring is already stopped
12/23/2016 17:00:44.649 Stopping Low Accuracy Location Monitoring
12/23/2016 17:00:44.649 CLMonitoring is already stopped
12/23/2016 17:00:44.660 __WiFiLocationServiceManagerEventCallback, got cb dict {
    eventType = 0;
    location = "<+47.97715038,+16.84898533> +/- 65.00m (speed -1.00 mps / course -1.00) @ 12/23/16, 4:59:33 PM Central European Standard Time";
}
12/23/2016 17:00:44.661 WiFiLocationServiceManagerIsLocationValid: cachedLocationTimeout 120.000000 location age 71.284434secs, lifeSpan -1.000000 accuracy 65.000000(highAccReq 1), isValid 1
12/23/2016 17:00:44.661 WiFiLocationServiceManagerIsLocationValid: cachedLocationTimeout 120.000000 location age 71.284492secs, lifeSpan -1.000000 accuracy 65.000000(highAccReq 0), isValid 1
12/23/2016 17:00:44.661 __WiFiLocationServiceManagerProcessLocationAvailableEvent: isValidHighAccuracyLocation 1,  isValidLowAccuracyLocation 1
12/23/2016 17:02:44.641 WiFiLocaleManagerCheckLocale: trying to determine locale...
12/23/2016 17:02:44.641 WiFiManagerCoreLocationGetCachedLocation: getting cached location...
12/23/2016 17:02:44.663 __WiFiLocaleManagerGetLocaleFromMcc: finding iso country code for mcc 232 ....
12/23/2016 17:02:44.663 WiFiLocationServiceManagerIsLocationValid: cachedLocationTimeout 120.000000 location age 191.286476secs, lifeSpan -1.000000 accuracy 65.000000(highAccReq 0), isValid 1
12/23/2016 17:02:44.663 WiFiLocationServiceManagerStartLowAccuracyMonitoring: Cached low accuracy location is valid
12/23/2016 17:02:44.663 WiFiLocationServiceManagerIsLocationValid: cachedLocationTimeout 120.000000 location age 191.286618secs, lifeSpan -1.000000 accuracy 65.000000(highAccReq 1), isValid 1
12/23/2016 17:02:44.663 WiFiLocationServiceManagerIsLocationValid: cachedLocationTimeout 120.000000 location age 191.286671secs, lifeSpan -1.000000 accuracy 65.000000(highAccReq 0), isValid 1
12/23/2016 17:02:44.663 __WiFiLocationServiceManagerProcessLocationAvailableEvent: isValidHighAccuracyLocation 1,  isValidLowAccuracyLocation 1
12/23/2016 17:02:44.663 __WiFiLocationServiceManagerProcessLocationAvailableEvent: give low accuracy callback
12/23/2016 17:02:44.664 __WiFiLocaleManagerGetLocaleFromLocation: <+47.97715038,+16.84898533> +/- 65.00m (speed -1.00 mps / course -1.00) @ 12/23/16, 4:59:33 PM Central European Standard Time
12/23/2016 17:02:44.664 locale from bounding box 
12/23/2016 17:02:44.664 new locale:  , locale: 
12/23/2016 17:02:44.664 Stopping Low Accuracy Location Monitoring
12/23/2016 17:02:44.665 CLMonitoring is already stopped
12/23/2016 17:02:44.665 Stopping Low Accuracy Location Monitoring
12/23/2016 17:02:44.665 CLMonitoring is already stopped
12/23/2016 17:02:44.665 __WiFiLocationServiceManagerEventCallback, got cb dict {
    eventType = 0;
    location = "<+47.97715038,+16.84898533> +/- 65.00m (speed -1.00 mps / course -1.00) @ 12/23/16, 4:59:33 PM Central European Standard Time";
}
12/23/2016 17:02:44.665 WiFiLocationServiceManagerIsLocationValid: cachedLocationTimeout 120.000000 location age 191.288785secs, lifeSpan -1.000000 accuracy 65.000000(highAccReq 1), isValid 1
12/23/2016 17:02:44.665 WiFiLocationServiceManagerIsLocationValid: cachedLocationTimeout 120.000000 location age 191.288838secs, lifeSpan -1.000000 accuracy 65.000000(highAccReq 0), isValid 1
12/23/2016 17:02:44.665 __WiFiLocationServiceManagerProcessLocationAvailableEvent: isValidHighAccuracyLocation 1,  isValidLowAccuracyLocation 1
12/23/2016 17:03:32.032 Async scan requested by "locationd" for 1 iterations with maxage=0 priority normal on en0
12/23/2016 17:03:32.032 Enqueuing command type: "Scan" pending commands: 0
12/23/2016 17:03:32.033 Dequeuing command type: "Scan" pending commands: 0
12/23/2016 17:03:32.039 Attempting Apple80211ScanAsync on en0
12/23/2016 17:03:32.205 Completed Apple80211ScanAsync on en0 (0x0)
12/23/2016 17:03:32.207 Async scan request completed for "locationd" (0)
12/23/2016 17:03:32.209 Async scan requested by "locationd" for 1 iterations with maxage=0 priority normal on en0
12/23/2016 17:03:32.209 Enqueuing command type: "Scan" pending commands: 0
12/23/2016 17:03:32.209 Dequeuing command type: "Scan" pending commands: 0
12/23/2016 17:03:32.209 Attempting Apple80211ScanAsync on en0
12/23/2016 17:03:32.594 Completed Apple80211ScanAsync on en0 (0x0)
12/23/2016 17:03:32.596 Async scan request completed for "locationd" (0)
12/23/2016 17:03:36.871 IPv4 Primary interface is pdp_ip0 and IPv6 Primary Interface is (null)
12/23/2016 17:03:36.916 IPv4 Primary interface is pdp_ip0 and IPv6 Primary Interface is (null)
12/23/2016 17:03:36.947 IPv4 Primary interface is pdp_ip0 and IPv6 Primary Interface is (null)
12/23/2016 17:03:37.034 Low bw cellular data available, so WiFi would stay connected under low signal quality
12/23/2016 17:03:37.035 WiFiLQAMgrSetWiFiFallBackPref: LQAManager WiFiFallBackPreference enabled 
12/23/2016 17:03:37.058 Client apsd set type to background application
12/23/2016 17:03:37.058 __WiFiManagerSetEnableState: state TRUE, manager->enable.setting TRUE, manager->unlockedSinceBoot TRUE
12/23/2016 17:03:37.062 BG Application: Not Present, BG Daemon: Present. Daemons: mediaserverd apsd 
12/23/2016 17:03:37.062 Auto association attempt canceled because MIS is enabled. MIS client count: wifi=1 bt=0
12/23/2016 17:03:37.063 Enable WoW requested by "apsd"
12/23/2016 17:03:37.063 WoW Capable = YES, Attempting to enable WoW and disable LPAS 
12/23/2016 17:03:37.063 Setting WoW params to <CFBasicHash 0x14ce8b340 [0x1a0950150]>{type = immutable dict, count = 3,
entries =>
	0 : <CFString 0x100175960 [0x1a0950150]>{contents = "IO80211InterfaceEnableLowPwrAssocMode"} = <CFBoolean 0x1a09506d8 [0x1a0950150]>{value = false}
	1 : <CFString 0x100175940 [0x1a0950150]>{contents = "IO80211InterfaceEnableWoW"} = <CFBoolean 0x1a09506c8 [0x1a0950150]>{value = true}
	2 : <CFString 0x100185ae0 [0x1a0950150]>{contents = "IO80211InterfaceEnableWoWOnCaptive"} = <CFBoolean 0x1a09506d8 [0x1a0950150]>{value = false}
}

12/23/2016 17:03:37.067 WiFiDeviceRequestAssociatedSleep: ActiveDuringSleepRequested is already removed ((null)).
12/23/2016 17:03:37.067 WoW Enabled by 1 Clients, lpas is Disabled, WoW Override is Disabled, Captive Disabled
12/23/2016 17:03:37.067 Unable to dispatch WowStateChanged message to client MobileMail (268435460)
12/23/2016 17:03:37.068 Unable to dispatch WowStateChanged message to client dataaccessd (268435460)
12/23/2016 17:03:37.068 Unable to dispatch WowStateChanged message to client itunesstored (268435460)
12/23/2016 17:03:37.073 Unable to dispatch WowStateChanged message to client mediaserverd (268435460)
12/23/2016 17:03:37.076 Client MobileMail set type to background application
12/23/2016 17:03:37.076 __WiFiManagerSetEnableState: state TRUE, manager->enable.setting TRUE, manager->unlockedSinceBoot TRUE
12/23/2016 17:03:37.078 BG Application: Not Present, BG Daemon: Present. Daemons: MobileMail mediaserverd apsd 
12/23/2016 17:03:37.078 Auto association attempt canceled because MIS is enabled. MIS client count: wifi=1 bt=0
12/23/2016 17:03:37.078 apsd[273] is a wow client
12/23/2016 17:03:37.078 WoW is Enabled, 1 WoW Clients
12/23/2016 17:03:37.079 apsd[273] is a wow client
12/23/2016 17:03:37.079 WoW is Enabled, 1 WoW Clients
12/23/2016 17:03:37.089 apsd[273] is a wow client
12/23/2016 17:03:37.089 WoW is Enabled, 1 WoW Clients
12/23/2016 17:03:41.845 __WiFiManagerCellularTransmitCallback_block_invoke: Cellular Transmit Started = FALSE
12/23/2016 17:03:45.028 __WiFiManagerCellularTransmitCallback_block_invoke: Cellular Transmit Started = TRUE
12/23/2016 17:03:46.598 scanCache: Purging scan cache
12/23/2016 17:03:47.964 __WiFiManagerCellularTransmitCallback_block_invoke: Cellular Transmit Started = FALSE
12/23/2016 17:03:59.397 __WiFiManagerCellularTransmitCallback_block_invoke: Cellular Transmit Started = TRUE
12/23/2016 17:04:00.011 __WiFiManagerCellularTransmitCallback_block_invoke: Cellular Transmit Started = FALSE
12/23/2016 17:04:04.892 __WiFiManagerCellularTransmitCallback_block_invoke: Cellular Transmit Started = TRUE
12/23/2016 17:04:07.825 __WiFiManagerCellularTransmitCallback_block_invoke: Cellular Transmit Started = FALSE
12/23/2016 17:04:13.091 __WiFiManagerCellularTransmitCallback_block_invoke: Cellular Transmit Started = TRUE
12/23/2016 17:04:19.131 __WiFiManagerCellularTransmitCallback_block_invoke: Cellular Transmit Started = FALSE
12/23/2016 17:04:19.151 __WiFiManagerCellularTransmitCallback_block_invoke: Cellular Transmit Started = FALSE
12/23/2016 17:04:19.316 IPv4 Primary interface is (null) and IPv6 Primary Interface is (null)
12/23/2016 17:04:19.339 MIS is already Enabled on ap1
12/23/2016 17:04:19.345 MIS is already Enabled on ap1
12/23/2016 17:04:19.347 MIS Discovery is Disabled
12/23/2016 17:04:19.509 __WiFiManagerCellularTransmitCallback_block_invoke: Cellular Transmit Started = TRUE
12/23/2016 17:04:31.248 __WiFiManagerCellularTransmitCallback_block_invoke: Cellular Transmit Started = FALSE
12/23/2016 17:04:31.651 __WiFiDeviceProcessDumpLogsEvent: Dump logs event received, dumped wifid log buffer to file
