12/23/2016 14:39:36.737 scanCache: Purging scan cache
12/23/2016 14:39:48.157 __WiFiDeviceProcessSTAArriveEvent: staNum 3
12/23/2016 14:39:48.157 WiFiAWDManagerSubmitMetric: metric container could not be generated for metric id <0x90006>
12/23/2016 14:39:48.157 MIS STA Associated: 3 associated clients
12/23/2016 14:39:48.169 WiFiDeviceManagerSetMISMaxStaNumber: Additional tethering clients allowed: 2
12/23/2016 14:39:48.181 WiFiAWDManagerSubmitMetric: metric container could not be generated for metric id <0x90005>
12/23/2016 14:39:48.182 MIS is already Enabled on ap1
12/23/2016 14:39:48.184 MIS Discovery is Disabled
12/23/2016 14:40:06.669 __WiFiDeviceProcessSTALeaveEvent: staNum 2
12/23/2016 14:40:06.675 MIS STA Disassociated: 2 associated clients
12/23/2016 14:40:06.682 WiFiDeviceManagerSetMISMaxStaNumber: Additional tethering clients allowed: 3
12/23/2016 14:40:06.695 MIS is already Enabled on ap1
12/23/2016 14:40:06.698 MIS Discovery is Disabled
12/23/2016 14:40:10.855 Device display is ON
12/23/2016 14:40:10.856 __WiFiManagerSetEnableState: state TRUE, manager->enable.setting TRUE, manager->unlockedSinceBoot TRUE
12/23/2016 14:40:10.856 Auto association attempt canceled because MIS is enabled. MIS client count: wifi=2 bt=0
12/23/2016 14:40:11.061 Async scan requested by "locationd" for 1 iterations with maxage=0 priority normal on en0
12/23/2016 14:40:11.061 Enqueuing command type: "Scan" pending commands: 0
12/23/2016 14:40:11.061 Dequeuing command type: "Scan" pending commands: 0
12/23/2016 14:40:11.061 Attempting Apple80211ScanAsync on en0
12/23/2016 14:40:11.223 Completed Apple80211ScanAsync on en0 (0x0)
12/23/2016 14:40:11.223 Async scan request completed for "locationd" (0)
12/23/2016 14:40:11.224 Async scan requested by "locationd" for 1 iterations with maxage=0 priority normal on en0
12/23/2016 14:40:11.224 Enqueuing command type: "Scan" pending commands: 0
12/23/2016 14:40:11.224 Dequeuing command type: "Scan" pending commands: 0
12/23/2016 14:40:11.224 Attempting Apple80211ScanAsync on en0
12/23/2016 14:40:11.608 Completed Apple80211ScanAsync on en0 (0x0)
12/23/2016 14:40:11.609 Async scan request completed for "locationd" (0)
12/23/2016 14:40:13.124 ATJManager: setting ask-to-join interaction mode to Interactive
12/23/2016 14:40:13.124 ATJManager: no entries to purge
12/23/2016 14:40:13.124 User interaction ENABLED
12/23/2016 14:40:13.124 Ignoring lock state manager->wakeMode 1

12/23/2016 14:40:13.124 problematic networks =  and potentially problematic networks = 
12/23/2016 14:40:13.124 Unblacklisting
12/23/2016 14:40:13.125 No Change in Background Scan Networks, Skip Re-Programming Background Scan

12/23/2016 14:40:13.125 Auto association attempt canceled because MIS is enabled. MIS client count: wifi=2 bt=0
12/23/2016 14:40:15.646 ATJManager: setting ask-to-join interaction mode to NonInteractive
12/23/2016 14:40:15.646 ATJManager: no entries to purge
12/23/2016 14:40:15.646 User interaction DISABLED
12/23/2016 14:40:15.646 Ignoring lock state manager->wakeMode 1

12/23/2016 14:40:15.659 Device display is OFF
12/23/2016 14:40:17.227 Async scan requested by "locationd" for 1 iterations with maxage=0 priority normal on en0
12/23/2016 14:40:17.227 Enqueuing command type: "Scan" pending commands: 0
12/23/2016 14:40:17.227 Dequeuing command type: "Scan" pending commands: 0
12/23/2016 14:40:17.227 Attempting Apple80211ScanAsync on en0
12/23/2016 14:40:17.612 Completed Apple80211ScanAsync on en0 (0x0)
12/23/2016 14:40:17.613 Async scan request completed for "locationd" (0)
12/23/2016 14:40:17.617 Async scan requested by "locationd" for 1 iterations with maxage=0 priority normal on en0
12/23/2016 14:40:17.617 Enqueuing command type: "Scan" pending commands: 0
12/23/2016 14:40:17.617 Dequeuing command type: "Scan" pending commands: 0
12/23/2016 14:40:17.618 Attempting Apple80211ScanAsync on en0
12/23/2016 14:40:19.163 Completed Apple80211ScanAsync on en0 (0x0)
12/23/2016 14:40:19.164 Async scan request completed for "locationd" (0)
12/23/2016 14:40:23.622 Async scan requested by "locationd" for 1 iterations with maxage=0 priority normal on en0
12/23/2016 14:40:23.622 Enqueuing command type: "Scan" pending commands: 0
12/23/2016 14:40:23.622 Dequeuing command type: "Scan" pending commands: 0
12/23/2016 14:40:23.622 Attempting Apple80211ScanAsync on en0
12/23/2016 14:40:24.007 Completed Apple80211ScanAsync on en0 (0x0)
12/23/2016 14:40:24.008 Async scan request completed for "locationd" (0)
12/23/2016 14:40:24.013 Async scan requested by "locationd" for 1 iterations with maxage=0 priority normal on en0
12/23/2016 14:40:24.013 Enqueuing command type: "Scan" pending commands: 0
12/23/2016 14:40:24.013 Dequeuing command type: "Scan" pending commands: 0
12/23/2016 14:40:24.013 Attempting Apple80211ScanAsync on en0
12/23/2016 14:40:25.549 Completed Apple80211ScanAsync on en0 (0x0)
12/23/2016 14:40:25.550 Async scan request completed for "locationd" (0)
12/23/2016 14:40:30.014 Async scan requested by "locationd" for 1 iterations with maxage=0 priority normal on en0
12/23/2016 14:40:30.014 Enqueuing command type: "Scan" pending commands: 0
12/23/2016 14:40:30.014 Dequeuing command type: "Scan" pending commands: 0
12/23/2016 14:40:30.014 Attempting Apple80211ScanAsync on en0
12/23/2016 14:40:30.399 Completed Apple80211ScanAsync on en0 (0x0)
12/23/2016 14:40:30.400 Async scan request completed for "locationd" (0)
12/23/2016 14:40:30.403 Async scan requested by "locationd" for 1 iterations with maxage=0 priority normal on en0
12/23/2016 14:40:30.403 Enqueuing command type: "Scan" pending commands: 0
12/23/2016 14:40:30.404 Dequeuing command type: "Scan" pending commands: 0
12/23/2016 14:40:30.404 Attempting Apple80211ScanAsync on en0
12/23/2016 14:40:31.939 Completed Apple80211ScanAsync on en0 (0x0)
12/23/2016 14:40:31.940 Async scan request completed for "locationd" (0)
12/23/2016 14:40:36.408 Async scan requested by "locationd" for 1 iterations with maxage=0 priority normal on en0
12/23/2016 14:40:36.408 Enqueuing command type: "Scan" pending commands: 0
12/23/2016 14:40:36.409 Dequeuing command type: "Scan" pending commands: 0
12/23/2016 14:40:36.409 Attempting Apple80211ScanAsync on en0
12/23/2016 14:40:36.796 Completed Apple80211ScanAsync on en0 (0x0)
12/23/2016 14:40:36.797 Async scan request completed for "locationd" (0)
12/23/2016 14:40:36.802 Async scan requested by "locationd" for 1 iterations with maxage=0 priority normal on en0
12/23/2016 14:40:36.803 Enqueuing command type: "Scan" pending commands: 0
12/23/2016 14:40:36.803 Dequeuing command type: "Scan" pending commands: 0
12/23/2016 14:40:36.803 Attempting Apple80211ScanAsync on en0
12/23/2016 14:40:38.354 Completed Apple80211ScanAsync on en0 (0x0)
12/23/2016 14:40:38.355 Async scan request completed for "locationd" (0)
12/23/2016 14:40:42.807 Async scan requested by "locationd" for 1 iterations with maxage=0 priority normal on en0
12/23/2016 14:40:42.807 Enqueuing command type: "Scan" pending commands: 0
12/23/2016 14:40:42.807 Dequeuing command type: "Scan" pending commands: 0
12/23/2016 14:40:42.807 Attempting Apple80211ScanAsync on en0
12/23/2016 14:40:43.193 Completed Apple80211ScanAsync on en0 (0x0)
12/23/2016 14:40:43.194 Async scan request completed for "locationd" (0)
12/23/2016 14:40:43.198 Async scan requested by "locationd" for 1 iterations with maxage=0 priority normal on en0
12/23/2016 14:40:43.198 Enqueuing command type: "Scan" pending commands: 0
12/23/2016 14:40:43.198 Dequeuing command type: "Scan" pending commands: 0
12/23/2016 14:40:43.198 Attempting Apple80211ScanAsync on en0
12/23/2016 14:40:44.673 WiFiLocaleManagerCheckLocale: trying to determine locale...
12/23/2016 14:40:44.673 WiFiManagerCoreLocationGetCachedLocation: getting cached location...
12/23/2016 14:40:44.686 __WiFiLocaleManagerGetLocaleFromMcc: finding iso country code for mcc 232 ....
12/23/2016 14:40:44.686 WiFiLocationServiceManagerIsLocationValid: cachedLocationTimeout 120.000000 location age 120.012101secs, lifeSpan -1.000000 accuracy 5.000000(highAccReq 0), isValid 1
12/23/2016 14:40:44.686 WiFiLocationServiceManagerStartLowAccuracyMonitoring: Cached low accuracy location is valid
12/23/2016 14:40:44.686 WiFiLocationServiceManagerIsLocationValid: cachedLocationTimeout 120.000000 location age 120.012237secs, lifeSpan -1.000000 accuracy 5.000000(highAccReq 1), isValid 1
12/23/2016 14:40:44.686 WiFiLocationServiceManagerIsLocationValid: cachedLocationTimeout 120.000000 location age 120.012291secs, lifeSpan -1.000000 accuracy 5.000000(highAccReq 0), isValid 1
12/23/2016 14:40:44.686 __WiFiLocationServiceManagerProcessLocationAvailableEvent: isValidHighAccuracyLocation 1,  isValidLowAccuracyLocation 1
12/23/2016 14:40:44.686 __WiFiLocationServiceManagerProcessLocationAvailableEvent: give low accuracy callback
12/23/2016 14:40:44.687 __WiFiLocaleManagerGetLocaleFromLocation: <+47.99999597,+16.83307179> +/- 5.00m (speed 25.07 mps / course 188.79) @ 12/23/16, 2:38:44 PM Central European Standard Time
12/23/2016 14:40:44.687 locale from bounding box 
12/23/2016 14:40:44.687 new locale:  , locale: 
12/23/2016 14:40:44.687 Stopping Low Accuracy Location Monitoring
12/23/2016 14:40:44.687 CLMonitoring is already stopped
12/23/2016 14:40:44.687 Stopping Low Accuracy Location Monitoring
12/23/2016 14:40:44.687 CLMonitoring is already stopped
12/23/2016 14:40:44.687 __WiFiLocationServiceManagerEventCallback, got cb dict {
    eventType = 0;
    location = "<+47.98672580,+16.83447293> +/- 381.72m (speed -1.00 mps / course -1.00) @ 12/23/16, 2:40:44 PM Central European Standard Time";
}
12/23/2016 14:40:44.688 WiFiLocationServiceManagerIsLocationValid: cachedLocationTimeout 120.000000 location age 0.011327secs, lifeSpan -1.000000 accuracy 381.721072(highAccReq 1), isValid 0
12/23/2016 14:40:44.688 WiFiLocationServiceManagerIsLocationValid: cachedLocationTimeout 120.000000 location age 0.011383secs, lifeSpan -1.000000 accuracy 381.721072(highAccReq 0), isValid 1
12/23/2016 14:40:44.688 __WiFiLocationServiceManagerProcessLocationAvailableEvent: isValidHighAccuracyLocation 0,  isValidLowAccuracyLocation 1
12/23/2016 14:40:44.741 Completed Apple80211ScanAsync on en0 (0x0)
12/23/2016 14:40:44.742 Async scan request completed for "locationd" (0)
12/23/2016 14:40:49.203 Async scan requested by "locationd" for 1 iterations with maxage=0 priority normal on en0
12/23/2016 14:40:49.203 Enqueuing command type: "Scan" pending commands: 0
12/23/2016 14:40:49.203 Dequeuing command type: "Scan" pending commands: 0
12/23/2016 14:40:49.203 Attempting Apple80211ScanAsync on en0
12/23/2016 14:40:49.589 Completed Apple80211ScanAsync on en0 (0x0)
12/23/2016 14:40:49.590 Async scan request completed for "locationd" (0)
12/23/2016 14:40:49.594 Async scan requested by "locationd" for 1 iterations with maxage=0 priority normal on en0
12/23/2016 14:40:49.594 Enqueuing command type: "Scan" pending commands: 0
12/23/2016 14:40:49.594 Dequeuing command type: "Scan" pending commands: 0
12/23/2016 14:40:49.594 Attempting Apple80211ScanAsync on en0
12/23/2016 14:40:51.148 Completed Apple80211ScanAsync on en0 (0x0)
12/23/2016 14:40:51.149 Async scan request completed for "locationd" (0)
12/23/2016 14:40:55.599 Async scan requested by "locationd" for 1 iterations with maxage=0 priority normal on en0
12/23/2016 14:40:55.599 Enqueuing command type: "Scan" pending commands: 0
12/23/2016 14:40:55.599 Dequeuing command type: "Scan" pending commands: 0
12/23/2016 14:40:55.599 Attempting Apple80211ScanAsync on en0
12/23/2016 14:40:55.982 Completed Apple80211ScanAsync on en0 (0x0)
12/23/2016 14:40:55.983 Async scan request completed for "locationd" (0)
12/23/2016 14:40:55.987 Async scan requested by "locationd" for 1 iterations with maxage=0 priority normal on en0
12/23/2016 14:40:55.987 Enqueuing command type: "Scan" pending commands: 0
12/23/2016 14:40:55.987 Dequeuing command type: "Scan" pending commands: 0
12/23/2016 14:40:55.987 Attempting Apple80211ScanAsync on en0
12/23/2016 14:40:57.536 Completed Apple80211ScanAsync on en0 (0x0)
12/23/2016 14:40:57.537 Async scan request completed for "locationd" (0)
12/23/2016 14:41:01.988 Async scan requested by "locationd" for 1 iterations with maxage=0 priority normal on en0
12/23/2016 14:41:01.988 Enqueuing command type: "Scan" pending commands: 0
12/23/2016 14:41:01.988 Dequeuing command type: "Scan" pending commands: 0
12/23/2016 14:41:01.988 Attempting Apple80211ScanAsync on en0
12/23/2016 14:41:02.374 Completed Apple80211ScanAsync on en0 (0x0)
12/23/2016 14:41:02.374 Async scan request completed for "locationd" (0)
12/23/2016 14:41:02.379 Async scan requested by "locationd" for 1 iterations with maxage=0 priority normal on en0
12/23/2016 14:41:02.379 Enqueuing command type: "Scan" pending commands: 0
12/23/2016 14:41:02.379 Dequeuing command type: "Scan" pending commands: 0
12/23/2016 14:41:02.379 Attempting Apple80211ScanAsync on en0
12/23/2016 14:41:03.927 Completed Apple80211ScanAsync on en0 (0x0)
12/23/2016 14:41:03.928 Async scan request completed for "locationd" (0)
12/23/2016 14:41:08.383 Async scan requested by "locationd" for 1 iterations with maxage=0 priority normal on en0
12/23/2016 14:41:08.383 Enqueuing command type: "Scan" pending commands: 0
12/23/2016 14:41:08.383 Dequeuing command type: "Scan" pending commands: 0
12/23/2016 14:41:08.383 Attempting Apple80211ScanAsync on en0
12/23/2016 14:41:08.766 Completed Apple80211ScanAsync on en0 (0x0)
12/23/2016 14:41:08.767 Async scan request completed for "locationd" (0)
12/23/2016 14:41:08.770 Async scan requested by "locationd" for 1 iterations with maxage=0 priority normal on en0
12/23/2016 14:41:08.770 Enqueuing command type: "Scan" pending commands: 0
12/23/2016 14:41:08.770 Dequeuing command type: "Scan" pending commands: 0
12/23/2016 14:41:08.770 Attempting Apple80211ScanAsync on en0
12/23/2016 14:41:10.319 Completed Apple80211ScanAsync on en0 (0x0)
12/23/2016 14:41:10.320 Async scan request completed for "locationd" (0)
12/23/2016 14:41:13.140 Background Network Application entered
12/23/2016 14:41:13.141 BG Application: Present, BG Daemon: Present. Daemons: mediaserverd 
12/23/2016 14:41:13.141 __WiFiManagerSetEnableState: state TRUE, manager->enable.setting TRUE, manager->unlockedSinceBoot TRUE
12/23/2016 14:41:13.141 Auto association attempt canceled because MIS is enabled. MIS client count: wifi=2 bt=0
12/23/2016 14:41:13.143 Background Network Application entered
12/23/2016 14:41:13.143 BG Application: Not Present, BG Daemon: Present. Daemons: mediaserverd 
12/23/2016 14:41:13.143 __WiFiManagerSetEnableState: state TRUE, manager->enable.setting TRUE, manager->unlockedSinceBoot TRUE
12/23/2016 14:41:13.143 Auto association attempt canceled because MIS is enabled. MIS client count: wifi=2 bt=0
12/23/2016 14:41:16.515 Async scan requested by "locationd" for 1 iterations with maxage=0 priority normal on en0
12/23/2016 14:41:16.515 Enqueuing command type: "Scan" pending commands: 0
12/23/2016 14:41:16.516 Dequeuing command type: "Scan" pending commands: 0
12/23/2016 14:41:16.516 Attempting Apple80211ScanAsync on en0
12/23/2016 14:41:16.903 Completed Apple80211ScanAsync on en0 (0x0)
12/23/2016 14:41:16.904 Async scan request completed for "locationd" (0)
12/23/2016 14:41:16.908 Async scan requested by "locationd" for 1 iterations with maxage=0 priority normal on en0
12/23/2016 14:41:16.908 Enqueuing command type: "Scan" pending commands: 0
12/23/2016 14:41:16.908 Dequeuing command type: "Scan" pending commands: 0
12/23/2016 14:41:16.909 Attempting Apple80211ScanAsync on en0
12/23/2016 14:41:18.453 Completed Apple80211ScanAsync on en0 (0x0)
12/23/2016 14:41:18.454 Async scan request completed for "locationd" (0)
12/23/2016 14:41:22.909 Async scan requested by "locationd" for 1 iterations with maxage=0 priority normal on en0
12/23/2016 14:41:22.909 Enqueuing command type: "Scan" pending commands: 0
12/23/2016 14:41:22.909 Dequeuing command type: "Scan" pending commands: 0
12/23/2016 14:41:22.909 Attempting Apple80211ScanAsync on en0
12/23/2016 14:41:23.295 Completed Apple80211ScanAsync on en0 (0x0)
12/23/2016 14:41:23.296 Async scan request completed for "locationd" (0)
12/23/2016 14:41:23.300 Async scan requested by "locationd" for 1 iterations with maxage=0 priority normal on en0
12/23/2016 14:41:23.300 Enqueuing command type: "Scan" pending commands: 0
12/23/2016 14:41:23.301 Dequeuing command type: "Scan" pending commands: 0
12/23/2016 14:41:23.301 Attempting Apple80211ScanAsync on en0
12/23/2016 14:41:24.847 Completed Apple80211ScanAsync on en0 (0x0)
12/23/2016 14:41:24.848 Async scan request completed for "locationd" (0)
12/23/2016 14:41:29.305 Async scan requested by "locationd" for 1 iterations with maxage=0 priority normal on en0
12/23/2016 14:41:29.305 Enqueuing command type: "Scan" pending commands: 0
12/23/2016 14:41:29.305 Dequeuing command type: "Scan" pending commands: 0
12/23/2016 14:41:29.305 Attempting Apple80211ScanAsync on en0
12/23/2016 14:41:29.690 Completed Apple80211ScanAsync on en0 (0x0)
12/23/2016 14:41:29.691 Async scan request completed for "locationd" (0)
12/23/2016 14:41:29.697 Async scan requested by "locationd" for 1 iterations with maxage=0 priority normal on en0
12/23/2016 14:41:29.697 Enqueuing command type: "Scan" pending commands: 0
12/23/2016 14:41:29.697 Dequeuing command type: "Scan" pending commands: 0
12/23/2016 14:41:29.697 Attempting Apple80211ScanAsync on en0
12/23/2016 14:41:31.246 Completed Apple80211ScanAsync on en0 (0x0)
12/23/2016 14:41:31.246 Async scan request completed for "locationd" (0)
12/23/2016 14:41:35.788 Async scan requested by "locationd" for 1 iterations with maxage=0 priority normal on en0
12/23/2016 14:41:35.788 Enqueuing command type: "Scan" pending commands: 0
12/23/2016 14:41:35.788 Dequeuing command type: "Scan" pending commands: 0
12/23/2016 14:41:35.788 Attempting Apple80211ScanAsync on en0
12/23/2016 14:41:36.172 Completed Apple80211ScanAsync on en0 (0x0)
12/23/2016 14:41:36.173 Async scan request completed for "locationd" (0)
12/23/2016 14:41:36.176 Async scan requested by "locationd" for 1 iterations with maxage=0 priority normal on en0
12/23/2016 14:41:36.176 Enqueuing command type: "Scan" pending commands: 0
12/23/2016 14:41:36.177 Dequeuing command type: "Scan" pending commands: 0
12/23/2016 14:41:36.177 Attempting Apple80211ScanAsync on en0
12/23/2016 14:41:37.726 Completed Apple80211ScanAsync on en0 (0x0)
12/23/2016 14:41:37.727 Async scan request completed for "locationd" (0)
12/23/2016 14:41:39.517 WoW is Disabled, 0 WoW Clients
12/23/2016 14:41:42.181 Async scan requested by "locationd" for 1 iterations with maxage=0 priority normal on en0
12/23/2016 14:41:42.182 Enqueuing command type: "Scan" pending commands: 0
12/23/2016 14:41:42.182 Dequeuing command type: "Scan" pending commands: 0
12/23/2016 14:41:42.182 Attempting Apple80211ScanAsync on en0
12/23/2016 14:41:42.565 Completed Apple80211ScanAsync on en0 (0x0)
12/23/2016 14:41:42.566 Async scan request completed for "locationd" (0)
12/23/2016 14:41:42.569 Async scan requested by "locationd" for 1 iterations with maxage=0 priority normal on en0
12/23/2016 14:41:42.570 Enqueuing command type: "Scan" pending commands: 0
12/23/2016 14:41:42.570 Dequeuing command type: "Scan" pending commands: 0
12/23/2016 14:41:42.570 Attempting Apple80211ScanAsync on en0
12/23/2016 14:41:44.118 Completed Apple80211ScanAsync on en0 (0x0)
12/23/2016 14:41:44.119 Async scan request completed for "locationd" (0)
12/23/2016 14:41:48.571 Async scan requested by "locationd" for 1 iterations with maxage=0 priority normal on en0
12/23/2016 14:41:48.571 Enqueuing command type: "Scan" pending commands: 0
12/23/2016 14:41:48.571 Dequeuing command type: "Scan" pending commands: 0
12/23/2016 14:41:48.571 Attempting Apple80211ScanAsync on en0
12/23/2016 14:41:48.958 Completed Apple80211ScanAsync on en0 (0x0)
12/23/2016 14:41:48.958 Async scan request completed for "locationd" (0)
12/23/2016 14:41:48.963 Async scan requested by "locationd" for 1 iterations with maxage=0 priority normal on en0
12/23/2016 14:41:48.964 Enqueuing command type: "Scan" pending commands: 0
12/23/2016 14:41:48.964 Dequeuing command type: "Scan" pending commands: 0
12/23/2016 14:41:48.964 Attempting Apple80211ScanAsync on en0
12/23/2016 14:41:50.522 Completed Apple80211ScanAsync on en0 (0x0)
12/23/2016 14:41:50.523 Async scan request completed for "locationd" (0)
12/23/2016 14:41:54.967 Async scan requested by "locationd" for 1 iterations with maxage=0 priority normal on en0
12/23/2016 14:41:54.967 Enqueuing command type: "Scan" pending commands: 0
12/23/2016 14:41:54.967 Dequeuing command type: "Scan" pending commands: 0
12/23/2016 14:41:54.967 Attempting Apple80211ScanAsync on en0
12/23/2016 14:41:55.351 Completed Apple80211ScanAsync on en0 (0x0)
12/23/2016 14:41:55.352 Async scan request completed for "locationd" (0)
12/23/2016 14:41:55.355 Async scan requested by "locationd" for 1 iterations with maxage=0 priority normal on en0
12/23/2016 14:41:55.356 Enqueuing command type: "Scan" pending commands: 0
12/23/2016 14:41:55.356 Dequeuing command type: "Scan" pending commands: 0
12/23/2016 14:41:55.356 Attempting Apple80211ScanAsync on en0
12/23/2016 14:41:56.903 Completed Apple80211ScanAsync on en0 (0x0)
12/23/2016 14:41:56.904 Async scan request completed for "locationd" (0)
12/23/2016 14:42:01.359 Async scan requested by "locationd" for 1 iterations with maxage=0 priority normal on en0
12/23/2016 14:42:01.359 Enqueuing command type: "Scan" pending commands: 0
12/23/2016 14:42:01.359 Dequeuing command type: "Scan" pending commands: 0
12/23/2016 14:42:01.359 Attempting Apple80211ScanAsync on en0
12/23/2016 14:42:01.745 Completed Apple80211ScanAsync on en0 (0x0)
12/23/2016 14:42:01.746 Async scan request completed for "locationd" (0)
12/23/2016 14:42:01.760 Async scan requested by "locationd" for 1 iterations with maxage=0 priority normal on en0
12/23/2016 14:42:01.760 Enqueuing command type: "Scan" pending commands: 0
12/23/2016 14:42:01.760 Dequeuing command type: "Scan" pending commands: 0
12/23/2016 14:42:01.760 Attempting Apple80211ScanAsync on en0
12/23/2016 14:42:03.309 Completed Apple80211ScanAsync on en0 (0x0)
12/23/2016 14:42:03.311 Async scan request completed for "locationd" (0)
12/23/2016 14:42:17.317 scanCache: Purging scan cache
12/23/2016 14:42:44.673 WiFiLocaleManagerCheckLocale: trying to determine locale...
12/23/2016 14:42:44.674 WiFiManagerCoreLocationGetCachedLocation: getting cached location...
12/23/2016 14:42:44.696 __WiFiLocaleManagerGetLocaleFromMcc: finding iso country code for mcc 232 ....
12/23/2016 14:42:44.696 WiFiLocationServiceManagerIsLocationValid: cachedLocationTimeout 120.000000 location age 120.019295secs, lifeSpan -1.000000 accuracy 381.721072(highAccReq 0), isValid 1
12/23/2016 14:42:44.696 WiFiLocationServiceManagerStartLowAccuracyMonitoring: Cached low accuracy location is valid
12/23/2016 14:42:44.696 WiFiLocationServiceManagerIsLocationValid: cachedLocationTimeout 120.000000 location age 120.019438secs, lifeSpan -1.000000 accuracy 381.721072(highAccReq 1), isValid 0
12/23/2016 14:42:44.696 WiFiLocationServiceManagerIsLocationValid: cachedLocationTimeout 120.000000 location age 120.019494secs, lifeSpan -1.000000 accuracy 381.721072(highAccReq 0), isValid 1
12/23/2016 14:42:44.696 __WiFiLocationServiceManagerProcessLocationAvailableEvent: isValidHighAccuracyLocation 0,  isValidLowAccuracyLocation 1
12/23/2016 14:42:44.696 __WiFiLocationServiceManagerProcessLocationAvailableEvent: give low accuracy callback
12/23/2016 14:42:44.697 __WiFiLocaleManagerGetLocaleFromLocation: <+47.98672580,+16.83447293> +/- 381.72m (speed -1.00 mps / course -1.00) @ 12/23/16, 2:40:44 PM Central European Standard Time
12/23/2016 14:42:44.697 locale from bounding box 
12/23/2016 14:42:44.697 new locale:  , locale: 
12/23/2016 14:42:44.697 Stopping Low Accuracy Location Monitoring
12/23/2016 14:42:44.697 CLMonitoring is already stopped
12/23/2016 14:42:44.697 Stopping Low Accuracy Location Monitoring
12/23/2016 14:42:44.697 CLMonitoring is already stopped
12/23/2016 14:42:44.697 __WiFiLocationServiceManagerEventCallback, got cb dict {
    eventType = 0;
    location = "<+47.97939088,+16.84587093> +/- 65.00m (speed -1.00 mps / course -1.00) @ 12/23/16, 2:42:13 PM Central European Standard Time";
}
12/23/2016 14:42:44.698 WiFiLocationServiceManagerIsLocationValid: cachedLocationTimeout 120.000000 location age 31.674979secs, lifeSpan -1.000000 accuracy 65.000000(highAccReq 1), isValid 1
12/23/2016 14:42:44.698 WiFiLocationServiceManagerIsLocationValid: cachedLocationTimeout 120.000000 location age 31.675031secs, lifeSpan -1.000000 accuracy 65.000000(highAccReq 0), isValid 1
12/23/2016 14:42:44.698 __WiFiLocationServiceManagerProcessLocationAvailableEvent: isValidHighAccuracyLocation 1,  isValidLowAccuracyLocation 1
12/23/2016 14:43:15.270 __WiFiManagerCellularTransmitCallback_block_invoke: Cellular Transmit Started = FALSE
12/23/2016 14:43:15.951 __WiFiManagerCellularTransmitCallback_block_invoke: Cellular Transmit Started = TRUE
12/23/2016 14:44:08.734 Device display is ON
12/23/2016 14:44:08.735 __WiFiManagerSetEnableState: state TRUE, manager->enable.setting TRUE, manager->unlockedSinceBoot TRUE
12/23/2016 14:44:08.735 Auto association attempt canceled because MIS is enabled. MIS client count: wifi=2 bt=0
12/23/2016 14:44:08.877 Async scan requested by "locationd" for 1 iterations with maxage=0 priority normal on en0
12/23/2016 14:44:08.877 Enqueuing command type: "Scan" pending commands: 0
12/23/2016 14:44:08.877 Dequeuing command type: "Scan" pending commands: 0
12/23/2016 14:44:08.877 Attempting Apple80211ScanAsync on en0
12/23/2016 14:44:09.042 Completed Apple80211ScanAsync on en0 (0x0)
12/23/2016 14:44:09.043 Async scan request completed for "locationd" (0)
12/23/2016 14:44:09.044 Async scan requested by "locationd" for 1 iterations with maxage=0 priority normal on en0
12/23/2016 14:44:09.044 Enqueuing command type: "Scan" pending commands: 0
12/23/2016 14:44:09.044 Dequeuing command type: "Scan" pending commands: 0
12/23/2016 14:44:09.044 Attempting Apple80211ScanAsync on en0
12/23/2016 14:44:09.428 Completed Apple80211ScanAsync on en0 (0x0)
12/23/2016 14:44:09.430 Async scan request completed for "locationd" (0)
12/23/2016 14:44:09.611 ATJManager: setting ask-to-join interaction mode to Interactive
12/23/2016 14:44:09.611 ATJManager: no entries to purge
12/23/2016 14:44:09.611 User interaction ENABLED
12/23/2016 14:44:09.611 Ignoring lock state manager->wakeMode 1

12/23/2016 14:44:09.611 problematic networks =  and potentially problematic networks = 
12/23/2016 14:44:09.611 Unblacklisting
12/23/2016 14:44:09.612 No Change in Background Scan Networks, Skip Re-Programming Background Scan

12/23/2016 14:44:09.612 Auto association attempt canceled because MIS is enabled. MIS client count: wifi=2 bt=0
12/23/2016 14:44:11.815 BG Application: Not Present, BG Daemon: Present. Daemons: mediaserverd 
12/23/2016 14:44:11.815 LPAS is Enabled
12/23/2016 14:44:11.815 LPAS Enabled, Skip starting Disassocation timer
12/23/2016 14:44:23.432 scanCache: Purging scan cache
12/23/2016 14:44:31.602 __WiFiDeviceProcessDumpLogsEvent: Dump logs event received, dumped wifid log buffer to file
