 1/15/2017 17:09:04.576 Power stats update: Type 0x5 UnassociatedSleepDur 0 AssociatedSleepDur 2098 TotalDur 6148 RoamDur 0
 1/15/2017 17:09:04.576 WiFiAWDManagerSubmitMetric: metric container could not be generated for metric id <0x90010>
 1/15/2017 17:09:04.576 __WiFiLQAMgrLogStats: Rssi: -62 Cca: 3 TxPer: 0.0% (0) BcnPer: 0.0% (0) RxFrms 0 TxRate: 0 RxRate: 0
 1/15/2017 17:09:04.585 __WiFiDeviceCopyLinkChangedSubReasonString: Apple80211ReturnToString failed 1
 1/15/2017 17:09:04.585 __WiFiDeviceProcessDriverAvailableEvent: driver availability true, reason Initializing(0xe0821803), subreason (null)(0x0)
 1/15/2017 17:09:04.585 __WiFiManagerDispatchDeviceAvailable: driver availability true

 1/15/2017 17:09:04.588 Unable to dispatch message to client MessagesViewServ (268435460)
 1/15/2017 17:09:04.588 __WiFiDeviceManagerAutoAssociate: Already connected to DIGI-146A.
 1/15/2017 17:09:04.588 WiFiAWDManagerSubmitMetric: metric container could not be generated for metric id <0x9000e>
 1/15/2017 17:09:04.610 __WiFiDeviceManagerAwdlAvailableCallback: AWDL availability changed to TRUE
 1/15/2017 17:09:04.611 __WiFiDeviceManagerAutoAssociate: Already connected to DIGI-146A.
 1/15/2017 17:09:04.612 No Change in Background Scan Networks, Skip Re-Programming Background Scan

 1/15/2017 17:09:04.660 __WiFiManagerCellularTransmitCallback_block_invoke: Cellular Transmit Started = TRUE
 1/15/2017 17:09:05.116 WoW is Disabled, 0 WoW Clients
 1/15/2017 17:09:11.410 __WiFiManagerCellularTransmitCallback_block_invoke: Cellular Transmit Started = FALSE
 1/15/2017 17:09:13.157 WiFiLocaleManagerCheckLocale: location service or wifi is off, set locale to default
 1/15/2017 17:09:13.157 new locale:  , locale: 
 1/15/2017 17:09:14.535 __WiFiLQAMgrLogStats: Rssi: -62 Cca: 27 TxPer: 50.0% (2) BcnPer: 0.0% (50) RxFrms 6 TxRate: 52000 RxRate: 65000
 1/15/2017 17:09:19.543 __WiFiLQAMgrLogStats: Rssi: -61 Cca: 54 TxPer: 0.0% (0) BcnPer: 0.0% (0) RxFrms 0 TxRate: 52000 RxRate: 65000
 1/15/2017 17:09:24.552 __WiFiLQAMgrLogStats: Rssi: -63 Cca: 54 TxPer: 0.0% (0) BcnPer: 0.0% (50) RxFrms 0 TxRate: 52000 RxRate: 65000
 1/15/2017 17:09:28.663 __WiFiManagerCellularTransmitCallback_block_invoke: Cellular Transmit Started = TRUE
 1/15/2017 17:09:29.561 __WiFiLQAMgrLogStats: Rssi: -61 Cca: 20 TxPer: 0.0% (2) BcnPer: 0.0% (50) RxFrms 2 TxRate: 52000 RxRate: 65000
 1/15/2017 17:09:33.728 __WiFiManagerCellularTransmitCallback_block_invoke: Cellular Transmit Started = FALSE
 1/15/2017 17:09:34.569 __WiFiLQAMgrLogStats: Rssi: -63 Cca: 32 TxPer: 0.0% (3) BcnPer: 0.0% (50) RxFrms 2 TxRate: 52000 RxRate: 65000
 1/15/2017 17:09:36.100 Background Network Application entered
 1/15/2017 17:09:36.101 BG Application: Present, BG Daemon: Present. Daemons: mediaserverd 
 1/15/2017 17:09:36.101 __WiFiManagerSetEnableState: state TRUE, manager->enable.setting TRUE, manager->unlockedSinceBoot TRUE
 1/15/2017 17:09:36.101 __WiFiDeviceManagerAutoAssociate: Already connected to DIGI-146A.
 1/15/2017 17:09:36.104 Background Network Application entered
 1/15/2017 17:09:36.104 BG Application: Not Present, BG Daemon: Present. Daemons: mediaserverd 
 1/15/2017 17:09:36.104 __WiFiManagerSetEnableState: state TRUE, manager->enable.setting TRUE, manager->unlockedSinceBoot TRUE
 1/15/2017 17:09:36.104 __WiFiDeviceManagerAutoAssociate: Already connected to DIGI-146A.
 1/15/2017 17:09:38.919 Received kIOMessageSystemWillSleep
 1/15/2017 17:09:38.919 System Sleep notification, Disabling auto-join
 1/15/2017 17:09:38.919 __WiFiManagerSetEnableState: state FALSE, manager->enable.setting TRUE, manager->unlockedSinceBoot TRUE
 1/15/2017 17:09:38.919 Disabling automatic association
 1/15/2017 17:09:38.972 WoW is Disabled, 0 WoW Clients
 1/15/2017 17:09:39.068 __WiFiDeviceCopyLinkChangedSubReasonString: Apple80211ReturnToString failed 1
 1/15/2017 17:09:39.068 __WiFiDeviceProcessDriverAvailableEvent: driver availability false, reason PowerOff(0xe0821804), subreason (null)(0x0)
 1/15/2017 17:09:39.068 __WiFiManagerDispatchDeviceAvailable: driver availability false

 1/15/2017 17:09:39.069 Unable to dispatch message to client MessagesViewServ (268435460)
 1/15/2017 17:09:39.069 WiFiAWDManagerSubmitMetric: metric container could not be generated for metric id <0x9000e>
 1/15/2017 17:09:39.075 __WiFiDeviceManagerAwdlAvailableCallback: AWDL availability changed to FALSE
 1/15/2017 17:09:39.078 WoW is Disabled, 0 WoW Clients
 1/15/2017 17:09:55.759 Received kIOMessageSystemWillPowerOn
 1/15/2017 17:09:55.759 System wake reason: AOP.ExternalReq baseband
 1/15/2017 17:09:55.759 System Powered ON notification Re-enabling auto-join
 1/15/2017 17:09:55.759 __WiFiManagerSetEnableState: state TRUE, manager->enable.setting TRUE, manager->unlockedSinceBoot TRUE
 1/15/2017 17:09:55.759 Enabling automatic association
 1/15/2017 17:09:55.760 __WiFiDeviceManagerAutoAssociate: Already connected to DIGI-146A.
 1/15/2017 17:09:55.760 WiFiLocaleManagerCheckLocale: location service or wifi is off, set locale to default
 1/15/2017 17:09:55.760 new locale:  , locale: 
 1/15/2017 17:09:55.760 Power stats update: Type 0x5 UnassociatedSleepDur 0 AssociatedSleepDur 8073 TotalDur 16619 RoamDur 0
 1/15/2017 17:09:55.761 WiFiAWDManagerSubmitMetric: metric container could not be generated for metric id <0x90010>
 1/15/2017 17:09:55.761 __WiFiLQAMgrLogStats: Rssi: -63 Cca: 32 TxPer: 0.0% (0) BcnPer: 0.0% (0) RxFrms 0 TxRate: 0 RxRate: 0
 1/15/2017 17:09:55.762 __WiFiDeviceCopyLinkChangedSubReasonString: Apple80211ReturnToString failed 1
 1/15/2017 17:09:55.763 __WiFiDeviceProcessDriverAvailableEvent: driver availability true, reason Initializing(0xe0821803), subreason (null)(0x0)
 1/15/2017 17:09:55.763 __WiFiManagerDispatchDeviceAvailable: driver availability true

 1/15/2017 17:09:55.764 Unable to dispatch message to client MessagesViewServ (268435460)
 1/15/2017 17:09:55.765 __WiFiDeviceManagerAutoAssociate: Already connected to DIGI-146A.
 1/15/2017 17:09:55.765 WiFiAWDManagerSubmitMetric: metric container could not be generated for metric id <0x9000e>
 1/15/2017 17:09:55.806 __WiFiDeviceManagerAwdlAvailableCallback: AWDL availability changed to TRUE
 1/15/2017 17:09:55.807 __WiFiDeviceManagerAutoAssociate: Already connected to DIGI-146A.
 1/15/2017 17:09:55.808 No Change in Background Scan Networks, Skip Re-Programming Background Scan

 1/15/2017 17:09:55.874 __WiFiManagerCellularTransmitCallback_block_invoke: Cellular Transmit Started = TRUE
 1/15/2017 17:09:56.318 WoW is Disabled, 0 WoW Clients
 1/15/2017 17:10:00.616 __WiFiManagerCellularTransmitCallback_block_invoke: Cellular Transmit Started = FALSE
 1/15/2017 17:10:01.966 __WiFiManagerCellularTransmitCallback_block_invoke: Cellular Transmit Started = TRUE
 1/15/2017 17:10:05.723 __WiFiLQAMgrLogStats: Rssi: -63 Cca: 31 TxPer: 0.0% (5) BcnPer: 0.0% (50) RxFrms 9 TxRate: 52000 RxRate: 65000
 1/15/2017 17:10:07.018 __WiFiManagerCellularTransmitCallback_block_invoke: Cellular Transmit Started = FALSE
 1/15/2017 17:10:10.732 __WiFiLQAMgrLogStats: Rssi: -62 Cca: 31 TxPer: 0.0% (1) BcnPer: 0.0% (50) RxFrms 6 TxRate: 52000 RxRate: 65000
 1/15/2017 17:10:14.506 Client itunesstored set type to background application
 1/15/2017 17:10:14.506 __WiFiManagerSetEnableState: state TRUE, manager->enable.setting TRUE, manager->unlockedSinceBoot TRUE
 1/15/2017 17:10:14.507 BG Application: Not Present, BG Daemon: Present. Daemons: mediaserverd itunesstored 
 1/15/2017 17:10:14.509 __WiFiDeviceManagerAutoAssociate: Already connected to DIGI-146A.
 1/15/2017 17:10:15.736 __WiFiLQAMgrLogStats: Rssi: -62 Cca: 52 TxPer: 0.0% (63) BcnPer: 0.0% (0) RxFrms 62 TxRate: 52000 RxRate: 65000
 1/15/2017 17:10:18.584 __WiFiManagerCellularTransmitCallback_block_invoke: Cellular Transmit Started = TRUE
 1/15/2017 17:10:19.964 Client itunesstored set type to normal application
 1/15/2017 17:10:19.964 __WiFiManagerSetEnableState: state TRUE, manager->enable.setting TRUE, manager->unlockedSinceBoot TRUE
 1/15/2017 17:10:19.964 BG Application: Not Present, BG Daemon: Present. Daemons: mediaserverd 
 1/15/2017 17:10:20.745 __WiFiLQAMgrLogStats: Rssi: -63 Cca: 11 TxPer: 0.0% (3) BcnPer: 0.0% (50) RxFrms 4 TxRate: 52000 RxRate: 65000
 1/15/2017 17:10:25.753 __WiFiLQAMgrLogStats: Rssi: -63 Cca: 11 TxPer: 0.0% (5) BcnPer: 2.0% (50) RxFrms 7 TxRate: 52000 RxRate: 65000
 1/15/2017 17:10:30.761 __WiFiLQAMgrLogStats: Rssi: -64 Cca: 11 TxPer: 0.0% (16) BcnPer: 2.0% (50) RxFrms 15 TxRate: 58500 RxRate: 65000
 1/15/2017 17:10:31.811 __WiFiManagerCellularTransmitCallback_block_invoke: Cellular Transmit Started = FALSE
 1/15/2017 17:10:33.955 __WiFiManagerCellularTransmitCallback_block_invoke: Cellular Transmit Started = TRUE
 1/15/2017 17:10:35.769 __WiFiLQAMgrLogStats: Rssi: -61 Cca: 37 TxPer: 0.0% (11) BcnPer: 2.0% (50) RxFrms 11 TxRate: 52000 RxRate: 65000
 1/15/2017 17:10:40.784 __WiFiLQAMgrLogStats: Rssi: -63 Cca: 21 TxPer: 0.0% (3) BcnPer: 1.0% (99) RxFrms 3 TxRate: 52000 RxRate: 65000
 1/15/2017 17:10:42.213 __WiFiManagerCellularTransmitCallback_block_invoke: Cellular Transmit Started = FALSE
 1/15/2017 17:10:45.792 __WiFiLQAMgrLogStats: Rssi: -62 Cca: 44 TxPer: 0.0% (7) BcnPer: 0.0% (0) RxFrms 6 TxRate: 52000 RxRate: 65000
 1/15/2017 17:10:50.800 __WiFiLQAMgrLogStats: Rssi: -61 Cca: 19 TxPer: 0.0% (2) BcnPer: 0.0% (50) RxFrms 1 TxRate: 52000 RxRate: 65000
 1/15/2017 17:10:55.808 __WiFiLQAMgrLogStats: Rssi: -60 Cca: 33 TxPer: 0.0% (1) BcnPer: 0.0% (50) RxFrms 1 TxRate: 52000 RxRate: 65000
 1/15/2017 17:11:00.816 __WiFiLQAMgrLogStats: Rssi: -62 Cca: 8 TxPer: 0.0% (2) BcnPer: 0.0% (50) RxFrms 3 TxRate: 52000 RxRate: 65000
 1/15/2017 17:11:05.825 __WiFiLQAMgrLogStats: Rssi: -62 Cca: 35 TxPer: 0.0% (3) BcnPer: 4.0% (50) RxFrms 3 TxRate: 52000 RxRate: 65000
 1/15/2017 17:11:06.659 Received kIOMessageSystemWillSleep
 1/15/2017 17:11:06.659 System Sleep notification, Disabling auto-join
 1/15/2017 17:11:06.659 __WiFiManagerSetEnableState: state FALSE, manager->enable.setting TRUE, manager->unlockedSinceBoot TRUE
 1/15/2017 17:11:06.659 Disabling automatic association
 1/15/2017 17:11:06.686 WoW is Disabled, 0 WoW Clients
 1/15/2017 17:11:06.792 __WiFiDeviceCopyLinkChangedSubReasonString: Apple80211ReturnToString failed 1
 1/15/2017 17:11:06.792 __WiFiDeviceProcessDriverAvailableEvent: driver availability false, reason PowerOff(0xe0821804), subreason (null)(0x0)
 1/15/2017 17:11:06.792 __WiFiManagerDispatchDeviceAvailable: driver availability false

 1/15/2017 17:11:06.793 Unable to dispatch message to client MessagesViewServ (268435460)
 1/15/2017 17:11:06.794 WiFiAWDManagerSubmitMetric: metric container could not be generated for metric id <0x9000e>
 1/15/2017 17:11:06.800 __WiFiDeviceManagerAwdlAvailableCallback: AWDL availability changed to FALSE
 1/15/2017 17:11:06.812 WoW is Disabled, 0 WoW Clients
 1/15/2017 17:11:13.831 Received kIOMessageSystemWillPowerOn
 1/15/2017 17:11:13.831 System wake reason: AOP.ExternalReq baseband
 1/15/2017 17:11:13.832 System Powered ON notification Re-enabling auto-join
 1/15/2017 17:11:13.832 __WiFiManagerSetEnableState: state TRUE, manager->enable.setting TRUE, manager->unlockedSinceBoot TRUE
 1/15/2017 17:11:13.832 Enabling automatic association
 1/15/2017 17:11:13.832 __WiFiDeviceManagerAutoAssociate: Already connected to DIGI-146A.
 1/15/2017 17:11:13.832 WiFiLocaleManagerCheckLocale: location service or wifi is off, set locale to default
 1/15/2017 17:11:13.832 new locale:  , locale: 
 1/15/2017 17:11:13.866 __WiFiDeviceManagerAwdlAvailableCallback: AWDL availability changed to TRUE
 1/15/2017 17:11:13.866 Power stats update: Type 0x5 UnassociatedSleepDur 0 AssociatedSleepDur 2094 TotalDur 6987 RoamDur 0
 1/15/2017 17:11:13.866 WiFiAWDManagerSubmitMetric: metric container could not be generated for metric id <0x90010>
 1/15/2017 17:11:13.867 __WiFiLQAMgrLogStats: Rssi: -62 Cca: 35 TxPer: 0.0% (0) BcnPer: 0.0% (0) RxFrms 0 TxRate: 0 RxRate: 0
 1/15/2017 17:11:13.869 __WiFiDeviceCopyLinkChangedSubReasonString: Apple80211ReturnToString failed 1
 1/15/2017 17:11:13.869 __WiFiDeviceProcessDriverAvailableEvent: driver availability true, reason Initializing(0xe0821803), subreason (null)(0x0)
 1/15/2017 17:11:13.869 __WiFiManagerDispatchDeviceAvailable: driver availability true

 1/15/2017 17:11:13.870 Unable to dispatch message to client MessagesViewServ (268435460)
 1/15/2017 17:11:13.871 __WiFiDeviceManagerAutoAssociate: Already connected to DIGI-146A.
 1/15/2017 17:11:13.871 WiFiAWDManagerSubmitMetric: metric container could not be generated for metric id <0x9000e>
 1/15/2017 17:11:13.877 __WiFiDeviceManagerAutoAssociate: Already connected to DIGI-146A.
 1/15/2017 17:11:13.879 No Change in Background Scan Networks, Skip Re-Programming Background Scan

 1/15/2017 17:11:13.969 __WiFiManagerCellularTransmitCallback_block_invoke: Cellular Transmit Started = TRUE
 1/15/2017 17:11:14.401 WoW is Disabled, 0 WoW Clients
 1/15/2017 17:11:18.711 __WiFiManagerCellularTransmitCallback_block_invoke: Cellular Transmit Started = FALSE
 1/15/2017 17:11:23.816 __WiFiLQAMgrLogStats: Rssi: -61 Cca: 35 TxPer: 0.0% (2) BcnPer: 0.0% (50) RxFrms 2 TxRate: 52000 RxRate: 65000
 1/15/2017 17:11:28.826 __WiFiLQAMgrLogStats: Rssi: -62 Cca: 36 TxPer: 0.0% (1) BcnPer: 2.0% (50) RxFrms 1 TxRate: 52000 RxRate: 65000
 1/15/2017 17:11:33.840 __WiFiLQAMgrLogStats: Rssi: -60 Cca: 15 TxPer: 0.0% (2) BcnPer: 0.0% (50) RxFrms 2 TxRate: 52000 RxRate: 65000
 1/15/2017 17:11:34.847 WoW is Disabled, 0 WoW Clients
 1/15/2017 17:11:36.391 WiFiLocaleManagerCheckLocale: location service or wifi is off, set locale to default
 1/15/2017 17:11:36.392 new locale:  , locale: 
 1/15/2017 17:11:38.848 __WiFiLQAMgrLogStats: Rssi: -62 Cca: 32 TxPer: 0.0% (1) BcnPer: 0.0% (0) RxFrms 1 TxRate: 52000 RxRate: 65000
 1/15/2017 17:11:41.786 __WiFiManagerCellularTransmitCallback_block_invoke: Cellular Transmit Started = TRUE
 1/15/2017 17:11:43.856 __WiFiLQAMgrLogStats: Rssi: -60 Cca: 20 TxPer: 0.0% (14) BcnPer: 0.0% (50) RxFrms 13 TxRate: 52000 RxRate: 65000
 1/15/2017 17:11:46.850 __WiFiManagerCellularTransmitCallback_block_invoke: Cellular Transmit Started = FALSE
 1/15/2017 17:11:48.864 __WiFiLQAMgrLogStats: Rssi: -62 Cca: 28 TxPer: 0.0% (0) BcnPer: 2.0% (50) RxFrms 0 TxRate: 52000 RxRate: 65000
 1/15/2017 17:11:53.866 __WiFiLQAMgrLogStats: Rssi: -62 Cca: 52 TxPer: 0.0% (0) BcnPer: 0.0% (0) RxFrms 0 TxRate: 0 RxRate: 0
 1/15/2017 17:11:55.868 __WiFiManagerCellularTransmitCallback_block_invoke: Cellular Transmit Started = TRUE
 1/15/2017 17:11:58.874 __WiFiLQAMgrLogStats: Rssi: -60 Cca: 9 TxPer: 0.0% (4) BcnPer: 0.0% (100) RxFrms 4 TxRate: 52000 RxRate: 65000
 1/15/2017 17:12:03.881 __WiFiLQAMgrLogStats: Rssi: -61 Cca: 30 TxPer: 0.0% (5) BcnPer: 4.0% (50) RxFrms 8 TxRate: 52000 RxRate: 65000
 1/15/2017 17:12:05.121 __WiFiManagerCellularTransmitCallback_block_invoke: Cellular Transmit Started = FALSE
 1/15/2017 17:12:06.128 __WiFiManagerCellularTransmitCallback_block_invoke: Cellular Transmit Started = TRUE
 1/15/2017 17:12:08.889 __WiFiLQAMgrLogStats: Rssi: -62 Cca: 8 TxPer: 0.0% (3) BcnPer: 0.0% (50) RxFrms 6 TxRate: 58500 RxRate: 65000
 1/15/2017 17:12:11.211 __WiFiManagerCellularTransmitCallback_block_invoke: Cellular Transmit Started = FALSE
 1/15/2017 17:12:13.898 __WiFiLQAMgrLogStats: Rssi: -62 Cca: 35 TxPer: 0.0% (3) BcnPer: 0.0% (50) RxFrms 4 TxRate: 58500 RxRate: 65000
 1/15/2017 17:12:16.396 Received kIOMessageSystemWillSleep
 1/15/2017 17:12:16.396 System Sleep notification, Disabling auto-join
 1/15/2017 17:12:16.396 __WiFiManagerSetEnableState: state FALSE, manager->enable.setting TRUE, manager->unlockedSinceBoot TRUE
 1/15/2017 17:12:16.396 Disabling automatic association
 1/15/2017 17:12:16.432 WoW is Disabled, 0 WoW Clients
 1/15/2017 17:12:16.508 __WiFiDeviceManagerAwdlAvailableCallback: AWDL availability changed to FALSE
 1/15/2017 17:12:16.508 __WiFiDeviceCopyLinkChangedSubReasonString: Apple80211ReturnToString failed 1
 1/15/2017 17:12:16.508 __WiFiDeviceProcessDriverAvailableEvent: driver availability false, reason PowerOff(0xe0821804), subreason (null)(0x0)
 1/15/2017 17:12:16.508 __WiFiManagerDispatchDeviceAvailable: driver availability false

 1/15/2017 17:12:16.509 Unable to dispatch message to client MessagesViewServ (268435460)
 1/15/2017 17:12:16.509 WiFiAWDManagerSubmitMetric: metric container could not be generated for metric id <0x9000e>
 1/15/2017 17:12:16.513 WoW is Disabled, 0 WoW Clients
 1/15/2017 17:14:15.591 Received kIOMessageSystemWillPowerOn
 1/15/2017 17:14:15.591 System wake reason: AOP.ExternalReq baseband
 1/15/2017 17:14:15.591 System Powered ON notification Re-enabling auto-join
 1/15/2017 17:14:15.591 __WiFiManagerSetEnableState: state TRUE, manager->enable.setting TRUE, manager->unlockedSinceBoot TRUE
 1/15/2017 17:14:15.591 Enabling automatic association
 1/15/2017 17:14:15.592 __WiFiDeviceManagerAutoAssociate: Already connected to DIGI-146A.
 1/15/2017 17:14:15.593 WiFiLocaleManagerCheckLocale: location service or wifi is off, set locale to default
 1/15/2017 17:14:15.593 new locale:  , locale: 
 1/15/2017 17:14:15.595 Power stats update: Type 0x5 UnassociatedSleepDur 0 AssociatedSleepDur 65780 TotalDur 119032 RoamDur 0
 1/15/2017 17:14:15.595 WiFiAWDManagerSubmitMetric: metric container could not be generated for metric id <0x90010>
 1/15/2017 17:14:15.595 __WiFiLQAMgrLogStats: Rssi: -66 Cca: 35 TxPer: 0.0% (0) BcnPer: 0.0% (0) RxFrms 0 TxRate: 0 RxRate: 0
 1/15/2017 17:14:15.598 __WiFiDeviceCopyLinkChangedSubReasonString: Apple80211ReturnToString failed 1
 1/15/2017 17:14:15.599 __WiFiDeviceProcessDriverAvailableEvent: driver availability true, reason Initializing(0xe0821803), subreason (null)(0x0)
 1/15/2017 17:14:15.599 __WiFiManagerDispatchDeviceAvailable: driver availability true

 1/15/2017 17:14:15.600 Unable to dispatch message to client MessagesViewServ (268435460)
 1/15/2017 17:14:15.601 __WiFiDeviceManagerAutoAssociate: Already connected to DIGI-146A.
 1/15/2017 17:14:15.602 WiFiAWDManagerSubmitMetric: metric container could not be generated for metric id <0x9000e>
 1/15/2017 17:14:15.612 __WiFiDeviceManagerAutoAssociate: Already connected to DIGI-146A.
 1/15/2017 17:14:15.613 No Change in Background Scan Networks, Skip Re-Programming Background Scan

 1/15/2017 17:14:15.696 __WiFiDeviceManagerAwdlAvailableCallback: AWDL availability changed to TRUE
 1/15/2017 17:14:15.719 __WiFiManagerCellularTransmitCallback_block_invoke: Cellular Transmit Started = TRUE
 1/15/2017 17:14:16.186 WoW is Disabled, 0 WoW Clients
 1/15/2017 17:14:20.465 __WiFiManagerCellularTransmitCallback_block_invoke: Cellular Transmit Started = FALSE
 1/15/2017 17:14:25.584 __WiFiLQAMgrLogStats: Rssi: -62 Cca: 35 TxPer: 0.0% (3) BcnPer: 0.0% (50) RxFrms 8 TxRate: 58500 RxRate: 65000
 1/15/2017 17:14:25.941 Received kIOMessageSystemWillSleep
 1/15/2017 17:14:25.941 System Sleep notification, Disabling auto-join
 1/15/2017 17:14:25.941 __WiFiManagerSetEnableState: state FALSE, manager->enable.setting TRUE, manager->unlockedSinceBoot TRUE
 1/15/2017 17:14:25.941 Disabling automatic association
 1/15/2017 17:14:25.960 WoW is Disabled, 0 WoW Clients
 1/15/2017 17:14:26.055 __WiFiDeviceCopyLinkChangedSubReasonString: Apple80211ReturnToString failed 1
 1/15/2017 17:14:26.055 __WiFiDeviceProcessDriverAvailableEvent: driver availability false, reason PowerOff(0xe0821804), subreason (null)(0x0)
 1/15/2017 17:14:26.055 __WiFiManagerDispatchDeviceAvailable: driver availability false

 1/15/2017 17:14:26.055 Unable to dispatch message to client MessagesViewServ (268435460)
 1/15/2017 17:14:26.055 WiFiAWDManagerSubmitMetric: metric container could not be generated for metric id <0x9000e>
 1/15/2017 17:14:26.058 __WiFiDeviceManagerAwdlAvailableCallback: AWDL availability changed to FALSE
 1/15/2017 17:14:26.060 WoW is Disabled, 0 WoW Clients
 1/15/2017 17:16:41.658 Received kIOMessageSystemWillPowerOn
 1/15/2017 17:16:41.757 System wake reason: AOP.ExternalReq menu
 1/15/2017 17:16:41.757 System Powered ON notification Re-enabling auto-join
 1/15/2017 17:16:41.757 __WiFiManagerSetEnableState: state TRUE, manager->enable.setting TRUE, manager->unlockedSinceBoot TRUE
 1/15/2017 17:16:41.757 Enabling automatic association
 1/15/2017 17:16:41.758 __WiFiDeviceManagerAutoAssociate: Already connected to DIGI-146A.
 1/15/2017 17:16:41.758 WiFiLocaleManagerCheckLocale: location service or wifi is off, set locale to default
 1/15/2017 17:16:41.758 new locale:  , locale: 
 1/15/2017 17:16:41.791 Device display is ON
 1/15/2017 17:16:41.791 __WiFiManagerSetEnableState: state TRUE, manager->enable.setting TRUE, manager->unlockedSinceBoot TRUE
 1/15/2017 17:16:41.792 __WiFiDeviceManagerAutoAssociate: Already connected to DIGI-146A.
 1/15/2017 17:16:41.792 Power stats update: Type 0x5 UnassociatedSleepDur 0 AssociatedSleepDur 73674 TotalDur 135608 RoamDur 0
 1/15/2017 17:16:41.792 WiFiAWDManagerSubmitMetric: metric container could not be generated for metric id <0x90010>
 1/15/2017 17:16:41.807 __WiFiDeviceManagerAwdlAvailableCallback: AWDL availability changed to TRUE
 1/15/2017 17:16:41.807 __WiFiLQAMgrLogStats: Rssi: -66 Cca: 30 TxPer: 0.0% (3) BcnPer: 0.0% (50) RxFrms 8 TxRate: 58500 RxRate: 65000
 1/15/2017 17:16:41.808 __WiFiDeviceCopyLinkChangedSubReasonString: Apple80211ReturnToString failed 1
 1/15/2017 17:16:41.808 __WiFiDeviceProcessDriverAvailableEvent: driver availability true, reason Initializing(0xe0821803), subreason (null)(0x0)
 1/15/2017 17:16:41.808 __WiFiManagerDispatchDeviceAvailable: driver availability true

 1/15/2017 17:16:41.809 Unable to dispatch message to client MessagesViewServ (268435460)
 1/15/2017 17:16:41.810 __WiFiDeviceManagerAutoAssociate: Already connected to DIGI-146A.
 1/15/2017 17:16:41.810 WiFiAWDManagerSubmitMetric: metric container could not be generated for metric id <0x9000e>
 1/15/2017 17:16:41.849 __WiFiDeviceManagerAutoAssociate: Already connected to DIGI-146A.
 1/15/2017 17:16:41.850 No Change in Background Scan Networks, Skip Re-Programming Background Scan

 1/15/2017 17:16:41.875 __WiFiManagerCellularTransmitCallback_block_invoke: Cellular Transmit Started = FALSE
 1/15/2017 17:16:41.953 WoW is Disabled, 0 WoW Clients
 1/15/2017 17:16:49.470 Device display is OFF
 1/15/2017 17:16:54.946 Received kIOMessageSystemWillSleep
 1/15/2017 17:16:54.946 System Sleep notification, Disabling auto-join
 1/15/2017 17:16:54.946 __WiFiManagerSetEnableState: state FALSE, manager->enable.setting TRUE, manager->unlockedSinceBoot TRUE
 1/15/2017 17:16:54.946 Disabling automatic association
 1/15/2017 17:16:54.987 WoW is Disabled, 0 WoW Clients
 1/15/2017 17:16:55.086 __WiFiDeviceCopyLinkChangedSubReasonString: Apple80211ReturnToString failed 1
 1/15/2017 17:16:55.087 __WiFiDeviceProcessDriverAvailableEvent: driver availability false, reason PowerOff(0xe0821804), subreason (null)(0x0)
 1/15/2017 17:16:55.087 __WiFiManagerDispatchDeviceAvailable: driver availability false

 1/15/2017 17:16:55.088 Unable to dispatch message to client MessagesViewServ (268435460)
 1/15/2017 17:16:55.088 WiFiAWDManagerSubmitMetric: metric container could not be generated for metric id <0x9000e>
 1/15/2017 17:16:55.100 __WiFiDeviceManagerAwdlAvailableCallback: AWDL availability changed to FALSE
 1/15/2017 17:16:55.107 WoW is Disabled, 0 WoW Clients
 1/15/2017 17:21:56.272 Received kIOMessageSystemWillPowerOn
 1/15/2017 17:21:56.273 System wake reason: AOP.ExternalReq wlan
 1/15/2017 17:21:56.273 System Powered ON notification Re-enabling auto-join
 1/15/2017 17:21:56.273 __WiFiManagerSetEnableState: state TRUE, manager->enable.setting TRUE, manager->unlockedSinceBoot TRUE
 1/15/2017 17:21:56.273 Enabling automatic association
 1/15/2017 17:21:56.273 __WiFiDeviceManagerAutoAssociate: Already connected to DIGI-146A.
 1/15/2017 17:21:56.274 WiFiLocaleManagerCheckLocale: location service or wifi is off, set locale to default
 1/15/2017 17:21:56.274 new locale:  , locale: 
 1/15/2017 17:21:56.277 __WiFiDeviceProcessDumpLogsEvent: Dump logs event received, dumped wifid log buffer to file
