12/23/2016 17:34:44.638 WiFiLocaleManagerCheckLocale: trying to determine locale...
12/23/2016 17:34:44.639 WiFiManagerCoreLocationGetCachedLocation: getting cached location...
12/23/2016 17:34:44.661 __WiFiLocaleManagerGetLocaleFromMcc: finding iso country code for mcc 232 ....
12/23/2016 17:34:44.661 WiFiLocationServiceManagerIsLocationValid: cachedLocationTimeout 120.000000 location age 154.250835secs, lifeSpan -1.000000 accuracy 65.000000(highAccReq 0), isValid 1
12/23/2016 17:34:44.661 WiFiLocationServiceManagerStartLowAccuracyMonitoring: Cached low accuracy location is valid
12/23/2016 17:34:44.661 WiFiLocationServiceManagerIsLocationValid: cachedLocationTimeout 120.000000 location age 154.250972secs, lifeSpan -1.000000 accuracy 65.000000(highAccReq 1), isValid 1
12/23/2016 17:34:44.661 WiFiLocationServiceManagerIsLocationValid: cachedLocationTimeout 120.000000 location age 154.251026secs, lifeSpan -1.000000 accuracy 65.000000(highAccReq 0), isValid 1
12/23/2016 17:34:44.661 __WiFiLocationServiceManagerProcessLocationAvailableEvent: isValidHighAccuracyLocation 1,  isValidLowAccuracyLocation 1
12/23/2016 17:34:44.661 __WiFiLocationServiceManagerProcessLocationAvailableEvent: give low accuracy callback
12/23/2016 17:34:44.663 __WiFiLocaleManagerGetLocaleFromLocation: <+47.97598682,+16.85203379> +/- 65.00m (speed -1.00 mps / course -1.00) @ 12/23/16, 5:32:10 PM Central European Standard Time
12/23/2016 17:34:44.663 locale from bounding box 
12/23/2016 17:34:44.663 new locale:  , locale: 
12/23/2016 17:34:44.663 Stopping Low Accuracy Location Monitoring
12/23/2016 17:34:44.663 CLMonitoring is already stopped
12/23/2016 17:34:44.663 Stopping Low Accuracy Location Monitoring
12/23/2016 17:34:44.663 CLMonitoring is already stopped
12/23/2016 17:34:44.663 __WiFiLocationServiceManagerEventCallback, got cb dict {
    eventType = 0;
    location = "<+47.97598682,+16.85203379> +/- 65.00m (speed -1.00 mps / course -1.00) @ 12/23/16, 5:32:10 PM Central European Standard Time";
}
12/23/2016 17:34:44.664 WiFiLocationServiceManagerIsLocationValid: cachedLocationTimeout 120.000000 location age 154.253126secs, lifeSpan -1.000000 accuracy 65.000000(highAccReq 1), isValid 1
12/23/2016 17:34:44.664 WiFiLocationServiceManagerIsLocationValid: cachedLocationTimeout 120.000000 location age 154.253179secs, lifeSpan -1.000000 accuracy 65.000000(highAccReq 0), isValid 1
12/23/2016 17:34:44.664 __WiFiLocationServiceManagerProcessLocationAvailableEvent: isValidHighAccuracyLocation 1,  isValidLowAccuracyLocation 1
12/23/2016 17:34:47.885 Device display is ON
12/23/2016 17:34:47.885 __WiFiManagerSetEnableState: state TRUE, manager->enable.setting TRUE, manager->unlockedSinceBoot TRUE
12/23/2016 17:34:47.885 Auto association attempt canceled because MIS is enabled. MIS client count: wifi=3 bt=0
12/23/2016 17:34:48.017 Async scan requested by "locationd" for 1 iterations with maxage=0 priority normal on en0
12/23/2016 17:34:48.017 Enqueuing command type: "Scan" pending commands: 0
12/23/2016 17:34:48.017 Dequeuing command type: "Scan" pending commands: 0
12/23/2016 17:34:48.017 Attempting Apple80211ScanAsync on en0
12/23/2016 17:34:48.175 Completed Apple80211ScanAsync on en0 (0x0)
12/23/2016 17:34:48.176 Async scan request completed for "locationd" (0)
12/23/2016 17:34:48.176 Async scan requested by "locationd" for 1 iterations with maxage=0 priority normal on en0
12/23/2016 17:34:48.176 Enqueuing command type: "Scan" pending commands: 0
12/23/2016 17:34:48.176 Dequeuing command type: "Scan" pending commands: 0
12/23/2016 17:34:48.177 Attempting Apple80211ScanAsync on en0
12/23/2016 17:34:48.561 Completed Apple80211ScanAsync on en0 (0x0)
12/23/2016 17:34:48.563 Async scan request completed for "locationd" (0)
12/23/2016 17:34:51.952 ATJManager: setting ask-to-join interaction mode to Interactive
12/23/2016 17:34:51.952 ATJManager: no entries to purge
12/23/2016 17:34:51.953 User interaction ENABLED
12/23/2016 17:34:51.953 Ignoring lock state manager->wakeMode 1

12/23/2016 17:34:51.953 problematic networks =  and potentially problematic networks = 
12/23/2016 17:34:51.953 Unblacklisting
12/23/2016 17:34:51.953 No Change in Background Scan Networks, Skip Re-Programming Background Scan

12/23/2016 17:34:51.953 Auto association attempt canceled because MIS is enabled. MIS client count: wifi=3 bt=0
12/23/2016 17:34:53.062 BG Application: Not Present, BG Daemon: Present. Daemons: mediaserverd 
12/23/2016 17:34:53.062 __WiFiManagerSetEnableState: state TRUE, manager->enable.setting TRUE, manager->unlockedSinceBoot TRUE
12/23/2016 17:34:53.062 Auto association attempt canceled because MIS is enabled. MIS client count: wifi=3 bt=0
12/23/2016 17:34:54.933 BG Application: Not Present, BG Daemon: Present. Daemons: mediaserverd 
12/23/2016 17:34:54.933 LPAS is Enabled
12/23/2016 17:34:54.933 LPAS Enabled, Skip starting Disassocation timer
12/23/2016 17:35:02.565 scanCache: Purging scan cache
12/23/2016 17:35:51.956 BG Application: Not Present, BG Daemon: Present. Daemons: mediaserverd 
12/23/2016 17:35:51.957 BG Application: Not Present, BG Daemon: Present. Daemons: mediaserverd 
12/23/2016 17:36:44.635 WiFiLocaleManagerCheckLocale: trying to determine locale...
12/23/2016 17:36:44.635 WiFiManagerCoreLocationGetCachedLocation: getting cached location...
12/23/2016 17:36:44.647 __WiFiLocaleManagerGetLocaleFromMcc: finding iso country code for mcc 232 ....
12/23/2016 17:36:44.647 WiFiLocationServiceManagerIsLocationValid: cachedLocationTimeout 120.000000 location age 274.236260secs, lifeSpan -1.000000 accuracy 65.000000(highAccReq 0), isValid 1
12/23/2016 17:36:44.647 WiFiLocationServiceManagerStartLowAccuracyMonitoring: Cached low accuracy location is valid
12/23/2016 17:36:44.647 WiFiLocationServiceManagerIsLocationValid: cachedLocationTimeout 120.000000 location age 274.236394secs, lifeSpan -1.000000 accuracy 65.000000(highAccReq 1), isValid 1
12/23/2016 17:36:44.647 WiFiLocationServiceManagerIsLocationValid: cachedLocationTimeout 120.000000 location age 274.236447secs, lifeSpan -1.000000 accuracy 65.000000(highAccReq 0), isValid 1
12/23/2016 17:36:44.647 __WiFiLocationServiceManagerProcessLocationAvailableEvent: isValidHighAccuracyLocation 1,  isValidLowAccuracyLocation 1
12/23/2016 17:36:44.647 __WiFiLocationServiceManagerProcessLocationAvailableEvent: give low accuracy callback
12/23/2016 17:36:44.648 __WiFiLocaleManagerGetLocaleFromLocation: <+47.97598682,+16.85203379> +/- 65.00m (speed -1.00 mps / course -1.00) @ 12/23/16, 5:32:10 PM Central European Standard Time
12/23/2016 17:36:44.648 locale from bounding box 
12/23/2016 17:36:44.648 new locale:  , locale: 
12/23/2016 17:36:44.648 Stopping Low Accuracy Location Monitoring
12/23/2016 17:36:44.648 CLMonitoring is already stopped
12/23/2016 17:36:44.648 Stopping Low Accuracy Location Monitoring
12/23/2016 17:36:44.648 CLMonitoring is already stopped
12/23/2016 17:36:44.661 __WiFiLocationServiceManagerEventCallback, got cb dict {
    eventType = 0;
    location = "<+47.97598695,+16.85202292> +/- 65.00m (speed -1.00 mps / course -1.00) @ 12/23/16, 5:34:57 PM Central European Standard Time";
}
12/23/2016 17:36:44.661 WiFiLocationServiceManagerIsLocationValid: cachedLocationTimeout 120.000000 location age 107.484235secs, lifeSpan -1.000000 accuracy 65.000000(highAccReq 1), isValid 1
12/23/2016 17:36:44.661 WiFiLocationServiceManagerIsLocationValid: cachedLocationTimeout 120.000000 location age 107.484274secs, lifeSpan -1.000000 accuracy 65.000000(highAccReq 0), isValid 1
12/23/2016 17:36:44.661 __WiFiLocationServiceManagerProcessLocationAvailableEvent: isValidHighAccuracyLocation 1,  isValidLowAccuracyLocation 1
12/23/2016 17:38:25.406 WoW is Disabled, 0 WoW Clients
12/23/2016 17:38:44.639 WiFiLocaleManagerCheckLocale: trying to determine locale...
12/23/2016 17:38:44.639 WiFiManagerCoreLocationGetCachedLocation: getting cached location...
12/23/2016 17:38:44.652 __WiFiLocaleManagerGetLocaleFromMcc: finding iso country code for mcc 232 ....
12/23/2016 17:38:44.652 WiFiLocationServiceManagerIsLocationValid: cachedLocationTimeout 120.000000 location age 227.475165secs, lifeSpan -1.000000 accuracy 65.000000(highAccReq 0), isValid 1
12/23/2016 17:38:44.652 WiFiLocationServiceManagerStartLowAccuracyMonitoring: Cached low accuracy location is valid
12/23/2016 17:38:44.652 WiFiLocationServiceManagerIsLocationValid: cachedLocationTimeout 120.000000 location age 227.475303secs, lifeSpan -1.000000 accuracy 65.000000(highAccReq 1), isValid 1
12/23/2016 17:38:44.652 WiFiLocationServiceManagerIsLocationValid: cachedLocationTimeout 120.000000 location age 227.475356secs, lifeSpan -1.000000 accuracy 65.000000(highAccReq 0), isValid 1
12/23/2016 17:38:44.652 __WiFiLocationServiceManagerProcessLocationAvailableEvent: isValidHighAccuracyLocation 1,  isValidLowAccuracyLocation 1
12/23/2016 17:38:44.652 __WiFiLocationServiceManagerProcessLocationAvailableEvent: give low accuracy callback
12/23/2016 17:38:44.653 __WiFiLocaleManagerGetLocaleFromLocation: <+47.97598695,+16.85202292> +/- 65.00m (speed -1.00 mps / course -1.00) @ 12/23/16, 5:34:57 PM Central European Standard Time
12/23/2016 17:38:44.653 locale from bounding box 
12/23/2016 17:38:44.653 new locale:  , locale: 
12/23/2016 17:38:44.654 Stopping Low Accuracy Location Monitoring
12/23/2016 17:38:44.654 CLMonitoring is already stopped
12/23/2016 17:38:44.654 Stopping Low Accuracy Location Monitoring
12/23/2016 17:38:44.654 CLMonitoring is already stopped
12/23/2016 17:38:44.654 __WiFiLocationServiceManagerEventCallback, got cb dict {
    eventType = 0;
    location = "<+47.97598695,+16.85202292> +/- 65.00m (speed -1.00 mps / course -1.00) @ 12/23/16, 5:34:57 PM Central European Standard Time";
}
12/23/2016 17:38:44.654 WiFiLocationServiceManagerIsLocationValid: cachedLocationTimeout 120.000000 location age 227.477336secs, lifeSpan -1.000000 accuracy 65.000000(highAccReq 1), isValid 1
12/23/2016 17:38:44.654 WiFiLocationServiceManagerIsLocationValid: cachedLocationTimeout 120.000000 location age 227.477389secs, lifeSpan -1.000000 accuracy 65.000000(highAccReq 0), isValid 1
12/23/2016 17:38:44.654 __WiFiLocationServiceManagerProcessLocationAvailableEvent: isValidHighAccuracyLocation 1,  isValidLowAccuracyLocation 1
12/23/2016 17:39:18.108 Async scan requested by "locationd" for 1 iterations with maxage=0 priority low on en0
12/23/2016 17:39:18.109 Enqueuing command type: "Scan" pending commands: 0
12/23/2016 17:39:18.109 Dequeuing command type: "Scan" pending commands: 0
12/23/2016 17:39:18.109 Attempting Apple80211ScanAsync on en0
12/23/2016 17:39:18.865 Completed Apple80211ScanAsync on en0 (0x0)
12/23/2016 17:39:18.866 Async scan request completed for "locationd" (0)
12/23/2016 17:39:26.089 __WiFiManagerAudioRouteCallback: builtInReceiver = FALSE
12/23/2016 17:39:26.374 Creating client for "assistantd"
12/23/2016 17:39:26.381 Client assistantd set type to background application
12/23/2016 17:39:26.381 __WiFiManagerSetEnableState: state TRUE, manager->enable.setting TRUE, manager->unlockedSinceBoot TRUE
12/23/2016 17:39:26.381 BG Application: Not Present, BG Daemon: Present. Daemons: assistantd mediaserverd 
12/23/2016 17:39:26.381 Auto association attempt canceled because MIS is enabled. MIS client count: wifi=3 bt=0
12/23/2016 17:39:28.693 __WiFiManagerAudioRouteCallback: builtInReceiver = FALSE
12/23/2016 17:39:31.670 __WiFiDeviceProcessDumpLogsEvent: Dump logs event received, dumped wifid log buffer to file
