12/19/2016 13:46:00.642 __WiFiManagerCellularTransmitCallback_block_invoke: Cellular Transmit Started = FALSE
12/19/2016 13:46:05.225 __WiFiManagerCellularTransmitCallback_block_invoke: Cellular Transmit Started = TRUE
12/19/2016 13:46:07.353 __WiFiManagerCellularTransmitCallback_block_invoke: Cellular Transmit Started = FALSE
12/19/2016 13:46:07.583 IPv4 Primary interface is (null) and IPv6 Primary Interface is (null)
12/19/2016 13:46:07.620 Client apsd set type to background application
12/19/2016 13:46:07.620 __WiFiManagerSetEnableState: state TRUE, manager->enable.setting TRUE, manager->unlockedSinceBoot TRUE
12/19/2016 13:46:07.625 BG Application: Not Present, BG Daemon: Present. Daemons: mediaserverd apsd 
12/19/2016 13:46:07.625 Auto association attempt canceled because MIS is enabled. MIS client count: wifi=3 bt=0
12/19/2016 13:46:07.626 Enable WoW requested by "apsd"
12/19/2016 13:46:07.626 WoW Capable = YES, Attempting to enable WoW and disable LPAS 
12/19/2016 13:46:07.627 Setting WoW params to <CFBasicHash 0x14cd6f6c0 [0x1a0950150]>{type = immutable dict, count = 3,
entries =>
	0 : <CFString 0x100175960 [0x1a0950150]>{contents = "IO80211InterfaceEnableLowPwrAssocMode"} = <CFBoolean 0x1a09506d8 [0x1a0950150]>{value = false}
	1 : <CFString 0x100175940 [0x1a0950150]>{contents = "IO80211InterfaceEnableWoW"} = <CFBoolean 0x1a09506c8 [0x1a0950150]>{value = true}
	2 : <CFString 0x100185ae0 [0x1a0950150]>{contents = "IO80211InterfaceEnableWoWOnCaptive"} = <CFBoolean 0x1a09506d8 [0x1a0950150]>{value = false}
}

12/19/2016 13:46:07.630 WiFiDeviceRequestAssociatedSleep: ActiveDuringSleepRequested is already removed ((null)).
12/19/2016 13:46:07.630 WoW Enabled by 1 Clients, lpas is Disabled, WoW Override is Disabled, Captive Disabled
12/19/2016 13:46:07.630 Unable to dispatch WowStateChanged message to client mediaserverd (268435460)
12/19/2016 13:46:07.631 Unable to dispatch WowStateChanged message to client itunesstored (268435460)
12/19/2016 13:46:07.631 Unable to dispatch WowStateChanged message to client dataaccessd (268435460)
12/19/2016 13:46:07.632 Unable to dispatch WowStateChanged message to client MobileMail (268435460)
12/19/2016 13:46:07.655 MIS is already Enabled on ap1
12/19/2016 13:46:07.658 MIS is already Enabled on ap1
12/19/2016 13:46:07.659 apsd[273] is a wow client
12/19/2016 13:46:07.659 WoW is Enabled, 1 WoW Clients
12/19/2016 13:46:07.659 apsd[273] is a wow client
12/19/2016 13:46:07.659 WoW is Enabled, 1 WoW Clients
12/19/2016 13:46:07.659 apsd[273] is a wow client
12/19/2016 13:46:07.659 WoW is Enabled, 1 WoW Clients
12/19/2016 13:46:07.661 MIS Discovery is Disabled
12/19/2016 13:46:07.691 Client MobileMail set type to background application
12/19/2016 13:46:07.691 __WiFiManagerSetEnableState: state TRUE, manager->enable.setting TRUE, manager->unlockedSinceBoot TRUE
12/19/2016 13:46:07.693 BG Application: Not Present, BG Daemon: Present. Daemons: MobileMail mediaserverd apsd 
12/19/2016 13:46:07.693 Auto association attempt canceled because MIS is enabled. MIS client count: wifi=3 bt=0
12/19/2016 13:46:09.375 __WiFiManagerCellularTransmitCallback_block_invoke: Cellular Transmit Started = TRUE
12/19/2016 13:46:11.732 IPv4 Primary interface is pdp_ip0 and IPv6 Primary Interface is (null)
12/19/2016 13:46:11.747 MIS is already Enabled on ap1
12/19/2016 13:46:11.750 MIS Discovery is Disabled
12/19/2016 13:46:27.100 __WiFiManagerCellularTransmitCallback_block_invoke: Cellular Transmit Started = FALSE
12/19/2016 13:46:36.259 __WiFiManagerCellularTransmitCallback_block_invoke: Cellular Transmit Started = TRUE
12/19/2016 13:46:53.338 __WiFiManagerCellularTransmitCallback_block_invoke: Cellular Transmit Started = FALSE
12/19/2016 13:46:53.978 __WiFiManagerCellularTransmitCallback_block_invoke: Cellular Transmit Started = TRUE
12/19/2016 13:46:59.507 WiFiLocaleManagerCheckLocale: location service or wifi is off, set locale to default
12/19/2016 13:46:59.507 new locale:  , locale: 
12/19/2016 13:47:06.142 __WiFiManagerCellularTransmitCallback_block_invoke: Cellular Transmit Started = FALSE
12/19/2016 13:47:08.747 __WiFiManagerCellularTransmitCallback_block_invoke: Cellular Transmit Started = TRUE
12/19/2016 13:47:11.682 Disable WoW requested by "apsd"
12/19/2016 13:47:11.683 WoW Capable = YES, Attempting to disable WoW and enable LPAS 
12/19/2016 13:47:11.683 Setting WoW params to <CFBasicHash 0x14cd67080 [0x1a0950150]>{type = immutable dict, count = 3,
entries =>
	0 : <CFString 0x100175960 [0x1a0950150]>{contents = "IO80211InterfaceEnableLowPwrAssocMode"} = <CFBoolean 0x1a09506c8 [0x1a0950150]>{value = true}
	1 : <CFString 0x100175940 [0x1a0950150]>{contents = "IO80211InterfaceEnableWoW"} = <CFBoolean 0x1a09506d8 [0x1a0950150]>{value = false}
	2 : <CFString 0x100185ae0 [0x1a0950150]>{contents = "IO80211InterfaceEnableWoWOnCaptive"} = <CFBoolean 0x1a09506d8 [0x1a0950150]>{value = false}
}

12/19/2016 13:47:11.686 WiFiDeviceRequestAssociatedSleep: ActiveDuringSleepRequested is already removed ((null)).
12/19/2016 13:47:11.686 WoW Disabled, 0 WoW Clients, lpas is Enabled, WoW Override is Disabled, Captive Disabled
12/19/2016 13:47:11.686 Unable to dispatch WowStateChanged message to client mediaserverd (268435460)
12/19/2016 13:47:11.687 Unable to dispatch WowStateChanged message to client itunesstored (268435460)
12/19/2016 13:47:11.688 Unable to dispatch WowStateChanged message to client dataaccessd (268435460)
12/19/2016 13:47:11.688 Unable to dispatch WowStateChanged message to client MobileMail (268435460)
12/19/2016 13:47:11.689 WoW is Disabled, 0 WoW Clients
12/19/2016 13:47:11.689 WoW is Disabled, 0 WoW Clients
12/19/2016 13:47:11.697 WoW is Disabled, 0 WoW Clients
12/19/2016 13:47:16.685 Client apsd set type to normal application
12/19/2016 13:47:16.685 __WiFiManagerSetEnableState: state TRUE, manager->enable.setting TRUE, manager->unlockedSinceBoot TRUE
12/19/2016 13:47:16.685 BG Application: Not Present, BG Daemon: Present. Daemons: MobileMail mediaserverd 
12/19/2016 13:47:16.733 Client MobileMail set type to normal application
12/19/2016 13:47:16.733 __WiFiManagerSetEnableState: state TRUE, manager->enable.setting TRUE, manager->unlockedSinceBoot TRUE
12/19/2016 13:47:16.734 BG Application: Not Present, BG Daemon: Present. Daemons: mediaserverd 
12/19/2016 13:47:20.223 __WiFiManagerCellularTransmitCallback_block_invoke: Cellular Transmit Started = FALSE
12/19/2016 13:47:24.801 __WiFiManagerCellularTransmitCallback_block_invoke: Cellular Transmit Started = TRUE
12/19/2016 13:47:59.262 __WiFiManagerCellularTransmitCallback_block_invoke: Cellular Transmit Started = FALSE
12/19/2016 13:48:07.513 __WiFiManagerCellularTransmitCallback_block_invoke: Cellular Transmit Started = TRUE
12/19/2016 13:48:18.559 __WiFiManagerCellularTransmitCallback_block_invoke: Cellular Transmit Started = FALSE
12/19/2016 13:48:26.576 __WiFiManagerCellularTransmitCallback_block_invoke: Cellular Transmit Started = TRUE
12/19/2016 13:48:36.384 __WiFiManagerCellularTransmitCallback_block_invoke: Cellular Transmit Started = FALSE
12/19/2016 13:48:50.520 __WiFiManagerCellularTransmitCallback_block_invoke: Cellular Transmit Started = TRUE
12/19/2016 13:48:59.507 WiFiLocaleManagerCheckLocale: location service or wifi is off, set locale to default
12/19/2016 13:48:59.507 new locale:  , locale: 
12/19/2016 13:49:00.705 __WiFiManagerCellularTransmitCallback_block_invoke: Cellular Transmit Started = FALSE
12/19/2016 13:49:19.718 __WiFiManagerCellularTransmitCallback_block_invoke: Cellular Transmit Started = TRUE
12/19/2016 13:49:52.634 __WiFiManagerCellularTransmitCallback_block_invoke: Cellular Transmit Started = FALSE
12/19/2016 13:49:57.609 __WiFiManagerCellularTransmitCallback_block_invoke: Cellular Transmit Started = TRUE
12/19/2016 13:50:00.464 __WiFiDeviceProcessDumpLogsEvent: Dump logs event received, dumped wifid log buffer to file
