12/23/2016 18:24:44.607 WiFiLocaleManagerCheckLocale: trying to determine locale...
12/23/2016 18:24:44.607 WiFiManagerCoreLocationGetCachedLocation: getting cached location...
12/23/2016 18:24:44.639 __WiFiLocaleManagerGetLocaleFromMcc: finding iso country code for mcc 232 ....
12/23/2016 18:24:44.639 WiFiLocationServiceManagerIsLocationValid: cachedLocationTimeout 120.000000 location age 120.022533secs, lifeSpan -1.000000 accuracy 2000.000000(highAccReq 0), isValid 1
12/23/2016 18:24:44.639 WiFiLocationServiceManagerStartLowAccuracyMonitoring: Cached low accuracy location is valid
12/23/2016 18:24:44.639 WiFiLocationServiceManagerIsLocationValid: cachedLocationTimeout 120.000000 location age 120.022600secs, lifeSpan -1.000000 accuracy 2000.000000(highAccReq 1), isValid 0
12/23/2016 18:24:44.639 WiFiLocationServiceManagerIsLocationValid: cachedLocationTimeout 120.000000 location age 120.022623secs, lifeSpan -1.000000 accuracy 2000.000000(highAccReq 0), isValid 1
12/23/2016 18:24:44.639 __WiFiLocationServiceManagerProcessLocationAvailableEvent: isValidHighAccuracyLocation 0,  isValidLowAccuracyLocation 1
12/23/2016 18:24:44.639 __WiFiLocationServiceManagerProcessLocationAvailableEvent: give low accuracy callback
12/23/2016 18:24:44.640 __WiFiLocaleManagerGetLocaleFromLocation: <+47.97579532,+16.84898271> +/- 2000.00m (speed -1.00 mps / course -1.00) @ 12/23/16, 6:22:44 PM Central European Standard Time
12/23/2016 18:24:44.640 locale from bounding box 
12/23/2016 18:24:44.640 new locale:  , locale: 
12/23/2016 18:24:44.640 Stopping Low Accuracy Location Monitoring
12/23/2016 18:24:44.640 CLMonitoring is already stopped
12/23/2016 18:24:44.640 Stopping Low Accuracy Location Monitoring
12/23/2016 18:24:44.640 CLMonitoring is already stopped
12/23/2016 18:24:44.640 __WiFiLocationServiceManagerEventCallback, got cb dict {
    eventType = 0;
    location = "<+47.97579532,+16.84898271> +/- 2000.00m (speed -1.00 mps / course -1.00) @ 12/23/16, 6:24:44 PM Central European Standard Time";
}
12/23/2016 18:24:44.640 WiFiLocationServiceManagerIsLocationValid: cachedLocationTimeout 120.000000 location age 0.012416secs, lifeSpan -1.000000 accuracy 2000.000000(highAccReq 1), isValid 0
12/23/2016 18:24:44.640 WiFiLocationServiceManagerIsLocationValid: cachedLocationTimeout 120.000000 location age 0.012439secs, lifeSpan -1.000000 accuracy 2000.000000(highAccReq 0), isValid 1
12/23/2016 18:24:44.640 __WiFiLocationServiceManagerProcessLocationAvailableEvent: isValidHighAccuracyLocation 0,  isValidLowAccuracyLocation 1
12/23/2016 18:25:25.037 Background Network Application entered
12/23/2016 18:25:25.037 BG Application: Not Present, BG Daemon: Present. Daemons: assistantd mediaserverd 
12/23/2016 18:25:25.206 -[WiFiFaceTimeCallNotifications unassertAgentWithOptions:]: FaceTime/WiFi Call Terminated 

12/23/2016 18:25:27.040 __WiFiManagerAudioRouteCallback: builtInReceiver = FALSE
12/23/2016 18:25:27.212 WiFiVirtualInterfaceSetAppTrafficPolicy: address:<CFData 0x14cf07b80 [0x1a0950150]>{length = 6, capacity = 6, bytes = 0x000000000000} uuid:FACETIME_UUID interface:en0 active:false flags:1
12/23/2016 18:25:31.182 Client InCallService set type to normal application
12/23/2016 18:25:31.182 __WiFiManagerSetEnableState: state TRUE, manager->enable.setting TRUE, manager->unlockedSinceBoot TRUE
12/23/2016 18:25:31.182 Foreground Network Application exited.
12/23/2016 18:25:31.182 BG Application: Not Present, BG Daemon: Present. Daemons: assistantd mediaserverd 
12/23/2016 18:25:31.182 LPAS is Enabled
12/23/2016 18:25:31.182 LPAS Enabled, Skip starting Disassocation timer
12/23/2016 18:25:44.188 Async scan requested by "locationd" for 1 iterations with maxage=0 priority low on en0
12/23/2016 18:25:44.188 Enqueuing command type: "Scan" pending commands: 0
12/23/2016 18:25:44.188 Dequeuing command type: "Scan" pending commands: 0
12/23/2016 18:25:44.188 Attempting Apple80211ScanAsync on en0
12/23/2016 18:25:45.737 Completed Apple80211ScanAsync on en0 (0x0)
12/23/2016 18:25:45.737 Async scan request completed for "locationd" (0)
12/23/2016 18:25:48.306 WoW is Disabled, 0 WoW Clients
12/23/2016 18:25:48.495 __WiFiDeviceProcessSTAArriveEvent: staNum 2
12/23/2016 18:25:48.495 WiFiAWDManagerSubmitMetric: metric container could not be generated for metric id <0x90006>
12/23/2016 18:25:48.495 MIS STA Associated: 2 associated clients
12/23/2016 18:25:48.503 WiFiDeviceManagerSetMISMaxStaNumber: Additional tethering clients allowed: 3
12/23/2016 18:25:48.508 WiFiAWDManagerSubmitMetric: metric container could not be generated for metric id <0x90005>
12/23/2016 18:25:48.508 MIS is already Enabled on ap1
12/23/2016 18:25:48.513 MIS Discovery is Disabled
12/23/2016 18:25:56.984 BG Application: Not Present, BG Daemon: Present. Daemons: assistantd mediaserverd 
12/23/2016 18:25:56.984 __WiFiManagerSetEnableState: state TRUE, manager->enable.setting TRUE, manager->unlockedSinceBoot TRUE
12/23/2016 18:25:56.984 Auto association attempt canceled because MIS is enabled. MIS client count: wifi=2 bt=0
12/23/2016 18:25:58.125 ATJManager: setting ask-to-join interaction mode to NonInteractive
12/23/2016 18:25:58.125 ATJManager: no entries to purge
12/23/2016 18:25:58.125 User interaction DISABLED
12/23/2016 18:25:58.125 Ignoring lock state manager->wakeMode 1

12/23/2016 18:25:58.128 Device display is OFF
12/23/2016 18:25:59.739 scanCache: Purging scan cache
12/23/2016 18:26:01.609 __WiFiDeviceProcessSTALeaveEvent: staNum 1
12/23/2016 18:26:01.616 MIS STA Disassociated: 1 associated clients
12/23/2016 18:26:01.621 WiFiDeviceManagerSetMISMaxStaNumber: Additional tethering clients allowed: 4
12/23/2016 18:26:01.629 MIS is already Enabled on ap1
12/23/2016 18:26:01.632 MIS Discovery is Disabled
12/23/2016 18:26:25.287 Device display is ON
12/23/2016 18:26:25.287 __WiFiManagerSetEnableState: state TRUE, manager->enable.setting TRUE, manager->unlockedSinceBoot TRUE
12/23/2016 18:26:25.287 Auto association attempt canceled because MIS is enabled. MIS client count: wifi=1 bt=0
12/23/2016 18:26:25.474 Async scan requested by "locationd" for 1 iterations with maxage=0 priority normal on en0
12/23/2016 18:26:25.474 Enqueuing command type: "Scan" pending commands: 0
12/23/2016 18:26:25.474 Dequeuing command type: "Scan" pending commands: 0
12/23/2016 18:26:25.474 Attempting Apple80211ScanAsync on en0
12/23/2016 18:26:25.633 Completed Apple80211ScanAsync on en0 (0x0)
12/23/2016 18:26:25.634 Async scan request completed for "locationd" (0)
12/23/2016 18:26:25.635 Async scan requested by "locationd" for 1 iterations with maxage=0 priority normal on en0
12/23/2016 18:26:25.635 Enqueuing command type: "Scan" pending commands: 0
12/23/2016 18:26:25.635 Dequeuing command type: "Scan" pending commands: 0
12/23/2016 18:26:25.635 Attempting Apple80211ScanAsync on en0
12/23/2016 18:26:26.021 Completed Apple80211ScanAsync on en0 (0x0)
12/23/2016 18:26:26.023 Async scan request completed for "locationd" (0)
12/23/2016 18:26:27.235 Device display is OFF
12/23/2016 18:26:31.663 Async scan requested by "locationd" for 1 iterations with maxage=0 priority normal on en0
12/23/2016 18:26:31.663 Enqueuing command type: "Scan" pending commands: 0
12/23/2016 18:26:31.663 Dequeuing command type: "Scan" pending commands: 0
12/23/2016 18:26:31.663 Attempting Apple80211ScanAsync on en0
12/23/2016 18:26:32.049 Completed Apple80211ScanAsync on en0 (0x0)
12/23/2016 18:26:32.050 Async scan request completed for "locationd" (0)
12/23/2016 18:26:38.064 Async scan requested by "locationd" for 1 iterations with maxage=0 priority normal on en0
12/23/2016 18:26:38.064 Enqueuing command type: "Scan" pending commands: 0
12/23/2016 18:26:38.065 Dequeuing command type: "Scan" pending commands: 0
12/23/2016 18:26:38.065 Attempting Apple80211ScanAsync on en0
12/23/2016 18:26:38.450 Completed Apple80211ScanAsync on en0 (0x0)
12/23/2016 18:26:38.451 Async scan request completed for "locationd" (0)
12/23/2016 18:26:44.462 Async scan requested by "locationd" for 1 iterations with maxage=0 priority normal on en0
12/23/2016 18:26:44.462 Enqueuing command type: "Scan" pending commands: 0
12/23/2016 18:26:44.462 Dequeuing command type: "Scan" pending commands: 0
12/23/2016 18:26:44.462 Attempting Apple80211ScanAsync on en0
12/23/2016 18:26:44.605 WiFiLocaleManagerCheckLocale: trying to determine locale...
12/23/2016 18:26:44.605 WiFiManagerCoreLocationGetCachedLocation: getting cached location...
12/23/2016 18:26:44.617 __WiFiLocaleManagerGetLocaleFromMcc: finding iso country code for mcc 232 ....
12/23/2016 18:26:44.617 WiFiLocationServiceManagerIsLocationValid: cachedLocationTimeout 120.000000 location age 119.989589secs, lifeSpan -1.000000 accuracy 2000.000000(highAccReq 0), isValid 1
12/23/2016 18:26:44.617 WiFiLocationServiceManagerStartLowAccuracyMonitoring: Cached low accuracy location is valid
12/23/2016 18:26:44.618 WiFiLocationServiceManagerIsLocationValid: cachedLocationTimeout 120.000000 location age 119.989728secs, lifeSpan -1.000000 accuracy 2000.000000(highAccReq 1), isValid 0
12/23/2016 18:26:44.618 WiFiLocationServiceManagerIsLocationValid: cachedLocationTimeout 120.000000 location age 119.989782secs, lifeSpan -1.000000 accuracy 2000.000000(highAccReq 0), isValid 1
12/23/2016 18:26:44.618 __WiFiLocationServiceManagerProcessLocationAvailableEvent: isValidHighAccuracyLocation 0,  isValidLowAccuracyLocation 1
12/23/2016 18:26:44.618 __WiFiLocationServiceManagerProcessLocationAvailableEvent: give low accuracy callback
12/23/2016 18:26:44.619 __WiFiLocaleManagerGetLocaleFromLocation: <+47.97579532,+16.84898271> +/- 2000.00m (speed -1.00 mps / course -1.00) @ 12/23/16, 6:24:44 PM Central European Standard Time
12/23/2016 18:26:44.619 locale from bounding box 
12/23/2016 18:26:44.619 new locale:  , locale: 
12/23/2016 18:26:44.619 Stopping Low Accuracy Location Monitoring
12/23/2016 18:26:44.619 CLMonitoring is already stopped
12/23/2016 18:26:44.619 Stopping Low Accuracy Location Monitoring
12/23/2016 18:26:44.619 CLMonitoring is already stopped
12/23/2016 18:26:44.619 __WiFiLocationServiceManagerEventCallback, got cb dict {
    eventType = 0;
    location = "<+47.97947289,+16.85097202> +/- 165.00m (speed -1.00 mps / course -1.00) @ 12/23/16, 6:26:44 PM Central European Standard Time";
}
12/23/2016 18:26:44.620 WiFiLocationServiceManagerIsLocationValid: cachedLocationTimeout 120.000000 location age 0.011396secs, lifeSpan -1.000000 accuracy 165.000000(highAccReq 1), isValid 1
12/23/2016 18:26:44.620 WiFiLocationServiceManagerIsLocationValid: cachedLocationTimeout 120.000000 location age 0.011451secs, lifeSpan -1.000000 accuracy 165.000000(highAccReq 0), isValid 1
12/23/2016 18:26:44.620 __WiFiLocationServiceManagerProcessLocationAvailableEvent: isValidHighAccuracyLocation 1,  isValidLowAccuracyLocation 1
12/23/2016 18:26:44.848 Completed Apple80211ScanAsync on en0 (0x0)
12/23/2016 18:26:44.850 Async scan request completed for "locationd" (0)
12/23/2016 18:26:50.864 Async scan requested by "locationd" for 1 iterations with maxage=0 priority normal on en0
12/23/2016 18:26:50.865 Enqueuing command type: "Scan" pending commands: 0
12/23/2016 18:26:50.865 Dequeuing command type: "Scan" pending commands: 0
12/23/2016 18:26:50.865 Attempting Apple80211ScanAsync on en0
12/23/2016 18:26:51.250 Completed Apple80211ScanAsync on en0 (0x0)
12/23/2016 18:26:51.252 Async scan request completed for "locationd" (0)
12/23/2016 18:26:57.266 Async scan requested by "locationd" for 1 iterations with maxage=0 priority normal on en0
12/23/2016 18:26:57.266 Enqueuing command type: "Scan" pending commands: 0
12/23/2016 18:26:57.266 Dequeuing command type: "Scan" pending commands: 0
12/23/2016 18:26:57.266 Attempting Apple80211ScanAsync on en0
12/23/2016 18:26:57.652 Completed Apple80211ScanAsync on en0 (0x0)
12/23/2016 18:26:57.654 Async scan request completed for "locationd" (0)
12/23/2016 18:27:11.659 scanCache: Purging scan cache
12/23/2016 18:28:26.925 __WiFiManagerCellularTransmitCallback_block_invoke: Cellular Transmit Started = FALSE
12/23/2016 18:28:35.409 __WiFiManagerCellularTransmitCallback_block_invoke: Cellular Transmit Started = TRUE
12/23/2016 18:28:44.605 WiFiLocaleManagerCheckLocale: trying to determine locale...
12/23/2016 18:28:44.605 WiFiManagerCoreLocationGetCachedLocation: getting cached location...
12/23/2016 18:28:44.627 __WiFiLocaleManagerGetLocaleFromMcc: finding iso country code for mcc 232 ....
12/23/2016 18:28:44.628 WiFiLocationServiceManagerIsLocationValid: cachedLocationTimeout 120.000000 location age 120.019315secs, lifeSpan -1.000000 accuracy 165.000000(highAccReq 0), isValid 1
12/23/2016 18:28:44.628 WiFiLocationServiceManagerStartLowAccuracyMonitoring: Cached low accuracy location is valid
12/23/2016 18:28:44.628 WiFiLocationServiceManagerIsLocationValid: cachedLocationTimeout 120.000000 location age 120.019458secs, lifeSpan -1.000000 accuracy 165.000000(highAccReq 1), isValid 1
12/23/2016 18:28:44.628 WiFiLocationServiceManagerIsLocationValid: cachedLocationTimeout 120.000000 location age 120.019512secs, lifeSpan -1.000000 accuracy 165.000000(highAccReq 0), isValid 1
12/23/2016 18:28:44.628 __WiFiLocationServiceManagerProcessLocationAvailableEvent: isValidHighAccuracyLocation 1,  isValidLowAccuracyLocation 1
12/23/2016 18:28:44.628 __WiFiLocationServiceManagerProcessLocationAvailableEvent: give low accuracy callback
12/23/2016 18:28:44.629 __WiFiLocaleManagerGetLocaleFromLocation: <+47.97947289,+16.85097202> +/- 165.00m (speed -1.00 mps / course -1.00) @ 12/23/16, 6:26:44 PM Central European Standard Time
12/23/2016 18:28:44.629 locale from bounding box 
12/23/2016 18:28:44.629 new locale:  , locale: 
12/23/2016 18:28:44.629 Stopping Low Accuracy Location Monitoring
12/23/2016 18:28:44.629 CLMonitoring is already stopped
12/23/2016 18:28:44.629 Stopping Low Accuracy Location Monitoring
12/23/2016 18:28:44.629 CLMonitoring is already stopped
12/23/2016 18:28:44.629 __WiFiLocationServiceManagerEventCallback, got cb dict {
    eventType = 0;
    location = "<+47.97974603,+16.85075581> +/- 67.63m (speed -1.00 mps / course -1.00) @ 12/23/16, 6:27:06 PM Central European Standard Time";
}
12/23/2016 18:28:44.630 WiFiLocationServiceManagerIsLocationValid: cachedLocationTimeout 120.000000 location age 97.969175secs, lifeSpan -1.000000 accuracy 67.634927(highAccReq 1), isValid 1
12/23/2016 18:28:44.630 WiFiLocationServiceManagerIsLocationValid: cachedLocationTimeout 120.000000 location age 97.969230secs, lifeSpan -1.000000 accuracy 67.634927(highAccReq 0), isValid 1
12/23/2016 18:28:44.630 __WiFiLocationServiceManagerProcessLocationAvailableEvent: isValidHighAccuracyLocation 1,  isValidLowAccuracyLocation 1
12/23/2016 18:29:07.968 Device display is ON
12/23/2016 18:29:07.968 __WiFiManagerSetEnableState: state TRUE, manager->enable.setting TRUE, manager->unlockedSinceBoot TRUE
12/23/2016 18:29:07.968 Auto association attempt canceled because MIS is enabled. MIS client count: wifi=1 bt=0
12/23/2016 18:29:08.165 Async scan requested by "locationd" for 1 iterations with maxage=0 priority normal on en0
12/23/2016 18:29:08.165 Enqueuing command type: "Scan" pending commands: 0
12/23/2016 18:29:08.165 Dequeuing command type: "Scan" pending commands: 0
12/23/2016 18:29:08.165 Attempting Apple80211ScanAsync on en0
12/23/2016 18:29:08.323 Completed Apple80211ScanAsync on en0 (0x0)
12/23/2016 18:29:08.323 Async scan request completed for "locationd" (0)
12/23/2016 18:29:08.328 Async scan requested by "locationd" for 1 iterations with maxage=0 priority normal on en0
12/23/2016 18:29:08.329 Enqueuing command type: "Scan" pending commands: 0
12/23/2016 18:29:08.329 Dequeuing command type: "Scan" pending commands: 0
12/23/2016 18:29:08.329 Attempting Apple80211ScanAsync on en0
12/23/2016 18:29:08.716 Completed Apple80211ScanAsync on en0 (0x0)
12/23/2016 18:29:08.718 Async scan request completed for "locationd" (0)
12/23/2016 18:29:10.293 Device display is OFF
12/23/2016 18:29:21.420 External power source attached
12/23/2016 18:29:21.489 Device display is ON
12/23/2016 18:29:21.489 __WiFiManagerSetEnableState: state TRUE, manager->enable.setting TRUE, manager->unlockedSinceBoot TRUE
12/23/2016 18:29:21.489 Auto association attempt canceled because MIS is enabled. MIS client count: wifi=1 bt=0
12/23/2016 18:29:21.681 Async scan requested by "locationd" for 1 iterations with maxage=0 priority normal on en0
12/23/2016 18:29:21.681 Enqueuing command type: "Scan" pending commands: 0
12/23/2016 18:29:21.681 Dequeuing command type: "Scan" pending commands: 0
12/23/2016 18:29:21.681 Attempting Apple80211ScanAsync on en0
12/23/2016 18:29:21.839 Completed Apple80211ScanAsync on en0 (0x0)
12/23/2016 18:29:21.839 Async scan request completed for "locationd" (0)
12/23/2016 18:29:21.840 Async scan requested by "locationd" for 1 iterations with maxage=0 priority normal on en0
12/23/2016 18:29:21.840 Enqueuing command type: "Scan" pending commands: 0
12/23/2016 18:29:21.840 Dequeuing command type: "Scan" pending commands: 0
12/23/2016 18:29:21.840 Attempting Apple80211ScanAsync on en0
12/23/2016 18:29:22.225 Completed Apple80211ScanAsync on en0 (0x0)
12/23/2016 18:29:22.227 Async scan request completed for "locationd" (0)
12/23/2016 18:29:27.856 Device display is OFF
12/23/2016 18:29:27.856 Async scan requested by "locationd" for 1 iterations with maxage=0 priority normal on en0
12/23/2016 18:29:27.856 Enqueuing command type: "Scan" pending commands: 0
12/23/2016 18:29:27.856 Dequeuing command type: "Scan" pending commands: 0
12/23/2016 18:29:27.856 Attempting Apple80211ScanAsync on en0
12/23/2016 18:29:28.243 Completed Apple80211ScanAsync on en0 (0x0)
12/23/2016 18:29:28.245 Async scan request completed for "locationd" (0)
12/23/2016 18:29:31.666 __WiFiDeviceProcessDumpLogsEvent: Dump logs event received, dumped wifid log buffer to file
