12/19/2016 10:10:12.455 __WiFiManagerCellularTransmitCallback_block_invoke: Cellular Transmit Started = FALSE
12/19/2016 10:10:14.581 __WiFiManagerCellularTransmitCallback_block_invoke: Cellular Transmit Started = TRUE
12/19/2016 10:10:59.759 WiFiLocaleManagerCheckLocale: location service or wifi is off, set locale to default
12/19/2016 10:10:59.759 new locale:  , locale: 
12/19/2016 10:11:24.569 __WiFiDeviceProcessSTAArriveEvent: staNum 4
12/19/2016 10:11:24.569 WiFiAWDManagerSubmitMetric: metric container could not be generated for metric id <0x90006>
12/19/2016 10:11:24.569 MIS STA Associated: 4 associated clients
12/19/2016 10:11:24.580 WiFiDeviceManagerSetMISMaxStaNumber: Additional tethering clients allowed: 1
12/19/2016 10:11:24.592 WiFiAWDManagerSubmitMetric: metric container could not be generated for metric id <0x90005>
12/19/2016 10:11:24.592 MIS is already Enabled on ap1
12/19/2016 10:11:24.595 MIS Discovery is Disabled
12/19/2016 10:11:45.811 __WiFiDeviceProcessSTALeaveEvent: staNum 3
12/19/2016 10:11:45.818 MIS STA Disassociated: 3 associated clients
12/19/2016 10:11:45.823 WiFiDeviceManagerSetMISMaxStaNumber: Additional tethering clients allowed: 2
12/19/2016 10:11:45.835 MIS is already Enabled on ap1
12/19/2016 10:11:45.838 MIS Discovery is Disabled
12/19/2016 10:12:27.477 WoW is Disabled, 0 WoW Clients
12/19/2016 10:12:59.759 WiFiLocaleManagerCheckLocale: location service or wifi is off, set locale to default
12/19/2016 10:12:59.759 new locale:  , locale: 
12/19/2016 10:13:29.019 Client apsd set type to normal application
12/19/2016 10:13:29.020 __WiFiManagerSetEnableState: state TRUE, manager->enable.setting TRUE, manager->unlockedSinceBoot TRUE
12/19/2016 10:13:29.020 BG Application: Not Present, BG Daemon: Present. Daemons: mediaserverd 
12/19/2016 10:14:59.754 WiFiLocaleManagerCheckLocale: location service or wifi is off, set locale to default
12/19/2016 10:14:59.755 new locale:  , locale: 
12/19/2016 10:15:00.563 __WiFiDeviceProcessDumpLogsEvent: Dump logs event received, dumped wifid log buffer to file
