12/19/2016 15:00:20.602 __WiFiManagerCellularTransmitCallback_block_invoke: Cellular Transmit Started = TRUE
12/19/2016 15:00:39.162 __WiFiManagerCellularTransmitCallback_block_invoke: Cellular Transmit Started = FALSE
12/19/2016 15:00:51.765 __WiFiManagerCellularTransmitCallback_block_invoke: Cellular Transmit Started = TRUE
12/19/2016 15:00:53.480 WoW is Disabled, 0 WoW Clients
12/19/2016 15:00:59.464 WiFiLocaleManagerCheckLocale: location service or wifi is off, set locale to default
12/19/2016 15:00:59.464 new locale:  , locale: 
12/19/2016 15:01:01.881 __WiFiManagerCellularTransmitCallback_block_invoke: Cellular Transmit Started = FALSE
12/19/2016 15:01:20.895 __WiFiManagerCellularTransmitCallback_block_invoke: Cellular Transmit Started = TRUE
12/19/2016 15:01:34.205 __WiFiManagerCellularTransmitCallback_block_invoke: Cellular Transmit Started = FALSE
12/19/2016 15:01:44.397 __WiFiManagerCellularTransmitCallback_block_invoke: Cellular Transmit Started = TRUE
12/19/2016 15:02:06.840 __WiFiManagerCellularTransmitCallback_block_invoke: Cellular Transmit Started = FALSE
12/19/2016 15:02:53.133 __WiFiManagerCellularTransmitCallback_block_invoke: Cellular Transmit Started = TRUE
12/19/2016 15:02:59.460 WiFiLocaleManagerCheckLocale: location service or wifi is off, set locale to default
12/19/2016 15:02:59.460 new locale:  , locale: 
12/19/2016 15:03:10.848 __WiFiManagerCellularTransmitCallback_block_invoke: Cellular Transmit Started = FALSE
12/19/2016 15:03:43.162 __WiFiManagerCellularTransmitCallback_block_invoke: Cellular Transmit Started = TRUE
12/19/2016 15:04:31.166 __WiFiManagerCellularTransmitCallback_block_invoke: Cellular Transmit Started = FALSE
12/19/2016 15:04:59.464 WiFiLocaleManagerCheckLocale: location service or wifi is off, set locale to default
12/19/2016 15:04:59.464 new locale:  , locale: 
12/19/2016 15:05:00.473 __WiFiDeviceProcessDumpLogsEvent: Dump logs event received, dumped wifid log buffer to file
