12/19/2016 14:30:24.954 __WiFiDeviceProcessSTAArriveEvent: staNum 3
12/19/2016 14:30:24.955 WiFiAWDManagerSubmitMetric: metric container could not be generated for metric id <0x90006>
12/19/2016 14:30:24.955 MIS STA Associated: 3 associated clients
12/19/2016 14:30:24.966 WiFiDeviceManagerSetMISMaxStaNumber: Additional tethering clients allowed: 2
12/19/2016 14:30:24.979 WiFiAWDManagerSubmitMetric: metric container could not be generated for metric id <0x90005>
12/19/2016 14:30:24.979 MIS is already Enabled on ap1
12/19/2016 14:30:24.982 MIS Discovery is Disabled
12/19/2016 14:30:31.467 __WiFiDeviceProcessSTALeaveEvent: staNum 2
12/19/2016 14:30:31.475 MIS STA Disassociated: 2 associated clients
12/19/2016 14:30:31.480 WiFiDeviceManagerSetMISMaxStaNumber: Additional tethering clients allowed: 3
12/19/2016 14:30:31.492 MIS is already Enabled on ap1
12/19/2016 14:30:31.495 MIS Discovery is Disabled
12/19/2016 14:30:46.571 __WiFiManagerCellularTransmitCallback_block_invoke: Cellular Transmit Started = FALSE
12/19/2016 14:30:57.500 __WiFiManagerCellularTransmitCallback_block_invoke: Cellular Transmit Started = TRUE
12/19/2016 14:30:57.745 __WiFiManagerCellularTransmitCallback_block_invoke: Cellular Transmit Started = FALSE
12/19/2016 14:30:58.529 __WiFiManagerCellularTransmitCallback_block_invoke: Cellular Transmit Started = TRUE
12/19/2016 14:30:59.011 __WiFiManagerCellularTransmitCallback_block_invoke: Cellular Transmit Started = FALSE
12/19/2016 14:30:59.146 IPv4 Primary interface is (null) and IPv6 Primary Interface is (null)
12/19/2016 14:30:59.155 Enable WoW requested by "apsd"
12/19/2016 14:30:59.155 WoW Capable = YES, Attempting to enable WoW and disable LPAS 
12/19/2016 14:30:59.156 Setting WoW params to <CFBasicHash 0x14cd6ee40 [0x1a0950150]>{type = immutable dict, count = 3,
entries =>
	0 : <CFString 0x100175960 [0x1a0950150]>{contents = "IO80211InterfaceEnableLowPwrAssocMode"} = <CFBoolean 0x1a09506d8 [0x1a0950150]>{value = false}
	1 : <CFString 0x100175940 [0x1a0950150]>{contents = "IO80211InterfaceEnableWoW"} = <CFBoolean 0x1a09506c8 [0x1a0950150]>{value = true}
	2 : <CFString 0x100185ae0 [0x1a0950150]>{contents = "IO80211InterfaceEnableWoWOnCaptive"} = <CFBoolean 0x1a09506d8 [0x1a0950150]>{value = false}
}

12/19/2016 14:30:59.167 WiFiDeviceRequestAssociatedSleep: ActiveDuringSleepRequested is already removed ((null)).
12/19/2016 14:30:59.167 WoW Enabled by 1 Clients, lpas is Disabled, WoW Override is Disabled, Captive Disabled
12/19/2016 14:30:59.167 Unable to dispatch WowStateChanged message to client mediaserverd (268435460)
12/19/2016 14:30:59.168 Unable to dispatch WowStateChanged message to client itunesstored (268435460)
12/19/2016 14:30:59.169 Unable to dispatch WowStateChanged message to client dataaccessd (268435460)
12/19/2016 14:30:59.169 Unable to dispatch WowStateChanged message to client MobileMail (268435460)
12/19/2016 14:30:59.189 MIS is already Enabled on ap1
12/19/2016 14:30:59.193 MIS is already Enabled on ap1
12/19/2016 14:30:59.194 apsd[273] is a wow client
12/19/2016 14:30:59.194 WoW is Enabled, 1 WoW Clients
12/19/2016 14:30:59.195 apsd[273] is a wow client
12/19/2016 14:30:59.195 WoW is Enabled, 1 WoW Clients
12/19/2016 14:30:59.195 apsd[273] is a wow client
12/19/2016 14:30:59.196 WoW is Enabled, 1 WoW Clients
12/19/2016 14:30:59.196 MIS Discovery is Disabled
12/19/2016 14:30:59.208 Client MobileMail set type to background application
12/19/2016 14:30:59.208 __WiFiManagerSetEnableState: state TRUE, manager->enable.setting TRUE, manager->unlockedSinceBoot TRUE
12/19/2016 14:30:59.209 BG Application: Not Present, BG Daemon: Present. Daemons: MobileMail mediaserverd apsd 
12/19/2016 14:30:59.209 Auto association attempt canceled because MIS is enabled. MIS client count: wifi=2 bt=0
12/19/2016 14:30:59.548 WiFiLocaleManagerCheckLocale: location service or wifi is off, set locale to default
12/19/2016 14:30:59.548 new locale:  , locale: 
12/19/2016 14:31:00.147 __WiFiManagerCellularTransmitCallback_block_invoke: Cellular Transmit Started = TRUE
12/19/2016 14:31:02.959 IPv4 Primary interface is pdp_ip0 and IPv6 Primary Interface is (null)
12/19/2016 14:31:02.965 MIS is already Enabled on ap1
12/19/2016 14:31:02.971 MIS Discovery is Disabled
12/19/2016 14:31:36.492 __WiFiManagerCellularTransmitCallback_block_invoke: Cellular Transmit Started = FALSE
12/19/2016 14:31:38.774 __WiFiManagerCellularTransmitCallback_block_invoke: Cellular Transmit Started = TRUE
12/19/2016 14:32:02.935 Disable WoW requested by "apsd"
12/19/2016 14:32:02.935 WoW Capable = YES, Attempting to disable WoW and enable LPAS 
12/19/2016 14:32:02.936 Setting WoW params to <CFBasicHash 0x14cd5be00 [0x1a0950150]>{type = immutable dict, count = 3,
entries =>
	0 : <CFString 0x100175960 [0x1a0950150]>{contents = "IO80211InterfaceEnableLowPwrAssocMode"} = <CFBoolean 0x1a09506c8 [0x1a0950150]>{value = true}
	1 : <CFString 0x100175940 [0x1a0950150]>{contents = "IO80211InterfaceEnableWoW"} = <CFBoolean 0x1a09506d8 [0x1a0950150]>{value = false}
	2 : <CFString 0x100185ae0 [0x1a0950150]>{contents = "IO80211InterfaceEnableWoWOnCaptive"} = <CFBoolean 0x1a09506d8 [0x1a0950150]>{value = false}
}

12/19/2016 14:32:02.937 WiFiDeviceRequestAssociatedSleep: ActiveDuringSleepRequested is already removed ((null)).
12/19/2016 14:32:02.937 WoW Disabled, 0 WoW Clients, lpas is Enabled, WoW Override is Disabled, Captive Disabled
12/19/2016 14:32:02.937 Unable to dispatch WowStateChanged message to client mediaserverd (268435460)
12/19/2016 14:32:02.937 Unable to dispatch WowStateChanged message to client itunesstored (268435460)
12/19/2016 14:32:02.938 Unable to dispatch WowStateChanged message to client dataaccessd (268435460)
12/19/2016 14:32:02.938 Unable to dispatch WowStateChanged message to client MobileMail (268435460)
12/19/2016 14:32:02.939 WoW is Disabled, 0 WoW Clients
12/19/2016 14:32:02.939 WoW is Disabled, 0 WoW Clients
12/19/2016 14:32:02.942 WoW is Disabled, 0 WoW Clients
12/19/2016 14:32:07.949 Client MobileMail set type to normal application
12/19/2016 14:32:07.949 __WiFiManagerSetEnableState: state TRUE, manager->enable.setting TRUE, manager->unlockedSinceBoot TRUE
12/19/2016 14:32:07.950 BG Application: Not Present, BG Daemon: Present. Daemons: mediaserverd apsd 
12/19/2016 14:32:14.100 IPv4 Primary interface is pdp_ip0 and IPv6 Primary Interface is (null)
12/19/2016 14:32:14.103 IPv4 Primary interface is pdp_ip0 and IPv6 Primary Interface is (null)
12/19/2016 14:32:14.246 Enable WoW requested by "apsd"
12/19/2016 14:32:14.252 WoW Capable = YES, Attempting to enable WoW and disable LPAS 
12/19/2016 14:32:14.252 Setting WoW params to <CFBasicHash 0x14ce63920 [0x1a0950150]>{type = immutable dict, count = 3,
entries =>
	0 : <CFString 0x100175960 [0x1a0950150]>{contents = "IO80211InterfaceEnableLowPwrAssocMode"} = <CFBoolean 0x1a09506d8 [0x1a0950150]>{value = false}
	1 : <CFString 0x100175940 [0x1a0950150]>{contents = "IO80211InterfaceEnableWoW"} = <CFBoolean 0x1a09506c8 [0x1a0950150]>{value = true}
	2 : <CFString 0x100185ae0 [0x1a0950150]>{contents = "IO80211InterfaceEnableWoWOnCaptive"} = <CFBoolean 0x1a09506d8 [0x1a0950150]>{value = false}
}

12/19/2016 14:32:14.253 WiFiDeviceRequestAssociatedSleep: ActiveDuringSleepRequested is already removed ((null)).
12/19/2016 14:32:14.253 WoW Enabled by 1 Clients, lpas is Disabled, WoW Override is Disabled, Captive Disabled
12/19/2016 14:32:14.253 Unable to dispatch WowStateChanged message to client mediaserverd (268435460)
12/19/2016 14:32:14.254 Unable to dispatch WowStateChanged message to client itunesstored (268435460)
12/19/2016 14:32:14.254 Unable to dispatch WowStateChanged message to client dataaccessd (268435460)
12/19/2016 14:32:14.255 Unable to dispatch WowStateChanged message to client MobileMail (268435460)
12/19/2016 14:32:14.256 Low bw cellular data available, so WiFi would stay connected under low signal quality
12/19/2016 14:32:14.256 WiFiLQAMgrSetWiFiFallBackPref: LQAManager WiFiFallBackPreference enabled 
12/19/2016 14:32:14.257 apsd[273] is a wow client
12/19/2016 14:32:14.257 WoW is Enabled, 1 WoW Clients
12/19/2016 14:32:14.263 apsd[273] is a wow client
12/19/2016 14:32:14.263 WoW is Enabled, 1 WoW Clients
12/19/2016 14:32:14.263 apsd[273] is a wow client
12/19/2016 14:32:14.263 WoW is Enabled, 1 WoW Clients
12/19/2016 14:32:14.289 Client MobileMail set type to background application
12/19/2016 14:32:14.289 __WiFiManagerSetEnableState: state TRUE, manager->enable.setting TRUE, manager->unlockedSinceBoot TRUE
12/19/2016 14:32:14.290 BG Application: Not Present, BG Daemon: Present. Daemons: MobileMail mediaserverd apsd 
12/19/2016 14:32:14.290 Auto association attempt canceled because MIS is enabled. MIS client count: wifi=2 bt=0
12/19/2016 14:32:24.102 __WiFiManagerCellularTransmitCallback_block_invoke: Cellular Transmit Started = FALSE
12/19/2016 14:32:24.114 DeviceClient["WirelessRadioMan"] setCoexParameters["MWS_Coex_Enabled_Channels"] = <CFArray 0x14cd5f040 [0x1a0950150]>{type = mutable-small, count = 1, values = (
	0 : <CFBasicHash 0x14cd303b0 [0x1a0950150]>{type = mutable dict, count = 1,
entries =>
	2 : <CFString 0x14cd66740 [0x1a0950150]>{contents = "MWS_Channel_Number"} = <CFNumber 0xb000000000000003 [0x1a0950150]>{value = +0, type = kCFNumberSInt64Type}
}

)}
12/19/2016 14:32:24.115 DeviceClient["WirelessRadioMan"] setCoexParameters["MWS_Blacklisted_Channels"] = <CFArray 0x14cd317e0 [0x1a0950150]>{type = mutable-small, count = 4, values = (
	0 : <CFBasicHash 0x14cd66740 [0x1a0950150]>{type = mutable dict, count = 1,
entries =>
	2 : <CFString 0x14cd303b0 [0x1a0950150]>{contents = "MWS_Channel_Number"} = <CFNumber 0xb0000000000000a3 [0x1a0950150]>{value = +10, type = kCFNumberSInt64Type}
}

	1 : <CFBasicHash 0x14cd635b0 [0x1a0950150]>{type = mutable dict, count = 1,
entries =>
	2 : <CFString 0x14cd303b0 [0x1a0950150]>{contents = "MWS_Channel_Number"} = <CFNumber 0xb0000000000000b3 [0x1a0950150]>{value = +11, type = kCFNumberSInt64Type}
}

	2 : <CFBasicHash 0x14cd745c0 [0x1a0950150]>{type = mutable dict, count = 1,
entries =>
	2 : <CFString 0x14cd303b0 [0x1a0950150]>{contents = "MWS_Channel_Number"} = <CFNumber 0xb0000000000000c3 [0x1a0950150]>{value = +12, type = kCFNumberSInt64Type}
}

	3 : <CFBasicHash 0x14cd6ee40 [0x1a0950150]>{type = mutable dict, count = 1,
entries =>
	2 : <CFString 0x14cd303b0 [0x1a0950150]>{contents = "MWS_Channel_Number"} = <CFNumber 0xb0000000000000d3 [0x1a0950150]>{value = +13, type = kCFNumberSInt64Type}
}

)}
12/19/2016 14:32:24.116 DeviceClient["WirelessRadioMan"] setCoexParameters["MWS_WLAN_RX_PRI_THRESHOLD"] = 0
12/19/2016 14:32:24.317 __WiFiManagerCellularTransmitCallback_block_invoke: Cellular Transmit Started = TRUE
12/19/2016 14:32:27.300 __WiFiManagerCellularTransmitCallback_block_invoke: Cellular Transmit Started = FALSE
12/19/2016 14:32:31.654 __WiFiManagerCellularTransmitCallback_block_invoke: Cellular Transmit Started = TRUE
12/19/2016 14:32:32.178 __WiFiManagerCellularTransmitCallback_block_invoke: Cellular Transmit Started = FALSE
12/19/2016 14:32:59.131 IPv4 Primary interface is (null) and IPv6 Primary Interface is (null)
12/19/2016 14:32:59.148 MIS is already Enabled on ap1
12/19/2016 14:32:59.156 MIS is already Enabled on ap1
12/19/2016 14:32:59.157 MIS Discovery is Disabled
12/19/2016 14:32:59.548 WiFiLocaleManagerCheckLocale: location service or wifi is off, set locale to default
12/19/2016 14:32:59.548 new locale:  , locale: 
12/19/2016 14:33:09.868 __WiFiDeviceProcessSTALeaveEvent: staNum 1
12/19/2016 14:33:09.875 MIS STA Disassociated: 1 associated clients
12/19/2016 14:33:09.880 WiFiDeviceManagerSetMISMaxStaNumber: Additional tethering clients allowed: 4
12/19/2016 14:33:09.888 MIS is already Enabled on ap1
12/19/2016 14:33:09.891 MIS Discovery is Disabled
12/19/2016 14:33:18.208 __WiFiManagerCellularTransmitCallback_block_invoke: Cellular Transmit Started = TRUE
12/19/2016 14:33:21.977 __WiFiManagerCellularTransmitCallback_block_invoke: Cellular Transmit Started = FALSE
12/19/2016 13:33:22.413 DeviceClient["WirelessRadioMan"] setCoexParameters["MWS_Blacklisted_Channels"] = <CFArray 0x14cd67d20 [0x1a0950150]>{type = mutable-small, count = 10, values = (
	0 : <CFBasicHash 0x14cd7dd30 [0x1a0950150]>{type = mutable dict, count = 1,
entries =>
	2 : <CFString 0x14cd70940 [0x1a0950150]>{contents = "MWS_Channel_Number"} = <CFNumber 0xb000000000000013 [0x1a0950150]>{value = +1, type = kCFNumberSInt64Type}
}

	1 : <CFBasicHash 0x14cd39bd0 [0x1a0950150]>{type = mutable dict, count = 1,
entries =>
	2 : <CFString 0x14cd70940 [0x1a0950150]>{contents = "MWS_Channel_Number"} = <CFNumber 0xb000000000000023 [0x1a0950150]>{value = +2, type = kCFNumberSInt64Type}
}

	2 : <CFBasicHash 0x14cd6ad60 [0x1a0950150]>{type = mutable dict, count = 1,
entries =>
	2 : <CFString 0x14cd70940 [0x1a0950150]>{contents = "MWS_Channel_Number"} = <CFNumber 0xb000000000000033 [0x1a0950150]>{value = +3, type = kCFNumberSInt64Type}
}

	3 : <CFBasicHash 0x14cd325a0 [0x1a0950150]>{type = mutable dict, count = 1,
entries =>
	2 : <CFString 0x14cd70940 [0x1a0950150]>{contents = "MWS_Channel_Number"} = <CFNumber 0xb000000000000043 [0x1a0950150]>{value = +4, type = kCFNumberSInt64Type}
}

	4 : <CFBasicHash 0x14cd61f00 [0x1a0950150]>{type = mutable dict, count = 1,
entries =>
	2 : <CFString 0x14cd70940 [0x1a0950150]>{contents = "MWS_Channel_Number"} = <CFNumber 0xb000000000000053 [0x1a0950150]>{value = +5, type = kCFNumberSInt64Type}
}

	5 : <CFBasicHash 0x14cd0cc60 [0x1a0950150]>{type = mutable dict, count = 1,
entries =>
	2 : <CFString 0x14cd70940 [0x1a0950150]>{contents = "MWS_Channel_Number"} = <CFNumber 0xb000000000000063 [0x1a0950150]>{value = +6, type = kCFNumberSInt64Type}
}

	6 : <CFBasicHash 0x14cd5bc90 [0x1a0950150]>{type = mutable dict, count = 1,
entries =>
	2 : <CFString 0x14cd70940 [0x1a0950150]>{contents = "MWS_Channel_Number"} = <CFNumber 0xb000000000000073 [0x1a0950150]>{value = +7, type = kCFNumberSInt64Type}
}

	7 : <CFBasicHash 0x14cd37f10 [0x1a0950150]>{type = mutable dict, count = 1,
entries =>
	2 : <CFString 0x14cd70940 [0x1a0950150]>{contents = "MWS_Channel_Number"} = <CFNumber 0xb000000000000083 [0x1a0950150]>{value = +8, type = kCFNumberSInt64Type}
}

	8 : <CFBasicHash 0x14cd32840 [0x1a0950150]>{type = mutable dict, count = 1,
entries =>
	2 : <CFString 0x14cd70940 [0x1a0950150]>{contents = "MWS_Channel_Number"} = <CFNumber 0xb000000000000093 [0x1a0950150]>{value = +9, type = kCFNumberSInt64Type}
}

	9 : <CFBasicHash 0x14cd30ae0 [0x1a0950150]>{type = mutable dict, count = 1,
entries =>
	2 : <CFString 0x14cd70940 [0x1a0950150]>{contents = "MWS_Channel_Number"} = <CFNumber 0xb0000000000000a3 [0x1a0950150]>{value = +10, type = kCFNumberSInt64Type}
}

)}
12/19/2016 13:33:22.465 __WiFiManagerCellularTransmitCallback_block_invoke: Cellular Transmit Started = TRUE
12/19/2016 13:33:26.322 IPv4 Primary interface is pdp_ip0 and IPv6 Primary Interface is (null)
12/19/2016 13:33:26.326 IPv4 Primary interface is pdp_ip0 and IPv6 Primary Interface is (null)
12/19/2016 13:33:26.334 MIS is already Enabled on ap1
12/19/2016 13:33:26.350 IPv4 Primary interface is pdp_ip0 and IPv6 Primary Interface is (null)
12/19/2016 13:33:26.353 MIS Discovery is Disabled
12/19/2016 13:33:26.443 MIS is already Enabled on ap1
12/19/2016 13:33:26.449 MIS is already Enabled on ap1
12/19/2016 13:33:26.450 IPv4 Primary interface is (null) and IPv6 Primary Interface is (null)
12/19/2016 13:33:26.451 MIS Discovery is Disabled
12/19/2016 13:33:28.720 __WiFiManagerCellularTransmitCallback_block_invoke: Cellular Transmit Started = FALSE
12/19/2016 13:33:32.058 __WiFiManagerCellularTransmitCallback_block_invoke: Cellular Transmit Started = TRUE
12/19/2016 13:33:33.495 High bw cellular data available, so WiFi would disconnect under low signal quality
12/19/2016 13:33:33.496 WiFiLQAMgrSetWiFiFallBackPref: LQAManager WiFiFallBackPreference disabled 
12/19/2016 13:33:41.347 apsd[273] is a wow client
12/19/2016 13:33:41.347 WoW is Enabled, 1 WoW Clients
12/19/2016 13:33:47.867 __WiFiManagerCellularTransmitCallback_block_invoke: Cellular Transmit Started = FALSE
12/19/2016 13:33:52.641 __WiFiManagerCellularTransmitCallback_block_invoke: Cellular Transmit Started = TRUE
12/19/2016 13:33:54.688 IPv4 Primary interface is pdp_ip0 and IPv6 Primary Interface is (null)
12/19/2016 13:33:54.748 MIS is already Enabled on ap1
12/19/2016 13:33:54.751 MIS Discovery is Disabled
12/19/2016 13:34:35.392 __WiFiManagerCellularTransmitCallback_block_invoke: Cellular Transmit Started = FALSE
12/19/2016 13:34:54.719 Disable WoW requested by "apsd"
12/19/2016 13:34:54.719 WoW Capable = YES, Attempting to disable WoW and enable LPAS 
12/19/2016 13:34:54.719 Setting WoW params to <CFBasicHash 0x14cd35bb0 [0x1a0950150]>{type = immutable dict, count = 3,
entries =>
	0 : <CFString 0x100175960 [0x1a0950150]>{contents = "IO80211InterfaceEnableLowPwrAssocMode"} = <CFBoolean 0x1a09506c8 [0x1a0950150]>{value = true}
	1 : <CFString 0x100175940 [0x1a0950150]>{contents = "IO80211InterfaceEnableWoW"} = <CFBoolean 0x1a09506d8 [0x1a0950150]>{value = false}
	2 : <CFString 0x100185ae0 [0x1a0950150]>{contents = "IO80211InterfaceEnableWoWOnCaptive"} = <CFBoolean 0x1a09506d8 [0x1a0950150]>{value = false}
}

12/19/2016 13:34:54.721 WiFiDeviceRequestAssociatedSleep: ActiveDuringSleepRequested is already removed ((null)).
12/19/2016 13:34:54.721 WoW Disabled, 0 WoW Clients, lpas is Enabled, WoW Override is Disabled, Captive Disabled
12/19/2016 13:34:54.721 Unable to dispatch WowStateChanged message to client mediaserverd (268435460)
12/19/2016 13:34:54.721 Unable to dispatch WowStateChanged message to client itunesstored (268435460)
12/19/2016 13:34:54.722 Unable to dispatch WowStateChanged message to client dataaccessd (268435460)
12/19/2016 13:34:54.722 Unable to dispatch WowStateChanged message to client MobileMail (268435460)
12/19/2016 13:34:54.723 WoW is Disabled, 0 WoW Clients
12/19/2016 13:34:54.723 WoW is Disabled, 0 WoW Clients
12/19/2016 13:34:54.726 WoW is Disabled, 0 WoW Clients
12/19/2016 13:34:59.509 WiFiLocaleManagerCheckLocale: location service or wifi is off, set locale to default
12/19/2016 13:34:59.509 new locale:  , locale: 
12/19/2016 13:34:59.723 Client apsd set type to normal application
12/19/2016 13:34:59.723 __WiFiManagerSetEnableState: state TRUE, manager->enable.setting TRUE, manager->unlockedSinceBoot TRUE
12/19/2016 13:34:59.723 BG Application: Not Present, BG Daemon: Present. Daemons: MobileMail mediaserverd 
12/19/2016 13:34:59.723 Client MobileMail set type to normal application
12/19/2016 13:34:59.723 __WiFiManagerSetEnableState: state TRUE, manager->enable.setting TRUE, manager->unlockedSinceBoot TRUE
12/19/2016 13:34:59.723 BG Application: Not Present, BG Daemon: Present. Daemons: mediaserverd 
12/19/2016 13:35:00.464 __WiFiDeviceProcessDumpLogsEvent: Dump logs event received, dumped wifid log buffer to file
