12/27/2016 23:25:40.768 Power stats update: Type 0x6 UnassociatedSleepDur 0 AssociatedSleepDur 733800 TotalDur 742907 RoamDur 0
12/27/2016 23:25:40.768 WiFiAWDManagerSubmitMetric: metric container could not be generated for metric id <0x90010>
12/27/2016 23:25:40.821 __WiFiDeviceManagerAwdlAvailableCallback: AWDL availability changed to TRUE
12/27/2016 23:25:40.823 __WiFiLQAMgrLogStats: Rssi: -64 Cca: 30 TxPer: 0.0% (0) BcnPer: 0.0% (0) RxFrms 0 TxRate: 0 RxRate: 0
12/27/2016 23:25:40.829 __WiFiDeviceCopyLinkChangedSubReasonString: Apple80211ReturnToString failed 1
12/27/2016 23:25:40.829 __WiFiDeviceProcessDriverAvailableEvent: driver availability true, reason Initializing(0xe0821803), subreason (null)(0x0)
12/27/2016 23:25:40.829 __WiFiManagerDispatchDeviceAvailable: driver availability true

12/27/2016 23:25:40.842 Unable to dispatch message to client MessagesViewServ (268435460)
12/27/2016 23:25:40.843 __WiFiDeviceManagerAutoAssociate: Already connected to DIGI-146A.
12/27/2016 23:25:40.843 WiFiAWDManagerSubmitMetric: metric container could not be generated for metric id <0x9000e>
12/27/2016 23:25:40.843 __WiFiLocationServiceManagerEventCallback, got cb dict {
    eventType = 0;
    location = "<+44.42594660,+26.13608179> +/- 65.00m (speed -1.00 mps / course -1.00) @ 12/27/16, 11:09:53 PM Eastern European Standard Time";
}
12/27/2016 23:25:40.845 WiFiLocationServiceManagerIsLocationValid: cachedLocationTimeout 120.000000 location age 947.447626secs, lifeSpan -1.000000 accuracy 65.000000(highAccReq 1), isValid 1
12/27/2016 23:25:40.845 WiFiLocationServiceManagerIsLocationValid: cachedLocationTimeout 120.000000 location age 947.447688secs, lifeSpan -1.000000 accuracy 65.000000(highAccReq 0), isValid 1
12/27/2016 23:25:40.845 __WiFiLocationServiceManagerProcessLocationAvailableEvent: isValidHighAccuracyLocation 1,  isValidLowAccuracyLocation 1
12/27/2016 23:25:40.860 __WiFiDeviceManagerAutoAssociate: Already connected to DIGI-146A.
12/27/2016 23:25:40.861 No Change in Background Scan Networks, Skip Re-Programming Background Scan

12/27/2016 23:25:40.926 __WiFiManagerCellularTransmitCallback_block_invoke: Cellular Transmit Started = FALSE
12/27/2016 23:25:41.335 Disable WoW requested by "apsd"
12/27/2016 23:25:41.343 WoW Capable = YES, Attempting to disable WoW and enable LPAS 
12/27/2016 23:25:41.343 Setting WoW params to <CFBasicHash 0x14cfd9270 [0x1a0950150]>{type = immutable dict, count = 3,
entries =>
	0 : <CFString 0x100175960 [0x1a0950150]>{contents = "IO80211InterfaceEnableLowPwrAssocMode"} = <CFBoolean 0x1a09506c8 [0x1a0950150]>{value = true}
	1 : <CFString 0x100175940 [0x1a0950150]>{contents = "IO80211InterfaceEnableWoW"} = <CFBoolean 0x1a09506d8 [0x1a0950150]>{value = false}
	2 : <CFString 0x100185ae0 [0x1a0950150]>{contents = "IO80211InterfaceEnableWoWOnCaptive"} = <CFBoolean 0x1a09506d8 [0x1a0950150]>{value = false}
}

12/27/2016 23:25:41.345 WiFiDeviceRequestAssociatedSleep: ActiveDuringSleepRequested is already set (<CFBasicHash 0x14ceab100 [0x1a0950150]>{type = immutable dict, count = 0,
entries =>
}
).
12/27/2016 23:25:41.345 WoW Disabled, 0 WoW Clients, lpas is Enabled, WoW Override is Disabled, Captive Disabled
12/27/2016 23:25:41.346 Unable to dispatch WowStateChanged message to client dataaccessd (268435460)
12/27/2016 23:25:41.349 Unable to dispatch WowStateChanged message to client itunesstored (268435460)
12/27/2016 23:25:41.349 Unable to dispatch WowStateChanged message to client mediaserverd (268435460)
12/27/2016 23:25:41.349 Unable to dispatch WowStateChanged message to client MobileMail (268435460)
12/27/2016 23:25:41.350 Unable to dispatch WowStateChanged message to client MessagesViewServ (268435460)
12/27/2016 23:25:41.351 Unable to dispatch WowStateChanged message to client assistantd (268435460)
12/27/2016 23:25:41.352 WoW is Disabled, 0 WoW Clients
12/27/2016 23:25:41.353 WoW is Disabled, 0 WoW Clients
12/27/2016 23:25:41.353 WoW is Disabled, 0 WoW Clients
12/27/2016 23:25:41.356 WiFiLocaleManagerCheckLocale: trying to determine locale...
12/27/2016 23:25:41.356 WiFiManagerCoreLocationGetCachedLocation: getting cached location...
12/27/2016 23:25:41.357 __WiFiLocaleManagerGetLocaleFromMcc: finding iso country code for mcc 226 ....
12/27/2016 23:25:41.357 WiFiLocationServiceManagerIsLocationValid: cachedLocationTimeout 120.000000 location age 947.960151secs, lifeSpan -1.000000 accuracy 65.000000(highAccReq 0), isValid 1
12/27/2016 23:25:41.357 WiFiLocationServiceManagerStartLowAccuracyMonitoring: Cached low accuracy location is valid
12/27/2016 23:25:41.357 WiFiLocationServiceManagerIsLocationValid: cachedLocationTimeout 120.000000 location age 947.960268secs, lifeSpan -1.000000 accuracy 65.000000(highAccReq 1), isValid 1
12/27/2016 23:25:41.357 WiFiLocationServiceManagerIsLocationValid: cachedLocationTimeout 120.000000 location age 947.960319secs, lifeSpan -1.000000 accuracy 65.000000(highAccReq 0), isValid 1
12/27/2016 23:25:41.357 __WiFiLocationServiceManagerProcessLocationAvailableEvent: isValidHighAccuracyLocation 1,  isValidLowAccuracyLocation 1
12/27/2016 23:25:41.358 __WiFiLocationServiceManagerProcessLocationAvailableEvent: give low accuracy callback
12/27/2016 23:25:41.359 __WiFiLocaleManagerGetLocaleFromLocation: <+44.42594660,+26.13608179> +/- 65.00m (speed -1.00 mps / course -1.00) @ 12/27/16, 11:09:53 PM Eastern European Standard Time
12/27/2016 23:25:41.359 locale from bounding box 
12/27/2016 23:25:41.359 new locale:  , locale: 
12/27/2016 23:25:41.359 Stopping Low Accuracy Location Monitoring
12/27/2016 23:25:41.359 CLMonitoring is already stopped
12/27/2016 23:25:41.359 Stopping Low Accuracy Location Monitoring
12/27/2016 23:25:41.359 CLMonitoring is already stopped
12/27/2016 23:25:41.361 __WiFiLocationServiceManagerEventCallback, got cb dict {
    eventType = 0;
    location = "<+44.42594660,+26.13608179> +/- 65.00m (speed -1.00 mps / course -1.00) @ 12/27/16, 11:09:53 PM Eastern European Standard Time";
}
12/27/2016 23:25:41.362 WiFiLocationServiceManagerIsLocationValid: cachedLocationTimeout 120.000000 location age 947.964410secs, lifeSpan -1.000000 accuracy 65.000000(highAccReq 1), isValid 1
12/27/2016 23:25:41.362 WiFiLocationServiceManagerIsLocationValid: cachedLocationTimeout 120.000000 location age 947.964472secs, lifeSpan -1.000000 accuracy 65.000000(highAccReq 0), isValid 1
12/27/2016 23:25:41.362 __WiFiLocationServiceManagerProcessLocationAvailableEvent: isValidHighAccuracyLocation 1,  isValidLowAccuracyLocation 1
12/27/2016 23:25:41.426 WoW is Disabled, 0 WoW Clients
12/27/2016 23:25:42.073 Async scan requested by "locationd" for 1 iterations with maxage=0 priority normal on en0
12/27/2016 23:25:42.073 Enqueuing command type: "Scan" pending commands: 0
12/27/2016 23:25:42.073 Dequeuing command type: "Scan" pending commands: 0
12/27/2016 23:25:42.073 Attempting Apple80211ScanAsync on en0
12/27/2016 23:25:42.283 Completed Apple80211ScanAsync on en0 (0x0)
12/27/2016 23:25:42.288 Async scan request completed for "locationd" (0)
12/27/2016 23:25:42.290 Async scan requested by "locationd" for 1 iterations with maxage=0 priority normal on en0
12/27/2016 23:25:42.291 Enqueuing command type: "Scan" pending commands: 0
12/27/2016 23:25:42.291 Dequeuing command type: "Scan" pending commands: 0
12/27/2016 23:25:42.291 Attempting Apple80211ScanAsync on en0
12/27/2016 23:25:42.737 Completed Apple80211ScanAsync on en0 (0x0)
12/27/2016 23:25:42.740 Async scan request completed for "locationd" (0)
12/27/2016 23:25:46.061 Async scan requested by "locationd" for 1 iterations with maxage=0 priority low on en0
12/27/2016 23:25:46.061 Enqueuing command type: "Scan" pending commands: 0
12/27/2016 23:25:46.061 Dequeuing command type: "Scan" pending commands: 0
12/27/2016 23:25:46.061 Attempting Apple80211ScanAsync on en0
12/27/2016 23:25:46.236 Client apsd set type to normal application
12/27/2016 23:25:46.236 __WiFiManagerSetEnableState: state TRUE, manager->enable.setting TRUE, manager->unlockedSinceBoot TRUE
12/27/2016 23:25:46.236 BG Application: Not Present, BG Daemon: Present. Daemons: mediaserverd 
12/27/2016 23:25:46.508 Completed Apple80211ScanAsync on en0 (0x0)
12/27/2016 23:25:46.510 Async scan request completed for "locationd" (0)
12/27/2016 23:25:50.626 __WiFiLQAMgrLogStats: Rssi: -64 Cca: 45 TxPer: 0.0% (2) BcnPer: 4.2% (48) RxFrms 85 TxRate: 39000 RxRate: 58500
12/27/2016 23:25:55.630 __WiFiLQAMgrLogStats: Rssi: -60 Cca: 69 TxPer: 0.0% (1) BcnPer: 0.0% (50) RxFrms 37 TxRate: 39000 RxRate: 58500
12/27/2016 23:26:00.515 scanCache: Purging scan cache
12/27/2016 23:26:00.639 __WiFiLQAMgrLogStats: Rssi: -68 Cca: 69 TxPer: 0.0% (0) BcnPer: 0.0% (50) RxFrms 2 TxRate: 39000 RxRate: 58500
12/27/2016 23:26:02.211 Received kIOMessageSystemWillSleep
12/27/2016 23:26:02.212 System Sleep notification, Disabling auto-join
12/27/2016 23:26:02.212 __WiFiManagerSetEnableState: state FALSE, manager->enable.setting TRUE, manager->unlockedSinceBoot TRUE
12/27/2016 23:26:02.212 Disabling automatic association
12/27/2016 23:26:02.245 WoW is Disabled, 0 WoW Clients
12/27/2016 23:26:02.364 __WiFiDeviceCopyLinkChangedSubReasonString: Apple80211ReturnToString failed 1
12/27/2016 23:26:02.364 __WiFiDeviceProcessDriverAvailableEvent: driver availability false, reason PowerOff(0xe0821804), subreason (null)(0x0)
12/27/2016 23:26:02.364 __WiFiManagerDispatchDeviceAvailable: driver availability false

12/27/2016 23:26:02.364 Unable to dispatch message to client MessagesViewServ (268435460)
12/27/2016 23:26:02.365 WiFiAWDManagerSubmitMetric: metric container could not be generated for metric id <0x9000e>
12/27/2016 23:26:02.368 __WiFiDeviceManagerAwdlAvailableCallback: AWDL availability changed to FALSE
12/27/2016 23:26:02.370 WoW is Disabled, 0 WoW Clients
12/27/2016 23:31:03.452 Received kIOMessageSystemWillPowerOn
12/27/2016 23:31:03.452 System wake reason: AOP.ExternalReq wlan
12/27/2016 23:31:03.452 System Powered ON notification Re-enabling auto-join
12/27/2016 23:31:03.452 __WiFiManagerSetEnableState: state TRUE, manager->enable.setting TRUE, manager->unlockedSinceBoot TRUE
12/27/2016 23:31:03.452 Enabling automatic association
12/27/2016 23:31:03.452 __WiFiDeviceManagerAutoAssociate: Already connected to DIGI-146A.
12/27/2016 23:31:03.452 WiFiLocaleManagerCheckLocale: trying to determine locale...
12/27/2016 23:31:03.452 WiFiManagerCoreLocationGetCachedLocation: getting cached location...
12/27/2016 23:31:03.463 __WiFiLocaleManagerGetLocaleFromMcc: finding iso country code for mcc 226 ....
12/27/2016 23:31:03.463 WiFiLocationServiceManagerIsLocationValid: cachedLocationTimeout 120.000000 location age 1270.066104secs, lifeSpan -1.000000 accuracy 65.000000(highAccReq 0), isValid 1
12/27/2016 23:31:03.463 WiFiLocationServiceManagerStartLowAccuracyMonitoring: Cached low accuracy location is valid
12/27/2016 23:31:03.463 WiFiLocationServiceManagerIsLocationValid: cachedLocationTimeout 120.000000 location age 1270.066294secs, lifeSpan -1.000000 accuracy 65.000000(highAccReq 1), isValid 1
12/27/2016 23:31:03.469 WiFiLocationServiceManagerIsLocationValid: cachedLocationTimeout 120.000000 location age 1270.071694secs, lifeSpan -1.000000 accuracy 65.000000(highAccReq 0), isValid 1
12/27/2016 23:31:03.469 __WiFiLocationServiceManagerProcessLocationAvailableEvent: isValidHighAccuracyLocation 1,  isValidLowAccuracyLocation 1
12/27/2016 23:31:03.469 __WiFiLocationServiceManagerProcessLocationAvailableEvent: give low accuracy callback
12/27/2016 23:31:03.471 __WiFiLocaleManagerGetLocaleFromLocation: <+44.42594660,+26.13608179> +/- 65.00m (speed -1.00 mps / course -1.00) @ 12/27/16, 11:09:53 PM Eastern European Standard Time
12/27/2016 23:31:03.471 locale from bounding box 
12/27/2016 23:31:03.471 new locale:  , locale: 
12/27/2016 23:31:03.471 Stopping Low Accuracy Location Monitoring
12/27/2016 23:31:03.471 CLMonitoring is already stopped
12/27/2016 23:31:03.472 Stopping Low Accuracy Location Monitoring
12/27/2016 23:31:03.472 CLMonitoring is already stopped
12/27/2016 23:31:03.472 __WiFiDeviceProcessDumpLogsEvent: Dump logs event received, dumped wifid log buffer to file
