12/23/2016 15:44:33.236 __WiFiManagerCellularTransmitCallback_block_invoke: Cellular Transmit Started = TRUE
12/23/2016 15:44:44.657 WiFiLocaleManagerCheckLocale: trying to determine locale...
12/23/2016 15:44:44.657 WiFiManagerCoreLocationGetCachedLocation: getting cached location...
12/23/2016 15:44:44.679 __WiFiLocaleManagerGetLocaleFromMcc: finding iso country code for mcc 232 ....
12/23/2016 15:44:44.679 WiFiLocationServiceManagerIsLocationValid: cachedLocationTimeout 120.000000 location age 171.533480secs, lifeSpan -1.000000 accuracy 65.000000(highAccReq 0), isValid 1
12/23/2016 15:44:44.679 WiFiLocationServiceManagerStartLowAccuracyMonitoring: Cached low accuracy location is valid
12/23/2016 15:44:44.679 WiFiLocationServiceManagerIsLocationValid: cachedLocationTimeout 120.000000 location age 171.533619secs, lifeSpan -1.000000 accuracy 65.000000(highAccReq 1), isValid 1
12/23/2016 15:44:44.679 WiFiLocationServiceManagerIsLocationValid: cachedLocationTimeout 120.000000 location age 171.533673secs, lifeSpan -1.000000 accuracy 65.000000(highAccReq 0), isValid 1
12/23/2016 15:44:44.679 __WiFiLocationServiceManagerProcessLocationAvailableEvent: isValidHighAccuracyLocation 1,  isValidLowAccuracyLocation 1
12/23/2016 15:44:44.679 __WiFiLocationServiceManagerProcessLocationAvailableEvent: give low accuracy callback
12/23/2016 15:44:44.680 __WiFiLocaleManagerGetLocaleFromLocation: <+47.97742204,+16.84843552> +/- 65.00m (speed -1.00 mps / course -1.00) @ 12/23/16, 3:41:53 PM Central European Standard Time
12/23/2016 15:44:44.680 locale from bounding box 
12/23/2016 15:44:44.680 new locale:  , locale: 
12/23/2016 15:44:44.680 Stopping Low Accuracy Location Monitoring
12/23/2016 15:44:44.681 CLMonitoring is already stopped
12/23/2016 15:44:44.681 Stopping Low Accuracy Location Monitoring
12/23/2016 15:44:44.681 CLMonitoring is already stopped
12/23/2016 15:44:44.681 __WiFiLocationServiceManagerEventCallback, got cb dict {
    eventType = 0;
    location = "<+47.97742204,+16.84843552> +/- 65.00m (speed -1.00 mps / course -1.00) @ 12/23/16, 3:41:53 PM Central European Standard Time";
}
12/23/2016 15:44:44.681 WiFiLocationServiceManagerIsLocationValid: cachedLocationTimeout 120.000000 location age 171.535765secs, lifeSpan -1.000000 accuracy 65.000000(highAccReq 1), isValid 1
12/23/2016 15:44:44.681 WiFiLocationServiceManagerIsLocationValid: cachedLocationTimeout 120.000000 location age 171.535818secs, lifeSpan -1.000000 accuracy 65.000000(highAccReq 0), isValid 1
12/23/2016 15:44:44.681 __WiFiLocationServiceManagerProcessLocationAvailableEvent: isValidHighAccuracyLocation 1,  isValidLowAccuracyLocation 1
12/23/2016 15:45:00.307 __WiFiManagerCellularTransmitCallback_block_invoke: Cellular Transmit Started = FALSE
12/23/2016 15:45:09.044 __WiFiManagerCellularTransmitCallback_block_invoke: Cellular Transmit Started = TRUE
12/23/2016 15:45:12.170 __WiFiManagerCellularTransmitCallback_block_invoke: Cellular Transmit Started = FALSE
12/23/2016 15:45:18.186 __WiFiManagerCellularTransmitCallback_block_invoke: Cellular Transmit Started = TRUE
12/23/2016 15:45:20.538 __WiFiManagerCellularTransmitCallback_block_invoke: Cellular Transmit Started = FALSE
12/23/2016 15:45:20.583 Low bw cellular data available, so WiFi would stay connected under low signal quality
12/23/2016 15:45:20.585 WiFiLQAMgrSetWiFiFallBackPref: LQAManager WiFiFallBackPreference enabled 
12/23/2016 15:45:20.922 DeviceClient["WirelessRadioMan"] setCoexParameters["MWS_Blacklisted_Channels"] = <CFArray 0x14cd73dd0 [0x1a0950150]>{type = mutable-small, count = 3, values = (
	0 : <CFBasicHash 0x14cd77410 [0x1a0950150]>{type = mutable dict, count = 1,
entries =>
	2 : <CFString 0x14cf72b20 [0x1a0950150]>{contents = "MWS_Channel_Number"} = <CFNumber 0xb0000000000000b3 [0x1a0950150]>{value = +11, type = kCFNumberSInt64Type}
}

	1 : <CFBasicHash 0x14cf63a80 [0x1a0950150]>{type = mutable dict, count = 1,
entries =>
	2 : <CFString 0x14cf72b20 [0x1a0950150]>{contents = "MWS_Channel_Number"} = <CFNumber 0xb0000000000000c3 [0x1a0950150]>{value = +12, type = kCFNumberSInt64Type}
}

	2 : <CFBasicHash 0x14cfd72f0 [0x1a0950150]>{type = mutable dict, count = 1,
entries =>
	2 : <CFString 0x14cf72b20 [0x1a0950150]>{contents = "MWS_Channel_Number"} = <CFNumber 0xb0000000000000d3 [0x1a0950150]>{value = +13, type = kCFNumberSInt64Type}
}

)}
12/23/2016 15:45:21.120 __WiFiManagerCellularTransmitCallback_block_invoke: Cellular Transmit Started = TRUE
12/23/2016 15:45:21.285 WoW is Disabled, 0 WoW Clients
12/23/2016 15:45:33.204 __WiFiManagerCellularTransmitCallback_block_invoke: Cellular Transmit Started = FALSE
12/23/2016 15:45:33.214 DeviceClient["WirelessRadioMan"] setCoexParameters["MWS_Blacklisted_Channels"] = <CFArray 0x14cf259c0 [0x1a0950150]>{type = mutable-small, count = 4, values = (
	0 : <CFBasicHash 0x14cf32ff0 [0x1a0950150]>{type = mutable dict, count = 1,
entries =>
	2 : <CFString 0x14cf78620 [0x1a0950150]>{contents = "MWS_Channel_Number"} = <CFNumber 0xb0000000000000a3 [0x1a0950150]>{value = +10, type = kCFNumberSInt64Type}
}

	1 : <CFBasicHash 0x14cd81cb0 [0x1a0950150]>{type = mutable dict, count = 1,
entries =>
	2 : <CFString 0x14cf78620 [0x1a0950150]>{contents = "MWS_Channel_Number"} = <CFNumber 0xb0000000000000b3 [0x1a0950150]>{value = +11, type = kCFNumberSInt64Type}
}

	2 : <CFBasicHash 0x14cd94740 [0x1a0950150]>{type = mutable dict, count = 1,
entries =>
	2 : <CFString 0x14cf78620 [0x1a0950150]>{contents = "MWS_Channel_Number"} = <CFNumber 0xb0000000000000c3 [0x1a0950150]>{value = +12, type = kCFNumberSInt64Type}
}

	3 : <CFBasicHash 0x14cda7980 [0x1a0950150]>{type = mutable dict, count = 1,
entries =>
	2 : <CFString 0x14cf78620 [0x1a0950150]>{contents = "MWS_Channel_Number"} = <CFNumber 0xb0000000000000d3 [0x1a0950150]>{value = +13, type = kCFNumberSInt64Type}
}

)}
12/23/2016 15:45:33.283 DeviceClient["WirelessRadioMan"] setCoexParameters["MWS_Blacklisted_Channels"] = <CFArray 0x14cd92b50 [0x1a0950150]>{type = mutable-small, count = 3, values = (
	0 : <CFBasicHash 0x14cf63a80 [0x1a0950150]>{type = mutable dict, count = 1,
entries =>
	2 : <CFString 0x14cd73dd0 [0x1a0950150]>{contents = "MWS_Channel_Number"} = <CFNumber 0xb0000000000000b3 [0x1a0950150]>{value = +11, type = kCFNumberSInt64Type}
}

	1 : <CFBasicHash 0x14cd77410 [0x1a0950150]>{type = mutable dict, count = 1,
entries =>
	2 : <CFString 0x14cd73dd0 [0x1a0950150]>{contents = "MWS_Channel_Number"} = <CFNumber 0xb0000000000000c3 [0x1a0950150]>{value = +12, type = kCFNumberSInt64Type}
}

	2 : <CFBasicHash 0x14cd7edc0 [0x1a0950150]>{type = mutable dict, count = 1,
entries =>
	2 : <CFString 0x14cd73dd0 [0x1a0950150]>{contents = "MWS_Channel_Number"} = <CFNumber 0xb0000000000000d3 [0x1a0950150]>{value = +13, type = kCFNumberSInt64Type}
}

)}
12/23/2016 15:45:33.464 __WiFiManagerCellularTransmitCallback_block_invoke: Cellular Transmit Started = TRUE
12/23/2016 15:45:34.689 __WiFiManagerCellularTransmitCallback_block_invoke: Cellular Transmit Started = FALSE
12/23/2016 15:45:35.168 DeviceClient["WirelessRadioMan"] setCoexParameters["MWS_Blacklisted_Channels"] = <CFArray 0x14cf78620 [0x1a0950150]>{type = mutable-small, count = 4, values = (
	0 : <CFBasicHash 0x14cda37e0 [0x1a0950150]>{type = mutable dict, count = 1,
entries =>
	2 : <CFString 0x14cf259c0 [0x1a0950150]>{contents = "MWS_Channel_Number"} = <CFNumber 0xb0000000000000a3 [0x1a0950150]>{value = +10, type = kCFNumberSInt64Type}
}

	1 : <CFBasicHash 0x14cd94740 [0x1a0950150]>{type = mutable dict, count = 1,
entries =>
	2 : <CFString 0x14cf259c0 [0x1a0950150]>{contents = "MWS_Channel_Number"} = <CFNumber 0xb0000000000000b3 [0x1a0950150]>{value = +11, type = kCFNumberSInt64Type}
}

	2 : <CFBasicHash 0x14cfd72f0 [0x1a0950150]>{type = mutable dict, count = 1,
entries =>
	2 : <CFString 0x14cf259c0 [0x1a0950150]>{contents = "MWS_Channel_Number"} = <CFNumber 0xb0000000000000c3 [0x1a0950150]>{value = +12, type = kCFNumberSInt64Type}
}

	3 : <CFBasicHash 0x14cda7980 [0x1a0950150]>{type = mutable dict, count = 1,
entries =>
	2 : <CFString 0x14cf259c0 [0x1a0950150]>{contents = "MWS_Channel_Number"} = <CFNumber 0xb0000000000000d3 [0x1a0950150]>{value = +13, type = kCFNumberSInt64Type}
}

)}
12/23/2016 15:45:35.177 __WiFiManagerCellularTransmitCallback_block_invoke: Cellular Transmit Started = TRUE
12/23/2016 15:45:35.664 DeviceClient["WirelessRadioMan"] setCoexParameters["MWS_Blacklisted_Channels"] = <CFArray 0x14cd92b50 [0x1a0950150]>{type = mutable-small, count = 3, values = (
	0 : <CFBasicHash 0x14cd7edc0 [0x1a0950150]>{type = mutable dict, count = 1,
entries =>
	2 : <CFString 0x14cf72b20 [0x1a0950150]>{contents = "MWS_Channel_Number"} = <CFNumber 0xb0000000000000b3 [0x1a0950150]>{value = +11, type = kCFNumberSInt64Type}
}

	1 : <CFBasicHash 0x14cf63c10 [0x1a0950150]>{type = mutable dict, count = 1,
entries =>
	2 : <CFString 0x14cf72b20 [0x1a0950150]>{contents = "MWS_Channel_Number"} = <CFNumber 0xb0000000000000c3 [0x1a0950150]>{value = +12, type = kCFNumberSInt64Type}
}

	2 : <CFBasicHash 0x14cf63a80 [0x1a0950150]>{type = mutable dict, count = 1,
entries =>
	2 : <CFString 0x14cf72b20 [0x1a0950150]>{contents = "MWS_Channel_Number"} = <CFNumber 0xb0000000000000d3 [0x1a0950150]>{value = +13, type = kCFNumberSInt64Type}
}

)}
12/23/2016 15:45:45.228 __WiFiManagerCellularTransmitCallback_block_invoke: Cellular Transmit Started = FALSE
12/23/2016 15:45:45.235 __WiFiManagerCellularTransmitCallback_block_invoke: Cellular Transmit Started = FALSE
12/23/2016 15:45:49.455 DeviceClient["WirelessRadioMan"] setCoexParameters["MWS_Blacklisted_Channels"] = <CFArray 0x14cfdaac0 [0x1a0950150]>{type = mutable-small, count = 4, values = (
	0 : <CFBasicHash 0x14cf32ff0 [0x1a0950150]>{type = mutable dict, count = 1,
entries =>
	2 : <CFString 0x14cf78620 [0x1a0950150]>{contents = "MWS_Channel_Number"} = <CFNumber 0xb0000000000000a3 [0x1a0950150]>{value = +10, type = kCFNumberSInt64Type}
}

	1 : <CFBasicHash 0x14cda37e0 [0x1a0950150]>{type = mutable dict, count = 1,
entries =>
	2 : <CFString 0x14cf78620 [0x1a0950150]>{contents = "MWS_Channel_Number"} = <CFNumber 0xb0000000000000b3 [0x1a0950150]>{value = +11, type = kCFNumberSInt64Type}
}

	2 : <CFBasicHash 0x14cd81cb0 [0x1a0950150]>{type = mutable dict, count = 1,
entries =>
	2 : <CFString 0x14cf78620 [0x1a0950150]>{contents = "MWS_Channel_Number"} = <CFNumber 0xb0000000000000c3 [0x1a0950150]>{value = +12, type = kCFNumberSInt64Type}
}

	3 : <CFBasicHash 0x14cfd72f0 [0x1a0950150]>{type = mutable dict, count = 1,
entries =>
	2 : <CFString 0x14cf78620 [0x1a0950150]>{contents = "MWS_Channel_Number"} = <CFNumber 0xb0000000000000d3 [0x1a0950150]>{value = +13, type = kCFNumberSInt64Type}
}

)}
12/23/2016 15:45:49.543 DeviceClient["WirelessRadioMan"] setCoexParameters["MWS_Blacklisted_Channels"] = <CFArray 0x14cdade00 [0x1a0950150]>{type = mutable-small, count = 3, values = (
	0 : <CFBasicHash 0x14cf63c10 [0x1a0950150]>{type = mutable dict, count = 1,
entries =>
	2 : <CFString 0x14cd92b50 [0x1a0950150]>{contents = "MWS_Channel_Number"} = <CFNumber 0xb0000000000000b3 [0x1a0950150]>{value = +11, type = kCFNumberSInt64Type}
}

	1 : <CFBasicHash 0x14cd7edc0 [0x1a0950150]>{type = mutable dict, count = 1,
entries =>
	2 : <CFString 0x14cd92b50 [0x1a0950150]>{contents = "MWS_Channel_Number"} = <CFNumber 0xb0000000000000c3 [0x1a0950150]>{value = +12, type = kCFNumberSInt64Type}
}

	2 : <CFBasicHash 0x14cda7980 [0x1a0950150]>{type = mutable dict, count = 1,
entries =>
	2 : <CFString 0x14cd92b50 [0x1a0950150]>{contents = "MWS_Channel_Number"} = <CFNumber 0xb0000000000000d3 [0x1a0950150]>{value = +13, type = kCFNumberSInt64Type}
}

)}
12/23/2016 15:45:49.703 __WiFiManagerCellularTransmitCallback_block_invoke: Cellular Transmit Started = TRUE
12/23/2016 15:45:50.528 __WiFiManagerCellularTransmitCallback_block_invoke: Cellular Transmit Started = FALSE
12/23/2016 15:45:51.051 DeviceClient["WirelessRadioMan"] setCoexParameters["MWS_Blacklisted_Channels"] = <CFArray 0x14cf78620 [0x1a0950150]>{type = mutable-small, count = 4, values = (
	0 : <CFBasicHash 0x14cd94740 [0x1a0950150]>{type = mutable dict, count = 1,
entries =>
	2 : <CFString 0x14cfdaac0 [0x1a0950150]>{contents = "MWS_Channel_Number"} = <CFNumber 0xb0000000000000a3 [0x1a0950150]>{value = +10, type = kCFNumberSInt64Type}
}

	1 : <CFBasicHash 0x14cd81cb0 [0x1a0950150]>{type = mutable dict, count = 1,
entries =>
	2 : <CFString 0x14cfdaac0 [0x1a0950150]>{contents = "MWS_Channel_Number"} = <CFNumber 0xb0000000000000b3 [0x1a0950150]>{value = +11, type = kCFNumberSInt64Type}
}

	2 : <CFBasicHash 0x14cf63a80 [0x1a0950150]>{type = mutable dict, count = 1,
entries =>
	2 : <CFString 0x14cfdaac0 [0x1a0950150]>{contents = "MWS_Channel_Number"} = <CFNumber 0xb0000000000000c3 [0x1a0950150]>{value = +12, type = kCFNumberSInt64Type}
}

	3 : <CFBasicHash 0x14cfd72f0 [0x1a0950150]>{type = mutable dict, count = 1,
entries =>
	2 : <CFString 0x14cfdaac0 [0x1a0950150]>{contents = "MWS_Channel_Number"} = <CFNumber 0xb0000000000000d3 [0x1a0950150]>{value = +13, type = kCFNumberSInt64Type}
}

)}
12/23/2016 15:45:51.144 DeviceClient["WirelessRadioMan"] setCoexParameters["MWS_Blacklisted_Channels"] = <CFArray 0x14cf72b20 [0x1a0950150]>{type = mutable-small, count = 3, values = (
	0 : <CFBasicHash 0x14cd7edc0 [0x1a0950150]>{type = mutable dict, count = 1,
entries =>
	2 : <CFString 0x14cdade00 [0x1a0950150]>{contents = "MWS_Channel_Number"} = <CFNumber 0xb0000000000000b3 [0x1a0950150]>{value = +11, type = kCFNumberSInt64Type}
}

	1 : <CFBasicHash 0x14cf63c10 [0x1a0950150]>{type = mutable dict, count = 1,
entries =>
	2 : <CFString 0x14cdade00 [0x1a0950150]>{contents = "MWS_Channel_Number"} = <CFNumber 0xb0000000000000c3 [0x1a0950150]>{value = +12, type = kCFNumberSInt64Type}
}

	2 : <CFBasicHash 0x14cf32ff0 [0x1a0950150]>{type = mutable dict, count = 1,
entries =>
	2 : <CFString 0x14cdade00 [0x1a0950150]>{contents = "MWS_Channel_Number"} = <CFNumber 0xb0000000000000d3 [0x1a0950150]>{value = +13, type = kCFNumberSInt64Type}
}

)}
12/23/2016 15:45:51.322 __WiFiManagerCellularTransmitCallback_block_invoke: Cellular Transmit Started = TRUE
12/23/2016 15:46:05.968 __WiFiManagerCellularTransmitCallback_block_invoke: Cellular Transmit Started = FALSE
12/23/2016 15:46:06.130 DeviceClient["WirelessRadioMan"] setCoexParameters["MWS_Blacklisted_Channels"] = <CFArray 0x14cfdaac0 [0x1a0950150]>{type = mutable-small, count = 4, values = (
	0 : <CFBasicHash 0x14cda37e0 [0x1a0950150]>{type = mutable dict, count = 1,
entries =>
	2 : <CFString 0x14cf78620 [0x1a0950150]>{contents = "MWS_Channel_Number"} = <CFNumber 0xb0000000000000a3 [0x1a0950150]>{value = +10, type = kCFNumberSInt64Type}
}

	1 : <CFBasicHash 0x14cf63a80 [0x1a0950150]>{type = mutable dict, count = 1,
entries =>
	2 : <CFString 0x14cf78620 [0x1a0950150]>{contents = "MWS_Channel_Number"} = <CFNumber 0xb0000000000000b3 [0x1a0950150]>{value = +11, type = kCFNumberSInt64Type}
}

	2 : <CFBasicHash 0x14cda7980 [0x1a0950150]>{type = mutable dict, count = 1,
entries =>
	2 : <CFString 0x14cf78620 [0x1a0950150]>{contents = "MWS_Channel_Number"} = <CFNumber 0xb0000000000000c3 [0x1a0950150]>{value = +12, type = kCFNumberSInt64Type}
}

	3 : <CFBasicHash 0x14cfd72f0 [0x1a0950150]>{type = mutable dict, count = 1,
entries =>
	2 : <CFString 0x14cf78620 [0x1a0950150]>{contents = "MWS_Channel_Number"} = <CFNumber 0xb0000000000000d3 [0x1a0950150]>{value = +13, type = kCFNumberSInt64Type}
}

)}
12/23/2016 15:46:06.174 __WiFiManagerCellularTransmitCallback_block_invoke: Cellular Transmit Started = TRUE
12/23/2016 15:46:07.280 __WiFiManagerCellularTransmitCallback_block_invoke: Cellular Transmit Started = FALSE
12/23/2016 15:46:07.506 High bw cellular data available, so WiFi would disconnect under low signal quality
12/23/2016 15:46:07.514 WiFiLQAMgrSetWiFiFallBackPref: LQAManager WiFiFallBackPreference disabled 
12/23/2016 15:46:10.159 __WiFiManagerCellularTransmitCallback_block_invoke: Cellular Transmit Started = TRUE
12/23/2016 15:46:10.271 __WiFiManagerCellularTransmitCallback_block_invoke: Cellular Transmit Started = FALSE
12/23/2016 15:46:12.320 __WiFiManagerCellularTransmitCallback_block_invoke: Cellular Transmit Started = TRUE
12/23/2016 15:46:44.657 WiFiLocaleManagerCheckLocale: trying to determine locale...
12/23/2016 15:46:44.657 WiFiManagerCoreLocationGetCachedLocation: getting cached location...
12/23/2016 15:46:44.679 __WiFiLocaleManagerGetLocaleFromMcc: finding iso country code for mcc 232 ....
12/23/2016 15:46:44.679 WiFiLocationServiceManagerIsLocationValid: cachedLocationTimeout 120.000000 location age 291.533462secs, lifeSpan -1.000000 accuracy 65.000000(highAccReq 0), isValid 1
12/23/2016 15:46:44.679 WiFiLocationServiceManagerStartLowAccuracyMonitoring: Cached low accuracy location is valid
12/23/2016 15:46:44.679 WiFiLocationServiceManagerIsLocationValid: cachedLocationTimeout 120.000000 location age 291.533602secs, lifeSpan -1.000000 accuracy 65.000000(highAccReq 1), isValid 1
12/23/2016 15:46:44.679 WiFiLocationServiceManagerIsLocationValid: cachedLocationTimeout 120.000000 location age 291.533657secs, lifeSpan -1.000000 accuracy 65.000000(highAccReq 0), isValid 1
12/23/2016 15:46:44.679 __WiFiLocationServiceManagerProcessLocationAvailableEvent: isValidHighAccuracyLocation 1,  isValidLowAccuracyLocation 1
12/23/2016 15:46:44.679 __WiFiLocationServiceManagerProcessLocationAvailableEvent: give low accuracy callback
12/23/2016 15:46:44.680 __WiFiLocaleManagerGetLocaleFromLocation: <+47.97742204,+16.84843552> +/- 65.00m (speed -1.00 mps / course -1.00) @ 12/23/16, 3:41:53 PM Central European Standard Time
12/23/2016 15:46:44.680 locale from bounding box 
12/23/2016 15:46:44.680 new locale:  , locale: 
12/23/2016 15:46:44.680 Stopping Low Accuracy Location Monitoring
12/23/2016 15:46:44.680 CLMonitoring is already stopped
12/23/2016 15:46:44.681 Stopping Low Accuracy Location Monitoring
12/23/2016 15:46:44.681 CLMonitoring is already stopped
12/23/2016 15:46:44.681 __WiFiLocationServiceManagerEventCallback, got cb dict {
    eventType = 0;
    location = "<+47.97742204,+16.84843552> +/- 65.00m (speed -1.00 mps / course -1.00) @ 12/23/16, 3:41:53 PM Central European Standard Time";
}
12/23/2016 15:46:44.681 WiFiLocationServiceManagerIsLocationValid: cachedLocationTimeout 120.000000 location age 291.535752secs, lifeSpan -1.000000 accuracy 65.000000(highAccReq 1), isValid 1
12/23/2016 15:46:44.681 WiFiLocationServiceManagerIsLocationValid: cachedLocationTimeout 120.000000 location age 291.535805secs, lifeSpan -1.000000 accuracy 65.000000(highAccReq 0), isValid 1
12/23/2016 15:46:44.681 __WiFiLocationServiceManagerProcessLocationAvailableEvent: isValidHighAccuracyLocation 1,  isValidLowAccuracyLocation 1
12/23/2016 15:46:52.558 __WiFiManagerCellularTransmitCallback_block_invoke: Cellular Transmit Started = FALSE
12/23/2016 15:47:04.557 __WiFiManagerCellularTransmitCallback_block_invoke: Cellular Transmit Started = TRUE
12/23/2016 15:47:05.422 __WiFiManagerCellularTransmitCallback_block_invoke: Cellular Transmit Started = FALSE
12/23/2016 15:47:06.897 __WiFiManagerCellularTransmitCallback_block_invoke: Cellular Transmit Started = TRUE
12/23/2016 15:47:08.297 Low bw cellular data available, so WiFi would stay connected under low signal quality
12/23/2016 15:47:08.298 WiFiLQAMgrSetWiFiFallBackPref: LQAManager WiFiFallBackPreference enabled 
12/23/2016 15:47:08.320 __WiFiManagerCellularTransmitCallback_block_invoke: Cellular Transmit Started = FALSE
12/23/2016 15:47:08.659 DeviceClient["WirelessRadioMan"] setCoexParameters["MWS_Blacklisted_Channels"] = <CFArray 0x14cec8a60 [0x1a0950150]>{type = mutable-small, count = 3, values = (
	0 : <CFBasicHash 0x14e003640 [0x1a0950150]>{type = mutable dict, count = 1,
entries =>
	2 : <CFString 0x14ce7fe20 [0x1a0950150]>{contents = "MWS_Channel_Number"} = <CFNumber 0xb0000000000000b3 [0x1a0950150]>{value = +11, type = kCFNumberSInt64Type}
}

	1 : <CFBasicHash 0x14ce6b600 [0x1a0950150]>{type = mutable dict, count = 1,
entries =>
	2 : <CFString 0x14ce7fe20 [0x1a0950150]>{contents = "MWS_Channel_Number"} = <CFNumber 0xb0000000000000c3 [0x1a0950150]>{value = +12, type = kCFNumberSInt64Type}
}

	2 : <CFBasicHash 0x14cea19c0 [0x1a0950150]>{type = mutable dict, count = 1,
entries =>
	2 : <CFString 0x14ce7fe20 [0x1a0950150]>{contents = "MWS_Channel_Number"} = <CFNumber 0xb0000000000000d3 [0x1a0950150]>{value = +13, type = kCFNumberSInt64Type}
}

)}
12/23/2016 15:47:08.820 __WiFiManagerCellularTransmitCallback_block_invoke: Cellular Transmit Started = TRUE
12/23/2016 15:47:09.984 __WiFiManagerCellularTransmitCallback_block_invoke: Cellular Transmit Started = FALSE
12/23/2016 15:47:11.213 DeviceClient["WirelessRadioMan"] setCoexParameters["MWS_Blacklisted_Channels"] = <CFArray 0x14cd8dcd0 [0x1a0950150]>{type = mutable-small, count = 4, values = (
	0 : <CFBasicHash 0x14cfd72f0 [0x1a0950150]>{type = mutable dict, count = 1,
entries =>
	2 : <CFString 0x14cf78620 [0x1a0950150]>{contents = "MWS_Channel_Number"} = <CFNumber 0xb0000000000000a3 [0x1a0950150]>{value = +10, type = kCFNumberSInt64Type}
}

	1 : <CFBasicHash 0x14cf63a80 [0x1a0950150]>{type = mutable dict, count = 1,
entries =>
	2 : <CFString 0x14cf78620 [0x1a0950150]>{contents = "MWS_Channel_Number"} = <CFNumber 0xb0000000000000b3 [0x1a0950150]>{value = +11, type = kCFNumberSInt64Type}
}

	2 : <CFBasicHash 0x14cd7bc30 [0x1a0950150]>{type = mutable dict, count = 1,
entries =>
	2 : <CFString 0x14cf78620 [0x1a0950150]>{contents = "MWS_Channel_Number"} = <CFNumber 0xb0000000000000c3 [0x1a0950150]>{value = +12, type = kCFNumberSInt64Type}
}

	3 : <CFBasicHash 0x14cda7980 [0x1a0950150]>{type = mutable dict, count = 1,
entries =>
	2 : <CFString 0x14cf78620 [0x1a0950150]>{contents = "MWS_Channel_Number"} = <CFNumber 0xb0000000000000d3 [0x1a0950150]>{value = +13, type = kCFNumberSInt64Type}
}

)}
12/23/2016 15:47:11.220 __WiFiManagerCellularTransmitCallback_block_invoke: Cellular Transmit Started = TRUE
12/23/2016 15:47:11.665 DeviceClient["WirelessRadioMan"] setCoexParameters["MWS_Blacklisted_Channels"] = <CFArray 0x14cdce830 [0x1a0950150]>{type = mutable-small, count = 3, values = (
	0 : <CFBasicHash 0x14cf63c10 [0x1a0950150]>{type = mutable dict, count = 1,
entries =>
	2 : <CFString 0x14cd0ce40 [0x1a0950150]>{contents = "MWS_Channel_Number"} = <CFNumber 0xb0000000000000b3 [0x1a0950150]>{value = +11, type = kCFNumberSInt64Type}
}

	1 : <CFBasicHash 0x14cfdcab0 [0x1a0950150]>{type = mutable dict, count = 1,
entries =>
	2 : <CFString 0x14cd0ce40 [0x1a0950150]>{contents = "MWS_Channel_Number"} = <CFNumber 0xb0000000000000c3 [0x1a0950150]>{value = +12, type = kCFNumberSInt64Type}
}

	2 : <CFBasicHash 0x14cd7edc0 [0x1a0950150]>{type = mutable dict, count = 1,
entries =>
	2 : <CFString 0x14cd0ce40 [0x1a0950150]>{contents = "MWS_Channel_Number"} = <CFNumber 0xb0000000000000d3 [0x1a0950150]>{value = +13, type = kCFNumberSInt64Type}
}

)}
12/23/2016 15:47:15.984 __WiFiManagerCellularTransmitCallback_block_invoke: Cellular Transmit Started = FALSE
12/23/2016 15:47:17.959 DeviceClient["WirelessRadioMan"] setCoexParameters["MWS_Blacklisted_Channels"] = <CFArray 0x14cfdaac0 [0x1a0950150]>{type = mutable-small, count = 4, values = (
	0 : <CFBasicHash 0x14cda7980 [0x1a0950150]>{type = mutable dict, count = 1,
entries =>
	2 : <CFString 0x14cd8dcd0 [0x1a0950150]>{contents = "MWS_Channel_Number"} = <CFNumber 0xb0000000000000a3 [0x1a0950150]>{value = +10, type = kCFNumberSInt64Type}
}

	1 : <CFBasicHash 0x14cda37e0 [0x1a0950150]>{type = mutable dict, count = 1,
entries =>
	2 : <CFString 0x14cd8dcd0 [0x1a0950150]>{contents = "MWS_Channel_Number"} = <CFNumber 0xb0000000000000b3 [0x1a0950150]>{value = +11, type = kCFNumberSInt64Type}
}

	2 : <CFBasicHash 0x14cf63a80 [0x1a0950150]>{type = mutable dict, count = 1,
entries =>
	2 : <CFString 0x14cd8dcd0 [0x1a0950150]>{contents = "MWS_Channel_Number"} = <CFNumber 0xb0000000000000c3 [0x1a0950150]>{value = +12, type = kCFNumberSInt64Type}
}

	3 : <CFBasicHash 0x14cd7bc30 [0x1a0950150]>{type = mutable dict, count = 1,
entries =>
	2 : <CFString 0x14cd8dcd0 [0x1a0950150]>{contents = "MWS_Channel_Number"} = <CFNumber 0xb0000000000000d3 [0x1a0950150]>{value = +13, type = kCFNumberSInt64Type}
}

)}
12/23/2016 15:47:22.383 DeviceClient["WirelessRadioMan"] setCoexParameters["MWS_Blacklisted_Channels"] = <CFArray 0x14cd83ba0 [0x1a0950150]>{type = mutable-small, count = 3, values = (
	0 : <CFBasicHash 0x14cfdcab0 [0x1a0950150]>{type = mutable dict, count = 1,
entries =>
	2 : <CFString 0x14cdce830 [0x1a0950150]>{contents = "MWS_Channel_Number"} = <CFNumber 0xb0000000000000b3 [0x1a0950150]>{value = +11, type = kCFNumberSInt64Type}
}

	1 : <CFBasicHash 0x14cf63c10 [0x1a0950150]>{type = mutable dict, count = 1,
entries =>
	2 : <CFString 0x14cdce830 [0x1a0950150]>{contents = "MWS_Channel_Number"} = <CFNumber 0xb0000000000000c3 [0x1a0950150]>{value = +12, type = kCFNumberSInt64Type}
}

	2 : <CFBasicHash 0x14cd94740 [0x1a0950150]>{type = mutable dict, count = 1,
entries =>
	2 : <CFString 0x14cdce830 [0x1a0950150]>{contents = "MWS_Channel_Number"} = <CFNumber 0xb0000000000000d3 [0x1a0950150]>{value = +13, type = kCFNumberSInt64Type}
}

)}
12/23/2016 15:47:22.545 __WiFiManagerCellularTransmitCallback_block_invoke: Cellular Transmit Started = TRUE
12/23/2016 15:47:26.687 __WiFiManagerCellularTransmitCallback_block_invoke: Cellular Transmit Started = FALSE
12/23/2016 15:47:46.373 DeviceClient["WirelessRadioMan"] setCoexParameters["MWS_Blacklisted_Channels"] = <CFArray 0x14cdade00 [0x1a0950150]>{type = mutable-small, count = 4, values = (
	0 : <CFBasicHash 0x14cfd72f0 [0x1a0950150]>{type = mutable dict, count = 1,
entries =>
	2 : <CFString 0x14cfdaac0 [0x1a0950150]>{contents = "MWS_Channel_Number"} = <CFNumber 0xb0000000000000a3 [0x1a0950150]>{value = +10, type = kCFNumberSInt64Type}
}

	1 : <CFBasicHash 0x14cd7bc30 [0x1a0950150]>{type = mutable dict, count = 1,
entries =>
	2 : <CFString 0x14cfdaac0 [0x1a0950150]>{contents = "MWS_Channel_Number"} = <CFNumber 0xb0000000000000b3 [0x1a0950150]>{value = +11, type = kCFNumberSInt64Type}
}

	2 : <CFBasicHash 0x14cda7980 [0x1a0950150]>{type = mutable dict, count = 1,
entries =>
	2 : <CFString 0x14cfdaac0 [0x1a0950150]>{contents = "MWS_Channel_Number"} = <CFNumber 0xb0000000000000c3 [0x1a0950150]>{value = +12, type = kCFNumberSInt64Type}
}

	3 : <CFBasicHash 0x14cf63a80 [0x1a0950150]>{type = mutable dict, count = 1,
entries =>
	2 : <CFString 0x14cfdaac0 [0x1a0950150]>{contents = "MWS_Channel_Number"} = <CFNumber 0xb0000000000000d3 [0x1a0950150]>{value = +13, type = kCFNumberSInt64Type}
}

)}
12/23/2016 15:47:46.465 DeviceClient["WirelessRadioMan"] setCoexParameters["MWS_Blacklisted_Channels"] = <CFArray 0x14cd0ce40 [0x1a0950150]>{type = mutable-small, count = 3, values = (
	0 : <CFBasicHash 0x14cf63c10 [0x1a0950150]>{type = mutable dict, count = 1,
entries =>
	2 : <CFString 0x14cd83ba0 [0x1a0950150]>{contents = "MWS_Channel_Number"} = <CFNumber 0xb0000000000000b3 [0x1a0950150]>{value = +11, type = kCFNumberSInt64Type}
}

	1 : <CFBasicHash 0x14cfdcab0 [0x1a0950150]>{type = mutable dict, count = 1,
entries =>
	2 : <CFString 0x14cd83ba0 [0x1a0950150]>{contents = "MWS_Channel_Number"} = <CFNumber 0xb0000000000000c3 [0x1a0950150]>{value = +12, type = kCFNumberSInt64Type}
}

	2 : <CFBasicHash 0x14cd7edc0 [0x1a0950150]>{type = mutable dict, count = 1,
entries =>
	2 : <CFString 0x14cd83ba0 [0x1a0950150]>{contents = "MWS_Channel_Number"} = <CFNumber 0xb0000000000000d3 [0x1a0950150]>{value = +13, type = kCFNumberSInt64Type}
}

)}
12/23/2016 15:47:46.665 __WiFiManagerCellularTransmitCallback_block_invoke: Cellular Transmit Started = TRUE
12/23/2016 15:47:50.071 Async scan requested by "locationd" for 1 iterations with maxage=0 priority normal on en0
12/23/2016 15:47:50.072 Enqueuing command type: "Scan" pending commands: 0
12/23/2016 15:47:50.072 Dequeuing command type: "Scan" pending commands: 0
12/23/2016 15:47:50.072 Attempting Apple80211ScanAsync on en0
12/23/2016 15:47:50.231 Completed Apple80211ScanAsync on en0 (0x0)
12/23/2016 15:47:50.232 Async scan request completed for "locationd" (0)
12/23/2016 15:47:50.234 Async scan requested by "locationd" for 1 iterations with maxage=0 priority normal on en0
12/23/2016 15:47:50.234 Enqueuing command type: "Scan" pending commands: 0
12/23/2016 15:47:50.234 Dequeuing command type: "Scan" pending commands: 0
12/23/2016 15:47:50.235 Attempting Apple80211ScanAsync on en0
12/23/2016 15:47:50.620 Completed Apple80211ScanAsync on en0 (0x0)
12/23/2016 15:47:50.622 Async scan request completed for "locationd" (0)
12/23/2016 15:47:51.827 __WiFiManagerCellularTransmitCallback_block_invoke: Cellular Transmit Started = FALSE
12/23/2016 15:48:04.625 scanCache: Purging scan cache
12/23/2016 15:48:15.274 DeviceClient["WirelessRadioMan"] setCoexParameters["MWS_Blacklisted_Channels"] = <CFArray 0x14cdf7f90 [0x1a0950150]>{type = mutable-small, count = 4, values = (
	0 : <CFBasicHash 0x14cfb8320 [0x1a0950150]>{type = mutable dict, count = 1,
entries =>
	2 : <CFString 0x14cdc4cf0 [0x1a0950150]>{contents = "MWS_Channel_Number"} = <CFNumber 0xb0000000000000a3 [0x1a0950150]>{value = +10, type = kCFNumberSInt64Type}
}

	1 : <CFBasicHash 0x14cf3fef0 [0x1a0950150]>{type = mutable dict, count = 1,
entries =>
	2 : <CFString 0x14cdc4cf0 [0x1a0950150]>{contents = "MWS_Channel_Number"} = <CFNumber 0xb0000000000000b3 [0x1a0950150]>{value = +11, type = kCFNumberSInt64Type}
}

	2 : <CFBasicHash 0x14cde1050 [0x1a0950150]>{type = mutable dict, count = 1,
entries =>
	2 : <CFString 0x14cdc4cf0 [0x1a0950150]>{contents = "MWS_Channel_Number"} = <CFNumber 0xb0000000000000c3 [0x1a0950150]>{value = +12, type = kCFNumberSInt64Type}
}

	3 : <CFBasicHash 0x14cdcea70 [0x1a0950150]>{type = mutable dict, count = 1,
entries =>
	2 : <CFString 0x14cdc4cf0 [0x1a0950150]>{contents = "MWS_Channel_Number"} = <CFNumber 0xb0000000000000d3 [0x1a0950150]>{value = +13, type = kCFNumberSInt64Type}
}

)}
12/23/2016 15:48:15.371 DeviceClient["WirelessRadioMan"] setCoexParameters["MWS_Blacklisted_Channels"] = <CFArray 0x14cdce830 [0x1a0950150]>{type = mutable-small, count = 3, values = (
	0 : <CFBasicHash 0x14cfdcab0 [0x1a0950150]>{type = mutable dict, count = 1,
entries =>
	2 : <CFString 0x14cd0ce40 [0x1a0950150]>{contents = "MWS_Channel_Number"} = <CFNumber 0xb0000000000000b3 [0x1a0950150]>{value = +11, type = kCFNumberSInt64Type}
}

	1 : <CFBasicHash 0x14cf63c10 [0x1a0950150]>{type = mutable dict, count = 1,
entries =>
	2 : <CFString 0x14cd0ce40 [0x1a0950150]>{contents = "MWS_Channel_Number"} = <CFNumber 0xb0000000000000c3 [0x1a0950150]>{value = +12, type = kCFNumberSInt64Type}
}

	2 : <CFBasicHash 0x14cf0dff0 [0x1a0950150]>{type = mutable dict, count = 1,
entries =>
	2 : <CFString 0x14cd0ce40 [0x1a0950150]>{contents = "MWS_Channel_Number"} = <CFNumber 0xb0000000000000d3 [0x1a0950150]>{value = +13, type = kCFNumberSInt64Type}
}

)}
12/23/2016 15:48:15.542 __WiFiManagerCellularTransmitCallback_block_invoke: Cellular Transmit Started = TRUE
12/23/2016 15:48:26.447 __WiFiManagerCellularTransmitCallback_block_invoke: Cellular Transmit Started = FALSE
12/23/2016 15:48:26.457 DeviceClient["WirelessRadioMan"] setCoexParameters["MWS_Blacklisted_Channels"] = <CFArray 0x14cd6d7d0 [0x1a0950150]>{type = mutable-small, count = 4, values = (
	0 : <CFBasicHash 0x14cd6edc0 [0x1a0950150]>{type = mutable dict, count = 1,
entries =>
	2 : <CFString 0x14cdf7f90 [0x1a0950150]>{contents = "MWS_Channel_Number"} = <CFNumber 0xb0000000000000a3 [0x1a0950150]>{value = +10, type = kCFNumberSInt64Type}
}

	1 : <CFBasicHash 0x14cde1050 [0x1a0950150]>{type = mutable dict, count = 1,
entries =>
	2 : <CFString 0x14cdf7f90 [0x1a0950150]>{contents = "MWS_Channel_Number"} = <CFNumber 0xb0000000000000b3 [0x1a0950150]>{value = +11, type = kCFNumberSInt64Type}
}

	2 : <CFBasicHash 0x14cd7edc0 [0x1a0950150]>{type = mutable dict, count = 1,
entries =>
	2 : <CFString 0x14cdf7f90 [0x1a0950150]>{contents = "MWS_Channel_Number"} = <CFNumber 0xb0000000000000c3 [0x1a0950150]>{value = +12, type = kCFNumberSInt64Type}
}

	3 : <CFBasicHash 0x14cdcea70 [0x1a0950150]>{type = mutable dict, count = 1,
entries =>
	2 : <CFString 0x14cdf7f90 [0x1a0950150]>{contents = "MWS_Channel_Number"} = <CFNumber 0xb0000000000000d3 [0x1a0950150]>{value = +13, type = kCFNumberSInt64Type}
}

)}
12/23/2016 15:48:26.546 DeviceClient["WirelessRadioMan"] setCoexParameters["MWS_Blacklisted_Channels"] = <CFArray 0x14cd83ba0 [0x1a0950150]>{type = mutable-small, count = 3, values = (
	0 : <CFBasicHash 0x14cf63c10 [0x1a0950150]>{type = mutable dict, count = 1,
entries =>
	2 : <CFString 0x14cdce830 [0x1a0950150]>{contents = "MWS_Channel_Number"} = <CFNumber 0xb0000000000000b3 [0x1a0950150]>{value = +11, type = kCFNumberSInt64Type}
}

	1 : <CFBasicHash 0x14cfdcab0 [0x1a0950150]>{type = mutable dict, count = 1,
entries =>
	2 : <CFString 0x14cdce830 [0x1a0950150]>{contents = "MWS_Channel_Number"} = <CFNumber 0xb0000000000000c3 [0x1a0950150]>{value = +12, type = kCFNumberSInt64Type}
}

	2 : <CFBasicHash 0x14cfb8320 [0x1a0950150]>{type = mutable dict, count = 1,
entries =>
	2 : <CFString 0x14cdce830 [0x1a0950150]>{contents = "MWS_Channel_Number"} = <CFNumber 0xb0000000000000d3 [0x1a0950150]>{value = +13, type = kCFNumberSInt64Type}
}

)}
12/23/2016 15:48:26.704 __WiFiManagerCellularTransmitCallback_block_invoke: Cellular Transmit Started = TRUE
12/23/2016 15:48:32.969 __WiFiManagerCellularTransmitCallback_block_invoke: Cellular Transmit Started = FALSE
12/23/2016 15:48:32.979 DeviceClient["WirelessRadioMan"] setCoexParameters["MWS_Blacklisted_Channels"] = <CFArray 0x14cdb1af0 [0x1a0950150]>{type = mutable-small, count = 4, values = (
	0 : <CFBasicHash 0x14cf3fef0 [0x1a0950150]>{type = mutable dict, count = 1,
entries =>
	2 : <CFString 0x14cd6d7d0 [0x1a0950150]>{contents = "MWS_Channel_Number"} = <CFNumber 0xb0000000000000a3 [0x1a0950150]>{value = +10, type = kCFNumberSInt64Type}
}

	1 : <CFBasicHash 0x14cd7edc0 [0x1a0950150]>{type = mutable dict, count = 1,
entries =>
	2 : <CFString 0x14cd6d7d0 [0x1a0950150]>{contents = "MWS_Channel_Number"} = <CFNumber 0xb0000000000000b3 [0x1a0950150]>{value = +11, type = kCFNumberSInt64Type}
}

	2 : <CFBasicHash 0x14cf0dff0 [0x1a0950150]>{type = mutable dict, count = 1,
entries =>
	2 : <CFString 0x14cd6d7d0 [0x1a0950150]>{contents = "MWS_Channel_Number"} = <CFNumber 0xb0000000000000c3 [0x1a0950150]>{value = +12, type = kCFNumberSInt64Type}
}

	3 : <CFBasicHash 0x14cdcea70 [0x1a0950150]>{type = mutable dict, count = 1,
entries =>
	2 : <CFString 0x14cd6d7d0 [0x1a0950150]>{contents = "MWS_Channel_Number"} = <CFNumber 0xb0000000000000d3 [0x1a0950150]>{value = +13, type = kCFNumberSInt64Type}
}

)}
12/23/2016 15:48:33.090 DeviceClient["WirelessRadioMan"] setCoexParameters["MWS_Blacklisted_Channels"] = <CFArray 0x14cd0ce40 [0x1a0950150]>{type = mutable-small, count = 3, values = (
	0 : <CFBasicHash 0x14cfdcab0 [0x1a0950150]>{type = mutable dict, count = 1,
entries =>
	2 : <CFString 0x14cd83ba0 [0x1a0950150]>{contents = "MWS_Channel_Number"} = <CFNumber 0xb0000000000000b3 [0x1a0950150]>{value = +11, type = kCFNumberSInt64Type}
}

	1 : <CFBasicHash 0x14cf63c10 [0x1a0950150]>{type = mutable dict, count = 1,
entries =>
	2 : <CFString 0x14cd83ba0 [0x1a0950150]>{contents = "MWS_Channel_Number"} = <CFNumber 0xb0000000000000c3 [0x1a0950150]>{value = +12, type = kCFNumberSInt64Type}
}

	2 : <CFBasicHash 0x14cd6edc0 [0x1a0950150]>{type = mutable dict, count = 1,
entries =>
	2 : <CFString 0x14cd83ba0 [0x1a0950150]>{contents = "MWS_Channel_Number"} = <CFNumber 0xb0000000000000d3 [0x1a0950150]>{value = +13, type = kCFNumberSInt64Type}
}

)}
12/23/2016 15:48:33.283 __WiFiManagerCellularTransmitCallback_block_invoke: Cellular Transmit Started = TRUE
12/23/2016 15:48:39.326 __WiFiManagerCellularTransmitCallback_block_invoke: Cellular Transmit Started = FALSE
12/23/2016 15:48:39.332 __WiFiManagerCellularTransmitCallback_block_invoke: Cellular Transmit Started = FALSE
12/23/2016 15:48:44.657 WiFiLocaleManagerCheckLocale: trying to determine locale...
12/23/2016 15:48:44.657 WiFiManagerCoreLocationGetCachedLocation: getting cached location...
12/23/2016 15:48:44.679 __WiFiLocaleManagerGetLocaleFromMcc: finding iso country code for mcc 232 ....
12/23/2016 15:48:44.679 WiFiLocationServiceManagerIsLocationValid: cachedLocationTimeout 120.000000 location age 411.533441secs, lifeSpan -1.000000 accuracy 65.000000(highAccReq 0), isValid 1
12/23/2016 15:48:44.679 WiFiLocationServiceManagerStartLowAccuracyMonitoring: Cached low accuracy location is valid
12/23/2016 15:48:44.679 WiFiLocationServiceManagerIsLocationValid: cachedLocationTimeout 120.000000 location age 411.533578secs, lifeSpan -1.000000 accuracy 65.000000(highAccReq 1), isValid 1
12/23/2016 15:48:44.679 WiFiLocationServiceManagerIsLocationValid: cachedLocationTimeout 120.000000 location age 411.533631secs, lifeSpan -1.000000 accuracy 65.000000(highAccReq 0), isValid 1
12/23/2016 15:48:44.679 __WiFiLocationServiceManagerProcessLocationAvailableEvent: isValidHighAccuracyLocation 1,  isValidLowAccuracyLocation 1
12/23/2016 15:48:44.679 __WiFiLocationServiceManagerProcessLocationAvailableEvent: give low accuracy callback
12/23/2016 15:48:44.680 __WiFiLocaleManagerGetLocaleFromLocation: <+47.97742204,+16.84843552> +/- 65.00m (speed -1.00 mps / course -1.00) @ 12/23/16, 3:41:53 PM Central European Standard Time
12/23/2016 15:48:44.680 locale from bounding box 
12/23/2016 15:48:44.680 new locale:  , locale: 
12/23/2016 15:48:44.680 Stopping Low Accuracy Location Monitoring
12/23/2016 15:48:44.680 CLMonitoring is already stopped
12/23/2016 15:48:44.680 Stopping Low Accuracy Location Monitoring
12/23/2016 15:48:44.681 CLMonitoring is already stopped
12/23/2016 15:48:44.681 __WiFiLocationServiceManagerEventCallback, got cb dict {
    eventType = 0;
    location = "<+47.97759404,+16.84770618> +/- 65.00m (speed -1.00 mps / course -1.00) @ 12/23/16, 3:47:59 PM Central European Standard Time";
}
12/23/2016 15:48:44.681 WiFiLocationServiceManagerIsLocationValid: cachedLocationTimeout 120.000000 location age 45.445704secs, lifeSpan -1.000000 accuracy 65.000000(highAccReq 1), isValid 1
12/23/2016 15:48:44.681 WiFiLocationServiceManagerIsLocationValid: cachedLocationTimeout 120.000000 location age 45.445756secs, lifeSpan -1.000000 accuracy 65.000000(highAccReq 0), isValid 1
12/23/2016 15:48:44.681 __WiFiLocationServiceManagerProcessLocationAvailableEvent: isValidHighAccuracyLocation 1,  isValidLowAccuracyLocation 1
12/23/2016 15:49:27.116 __WiFiManagerCellularTransmitCallback_block_invoke: Cellular Transmit Started = TRUE
12/23/2016 15:49:27.900 IPv4 Primary interface is (null) and IPv6 Primary Interface is (null)
12/23/2016 15:49:27.901 Client apsd set type to background application
12/23/2016 15:49:27.901 __WiFiManagerSetEnableState: state TRUE, manager->enable.setting TRUE, manager->unlockedSinceBoot TRUE
12/23/2016 15:49:27.904 BG Application: Not Present, BG Daemon: Present. Daemons: mediaserverd apsd 
12/23/2016 15:49:27.904 Auto association attempt canceled because MIS is enabled. MIS client count: wifi=1 bt=0
12/23/2016 15:49:27.904 Enable WoW requested by "apsd"
12/23/2016 15:49:27.905 WoW Capable = YES, Attempting to enable WoW and disable LPAS 
12/23/2016 15:49:27.905 Setting WoW params to <CFBasicHash 0x14cf0dff0 [0x1a0950150]>{type = immutable dict, count = 3,
entries =>
	0 : <CFString 0x100175960 [0x1a0950150]>{contents = "IO80211InterfaceEnableLowPwrAssocMode"} = <CFBoolean 0x1a09506d8 [0x1a0950150]>{value = false}
	1 : <CFString 0x100175940 [0x1a0950150]>{contents = "IO80211InterfaceEnableWoW"} = <CFBoolean 0x1a09506c8 [0x1a0950150]>{value = true}
	2 : <CFString 0x100185ae0 [0x1a0950150]>{contents = "IO80211InterfaceEnableWoWOnCaptive"} = <CFBoolean 0x1a09506d8 [0x1a0950150]>{value = false}
}

12/23/2016 15:49:27.907 WiFiDeviceRequestAssociatedSleep: ActiveDuringSleepRequested is already removed ((null)).
12/23/2016 15:49:27.907 WoW Enabled by 1 Clients, lpas is Disabled, WoW Override is Disabled, Captive Disabled
12/23/2016 15:49:27.908 Unable to dispatch WowStateChanged message to client MobileMail (268435460)
12/23/2016 15:49:27.908 Unable to dispatch WowStateChanged message to client dataaccessd (268435460)
12/23/2016 15:49:27.908 Unable to dispatch WowStateChanged message to client itunesstored (268435460)
12/23/2016 15:49:27.908 Unable to dispatch WowStateChanged message to client mediaserverd (268435460)
12/23/2016 15:49:27.926 MIS is already Enabled on ap1
12/23/2016 15:49:27.926 apsd[273] is a wow client
12/23/2016 15:49:27.926 WoW is Enabled, 1 WoW Clients
12/23/2016 15:49:27.926 apsd[273] is a wow client
12/23/2016 15:49:27.927 WoW is Enabled, 1 WoW Clients
12/23/2016 15:49:27.934 MIS is already Enabled on ap1
12/23/2016 15:49:27.935 apsd[273] is a wow client
12/23/2016 15:49:27.935 WoW is Enabled, 1 WoW Clients
12/23/2016 15:49:27.937 MIS Discovery is Disabled
12/23/2016 15:49:27.950 Client MobileMail set type to background application
12/23/2016 15:49:27.950 __WiFiManagerSetEnableState: state TRUE, manager->enable.setting TRUE, manager->unlockedSinceBoot TRUE
12/23/2016 15:49:27.950 BG Application: Not Present, BG Daemon: Present. Daemons: MobileMail mediaserverd apsd 
12/23/2016 15:49:27.950 Auto association attempt canceled because MIS is enabled. MIS client count: wifi=1 bt=0
12/23/2016 15:49:30.472 High bw cellular data available, so WiFi would disconnect under low signal quality
12/23/2016 15:49:30.473 WiFiLQAMgrSetWiFiFallBackPref: LQAManager WiFiFallBackPreference disabled 
12/23/2016 15:49:31.619 __WiFiDeviceProcessDumpLogsEvent: Dump logs event received, dumped wifid log buffer to file
