12/26/2016 11:31:26.136 Power stats update: Type 0x6 UnassociatedSleepDur 0 AssociatedSleepDur 166036 TotalDur 167270 RoamDur 0
12/26/2016 11:31:26.136 WiFiAWDManagerSubmitMetric: metric container could not be generated for metric id <0x90010>
12/26/2016 11:31:26.170 __WiFiDeviceManagerAwdlAvailableCallback: AWDL availability changed to TRUE
12/26/2016 11:31:26.170 __WiFiLQAMgrLogStats: Rssi: -70 Cca: 40 TxPer: 0.0% (0) BcnPer: 0.0% (0) RxFrms 0 TxRate: 0 RxRate: 0
12/26/2016 11:31:26.174 __WiFiLocationServiceManagerEventCallback, got cb dict {
    eventType = 0;
    location = "<+44.42591547,+26.13621710> +/- 65.00m (speed -1.00 mps / course -1.00) @ 12/26/16, 11:28:18 AM Eastern European Standard Time";
}
12/26/2016 11:31:26.176 WiFiLocationServiceManagerIsLocationValid: cachedLocationTimeout 120.000000 location age 188.034815secs, lifeSpan -1.000000 accuracy 65.000000(highAccReq 1), isValid 1
12/26/2016 11:31:26.176 WiFiLocationServiceManagerIsLocationValid: cachedLocationTimeout 120.000000 location age 188.034883secs, lifeSpan -1.000000 accuracy 65.000000(highAccReq 0), isValid 1
12/26/2016 11:31:26.176 __WiFiLocationServiceManagerProcessLocationAvailableEvent: isValidHighAccuracyLocation 1,  isValidLowAccuracyLocation 1
12/26/2016 11:31:26.178 __WiFiDeviceCopyLinkChangedSubReasonString: Apple80211ReturnToString failed 1
12/26/2016 11:31:26.179 __WiFiDeviceProcessDriverAvailableEvent: driver availability true, reason Initializing(0xe0821803), subreason (null)(0x0)
12/26/2016 11:31:26.179 __WiFiManagerDispatchDeviceAvailable: driver availability true

12/26/2016 11:31:26.181 __WiFiDeviceManagerAutoAssociate: Already connected to DIGI-146A.
12/26/2016 11:31:26.181 WiFiAWDManagerSubmitMetric: metric container could not be generated for metric id <0x9000e>
12/26/2016 11:31:26.181 __WiFiDeviceManagerAutoAssociate: Already connected to DIGI-146A.
12/26/2016 11:31:26.183 No Change in Background Scan Networks, Skip Re-Programming Background Scan

12/26/2016 11:31:26.265 __WiFiManagerCellularTransmitCallback_block_invoke: Cellular Transmit Started = FALSE
12/26/2016 11:31:26.289 apsd[273] is a wow client
12/26/2016 11:31:26.289 WoW is Enabled, 1 WoW Clients
12/26/2016 11:31:26.602 Disable WoW requested by "apsd"
12/26/2016 11:31:26.604 WoW Capable = YES, Attempting to disable WoW and enable LPAS 
12/26/2016 11:31:26.605 Setting WoW params to <CFBasicHash 0x14cda7980 [0x1a0950150]>{type = immutable dict, count = 3,
entries =>
	0 : <CFString 0x100175960 [0x1a0950150]>{contents = "IO80211InterfaceEnableLowPwrAssocMode"} = <CFBoolean 0x1a09506c8 [0x1a0950150]>{value = true}
	1 : <CFString 0x100175940 [0x1a0950150]>{contents = "IO80211InterfaceEnableWoW"} = <CFBoolean 0x1a09506d8 [0x1a0950150]>{value = false}
	2 : <CFString 0x100185ae0 [0x1a0950150]>{contents = "IO80211InterfaceEnableWoWOnCaptive"} = <CFBoolean 0x1a09506d8 [0x1a0950150]>{value = false}
}

12/26/2016 11:31:26.606 WiFiDeviceRequestAssociatedSleep: ActiveDuringSleepRequested is already set (<CFBasicHash 0x14ce3dd70 [0x1a0950150]>{type = immutable dict, count = 0,
entries =>
}
).
12/26/2016 11:31:26.607 WoW Disabled, 0 WoW Clients, lpas is Enabled, WoW Override is Disabled, Captive Disabled
12/26/2016 11:31:26.608 Unable to dispatch WowStateChanged message to client dataaccessd (268435460)
12/26/2016 11:31:26.608 Unable to dispatch WowStateChanged message to client itunesstored (268435460)
12/26/2016 11:31:26.609 Unable to dispatch WowStateChanged message to client mediaserverd (268435460)
12/26/2016 11:31:26.610 Unable to dispatch WowStateChanged message to client assistantd (268435460)
12/26/2016 11:31:26.611 WoW is Disabled, 0 WoW Clients
12/26/2016 11:31:26.611 WoW is Disabled, 0 WoW Clients
12/26/2016 11:31:26.611 WoW is Disabled, 0 WoW Clients
12/26/2016 11:31:31.598 Client apsd set type to normal application
12/26/2016 11:31:31.598 __WiFiManagerSetEnableState: state TRUE, manager->enable.setting TRUE, manager->unlockedSinceBoot TRUE
12/26/2016 11:31:31.599 BG Application: Not Present, BG Daemon: Present. Daemons: mediaserverd 
12/26/2016 11:31:31.644 Received kIOMessageSystemWillSleep
12/26/2016 11:31:31.644 System Sleep notification, Disabling auto-join
12/26/2016 11:31:31.644 __WiFiManagerSetEnableState: state FALSE, manager->enable.setting TRUE, manager->unlockedSinceBoot TRUE
12/26/2016 11:31:31.644 Disabling automatic association
12/26/2016 11:31:31.689 WoW is Disabled, 0 WoW Clients
12/26/2016 11:31:31.837 __WiFiDeviceCopyLinkChangedSubReasonString: Apple80211ReturnToString failed 1
12/26/2016 11:31:31.837 __WiFiDeviceProcessDriverAvailableEvent: driver availability false, reason PowerOff(0xe0821804), subreason (null)(0x0)
12/26/2016 11:31:31.837 __WiFiManagerDispatchDeviceAvailable: driver availability false

12/26/2016 11:31:31.837 WiFiAWDManagerSubmitMetric: metric container could not be generated for metric id <0x9000e>
12/26/2016 11:31:31.840 __WiFiDeviceManagerAwdlAvailableCallback: AWDL availability changed to FALSE
12/26/2016 11:31:31.842 WoW is Disabled, 0 WoW Clients
12/26/2016 11:36:32.917 Received kIOMessageSystemWillPowerOn
12/26/2016 11:36:32.917 System wake reason: AOP.ExternalReq wlan
12/26/2016 11:36:32.919 System Powered ON notification Re-enabling auto-join
12/26/2016 11:36:32.919 __WiFiManagerSetEnableState: state TRUE, manager->enable.setting TRUE, manager->unlockedSinceBoot TRUE
12/26/2016 11:36:32.919 Enabling automatic association
12/26/2016 11:36:32.920 __WiFiDeviceManagerAutoAssociate: Already connected to DIGI-146A.
12/26/2016 11:36:32.920 WiFiLocaleManagerCheckLocale: trying to determine locale...
12/26/2016 11:36:32.920 WiFiManagerCoreLocationGetCachedLocation: getting cached location...
12/26/2016 11:36:32.931 __WiFiLocaleManagerGetLocaleFromMcc: finding iso country code for mcc 226 ....
12/26/2016 11:36:32.931 WiFiLocationServiceManagerIsLocationValid: cachedLocationTimeout 120.000000 location age 494.789914secs, lifeSpan -1.000000 accuracy 65.000000(highAccReq 0), isValid 1
12/26/2016 11:36:32.932 WiFiLocationServiceManagerStartLowAccuracyMonitoring: Cached low accuracy location is valid
12/26/2016 11:36:32.932 WiFiLocationServiceManagerIsLocationValid: cachedLocationTimeout 120.000000 location age 494.790144secs, lifeSpan -1.000000 accuracy 65.000000(highAccReq 1), isValid 1
12/26/2016 11:36:32.932 WiFiLocationServiceManagerIsLocationValid: cachedLocationTimeout 120.000000 location age 494.790202secs, lifeSpan -1.000000 accuracy 65.000000(highAccReq 0), isValid 1
12/26/2016 11:36:32.932 __WiFiLocationServiceManagerProcessLocationAvailableEvent: isValidHighAccuracyLocation 1,  isValidLowAccuracyLocation 1
12/26/2016 11:36:32.932 __WiFiLocationServiceManagerProcessLocationAvailableEvent: give low accuracy callback
12/26/2016 11:36:32.935 __WiFiLocaleManagerGetLocaleFromLocation: <+44.42591547,+26.13621710> +/- 65.00m (speed -1.00 mps / course -1.00) @ 12/26/16, 11:28:18 AM Eastern European Standard Time
12/26/2016 11:36:32.935 locale from bounding box 
12/26/2016 11:36:32.935 new locale:  , locale: 
12/26/2016 11:36:32.936 Stopping Low Accuracy Location Monitoring
12/26/2016 11:36:32.936 CLMonitoring is already stopped
12/26/2016 11:36:32.936 Stopping Low Accuracy Location Monitoring
12/26/2016 11:36:32.936 CLMonitoring is already stopped
12/26/2016 11:36:32.936 __WiFiDeviceProcessDumpLogsEvent: Dump logs event received, dumped wifid log buffer to file
