 1/14/2017 20:16:10.147 Power stats update: Type 0x5 UnassociatedSleepDur 0 AssociatedSleepDur 121610 TotalDur 216450 RoamDur 0
 1/14/2017 20:16:10.147 WiFiAWDManagerSubmitMetric: metric container could not be generated for metric id <0x90010>
 1/14/2017 20:16:10.147 __WiFiLQAMgrLogStats: Rssi: -66 Cca: 39 TxPer: 0.0% (0) BcnPer: 0.0% (0) RxFrms 0 TxRate: 0 RxRate: 0
 1/14/2017 20:16:10.148 __WiFiDeviceCopyLinkChangedSubReasonString: Apple80211ReturnToString failed 1
 1/14/2017 20:16:10.148 __WiFiDeviceProcessDriverAvailableEvent: driver availability true, reason Initializing(0xe0821803), subreason (null)(0x0)
 1/14/2017 20:16:10.148 __WiFiManagerDispatchDeviceAvailable: driver availability true

 1/14/2017 20:16:10.149 Unable to dispatch message to client MessagesViewServ (268435460)
 1/14/2017 20:16:10.149 __WiFiDeviceManagerAutoAssociate: Already connected to DIGI-146A.
 1/14/2017 20:16:10.149 WiFiAWDManagerSubmitMetric: metric container could not be generated for metric id <0x9000e>
 1/14/2017 20:16:10.150 __WiFiDeviceManagerAutoAssociate: Already connected to DIGI-146A.
 1/14/2017 20:16:10.151 No Change in Background Scan Networks, Skip Re-Programming Background Scan

 1/14/2017 20:16:10.230 __WiFiDeviceManagerAwdlAvailableCallback: AWDL availability changed to TRUE
 1/14/2017 20:16:10.496 __WiFiManagerCellularTransmitCallback_block_invoke: Cellular Transmit Started = TRUE
 1/14/2017 20:16:10.778 WoW is Disabled, 0 WoW Clients
 1/14/2017 20:16:14.987 __WiFiManagerCellularTransmitCallback_block_invoke: Cellular Transmit Started = FALSE
 1/14/2017 20:16:20.483 Received kIOMessageSystemWillSleep
 1/14/2017 20:16:20.483 System Sleep notification, Disabling auto-join
 1/14/2017 20:16:20.483 __WiFiManagerSetEnableState: state FALSE, manager->enable.setting TRUE, manager->unlockedSinceBoot TRUE
 1/14/2017 20:16:20.483 Disabling automatic association
 1/14/2017 20:16:20.516 WoW is Disabled, 0 WoW Clients
 1/14/2017 20:16:20.626 __WiFiDeviceManagerAwdlAvailableCallback: AWDL availability changed to FALSE
 1/14/2017 20:16:20.626 __WiFiDeviceCopyLinkChangedSubReasonString: Apple80211ReturnToString failed 1
 1/14/2017 20:16:20.626 __WiFiDeviceProcessDriverAvailableEvent: driver availability false, reason PowerOff(0xe0821804), subreason (null)(0x0)
 1/14/2017 20:16:20.626 __WiFiManagerDispatchDeviceAvailable: driver availability false

 1/14/2017 20:16:20.627 Unable to dispatch message to client MessagesViewServ (268435460)
 1/14/2017 20:16:20.627 WiFiAWDManagerSubmitMetric: metric container could not be generated for metric id <0x9000e>
 1/14/2017 20:16:20.631 WoW is Disabled, 0 WoW Clients
 1/14/2017 20:19:20.784 Received kIOMessageSystemWillPowerOn
 1/14/2017 20:19:20.784 System wake reason: AOP.ExternalReq baseband
 1/14/2017 20:19:20.785 System Powered ON notification Re-enabling auto-join
 1/14/2017 20:19:20.785 __WiFiManagerSetEnableState: state TRUE, manager->enable.setting TRUE, manager->unlockedSinceBoot TRUE
 1/14/2017 20:19:20.785 Enabling automatic association
 1/14/2017 20:19:20.846 __WiFiDeviceManagerAutoAssociate: Already connected to DIGI-146A.
 1/14/2017 20:19:20.846 WiFiLocaleManagerCheckLocale: location service or wifi is off, set locale to default
 1/14/2017 20:19:20.847 new locale:  , locale: 
 1/14/2017 20:19:20.851 Power stats update: Type 0x5 UnassociatedSleepDur 0 AssociatedSleepDur 105537 TotalDur 180213 RoamDur 0
 1/14/2017 20:19:20.851 WiFiAWDManagerSubmitMetric: metric container could not be generated for metric id <0x90010>
 1/14/2017 20:19:20.886 __WiFiLQAMgrLogStats: Rssi: -64 Cca: 39 TxPer: 0.0% (3) BcnPer: 0.0% (0) RxFrms 94 TxRate: 72222 RxRate: 65000
 1/14/2017 20:19:20.888 __WiFiDeviceCopyLinkChangedSubReasonString: Apple80211ReturnToString failed 1
 1/14/2017 20:19:20.888 __WiFiDeviceProcessDriverAvailableEvent: driver availability true, reason Initializing(0xe0821803), subreason (null)(0x0)
 1/14/2017 20:19:20.888 __WiFiManagerDispatchDeviceAvailable: driver availability true

 1/14/2017 20:19:20.890 Unable to dispatch message to client MessagesViewServ (268435460)
 1/14/2017 20:19:20.891 __WiFiDeviceManagerAutoAssociate: Already connected to DIGI-146A.
 1/14/2017 20:19:20.891 WiFiAWDManagerSubmitMetric: metric container could not be generated for metric id <0x9000e>
 1/14/2017 20:19:20.905 __WiFiDeviceManagerAutoAssociate: Already connected to DIGI-146A.
 1/14/2017 20:19:20.941 No Change in Background Scan Networks, Skip Re-Programming Background Scan

 1/14/2017 20:19:21.097 __WiFiManagerCellularTransmitCallback_block_invoke: Cellular Transmit Started = TRUE
 1/14/2017 20:19:21.317 __WiFiDeviceManagerAwdlAvailableCallback: AWDL availability changed to TRUE
 1/14/2017 20:19:21.531 WoW is Disabled, 0 WoW Clients
 1/14/2017 20:19:27.723 __WiFiManagerCellularTransmitCallback_block_invoke: Cellular Transmit Started = FALSE
 1/14/2017 20:19:30.846 __WiFiLQAMgrLogStats: Rssi: -62 Cca: 39 TxPer: 0.0% (4) BcnPer: 0.0% (0) RxFrms 7 TxRate: 58500 RxRate: 65000
 1/14/2017 20:19:45.870 __WiFiLQAMgrLogStats: Rssi: -62 Cca: 38 TxPer: 0.0% (1) BcnPer: 0.0% (84) RxFrms 6 TxRate: 65000 RxRate: 65000
 1/14/2017 20:19:50.875 __WiFiLQAMgrLogStats: Rssi: -67 Cca: 19 TxPer: 0.0% (5) BcnPer: 0.0% (0) RxFrms 4 TxRate: 65000 RxRate: 65000
 1/14/2017 20:19:53.771 Received kIOMessageSystemWillSleep
 1/14/2017 20:19:53.771 System Sleep notification, Disabling auto-join
 1/14/2017 20:19:53.771 __WiFiManagerSetEnableState: state FALSE, manager->enable.setting TRUE, manager->unlockedSinceBoot TRUE
 1/14/2017 20:19:53.771 Disabling automatic association
 1/14/2017 20:19:53.820 WoW is Disabled, 0 WoW Clients
 1/14/2017 20:19:53.921 __WiFiDeviceCopyLinkChangedSubReasonString: Apple80211ReturnToString failed 1
 1/14/2017 20:19:53.921 __WiFiDeviceProcessDriverAvailableEvent: driver availability false, reason PowerOff(0xe0821804), subreason (null)(0x0)
 1/14/2017 20:19:53.921 __WiFiManagerDispatchDeviceAvailable: driver availability false

 1/14/2017 20:19:53.925 Unable to dispatch message to client MessagesViewServ (268435460)
 1/14/2017 20:19:53.925 WiFiAWDManagerSubmitMetric: metric container could not be generated for metric id <0x9000e>
 1/14/2017 20:19:53.946 __WiFiDeviceManagerAwdlAvailableCallback: AWDL availability changed to FALSE
 1/14/2017 20:19:53.955 WoW is Disabled, 0 WoW Clients
 1/14/2017 20:24:54.937 Received kIOMessageSystemWillPowerOn
 1/14/2017 20:24:55.006 System wake reason: AOP.ExternalReq wlan
 1/14/2017 20:24:55.006 System Powered ON notification Re-enabling auto-join
 1/14/2017 20:24:55.006 __WiFiManagerSetEnableState: state TRUE, manager->enable.setting TRUE, manager->unlockedSinceBoot TRUE
 1/14/2017 20:24:55.006 Enabling automatic association
 1/14/2017 20:24:55.008 __WiFiDeviceManagerAutoAssociate: Already connected to DIGI-146A.
 1/14/2017 20:24:55.008 WiFiLocaleManagerCheckLocale: location service or wifi is off, set locale to default
 1/14/2017 20:24:55.008 new locale:  , locale: 
 1/14/2017 20:24:55.011 __WiFiDeviceProcessDumpLogsEvent: Dump logs event received, dumped wifid log buffer to file
