 1/10/2017 22:07:36.906 Power stats update: Type 0x6 UnassociatedSleepDur 0 AssociatedSleepDur 482637 TotalDur 487042 RoamDur 0
 1/10/2017 22:07:36.907 WiFiAWDManagerSubmitMetric: metric container could not be generated for metric id <0x90010>
 1/10/2017 22:07:36.907 __WiFiLQAMgrLogStats: Rssi: -59 Cca: 31 TxPer: 0.0% (0) BcnPer: 0.0% (0) RxFrms 0 TxRate: 0 RxRate: 0
 1/10/2017 22:07:36.908 __WiFiDeviceCopyLinkChangedSubReasonString: Apple80211ReturnToString failed 1
 1/10/2017 22:07:36.908 __WiFiDeviceProcessDriverAvailableEvent: driver availability true, reason Initializing(0xe0821803), subreason (null)(0x0)
 1/10/2017 22:07:36.908 __WiFiManagerDispatchDeviceAvailable: driver availability true

 1/10/2017 22:07:36.916 __WiFiDeviceManagerAutoAssociate: Already connected to DIGI-146A.
 1/10/2017 22:07:36.917 WiFiAWDManagerSubmitMetric: metric container could not be generated for metric id <0x9000e>
 1/10/2017 22:07:36.918 __WiFiDeviceManagerAutoAssociate: Already connected to DIGI-146A.
 1/10/2017 22:07:36.919 No Change in Background Scan Networks, Skip Re-Programming Background Scan

 1/10/2017 22:07:36.950 __WiFiManagerCellularTransmitCallback_block_invoke: Cellular Transmit Started = FALSE
 1/10/2017 22:07:37.015 Disable WoW requested by "apsd"
 1/10/2017 22:07:37.015 WoW Capable = YES, Attempting to disable WoW and enable LPAS 
 1/10/2017 22:07:37.018 Setting WoW params to <CFBasicHash 0x14cd91920 [0x1a0950150]>{type = immutable dict, count = 3,
entries =>
	0 : <CFString 0x100175960 [0x1a0950150]>{contents = "IO80211InterfaceEnableLowPwrAssocMode"} = <CFBoolean 0x1a09506c8 [0x1a0950150]>{value = true}
	1 : <CFString 0x100175940 [0x1a0950150]>{contents = "IO80211InterfaceEnableWoW"} = <CFBoolean 0x1a09506d8 [0x1a0950150]>{value = false}
	2 : <CFString 0x100185ae0 [0x1a0950150]>{contents = "IO80211InterfaceEnableWoWOnCaptive"} = <CFBoolean 0x1a09506d8 [0x1a0950150]>{value = false}
}

 1/10/2017 22:07:37.019 WiFiDeviceRequestAssociatedSleep: ActiveDuringSleepRequested is already set (<CFBasicHash 0x14cdfaed0 [0x1a0950150]>{type = immutable dict, count = 0,
entries =>
}
).
 1/10/2017 22:07:37.019 WoW Disabled, 0 WoW Clients, lpas is Enabled, WoW Override is Disabled, Captive Disabled
 1/10/2017 22:07:37.019 Unable to dispatch WowStateChanged message to client dataaccessd (268435460)
 1/10/2017 22:07:37.020 Unable to dispatch WowStateChanged message to client itunesstored (268435460)
 1/10/2017 22:07:37.021 Unable to dispatch WowStateChanged message to client mediaserverd (268435460)
 1/10/2017 22:07:37.022 Unable to dispatch WowStateChanged message to client MobileMail (268435460)
 1/10/2017 22:07:37.022 Unable to dispatch WowStateChanged message to client profiled (268435460)
 1/10/2017 22:07:37.023 Unable to dispatch WowStateChanged message to client assistantd (268435460)
 1/10/2017 22:07:37.024 WoW is Disabled, 0 WoW Clients
 1/10/2017 22:07:37.024 WoW is Disabled, 0 WoW Clients
 1/10/2017 22:07:37.025 WoW is Disabled, 0 WoW Clients
 1/10/2017 22:07:37.071 WoW is Disabled, 0 WoW Clients
 1/10/2017 22:07:37.369 WoW is Disabled, 0 WoW Clients
 1/10/2017 22:07:42.015 Client apsd set type to normal application
 1/10/2017 22:07:42.015 __WiFiManagerSetEnableState: state TRUE, manager->enable.setting TRUE, manager->unlockedSinceBoot TRUE
 1/10/2017 22:07:42.015 BG Application: Not Present, BG Daemon: Present. Daemons: mediaserverd 
 1/10/2017 22:07:42.049 Received kIOMessageSystemWillSleep
 1/10/2017 22:07:42.049 System Sleep notification, Disabling auto-join
 1/10/2017 22:07:42.049 __WiFiManagerSetEnableState: state FALSE, manager->enable.setting TRUE, manager->unlockedSinceBoot TRUE
 1/10/2017 22:07:42.049 Disabling automatic association
 1/10/2017 22:07:42.098 WoW is Disabled, 0 WoW Clients
 1/10/2017 22:07:42.233 __WiFiDeviceCopyLinkChangedSubReasonString: Apple80211ReturnToString failed 1
 1/10/2017 22:07:42.233 __WiFiDeviceProcessDriverAvailableEvent: driver availability false, reason PowerOff(0xe0821804), subreason (null)(0x0)
 1/10/2017 22:07:42.233 __WiFiManagerDispatchDeviceAvailable: driver availability false

 1/10/2017 22:07:42.233 WiFiAWDManagerSubmitMetric: metric container could not be generated for metric id <0x9000e>
 1/10/2017 22:07:42.236 __WiFiDeviceManagerAwdlAvailableCallback: AWDL availability changed to FALSE
 1/10/2017 22:07:42.238 WoW is Disabled, 0 WoW Clients
 1/10/2017 22:12:42.289 Received kIOMessageSystemWillPowerOn
 1/10/2017 22:12:42.347 System wake reason: AOP.ExternalReq wlan
 1/10/2017 22:12:42.347 System Powered ON notification Re-enabling auto-join
 1/10/2017 22:12:42.347 __WiFiManagerSetEnableState: state TRUE, manager->enable.setting TRUE, manager->unlockedSinceBoot TRUE
 1/10/2017 22:12:42.349 Enabling automatic association
 1/10/2017 22:12:42.351 __WiFiDeviceManagerAutoAssociate: Already connected to DIGI-146A.
 1/10/2017 22:12:42.351 WiFiLocaleManagerCheckLocale: location service or wifi is off, set locale to default
 1/10/2017 22:12:42.351 new locale:  , locale: 
 1/10/2017 22:12:42.354 __WiFiDeviceProcessDumpLogsEvent: Dump logs event received, dumped wifid log buffer to file
