12/23/2016 15:49:32.874 IPv4 Primary interface is pdp_ip0 and IPv6 Primary Interface is (null)
12/23/2016 15:49:32.884 MIS is already Enabled on ap1
12/23/2016 15:49:32.887 MIS Discovery is Disabled
12/23/2016 15:49:49.316 __WiFiManagerCellularTransmitCallback_block_invoke: Cellular Transmit Started = FALSE
12/23/2016 15:49:49.703 __WiFiManagerCellularTransmitCallback_block_invoke: Cellular Transmit Started = TRUE
12/23/2016 15:49:50.076 __WiFiManagerCellularTransmitCallback_block_invoke: Cellular Transmit Started = FALSE
12/23/2016 15:49:50.299 IPv4 Primary interface is (null) and IPv6 Primary Interface is (null)
12/23/2016 15:49:50.329 MIS is already Enabled on ap1
12/23/2016 15:49:50.336 MIS is already Enabled on ap1
12/23/2016 15:49:50.337 MIS Discovery is Disabled
12/23/2016 15:49:50.482 __WiFiManagerCellularTransmitCallback_block_invoke: Cellular Transmit Started = TRUE
12/23/2016 15:49:52.231 Low bw cellular data available, so WiFi would stay connected under low signal quality
12/23/2016 15:49:52.257 WiFiLQAMgrSetWiFiFallBackPref: LQAManager WiFiFallBackPreference enabled 
12/23/2016 15:49:53.404 High bw cellular data available, so WiFi would disconnect under low signal quality
12/23/2016 15:49:53.413 WiFiLQAMgrSetWiFiFallBackPref: LQAManager WiFiFallBackPreference disabled 
12/23/2016 15:49:53.596 IPv4 Primary interface is pdp_ip0 and IPv6 Primary Interface is (null)
12/23/2016 15:49:53.611 MIS is already Enabled on ap1
12/23/2016 15:49:53.613 MIS Discovery is Disabled
12/23/2016 15:49:53.712 Background Network Application entered
12/23/2016 15:49:53.712 BG Application: Present, BG Daemon: Present. Daemons: MobileMail mediaserverd apsd 
12/23/2016 15:49:53.712 __WiFiManagerSetEnableState: state TRUE, manager->enable.setting TRUE, manager->unlockedSinceBoot TRUE
12/23/2016 15:49:53.712 Auto association attempt canceled because MIS is enabled. MIS client count: wifi=1 bt=0
12/23/2016 15:49:53.768 Background Network Application entered
12/23/2016 15:49:53.768 BG Application: Not Present, BG Daemon: Present. Daemons: MobileMail mediaserverd apsd 
12/23/2016 15:49:53.768 __WiFiManagerSetEnableState: state TRUE, manager->enable.setting TRUE, manager->unlockedSinceBoot TRUE
12/23/2016 15:49:53.768 Auto association attempt canceled because MIS is enabled. MIS client count: wifi=1 bt=0
12/23/2016 15:50:05.162 __WiFiManagerCellularTransmitCallback_block_invoke: Cellular Transmit Started = FALSE
12/23/2016 15:50:25.346 __WiFiManagerCellularTransmitCallback_block_invoke: Cellular Transmit Started = TRUE
12/23/2016 15:50:27.702 apsd[273] is a wow client
12/23/2016 15:50:27.702 WoW is Enabled, 1 WoW Clients
12/23/2016 15:50:35.428 __WiFiManagerCellularTransmitCallback_block_invoke: Cellular Transmit Started = FALSE
12/23/2016 15:50:36.024 DeviceClient["WirelessRadioMan"] setCoexParameters["MWS_Coex_Enabled_Channels"] = <CFArray 0x14cf250d0 [0x1a0950150]>{type = mutable-small, count = 3, values = (
	0 : <CFBasicHash 0x14cf0dff0 [0x1a0950150]>{type = mutable dict, count = 1,
entries =>
	2 : <CFString 0x14cd6a650 [0x1a0950150]>{contents = "MWS_Channel_Number"} = <CFNumber 0xb0000000000000b3 [0x1a0950150]>{value = +11, type = kCFNumberSInt64Type}
}

	1 : <CFBasicHash 0x14cfb8320 [0x1a0950150]>{type = mutable dict, count = 1,
entries =>
	2 : <CFString 0x14cd6a650 [0x1a0950150]>{contents = "MWS_Channel_Number"} = <CFNumber 0xb0000000000000c3 [0x1a0950150]>{value = +12, type = kCFNumberSInt64Type}
}

	2 : <CFBasicHash 0x14cda37e0 [0x1a0950150]>{type = mutable dict, count = 1,
entries =>
	2 : <CFString 0x14cd6a650 [0x1a0950150]>{contents = "MWS_Channel_Number"} = <CFNumber 0xb0000000000000d3 [0x1a0950150]>{value = +13, type = kCFNumberSInt64Type}
}

)}
12/23/2016 15:50:36.026 DeviceClient["WirelessRadioMan"] setCoexParameters["MWS_WLAN_RX_PRI_THRESHOLD"] = 2
12/23/2016 15:50:36.050 DeviceClient["WirelessRadioMan"] setCoexParameters["MWS_Coex_Enabled_Channels"] = <CFArray 0x14cf72b20 [0x1a0950150]>{type = mutable-small, count = 1, values = (
	0 : <CFBasicHash 0x14cd7edc0 [0x1a0950150]>{type = mutable dict, count = 1,
entries =>
	2 : <CFString 0x14cf250d0 [0x1a0950150]>{contents = "MWS_Channel_Number"} = <CFNumber 0xb000000000000003 [0x1a0950150]>{value = +0, type = kCFNumberSInt64Type}
}

)}
12/23/2016 15:50:36.051 DeviceClient["WirelessRadioMan"] setCoexParameters["MWS_WLAN_RX_PRI_THRESHOLD"] = 0
12/23/2016 15:50:44.655 WiFiLocaleManagerCheckLocale: trying to determine locale...
12/23/2016 15:50:44.655 WiFiManagerCoreLocationGetCachedLocation: getting cached location...
12/23/2016 15:50:44.669 __WiFiLocaleManagerGetLocaleFromMcc: finding iso country code for mcc 232 ....
12/23/2016 15:50:44.669 WiFiLocationServiceManagerIsLocationValid: cachedLocationTimeout 120.000000 location age 165.433570secs, lifeSpan -1.000000 accuracy 65.000000(highAccReq 0), isValid 1
12/23/2016 15:50:44.669 WiFiLocationServiceManagerStartLowAccuracyMonitoring: Cached low accuracy location is valid
12/23/2016 15:50:44.669 WiFiLocationServiceManagerIsLocationValid: cachedLocationTimeout 120.000000 location age 165.433708secs, lifeSpan -1.000000 accuracy 65.000000(highAccReq 1), isValid 1
12/23/2016 15:50:44.669 WiFiLocationServiceManagerIsLocationValid: cachedLocationTimeout 120.000000 location age 165.433762secs, lifeSpan -1.000000 accuracy 65.000000(highAccReq 0), isValid 1
12/23/2016 15:50:44.669 __WiFiLocationServiceManagerProcessLocationAvailableEvent: isValidHighAccuracyLocation 1,  isValidLowAccuracyLocation 1
12/23/2016 15:50:44.669 __WiFiLocationServiceManagerProcessLocationAvailableEvent: give low accuracy callback
12/23/2016 15:50:44.670 __WiFiLocaleManagerGetLocaleFromLocation: <+47.97759404,+16.84770618> +/- 65.00m (speed -1.00 mps / course -1.00) @ 12/23/16, 3:47:59 PM Central European Standard Time
12/23/2016 15:50:44.670 locale from bounding box 
12/23/2016 15:50:44.670 new locale:  , locale: 
12/23/2016 15:50:44.670 Stopping Low Accuracy Location Monitoring
12/23/2016 15:50:44.671 CLMonitoring is already stopped
12/23/2016 15:50:44.671 Stopping Low Accuracy Location Monitoring
12/23/2016 15:50:44.671 CLMonitoring is already stopped
12/23/2016 15:50:44.671 __WiFiLocationServiceManagerEventCallback, got cb dict {
    eventType = 0;
    location = "<+47.97759404,+16.84770618> +/- 65.00m (speed -1.00 mps / course -1.00) @ 12/23/16, 3:47:59 PM Central European Standard Time";
}
12/23/2016 15:50:44.671 WiFiLocationServiceManagerIsLocationValid: cachedLocationTimeout 120.000000 location age 165.435716secs, lifeSpan -1.000000 accuracy 65.000000(highAccReq 1), isValid 1
12/23/2016 15:50:44.671 WiFiLocationServiceManagerIsLocationValid: cachedLocationTimeout 120.000000 location age 165.435769secs, lifeSpan -1.000000 accuracy 65.000000(highAccReq 0), isValid 1
12/23/2016 15:50:44.671 __WiFiLocationServiceManagerProcessLocationAvailableEvent: isValidHighAccuracyLocation 1,  isValidLowAccuracyLocation 1
12/23/2016 15:50:53.554 Disable WoW requested by "apsd"
12/23/2016 15:50:53.554 WoW Capable = YES, Attempting to disable WoW and enable LPAS 
12/23/2016 15:50:53.554 Setting WoW params to <CFBasicHash 0x14cf4d050 [0x1a0950150]>{type = immutable dict, count = 3,
entries =>
	0 : <CFString 0x100175960 [0x1a0950150]>{contents = "IO80211InterfaceEnableLowPwrAssocMode"} = <CFBoolean 0x1a09506c8 [0x1a0950150]>{value = true}
	1 : <CFString 0x100175940 [0x1a0950150]>{contents = "IO80211InterfaceEnableWoW"} = <CFBoolean 0x1a09506d8 [0x1a0950150]>{value = false}
	2 : <CFString 0x100185ae0 [0x1a0950150]>{contents = "IO80211InterfaceEnableWoWOnCaptive"} = <CFBoolean 0x1a09506d8 [0x1a0950150]>{value = false}
}

12/23/2016 15:50:53.556 WiFiDeviceRequestAssociatedSleep: ActiveDuringSleepRequested is already removed ((null)).
12/23/2016 15:50:53.556 WoW Disabled, 0 WoW Clients, lpas is Enabled, WoW Override is Disabled, Captive Disabled
12/23/2016 15:50:53.556 Unable to dispatch WowStateChanged message to client MobileMail (268435460)
12/23/2016 15:50:53.556 Unable to dispatch WowStateChanged message to client dataaccessd (268435460)
12/23/2016 15:50:53.557 Unable to dispatch WowStateChanged message to client itunesstored (268435460)
12/23/2016 15:50:53.557 Unable to dispatch WowStateChanged message to client mediaserverd (268435460)
12/23/2016 15:50:53.557 WoW is Disabled, 0 WoW Clients
12/23/2016 15:50:53.558 WoW is Disabled, 0 WoW Clients
12/23/2016 15:50:53.561 WoW is Disabled, 0 WoW Clients
12/23/2016 15:50:58.558 Client apsd set type to normal application
12/23/2016 15:50:58.558 __WiFiManagerSetEnableState: state TRUE, manager->enable.setting TRUE, manager->unlockedSinceBoot TRUE
12/23/2016 15:50:58.558 BG Application: Not Present, BG Daemon: Present. Daemons: MobileMail mediaserverd 
12/23/2016 15:50:58.597 Client MobileMail set type to normal application
12/23/2016 15:50:58.597 __WiFiManagerSetEnableState: state TRUE, manager->enable.setting TRUE, manager->unlockedSinceBoot TRUE
12/23/2016 15:50:58.598 BG Application: Not Present, BG Daemon: Present. Daemons: mediaserverd 
12/23/2016 15:51:25.036 __WiFiManagerCellularTransmitCallback_block_invoke: Cellular Transmit Started = TRUE
12/23/2016 15:51:37.185 __WiFiManagerCellularTransmitCallback_block_invoke: Cellular Transmit Started = FALSE
12/23/2016 15:51:37.463 DeviceClient["WirelessRadioMan"] setCoexParameters["MWS_Coex_Enabled_Channels"] = <CFArray 0x14cd93c20 [0x1a0950150]>{type = mutable-small, count = 3, values = (
	0 : <CFBasicHash 0x14cda7980 [0x1a0950150]>{type = mutable dict, count = 1,
entries =>
	2 : <CFString 0x14cdaa870 [0x1a0950150]>{contents = "MWS_Channel_Number"} = <CFNumber 0xb0000000000000b3 [0x1a0950150]>{value = +11, type = kCFNumberSInt64Type}
}

	1 : <CFBasicHash 0x14cfb8320 [0x1a0950150]>{type = mutable dict, count = 1,
entries =>
	2 : <CFString 0x14cdaa870 [0x1a0950150]>{contents = "MWS_Channel_Number"} = <CFNumber 0xb0000000000000c3 [0x1a0950150]>{value = +12, type = kCFNumberSInt64Type}
}

	2 : <CFBasicHash 0x14cd73490 [0x1a0950150]>{type = mutable dict, count = 1,
entries =>
	2 : <CFString 0x14cdaa870 [0x1a0950150]>{contents = "MWS_Channel_Number"} = <CFNumber 0xb0000000000000d3 [0x1a0950150]>{value = +13, type = kCFNumberSInt64Type}
}

)}
12/23/2016 15:51:37.464 DeviceClient["WirelessRadioMan"] setCoexParameters["MWS_WLAN_RX_PRI_THRESHOLD"] = 2
12/23/2016 15:51:37.488 DeviceClient["WirelessRadioMan"] setCoexParameters["MWS_Coex_Enabled_Channels"] = <CFArray 0x14cd33d20 [0x1a0950150]>{type = mutable-small, count = 1, values = (
	0 : <CFBasicHash 0x14cd94740 [0x1a0950150]>{type = mutable dict, count = 1,
entries =>
	2 : <CFString 0x14cd93c20 [0x1a0950150]>{contents = "MWS_Channel_Number"} = <CFNumber 0xb000000000000003 [0x1a0950150]>{value = +0, type = kCFNumberSInt64Type}
}

)}
12/23/2016 15:51:37.489 DeviceClient["WirelessRadioMan"] setCoexParameters["MWS_WLAN_RX_PRI_THRESHOLD"] = 0
12/23/2016 15:51:56.745 __WiFiManagerCellularTransmitCallback_block_invoke: Cellular Transmit Started = TRUE
12/23/2016 15:52:13.009 __WiFiManagerCellularTransmitCallback_block_invoke: Cellular Transmit Started = FALSE
12/23/2016 15:52:13.303 DeviceClient["WirelessRadioMan"] setCoexParameters["MWS_Coex_Enabled_Channels"] = <CFArray 0x14cdf7f90 [0x1a0950150]>{type = mutable-small, count = 3, values = (
	0 : <CFBasicHash 0x14cd7edc0 [0x1a0950150]>{type = mutable dict, count = 1,
entries =>
	2 : <CFString 0x14cd33d20 [0x1a0950150]>{contents = "MWS_Channel_Number"} = <CFNumber 0xb0000000000000b3 [0x1a0950150]>{value = +11, type = kCFNumberSInt64Type}
}

	1 : <CFBasicHash 0x14cd73490 [0x1a0950150]>{type = mutable dict, count = 1,
entries =>
	2 : <CFString 0x14cd33d20 [0x1a0950150]>{contents = "MWS_Channel_Number"} = <CFNumber 0xb0000000000000c3 [0x1a0950150]>{value = +12, type = kCFNumberSInt64Type}
}

	2 : <CFBasicHash 0x14cfb8320 [0x1a0950150]>{type = mutable dict, count = 1,
entries =>
	2 : <CFString 0x14cd33d20 [0x1a0950150]>{contents = "MWS_Channel_Number"} = <CFNumber 0xb0000000000000d3 [0x1a0950150]>{value = +13, type = kCFNumberSInt64Type}
}

)}
12/23/2016 15:52:13.304 DeviceClient["WirelessRadioMan"] setCoexParameters["MWS_WLAN_RX_PRI_THRESHOLD"] = 2
12/23/2016 15:52:13.329 DeviceClient["WirelessRadioMan"] setCoexParameters["MWS_Coex_Enabled_Channels"] = <CFArray 0x14cd97100 [0x1a0950150]>{type = mutable-small, count = 1, values = (
	0 : <CFBasicHash 0x14cd94740 [0x1a0950150]>{type = mutable dict, count = 1,
entries =>
	2 : <CFString 0x14cdf7f90 [0x1a0950150]>{contents = "MWS_Channel_Number"} = <CFNumber 0xb000000000000003 [0x1a0950150]>{value = +0, type = kCFNumberSInt64Type}
}

)}
12/23/2016 15:52:13.330 DeviceClient["WirelessRadioMan"] setCoexParameters["MWS_WLAN_RX_PRI_THRESHOLD"] = 0
12/23/2016 15:52:38.367 __WiFiManagerCellularTransmitCallback_block_invoke: Cellular Transmit Started = TRUE
12/23/2016 15:52:44.655 WiFiLocaleManagerCheckLocale: trying to determine locale...
12/23/2016 15:52:44.655 WiFiManagerCoreLocationGetCachedLocation: getting cached location...
12/23/2016 15:52:44.678 __WiFiLocaleManagerGetLocaleFromMcc: finding iso country code for mcc 232 ....
12/23/2016 15:52:44.678 WiFiLocationServiceManagerIsLocationValid: cachedLocationTimeout 120.000000 location age 285.442100secs, lifeSpan -1.000000 accuracy 65.000000(highAccReq 0), isValid 1
12/23/2016 15:52:44.678 WiFiLocationServiceManagerStartLowAccuracyMonitoring: Cached low accuracy location is valid
12/23/2016 15:52:44.678 WiFiLocationServiceManagerIsLocationValid: cachedLocationTimeout 120.000000 location age 285.442243secs, lifeSpan -1.000000 accuracy 65.000000(highAccReq 1), isValid 1
12/23/2016 15:52:44.678 WiFiLocationServiceManagerIsLocationValid: cachedLocationTimeout 120.000000 location age 285.442298secs, lifeSpan -1.000000 accuracy 65.000000(highAccReq 0), isValid 1
12/23/2016 15:52:44.678 __WiFiLocationServiceManagerProcessLocationAvailableEvent: isValidHighAccuracyLocation 1,  isValidLowAccuracyLocation 1
12/23/2016 15:52:44.678 __WiFiLocationServiceManagerProcessLocationAvailableEvent: give low accuracy callback
12/23/2016 15:52:44.679 __WiFiLocaleManagerGetLocaleFromLocation: <+47.97759404,+16.84770618> +/- 65.00m (speed -1.00 mps / course -1.00) @ 12/23/16, 3:47:59 PM Central European Standard Time
12/23/2016 15:52:44.679 locale from bounding box 
12/23/2016 15:52:44.679 new locale:  , locale: 
12/23/2016 15:52:44.679 Stopping Low Accuracy Location Monitoring
12/23/2016 15:52:44.679 CLMonitoring is already stopped
12/23/2016 15:52:44.679 Stopping Low Accuracy Location Monitoring
12/23/2016 15:52:44.679 CLMonitoring is already stopped
12/23/2016 15:52:44.679 __WiFiLocationServiceManagerEventCallback, got cb dict {
    eventType = 0;
    location = "<+47.97759404,+16.84770618> +/- 65.00m (speed -1.00 mps / course -1.00) @ 12/23/16, 3:47:59 PM Central European Standard Time";
}
12/23/2016 15:52:44.680 WiFiLocationServiceManagerIsLocationValid: cachedLocationTimeout 120.000000 location age 285.444406secs, lifeSpan -1.000000 accuracy 65.000000(highAccReq 1), isValid 1
12/23/2016 15:52:44.680 WiFiLocationServiceManagerIsLocationValid: cachedLocationTimeout 120.000000 location age 285.444459secs, lifeSpan -1.000000 accuracy 65.000000(highAccReq 0), isValid 1
12/23/2016 15:52:44.680 __WiFiLocationServiceManagerProcessLocationAvailableEvent: isValidHighAccuracyLocation 1,  isValidLowAccuracyLocation 1
12/23/2016 15:52:48.539 __WiFiManagerCellularTransmitCallback_block_invoke: Cellular Transmit Started = FALSE
12/23/2016 15:53:49.657 __WiFiManagerCellularTransmitCallback_block_invoke: Cellular Transmit Started = TRUE
12/23/2016 15:53:59.738 __WiFiManagerCellularTransmitCallback_block_invoke: Cellular Transmit Started = FALSE
12/23/2016 15:54:31.624 __WiFiDeviceProcessDumpLogsEvent: Dump logs event received, dumped wifid log buffer to file
