12/24/2016 17:30:18.076 Power stats update: Type 0x6 UnassociatedSleepDur 0 AssociatedSleepDur 189918 TotalDur 194701 RoamDur 3989
12/24/2016 17:30:18.076 WiFiAWDManagerSubmitMetric: metric container could not be generated for metric id <0x90010>
12/24/2016 17:30:18.077 __WiFiLQAMgrLogStats: Rssi: -70 Cca: 14 TxPer: 0.0% (0) BcnPer: 0.0% (0) RxFrms 0 TxRate: 0 RxRate: 0
12/24/2016 17:30:18.079 __WiFiDeviceCopyLinkChangedSubReasonString: Apple80211ReturnToString failed 1
12/24/2016 17:30:18.079 __WiFiDeviceProcessDriverAvailableEvent: driver availability true, reason Initializing(0xe0821803), subreason (null)(0x0)
12/24/2016 17:30:18.079 __WiFiManagerDispatchDeviceAvailable: driver availability true

12/24/2016 17:30:18.132 __WiFiDeviceManagerAutoAssociate: Already connected to DIGI-146A.
12/24/2016 17:30:18.133 WiFiAWDManagerSubmitMetric: metric container could not be generated for metric id <0x9000e>
12/24/2016 17:30:18.137 __WiFiDeviceManagerAwdlAvailableCallback: AWDL availability changed to TRUE
12/24/2016 17:30:18.138 __WiFiDeviceManagerAutoAssociate: Already connected to DIGI-146A.
12/24/2016 17:30:18.139 No Change in Background Scan Networks, Skip Re-Programming Background Scan

12/24/2016 17:30:18.143 __WiFiManagerCellularTransmitCallback_block_invoke: Cellular Transmit Started = FALSE
12/24/2016 17:30:18.368 Disable WoW requested by "apsd"
12/24/2016 17:30:18.369 WoW Capable = YES, Attempting to disable WoW and enable LPAS 
12/24/2016 17:30:18.369 Setting WoW params to <CFBasicHash 0x14cee0da0 [0x1a0950150]>{type = immutable dict, count = 3,
entries =>
	0 : <CFString 0x100175960 [0x1a0950150]>{contents = "IO80211InterfaceEnableLowPwrAssocMode"} = <CFBoolean 0x1a09506c8 [0x1a0950150]>{value = true}
	1 : <CFString 0x100175940 [0x1a0950150]>{contents = "IO80211InterfaceEnableWoW"} = <CFBoolean 0x1a09506d8 [0x1a0950150]>{value = false}
	2 : <CFString 0x100185ae0 [0x1a0950150]>{contents = "IO80211InterfaceEnableWoWOnCaptive"} = <CFBoolean 0x1a09506d8 [0x1a0950150]>{value = false}
}

12/24/2016 17:30:18.370 WiFiDeviceRequestAssociatedSleep: ActiveDuringSleepRequested is already set (<CFBasicHash 0x14cd72c40 [0x1a0950150]>{type = immutable dict, count = 0,
entries =>
}
).
12/24/2016 17:30:18.370 WoW Disabled, 0 WoW Clients, lpas is Enabled, WoW Override is Disabled, Captive Disabled
12/24/2016 17:30:18.371 Unable to dispatch WowStateChanged message to client MobileMail (268435460)
12/24/2016 17:30:18.377 Unable to dispatch WowStateChanged message to client dataaccessd (268435460)
12/24/2016 17:30:18.379 Unable to dispatch WowStateChanged message to client itunesstored (268435460)
12/24/2016 17:30:18.379 Unable to dispatch WowStateChanged message to client mediaserverd (268435460)
12/24/2016 17:30:18.383 Unable to dispatch WowStateChanged message to client assistantd (268435460)
12/24/2016 17:30:18.383 WoW is Disabled, 0 WoW Clients
12/24/2016 17:30:18.383 WoW is Disabled, 0 WoW Clients
12/24/2016 17:30:18.386 WoW is Disabled, 0 WoW Clients
12/24/2016 17:30:18.483 __WiFiManagerCellularTransmitCallback_block_invoke: Cellular Transmit Started = TRUE
12/24/2016 17:30:18.529 WoW is Disabled, 0 WoW Clients
12/24/2016 17:30:23.230 Client apsd set type to normal application
12/24/2016 17:30:23.230 __WiFiManagerSetEnableState: state TRUE, manager->enable.setting TRUE, manager->unlockedSinceBoot TRUE
12/24/2016 17:30:23.230 BG Application: Not Present, BG Daemon: Present. Daemons: assistantd mediaserverd 
12/24/2016 17:30:38.033 __WiFiLQAMgrLogStats: Rssi: -68 Cca: 62 TxPer: 0.0% (0) BcnPer: 0.0% (0) RxFrms 1 TxRate: 52000 RxRate: 52000
12/24/2016 17:30:43.042 __WiFiLQAMgrLogStats: Rssi: -69 Cca: 62 TxPer: 0.0% (0) BcnPer: 0.0% (50) RxFrms 1 TxRate: 52000 RxRate: 52000
12/24/2016 17:30:48.050 __WiFiLQAMgrLogStats: Rssi: -69 Cca: 62 TxPer: 0.0% (0) BcnPer: 0.0% (50) RxFrms 1 TxRate: 52000 RxRate: 52000
12/24/2016 17:30:48.878 Background Network Application entered
12/24/2016 17:30:48.879 BG Application: Present, BG Daemon: Present. Daemons: assistantd mediaserverd 
12/24/2016 17:30:48.879 __WiFiManagerSetEnableState: state TRUE, manager->enable.setting TRUE, manager->unlockedSinceBoot TRUE
12/24/2016 17:30:48.879 __WiFiDeviceManagerAutoAssociate: Already connected to DIGI-146A.
12/24/2016 17:30:48.880 Background Network Application entered
12/24/2016 17:30:48.881 BG Application: Not Present, BG Daemon: Present. Daemons: assistantd mediaserverd 
12/24/2016 17:30:48.881 __WiFiManagerSetEnableState: state TRUE, manager->enable.setting TRUE, manager->unlockedSinceBoot TRUE
12/24/2016 17:30:48.881 __WiFiDeviceManagerAutoAssociate: Already connected to DIGI-146A.
12/24/2016 17:30:49.484 Received kIOMessageSystemWillSleep
12/24/2016 17:30:49.484 System Sleep notification, Disabling auto-join
12/24/2016 17:30:49.484 __WiFiManagerSetEnableState: state FALSE, manager->enable.setting TRUE, manager->unlockedSinceBoot TRUE
12/24/2016 17:30:49.484 Disabling automatic association
12/24/2016 17:30:49.530 WoW is Disabled, 0 WoW Clients
12/24/2016 17:30:49.621 __WiFiDeviceCopyLinkChangedSubReasonString: Apple80211ReturnToString failed 1
12/24/2016 17:30:49.621 __WiFiDeviceProcessDriverAvailableEvent: driver availability false, reason PowerOff(0xe0821804), subreason (null)(0x0)
12/24/2016 17:30:49.621 __WiFiManagerDispatchDeviceAvailable: driver availability false

12/24/2016 17:30:49.622 WiFiAWDManagerSubmitMetric: metric container could not be generated for metric id <0x9000e>
12/24/2016 17:30:49.625 __WiFiDeviceManagerAwdlAvailableCallback: AWDL availability changed to FALSE
12/24/2016 17:30:49.633 WoW is Disabled, 0 WoW Clients
12/24/2016 17:31:36.043 Received kIOMessageSystemWillPowerOn
12/24/2016 17:31:36.062 System wake reason: AOP.ExternalReq menu
12/24/2016 17:31:36.062 System Powered ON notification Re-enabling auto-join
12/24/2016 17:31:36.062 __WiFiManagerSetEnableState: state TRUE, manager->enable.setting TRUE, manager->unlockedSinceBoot TRUE
12/24/2016 17:31:36.062 Enabling automatic association
12/24/2016 17:31:36.062 __WiFiDeviceManagerAutoAssociate: Already connected to DIGI-146A.
12/24/2016 17:31:36.062 WiFiLocaleManagerCheckLocale: trying to determine locale...
12/24/2016 17:31:36.062 WiFiManagerCoreLocationGetCachedLocation: getting cached location...
12/24/2016 17:31:36.183 __WiFiLocaleManagerGetLocaleFromMcc: finding iso country code for mcc 226 ....
12/24/2016 17:31:36.183 WiFiLocationServiceManagerIsLocationValid: cachedLocationTimeout 120.000000 location age 295.879882secs, lifeSpan -1.000000 accuracy 65.000000(highAccReq 0), isValid 1
12/24/2016 17:31:36.183 WiFiLocationServiceManagerStartLowAccuracyMonitoring: Cached low accuracy location is valid
12/24/2016 17:31:36.183 WiFiLocationServiceManagerIsLocationValid: cachedLocationTimeout 120.000000 location age 295.879967secs, lifeSpan -1.000000 accuracy 65.000000(highAccReq 1), isValid 1
12/24/2016 17:31:36.184 WiFiLocationServiceManagerIsLocationValid: cachedLocationTimeout 120.000000 location age 295.879986secs, lifeSpan -1.000000 accuracy 65.000000(highAccReq 0), isValid 1
12/24/2016 17:31:36.184 __WiFiLocationServiceManagerProcessLocationAvailableEvent: isValidHighAccuracyLocation 1,  isValidLowAccuracyLocation 1
12/24/2016 17:31:36.184 __WiFiLocationServiceManagerProcessLocationAvailableEvent: give low accuracy callback
12/24/2016 17:31:36.184 __WiFiLocaleManagerGetLocaleFromLocation: <+44.42602649,+26.13606746> +/- 65.00m (speed -1.00 mps / course -1.00) @ 12/24/16, 5:26:40 PM Eastern European Standard Time
12/24/2016 17:31:36.185 locale from bounding box 
12/24/2016 17:31:36.185 new locale:  , locale: 
12/24/2016 17:31:36.185 Stopping Low Accuracy Location Monitoring
12/24/2016 17:31:36.185 CLMonitoring is already stopped
12/24/2016 17:31:36.185 Stopping Low Accuracy Location Monitoring
12/24/2016 17:31:36.185 CLMonitoring is already stopped
12/24/2016 17:31:36.185 __WiFiLocationServiceManagerEventCallback, got cb dict {
    eventType = 0;
    location = "<+44.42602649,+26.13606746> +/- 65.00m (speed -1.00 mps / course -1.00) @ 12/24/16, 5:26:40 PM Eastern European Standard Time";
}
12/24/2016 17:31:36.185 WiFiLocationServiceManagerIsLocationValid: cachedLocationTimeout 120.000000 location age 295.881385secs, lifeSpan -1.000000 accuracy 65.000000(highAccReq 1), isValid 1
12/24/2016 17:31:36.185 WiFiLocationServiceManagerIsLocationValid: cachedLocationTimeout 120.000000 location age 295.881401secs, lifeSpan -1.000000 accuracy 65.000000(highAccReq 0), isValid 1
12/24/2016 17:31:36.185 __WiFiLocationServiceManagerProcessLocationAvailableEvent: isValidHighAccuracyLocation 1,  isValidLowAccuracyLocation 1
12/24/2016 17:31:36.185 Power stats update: Type 0x5 UnassociatedSleepDur 0 AssociatedSleepDur 29942 TotalDur 46354 RoamDur 0
12/24/2016 17:31:36.185 WiFiAWDManagerSubmitMetric: metric container could not be generated for metric id <0x90010>
12/24/2016 17:31:36.186 __WiFiDeviceManagerAwdlAvailableCallback: AWDL availability changed to TRUE
12/24/2016 17:31:36.198 Device display is ON
12/24/2016 17:31:36.198 __WiFiManagerSetEnableState: state TRUE, manager->enable.setting TRUE, manager->unlockedSinceBoot TRUE
12/24/2016 17:31:36.198 __WiFiDeviceManagerAutoAssociate: Already connected to DIGI-146A.
12/24/2016 17:31:36.198 __WiFiLQAMgrLogStats: Rssi: -67 Cca: 62 TxPer: 0.0% (0) BcnPer: 0.0% (0) RxFrms 0 TxRate: 0 RxRate: 0
12/24/2016 17:31:36.199 __WiFiDeviceCopyLinkChangedSubReasonString: Apple80211ReturnToString failed 1
12/24/2016 17:31:36.199 __WiFiDeviceProcessDriverAvailableEvent: driver availability true, reason Initializing(0xe0821803), subreason (null)(0x0)
12/24/2016 17:31:36.199 __WiFiManagerDispatchDeviceAvailable: driver availability true

12/24/2016 17:31:36.200 __WiFiDeviceManagerAutoAssociate: Already connected to DIGI-146A.
12/24/2016 17:31:36.200 WiFiAWDManagerSubmitMetric: metric container could not be generated for metric id <0x9000e>
12/24/2016 17:31:36.203 __WiFiDeviceManagerAutoAssociate: Already connected to DIGI-146A.
12/24/2016 17:31:36.203 No Change in Background Scan Networks, Skip Re-Programming Background Scan

12/24/2016 17:31:36.238 Async scan requested by "locationd" for 1 iterations with maxage=0 priority normal on en0
12/24/2016 17:31:36.238 Enqueuing command type: "Scan" pending commands: 0
12/24/2016 17:31:36.238 Dequeuing command type: "Scan" pending commands: 0
12/24/2016 17:31:36.240 Attempting Apple80211ScanAsync on en0
12/24/2016 17:31:36.246 WoW is Disabled, 0 WoW Clients
12/24/2016 17:31:36.287 __WiFiManagerCellularTransmitCallback_block_invoke: Cellular Transmit Started = FALSE
12/24/2016 17:31:36.411 Completed Apple80211ScanAsync on en0 (0x0)
12/24/2016 17:31:36.412 Async scan request completed for "locationd" (0)
12/24/2016 17:31:36.418 Async scan requested by "locationd" for 1 iterations with maxage=0 priority normal on en0
12/24/2016 17:31:36.418 Enqueuing command type: "Scan" pending commands: 0
12/24/2016 17:31:36.418 Dequeuing command type: "Scan" pending commands: 0
12/24/2016 17:31:36.418 Attempting Apple80211ScanAsync on en0
12/24/2016 17:31:36.826 Completed Apple80211ScanAsync on en0 (0x0)
12/24/2016 17:31:36.829 Async scan request completed for "locationd" (0)
12/24/2016 17:31:39.362 Device display is OFF
12/24/2016 17:31:39.756 __WiFiManagerCellularTransmitCallback_block_invoke: Cellular Transmit Started = TRUE
12/24/2016 17:31:40.922 
Too frequent(0.932874 secs) rssi event from driver, ignoring

12/24/2016 17:31:44.874 Received kIOMessageSystemWillSleep
12/24/2016 17:31:44.874 System Sleep notification, Disabling auto-join
12/24/2016 17:31:44.874 __WiFiManagerSetEnableState: state FALSE, manager->enable.setting TRUE, manager->unlockedSinceBoot TRUE
12/24/2016 17:31:44.874 Disabling automatic association
12/24/2016 17:31:44.927 WoW is Disabled, 0 WoW Clients
12/24/2016 17:31:45.055 __WiFiDeviceCopyLinkChangedSubReasonString: Apple80211ReturnToString failed 1
12/24/2016 17:31:45.055 __WiFiDeviceProcessDriverAvailableEvent: driver availability false, reason PowerOff(0xe0821804), subreason (null)(0x0)
12/24/2016 17:31:45.055 __WiFiManagerDispatchDeviceAvailable: driver availability false

12/24/2016 17:31:45.056 WiFiAWDManagerSubmitMetric: metric container could not be generated for metric id <0x9000e>
12/24/2016 17:31:45.059 __WiFiDeviceManagerAwdlAvailableCallback: AWDL availability changed to FALSE
12/24/2016 17:31:45.061 WoW is Disabled, 0 WoW Clients
12/24/2016 17:32:10.480 Received kIOMessageSystemWillPowerOn
12/24/2016 17:32:10.515 System wake reason: AOP.ExternalReq baseband
12/24/2016 17:32:10.515 System Powered ON notification Re-enabling auto-join
12/24/2016 17:32:10.515 __WiFiManagerSetEnableState: state TRUE, manager->enable.setting TRUE, manager->unlockedSinceBoot TRUE
12/24/2016 17:32:10.515 Enabling automatic association
12/24/2016 17:32:10.517 __WiFiDeviceManagerAutoAssociate: Already connected to DIGI-146A.
12/24/2016 17:32:10.517 WiFiLocaleManagerCheckLocale: trying to determine locale...
12/24/2016 17:32:10.517 WiFiManagerCoreLocationGetCachedLocation: getting cached location...
12/24/2016 17:32:10.519 __WiFiLocaleManagerGetLocaleFromMcc: finding iso country code for mcc 226 ....
12/24/2016 17:32:10.519 WiFiLocationServiceManagerIsLocationValid: cachedLocationTimeout 120.000000 location age 330.215875secs, lifeSpan -1.000000 accuracy 65.000000(highAccReq 0), isValid 1
12/24/2016 17:32:10.520 WiFiLocationServiceManagerStartLowAccuracyMonitoring: Cached low accuracy location is valid
12/24/2016 17:32:10.520 WiFiLocationServiceManagerIsLocationValid: cachedLocationTimeout 120.000000 location age 330.216146secs, lifeSpan -1.000000 accuracy 65.000000(highAccReq 1), isValid 1
12/24/2016 17:32:10.520 WiFiLocationServiceManagerIsLocationValid: cachedLocationTimeout 120.000000 location age 330.216243secs, lifeSpan -1.000000 accuracy 65.000000(highAccReq 0), isValid 1
12/24/2016 17:32:10.520 __WiFiLocationServiceManagerProcessLocationAvailableEvent: isValidHighAccuracyLocation 1,  isValidLowAccuracyLocation 1
12/24/2016 17:32:10.520 __WiFiLocationServiceManagerProcessLocationAvailableEvent: give low accuracy callback
12/24/2016 17:32:10.521 __WiFiLocaleManagerGetLocaleFromLocation: <+44.42602649,+26.13606746> +/- 65.00m (speed -1.00 mps / course -1.00) @ 12/24/16, 5:26:40 PM Eastern European Standard Time
12/24/2016 17:32:10.522 locale from bounding box 
12/24/2016 17:32:10.522 new locale:  , locale: 
12/24/2016 17:32:10.522 Stopping Low Accuracy Location Monitoring
12/24/2016 17:32:10.522 CLMonitoring is already stopped
12/24/2016 17:32:10.522 Stopping Low Accuracy Location Monitoring
12/24/2016 17:32:10.522 CLMonitoring is already stopped
12/24/2016 17:32:10.522 Power stats update: Type 0x5 UnassociatedSleepDur 0 AssociatedSleepDur 14022 TotalDur 25376 RoamDur 0
12/24/2016 17:32:10.522 WiFiAWDManagerSubmitMetric: metric container could not be generated for metric id <0x90010>
12/24/2016 17:32:10.523 __WiFiLocationServiceManagerEventCallback, got cb dict {
    eventType = 0;
    location = "<+44.42597720,+26.13592794> +/- 165.00m (speed -1.00 mps / course -1.00) @ 12/24/16, 5:31:45 PM Eastern European Standard Time";
}
12/24/2016 17:32:10.524 WiFiLocationServiceManagerIsLocationValid: cachedLocationTimeout 120.000000 location age 25.107950secs, lifeSpan -1.000000 accuracy 165.000000(highAccReq 1), isValid 1
12/24/2016 17:32:10.524 WiFiLocationServiceManagerIsLocationValid: cachedLocationTimeout 120.000000 location age 25.108047secs, lifeSpan -1.000000 accuracy 165.000000(highAccReq 0), isValid 1
12/24/2016 17:32:10.524 __WiFiLocationServiceManagerProcessLocationAvailableEvent: isValidHighAccuracyLocation 1,  isValidLowAccuracyLocation 1
12/24/2016 17:32:10.524 __WiFiLQAMgrLogStats: Rssi: -69 Cca: 12 TxPer: 0.0% (0) BcnPer: 0.0% (0) RxFrms 0 TxRate: 0 RxRate: 0
12/24/2016 17:32:10.527 __WiFiDeviceCopyLinkChangedSubReasonString: Apple80211ReturnToString failed 1
12/24/2016 17:32:10.527 __WiFiDeviceProcessDriverAvailableEvent: driver availability true, reason Initializing(0xe0821803), subreason (null)(0x0)
12/24/2016 17:32:10.528 __WiFiManagerDispatchDeviceAvailable: driver availability true

12/24/2016 17:32:10.537 __WiFiDeviceManagerAutoAssociate: Already connected to DIGI-146A.
12/24/2016 17:32:10.538 WiFiAWDManagerSubmitMetric: metric container could not be generated for metric id <0x9000e>
12/24/2016 17:32:10.538 __WiFiDeviceManagerAutoAssociate: Already connected to DIGI-146A.
12/24/2016 17:32:10.539 No Change in Background Scan Networks, Skip Re-Programming Background Scan

12/24/2016 17:32:10.543 Async scan requested by "locationd" for 1 iterations with maxage=0 priority normal on en0
12/24/2016 17:32:10.543 Enqueuing command type: "Scan" pending commands: 0
12/24/2016 17:32:10.543 Dequeuing command type: "Scan" pending commands: 0
12/24/2016 17:32:10.543 Attempting Apple80211ScanAsync on en0
12/24/2016 17:32:10.551 __WiFiDeviceManagerAwdlAvailableCallback: AWDL availability changed to TRUE
12/24/2016 17:32:10.609 __WiFiManagerCellularTransmitCallback_block_invoke: Cellular Transmit Started = TRUE
12/24/2016 17:32:10.609 
Too frequent(0.084690 secs) rssi event from driver, ignoring

12/24/2016 17:32:10.947 Completed Apple80211ScanAsync on en0 (0x0)
12/24/2016 17:32:10.949 Async scan request completed for "locationd" (0)
12/24/2016 17:32:11.030 WoW is Disabled, 0 WoW Clients
12/24/2016 17:32:15.347 __WiFiManagerCellularTransmitCallback_block_invoke: Cellular Transmit Started = FALSE
12/24/2016 17:32:15.615 
Too frequent(0.160347 secs) rssi event from driver, ignoring

12/24/2016 17:32:19.416 WiFiLocaleManagerCheckLocale: trying to determine locale...
12/24/2016 17:32:19.416 WiFiManagerCoreLocationGetCachedLocation: getting cached location...
12/24/2016 17:32:19.440 __WiFiLocaleManagerGetLocaleFromMcc: finding iso country code for mcc 226 ....
12/24/2016 17:32:19.440 WiFiLocationServiceManagerIsLocationValid: cachedLocationTimeout 120.000000 location age 34.023704secs, lifeSpan -1.000000 accuracy 165.000000(highAccReq 0), isValid 1
12/24/2016 17:32:19.440 WiFiLocationServiceManagerStartLowAccuracyMonitoring: Cached low accuracy location is valid
12/24/2016 17:32:19.440 WiFiLocationServiceManagerIsLocationValid: cachedLocationTimeout 120.000000 location age 34.023846secs, lifeSpan -1.000000 accuracy 165.000000(highAccReq 1), isValid 1
12/24/2016 17:32:19.440 WiFiLocationServiceManagerIsLocationValid: cachedLocationTimeout 120.000000 location age 34.023900secs, lifeSpan -1.000000 accuracy 165.000000(highAccReq 0), isValid 1
12/24/2016 17:32:19.440 __WiFiLocationServiceManagerProcessLocationAvailableEvent: isValidHighAccuracyLocation 1,  isValidLowAccuracyLocation 1
12/24/2016 17:32:19.440 __WiFiLocationServiceManagerProcessLocationAvailableEvent: give low accuracy callback
12/24/2016 17:32:19.441 __WiFiLocaleManagerGetLocaleFromLocation: <+44.42597720,+26.13592794> +/- 165.00m (speed -1.00 mps / course -1.00) @ 12/24/16, 5:31:45 PM Eastern European Standard Time
12/24/2016 17:32:19.441 locale from bounding box 
12/24/2016 17:32:19.441 new locale:  , locale: 
12/24/2016 17:32:19.441 Stopping Low Accuracy Location Monitoring
12/24/2016 17:32:19.441 CLMonitoring is already stopped
12/24/2016 17:32:19.441 Stopping Low Accuracy Location Monitoring
12/24/2016 17:32:19.441 CLMonitoring is already stopped
12/24/2016 17:32:19.441 __WiFiLocationServiceManagerEventCallback, got cb dict {
    eventType = 0;
    location = "<+44.42596726,+26.13592910> +/- 65.00m (speed -1.00 mps / course -1.00) @ 12/24/16, 5:32:19 PM Eastern European Standard Time";
}
12/24/2016 17:32:19.442 WiFiLocationServiceManagerIsLocationValid: cachedLocationTimeout 120.000000 location age 0.022470secs, lifeSpan -1.000000 accuracy 65.000000(highAccReq 1), isValid 1
12/24/2016 17:32:19.442 WiFiLocationServiceManagerIsLocationValid: cachedLocationTimeout 120.000000 location age 0.022525secs, lifeSpan -1.000000 accuracy 65.000000(highAccReq 0), isValid 1
12/24/2016 17:32:19.442 __WiFiLocationServiceManagerProcessLocationAvailableEvent: isValidHighAccuracyLocation 1,  isValidLowAccuracyLocation 1
12/24/2016 17:32:20.632 
Too frequent(0.168693 secs) rssi event from driver, ignoring

12/24/2016 17:32:20.821 Received kIOMessageSystemWillSleep
12/24/2016 17:32:20.821 System Sleep notification, Disabling auto-join
12/24/2016 17:32:20.821 __WiFiManagerSetEnableState: state FALSE, manager->enable.setting TRUE, manager->unlockedSinceBoot TRUE
12/24/2016 17:32:20.821 Disabling automatic association
12/24/2016 17:32:20.863 WoW is Disabled, 0 WoW Clients
12/24/2016 17:32:20.944 __WiFiDeviceCopyLinkChangedSubReasonString: Apple80211ReturnToString failed 1
12/24/2016 17:32:20.944 __WiFiDeviceProcessDriverAvailableEvent: driver availability false, reason PowerOff(0xe0821804), subreason (null)(0x0)
12/24/2016 17:32:20.944 __WiFiManagerDispatchDeviceAvailable: driver availability false

12/24/2016 17:32:20.946 WiFiAWDManagerSubmitMetric: metric container could not be generated for metric id <0x9000e>
12/24/2016 17:32:20.953 __WiFiDeviceManagerAwdlAvailableCallback: AWDL availability changed to FALSE
12/24/2016 17:32:20.965 WoW is Disabled, 0 WoW Clients
12/24/2016 17:37:22.024 Received kIOMessageSystemWillPowerOn
12/24/2016 17:37:22.024 System wake reason: AOP.ExternalReq wlan
12/24/2016 17:37:22.024 System Powered ON notification Re-enabling auto-join
12/24/2016 17:37:22.024 __WiFiManagerSetEnableState: state TRUE, manager->enable.setting TRUE, manager->unlockedSinceBoot TRUE
12/24/2016 17:37:22.025 Enabling automatic association
12/24/2016 17:37:22.025 __WiFiDeviceManagerAutoAssociate: Already connected to DIGI-146A.
12/24/2016 17:37:22.026 WiFiLocaleManagerCheckLocale: trying to determine locale...
12/24/2016 17:37:22.026 WiFiManagerCoreLocationGetCachedLocation: getting cached location...
12/24/2016 17:37:22.030 __WiFiLocaleManagerGetLocaleFromMcc: finding iso country code for mcc 226 ....
12/24/2016 17:37:22.030 WiFiLocationServiceManagerIsLocationValid: cachedLocationTimeout 120.000000 location age 302.610800secs, lifeSpan -1.000000 accuracy 65.000000(highAccReq 0), isValid 1
12/24/2016 17:37:22.030 WiFiLocationServiceManagerStartLowAccuracyMonitoring: Cached low accuracy location is valid
12/24/2016 17:37:22.034 WiFiLocationServiceManagerIsLocationValid: cachedLocationTimeout 120.000000 location age 302.614070secs, lifeSpan -1.000000 accuracy 65.000000(highAccReq 1), isValid 1
12/24/2016 17:37:22.034 WiFiLocationServiceManagerIsLocationValid: cachedLocationTimeout 120.000000 location age 302.614138secs, lifeSpan -1.000000 accuracy 65.000000(highAccReq 0), isValid 1
12/24/2016 17:37:22.034 __WiFiLocationServiceManagerProcessLocationAvailableEvent: isValidHighAccuracyLocation 1,  isValidLowAccuracyLocation 1
12/24/2016 17:37:22.034 __WiFiLocationServiceManagerProcessLocationAvailableEvent: give low accuracy callback
12/24/2016 17:37:22.035 __WiFiLocaleManagerGetLocaleFromLocation: <+44.42596726,+26.13592910> +/- 65.00m (speed -1.00 mps / course -1.00) @ 12/24/16, 5:32:19 PM Eastern European Standard Time
12/24/2016 17:37:22.035 locale from bounding box 
12/24/2016 17:37:22.035 new locale:  , locale: 
12/24/2016 17:37:22.035 Stopping Low Accuracy Location Monitoring
12/24/2016 17:37:22.035 CLMonitoring is already stopped
12/24/2016 17:37:22.035 Stopping Low Accuracy Location Monitoring
12/24/2016 17:37:22.035 CLMonitoring is already stopped
12/24/2016 17:37:22.035 __WiFiDeviceProcessDumpLogsEvent: Dump logs event received, dumped wifid log buffer to file
