12/23/2016 15:24:34.007 __WiFiManagerCellularTransmitCallback_block_invoke: Cellular Transmit Started = FALSE
12/23/2016 15:24:44.665 WiFiLocaleManagerCheckLocale: trying to determine locale...
12/23/2016 15:24:44.665 WiFiManagerCoreLocationGetCachedLocation: getting cached location...
12/23/2016 15:24:44.682 __WiFiLocaleManagerGetLocaleFromMcc: finding iso country code for mcc 232 ....
12/23/2016 15:24:44.682 WiFiLocationServiceManagerIsLocationValid: cachedLocationTimeout 120.000000 location age 120.013231secs, lifeSpan -1.000000 accuracy 4000.000000(highAccReq 0), isValid 1
12/23/2016 15:24:44.682 WiFiLocationServiceManagerStartLowAccuracyMonitoring: Cached low accuracy location is valid
12/23/2016 15:24:44.682 WiFiLocationServiceManagerIsLocationValid: cachedLocationTimeout 120.000000 location age 120.013373secs, lifeSpan -1.000000 accuracy 4000.000000(highAccReq 1), isValid 0
12/23/2016 15:24:44.682 WiFiLocationServiceManagerIsLocationValid: cachedLocationTimeout 120.000000 location age 120.013427secs, lifeSpan -1.000000 accuracy 4000.000000(highAccReq 0), isValid 1
12/23/2016 15:24:44.682 __WiFiLocationServiceManagerProcessLocationAvailableEvent: isValidHighAccuracyLocation 0,  isValidLowAccuracyLocation 1
12/23/2016 15:24:44.682 __WiFiLocationServiceManagerProcessLocationAvailableEvent: give low accuracy callback
12/23/2016 15:24:44.683 __WiFiLocaleManagerGetLocaleFromLocation: <+47.97769374,+16.84026183> +/- 4000.00m (speed -1.00 mps / course -1.00) @ 12/23/16, 3:22:44 PM Central European Standard Time
12/23/2016 15:24:44.683 locale from bounding box 
12/23/2016 15:24:44.683 new locale:  , locale: 
12/23/2016 15:24:44.683 Stopping Low Accuracy Location Monitoring
12/23/2016 15:24:44.683 CLMonitoring is already stopped
12/23/2016 15:24:44.683 Stopping Low Accuracy Location Monitoring
12/23/2016 15:24:44.683 CLMonitoring is already stopped
12/23/2016 15:24:44.683 __WiFiLocationServiceManagerEventCallback, got cb dict {
    eventType = 0;
    location = "<+47.97769374,+16.84026183> +/- 4000.00m (speed -1.00 mps / course -1.00) @ 12/23/16, 3:24:44 PM Central European Standard Time";
}
12/23/2016 15:24:44.684 WiFiLocationServiceManagerIsLocationValid: cachedLocationTimeout 120.000000 location age 0.016141secs, lifeSpan -1.000000 accuracy 4000.000000(highAccReq 1), isValid 0
12/23/2016 15:24:44.684 WiFiLocationServiceManagerIsLocationValid: cachedLocationTimeout 120.000000 location age 0.016195secs, lifeSpan -1.000000 accuracy 4000.000000(highAccReq 0), isValid 1
12/23/2016 15:24:44.684 __WiFiLocationServiceManagerProcessLocationAvailableEvent: isValidHighAccuracyLocation 0,  isValidLowAccuracyLocation 1
12/23/2016 15:24:45.194 DeviceClient["WirelessRadioMan"] setCoexParameters["MWS_Blacklisted_Channels"] = <CFArray 0x14cec8a60 [0x1a0950150]>{type = mutable-small, count = 4, values = (
	0 : <CFBasicHash 0x14ce36130 [0x1a0950150]>{type = mutable dict, count = 1,
entries =>
	2 : <CFString 0x14ce7fe20 [0x1a0950150]>{contents = "MWS_Channel_Number"} = <CFNumber 0xb0000000000000a3 [0x1a0950150]>{value = +10, type = kCFNumberSInt64Type}
}

	1 : <CFBasicHash 0x14ce9a160 [0x1a0950150]>{type = mutable dict, count = 1,
entries =>
	2 : <CFString 0x14ce7fe20 [0x1a0950150]>{contents = "MWS_Channel_Number"} = <CFNumber 0xb0000000000000b3 [0x1a0950150]>{value = +11, type = kCFNumberSInt64Type}
}

	2 : <CFBasicHash 0x14ce89c10 [0x1a0950150]>{type = mutable dict, count = 1,
entries =>
	2 : <CFString 0x14ce7fe20 [0x1a0950150]>{contents = "MWS_Channel_Number"} = <CFNumber 0xb0000000000000c3 [0x1a0950150]>{value = +12, type = kCFNumberSInt64Type}
}

	3 : <CFBasicHash 0x14ce754f0 [0x1a0950150]>{type = mutable dict, count = 1,
entries =>
	2 : <CFString 0x14ce7fe20 [0x1a0950150]>{contents = "MWS_Channel_Number"} = <CFNumber 0xb0000000000000d3 [0x1a0950150]>{value = +13, type = kCFNumberSInt64Type}
}

)}
12/23/2016 15:24:45.318 DeviceClient["WirelessRadioMan"] setCoexParameters["MWS_Blacklisted_Channels"] = <CFArray 0x14cd7e250 [0x1a0950150]>{type = mutable-small, count = 3, values = (
	0 : <CFBasicHash 0x14cda7980 [0x1a0950150]>{type = mutable dict, count = 1,
entries =>
	2 : <CFString 0x14cf270e0 [0x1a0950150]>{contents = "MWS_Channel_Number"} = <CFNumber 0xb0000000000000b3 [0x1a0950150]>{value = +11, type = kCFNumberSInt64Type}
}

	1 : <CFBasicHash 0x14cd79490 [0x1a0950150]>{type = mutable dict, count = 1,
entries =>
	2 : <CFString 0x14cf270e0 [0x1a0950150]>{contents = "MWS_Channel_Number"} = <CFNumber 0xb0000000000000c3 [0x1a0950150]>{value = +12, type = kCFNumberSInt64Type}
}

	2 : <CFBasicHash 0x14cf10e20 [0x1a0950150]>{type = mutable dict, count = 1,
entries =>
	2 : <CFString 0x14cf270e0 [0x1a0950150]>{contents = "MWS_Channel_Number"} = <CFNumber 0xb0000000000000d3 [0x1a0950150]>{value = +13, type = kCFNumberSInt64Type}
}

)}
12/23/2016 15:24:45.664 __WiFiManagerCellularTransmitCallback_block_invoke: Cellular Transmit Started = TRUE
12/23/2016 15:24:45.854 Async scan requested by "locationd" for 1 iterations with maxage=0 priority low on en0
12/23/2016 15:24:45.855 Enqueuing command type: "Scan" pending commands: 0
12/23/2016 15:24:45.855 Dequeuing command type: "Scan" pending commands: 0
12/23/2016 15:24:45.855 Attempting Apple80211ScanAsync on en0
12/23/2016 15:24:46.089 __WiFiManagerCellularTransmitCallback_block_invoke: Cellular Transmit Started = FALSE
12/23/2016 15:24:46.253 DeviceClient["WirelessRadioMan"] setCoexParameters["MWS_Blacklisted_Channels"] = <CFArray 0x14cd6d9d0 [0x1a0950150]>{type = mutable-small, count = 4, values = (
	0 : <CFBasicHash 0x14cdba640 [0x1a0950150]>{type = mutable dict, count = 1,
entries =>
	2 : <CFString 0x14cd6aba0 [0x1a0950150]>{contents = "MWS_Channel_Number"} = <CFNumber 0xb0000000000000a3 [0x1a0950150]>{value = +10, type = kCFNumberSInt64Type}
}

	1 : <CFBasicHash 0x14cfa8530 [0x1a0950150]>{type = mutable dict, count = 1,
entries =>
	2 : <CFString 0x14cd6aba0 [0x1a0950150]>{contents = "MWS_Channel_Number"} = <CFNumber 0xb0000000000000b3 [0x1a0950150]>{value = +11, type = kCFNumberSInt64Type}
}

	2 : <CFBasicHash 0x14cd7e6d0 [0x1a0950150]>{type = mutable dict, count = 1,
entries =>
	2 : <CFString 0x14cd6aba0 [0x1a0950150]>{contents = "MWS_Channel_Number"} = <CFNumber 0xb0000000000000c3 [0x1a0950150]>{value = +12, type = kCFNumberSInt64Type}
}

	3 : <CFBasicHash 0x14cd84570 [0x1a0950150]>{type = mutable dict, count = 1,
entries =>
	2 : <CFString 0x14cd6aba0 [0x1a0950150]>{contents = "MWS_Channel_Number"} = <CFNumber 0xb0000000000000d3 [0x1a0950150]>{value = +13, type = kCFNumberSInt64Type}
}

)}
12/23/2016 15:24:46.277 __WiFiManagerCellularTransmitCallback_block_invoke: Cellular Transmit Started = TRUE
12/23/2016 15:24:47.404 Completed Apple80211ScanAsync on en0 (0x0)
12/23/2016 15:24:47.405 Async scan request completed for "locationd" (0)
12/23/2016 15:24:47.438 __WiFiManagerCellularTransmitCallback_block_invoke: Cellular Transmit Started = FALSE
12/23/2016 15:24:47.567 High bw cellular data available, so WiFi would disconnect under low signal quality
12/23/2016 15:24:47.574 WiFiLQAMgrSetWiFiFallBackPref: LQAManager WiFiFallBackPreference disabled 
12/23/2016 15:24:48.315 __WiFiManagerCellularTransmitCallback_block_invoke: Cellular Transmit Started = TRUE
12/23/2016 15:24:49.964 Client dataaccessd set type to background application
12/23/2016 15:24:49.965 __WiFiManagerSetEnableState: state TRUE, manager->enable.setting TRUE, manager->unlockedSinceBoot TRUE
12/23/2016 15:24:49.965 BG Application: Not Present, BG Daemon: Present. Daemons: mediaserverd dataaccessd 
12/23/2016 15:24:49.965 Auto association attempt canceled because MIS is enabled. MIS client count: wifi=1 bt=0
12/23/2016 15:24:50.494 Client dataaccessd set type to normal application
12/23/2016 15:24:50.494 __WiFiManagerSetEnableState: state TRUE, manager->enable.setting TRUE, manager->unlockedSinceBoot TRUE
12/23/2016 15:24:50.494 BG Application: Not Present, BG Daemon: Present. Daemons: mediaserverd 
12/23/2016 15:24:50.506 Client dataaccessd set type to background application
12/23/2016 15:24:50.506 __WiFiManagerSetEnableState: state TRUE, manager->enable.setting TRUE, manager->unlockedSinceBoot TRUE
12/23/2016 15:24:50.506 BG Application: Not Present, BG Daemon: Present. Daemons: mediaserverd dataaccessd 
12/23/2016 15:24:50.506 Auto association attempt canceled because MIS is enabled. MIS client count: wifi=1 bt=0
12/23/2016 15:24:51.275 Client dataaccessd set type to background application
12/23/2016 15:24:52.218 ATJManager: setting ask-to-join interaction mode to NonInteractive
12/23/2016 15:24:52.218 ATJManager: no entries to purge
12/23/2016 15:24:52.219 User interaction DISABLED
12/23/2016 15:24:52.219 Ignoring lock state manager->wakeMode 1

12/23/2016 15:24:52.220 Device display is OFF
12/23/2016 15:24:52.450 Client dataaccessd set type to normal application
12/23/2016 15:24:52.450 __WiFiManagerSetEnableState: state TRUE, manager->enable.setting TRUE, manager->unlockedSinceBoot TRUE
12/23/2016 15:24:52.451 BG Application: Not Present, BG Daemon: Present. Daemons: mediaserverd 
12/23/2016 15:24:52.451 Client dataaccessd set type to background application
12/23/2016 15:24:52.451 __WiFiManagerSetEnableState: state TRUE, manager->enable.setting TRUE, manager->unlockedSinceBoot TRUE
12/23/2016 15:24:52.456 BG Application: Not Present, BG Daemon: Present. Daemons: mediaserverd dataaccessd 
12/23/2016 15:24:52.457 Auto association attempt canceled because MIS is enabled. MIS client count: wifi=1 bt=0
12/23/2016 15:24:52.571 Foreground Network Application exited.
12/23/2016 15:24:52.571 BG Application: Not Present, BG Daemon: Present. Daemons: mediaserverd dataaccessd 
12/23/2016 15:24:52.571 LPAS is Enabled
12/23/2016 15:24:52.571 LPAS Enabled, Skip starting Disassocation timer
12/23/2016 15:24:53.053 Device display is ON
12/23/2016 15:24:53.053 __WiFiManagerSetEnableState: state TRUE, manager->enable.setting TRUE, manager->unlockedSinceBoot TRUE
12/23/2016 15:24:53.053 Auto association attempt canceled because MIS is enabled. MIS client count: wifi=1 bt=0
12/23/2016 15:24:53.173 Client dataaccessd set type to background application
12/23/2016 15:24:53.200 Async scan requested by "locationd" for 1 iterations with maxage=0 priority normal on en0
12/23/2016 15:24:53.200 Enqueuing command type: "Scan" pending commands: 0
12/23/2016 15:24:53.200 Dequeuing command type: "Scan" pending commands: 0
12/23/2016 15:24:53.200 Attempting Apple80211ScanAsync on en0
12/23/2016 15:24:53.359 Completed Apple80211ScanAsync on en0 (0x0)
12/23/2016 15:24:53.359 Async scan request completed for "locationd" (0)
12/23/2016 15:24:53.359 Async scan requested by "locationd" for 1 iterations with maxage=0 priority normal on en0
12/23/2016 15:24:53.359 Enqueuing command type: "Scan" pending commands: 0
12/23/2016 15:24:53.359 Dequeuing command type: "Scan" pending commands: 0
12/23/2016 15:24:53.359 Attempting Apple80211ScanAsync on en0
12/23/2016 15:24:53.500 Client dataaccessd set type to background application
12/23/2016 15:24:53.515 Client dataaccessd set type to normal application
12/23/2016 15:24:53.515 __WiFiManagerSetEnableState: state TRUE, manager->enable.setting TRUE, manager->unlockedSinceBoot TRUE
12/23/2016 15:24:53.515 BG Application: Not Present, BG Daemon: Present. Daemons: mediaserverd 
12/23/2016 15:24:53.745 Completed Apple80211ScanAsync on en0 (0x0)
12/23/2016 15:24:53.745 Async scan request completed for "locationd" (0)
12/23/2016 15:24:53.749 Async scan requested by "locationd" for 1 iterations with maxage=0 priority normal on en0
12/23/2016 15:24:53.749 Enqueuing command type: "Scan" pending commands: 0
12/23/2016 15:24:53.749 Dequeuing command type: "Scan" pending commands: 0
12/23/2016 15:24:53.749 Attempting Apple80211ScanAsync on en0
12/23/2016 15:24:53.879 Client dataaccessd set type to background application
12/23/2016 15:24:53.879 __WiFiManagerSetEnableState: state TRUE, manager->enable.setting TRUE, manager->unlockedSinceBoot TRUE
12/23/2016 15:24:53.879 BG Application: Not Present, BG Daemon: Present. Daemons: mediaserverd dataaccessd 
12/23/2016 15:24:53.879 Auto association attempt canceled because MIS is enabled. MIS client count: wifi=1 bt=0
12/23/2016 15:24:54.192 Client dataaccessd set type to background application
12/23/2016 15:24:54.271 Client dataaccessd set type to normal application
12/23/2016 15:24:54.271 __WiFiManagerSetEnableState: state TRUE, manager->enable.setting TRUE, manager->unlockedSinceBoot TRUE
12/23/2016 15:24:54.272 BG Application: Not Present, BG Daemon: Present. Daemons: mediaserverd 
12/23/2016 15:24:54.516 Client dataaccessd set type to background application
12/23/2016 15:24:54.516 __WiFiManagerSetEnableState: state TRUE, manager->enable.setting TRUE, manager->unlockedSinceBoot TRUE
12/23/2016 15:24:54.516 BG Application: Not Present, BG Daemon: Present. Daemons: mediaserverd dataaccessd 
12/23/2016 15:24:54.516 Auto association attempt canceled because MIS is enabled. MIS client count: wifi=1 bt=0
12/23/2016 15:24:54.598 Client dataaccessd set type to normal application
12/23/2016 15:24:54.598 __WiFiManagerSetEnableState: state TRUE, manager->enable.setting TRUE, manager->unlockedSinceBoot TRUE
12/23/2016 15:24:54.600 BG Application: Not Present, BG Daemon: Present. Daemons: mediaserverd 
12/23/2016 15:24:54.948 Client dataaccessd set type to normal application
12/23/2016 15:24:55.251 Client dataaccessd set type to normal application
12/23/2016 15:24:55.297 Completed Apple80211ScanAsync on en0 (0x0)
12/23/2016 15:24:55.298 Async scan request completed for "locationd" (0)
12/23/2016 15:24:55.600 Client dataaccessd set type to normal application
12/23/2016 15:24:56.251 Client dataaccessd set type to normal application
12/23/2016 15:24:59.760 Device display is OFF
12/23/2016 15:24:59.761 Async scan requested by "locationd" for 1 iterations with maxage=0 priority normal on en0
12/23/2016 15:24:59.761 Enqueuing command type: "Scan" pending commands: 0
12/23/2016 15:24:59.762 Dequeuing command type: "Scan" pending commands: 0
12/23/2016 15:24:59.762 Attempting Apple80211ScanAsync on en0
12/23/2016 15:25:00.149 Completed Apple80211ScanAsync on en0 (0x0)
12/23/2016 15:25:00.150 Async scan request completed for "locationd" (0)
12/23/2016 15:25:00.154 Async scan requested by "locationd" for 1 iterations with maxage=0 priority normal on en0
12/23/2016 15:25:00.155 Enqueuing command type: "Scan" pending commands: 0
12/23/2016 15:25:00.155 Dequeuing command type: "Scan" pending commands: 0
12/23/2016 15:25:00.155 Attempting Apple80211ScanAsync on en0
12/23/2016 15:25:01.702 Completed Apple80211ScanAsync on en0 (0x0)
12/23/2016 15:25:01.703 Async scan request completed for "locationd" (0)
12/23/2016 15:25:06.159 Async scan requested by "locationd" for 1 iterations with maxage=0 priority normal on en0
12/23/2016 15:25:06.159 Enqueuing command type: "Scan" pending commands: 0
12/23/2016 15:25:06.159 Dequeuing command type: "Scan" pending commands: 0
12/23/2016 15:25:06.160 Attempting Apple80211ScanAsync on en0
12/23/2016 15:25:06.547 Completed Apple80211ScanAsync on en0 (0x0)
12/23/2016 15:25:06.548 Async scan request completed for "locationd" (0)
12/23/2016 15:25:07.374 Device display is ON
12/23/2016 15:25:07.374 __WiFiManagerSetEnableState: state TRUE, manager->enable.setting TRUE, manager->unlockedSinceBoot TRUE
12/23/2016 15:25:07.374 Auto association attempt canceled because MIS is enabled. MIS client count: wifi=1 bt=0
12/23/2016 15:25:08.465 ATJManager: setting ask-to-join interaction mode to Interactive
12/23/2016 15:25:08.465 ATJManager: no entries to purge
12/23/2016 15:25:08.466 User interaction ENABLED
12/23/2016 15:25:08.466 Ignoring lock state manager->wakeMode 1

12/23/2016 15:25:08.466 problematic networks =  and potentially problematic networks = 
12/23/2016 15:25:08.466 Unblacklisting
12/23/2016 15:25:08.466 No Change in Background Scan Networks, Skip Re-Programming Background Scan

12/23/2016 15:25:08.466 Auto association attempt canceled because MIS is enabled. MIS client count: wifi=1 bt=0
12/23/2016 15:25:08.500 Foreground Network Application entered.
12/23/2016 15:25:08.500 BG Application: Not Present, BG Daemon: Present. Daemons: mediaserverd 
12/23/2016 15:25:08.500 problematic networks =  and potentially problematic networks = 
12/23/2016 15:25:08.500 Unblacklisting
12/23/2016 15:25:08.500 No Change in Background Scan Networks, Skip Re-Programming Background Scan

12/23/2016 15:25:08.500 __WiFiManagerSetEnableState: state TRUE, manager->enable.setting TRUE, manager->unlockedSinceBoot TRUE
12/23/2016 15:25:08.500 Auto association attempt canceled because MIS is enabled. MIS client count: wifi=1 bt=0
12/23/2016 15:25:11.407 Foreground Network Application exited.
12/23/2016 15:25:11.407 BG Application: Not Present, BG Daemon: Present. Daemons: mediaserverd 
12/23/2016 15:25:11.407 __WiFiManagerSetEnableState: state TRUE, manager->enable.setting TRUE, manager->unlockedSinceBoot TRUE
12/23/2016 15:25:11.407 Auto association attempt canceled because MIS is enabled. MIS client count: wifi=1 bt=0
12/23/2016 15:25:11.416 BG Application: Not Present, BG Daemon: Present. Daemons: mediaserverd 
12/23/2016 15:25:12.565 Async scan requested by "locationd" for 1 iterations with maxage=0 priority normal on en0
12/23/2016 15:25:12.565 Enqueuing command type: "Scan" pending commands: 0
12/23/2016 15:25:12.565 Dequeuing command type: "Scan" pending commands: 0
12/23/2016 15:25:12.565 Attempting Apple80211ScanAsync on en0
12/23/2016 15:25:12.951 Completed Apple80211ScanAsync on en0 (0x0)
12/23/2016 15:25:12.953 Async scan request completed for "locationd" (0)
12/23/2016 15:25:18.972 Async scan requested by "locationd" for 1 iterations with maxage=0 priority normal on en0
12/23/2016 15:25:18.973 Enqueuing command type: "Scan" pending commands: 0
12/23/2016 15:25:18.973 Dequeuing command type: "Scan" pending commands: 0
12/23/2016 15:25:18.973 Attempting Apple80211ScanAsync on en0
12/23/2016 15:25:19.358 Completed Apple80211ScanAsync on en0 (0x0)
12/23/2016 15:25:19.361 Async scan request completed for "locationd" (0)
12/23/2016 15:25:22.741 Async scan requested by "locationd" for 1 iterations with maxage=0 priority normal on en0
12/23/2016 15:25:22.741 Enqueuing command type: "Scan" pending commands: 0
12/23/2016 15:25:22.741 Dequeuing command type: "Scan" pending commands: 0
12/23/2016 15:25:22.741 Attempting Apple80211ScanAsync on en0
12/23/2016 15:25:22.900 Completed Apple80211ScanAsync on en0 (0x0)
12/23/2016 15:25:22.901 Async scan request completed for "locationd" (0)
12/23/2016 15:25:22.902 Async scan requested by "locationd" for 1 iterations with maxage=0 priority normal on en0
12/23/2016 15:25:22.902 Enqueuing command type: "Scan" pending commands: 0
12/23/2016 15:25:22.902 Dequeuing command type: "Scan" pending commands: 0
12/23/2016 15:25:22.902 Attempting Apple80211ScanAsync on en0
12/23/2016 15:25:23.290 Completed Apple80211ScanAsync on en0 (0x0)
12/23/2016 15:25:23.292 Async scan request completed for "locationd" (0)
12/23/2016 15:25:28.157 Async scan requested by "locationd" for 1 iterations with maxage=0 priority normal on en0
12/23/2016 15:25:28.157 Enqueuing command type: "Scan" pending commands: 0
12/23/2016 15:25:28.158 Dequeuing command type: "Scan" pending commands: 0
12/23/2016 15:25:28.158 Attempting Apple80211ScanAsync on en0
12/23/2016 15:25:28.543 Completed Apple80211ScanAsync on en0 (0x0)
12/23/2016 15:25:28.546 Async scan request completed for "locationd" (0)
12/23/2016 15:25:42.551 scanCache: Purging scan cache
12/23/2016 15:25:47.073 Async scan requested by "locationd" for 1 iterations with maxage=0 priority normal on en0
12/23/2016 15:25:47.073 Enqueuing command type: "Scan" pending commands: 0
12/23/2016 15:25:47.073 Dequeuing command type: "Scan" pending commands: 0
12/23/2016 15:25:47.073 Attempting Apple80211ScanAsync on en0
12/23/2016 15:25:47.232 Completed Apple80211ScanAsync on en0 (0x0)
12/23/2016 15:25:47.232 Async scan request completed for "locationd" (0)
12/23/2016 15:25:47.233 Async scan requested by "locationd" for 1 iterations with maxage=0 priority normal on en0
12/23/2016 15:25:47.233 Enqueuing command type: "Scan" pending commands: 0
12/23/2016 15:25:47.234 Dequeuing command type: "Scan" pending commands: 0
12/23/2016 15:25:47.234 Attempting Apple80211ScanAsync on en0
12/23/2016 15:25:47.621 Completed Apple80211ScanAsync on en0 (0x0)
12/23/2016 15:25:47.624 Async scan request completed for "locationd" (0)
12/23/2016 15:25:52.151 Async scan requested by "locationd" for 1 iterations with maxage=0 priority normal on en0
12/23/2016 15:25:52.151 Enqueuing command type: "Scan" pending commands: 0
12/23/2016 15:25:52.151 Dequeuing command type: "Scan" pending commands: 0
12/23/2016 15:25:52.151 Attempting Apple80211ScanAsync on en0
12/23/2016 15:25:52.537 Completed Apple80211ScanAsync on en0 (0x0)
12/23/2016 15:25:52.540 Async scan request completed for "locationd" (0)
12/23/2016 15:26:02.322 ATJManager: setting ask-to-join interaction mode to NonInteractive
12/23/2016 15:26:02.322 ATJManager: no entries to purge
12/23/2016 15:26:02.322 User interaction DISABLED
12/23/2016 15:26:02.322 Ignoring lock state manager->wakeMode 1

12/23/2016 15:26:02.322 Device display is OFF
12/23/2016 15:26:06.544 scanCache: Purging scan cache
12/23/2016 15:26:08.486 Background Network Application entered
12/23/2016 15:26:08.487 BG Application: Present, BG Daemon: Present. Daemons: mediaserverd 
12/23/2016 15:26:08.487 __WiFiManagerSetEnableState: state TRUE, manager->enable.setting TRUE, manager->unlockedSinceBoot TRUE
12/23/2016 15:26:08.488 Auto association attempt canceled because MIS is enabled. MIS client count: wifi=1 bt=0
12/23/2016 15:26:08.489 Background Network Application entered
12/23/2016 15:26:08.489 BG Application: Not Present, BG Daemon: Present. Daemons: mediaserverd 
12/23/2016 15:26:08.489 __WiFiManagerSetEnableState: state TRUE, manager->enable.setting TRUE, manager->unlockedSinceBoot TRUE
12/23/2016 15:26:08.489 Auto association attempt canceled because MIS is enabled. MIS client count: wifi=1 bt=0
12/23/2016 15:26:27.711 DeviceClient["WirelessRadioMan"] setCoexParameters["MWS_Blacklisted_Channels"] = <CFArray 0x14cfce160 [0x1a0950150]>{type = mutable-small, count = 1, values = (
	0 : <CFBasicHash 0x14cda1040 [0x1a0950150]>{type = mutable dict, count = 1,
entries =>
	2 : <CFString 0x14cf9fe80 [0x1a0950150]>{contents = "MWS_Channel_Number"} = <CFNumber 0xb000000000000003 [0x1a0950150]>{value = +0, type = kCFNumberSInt64Type}
}

)}
12/23/2016 15:26:33.184 DeviceClient["WirelessRadioMan"] setCoexParameters["MWS_Blacklisted_Channels"] = <CFArray 0x14cef6590 [0x1a0950150]>{type = mutable-small, count = 4, values = (
	0 : <CFBasicHash 0x14ce78190 [0x1a0950150]>{type = mutable dict, count = 1,
entries =>
	2 : <CFString 0x14cee5930 [0x1a0950150]>{contents = "MWS_Channel_Number"} = <CFNumber 0xb0000000000000a3 [0x1a0950150]>{value = +10, type = kCFNumberSInt64Type}
}

	1 : <CFBasicHash 0x14cef7530 [0x1a0950150]>{type = mutable dict, count = 1,
entries =>
	2 : <CFString 0x14cee5930 [0x1a0950150]>{contents = "MWS_Channel_Number"} = <CFNumber 0xb0000000000000b3 [0x1a0950150]>{value = +11, type = kCFNumberSInt64Type}
}

	2 : <CFBasicHash 0x14ce3d000 [0x1a0950150]>{type = mutable dict, count = 1,
entries =>
	2 : <CFString 0x14cee5930 [0x1a0950150]>{contents = "MWS_Channel_Number"} = <CFNumber 0xb0000000000000c3 [0x1a0950150]>{value = +12, type = kCFNumberSInt64Type}
}

	3 : <CFBasicHash 0x14ce48ac0 [0x1a0950150]>{type = mutable dict, count = 1,
entries =>
	2 : <CFString 0x14cee5930 [0x1a0950150]>{contents = "MWS_Channel_Number"} = <CFNumber 0xb0000000000000d3 [0x1a0950150]>{value = +13, type = kCFNumberSInt64Type}
}

)}
12/23/2016 15:26:44.661 WiFiLocaleManagerCheckLocale: trying to determine locale...
12/23/2016 15:26:44.661 WiFiManagerCoreLocationGetCachedLocation: getting cached location...
12/23/2016 15:26:44.673 __WiFiLocaleManagerGetLocaleFromMcc: finding iso country code for mcc 232 ....
12/23/2016 15:26:44.673 WiFiLocationServiceManagerIsLocationValid: cachedLocationTimeout 120.000000 location age 120.005211secs, lifeSpan -1.000000 accuracy 4000.000000(highAccReq 0), isValid 1
12/23/2016 15:26:44.673 WiFiLocationServiceManagerStartLowAccuracyMonitoring: Cached low accuracy location is valid
12/23/2016 15:26:44.673 WiFiLocationServiceManagerIsLocationValid: cachedLocationTimeout 120.000000 location age 120.005347secs, lifeSpan -1.000000 accuracy 4000.000000(highAccReq 1), isValid 0
12/23/2016 15:26:44.673 WiFiLocationServiceManagerIsLocationValid: cachedLocationTimeout 120.000000 location age 120.005400secs, lifeSpan -1.000000 accuracy 4000.000000(highAccReq 0), isValid 1
12/23/2016 15:26:44.673 __WiFiLocationServiceManagerProcessLocationAvailableEvent: isValidHighAccuracyLocation 0,  isValidLowAccuracyLocation 1
12/23/2016 15:26:44.674 __WiFiLocationServiceManagerProcessLocationAvailableEvent: give low accuracy callback
12/23/2016 15:26:44.674 __WiFiLocaleManagerGetLocaleFromLocation: <+47.97769374,+16.84026183> +/- 4000.00m (speed -1.00 mps / course -1.00) @ 12/23/16, 3:24:44 PM Central European Standard Time
12/23/2016 15:26:44.675 locale from bounding box 
12/23/2016 15:26:44.675 new locale:  , locale: 
12/23/2016 15:26:44.675 Stopping Low Accuracy Location Monitoring
12/23/2016 15:26:44.675 CLMonitoring is already stopped
12/23/2016 15:26:44.675 Stopping Low Accuracy Location Monitoring
12/23/2016 15:26:44.675 CLMonitoring is already stopped
12/23/2016 15:26:44.675 __WiFiLocationServiceManagerEventCallback, got cb dict {
    eventType = 0;
    location = "<+47.97950177,+16.85123610> +/- 65.00m (speed -1.00 mps / course -1.00) @ 12/23/16, 3:25:56 PM Central European Standard Time";
}
12/23/2016 15:26:44.675 WiFiLocationServiceManagerIsLocationValid: cachedLocationTimeout 120.000000 location age 48.441108secs, lifeSpan -1.000000 accuracy 65.000000(highAccReq 1), isValid 1
12/23/2016 15:26:44.675 WiFiLocationServiceManagerIsLocationValid: cachedLocationTimeout 120.000000 location age 48.441162secs, lifeSpan -1.000000 accuracy 65.000000(highAccReq 0), isValid 1
12/23/2016 15:26:44.676 __WiFiLocationServiceManagerProcessLocationAvailableEvent: isValidHighAccuracyLocation 1,  isValidLowAccuracyLocation 1
12/23/2016 15:27:38.818 WoW is Disabled, 0 WoW Clients
12/23/2016 15:28:44.661 WiFiLocaleManagerCheckLocale: trying to determine locale...
12/23/2016 15:28:44.661 WiFiManagerCoreLocationGetCachedLocation: getting cached location...
12/23/2016 15:28:44.673 __WiFiLocaleManagerGetLocaleFromMcc: finding iso country code for mcc 232 ....
12/23/2016 15:28:44.673 WiFiLocationServiceManagerIsLocationValid: cachedLocationTimeout 120.000000 location age 168.438933secs, lifeSpan -1.000000 accuracy 65.000000(highAccReq 0), isValid 1
12/23/2016 15:28:44.673 WiFiLocationServiceManagerStartLowAccuracyMonitoring: Cached low accuracy location is valid
12/23/2016 15:28:44.673 WiFiLocationServiceManagerIsLocationValid: cachedLocationTimeout 120.000000 location age 168.439068secs, lifeSpan -1.000000 accuracy 65.000000(highAccReq 1), isValid 1
12/23/2016 15:28:44.673 WiFiLocationServiceManagerIsLocationValid: cachedLocationTimeout 120.000000 location age 168.439122secs, lifeSpan -1.000000 accuracy 65.000000(highAccReq 0), isValid 1
12/23/2016 15:28:44.673 __WiFiLocationServiceManagerProcessLocationAvailableEvent: isValidHighAccuracyLocation 1,  isValidLowAccuracyLocation 1
12/23/2016 15:28:44.673 __WiFiLocationServiceManagerProcessLocationAvailableEvent: give low accuracy callback
12/23/2016 15:28:44.674 __WiFiLocaleManagerGetLocaleFromLocation: <+47.97950177,+16.85123610> +/- 65.00m (speed -1.00 mps / course -1.00) @ 12/23/16, 3:25:56 PM Central European Standard Time
12/23/2016 15:28:44.674 locale from bounding box 
12/23/2016 15:28:44.675 new locale:  , locale: 
12/23/2016 15:28:44.675 Stopping Low Accuracy Location Monitoring
12/23/2016 15:28:44.675 CLMonitoring is already stopped
12/23/2016 15:28:44.675 Stopping Low Accuracy Location Monitoring
12/23/2016 15:28:44.675 CLMonitoring is already stopped
12/23/2016 15:28:44.675 __WiFiLocationServiceManagerEventCallback, got cb dict {
    eventType = 0;
    location = "<+47.97950177,+16.85123610> +/- 65.00m (speed -1.00 mps / course -1.00) @ 12/23/16, 3:25:56 PM Central European Standard Time";
}
12/23/2016 15:28:44.675 WiFiLocationServiceManagerIsLocationValid: cachedLocationTimeout 120.000000 location age 168.441090secs, lifeSpan -1.000000 accuracy 65.000000(highAccReq 1), isValid 1
12/23/2016 15:28:44.675 WiFiLocationServiceManagerIsLocationValid: cachedLocationTimeout 120.000000 location age 168.441144secs, lifeSpan -1.000000 accuracy 65.000000(highAccReq 0), isValid 1
12/23/2016 15:28:44.675 __WiFiLocationServiceManagerProcessLocationAvailableEvent: isValidHighAccuracyLocation 1,  isValidLowAccuracyLocation 1
12/23/2016 15:29:31.615 __WiFiDeviceProcessDumpLogsEvent: Dump logs event received, dumped wifid log buffer to file
