12/19/2016 10:40:05.069 __WiFiDeviceProcessSTAArriveEvent: staNum 3
12/19/2016 10:40:05.069 WiFiAWDManagerSubmitMetric: metric container could not be generated for metric id <0x90006>
12/19/2016 10:40:05.069 MIS STA Associated: 3 associated clients
12/19/2016 10:40:05.081 WiFiDeviceManagerSetMISMaxStaNumber: Additional tethering clients allowed: 2
12/19/2016 10:40:05.092 WiFiAWDManagerSubmitMetric: metric container could not be generated for metric id <0x90005>
12/19/2016 10:40:05.092 MIS is already Enabled on ap1
12/19/2016 10:40:05.094 MIS Discovery is Disabled
12/19/2016 10:40:59.759 WiFiLocaleManagerCheckLocale: location service or wifi is off, set locale to default
12/19/2016 10:40:59.759 new locale:  , locale: 
12/19/2016 10:41:17.471 __WiFiManagerCellularTransmitCallback_block_invoke: Cellular Transmit Started = FALSE
12/19/2016 10:41:20.243 __WiFiManagerCellularTransmitCallback_block_invoke: Cellular Transmit Started = TRUE
12/19/2016 10:41:28.528 __WiFiDeviceProcessSTAArriveEvent: staNum 4
12/19/2016 10:41:28.528 WiFiAWDManagerSubmitMetric: metric container could not be generated for metric id <0x90006>
12/19/2016 10:41:28.528 MIS STA Associated: 4 associated clients
12/19/2016 10:41:28.540 WiFiDeviceManagerSetMISMaxStaNumber: Additional tethering clients allowed: 1
12/19/2016 10:41:28.553 WiFiAWDManagerSubmitMetric: metric container could not be generated for metric id <0x90005>
12/19/2016 10:41:28.553 MIS is already Enabled on ap1
12/19/2016 10:41:28.556 MIS Discovery is Disabled
12/19/2016 10:42:02.502 __WiFiManagerCellularTransmitCallback_block_invoke: Cellular Transmit Started = FALSE
12/19/2016 10:42:03.383 __WiFiManagerCellularTransmitCallback_block_invoke: Cellular Transmit Started = TRUE
12/19/2016 10:42:59.759 WiFiLocaleManagerCheckLocale: location service or wifi is off, set locale to default
12/19/2016 10:42:59.759 new locale:  , locale: 
12/19/2016 10:43:06.706 __WiFiManagerCellularTransmitCallback_block_invoke: Cellular Transmit Started = FALSE
12/19/2016 10:43:06.840 WoW is Disabled, 0 WoW Clients
12/19/2016 10:43:09.305 __WiFiManagerCellularTransmitCallback_block_invoke: Cellular Transmit Started = TRUE
12/19/2016 10:44:59.757 WiFiLocaleManagerCheckLocale: location service or wifi is off, set locale to default
12/19/2016 10:44:59.757 new locale:  , locale: 
12/19/2016 10:45:00.581 __WiFiDeviceProcessDumpLogsEvent: Dump logs event received, dumped wifid log buffer to file
