12/23/2016 18:29:34.258 Async scan requested by "locationd" for 1 iterations with maxage=0 priority normal on en0
12/23/2016 18:29:34.258 Enqueuing command type: "Scan" pending commands: 0
12/23/2016 18:29:34.258 Dequeuing command type: "Scan" pending commands: 0
12/23/2016 18:29:34.258 Attempting Apple80211ScanAsync on en0
12/23/2016 18:29:34.646 Completed Apple80211ScanAsync on en0 (0x0)
12/23/2016 18:29:34.648 Async scan request completed for "locationd" (0)
12/23/2016 18:29:34.654 Async scan requested by "locationd" for 1 iterations with maxage=0 priority normal on en0
12/23/2016 18:29:34.654 Enqueuing command type: "Scan" pending commands: 0
12/23/2016 18:29:34.654 Dequeuing command type: "Scan" pending commands: 0
12/23/2016 18:29:34.654 Attempting Apple80211ScanAsync on en0
12/23/2016 18:29:36.205 Completed Apple80211ScanAsync on en0 (0x0)
12/23/2016 18:29:36.205 Async scan request completed for "locationd" (0)
12/23/2016 18:29:36.994 External power source removed
12/23/2016 18:29:37.080 Device display is ON
12/23/2016 18:29:37.080 __WiFiManagerSetEnableState: state TRUE, manager->enable.setting TRUE, manager->unlockedSinceBoot TRUE
12/23/2016 18:29:37.080 Auto association attempt canceled because MIS is enabled. MIS client count: wifi=1 bt=0
12/23/2016 18:29:43.775 Device display is OFF
12/23/2016 18:29:50.211 scanCache: Purging scan cache
12/23/2016 18:30:02.655 __WiFiManagerCellularTransmitCallback_block_invoke: Cellular Transmit Started = FALSE
12/23/2016 18:30:05.548 __WiFiManagerCellularTransmitCallback_block_invoke: Cellular Transmit Started = TRUE
12/23/2016 18:30:34.659 Async scan requested by "locationd" for 1 iterations with maxage=0 priority normal on en0
12/23/2016 18:30:34.659 Enqueuing command type: "Scan" pending commands: 0
12/23/2016 18:30:34.659 Dequeuing command type: "Scan" pending commands: 0
12/23/2016 18:30:34.659 Attempting Apple80211ScanAsync on en0
12/23/2016 18:30:35.045 Completed Apple80211ScanAsync on en0 (0x0)
12/23/2016 18:30:35.046 Async scan request completed for "locationd" (0)
12/23/2016 18:30:44.605 WiFiLocaleManagerCheckLocale: trying to determine locale...
12/23/2016 18:30:44.605 WiFiManagerCoreLocationGetCachedLocation: getting cached location...
12/23/2016 18:30:44.607 __WiFiLocaleManagerGetLocaleFromMcc: finding iso country code for mcc 232 ....
12/23/2016 18:30:44.607 WiFiLocationServiceManagerIsLocationValid: cachedLocationTimeout 120.000000 location age 217.945922secs, lifeSpan -1.000000 accuracy 67.634927(highAccReq 0), isValid 1
12/23/2016 18:30:44.607 WiFiLocationServiceManagerStartLowAccuracyMonitoring: Cached low accuracy location is valid
12/23/2016 18:30:44.607 WiFiLocationServiceManagerIsLocationValid: cachedLocationTimeout 120.000000 location age 217.946047secs, lifeSpan -1.000000 accuracy 67.634927(highAccReq 1), isValid 1
12/23/2016 18:30:44.607 WiFiLocationServiceManagerIsLocationValid: cachedLocationTimeout 120.000000 location age 217.946100secs, lifeSpan -1.000000 accuracy 67.634927(highAccReq 0), isValid 1
12/23/2016 18:30:44.607 __WiFiLocationServiceManagerProcessLocationAvailableEvent: isValidHighAccuracyLocation 1,  isValidLowAccuracyLocation 1
12/23/2016 18:30:44.607 __WiFiLocationServiceManagerProcessLocationAvailableEvent: give low accuracy callback
12/23/2016 18:30:44.608 __WiFiLocaleManagerGetLocaleFromLocation: <+47.97974603,+16.85075581> +/- 67.63m (speed -1.00 mps / course -1.00) @ 12/23/16, 6:27:06 PM Central European Standard Time
12/23/2016 18:30:44.608 locale from bounding box 
12/23/2016 18:30:44.608 new locale:  , locale: 
12/23/2016 18:30:44.608 Stopping Low Accuracy Location Monitoring
12/23/2016 18:30:44.608 CLMonitoring is already stopped
12/23/2016 18:30:44.608 Stopping Low Accuracy Location Monitoring
12/23/2016 18:30:44.608 CLMonitoring is already stopped
12/23/2016 18:30:44.608 __WiFiLocationServiceManagerEventCallback, got cb dict {
    eventType = 0;
    location = "<+47.97946841,+16.85089193> +/- 165.00m (speed -1.00 mps / course -1.00) @ 12/23/16, 6:30:44 PM Central European Standard Time";
}
12/23/2016 18:30:44.609 WiFiLocationServiceManagerIsLocationValid: cachedLocationTimeout 120.000000 location age 0.001645secs, lifeSpan -1.000000 accuracy 165.000010(highAccReq 1), isValid 1
12/23/2016 18:30:44.609 WiFiLocationServiceManagerIsLocationValid: cachedLocationTimeout 120.000000 location age 0.001707secs, lifeSpan -1.000000 accuracy 165.000010(highAccReq 0), isValid 1
12/23/2016 18:30:44.609 __WiFiLocationServiceManagerProcessLocationAvailableEvent: isValidHighAccuracyLocation 1,  isValidLowAccuracyLocation 1
12/23/2016 18:30:46.491 __WiFiManagerCellularTransmitCallback_block_invoke: Cellular Transmit Started = FALSE
12/23/2016 18:30:49.052 scanCache: Purging scan cache
12/23/2016 18:31:05.680 __WiFiManagerCellularTransmitCallback_block_invoke: Cellular Transmit Started = TRUE
12/23/2016 18:31:54.375 __WiFiManagerCellularTransmitCallback_block_invoke: Cellular Transmit Started = FALSE
12/23/2016 18:32:05.871 __WiFiManagerCellularTransmitCallback_block_invoke: Cellular Transmit Started = TRUE
12/23/2016 18:32:24.429 __WiFiManagerCellularTransmitCallback_block_invoke: Cellular Transmit Started = FALSE
12/23/2016 18:32:44.605 WiFiLocaleManagerCheckLocale: trying to determine locale...
12/23/2016 18:32:44.605 WiFiManagerCoreLocationGetCachedLocation: getting cached location...
12/23/2016 18:32:44.618 __WiFiLocaleManagerGetLocaleFromMcc: finding iso country code for mcc 232 ....
12/23/2016 18:32:44.618 WiFiLocationServiceManagerIsLocationValid: cachedLocationTimeout 120.000000 location age 120.010015secs, lifeSpan -1.000000 accuracy 165.000010(highAccReq 0), isValid 1
12/23/2016 18:32:44.618 WiFiLocationServiceManagerStartLowAccuracyMonitoring: Cached low accuracy location is valid
12/23/2016 18:32:44.618 WiFiLocationServiceManagerIsLocationValid: cachedLocationTimeout 120.000000 location age 120.010156secs, lifeSpan -1.000000 accuracy 165.000010(highAccReq 1), isValid 1
12/23/2016 18:32:44.618 WiFiLocationServiceManagerIsLocationValid: cachedLocationTimeout 120.000000 location age 120.010209secs, lifeSpan -1.000000 accuracy 165.000010(highAccReq 0), isValid 1
12/23/2016 18:32:44.618 __WiFiLocationServiceManagerProcessLocationAvailableEvent: isValidHighAccuracyLocation 1,  isValidLowAccuracyLocation 1
12/23/2016 18:32:44.618 __WiFiLocationServiceManagerProcessLocationAvailableEvent: give low accuracy callback
12/23/2016 18:32:44.619 __WiFiLocaleManagerGetLocaleFromLocation: <+47.97946841,+16.85089193> +/- 165.00m (speed -1.00 mps / course -1.00) @ 12/23/16, 6:30:44 PM Central European Standard Time
12/23/2016 18:32:44.619 locale from bounding box 
12/23/2016 18:32:44.619 new locale:  , locale: 
12/23/2016 18:32:44.619 Stopping Low Accuracy Location Monitoring
12/23/2016 18:32:44.619 CLMonitoring is already stopped
12/23/2016 18:32:44.619 Stopping Low Accuracy Location Monitoring
12/23/2016 18:32:44.619 CLMonitoring is already stopped
12/23/2016 18:32:44.619 __WiFiLocationServiceManagerEventCallback, got cb dict {
    eventType = 0;
    location = "<+47.97946841,+16.85089193> +/- 165.00m (speed -1.00 mps / course -1.00) @ 12/23/16, 6:32:44 PM Central European Standard Time";
}
12/23/2016 18:32:44.620 WiFiLocationServiceManagerIsLocationValid: cachedLocationTimeout 120.000000 location age 0.011343secs, lifeSpan -1.000000 accuracy 165.000010(highAccReq 1), isValid 1
12/23/2016 18:32:44.620 WiFiLocationServiceManagerIsLocationValid: cachedLocationTimeout 120.000000 location age 0.011399secs, lifeSpan -1.000000 accuracy 165.000010(highAccReq 0), isValid 1
12/23/2016 18:32:44.620 __WiFiLocationServiceManagerProcessLocationAvailableEvent: isValidHighAccuracyLocation 1,  isValidLowAccuracyLocation 1
12/23/2016 18:32:51.920 __WiFiManagerCellularTransmitCallback_block_invoke: Cellular Transmit Started = TRUE
12/23/2016 18:33:22.370 __WiFiManagerCellularTransmitCallback_block_invoke: Cellular Transmit Started = FALSE
12/23/2016 18:33:45.355 __WiFiManagerCellularTransmitCallback_block_invoke: Cellular Transmit Started = TRUE
12/23/2016 18:33:45.986 IPv4 Primary interface is (null) and IPv6 Primary Interface is (null)
12/23/2016 18:33:45.987 Client apsd set type to background application
12/23/2016 18:33:45.987 __WiFiManagerSetEnableState: state TRUE, manager->enable.setting TRUE, manager->unlockedSinceBoot TRUE
12/23/2016 18:33:45.988 BG Application: Not Present, BG Daemon: Present. Daemons: assistantd mediaserverd apsd 
12/23/2016 18:33:45.988 Auto association attempt canceled because MIS is enabled. MIS client count: wifi=1 bt=0
12/23/2016 18:33:45.988 Enable WoW requested by "apsd"
12/23/2016 18:33:45.988 WoW Capable = YES, Attempting to enable WoW and disable LPAS 
12/23/2016 18:33:45.988 Setting WoW params to <CFBasicHash 0x14ce3d8f0 [0x1a0950150]>{type = immutable dict, count = 3,
entries =>
	0 : <CFString 0x100175960 [0x1a0950150]>{contents = "IO80211InterfaceEnableLowPwrAssocMode"} = <CFBoolean 0x1a09506d8 [0x1a0950150]>{value = false}
	1 : <CFString 0x100175940 [0x1a0950150]>{contents = "IO80211InterfaceEnableWoW"} = <CFBoolean 0x1a09506c8 [0x1a0950150]>{value = true}
	2 : <CFString 0x100185ae0 [0x1a0950150]>{contents = "IO80211InterfaceEnableWoWOnCaptive"} = <CFBoolean 0x1a09506d8 [0x1a0950150]>{value = false}
}

12/23/2016 18:33:45.992 WiFiDeviceRequestAssociatedSleep: ActiveDuringSleepRequested is already removed ((null)).
12/23/2016 18:33:45.992 WoW Enabled by 1 Clients, lpas is Disabled, WoW Override is Disabled, Captive Disabled
12/23/2016 18:33:45.992 Unable to dispatch WowStateChanged message to client MobileMail (268435460)
12/23/2016 18:33:45.993 Unable to dispatch WowStateChanged message to client dataaccessd (268435460)
12/23/2016 18:33:45.993 Unable to dispatch WowStateChanged message to client itunesstored (268435460)
12/23/2016 18:33:45.993 Unable to dispatch WowStateChanged message to client mediaserverd (268435460)
12/23/2016 18:33:46.021 MIS is already Enabled on ap1
12/23/2016 18:33:46.021 apsd[273] is a wow client
12/23/2016 18:33:46.021 WoW is Enabled, 1 WoW Clients
12/23/2016 18:33:46.021 apsd[273] is a wow client
12/23/2016 18:33:46.021 WoW is Enabled, 1 WoW Clients
12/23/2016 18:33:46.030 MIS is already Enabled on ap1
12/23/2016 18:33:46.032 apsd[273] is a wow client
12/23/2016 18:33:46.032 WoW is Enabled, 1 WoW Clients
12/23/2016 18:33:46.034 MIS Discovery is Disabled
12/23/2016 18:33:46.049 Client MobileMail set type to background application
12/23/2016 18:33:46.049 __WiFiManagerSetEnableState: state TRUE, manager->enable.setting TRUE, manager->unlockedSinceBoot TRUE
12/23/2016 18:33:46.049 BG Application: Not Present, BG Daemon: Present. Daemons: MobileMail assistantd mediaserverd apsd 
12/23/2016 18:33:46.049 Auto association attempt canceled because MIS is enabled. MIS client count: wifi=1 bt=0
12/23/2016 18:33:51.181 MIS is already Enabled on ap1
12/23/2016 18:33:51.195 IPv4 Primary interface is pdp_ip0 and IPv6 Primary Interface is (null)
12/23/2016 18:33:51.196 MIS Discovery is Disabled
12/23/2016 18:34:07.777 __WiFiManagerCellularTransmitCallback_block_invoke: Cellular Transmit Started = FALSE
12/23/2016 18:34:08.109 __WiFiManagerCellularTransmitCallback_block_invoke: Cellular Transmit Started = TRUE
12/23/2016 18:34:08.530 __WiFiManagerCellularTransmitCallback_block_invoke: Cellular Transmit Started = FALSE
12/23/2016 18:34:08.755 IPv4 Primary interface is (null) and IPv6 Primary Interface is (null)
12/23/2016 18:34:08.797 MIS is already Enabled on ap1
12/23/2016 18:34:08.801 MIS is already Enabled on ap1
12/23/2016 18:34:08.802 MIS Discovery is Disabled
12/23/2016 18:34:08.920 __WiFiManagerCellularTransmitCallback_block_invoke: Cellular Transmit Started = TRUE
12/23/2016 18:34:10.480 Low bw cellular data available, so WiFi would stay connected under low signal quality
12/23/2016 18:34:10.481 WiFiLQAMgrSetWiFiFallBackPref: LQAManager WiFiFallBackPreference enabled 
12/23/2016 18:34:11.775 High bw cellular data available, so WiFi would disconnect under low signal quality
12/23/2016 18:34:11.775 WiFiLQAMgrSetWiFiFallBackPref: LQAManager WiFiFallBackPreference disabled 
12/23/2016 18:34:12.034 IPv4 Primary interface is pdp_ip0 and IPv6 Primary Interface is (null)
12/23/2016 18:34:12.088 Background Network Application entered
12/23/2016 18:34:12.088 BG Application: Present, BG Daemon: Present. Daemons: MobileMail assistantd mediaserverd apsd 
12/23/2016 18:34:12.089 __WiFiManagerSetEnableState: state TRUE, manager->enable.setting TRUE, manager->unlockedSinceBoot TRUE
12/23/2016 18:34:12.098 Auto association attempt canceled because MIS is enabled. MIS client count: wifi=1 bt=0
12/23/2016 18:34:12.101 Background Network Application entered
12/23/2016 18:34:12.101 BG Application: Not Present, BG Daemon: Present. Daemons: MobileMail assistantd mediaserverd apsd 
12/23/2016 18:34:12.102 __WiFiManagerSetEnableState: state TRUE, manager->enable.setting TRUE, manager->unlockedSinceBoot TRUE
12/23/2016 18:34:12.102 Auto association attempt canceled because MIS is enabled. MIS client count: wifi=1 bt=0
12/23/2016 18:34:12.120 Async scan requested by "locationd" for 1 iterations with maxage=0 priority normal on en0
12/23/2016 18:34:12.120 Enqueuing command type: "Scan" pending commands: 0
12/23/2016 18:34:12.121 Dequeuing command type: "Scan" pending commands: 0
12/23/2016 18:34:12.121 Attempting Apple80211ScanAsync on en0
12/23/2016 18:34:12.166 MIS is already Enabled on ap1
12/23/2016 18:34:12.172 MIS Discovery is Disabled
12/23/2016 18:34:12.506 Completed Apple80211ScanAsync on en0 (0x0)
12/23/2016 18:34:12.508 Async scan request completed for "locationd" (0)
12/23/2016 18:34:26.513 scanCache: Purging scan cache
12/23/2016 18:34:31.669 __WiFiDeviceProcessDumpLogsEvent: Dump logs event received, dumped wifid log buffer to file
