 1/16/2017 11:38:32.258 Power stats update: Type 0x6 UnassociatedSleepDur 0 AssociatedSleepDur 264388 TotalDur 282937 RoamDur 15930
 1/16/2017 11:38:32.258 WiFiAWDManagerSubmitMetric: metric container could not be generated for metric id <0x90010>
 1/16/2017 11:38:32.258 __WiFiLQAMgrLogStats: Rssi: -62 Cca: 19 TxPer: 0.0% (0) BcnPer: 0.0% (0) RxFrms 0 TxRate: 0 RxRate: 0
 1/16/2017 11:38:32.260 __WiFiDeviceCopyLinkChangedSubReasonString: Apple80211ReturnToString failed 1
 1/16/2017 11:38:32.260 __WiFiDeviceProcessDriverAvailableEvent: driver availability true, reason Initializing(0xe0821803), subreason (null)(0x0)
 1/16/2017 11:38:32.260 __WiFiManagerDispatchDeviceAvailable: driver availability true

 1/16/2017 11:38:32.264 Unable to dispatch message to client MessagesViewServ (268435460)
 1/16/2017 11:38:32.264 __WiFiDeviceManagerAutoAssociate: Already connected to DIGI-146A.
 1/16/2017 11:38:32.264 WiFiAWDManagerSubmitMetric: metric container could not be generated for metric id <0x9000e>
 1/16/2017 11:38:32.268 __WiFiDeviceManagerAutoAssociate: Already connected to DIGI-146A.
 1/16/2017 11:38:32.270 No Change in Background Scan Networks, Skip Re-Programming Background Scan

 1/16/2017 11:38:32.353 __WiFiManagerCellularTransmitCallback_block_invoke: Cellular Transmit Started = TRUE
 1/16/2017 11:38:32.877 __WiFiDeviceManagerAwdlAvailableCallback: AWDL availability changed to TRUE
 1/16/2017 11:38:32.902 Disable WoW requested by "apsd"
 1/16/2017 11:38:32.902 WoW Capable = YES, Attempting to disable WoW and enable LPAS 
 1/16/2017 11:38:32.903 Setting WoW params to <CFBasicHash 0x14cd79fe0 [0x1a0950150]>{type = immutable dict, count = 3,
entries =>
	0 : <CFString 0x100175960 [0x1a0950150]>{contents = "IO80211InterfaceEnableLowPwrAssocMode"} = <CFBoolean 0x1a09506c8 [0x1a0950150]>{value = true}
	1 : <CFString 0x100175940 [0x1a0950150]>{contents = "IO80211InterfaceEnableWoW"} = <CFBoolean 0x1a09506d8 [0x1a0950150]>{value = false}
	2 : <CFString 0x100185ae0 [0x1a0950150]>{contents = "IO80211InterfaceEnableWoWOnCaptive"} = <CFBoolean 0x1a09506d8 [0x1a0950150]>{value = false}
}

 1/16/2017 11:38:32.905 WiFiDeviceRequestAssociatedSleep: ActiveDuringSleepRequested is already set (<CFBasicHash 0x14cee6fc0 [0x1a0950150]>{type = immutable dict, count = 0,
entries =>
}
).
 1/16/2017 11:38:32.905 WoW Disabled, 0 WoW Clients, lpas is Enabled, WoW Override is Disabled, Captive Disabled
 1/16/2017 11:38:32.906 Unable to dispatch WowStateChanged message to client Preferences (268435460)
 1/16/2017 11:38:32.906 Unable to dispatch WowStateChanged message to client dataaccessd (268435460)
 1/16/2017 11:38:32.907 Unable to dispatch WowStateChanged message to client itunesstored (268435460)
 1/16/2017 11:38:32.907 Unable to dispatch WowStateChanged message to client mediaserverd (268435460)
 1/16/2017 11:38:32.908 Unable to dispatch WowStateChanged message to client MobileMail (268435460)
 1/16/2017 11:38:32.909 Unable to dispatch WowStateChanged message to client profiled (268435460)
 1/16/2017 11:38:32.910 Unable to dispatch WowStateChanged message to client MessagesViewServ (268435460)
 1/16/2017 11:38:32.911 Unable to dispatch WowStateChanged message to client assistantd (268435460)
 1/16/2017 11:38:32.922 WoW is Disabled, 0 WoW Clients
 1/16/2017 11:38:32.922 WoW is Disabled, 0 WoW Clients
 1/16/2017 11:38:32.924 WoW is Disabled, 0 WoW Clients
 1/16/2017 11:38:33.064 WoW is Disabled, 0 WoW Clients
 1/16/2017 11:38:37.567 Client apsd set type to normal application
 1/16/2017 11:38:37.567 __WiFiManagerSetEnableState: state TRUE, manager->enable.setting TRUE, manager->unlockedSinceBoot TRUE
 1/16/2017 11:38:37.567 BG Application: Not Present, BG Daemon: Present. Daemons: mediaserverd 
 1/16/2017 11:38:42.201 __WiFiManagerCellularTransmitCallback_block_invoke: Cellular Transmit Started = FALSE
 1/16/2017 11:38:42.216 __WiFiLQAMgrLogStats: Rssi: -61 Cca: 33 TxPer: 0.0% (1) BcnPer: 0.0% (50) RxFrms 4 TxRate: 39000 RxRate: 65000
 1/16/2017 11:38:47.224 __WiFiLQAMgrLogStats: Rssi: -59 Cca: 33 TxPer: 0.0% (0) BcnPer: 0.0% (0) RxFrms 1 TxRate: 39000 RxRate: 65000
 1/16/2017 11:38:52.238 __WiFiLQAMgrLogStats: Rssi: -58 Cca: 56 TxPer: 0.0% (0) BcnPer: 0.0% (50) RxFrms 4 TxRate: 39000 RxRate: 65000
 1/16/2017 11:38:55.057 __WiFiManagerCellularTransmitCallback_block_invoke: Cellular Transmit Started = TRUE
 1/16/2017 11:38:57.247 __WiFiLQAMgrLogStats: Rssi: -59 Cca: 21 TxPer: 0.0% (4) BcnPer: 0.0% (50) RxFrms 5 TxRate: 39000 RxRate: 1000
 1/16/2017 11:39:00.123 __WiFiManagerCellularTransmitCallback_block_invoke: Cellular Transmit Started = FALSE
 1/16/2017 11:39:02.255 __WiFiLQAMgrLogStats: Rssi: -59 Cca: 56 TxPer: 0.0% (6) BcnPer: 0.0% (50) RxFrms 5 TxRate: 39000 RxRate: 65000
 1/16/2017 11:39:05.310 Received kIOMessageSystemWillSleep
 1/16/2017 11:39:05.310 System Sleep notification, Disabling auto-join
 1/16/2017 11:39:05.310 __WiFiManagerSetEnableState: state FALSE, manager->enable.setting TRUE, manager->unlockedSinceBoot TRUE
 1/16/2017 11:39:05.310 Disabling automatic association
 1/16/2017 11:39:05.357 WoW is Disabled, 0 WoW Clients
 1/16/2017 11:39:05.457 __WiFiDeviceCopyLinkChangedSubReasonString: Apple80211ReturnToString failed 1
 1/16/2017 11:39:05.457 __WiFiDeviceProcessDriverAvailableEvent: driver availability false, reason PowerOff(0xe0821804), subreason (null)(0x0)
 1/16/2017 11:39:05.457 __WiFiManagerDispatchDeviceAvailable: driver availability false

 1/16/2017 11:39:05.459 Unable to dispatch message to client MessagesViewServ (268435460)
 1/16/2017 11:39:05.459 WiFiAWDManagerSubmitMetric: metric container could not be generated for metric id <0x9000e>
 1/16/2017 11:39:05.478 __WiFiDeviceManagerAwdlAvailableCallback: AWDL availability changed to FALSE
 1/16/2017 11:39:05.487 WoW is Disabled, 0 WoW Clients
 1/16/2017 11:39:23.435 Received kIOMessageSystemWillPowerOn
 1/16/2017 11:39:23.435 System wake reason: AOP.ExternalReq baseband
 1/16/2017 11:39:23.435 System Powered ON notification Re-enabling auto-join
 1/16/2017 11:39:23.435 __WiFiManagerSetEnableState: state TRUE, manager->enable.setting TRUE, manager->unlockedSinceBoot TRUE
 1/16/2017 11:39:23.435 Enabling automatic association
 1/16/2017 11:39:23.436 __WiFiDeviceManagerAutoAssociate: Already connected to DIGI-146A.
 1/16/2017 11:39:23.436 WiFiLocaleManagerCheckLocale: location service or wifi is off, set locale to default
 1/16/2017 11:39:23.436 new locale:  , locale: 
 1/16/2017 11:39:23.466 __WiFiDeviceManagerAwdlAvailableCallback: AWDL availability changed to TRUE
 1/16/2017 11:39:23.466 Power stats update: Type 0x5 UnassociatedSleepDur 0 AssociatedSleepDur 8063 TotalDur 17902 RoamDur 0
 1/16/2017 11:39:23.466 WiFiAWDManagerSubmitMetric: metric container could not be generated for metric id <0x90010>
 1/16/2017 11:39:23.467 __WiFiLQAMgrLogStats: Rssi: -58 Cca: 45 TxPer: 0.0% (0) BcnPer: 0.0% (0) RxFrms 0 TxRate: 0 RxRate: 0
 1/16/2017 11:39:23.467 __WiFiDeviceCopyLinkChangedSubReasonString: Apple80211ReturnToString failed 1
 1/16/2017 11:39:23.467 __WiFiDeviceProcessDriverAvailableEvent: driver availability true, reason Initializing(0xe0821803), subreason (null)(0x0)
 1/16/2017 11:39:23.468 __WiFiManagerDispatchDeviceAvailable: driver availability true

 1/16/2017 11:39:23.470 Unable to dispatch message to client MessagesViewServ (268435460)
 1/16/2017 11:39:23.472 __WiFiDeviceManagerAutoAssociate: Already connected to DIGI-146A.
 1/16/2017 11:39:23.472 WiFiAWDManagerSubmitMetric: metric container could not be generated for metric id <0x9000e>
 1/16/2017 11:39:23.473 __WiFiDeviceManagerAutoAssociate: Already connected to DIGI-146A.
 1/16/2017 11:39:23.474 No Change in Background Scan Networks, Skip Re-Programming Background Scan

 1/16/2017 11:39:23.536 WoW is Disabled, 0 WoW Clients
 1/16/2017 11:39:23.957 __WiFiManagerCellularTransmitCallback_block_invoke: Cellular Transmit Started = TRUE
 1/16/2017 11:39:28.275 __WiFiManagerCellularTransmitCallback_block_invoke: Cellular Transmit Started = FALSE
 1/16/2017 11:39:30.908 __WiFiManagerCellularTransmitCallback_block_invoke: Cellular Transmit Started = TRUE
 1/16/2017 11:39:33.390 __WiFiLQAMgrLogStats: Rssi: -59 Cca: 28 TxPer: 0.0% (2) BcnPer: 0.0% (50) RxFrms 3 TxRate: 58500 RxRate: 65000
 1/16/2017 11:39:35.968 __WiFiManagerCellularTransmitCallback_block_invoke: Cellular Transmit Started = FALSE
 1/16/2017 11:39:38.398 __WiFiLQAMgrLogStats: Rssi: -58 Cca: 28 TxPer: 0.0% (1) BcnPer: 0.0% (0) RxFrms 1 TxRate: 58500 RxRate: 65000
 1/16/2017 11:39:43.406 __WiFiLQAMgrLogStats: Rssi: -59 Cca: 52 TxPer: 0.0% (0) BcnPer: 2.0% (50) RxFrms 0 TxRate: 58500 RxRate: 65000
 1/16/2017 11:39:48.414 __WiFiLQAMgrLogStats: Rssi: -60 Cca: 39 TxPer: 0.0% (1) BcnPer: 0.0% (50) RxFrms 6 TxRate: 58500 RxRate: 65000
 1/16/2017 11:39:53.423 __WiFiLQAMgrLogStats: Rssi: -60 Cca: 19 TxPer: 0.0% (8) BcnPer: 0.0% (50) RxFrms 6 TxRate: 58500 RxRate: 65000
 1/16/2017 11:39:56.263 Received kIOMessageSystemWillSleep
 1/16/2017 11:39:56.263 System Sleep notification, Disabling auto-join
 1/16/2017 11:39:56.263 __WiFiManagerSetEnableState: state FALSE, manager->enable.setting TRUE, manager->unlockedSinceBoot TRUE
 1/16/2017 11:39:56.263 Disabling automatic association
 1/16/2017 11:39:56.311 WoW is Disabled, 0 WoW Clients
 1/16/2017 11:39:56.424 __WiFiDeviceCopyLinkChangedSubReasonString: Apple80211ReturnToString failed 1
 1/16/2017 11:39:56.424 __WiFiDeviceProcessDriverAvailableEvent: driver availability false, reason PowerOff(0xe0821804), subreason (null)(0x0)
 1/16/2017 11:39:56.424 __WiFiManagerDispatchDeviceAvailable: driver availability false

 1/16/2017 11:39:56.428 Unable to dispatch message to client MessagesViewServ (268435460)
 1/16/2017 11:39:56.428 WiFiAWDManagerSubmitMetric: metric container could not be generated for metric id <0x9000e>
 1/16/2017 11:39:56.449 __WiFiDeviceManagerAwdlAvailableCallback: AWDL availability changed to FALSE
 1/16/2017 11:39:56.461 WoW is Disabled, 0 WoW Clients
 1/16/2017 11:40:12.061 Received kIOMessageSystemWillPowerOn
 1/16/2017 11:40:12.061 System wake reason: AOP.ExternalReq baseband
 1/16/2017 11:40:12.061 System Powered ON notification Re-enabling auto-join
 1/16/2017 11:40:12.061 __WiFiManagerSetEnableState: state TRUE, manager->enable.setting TRUE, manager->unlockedSinceBoot TRUE
 1/16/2017 11:40:12.061 Enabling automatic association
 1/16/2017 11:40:12.062 __WiFiDeviceManagerAutoAssociate: Already connected to DIGI-146A.
 1/16/2017 11:40:12.062 WiFiLocaleManagerCheckLocale: location service or wifi is off, set locale to default
 1/16/2017 11:40:12.062 new locale:  , locale: 
 1/16/2017 11:40:12.063 Power stats update: Type 0x5 UnassociatedSleepDur 0 AssociatedSleepDur 8042 TotalDur 15588 RoamDur 0
 1/16/2017 11:40:12.064 WiFiAWDManagerSubmitMetric: metric container could not be generated for metric id <0x90010>
 1/16/2017 11:40:12.065 __WiFiLQAMgrLogStats: Rssi: -59 Cca: 19 TxPer: 0.0% (0) BcnPer: 0.0% (0) RxFrms 0 TxRate: 0 RxRate: 0
 1/16/2017 11:40:12.066 __WiFiDeviceCopyLinkChangedSubReasonString: Apple80211ReturnToString failed 1
 1/16/2017 11:40:12.066 __WiFiDeviceProcessDriverAvailableEvent: driver availability true, reason Initializing(0xe0821803), subreason (null)(0x0)
 1/16/2017 11:40:12.066 __WiFiManagerDispatchDeviceAvailable: driver availability true

 1/16/2017 11:40:12.071 Unable to dispatch message to client MessagesViewServ (268435460)
 1/16/2017 11:40:12.072 __WiFiDeviceManagerAutoAssociate: Already connected to DIGI-146A.
 1/16/2017 11:40:12.072 WiFiAWDManagerSubmitMetric: metric container could not be generated for metric id <0x9000e>
 1/16/2017 11:40:12.073 __WiFiDeviceManagerAutoAssociate: Already connected to DIGI-146A.
 1/16/2017 11:40:12.074 No Change in Background Scan Networks, Skip Re-Programming Background Scan

 1/16/2017 11:40:12.161 __WiFiDeviceManagerAwdlAvailableCallback: AWDL availability changed to TRUE
 1/16/2017 11:40:12.378 __WiFiManagerCellularTransmitCallback_block_invoke: Cellular Transmit Started = TRUE
 1/16/2017 11:40:12.626 WoW is Disabled, 0 WoW Clients
 1/16/2017 11:40:16.923 __WiFiManagerCellularTransmitCallback_block_invoke: Cellular Transmit Started = FALSE
 1/16/2017 11:40:22.420 Received kIOMessageSystemWillSleep
 1/16/2017 11:40:22.420 System Sleep notification, Disabling auto-join
 1/16/2017 11:40:22.420 __WiFiManagerSetEnableState: state FALSE, manager->enable.setting TRUE, manager->unlockedSinceBoot TRUE
 1/16/2017 11:40:22.420 Disabling automatic association
 1/16/2017 11:40:22.457 WoW is Disabled, 0 WoW Clients
 1/16/2017 11:40:22.545 __WiFiDeviceManagerAwdlAvailableCallback: AWDL availability changed to FALSE
 1/16/2017 11:40:22.546 __WiFiDeviceCopyLinkChangedSubReasonString: Apple80211ReturnToString failed 1
 1/16/2017 11:40:22.546 __WiFiDeviceProcessDriverAvailableEvent: driver availability false, reason PowerOff(0xe0821804), subreason (null)(0x0)
 1/16/2017 11:40:22.546 __WiFiManagerDispatchDeviceAvailable: driver availability false

 1/16/2017 11:40:22.547 Unable to dispatch message to client MessagesViewServ (268435460)
 1/16/2017 11:40:22.548 WiFiAWDManagerSubmitMetric: metric container could not be generated for metric id <0x9000e>
 1/16/2017 11:40:22.551 WoW is Disabled, 0 WoW Clients
 1/16/2017 11:40:26.125 Received kIOMessageSystemWillPowerOn
 1/16/2017 11:40:26.126 System wake reason: AOP.ExternalReq baseband
 1/16/2017 11:40:26.126 System Powered ON notification Re-enabling auto-join
 1/16/2017 11:40:26.126 __WiFiManagerSetEnableState: state TRUE, manager->enable.setting TRUE, manager->unlockedSinceBoot TRUE
 1/16/2017 11:40:26.126 Enabling automatic association
 1/16/2017 11:40:26.126 __WiFiDeviceManagerAutoAssociate: Already connected to DIGI-146A.
 1/16/2017 11:40:26.126 WiFiLocaleManagerCheckLocale: location service or wifi is off, set locale to default
 1/16/2017 11:40:26.127 new locale:  , locale: 
 1/16/2017 11:40:26.155 __WiFiDeviceManagerAwdlAvailableCallback: AWDL availability changed to TRUE
 1/16/2017 11:40:26.156 Power stats update: Type 0x5 UnassociatedSleepDur 0 AssociatedSleepDur 92 TotalDur 3537 RoamDur 0
 1/16/2017 11:40:26.156 WiFiAWDManagerSubmitMetric: metric container could not be generated for metric id <0x90010>
 1/16/2017 11:40:26.157 __WiFiDeviceCopyLinkChangedSubReasonString: Apple80211ReturnToString failed 1
 1/16/2017 11:40:26.157 __WiFiDeviceProcessDriverAvailableEvent: driver availability true, reason Initializing(0xe0821803), subreason (null)(0x0)
 1/16/2017 11:40:26.157 __WiFiManagerDispatchDeviceAvailable: driver availability true

 1/16/2017 11:40:26.159 Unable to dispatch message to client MessagesViewServ (268435460)
 1/16/2017 11:40:26.159 __WiFiDeviceManagerAutoAssociate: Already connected to DIGI-146A.
 1/16/2017 11:40:26.159 WiFiAWDManagerSubmitMetric: metric container could not be generated for metric id <0x9000e>
 1/16/2017 11:40:26.160 __WiFiDeviceManagerAutoAssociate: Already connected to DIGI-146A.
 1/16/2017 11:40:26.164 No Change in Background Scan Networks, Skip Re-Programming Background Scan

 1/16/2017 11:40:26.239 __WiFiManagerCellularTransmitCallback_block_invoke: Cellular Transmit Started = TRUE
 1/16/2017 11:40:26.262 WoW is Disabled, 0 WoW Clients
 1/16/2017 11:40:30.999 __WiFiManagerCellularTransmitCallback_block_invoke: Cellular Transmit Started = FALSE
 1/16/2017 11:40:32.360 __WiFiManagerCellularTransmitCallback_block_invoke: Cellular Transmit Started = TRUE
 1/16/2017 11:40:36.111 __WiFiLQAMgrLogStats: Rssi: -58 Cca: 2 TxPer: 0.0% (8) BcnPer: 0.0% (50) RxFrms 11 TxRate: 39000 RxRate: 65000
 1/16/2017 11:40:39.671 __WiFiManagerCellularTransmitCallback_block_invoke: Cellular Transmit Started = FALSE
 1/16/2017 11:40:41.119 __WiFiLQAMgrLogStats: Rssi: -60 Cca: 31 TxPer: 0.0% (1) BcnPer: 0.0% (0) RxFrms 1 TxRate: 39000 RxRate: 65000
 1/16/2017 11:40:46.128 __WiFiLQAMgrLogStats: Rssi: -58 Cca: 53 TxPer: 0.0% (0) BcnPer: 0.0% (50) RxFrms 4 TxRate: 39000 RxRate: 65000
 1/16/2017 11:40:51.142 __WiFiLQAMgrLogStats: Rssi: -59 Cca: 53 TxPer: 0.0% (3) BcnPer: 0.0% (50) RxFrms 4 TxRate: 39000 RxRate: 65000
 1/16/2017 11:40:56.150 __WiFiLQAMgrLogStats: Rssi: -59 Cca: 4 TxPer: 0.0% (3) BcnPer: 0.0% (50) RxFrms 2 TxRate: 39000 RxRate: 65000
 1/16/2017 11:40:59.027 Received kIOMessageSystemWillSleep
 1/16/2017 11:40:59.027 System Sleep notification, Disabling auto-join
 1/16/2017 11:40:59.027 __WiFiManagerSetEnableState: state FALSE, manager->enable.setting TRUE, manager->unlockedSinceBoot TRUE
 1/16/2017 11:40:59.027 Disabling automatic association
 1/16/2017 11:40:59.071 WoW is Disabled, 0 WoW Clients
 1/16/2017 11:40:59.148 __WiFiDeviceManagerAwdlAvailableCallback: AWDL availability changed to FALSE
 1/16/2017 11:40:59.149 __WiFiDeviceCopyLinkChangedSubReasonString: Apple80211ReturnToString failed 1
 1/16/2017 11:40:59.149 __WiFiDeviceProcessDriverAvailableEvent: driver availability false, reason PowerOff(0xe0821804), subreason (null)(0x0)
 1/16/2017 11:40:59.149 __WiFiManagerDispatchDeviceAvailable: driver availability false

 1/16/2017 11:40:59.150 Unable to dispatch message to client MessagesViewServ (268435460)
 1/16/2017 11:40:59.150 WiFiAWDManagerSubmitMetric: metric container could not be generated for metric id <0x9000e>
 1/16/2017 11:40:59.154 WoW is Disabled, 0 WoW Clients
 1/16/2017 11:41:13.489 Received kIOMessageSystemWillPowerOn
 1/16/2017 11:41:13.489 System wake reason: AOP.ExternalReq baseband
 1/16/2017 11:41:13.489 System Powered ON notification Re-enabling auto-join
 1/16/2017 11:41:13.489 __WiFiManagerSetEnableState: state TRUE, manager->enable.setting TRUE, manager->unlockedSinceBoot TRUE
 1/16/2017 11:41:13.489 Enabling automatic association
 1/16/2017 11:41:13.490 __WiFiDeviceManagerAutoAssociate: Already connected to DIGI-146A.
 1/16/2017 11:41:13.490 WiFiLocaleManagerCheckLocale: location service or wifi is off, set locale to default
 1/16/2017 11:41:13.490 new locale:  , locale: 
 1/16/2017 11:41:13.491 Power stats update: Type 0x5 UnassociatedSleepDur 0 AssociatedSleepDur 8042 TotalDur 14300 RoamDur 0
 1/16/2017 11:41:13.491 WiFiAWDManagerSubmitMetric: metric container could not be generated for metric id <0x90010>
 1/16/2017 11:41:13.491 __WiFiLQAMgrLogStats: Rssi: -58 Cca: 33 TxPer: 0.0% (0) BcnPer: 0.0% (0) RxFrms 0 TxRate: 0 RxRate: 0
 1/16/2017 11:41:13.492 __WiFiDeviceCopyLinkChangedSubReasonString: Apple80211ReturnToString failed 1
 1/16/2017 11:41:13.492 __WiFiDeviceProcessDriverAvailableEvent: driver availability true, reason Initializing(0xe0821803), subreason (null)(0x0)
 1/16/2017 11:41:13.492 __WiFiManagerDispatchDeviceAvailable: driver availability true

 1/16/2017 11:41:13.495 Unable to dispatch message to client MessagesViewServ (268435460)
 1/16/2017 11:41:13.495 __WiFiDeviceManagerAutoAssociate: Already connected to DIGI-146A.
 1/16/2017 11:41:13.495 WiFiAWDManagerSubmitMetric: metric container could not be generated for metric id <0x9000e>
 1/16/2017 11:41:13.496 __WiFiDeviceManagerAutoAssociate: Already connected to DIGI-146A.
 1/16/2017 11:41:13.497 No Change in Background Scan Networks, Skip Re-Programming Background Scan

 1/16/2017 11:41:13.540 __WiFiDeviceManagerAwdlAvailableCallback: AWDL availability changed to TRUE
 1/16/2017 11:41:13.612 WoW is Disabled, 0 WoW Clients
 1/16/2017 11:41:13.621 __WiFiManagerCellularTransmitCallback_block_invoke: Cellular Transmit Started = TRUE
 1/16/2017 11:41:22.781 WiFiLocaleManagerCheckLocale: location service or wifi is off, set locale to default
 1/16/2017 11:41:22.781 new locale:  , locale: 
 1/16/2017 11:41:23.478 __WiFiLQAMgrLogStats: Rssi: -60 Cca: 33 TxPer: 0.0% (4) BcnPer: 0.0% (50) RxFrms 4 TxRate: 39000 RxRate: 65000
 1/16/2017 11:41:27.644 __WiFiManagerCellularTransmitCallback_block_invoke: Cellular Transmit Started = FALSE
 1/16/2017 11:41:28.487 __WiFiLQAMgrLogStats: Rssi: -61 Cca: 33 TxPer: 0.0% (1) BcnPer: 0.0% (0) RxFrms 1 TxRate: 39000 RxRate: 65000
 1/16/2017 11:41:29.953 __WiFiManagerCellularTransmitCallback_block_invoke: Cellular Transmit Started = TRUE
 1/16/2017 11:41:33.495 __WiFiLQAMgrLogStats: Rssi: -59 Cca: 33 TxPer: 0.0% (5) BcnPer: 0.0% (50) RxFrms 6 TxRate: 39000 RxRate: 65000
 1/16/2017 11:41:35.012 __WiFiManagerCellularTransmitCallback_block_invoke: Cellular Transmit Started = FALSE
 1/16/2017 11:41:38.503 __WiFiLQAMgrLogStats: Rssi: -61 Cca: 33 TxPer: 0.0% (1) BcnPer: 0.0% (50) RxFrms 1 TxRate: 39000 RxRate: 65000
 1/16/2017 11:41:43.511 __WiFiLQAMgrLogStats: Rssi: -59 Cca: 21 TxPer: 0.0% (3) BcnPer: 0.0% (50) RxFrms 3 TxRate: 39000 RxRate: 65000
 1/16/2017 11:41:46.338 Received kIOMessageSystemWillSleep
 1/16/2017 11:41:46.338 System Sleep notification, Disabling auto-join
 1/16/2017 11:41:46.338 __WiFiManagerSetEnableState: state FALSE, manager->enable.setting TRUE, manager->unlockedSinceBoot TRUE
 1/16/2017 11:41:46.338 Disabling automatic association
 1/16/2017 11:41:46.386 WoW is Disabled, 0 WoW Clients
 1/16/2017 11:41:46.494 __WiFiDeviceManagerAwdlAvailableCallback: AWDL availability changed to FALSE
 1/16/2017 11:41:46.494 __WiFiDeviceCopyLinkChangedSubReasonString: Apple80211ReturnToString failed 1
 1/16/2017 11:41:46.494 __WiFiDeviceProcessDriverAvailableEvent: driver availability false, reason PowerOff(0xe0821804), subreason (null)(0x0)
 1/16/2017 11:41:46.494 __WiFiManagerDispatchDeviceAvailable: driver availability false

 1/16/2017 11:41:46.495 Unable to dispatch message to client MessagesViewServ (268435460)
 1/16/2017 11:41:46.495 WiFiAWDManagerSubmitMetric: metric container could not be generated for metric id <0x9000e>
 1/16/2017 11:41:46.499 WoW is Disabled, 0 WoW Clients
 1/16/2017 11:41:53.178 Received kIOMessageSystemWillPowerOn
 1/16/2017 11:41:53.178 System wake reason: AOP.ExternalReq baseband
 1/16/2017 11:41:53.178 System Powered ON notification Re-enabling auto-join
 1/16/2017 11:41:53.178 __WiFiManagerSetEnableState: state TRUE, manager->enable.setting TRUE, manager->unlockedSinceBoot TRUE
 1/16/2017 11:41:53.178 Enabling automatic association
 1/16/2017 11:41:53.178 __WiFiDeviceManagerAutoAssociate: Already connected to DIGI-146A.
 1/16/2017 11:41:53.178 WiFiLocaleManagerCheckLocale: location service or wifi is off, set locale to default
 1/16/2017 11:41:53.178 new locale:  , locale: 
 1/16/2017 11:41:53.179 Power stats update: Type 0x5 UnassociatedSleepDur 0 AssociatedSleepDur 2193 TotalDur 6626 RoamDur 0
 1/16/2017 11:41:53.179 WiFiAWDManagerSubmitMetric: metric container could not be generated for metric id <0x90010>
 1/16/2017 11:41:53.180 __WiFiLQAMgrLogStats: Rssi: -58 Cca: 21 TxPer: 0.0% (0) BcnPer: 0.0% (0) RxFrms 0 TxRate: 0 RxRate: 0
 1/16/2017 11:41:53.181 __WiFiDeviceCopyLinkChangedSubReasonString: Apple80211ReturnToString failed 1
 1/16/2017 11:41:53.181 __WiFiDeviceProcessDriverAvailableEvent: driver availability true, reason Initializing(0xe0821803), subreason (null)(0x0)
 1/16/2017 11:41:53.181 __WiFiManagerDispatchDeviceAvailable: driver availability true

 1/16/2017 11:41:53.183 Unable to dispatch message to client MessagesViewServ (268435460)
 1/16/2017 11:41:53.184 __WiFiDeviceManagerAutoAssociate: Already connected to DIGI-146A.
 1/16/2017 11:41:53.184 WiFiAWDManagerSubmitMetric: metric container could not be generated for metric id <0x9000e>
 1/16/2017 11:41:53.185 __WiFiDeviceManagerAutoAssociate: Already connected to DIGI-146A.
 1/16/2017 11:41:53.186 No Change in Background Scan Networks, Skip Re-Programming Background Scan

 1/16/2017 11:41:53.251 __WiFiDeviceManagerAwdlAvailableCallback: AWDL availability changed to TRUE
 1/16/2017 11:41:53.276 WoW is Disabled, 0 WoW Clients
 1/16/2017 11:41:53.283 __WiFiManagerCellularTransmitCallback_block_invoke: Cellular Transmit Started = TRUE
 1/16/2017 11:41:58.045 __WiFiManagerCellularTransmitCallback_block_invoke: Cellular Transmit Started = FALSE
 1/16/2017 11:42:03.153 __WiFiLQAMgrLogStats: Rssi: -58 Cca: 32 TxPer: 0.0% (2) BcnPer: 0.0% (50) RxFrms 2 TxRate: 52000 RxRate: 65000
 1/16/2017 11:42:03.511 Received kIOMessageSystemWillSleep
 1/16/2017 11:42:03.511 System Sleep notification, Disabling auto-join
 1/16/2017 11:42:03.511 __WiFiManagerSetEnableState: state FALSE, manager->enable.setting TRUE, manager->unlockedSinceBoot TRUE
 1/16/2017 11:42:03.511 Disabling automatic association
 1/16/2017 11:42:03.542 WoW is Disabled, 0 WoW Clients
 1/16/2017 11:42:03.608 __WiFiDeviceCopyLinkChangedSubReasonString: Apple80211ReturnToString failed 1
 1/16/2017 11:42:03.608 __WiFiDeviceProcessDriverAvailableEvent: driver availability false, reason PowerOff(0xe0821804), subreason (null)(0x0)
 1/16/2017 11:42:03.608 __WiFiManagerDispatchDeviceAvailable: driver availability false

 1/16/2017 11:42:03.609 Unable to dispatch message to client MessagesViewServ (268435460)
 1/16/2017 11:42:03.609 WiFiAWDManagerSubmitMetric: metric container could not be generated for metric id <0x9000e>
 1/16/2017 11:42:03.616 __WiFiDeviceManagerAwdlAvailableCallback: AWDL availability changed to FALSE
 1/16/2017 11:42:03.629 WoW is Disabled, 0 WoW Clients
 1/16/2017 11:42:13.677 Received kIOMessageSystemWillPowerOn
 1/16/2017 11:42:13.677 System wake reason: AOP.ExternalReq baseband
 1/16/2017 11:42:13.677 System Powered ON notification Re-enabling auto-join
 1/16/2017 11:42:13.677 __WiFiManagerSetEnableState: state TRUE, manager->enable.setting TRUE, manager->unlockedSinceBoot TRUE
 1/16/2017 11:42:13.679 Enabling automatic association
 1/16/2017 11:42:13.679 __WiFiDeviceManagerAutoAssociate: Already connected to DIGI-146A.
 1/16/2017 11:42:13.680 WiFiLocaleManagerCheckLocale: location service or wifi is off, set locale to default
 1/16/2017 11:42:13.680 new locale:  , locale: 
 1/16/2017 11:42:13.680 Power stats update: Type 0x5 UnassociatedSleepDur 0 AssociatedSleepDur 6044 TotalDur 10026 RoamDur 0
 1/16/2017 11:42:13.680 WiFiAWDManagerSubmitMetric: metric container could not be generated for metric id <0x90010>
 1/16/2017 11:42:13.681 __WiFiLQAMgrLogStats: Rssi: -58 Cca: 33 TxPer: 0.0% (2) BcnPer: 0.0% (50) RxFrms 2 TxRate: 52000 RxRate: 65000
 1/16/2017 11:42:13.683 __WiFiDeviceCopyLinkChangedSubReasonString: Apple80211ReturnToString failed 1
 1/16/2017 11:42:13.683 __WiFiDeviceProcessDriverAvailableEvent: driver availability true, reason Initializing(0xe0821803), subreason (null)(0x0)
 1/16/2017 11:42:13.683 __WiFiManagerDispatchDeviceAvailable: driver availability true

 1/16/2017 11:42:13.685 Unable to dispatch message to client MessagesViewServ (268435460)
 1/16/2017 11:42:13.685 __WiFiDeviceManagerAutoAssociate: Already connected to DIGI-146A.
 1/16/2017 11:42:13.685 WiFiAWDManagerSubmitMetric: metric container could not be generated for metric id <0x9000e>
 1/16/2017 11:42:13.687 __WiFiDeviceManagerAutoAssociate: Already connected to DIGI-146A.
 1/16/2017 11:42:13.689 No Change in Background Scan Networks, Skip Re-Programming Background Scan

 1/16/2017 11:42:13.759 __WiFiDeviceManagerAwdlAvailableCallback: AWDL availability changed to TRUE
 1/16/2017 11:42:14.200 __WiFiManagerCellularTransmitCallback_block_invoke: Cellular Transmit Started = TRUE
 1/16/2017 11:42:14.339 WoW is Disabled, 0 WoW Clients
 1/16/2017 11:42:18.554 __WiFiManagerCellularTransmitCallback_block_invoke: Cellular Transmit Started = FALSE
 1/16/2017 11:42:23.675 __WiFiLQAMgrLogStats: Rssi: -58 Cca: 16 TxPer: 0.0% (3) BcnPer: 0.0% (50) RxFrms 3 TxRate: 52000 RxRate: 65000
 1/16/2017 11:42:28.682 __WiFiLQAMgrLogStats: Rssi: -58 Cca: 32 TxPer: 0.0% (0) BcnPer: 0.0% (50) RxFrms 0 TxRate: 52000 RxRate: 65000
 1/16/2017 11:42:33.696 __WiFiLQAMgrLogStats: Rssi: -58 Cca: 22 TxPer: 0.0% (3) BcnPer: 0.0% (50) RxFrms 4 TxRate: 58500 RxRate: 65000
 1/16/2017 11:42:38.704 __WiFiLQAMgrLogStats: Rssi: -58 Cca: 31 TxPer: 0.0% (4) BcnPer: 0.0% (0) RxFrms 3 TxRate: 58500 RxRate: 65000
 1/16/2017 11:42:42.917 __WiFiManagerCellularTransmitCallback_block_invoke: Cellular Transmit Started = TRUE
 1/16/2017 11:42:43.711 __WiFiLQAMgrLogStats: Rssi: -58 Cca: 7 TxPer: 0.0% (24) BcnPer: 0.0% (50) RxFrms 15 TxRate: 58500 RxRate: 65000
 1/16/2017 11:42:48.022 __WiFiManagerCellularTransmitCallback_block_invoke: Cellular Transmit Started = FALSE
 1/16/2017 11:42:48.720 __WiFiLQAMgrLogStats: Rssi: -59 Cca: 39 TxPer: 0.0% (2) BcnPer: 0.0% (50) RxFrms 3 TxRate: 58500 RxRate: 65000
 1/16/2017 11:42:53.223 Received kIOMessageSystemWillSleep
 1/16/2017 11:42:53.223 System Sleep notification, Disabling auto-join
 1/16/2017 11:42:53.223 __WiFiManagerSetEnableState: state FALSE, manager->enable.setting TRUE, manager->unlockedSinceBoot TRUE
 1/16/2017 11:42:53.223 Disabling automatic association
 1/16/2017 11:42:53.252 WoW is Disabled, 0 WoW Clients
 1/16/2017 11:42:53.365 __WiFiDeviceCopyLinkChangedSubReasonString: Apple80211ReturnToString failed 1
 1/16/2017 11:42:53.365 __WiFiDeviceProcessDriverAvailableEvent: driver availability false, reason PowerOff(0xe0821804), subreason (null)(0x0)
 1/16/2017 11:42:53.365 __WiFiManagerDispatchDeviceAvailable: driver availability false

 1/16/2017 11:42:53.366 Unable to dispatch message to client MessagesViewServ (268435460)
 1/16/2017 11:42:53.367 WiFiAWDManagerSubmitMetric: metric container could not be generated for metric id <0x9000e>
 1/16/2017 11:42:53.368 __WiFiDeviceManagerAwdlAvailableCallback: AWDL availability changed to FALSE
 1/16/2017 11:42:53.370 WoW is Disabled, 0 WoW Clients
 1/16/2017 11:47:29.540 Received kIOMessageSystemWillPowerOn
 1/16/2017 11:47:29.551 System wake reason: AOP.ExternalReq menu
 1/16/2017 11:47:29.551 System Powered ON notification Re-enabling auto-join
 1/16/2017 11:47:29.551 __WiFiManagerSetEnableState: state TRUE, manager->enable.setting TRUE, manager->unlockedSinceBoot TRUE
 1/16/2017 11:47:29.551 Enabling automatic association
 1/16/2017 11:47:29.552 __WiFiDeviceManagerAutoAssociate: Already connected to DIGI-146A.
 1/16/2017 11:47:29.552 WiFiLocaleManagerCheckLocale: location service or wifi is off, set locale to default
 1/16/2017 11:47:29.552 new locale:  , locale: 
 1/16/2017 11:47:29.580 Device display is ON
 1/16/2017 11:47:29.580 __WiFiManagerSetEnableState: state TRUE, manager->enable.setting TRUE, manager->unlockedSinceBoot TRUE
 1/16/2017 11:47:29.580 __WiFiDeviceManagerAutoAssociate: Already connected to DIGI-146A.
 1/16/2017 11:47:29.580 Power stats update: Type 0x5 UnassociatedSleepDur 0 AssociatedSleepDur 149427 TotalDur 276084 RoamDur 0
 1/16/2017 11:47:29.580 WiFiAWDManagerSubmitMetric: metric container could not be generated for metric id <0x90010>
 1/16/2017 11:47:29.588 __WiFiDeviceManagerAwdlAvailableCallback: AWDL availability changed to TRUE
 1/16/2017 11:47:29.588 __WiFiLQAMgrLogStats: Rssi: -76 Cca: 39 TxPer: 0.0% (0) BcnPer: 0.0% (0) RxFrms 0 TxRate: 0 RxRate: 0
 1/16/2017 11:47:29.589 __WiFiDeviceCopyLinkChangedSubReasonString: Apple80211ReturnToString failed 1
 1/16/2017 11:47:29.589 __WiFiDeviceProcessDriverAvailableEvent: driver availability true, reason Initializing(0xe0821803), subreason (null)(0x0)
 1/16/2017 11:47:29.589 __WiFiManagerDispatchDeviceAvailable: driver availability true

 1/16/2017 11:47:29.590 Unable to dispatch message to client MessagesViewServ (268435460)
 1/16/2017 11:47:29.591 __WiFiDeviceManagerAutoAssociate: Already connected to DIGI-146A.
 1/16/2017 11:47:29.591 WiFiAWDManagerSubmitMetric: metric container could not be generated for metric id <0x9000e>
 1/16/2017 11:47:29.595 __WiFiDeviceManagerAutoAssociate: Already connected to DIGI-146A.
 1/16/2017 11:47:29.596 No Change in Background Scan Networks, Skip Re-Programming Background Scan

 1/16/2017 11:47:29.724 WoW is Disabled, 0 WoW Clients
 1/16/2017 11:47:29.741 __WiFiManagerCellularTransmitCallback_block_invoke: Cellular Transmit Started = FALSE
 1/16/2017 11:47:31.428 ATJManager: setting ask-to-join interaction mode to Interactive
 1/16/2017 11:47:31.428 ATJManager: no entries to purge
 1/16/2017 11:47:31.428 User interaction ENABLED
 1/16/2017 11:47:31.428 Ignoring lock state manager->wakeMode 1

 1/16/2017 11:47:31.428 problematic networks =  and potentially problematic networks = 
 1/16/2017 11:47:31.428 Unblacklisting
 1/16/2017 11:47:31.429 No Change in Background Scan Networks, Skip Re-Programming Background Scan

 1/16/2017 11:47:31.429 __WiFiDeviceManagerAutoAssociate: Already connected to DIGI-146A.
 1/16/2017 11:47:33.320 Client itunesstored set type to background application
 1/16/2017 11:47:33.323 __WiFiManagerSetEnableState: state TRUE, manager->enable.setting TRUE, manager->unlockedSinceBoot TRUE
 1/16/2017 11:47:33.332 BG Application: Not Present, BG Daemon: Present. Daemons: mediaserverd itunesstored 
 1/16/2017 11:47:33.332 LPAS is Enabled
 1/16/2017 11:47:33.332 LPAS Enabled, Skip starting Disassocation timer
 1/16/2017 11:47:33.332 __WiFiDeviceManagerAutoAssociate: Already connected to DIGI-146A.
 1/16/2017 11:47:33.333 BG Application: Not Present, BG Daemon: Present. Daemons: mediaserverd itunesstored 
 1/16/2017 11:47:34.493 
Too frequent(0.854027 secs) rssi event from driver, ignoring

 1/16/2017 11:47:36.943 Client apsd set type to background application
 1/16/2017 11:47:36.943 __WiFiManagerSetEnableState: state TRUE, manager->enable.setting TRUE, manager->unlockedSinceBoot TRUE
 1/16/2017 11:47:36.943 BG Application: Not Present, BG Daemon: Present. Daemons: mediaserverd itunesstored apsd 
 1/16/2017 11:47:36.944 __WiFiDeviceManagerAutoAssociate: Already connected to DIGI-146A.
 1/16/2017 11:47:36.950 Enable WoW requested by "apsd"
 1/16/2017 11:47:36.950 WoW Capable = YES, Attempting to enable WoW and disable LPAS 
 1/16/2017 11:47:36.950 Setting WoW params to <CFBasicHash 0x14e0050b0 [0x1a0950150]>{type = immutable dict, count = 3,
entries =>
	0 : <CFString 0x100175960 [0x1a0950150]>{contents = "IO80211InterfaceEnableLowPwrAssocMode"} = <CFBoolean 0x1a09506d8 [0x1a0950150]>{value = false}
	1 : <CFString 0x100175940 [0x1a0950150]>{contents = "IO80211InterfaceEnableWoW"} = <CFBoolean 0x1a09506c8 [0x1a0950150]>{value = true}
	2 : <CFString 0x100185ae0 [0x1a0950150]>{contents = "IO80211InterfaceEnableWoWOnCaptive"} = <CFBoolean 0x1a09506d8 [0x1a0950150]>{value = false}
}

 1/16/2017 11:47:36.957 WiFiDeviceRequestAssociatedSleep: ActiveDuringSleepRequested is already set (<CFBasicHash 0x14ce8d300 [0x1a0950150]>{type = immutable dict, count = 0,
entries =>
}
).
 1/16/2017 11:47:36.957 WoW Enabled by 1 Clients, lpas is Disabled, WoW Override is Disabled, Captive Disabled
 1/16/2017 11:47:36.957 Unable to dispatch WowStateChanged message to client Preferences (268435460)
 1/16/2017 11:47:36.957 Unable to dispatch WowStateChanged message to client dataaccessd (268435460)
 1/16/2017 11:47:36.958 Unable to dispatch WowStateChanged message to client itunesstored (268435460)
 1/16/2017 11:47:36.958 Unable to dispatch WowStateChanged message to client mediaserverd (268435460)
 1/16/2017 11:47:36.958 Unable to dispatch WowStateChanged message to client MobileMail (268435460)
 1/16/2017 11:47:36.958 Unable to dispatch WowStateChanged message to client profiled (268435460)
 1/16/2017 11:47:36.959 Unable to dispatch WowStateChanged message to client MessagesViewServ (268435460)
 1/16/2017 11:47:36.959 Unable to dispatch WowStateChanged message to client assistantd (268435460)
 1/16/2017 11:47:36.964 apsd[273] is a wow client
 1/16/2017 11:47:36.964 WoW is Enabled, 1 WoW Clients
 1/16/2017 11:47:36.964 apsd[273] is a wow client
 1/16/2017 11:47:36.964 WoW is Enabled, 1 WoW Clients
 1/16/2017 11:47:36.964 apsd[273] is a wow client
 1/16/2017 11:47:36.965 WoW is Enabled, 1 WoW Clients
 1/16/2017 11:47:38.813 Client itunesstored set type to normal application
 1/16/2017 11:47:38.813 __WiFiManagerSetEnableState: state TRUE, manager->enable.setting TRUE, manager->unlockedSinceBoot TRUE
 1/16/2017 11:47:38.813 BG Application: Not Present, BG Daemon: Present. Daemons: mediaserverd apsd 
 1/16/2017 11:47:39.501 __WiFiLQAMgrLogStats: Rssi: -69 Cca: 64 TxPer: 0.0% (1180) BcnPer: 2.0% (50) RxFrms 4185 TxRate: 39000 RxRate: 39000
 1/16/2017 11:47:39.666 
Too frequent(0.165616 secs) rssi event from driver, ignoring

 1/16/2017 11:48:14.992 WiFiLocaleManagerCheckLocale: location service or wifi is off, set locale to default
 1/16/2017 11:48:14.993 new locale:  , locale: 
 1/16/2017 11:48:19.563 __WiFiLQAMgrLogStats: Rssi: -74 Cca: 21 TxPer: 0.0% (3) BcnPer: 0.0% (50) RxFrms 2 TxRate: 52000 RxRate: 52000
 1/16/2017 11:48:24.572 __WiFiLQAMgrLogStats: Rssi: -73 Cca: 8 TxPer: 0.0% (4) BcnPer: 0.0% (50) RxFrms 1 TxRate: 52000 RxRate: 52000
 1/16/2017 11:48:29.580 __WiFiLQAMgrLogStats: Rssi: -73 Cca: 33 TxPer: 0.0% (0) BcnPer: 4.2% (24) RxFrms 1 TxRate: 52000 RxRate: 52000
 1/16/2017 11:48:31.394 apsd[273] is a wow client
 1/16/2017 11:48:31.394 WoW is Enabled, 1 WoW Clients
 1/16/2017 11:48:31.432 BG Application: Not Present, BG Daemon: Present. Daemons: mediaserverd apsd 
 1/16/2017 11:48:31.433 BG Application: Not Present, BG Daemon: Present. Daemons: mediaserverd apsd 
 1/16/2017 11:48:34.593 __WiFiLQAMgrLogStats: Rssi: -71 Cca: 33 TxPer: 0.0% (11) BcnPer: 0.0% (50) RxFrms 3 TxRate: 39000 RxRate: 52000
 1/16/2017 11:48:39.594 __WiFiLQAMgrLogStats: Rssi: -70 Cca: 10 TxPer: 0.0% (7) BcnPer: 0.0% (50) RxFrms 5 TxRate: 39000 RxRate: 52000
 1/16/2017 11:48:39.974 
Too frequent(0.380249 secs) rssi event from driver, ignoring

 1/16/2017 11:48:54.625 __WiFiLQAMgrLogStats: Rssi: -70 Cca: 48 TxPer: 0.0% (4) BcnPer: 0.0% (50) RxFrms 1 TxRate: 39000 RxRate: 52000
 1/16/2017 11:48:54.827 
Too frequent(0.202495 secs) rssi event from driver, ignoring

 1/16/2017 11:49:59.666 __WiFiLQAMgrLogStats: Rssi: -68 Cca: 7 TxPer: 0.0% (0) BcnPer: 0.0% (0) RxFrms 0 TxRate: 0 RxRate: 0
 1/16/2017 11:50:14.956 WiFiLocaleManagerCheckLocale: location service or wifi is off, set locale to default
 1/16/2017 11:50:14.956 new locale:  , locale: 
 1/16/2017 11:50:39.723 __WiFiLQAMgrLogStats: Rssi: -77 Cca: 5 TxPer: 0.0% (4) BcnPer: 0.0% (50) RxFrms 3 TxRate: 39000 RxRate: 39000
 1/16/2017 11:51:54.840 __WiFiLQAMgrLogStats: Rssi: -71 Cca: 50 TxPer: 0.0% (4) BcnPer: 0.0% (50) RxFrms 2 TxRate: 26000 RxRate: 52000
 1/16/2017 11:51:59.841 __WiFiLQAMgrLogStats: Rssi: -71 Cca: 50 TxPer: 0.0% (0) BcnPer: 0.0% (0) RxFrms 0 TxRate: 0 RxRate: 0
 1/16/2017 11:52:00.741 
Too frequent(0.900671 secs) rssi event from driver, ignoring

 1/16/2017 11:52:05.764 
Too frequent(0.913776 secs) rssi event from driver, ignoring

 1/16/2017 11:52:14.953 WiFiLocaleManagerCheckLocale: location service or wifi is off, set locale to default
 1/16/2017 11:52:14.953 new locale:  , locale: 
 1/16/2017 11:52:24.883 __WiFiLQAMgrLogStats: Rssi: -70 Cca: 42 TxPer: 1.1% (90) BcnPer: 0.0% (50) RxFrms 74 TxRate: 39000 RxRate: 39000
 1/16/2017 11:52:49.940 __WiFiLQAMgrLogStats: Rssi: -70 Cca: 29 TxPer: 0.0% (2) BcnPer: 0.0% (50) RxFrms 2 TxRate: 39000 RxRate: 52000
 1/16/2017 11:52:50.514 
Too frequent(0.574461 secs) rssi event from driver, ignoring

 1/16/2017 11:52:55.532 
Too frequent(0.584010 secs) rssi event from driver, ignoring

 1/16/2017 11:53:00.550 
Too frequent(0.593196 secs) rssi event from driver, ignoring

 1/16/2017 11:53:05.569 
Too frequent(0.603104 secs) rssi event from driver, ignoring

 1/16/2017 11:53:14.978 __WiFiLQAMgrLogStats: Rssi: -77 Cca: 12 TxPer: 0.0% (3) BcnPer: 0.0% (29) RxFrms 0 TxRate: 39000 RxRate: 58500
 1/16/2017 11:53:19.987 __WiFiLQAMgrLogStats: Rssi: -80 Cca: 12 TxPer: 0.0% (2) BcnPer: 2.2% (45) RxFrms 1 TxRate: 39000 RxRate: 58500
 1/16/2017 11:53:25.005 __WiFiLQAMgrLogStats: Rssi: -73 Cca: 12 TxPer: 0.0% (12) BcnPer: 2.0% (50) RxFrms 12 TxRate: 39000 RxRate: 58500
 1/16/2017 11:53:38.062 apsd[273] is a wow client
 1/16/2017 11:53:38.062 WoW is Enabled, 1 WoW Clients
 1/16/2017 11:53:50.027 
Too frequent(0.704473 secs) rssi event from driver, ignoring

 1/16/2017 11:53:55.037 
Too frequent(0.697423 secs) rssi event from driver, ignoring

 1/16/2017 11:54:00.056 __WiFiLQAMgrLogStats: Rssi: -74 Cca: 21 TxPer: 0.0% (4) BcnPer: 2.0% (50) RxFrms 1 TxRate: 26000 RxRate: 52000
 1/16/2017 11:54:10.061 __WiFiLQAMgrLogStats: Rssi: -75 Cca: 14 TxPer: 0.0% (7) BcnPer: 0.0% (50) RxFrms 2 TxRate: 26000 RxRate: 52000
 1/16/2017 11:54:14.954 WiFiLocaleManagerCheckLocale: location service or wifi is off, set locale to default
 1/16/2017 11:54:14.954 new locale:  , locale: 
 1/16/2017 11:54:15.061 __WiFiLQAMgrLogStats: Rssi: -75 Cca: 47 TxPer: 0.0% (0) BcnPer: 0.0% (0) RxFrms 0 TxRate: 0 RxRate: 0
 1/16/2017 11:54:20.070 
Too frequent(0.641260 secs) rssi event from driver, ignoring

 1/16/2017 11:54:25.077 __WiFiLQAMgrLogStats: Rssi: -68 Cca: 22 TxPer: 0.0% (42) BcnPer: 0.0% (15) RxFrms 35 TxRate: 52000 RxRate: 52000
 1/16/2017 11:54:26.051 
Too frequent(0.973328 secs) rssi event from driver, ignoring

 1/16/2017 11:54:55.118 
Too frequent(0.968517 secs) rssi event from driver, ignoring

 1/16/2017 11:55:00.126 
Too frequent(0.958612 secs) rssi event from driver, ignoring

 1/16/2017 11:55:05.134 __WiFiLQAMgrLogStats: Rssi: -71 Cca: 45 TxPer: 0.0% (4) BcnPer: 4.0% (50) RxFrms 3 TxRate: 39000 RxRate: 58500
 1/16/2017 11:55:05.592 
Too frequent(0.457288 secs) rssi event from driver, ignoring

 1/16/2017 11:55:10.610 
Too frequent(0.467584 secs) rssi event from driver, ignoring

 1/16/2017 11:55:20.152 __WiFiLQAMgrLogStats: Rssi: -70 Cca: 14 TxPer: 0.0% (7) BcnPer: 0.0% (100) RxFrms 2 TxRate: 39000 RxRate: 52000
 1/16/2017 11:55:25.159 __WiFiLQAMgrLogStats: Rssi: -71 Cca: 44 TxPer: 0.0% (1) BcnPer: 0.0% (50) RxFrms 4 TxRate: 39000 RxRate: 52000
 1/16/2017 11:55:30.167 __WiFiLQAMgrLogStats: Rssi: -75 Cca: 4 TxPer: 0.0% (3) BcnPer: 0.0% (50) RxFrms 1 TxRate: 39000 RxRate: 52000
 1/16/2017 11:55:45.832 
Too frequent(0.642395 secs) rssi event from driver, ignoring

 1/16/2017 11:55:50.950 
Too frequent(0.755244 secs) rssi event from driver, ignoring

 1/16/2017 11:55:55.968 
Too frequent(0.764875 secs) rssi event from driver, ignoring

 1/16/2017 11:56:05.223 __WiFiLQAMgrLogStats: Rssi: -54 Cca: 27 TxPer: 0.0% (4) BcnPer: 0.0% (50) RxFrms 0 TxRate: 26000 RxRate: 58500
 1/16/2017 11:56:10.240 __WiFiLQAMgrLogStats: Rssi: -61 Cca: 5 TxPer: 0.0% (7) BcnPer: 0.0% (50) RxFrms 2 TxRate: 26000 RxRate: 58500
 1/16/2017 11:56:14.956 WiFiLocaleManagerCheckLocale: location service or wifi is off, set locale to default
 1/16/2017 11:56:14.956 new locale:  , locale: 
 1/16/2017 11:56:15.229 
Too frequent(0.795645 secs) rssi event from driver, ignoring

 1/16/2017 11:56:20.238 
Too frequent(0.486412 secs) rssi event from driver, ignoring

 1/16/2017 11:56:25.246 __WiFiLQAMgrLogStats: Rssi: -68 Cca: 47 TxPer: 0.0% (1) BcnPer: 0.0% (50) RxFrms 4 TxRate: 39000 RxRate: 58500
 1/16/2017 11:56:25.371 
Too frequent(0.124687 secs) rssi event from driver, ignoring

 1/16/2017 11:56:30.388 
Too frequent(0.134093 secs) rssi event from driver, ignoring

 1/16/2017 11:56:40.270 __WiFiLQAMgrLogStats: Rssi: -68 Cca: 34 TxPer: 0.0% (1334) BcnPer: 2.0% (50) RxFrms 5849 TxRate: 65000 RxRate: 65000
 1/16/2017 11:56:50.295 __WiFiLQAMgrLogStats: Rssi: -70 Cca: 32 TxPer: 0.0% (5) BcnPer: 5.6% (18) RxFrms 5 TxRate: 58500 RxRate: 65000
 1/16/2017 11:56:50.359 
Too frequent(0.063883 secs) rssi event from driver, ignoring

 1/16/2017 11:56:55.377 
Too frequent(0.074436 secs) rssi event from driver, ignoring

 1/16/2017 11:57:00.394 
Too frequent(0.082906 secs) rssi event from driver, ignoring

 1/16/2017 11:57:16.376 BG Application: Not Present, BG Daemon: Present. Daemons: mediaserverd apsd 
 1/16/2017 11:57:16.376 __WiFiManagerSetEnableState: state TRUE, manager->enable.setting TRUE, manager->unlockedSinceBoot TRUE
 1/16/2017 11:57:16.377 __WiFiDeviceManagerAutoAssociate: Already connected to DIGI-146A.
 1/16/2017 11:57:17.154 BG Application: Not Present, BG Daemon: Present. Daemons: mediaserverd apsd 
 1/16/2017 11:57:17.154 WoW Enabled, Skip starting Disassocation timer
 1/16/2017 11:57:17.154 Client itunesstored set type to background application
 1/16/2017 11:57:17.154 __WiFiManagerSetEnableState: state TRUE, manager->enable.setting TRUE, manager->unlockedSinceBoot TRUE
 1/16/2017 11:57:17.156 BG Application: Not Present, BG Daemon: Present. Daemons: mediaserverd itunesstored apsd 
 1/16/2017 11:57:17.157 __WiFiDeviceManagerAutoAssociate: Already connected to DIGI-146A.
 1/16/2017 11:57:23.165 Client itunesstored set type to normal application
 1/16/2017 11:57:23.165 __WiFiManagerSetEnableState: state TRUE, manager->enable.setting TRUE, manager->unlockedSinceBoot TRUE
 1/16/2017 11:57:23.166 BG Application: Not Present, BG Daemon: Present. Daemons: mediaserverd apsd 
 1/16/2017 11:57:24.973 BG Application: Not Present, BG Daemon: Present. Daemons: mediaserverd apsd 
 1/16/2017 11:57:24.973 __WiFiManagerSetEnableState: state TRUE, manager->enable.setting TRUE, manager->unlockedSinceBoot TRUE
 1/16/2017 11:57:24.974 __WiFiDeviceManagerAutoAssociate: Already connected to DIGI-146A.
 1/16/2017 11:57:31.568 Client itunesstored set type to background application
 1/16/2017 11:57:31.568 __WiFiManagerSetEnableState: state TRUE, manager->enable.setting TRUE, manager->unlockedSinceBoot TRUE
 1/16/2017 11:57:31.573 BG Application: Not Present, BG Daemon: Present. Daemons: mediaserverd itunesstored apsd 
 1/16/2017 11:57:31.573 __WiFiDeviceManagerAutoAssociate: Already connected to DIGI-146A.
 1/16/2017 11:57:31.834 BG Application: Not Present, BG Daemon: Present. Daemons: mediaserverd itunesstored apsd 
 1/16/2017 11:57:31.834 WoW Enabled, Skip starting Disassocation timer
 1/16/2017 11:57:35.355 __WiFiLQAMgrLogStats: Rssi: -59 Cca: 18 TxPer: 0.0% (338) BcnPer: 0.0% (50) RxFrms 335 TxRate: 72222 RxRate: 65000
 1/16/2017 11:57:37.118 Client itunesstored set type to normal application
 1/16/2017 11:57:37.118 __WiFiManagerSetEnableState: state TRUE, manager->enable.setting TRUE, manager->unlockedSinceBoot TRUE
 1/16/2017 11:57:37.119 BG Application: Not Present, BG Daemon: Present. Daemons: mediaserverd apsd 
 1/16/2017 11:57:40.361 __WiFiLQAMgrLogStats: Rssi: -59 Cca: 27 TxPer: 0.0% (49) BcnPer: 4.1% (49) RxFrms 49 TxRate: 72222 RxRate: 65000
 1/16/2017 11:57:45.369 __WiFiLQAMgrLogStats: Rssi: -65 Cca: 15 TxPer: 0.0% (5) BcnPer: 0.0% (50) RxFrms 0 TxRate: 72222 RxRate: 65000
 1/16/2017 11:57:50.379 __WiFiLQAMgrLogStats: Rssi: -61 Cca: 54 TxPer: 0.0% (2390) BcnPer: 0.0% (50) RxFrms 10155 TxRate: 65000 RxRate: 65000
 1/16/2017 11:57:55.388 __WiFiLQAMgrLogStats: Rssi: -52 Cca: 47 TxPer: 0.0% (1744) BcnPer: 0.0% (50) RxFrms 12051 TxRate: 72222 RxRate: 65000
 1/16/2017 11:58:00.396 __WiFiLQAMgrLogStats: Rssi: -63 Cca: 47 TxPer: 0.0% (6) BcnPer: 0.0% (50) RxFrms 5 TxRate: 72222 RxRate: 65000
 1/16/2017 11:58:05.409 __WiFiLQAMgrLogStats: Rssi: -56 Cca: 18 TxPer: 0.0% (31) BcnPer: 0.0% (50) RxFrms 21 TxRate: 72222 RxRate: 65000
 1/16/2017 11:58:10.418 __WiFiLQAMgrLogStats: Rssi: -57 Cca: 37 TxPer: 0.0% (8) BcnPer: 2.0% (50) RxFrms 7 TxRate: 72222 RxRate: 65000
 1/16/2017 11:58:14.956 WiFiLocaleManagerCheckLocale: location service or wifi is off, set locale to default
 1/16/2017 11:58:14.956 new locale:  , locale: 
 1/16/2017 11:58:15.426 
Too frequent(0.068027 secs) rssi event from driver, ignoring

 1/16/2017 11:58:20.435 __WiFiLQAMgrLogStats: Rssi: -73 Cca: 41 TxPer: 0.0% (10) BcnPer: 2.0% (50) RxFrms 11 TxRate: 65000 RxRate: 65000
 1/16/2017 11:58:30.447 __WiFiLQAMgrLogStats: Rssi: -63 Cca: 58 TxPer: 0.0% (1918) BcnPer: 2.0% (50) RxFrms 13350 TxRate: 58500 RxRate: 58500
 1/16/2017 11:58:35.455 __WiFiLQAMgrLogStats: Rssi: -64 Cca: 30 TxPer: 0.0% (330) BcnPer: 2.0% (50) RxFrms 2472 TxRate: 52000 RxRate: 58500
 1/16/2017 11:58:40.464 __WiFiLQAMgrLogStats: Rssi: -59 Cca: 30 TxPer: 0.0% (2) BcnPer: 0.0% (49) RxFrms 1 TxRate: 52000 RxRate: 58500
 1/16/2017 11:58:44.731 apsd[273] is a wow client
 1/16/2017 11:58:44.731 WoW is Enabled, 1 WoW Clients
 1/16/2017 11:58:45.474 __WiFiLQAMgrLogStats: Rssi: -62 Cca: 5 TxPer: 0.0% (17) BcnPer: 0.0% (50) RxFrms 12 TxRate: 52000 RxRate: 65000
 1/16/2017 11:58:50.482 
Too frequent(0.502391 secs) rssi event from driver, ignoring

 1/16/2017 11:58:55.490 
Too frequent(0.492651 secs) rssi event from driver, ignoring

 1/16/2017 11:59:00.498 __WiFiLQAMgrLogStats: Rssi: -64 Cca: 32 TxPer: 0.0% (3) BcnPer: 2.0% (50) RxFrms 5 TxRate: 52000 RxRate: 65000
 1/16/2017 11:59:05.507 __WiFiLQAMgrLogStats: Rssi: -64 Cca: 9 TxPer: 0.0% (11) BcnPer: 0.0% (50) RxFrms 3 TxRate: 52000 RxRate: 65000
 1/16/2017 11:59:10.515 __WiFiLQAMgrLogStats: Rssi: -62 Cca: 9 TxPer: 0.0% (40) BcnPer: 0.0% (50) RxFrms 36 TxRate: 52000 RxRate: 65000
 1/16/2017 11:59:15.524 __WiFiLQAMgrLogStats: Rssi: -64 Cca: 27 TxPer: 0.0% (7) BcnPer: 0.0% (50) RxFrms 3 TxRate: 52000 RxRate: 65000
 1/16/2017 11:59:20.533 __WiFiLQAMgrLogStats: Rssi: -62 Cca: 27 TxPer: 0.0% (0) BcnPer: 0.0% (50) RxFrms 1 TxRate: 52000 RxRate: 65000
 1/16/2017 11:59:25.535 __WiFiLQAMgrLogStats: Rssi: -67 Cca: 12 TxPer: 0.0% (2212) BcnPer: 0.0% (50) RxFrms 11068 TxRate: 52000 RxRate: 65000
 1/16/2017 11:59:30.545 __WiFiLQAMgrLogStats: Rssi: -67 Cca: 67 TxPer: 0.0% (2811) BcnPer: 4.0% (50) RxFrms 17889 TxRate: 58500 RxRate: 65000
 1/16/2017 11:59:45.566 
Too frequent(0.693701 secs) rssi event from driver, ignoring

 1/16/2017 11:59:50.574 
Too frequent(0.683554 secs) rssi event from driver, ignoring

 1/16/2017 11:59:55.588 __WiFiLQAMgrLogStats: Rssi: -58 Cca: 43 TxPer: 0.0% (549) BcnPer: 0.0% (50) RxFrms 1399 TxRate: 72222 RxRate: 65000
 1/16/2017 12:00:00.601 __WiFiLQAMgrLogStats: Rssi: -59 Cca: 43 TxPer: 0.0% (1) BcnPer: 0.0% (50) RxFrms 1 TxRate: 72222 RxRate: 65000
 1/16/2017 12:00:05.608 __WiFiLQAMgrLogStats: Rssi: -65 Cca: 15 TxPer: 0.0% (204) BcnPer: 0.0% (50) RxFrms 803 TxRate: 72222 RxRate: 65000
 1/16/2017 12:00:10.618 __WiFiLQAMgrLogStats: Rssi: -61 Cca: 27 TxPer: 0.0% (3) BcnPer: 0.0% (50) RxFrms 2 TxRate: 72222 RxRate: 65000
 1/16/2017 12:00:14.952 WiFiLocaleManagerCheckLocale: location service or wifi is off, set locale to default
 1/16/2017 12:00:14.952 new locale:  , locale: 
 1/16/2017 12:00:15.625 __WiFiLQAMgrLogStats: Rssi: -60 Cca: 52 TxPer: 0.0% (113) BcnPer: 0.0% (50) RxFrms 508 TxRate: 72222 RxRate: 65000
 1/16/2017 12:00:30.651 __WiFiLQAMgrLogStats: Rssi: -67 Cca: 57 TxPer: 0.0% (0) BcnPer: 0.0% (50) RxFrms 1 TxRate: 72222 RxRate: 65000
 1/16/2017 12:00:45.686 __WiFiLQAMgrLogStats: Rssi: -56 Cca: 7 TxPer: 0.0% (456) BcnPer: 0.0% (50) RxFrms 1046 TxRate: 72222 RxRate: 65000
 1/16/2017 12:00:50.694 __WiFiLQAMgrLogStats: Rssi: -54 Cca: 49 TxPer: 0.0% (0) BcnPer: 2.0% (50) RxFrms 1 TxRate: 72222 RxRate: 65000
 1/16/2017 12:00:55.707 __WiFiLQAMgrLogStats: Rssi: -61 Cca: 58 TxPer: 0.0% (235) BcnPer: 0.0% (50) RxFrms 936 TxRate: 52000 RxRate: 58500
 1/16/2017 12:01:00.722 __WiFiLQAMgrLogStats: Rssi: -62 Cca: 58 TxPer: 0.0% (2) BcnPer: 2.0% (50) RxFrms 3 TxRate: 52000 RxRate: 58500
 1/16/2017 12:01:05.730 __WiFiLQAMgrLogStats: Rssi: -62 Cca: 24 TxPer: 0.0% (495) BcnPer: 0.0% (49) RxFrms 1253 TxRate: 65000 RxRate: 65000
 1/16/2017 12:01:10.741 __WiFiLQAMgrLogStats: Rssi: -60 Cca: 14 TxPer: 0.0% (2) BcnPer: 4.0% (50) RxFrms 1 TxRate: 72222 RxRate: 65000
 1/16/2017 12:01:15.752 __WiFiLQAMgrLogStats: Rssi: -62 Cca: 72 TxPer: 0.0% (96) BcnPer: 0.0% (50) RxFrms 479 TxRate: 72222 RxRate: 65000
 1/16/2017 12:01:20.766 __WiFiLQAMgrLogStats: Rssi: -53 Cca: 41 TxPer: 0.0% (1) BcnPer: 2.0% (50) RxFrms 1 TxRate: 72222 RxRate: 65000
 1/16/2017 12:01:25.774 __WiFiLQAMgrLogStats: Rssi: -63 Cca: 52 TxPer: 0.0% (474) BcnPer: 0.0% (50) RxFrms 1098 TxRate: 72222 RxRate: 65000
 1/16/2017 12:01:30.782 __WiFiLQAMgrLogStats: Rssi: -62 Cca: 10 TxPer: 0.0% (1) BcnPer: 2.0% (50) RxFrms 2 TxRate: 72222 RxRate: 65000
 1/16/2017 12:01:35.792 __WiFiLQAMgrLogStats: Rssi: -56 Cca: 37 TxPer: 0.0% (255) BcnPer: 0.0% (50) RxFrms 1212 TxRate: 72222 RxRate: 65000
 1/16/2017 12:01:40.800 __WiFiLQAMgrLogStats: Rssi: -63 Cca: 52 TxPer: 0.0% (3) BcnPer: 6.0% (50) RxFrms 1 TxRate: 72222 RxRate: 65000
 1/16/2017 12:01:45.804 __WiFiLQAMgrLogStats: Rssi: -61 Cca: 52 TxPer: 0.0% (478) BcnPer: 0.0% (50) RxFrms 1212 TxRate: 72222 RxRate: 65000
 1/16/2017 12:01:50.812 __WiFiLQAMgrLogStats: Rssi: -62 Cca: 52 TxPer: 0.0% (0) BcnPer: 0.0% (50) RxFrms 2 TxRate: 72222 RxRate: 65000
 1/16/2017 12:02:05.838 __WiFiLQAMgrLogStats: Rssi: -59 Cca: 42 TxPer: 0.0% (9) BcnPer: 0.0% (50) RxFrms 2 TxRate: 52000 RxRate: 65000
 1/16/2017 12:02:10.853 
Too frequent(0.768995 secs) rssi event from driver, ignoring

 1/16/2017 12:02:14.956 WiFiLocaleManagerCheckLocale: location service or wifi is off, set locale to default
 1/16/2017 12:02:14.956 new locale:  , locale: 
 1/16/2017 12:02:15.866 
Too frequent(0.765469 secs) rssi event from driver, ignoring

 1/16/2017 12:02:16.898 BG Application: Not Present, BG Daemon: Present. Daemons: mediaserverd apsd 
 1/16/2017 12:02:16.898 __WiFiManagerSetEnableState: state TRUE, manager->enable.setting TRUE, manager->unlockedSinceBoot TRUE
 1/16/2017 12:02:16.898 __WiFiDeviceManagerAutoAssociate: Already connected to DIGI-146A.
 1/16/2017 12:02:18.620 Device display is OFF
 1/16/2017 12:02:18.624 ATJManager: setting ask-to-join interaction mode to NonInteractive
 1/16/2017 12:02:18.624 ATJManager: no entries to purge
 1/16/2017 12:02:18.624 User interaction DISABLED
 1/16/2017 12:02:18.624 Ignoring lock state manager->wakeMode 1

 1/16/2017 12:02:20.881 __WiFiLQAMgrLogStats: Rssi: -68 Cca: 29 TxPer: 0.0% (356) BcnPer: 0.0% (50) RxFrms 600 TxRate: 52000 RxRate: 65000
 1/16/2017 12:02:21.122 
Too frequent(0.241107 secs) rssi event from driver, ignoring

 1/16/2017 12:02:26.140 
Too frequent(0.245642 secs) rssi event from driver, ignoring

 1/16/2017 12:02:35.904 __WiFiLQAMgrLogStats: Rssi: -57 Cca: 37 TxPer: 0.0% (0) BcnPer: 0.0% (0) RxFrms 0 TxRate: 0 RxRate: 0
 1/16/2017 12:02:37.095 Received kIOMessageSystemWillSleep
 1/16/2017 12:02:37.095 System Sleep notification, Disabling auto-join
 1/16/2017 12:02:37.095 __WiFiManagerSetEnableState: state FALSE, manager->enable.setting TRUE, manager->unlockedSinceBoot TRUE
 1/16/2017 12:02:37.095 Disabling automatic association
 1/16/2017 12:02:37.143 apsd[273] is a wow client
 1/16/2017 12:02:37.143 WoW is Enabled, 1 WoW Clients
 1/16/2017 12:02:37.276 __WiFiDeviceCopyLinkChangedSubReasonString: Apple80211ReturnToString failed 1
 1/16/2017 12:02:37.276 __WiFiDeviceProcessDriverAvailableEvent: driver availability false, reason PowerOff(0xe0821804), subreason (null)(0x0)
 1/16/2017 12:02:37.276 __WiFiManagerDispatchDeviceAvailable: driver availability false

 1/16/2017 12:02:37.277 Unable to dispatch message to client MessagesViewServ (268435460)
 1/16/2017 12:02:37.277 WiFiAWDManagerSubmitMetric: metric container could not be generated for metric id <0x9000e>
 1/16/2017 12:02:37.280 __WiFiDeviceManagerAwdlAvailableCallback: AWDL availability changed to FALSE
 1/16/2017 12:02:37.282 apsd[273] is a wow client
 1/16/2017 12:02:37.282 WoW is Enabled, 1 WoW Clients
 1/16/2017 12:14:17.517 Received kIOMessageSystemWillPowerOn
 1/16/2017 12:14:17.521 System wake reason: AOP.ExternalReq baseband
 1/16/2017 12:14:17.521 System Powered ON notification Re-enabling auto-join
 1/16/2017 12:14:17.521 __WiFiManagerSetEnableState: state TRUE, manager->enable.setting TRUE, manager->unlockedSinceBoot TRUE
 1/16/2017 12:14:17.522 Enabling automatic association
 1/16/2017 12:14:17.524 __WiFiDeviceManagerAutoAssociate: Already connected to DIGI-146A.
 1/16/2017 12:14:17.537 WiFiLocaleManagerCheckLocale: location service or wifi is off, set locale to default
 1/16/2017 12:14:17.555 new locale:  , locale: 
 1/16/2017 12:14:17.555 Power stats update: Type 0x6 UnassociatedSleepDur 0 AssociatedSleepDur 695323 TotalDur 700111 RoamDur 0
 1/16/2017 12:14:17.556 WiFiAWDManagerSubmitMetric: metric container could not be generated for metric id <0x90010>
 1/16/2017 12:14:17.560 __WiFiLQAMgrLogStats: Rssi: -73 Cca: 37 TxPer: 0.0% (0) BcnPer: 0.0% (0) RxFrms 0 TxRate: 0 RxRate: 0
 1/16/2017 12:14:17.571 __WiFiDeviceManagerAwdlAvailableCallback: AWDL availability changed to TRUE
 1/16/2017 12:14:17.572 __WiFiDeviceCopyLinkChangedSubReasonString: Apple80211ReturnToString failed 1
 1/16/2017 12:14:17.572 __WiFiDeviceProcessDriverAvailableEvent: driver availability true, reason Initializing(0xe0821803), subreason (null)(0x0)
 1/16/2017 12:14:17.572 __WiFiManagerDispatchDeviceAvailable: driver availability true

 1/16/2017 12:14:17.573 Unable to dispatch message to client MessagesViewServ (268435460)
 1/16/2017 12:14:17.574 __WiFiDeviceManagerAutoAssociate: Already connected to DIGI-146A.
 1/16/2017 12:14:17.574 WiFiAWDManagerSubmitMetric: metric container could not be generated for metric id <0x9000e>
 1/16/2017 12:14:17.575 __WiFiDeviceManagerAutoAssociate: Already connected to DIGI-146A.
 1/16/2017 12:14:17.576 No Change in Background Scan Networks, Skip Re-Programming Background Scan

 1/16/2017 12:14:17.642 __WiFiManagerCellularTransmitCallback_block_invoke: Cellular Transmit Started = TRUE
 1/16/2017 12:14:17.918 Disable WoW requested by "apsd"
 1/16/2017 12:14:17.924 WoW Capable = YES, Attempting to disable WoW and enable LPAS 
 1/16/2017 12:14:17.925 Setting WoW params to <CFBasicHash 0x14cf72a60 [0x1a0950150]>{type = immutable dict, count = 3,
entries =>
	0 : <CFString 0x100175960 [0x1a0950150]>{contents = "IO80211InterfaceEnableLowPwrAssocMode"} = <CFBoolean 0x1a09506c8 [0x1a0950150]>{value = true}
	1 : <CFString 0x100175940 [0x1a0950150]>{contents = "IO80211InterfaceEnableWoW"} = <CFBoolean 0x1a09506d8 [0x1a0950150]>{value = false}
	2 : <CFString 0x100185ae0 [0x1a0950150]>{contents = "IO80211InterfaceEnableWoWOnCaptive"} = <CFBoolean 0x1a09506d8 [0x1a0950150]>{value = false}
}

 1/16/2017 12:14:17.927 WiFiDeviceRequestAssociatedSleep: ActiveDuringSleepRequested is already set (<CFBasicHash 0x14cee6fc0 [0x1a0950150]>{type = immutable dict, count = 0,
entries =>
}
).
 1/16/2017 12:14:17.927 WoW Disabled, 0 WoW Clients, lpas is Enabled, WoW Override is Disabled, Captive Disabled
 1/16/2017 12:14:17.957 Unable to dispatch WowStateChanged message to client Preferences (268435460)
 1/16/2017 12:14:17.968 Unable to dispatch WowStateChanged message to client dataaccessd (268435460)
 1/16/2017 12:14:17.970 Unable to dispatch WowStateChanged message to client itunesstored (268435460)
 1/16/2017 12:14:17.970 Unable to dispatch WowStateChanged message to client mediaserverd (268435460)
 1/16/2017 12:14:17.972 Unable to dispatch WowStateChanged message to client MobileMail (268435460)
 1/16/2017 12:14:17.972 Unable to dispatch WowStateChanged message to client profiled (268435460)
 1/16/2017 12:14:17.972 Unable to dispatch WowStateChanged message to client MessagesViewServ (268435460)
 1/16/2017 12:14:17.974 Unable to dispatch WowStateChanged message to client assistantd (268435460)
 1/16/2017 12:14:17.984 WoW is Disabled, 0 WoW Clients
 1/16/2017 12:14:17.984 WoW is Disabled, 0 WoW Clients
 1/16/2017 12:14:17.985 WoW is Disabled, 0 WoW Clients
 1/16/2017 12:14:18.437 WoW is Disabled, 0 WoW Clients
 1/16/2017 12:14:22.366 __WiFiManagerCellularTransmitCallback_block_invoke: Cellular Transmit Started = FALSE
 1/16/2017 12:14:22.821 Client apsd set type to normal application
 1/16/2017 12:14:22.821 __WiFiManagerSetEnableState: state TRUE, manager->enable.setting TRUE, manager->unlockedSinceBoot TRUE
 1/16/2017 12:14:22.822 BG Application: Not Present, BG Daemon: Present. Daemons: mediaserverd 
 1/16/2017 12:14:32.496 __WiFiLQAMgrLogStats: Rssi: -75 Cca: 36 TxPer: 0.0% (1) BcnPer: 0.0% (50) RxFrms 1 TxRate: 58500 RxRate: 65000
 1/16/2017 12:14:37.505 __WiFiLQAMgrLogStats: Rssi: -77 Cca: 56 TxPer: 0.0% (0) BcnPer: 0.0% (50) RxFrms 0 TxRate: 58500 RxRate: 65000
 1/16/2017 12:14:42.528 __WiFiLQAMgrLogStats: Rssi: -73 Cca: 56 TxPer: 0.0% (1) BcnPer: 0.0% (50) RxFrms 1 TxRate: 58500 RxRate: 65000
 1/16/2017 12:14:52.531 __WiFiLQAMgrLogStats: Rssi: -75 Cca: 4 TxPer: 0.0% (1) BcnPer: 2.7% (75) RxFrms 1 TxRate: 58500 RxRate: 65000
 1/16/2017 12:14:52.834 Received kIOMessageSystemWillSleep
 1/16/2017 12:14:52.834 System Sleep notification, Disabling auto-join
 1/16/2017 12:14:52.834 __WiFiManagerSetEnableState: state FALSE, manager->enable.setting TRUE, manager->unlockedSinceBoot TRUE
 1/16/2017 12:14:52.835 Disabling automatic association
 1/16/2017 12:14:52.879 WoW is Disabled, 0 WoW Clients
 1/16/2017 12:14:52.966 __WiFiDeviceCopyLinkChangedSubReasonString: Apple80211ReturnToString failed 1
 1/16/2017 12:14:52.966 __WiFiDeviceProcessDriverAvailableEvent: driver availability false, reason PowerOff(0xe0821804), subreason (null)(0x0)
 1/16/2017 12:14:52.967 __WiFiManagerDispatchDeviceAvailable: driver availability false

 1/16/2017 12:14:52.968 Unable to dispatch message to client MessagesViewServ (268435460)
 1/16/2017 12:14:52.968 WiFiAWDManagerSubmitMetric: metric container could not be generated for metric id <0x9000e>
 1/16/2017 12:14:52.973 __WiFiDeviceManagerAwdlAvailableCallback: AWDL availability changed to FALSE
 1/16/2017 12:14:52.980 WoW is Disabled, 0 WoW Clients
 1/16/2017 12:19:54.158 Received kIOMessageSystemWillPowerOn
 1/16/2017 12:19:54.158 System wake reason: AOP.ExternalReq wlan
 1/16/2017 12:19:54.158 System Powered ON notification Re-enabling auto-join
 1/16/2017 12:19:54.158 __WiFiManagerSetEnableState: state TRUE, manager->enable.setting TRUE, manager->unlockedSinceBoot TRUE
 1/16/2017 12:19:54.158 Enabling automatic association
 1/16/2017 12:19:54.166 __WiFiDeviceManagerAutoAssociate: Already connected to DIGI-146A.
 1/16/2017 12:19:54.167 WiFiLocaleManagerCheckLocale: location service or wifi is off, set locale to default
 1/16/2017 12:19:54.167 new locale:  , locale: 
 1/16/2017 12:19:54.167 __WiFiDeviceProcessDumpLogsEvent: Dump logs event received, dumped wifid log buffer to file
