 1/05/2017 12:15:56.098 Power stats update: Type 0x5 UnassociatedSleepDur 0 AssociatedSleepDur 89643 TotalDur 139955 RoamDur 0
 1/05/2017 12:15:56.098 WiFiAWDManagerSubmitMetric: metric container could not be generated for metric id <0x90010>
 1/05/2017 12:15:56.099 __WiFiLQAMgrLogStats: Rssi: -69 Cca: 14 TxPer: 0.0% (0) BcnPer: 0.0% (0) RxFrms 0 TxRate: 0 RxRate: 0
 1/05/2017 12:15:56.100 __WiFiDeviceCopyLinkChangedSubReasonString: Apple80211ReturnToString failed 1
 1/05/2017 12:15:56.100 __WiFiDeviceProcessDriverAvailableEvent: driver availability true, reason Initializing(0xe0821803), subreason (null)(0x0)
 1/05/2017 12:15:56.100 __WiFiManagerDispatchDeviceAvailable: driver availability true

 1/05/2017 12:15:56.106 __WiFiDeviceManagerAutoAssociate: Already connected to DIGI-146A.
 1/05/2017 12:15:56.106 WiFiAWDManagerSubmitMetric: metric container could not be generated for metric id <0x9000e>
 1/05/2017 12:15:56.113 __WiFiDeviceManagerAutoAssociate: Already connected to DIGI-146A.
 1/05/2017 12:15:56.115 No Change in Background Scan Networks, Skip Re-Programming Background Scan

 1/05/2017 12:15:56.620 __WiFiManagerCellularTransmitCallback_block_invoke: Cellular Transmit Started = TRUE
 1/05/2017 12:15:57.063 WoW is Disabled, 0 WoW Clients
 1/05/2017 12:15:57.098 
Too frequent(0.999159 secs) rssi event from driver, ignoring

 1/05/2017 12:16:03.944 __WiFiManagerCellularTransmitCallback_block_invoke: Cellular Transmit Started = FALSE
 1/05/2017 12:16:09.935 __WiFiManagerCellularTransmitCallback_block_invoke: Cellular Transmit Started = TRUE
 1/05/2017 12:16:11.045 __WiFiLQAMgrLogStats: Rssi: -64 Cca: 14 TxPer: 0.0% (3) BcnPer: 2.0% (50) RxFrms 3 TxRate: 19500 RxRate: 58500
 1/05/2017 12:16:16.060 __WiFiLQAMgrLogStats: Rssi: -64 Cca: 14 TxPer: 0.0% (3) BcnPer: 2.0% (50) RxFrms 3 TxRate: 19500 RxRate: 65000
 1/05/2017 12:16:18.992 __WiFiManagerCellularTransmitCallback_block_invoke: Cellular Transmit Started = FALSE
 1/05/2017 12:16:21.068 __WiFiLQAMgrLogStats: Rssi: -64 Cca: 52 TxPer: 0.0% (0) BcnPer: 0.0% (0) RxFrms 2 TxRate: 19500 RxRate: 65000
 1/05/2017 12:16:22.741 __WiFiManagerCellularTransmitCallback_block_invoke: Cellular Transmit Started = TRUE
 1/05/2017 12:16:26.077 __WiFiLQAMgrLogStats: Rssi: -63 Cca: 9 TxPer: 0.0% (7) BcnPer: 2.0% (50) RxFrms 10 TxRate: 19500 RxRate: 52000
 1/05/2017 12:16:27.799 __WiFiManagerCellularTransmitCallback_block_invoke: Cellular Transmit Started = FALSE
 1/05/2017 12:16:31.085 __WiFiLQAMgrLogStats: Rssi: -65 Cca: 53 TxPer: 0.0% (1) BcnPer: 0.0% (50) RxFrms 9 TxRate: 19500 RxRate: 65000
 1/05/2017 12:16:32.997 Received kIOMessageSystemWillSleep
 1/05/2017 12:16:32.997 System Sleep notification, Disabling auto-join
 1/05/2017 12:16:32.997 __WiFiManagerSetEnableState: state FALSE, manager->enable.setting TRUE, manager->unlockedSinceBoot TRUE
 1/05/2017 12:16:32.997 Disabling automatic association
 1/05/2017 12:16:33.027 WoW is Disabled, 0 WoW Clients
 1/05/2017 12:16:33.109 __WiFiDeviceManagerAwdlAvailableCallback: AWDL availability changed to FALSE
 1/05/2017 12:16:33.111 __WiFiDeviceCopyLinkChangedSubReasonString: Apple80211ReturnToString failed 1
 1/05/2017 12:16:33.111 __WiFiDeviceProcessDriverAvailableEvent: driver availability false, reason PowerOff(0xe0821804), subreason (null)(0x0)
 1/05/2017 12:16:33.111 __WiFiManagerDispatchDeviceAvailable: driver availability false

 1/05/2017 12:16:33.116 WiFiAWDManagerSubmitMetric: metric container could not be generated for metric id <0x9000e>
 1/05/2017 12:16:33.124 WoW is Disabled, 0 WoW Clients
 1/05/2017 12:16:42.130 Received kIOMessageSystemWillPowerOn
 1/05/2017 12:16:42.130 System wake reason: AOP.ExternalReq baseband
 1/05/2017 12:16:42.130 System Powered ON notification Re-enabling auto-join
 1/05/2017 12:16:42.130 __WiFiManagerSetEnableState: state TRUE, manager->enable.setting TRUE, manager->unlockedSinceBoot TRUE
 1/05/2017 12:16:42.130 Enabling automatic association
 1/05/2017 12:16:42.131 __WiFiDeviceManagerAutoAssociate: Already connected to DIGI-146A.
 1/05/2017 12:16:42.131 WiFiLocaleManagerCheckLocale: location service or wifi is off, set locale to default
 1/05/2017 12:16:42.131 new locale:  , locale: 
 1/05/2017 12:16:42.147 Power stats update: Type 0x5 UnassociatedSleepDur 0 AssociatedSleepDur 6050 TotalDur 8971 RoamDur 0
 1/05/2017 12:16:42.148 WiFiAWDManagerSubmitMetric: metric container could not be generated for metric id <0x90010>
 1/05/2017 12:16:42.151 __WiFiLQAMgrLogStats: Rssi: -65 Cca: 53 TxPer: 0.0% (0) BcnPer: 0.0% (0) RxFrms 0 TxRate: 0 RxRate: 0
 1/05/2017 12:16:42.152 __WiFiDeviceCopyLinkChangedSubReasonString: Apple80211ReturnToString failed 1
 1/05/2017 12:16:42.152 __WiFiDeviceProcessDriverAvailableEvent: driver availability true, reason Initializing(0xe0821803), subreason (null)(0x0)
 1/05/2017 12:16:42.153 __WiFiManagerDispatchDeviceAvailable: driver availability true

 1/05/2017 12:16:42.155 __WiFiDeviceManagerAutoAssociate: Already connected to DIGI-146A.
 1/05/2017 12:16:42.155 WiFiAWDManagerSubmitMetric: metric container could not be generated for metric id <0x9000e>
 1/05/2017 12:16:42.162 __WiFiDeviceManagerAutoAssociate: Already connected to DIGI-146A.
 1/05/2017 12:16:42.164 No Change in Background Scan Networks, Skip Re-Programming Background Scan

 1/05/2017 12:16:42.190 __WiFiDeviceManagerAwdlAvailableCallback: AWDL availability changed to TRUE
 1/05/2017 12:16:42.408 __WiFiManagerCellularTransmitCallback_block_invoke: Cellular Transmit Started = TRUE
 1/05/2017 12:16:42.606 WoW is Disabled, 0 WoW Clients
 1/05/2017 12:16:42.884 WiFiLocaleManagerCheckLocale: location service or wifi is off, set locale to default
 1/05/2017 12:16:42.884 new locale:  , locale: 
 1/05/2017 12:16:52.112 __WiFiLQAMgrLogStats: Rssi: -64 Cca: 31 TxPer: 0.0% (1) BcnPer: 0.0% (50) RxFrms 1 TxRate: 26000 RxRate: 65000
 1/05/2017 12:16:57.117 __WiFiLQAMgrLogStats: Rssi: -65 Cca: 31 TxPer: 0.0% (5) BcnPer: 2.0% (49) RxFrms 6 TxRate: 39000 RxRate: 65000
 1/05/2017 12:16:57.999 __WiFiManagerCellularTransmitCallback_block_invoke: Cellular Transmit Started = FALSE
 1/05/2017 12:17:04.975 __WiFiManagerCellularTransmitCallback_block_invoke: Cellular Transmit Started = TRUE
 1/05/2017 12:17:07.134 
Too frequent(0.991509 secs) rssi event from driver, ignoring

 1/05/2017 12:17:12.142 __WiFiLQAMgrLogStats: Rssi: -61 Cca: 14 TxPer: 0.0% (5) BcnPer: 20.0% (50) RxFrms 28 TxRate: 39000 RxRate: 65000
 1/05/2017 12:17:15.025 __WiFiManagerCellularTransmitCallback_block_invoke: Cellular Transmit Started = FALSE
 1/05/2017 12:17:15.036 __WiFiManagerCellularTransmitCallback_block_invoke: Cellular Transmit Started = FALSE
 1/05/2017 12:17:17.150 __WiFiLQAMgrLogStats: Rssi: -62 Cca: 46 TxPer: 0.0% (0) BcnPer: 2.0% (50) RxFrms 1 TxRate: 39000 RxRate: 65000
 1/05/2017 12:17:19.058 __WiFiManagerCellularTransmitCallback_block_invoke: Cellular Transmit Started = TRUE
 1/05/2017 12:17:22.159 __WiFiLQAMgrLogStats: Rssi: -62 Cca: 54 TxPer: 0.0% (16) BcnPer: 8.0% (50) RxFrms 13 TxRate: 39000 RxRate: 65000
 1/05/2017 12:17:24.109 __WiFiManagerCellularTransmitCallback_block_invoke: Cellular Transmit Started = FALSE
 1/05/2017 12:17:27.167 __WiFiLQAMgrLogStats: Rssi: -62 Cca: 31 TxPer: 0.0% (2) BcnPer: 2.0% (50) RxFrms 2 TxRate: 39000 RxRate: 65000
 1/05/2017 12:17:29.297 Received kIOMessageSystemWillSleep
 1/05/2017 12:17:29.297 System Sleep notification, Disabling auto-join
 1/05/2017 12:17:29.298 __WiFiManagerSetEnableState: state FALSE, manager->enable.setting TRUE, manager->unlockedSinceBoot TRUE
 1/05/2017 12:17:29.298 Disabling automatic association
 1/05/2017 12:17:29.347 WoW is Disabled, 0 WoW Clients
 1/05/2017 12:17:29.457 __WiFiDeviceCopyLinkChangedSubReasonString: Apple80211ReturnToString failed 1
 1/05/2017 12:17:29.457 __WiFiDeviceProcessDriverAvailableEvent: driver availability false, reason PowerOff(0xe0821804), subreason (null)(0x0)
 1/05/2017 12:17:29.457 __WiFiManagerDispatchDeviceAvailable: driver availability false

 1/05/2017 12:17:29.458 WiFiAWDManagerSubmitMetric: metric container could not be generated for metric id <0x9000e>
 1/05/2017 12:17:29.460 __WiFiDeviceManagerAwdlAvailableCallback: AWDL availability changed to FALSE
 1/05/2017 12:17:29.463 WoW is Disabled, 0 WoW Clients
 1/05/2017 12:17:39.846 Received kIOMessageSystemWillPowerOn
 1/05/2017 12:17:39.854 System wake reason: AOP.ExternalReq baseband
 1/05/2017 12:17:39.854 System Powered ON notification Re-enabling auto-join
 1/05/2017 12:17:39.854 __WiFiManagerSetEnableState: state TRUE, manager->enable.setting TRUE, manager->unlockedSinceBoot TRUE
 1/05/2017 12:17:39.855 Enabling automatic association
 1/05/2017 12:17:39.857 __WiFiDeviceManagerAutoAssociate: Already connected to DIGI-146A.
 1/05/2017 12:17:39.858 WiFiLocaleManagerCheckLocale: location service or wifi is off, set locale to default
 1/05/2017 12:17:39.858 new locale:  , locale: 
 1/05/2017 12:17:39.859 Power stats update: Type 0x5 UnassociatedSleepDur 0 AssociatedSleepDur 6058 TotalDur 10344 RoamDur 0
 1/05/2017 12:17:39.859 WiFiAWDManagerSubmitMetric: metric container could not be generated for metric id <0x90010>
 1/05/2017 12:17:39.859 __WiFiLQAMgrLogStats: Rssi: -72 Cca: 31 TxPer: 0.0% (0) BcnPer: 0.0% (0) RxFrms 0 TxRate: 0 RxRate: 0
 1/05/2017 12:17:39.862 __WiFiDeviceCopyLinkChangedSubReasonString: Apple80211ReturnToString failed 1
 1/05/2017 12:17:39.862 __WiFiDeviceProcessDriverAvailableEvent: driver availability true, reason Initializing(0xe0821803), subreason (null)(0x0)
 1/05/2017 12:17:39.862 __WiFiManagerDispatchDeviceAvailable: driver availability true

 1/05/2017 12:17:39.869 __WiFiDeviceManagerAutoAssociate: Already connected to DIGI-146A.
 1/05/2017 12:17:39.869 WiFiAWDManagerSubmitMetric: metric container could not be generated for metric id <0x9000e>
 1/05/2017 12:17:39.870 __WiFiDeviceManagerAutoAssociate: Already connected to DIGI-146A.
 1/05/2017 12:17:39.872 No Change in Background Scan Networks, Skip Re-Programming Background Scan

 1/05/2017 12:17:39.880 __WiFiDeviceManagerAwdlAvailableCallback: AWDL availability changed to TRUE
 1/05/2017 12:17:39.946 __WiFiManagerCellularTransmitCallback_block_invoke: Cellular Transmit Started = TRUE
 1/05/2017 12:17:39.994 WoW is Disabled, 0 WoW Clients
 1/05/2017 12:17:40.665 
Too frequent(0.805556 secs) rssi event from driver, ignoring

 1/05/2017 12:17:45.683 
Too frequent(0.856393 secs) rssi event from driver, ignoring

 1/05/2017 12:17:47.709 __WiFiManagerCellularTransmitCallback_block_invoke: Cellular Transmit Started = FALSE
 1/05/2017 12:17:54.842 __WiFiLQAMgrLogStats: Rssi: -73 Cca: 40 TxPer: 0.0% (0) BcnPer: 10.0% (50) RxFrms 0 TxRate: 26000 RxRate: 52000
 1/05/2017 12:17:59.846 __WiFiLQAMgrLogStats: Rssi: -75 Cca: 7 TxPer: 0.0% (6) BcnPer: 0.0% (25) RxFrms 9 TxRate: 26000 RxRate: 58500
 1/05/2017 12:18:01.298 __WiFiManagerCellularTransmitCallback_block_invoke: Cellular Transmit Started = TRUE
 1/05/2017 12:18:04.863 __WiFiLQAMgrLogStats: Rssi: -75 Cca: 7 TxPer: 0.0% (3) BcnPer: 0.0% (3) RxFrms 3 TxRate: 26000 RxRate: 52000
 1/05/2017 12:18:09.865 __WiFiLQAMgrLogStats: Rssi: -76 Cca: 7 TxPer: 0.0% (19) BcnPer: 0.0% (8) RxFrms 18 TxRate: 26000 RxRate: 58500
 1/05/2017 12:18:14.872 __WiFiLQAMgrLogStats: Rssi: -77 Cca: 29 TxPer: 0.0% (7) BcnPer: 0.0% (44) RxFrms 61 TxRate: 39000 RxRate: 58500
 1/05/2017 12:18:19.377 __WiFiManagerCellularTransmitCallback_block_invoke: Cellular Transmit Started = FALSE
 1/05/2017 12:18:19.384 __WiFiManagerCellularTransmitCallback_block_invoke: Cellular Transmit Started = FALSE
 1/05/2017 12:18:19.881 
Too frequent(0.880252 secs) rssi event from driver, ignoring

 1/05/2017 12:18:24.889 
Too frequent(0.870947 secs) rssi event from driver, ignoring

 1/05/2017 12:18:29.897 __WiFiLQAMgrLogStats: Rssi: -73 Cca: 39 TxPer: 0.0% (2) BcnPer: 0.0% (50) RxFrms 5 TxRate: 26000 RxRate: 52000
 1/05/2017 12:18:34.905 __WiFiLQAMgrLogStats: Rssi: -73 Cca: 39 TxPer: 0.0% (2) BcnPer: 16.0% (50) RxFrms 9 TxRate: 26000 RxRate: 58500
 1/05/2017 12:18:35.864 __WiFiManagerCellularTransmitCallback_block_invoke: Cellular Transmit Started = TRUE
 1/05/2017 12:18:39.914 __WiFiLQAMgrLogStats: Rssi: -72 Cca: 11 TxPer: 0.0% (16) BcnPer: 18.0% (50) RxFrms 24 TxRate: 26000 RxRate: 39000
 1/05/2017 12:18:40.931 __WiFiManagerCellularTransmitCallback_block_invoke: Cellular Transmit Started = FALSE
 1/05/2017 12:18:40.991 Client apsd set type to background application
 1/05/2017 12:18:40.991 __WiFiManagerSetEnableState: state TRUE, manager->enable.setting TRUE, manager->unlockedSinceBoot TRUE
 1/05/2017 12:18:40.991 BG Application: Not Present, BG Daemon: Present. Daemons: mediaserverd apsd 
 1/05/2017 12:18:40.991 __WiFiDeviceManagerAutoAssociate: Already connected to DIGI-146A.
 1/05/2017 12:18:41.479 Enable WoW requested by "apsd"
 1/05/2017 12:18:41.479 WoW Capable = YES, Attempting to enable WoW and disable LPAS 
 1/05/2017 12:18:41.480 Setting WoW params to <CFBasicHash 0x14ce4ea40 [0x1a0950150]>{type = immutable dict, count = 3,
entries =>
	0 : <CFString 0x100175960 [0x1a0950150]>{contents = "IO80211InterfaceEnableLowPwrAssocMode"} = <CFBoolean 0x1a09506d8 [0x1a0950150]>{value = false}
	1 : <CFString 0x100175940 [0x1a0950150]>{contents = "IO80211InterfaceEnableWoW"} = <CFBoolean 0x1a09506c8 [0x1a0950150]>{value = true}
	2 : <CFString 0x100185ae0 [0x1a0950150]>{contents = "IO80211InterfaceEnableWoWOnCaptive"} = <CFBoolean 0x1a09506d8 [0x1a0950150]>{value = false}
}

 1/05/2017 12:18:41.481 WiFiDeviceRequestAssociatedSleep: ActiveDuringSleepRequested is already set (<CFBasicHash 0x14cfb3dc0 [0x1a0950150]>{type = immutable dict, count = 0,
entries =>
}
).
 1/05/2017 12:18:41.481 WoW Enabled by 1 Clients, lpas is Disabled, WoW Override is Disabled, Captive Disabled
 1/05/2017 12:18:41.482 Unable to dispatch WowStateChanged message to client dataaccessd (268435460)
 1/05/2017 12:18:41.482 Unable to dispatch WowStateChanged message to client itunesstored (268435460)
 1/05/2017 12:18:41.482 Unable to dispatch WowStateChanged message to client mediaserverd (268435460)
 1/05/2017 12:18:41.483 Unable to dispatch WowStateChanged message to client MobileMail (268435460)
 1/05/2017 12:18:41.484 Unable to dispatch WowStateChanged message to client profiled (268435460)
 1/05/2017 12:18:41.484 Unable to dispatch WowStateChanged message to client assistantd (268435460)
 1/05/2017 12:18:41.484 apsd[273] is a wow client
 1/05/2017 12:18:41.484 WoW is Enabled, 1 WoW Clients
 1/05/2017 12:18:41.485 apsd[273] is a wow client
 1/05/2017 12:18:41.485 WoW is Enabled, 1 WoW Clients
 1/05/2017 12:18:41.490 apsd[273] is a wow client
 1/05/2017 12:18:41.490 WoW is Enabled, 1 WoW Clients
 1/05/2017 12:18:44.922 __WiFiLQAMgrLogStats: Rssi: -72 Cca: 31 TxPer: 0.0% (41) BcnPer: 14.0% (50) RxFrms 62 TxRate: 26000 RxRate: 52000
 1/05/2017 12:18:49.935 __WiFiLQAMgrLogStats: Rssi: -71 Cca: 31 TxPer: 0.0% (2) BcnPer: 22.0% (50) RxFrms 37 TxRate: 26000 RxRate: 52000
 1/05/2017 12:18:53.098 WiFiLocaleManagerCheckLocale: location service or wifi is off, set locale to default
 1/05/2017 12:18:53.098 new locale:  , locale: 
 1/05/2017 12:18:54.936 __WiFiLQAMgrLogStats: Rssi: -71 Cca: 31 TxPer: 0.0% (0) BcnPer: 0.0% (0) RxFrms 0 TxRate: 0 RxRate: 0
 1/05/2017 12:18:59.940 __WiFiLQAMgrLogStats: Rssi: -73 Cca: 53 TxPer: 0.0% (2) BcnPer: 11.0% (100) RxFrms 2 TxRate: 26000 RxRate: 52000
 1/05/2017 12:19:04.949 __WiFiLQAMgrLogStats: Rssi: -76 Cca: 41 TxPer: 0.0% (6) BcnPer: 18.0% (50) RxFrms 9 TxRate: 39000 RxRate: 52000
 1/05/2017 12:19:09.958 __WiFiLQAMgrLogStats: Rssi: -72 Cca: 6 TxPer: 0.0% (0) BcnPer: 19.5% (41) RxFrms 1 TxRate: 39000 RxRate: 52000
 1/05/2017 12:19:10.835 Received kIOMessageSystemWillSleep
 1/05/2017 12:19:10.836 System Sleep notification, Disabling auto-join
 1/05/2017 12:19:10.836 __WiFiManagerSetEnableState: state FALSE, manager->enable.setting TRUE, manager->unlockedSinceBoot TRUE
 1/05/2017 12:19:10.836 Disabling automatic association
 1/05/2017 12:19:10.886 apsd[273] is a wow client
 1/05/2017 12:19:10.886 WoW is Enabled, 1 WoW Clients
 1/05/2017 12:19:10.990 __WiFiDeviceCopyLinkChangedSubReasonString: Apple80211ReturnToString failed 1
 1/05/2017 12:19:10.990 __WiFiDeviceProcessDriverAvailableEvent: driver availability false, reason PowerOff(0xe0821804), subreason (null)(0x0)
 1/05/2017 12:19:10.990 __WiFiManagerDispatchDeviceAvailable: driver availability false

 1/05/2017 12:19:10.991 WiFiAWDManagerSubmitMetric: metric container could not be generated for metric id <0x9000e>
 1/05/2017 12:19:10.994 __WiFiDeviceManagerAwdlAvailableCallback: AWDL availability changed to FALSE
 1/05/2017 12:19:10.997 apsd[273] is a wow client
 1/05/2017 12:19:10.997 WoW is Enabled, 1 WoW Clients
 1/05/2017 12:19:15.771 Received kIOMessageSystemWillPowerOn
 1/05/2017 12:19:15.771 System wake reason: AOP.ExternalReq wlan
 1/05/2017 12:19:15.771 System Powered ON notification Re-enabling auto-join
 1/05/2017 12:19:15.771 __WiFiManagerSetEnableState: state TRUE, manager->enable.setting TRUE, manager->unlockedSinceBoot TRUE
 1/05/2017 12:19:15.771 Enabling automatic association
 1/05/2017 12:19:15.771 __WiFiDeviceManagerAutoAssociate: Already connected to DIGI-146A.
 1/05/2017 12:19:15.771 WiFiLocaleManagerCheckLocale: location service or wifi is off, set locale to default
 1/05/2017 12:19:15.771 new locale:  , locale: 
 1/05/2017 12:19:15.788 __WiFiDeviceManagerAwdlAvailableCallback: AWDL availability changed to TRUE
 1/05/2017 12:19:15.789 Power stats update: Type 0x6 UnassociatedSleepDur 0 AssociatedSleepDur 4555 TotalDur 4691 RoamDur 0
 1/05/2017 12:19:15.789 WiFiAWDManagerSubmitMetric: metric container could not be generated for metric id <0x90010>
 1/05/2017 12:19:15.789 __WiFiLQAMgrLogStats: Rssi: -71 Cca: 6 TxPer: 0.0% (0) BcnPer: 0.0% (0) RxFrms 0 TxRate: 0 RxRate: 0
 1/05/2017 12:19:15.791 __WiFiDeviceCopyLinkChangedSubReasonString: Apple80211ReturnToString failed 1
 1/05/2017 12:19:15.791 __WiFiDeviceProcessDriverAvailableEvent: driver availability true, reason Initializing(0xe0821803), subreason (null)(0x0)
 1/05/2017 12:19:15.791 __WiFiManagerDispatchDeviceAvailable: driver availability true

 1/05/2017 12:19:15.792 __WiFiDeviceManagerAutoAssociate: Already connected to DIGI-146A.
 1/05/2017 12:19:15.792 WiFiAWDManagerSubmitMetric: metric container could not be generated for metric id <0x9000e>
 1/05/2017 12:19:15.793 __WiFiDeviceManagerAutoAssociate: Already connected to DIGI-146A.
 1/05/2017 12:19:15.794 No Change in Background Scan Networks, Skip Re-Programming Background Scan

 1/05/2017 12:19:15.862 __WiFiManagerCellularTransmitCallback_block_invoke: Cellular Transmit Started = FALSE
 1/05/2017 12:19:16.150 apsd[273] is a wow client
 1/05/2017 12:19:16.150 WoW is Enabled, 1 WoW Clients
 1/05/2017 12:19:21.121 
Too frequent(0.406035 secs) rssi event from driver, ignoring

 1/05/2017 12:19:30.728 __WiFiLQAMgrLogStats: Rssi: -67 Cca: 29 TxPer: 0.0% (2) BcnPer: 2.0% (50) RxFrms 2 TxRate: 39000 RxRate: 58500
 1/05/2017 12:19:35.736 __WiFiLQAMgrLogStats: Rssi: -68 Cca: 21 TxPer: 0.0% (3) BcnPer: 0.0% (0) RxFrms 4 TxRate: 52000 RxRate: 58500
 1/05/2017 12:19:45.752 
Too frequent(0.145345 secs) rssi event from driver, ignoring

 1/05/2017 12:19:50.761 
Too frequent(0.135986 secs) rssi event from driver, ignoring

 1/05/2017 12:19:51.074 Received kIOMessageSystemWillSleep
 1/05/2017 12:19:51.074 System Sleep notification, Disabling auto-join
 1/05/2017 12:19:51.074 __WiFiManagerSetEnableState: state FALSE, manager->enable.setting TRUE, manager->unlockedSinceBoot TRUE
 1/05/2017 12:19:51.074 Disabling automatic association
 1/05/2017 12:19:51.103 apsd[273] is a wow client
 1/05/2017 12:19:51.103 WoW is Enabled, 1 WoW Clients
 1/05/2017 12:19:51.226 __WiFiDeviceCopyLinkChangedSubReasonString: Apple80211ReturnToString failed 1
 1/05/2017 12:19:51.226 __WiFiDeviceProcessDriverAvailableEvent: driver availability false, reason PowerOff(0xe0821804), subreason (null)(0x0)
 1/05/2017 12:19:51.226 __WiFiManagerDispatchDeviceAvailable: driver availability false

 1/05/2017 12:19:51.227 WiFiAWDManagerSubmitMetric: metric container could not be generated for metric id <0x9000e>
 1/05/2017 12:19:51.228 __WiFiDeviceManagerAwdlAvailableCallback: AWDL availability changed to FALSE
 1/05/2017 12:19:51.232 apsd[273] is a wow client
 1/05/2017 12:19:51.232 WoW is Enabled, 1 WoW Clients
 1/05/2017 12:43:00.422 Received kIOMessageSystemWillPowerOn
 1/05/2017 12:43:00.481 System wake reason: AOP.ExternalReq wlan
 1/05/2017 12:43:00.481 System Powered ON notification Re-enabling auto-join
 1/05/2017 12:43:00.481 __WiFiManagerSetEnableState: state TRUE, manager->enable.setting TRUE, manager->unlockedSinceBoot TRUE
 1/05/2017 12:43:00.481 Enabling automatic association
 1/05/2017 12:43:00.481 __WiFiDeviceManagerAutoAssociate: Already connected to DIGI-146A.
 1/05/2017 12:43:00.482 WiFiLocaleManagerCheckLocale: location service or wifi is off, set locale to default
 1/05/2017 12:43:00.482 new locale:  , locale: 
 1/05/2017 12:43:00.535 Power stats update: Type 0x6 UnassociatedSleepDur 0 AssociatedSleepDur 1358046 TotalDur 1389474 RoamDur 20434
 1/05/2017 12:43:00.535 WiFiAWDManagerSubmitMetric: metric container could not be generated for metric id <0x90010>
 1/05/2017 12:43:00.536 __WiFiLQAMgrLogStats: Rssi: -72 Cca: 49 TxPer: 0.0% (1) BcnPer: 18.0% (50) RxFrms 21 TxRate: 52000 RxRate: 52000
 1/05/2017 12:43:00.537 __WiFiDeviceCopyLinkChangedSubReasonString: Apple80211ReturnToString failed 1
 1/05/2017 12:43:00.537 __WiFiDeviceProcessDriverAvailableEvent: driver availability true, reason Initializing(0xe0821803), subreason (null)(0x0)
 1/05/2017 12:43:00.537 __WiFiManagerDispatchDeviceAvailable: driver availability true

 1/05/2017 12:43:00.539 __WiFiDeviceManagerAutoAssociate: Already connected to DIGI-146A.
 1/05/2017 12:43:00.539 WiFiAWDManagerSubmitMetric: metric container could not be generated for metric id <0x9000e>
 1/05/2017 12:43:00.540 __WiFiDeviceManagerAutoAssociate: Already connected to DIGI-146A.
 1/05/2017 12:43:00.542 No Change in Background Scan Networks, Skip Re-Programming Background Scan

 1/05/2017 12:43:00.588 __WiFiDeviceManagerAwdlAvailableCallback: AWDL availability changed to TRUE
 1/05/2017 12:43:00.665 __WiFiManagerCellularTransmitCallback_block_invoke: Cellular Transmit Started = FALSE
 1/05/2017 12:43:01.177 apsd[273] is a wow client
 1/05/2017 12:43:01.177 WoW is Enabled, 1 WoW Clients
 1/05/2017 12:43:01.253 apsd[273] is a wow client
 1/05/2017 12:43:01.253 WoW is Enabled, 1 WoW Clients
 1/05/2017 12:43:01.483 Device display is ON
 1/05/2017 12:43:01.483 __WiFiManagerSetEnableState: state TRUE, manager->enable.setting TRUE, manager->unlockedSinceBoot TRUE
 1/05/2017 12:43:01.484 __WiFiDeviceManagerAutoAssociate: Already connected to DIGI-146A.
 1/05/2017 12:43:10.392 __WiFiManagerCellularTransmitCallback_block_invoke: Cellular Transmit Started = TRUE
 1/05/2017 12:43:10.412 __WiFiLQAMgrLogStats: Rssi: -67 Cca: 10 TxPer: 0.0% (24) BcnPer: 0.0% (50) RxFrms 22 TxRate: 39000 RxRate: 52000
 1/05/2017 12:43:15.482 __WiFiManagerCellularTransmitCallback_block_invoke: Cellular Transmit Started = FALSE
 1/05/2017 12:43:17.425 Device display is OFF
 1/05/2017 12:43:30.450 __WiFiLQAMgrLogStats: Rssi: -73 Cca: 51 TxPer: 0.0% (4) BcnPer: 0.0% (50) RxFrms 3 TxRate: 39000 RxRate: 58500
 1/05/2017 12:43:33.169 Received kIOMessageSystemWillSleep
 1/05/2017 12:43:33.169 System Sleep notification, Disabling auto-join
 1/05/2017 12:43:33.169 __WiFiManagerSetEnableState: state FALSE, manager->enable.setting TRUE, manager->unlockedSinceBoot TRUE
 1/05/2017 12:43:33.169 Disabling automatic association
 1/05/2017 12:43:33.202 apsd[273] is a wow client
 1/05/2017 12:43:33.202 WoW is Enabled, 1 WoW Clients
 1/05/2017 12:43:33.293 __WiFiDeviceCopyLinkChangedSubReasonString: Apple80211ReturnToString failed 1
 1/05/2017 12:43:33.293 __WiFiDeviceProcessDriverAvailableEvent: driver availability false, reason PowerOff(0xe0821804), subreason (null)(0x0)
 1/05/2017 12:43:33.293 __WiFiManagerDispatchDeviceAvailable: driver availability false

 1/05/2017 12:43:33.294 WiFiAWDManagerSubmitMetric: metric container could not be generated for metric id <0x9000e>
 1/05/2017 12:43:33.296 __WiFiDeviceManagerAwdlAvailableCallback: AWDL availability changed to FALSE
 1/05/2017 12:43:33.299 apsd[273] is a wow client
 1/05/2017 12:43:33.299 WoW is Enabled, 1 WoW Clients
 1/05/2017 12:43:52.829 Received kIOMessageSystemWillPowerOn
 1/05/2017 12:43:52.830 System wake reason: AOP.ExternalReq baseband
 1/05/2017 12:43:52.830 System Powered ON notification Re-enabling auto-join
 1/05/2017 12:43:52.830 __WiFiManagerSetEnableState: state TRUE, manager->enable.setting TRUE, manager->unlockedSinceBoot TRUE
 1/05/2017 12:43:52.830 Enabling automatic association
 1/05/2017 12:43:52.830 __WiFiDeviceManagerAutoAssociate: Already connected to DIGI-146A.
 1/05/2017 12:43:52.830 WiFiLocaleManagerCheckLocale: location service or wifi is off, set locale to default
 1/05/2017 12:43:52.830 new locale:  , locale: 
 1/05/2017 12:43:52.876 __WiFiDeviceManagerAwdlAvailableCallback: AWDL availability changed to TRUE
 1/05/2017 12:43:52.876 Power stats update: Type 0x6 UnassociatedSleepDur 0 AssociatedSleepDur 19031 TotalDur 19497 RoamDur 0
 1/05/2017 12:43:52.876 WiFiAWDManagerSubmitMetric: metric container could not be generated for metric id <0x90010>
 1/05/2017 12:43:52.879 __WiFiLQAMgrLogStats: Rssi: -69 Cca: 51 TxPer: 0.0% (0) BcnPer: 0.0% (0) RxFrms 0 TxRate: 0 RxRate: 0
 1/05/2017 12:43:52.880 __WiFiDeviceCopyLinkChangedSubReasonString: Apple80211ReturnToString failed 1
 1/05/2017 12:43:52.880 __WiFiDeviceProcessDriverAvailableEvent: driver availability true, reason Initializing(0xe0821803), subreason (null)(0x0)
 1/05/2017 12:43:52.880 __WiFiManagerDispatchDeviceAvailable: driver availability true

 1/05/2017 12:43:52.884 __WiFiDeviceManagerAutoAssociate: Already connected to DIGI-146A.
 1/05/2017 12:43:52.884 WiFiAWDManagerSubmitMetric: metric container could not be generated for metric id <0x9000e>
 1/05/2017 12:43:52.884 __WiFiDeviceManagerAutoAssociate: Already connected to DIGI-146A.
 1/05/2017 12:43:52.886 No Change in Background Scan Networks, Skip Re-Programming Background Scan

 1/05/2017 12:43:52.957 __WiFiManagerCellularTransmitCallback_block_invoke: Cellular Transmit Started = TRUE
 1/05/2017 12:43:52.972 apsd[273] is a wow client
 1/05/2017 12:43:52.972 WoW is Enabled, 1 WoW Clients
 1/05/2017 12:43:57.711 __WiFiManagerCellularTransmitCallback_block_invoke: Cellular Transmit Started = FALSE
 1/05/2017 12:44:05.432 __WiFiManagerCellularTransmitCallback_block_invoke: Cellular Transmit Started = TRUE
 1/05/2017 12:44:06.574 Disable WoW requested by "apsd"
 1/05/2017 12:44:06.575 WoW Capable = YES, Attempting to disable WoW and enable LPAS 
 1/05/2017 12:44:06.575 Setting WoW params to <CFBasicHash 0x14cf3dce0 [0x1a0950150]>{type = immutable dict, count = 3,
entries =>
	0 : <CFString 0x100175960 [0x1a0950150]>{contents = "IO80211InterfaceEnableLowPwrAssocMode"} = <CFBoolean 0x1a09506c8 [0x1a0950150]>{value = true}
	1 : <CFString 0x100175940 [0x1a0950150]>{contents = "IO80211InterfaceEnableWoW"} = <CFBoolean 0x1a09506d8 [0x1a0950150]>{value = false}
	2 : <CFString 0x100185ae0 [0x1a0950150]>{contents = "IO80211InterfaceEnableWoWOnCaptive"} = <CFBoolean 0x1a09506d8 [0x1a0950150]>{value = false}
}

 1/05/2017 12:44:06.577 WiFiDeviceRequestAssociatedSleep: ActiveDuringSleepRequested is already set (<CFBasicHash 0x14cfc6110 [0x1a0950150]>{type = immutable dict, count = 0,
entries =>
}
).
 1/05/2017 12:44:06.577 WoW Disabled, 0 WoW Clients, lpas is Enabled, WoW Override is Disabled, Captive Disabled
 1/05/2017 12:44:06.577 Unable to dispatch WowStateChanged message to client dataaccessd (268435460)
 1/05/2017 12:44:06.578 Unable to dispatch WowStateChanged message to client itunesstored (268435460)
 1/05/2017 12:44:06.578 Unable to dispatch WowStateChanged message to client mediaserverd (268435460)
 1/05/2017 12:44:06.578 Unable to dispatch WowStateChanged message to client MobileMail (268435460)
 1/05/2017 12:44:06.579 Unable to dispatch WowStateChanged message to client profiled (268435460)
 1/05/2017 12:44:06.579 Unable to dispatch WowStateChanged message to client assistantd (268435460)
 1/05/2017 12:44:06.579 WoW is Disabled, 0 WoW Clients
 1/05/2017 12:44:06.580 WoW is Disabled, 0 WoW Clients
 1/05/2017 12:44:06.584 WoW is Disabled, 0 WoW Clients
 1/05/2017 12:44:10.498 __WiFiManagerCellularTransmitCallback_block_invoke: Cellular Transmit Started = FALSE
 1/05/2017 12:44:11.579 Client apsd set type to normal application
 1/05/2017 12:44:11.579 __WiFiManagerSetEnableState: state TRUE, manager->enable.setting TRUE, manager->unlockedSinceBoot TRUE
 1/05/2017 12:44:11.579 BG Application: Not Present, BG Daemon: Present. Daemons: mediaserverd 
 1/05/2017 12:44:17.845 __WiFiLQAMgrLogStats: Rssi: -65 Cca: 40 TxPer: 0.0% (1) BcnPer: 4.1% (49) RxFrms 2 TxRate: 39000 RxRate: 58500
 1/05/2017 12:44:22.854 __WiFiLQAMgrLogStats: Rssi: -66 Cca: 52 TxPer: 0.0% (3) BcnPer: 0.0% (50) RxFrms 2 TxRate: 39000 RxRate: 58500
 1/05/2017 12:44:25.786 Received kIOMessageSystemWillSleep
 1/05/2017 12:44:25.786 System Sleep notification, Disabling auto-join
 1/05/2017 12:44:25.786 __WiFiManagerSetEnableState: state FALSE, manager->enable.setting TRUE, manager->unlockedSinceBoot TRUE
 1/05/2017 12:44:25.786 Disabling automatic association
 1/05/2017 12:44:25.809 WoW is Disabled, 0 WoW Clients
 1/05/2017 12:44:25.903 __WiFiDeviceManagerAwdlAvailableCallback: AWDL availability changed to FALSE
 1/05/2017 12:44:25.903 __WiFiDeviceCopyLinkChangedSubReasonString: Apple80211ReturnToString failed 1
 1/05/2017 12:44:25.903 __WiFiDeviceProcessDriverAvailableEvent: driver availability false, reason PowerOff(0xe0821804), subreason (null)(0x0)
 1/05/2017 12:44:25.904 __WiFiManagerDispatchDeviceAvailable: driver availability false

 1/05/2017 12:44:25.904 WiFiAWDManagerSubmitMetric: metric container could not be generated for metric id <0x9000e>
 1/05/2017 12:44:25.909 WoW is Disabled, 0 WoW Clients
 1/05/2017 12:44:29.950 Received kIOMessageSystemWillPowerOn
 1/05/2017 12:44:29.950 System wake reason: AOP.ExternalReq baseband
 1/05/2017 12:44:29.950 System Powered ON notification Re-enabling auto-join
 1/05/2017 12:44:29.950 __WiFiManagerSetEnableState: state TRUE, manager->enable.setting TRUE, manager->unlockedSinceBoot TRUE
 1/05/2017 12:44:29.950 Enabling automatic association
 1/05/2017 12:44:29.951 __WiFiDeviceManagerAutoAssociate: Already connected to DIGI-146A.
 1/05/2017 12:44:29.951 WiFiLocaleManagerCheckLocale: location service or wifi is off, set locale to default
 1/05/2017 12:44:29.951 new locale:  , locale: 
 1/05/2017 12:44:29.954 WiFiLocaleManagerCheckLocale: location service or wifi is off, set locale to default
 1/05/2017 12:44:29.954 new locale:  , locale: 
 1/05/2017 12:44:29.955 Power stats update: Type 0x5 UnassociatedSleepDur 0 AssociatedSleepDur 98 TotalDur 4001 RoamDur 0
 1/05/2017 12:44:29.955 WiFiAWDManagerSubmitMetric: metric container could not be generated for metric id <0x90010>
 1/05/2017 12:44:29.977 __WiFiLQAMgrLogStats: Rssi: -67 Cca: 45 TxPer: 0.0% (0) BcnPer: 0.0% (0) RxFrms 0 TxRate: 0 RxRate: 0
 1/05/2017 12:44:29.994 __WiFiDeviceManagerAwdlAvailableCallback: AWDL availability changed to TRUE
 1/05/2017 12:44:30.002 __WiFiDeviceCopyLinkChangedSubReasonString: Apple80211ReturnToString failed 1
 1/05/2017 12:44:30.002 __WiFiDeviceProcessDriverAvailableEvent: driver availability true, reason Initializing(0xe0821803), subreason (null)(0x0)
 1/05/2017 12:44:30.002 __WiFiManagerDispatchDeviceAvailable: driver availability true

 1/05/2017 12:44:30.003 __WiFiDeviceManagerAutoAssociate: Already connected to DIGI-146A.
 1/05/2017 12:44:30.003 WiFiAWDManagerSubmitMetric: metric container could not be generated for metric id <0x9000e>
 1/05/2017 12:44:30.007 __WiFiDeviceManagerAutoAssociate: Already connected to DIGI-146A.
 1/05/2017 12:44:30.009 No Change in Background Scan Networks, Skip Re-Programming Background Scan

 1/05/2017 12:44:30.060 __WiFiManagerCellularTransmitCallback_block_invoke: Cellular Transmit Started = TRUE
 1/05/2017 12:44:30.402 WoW is Disabled, 0 WoW Clients
 1/05/2017 12:44:39.836 __WiFiManagerCellularTransmitCallback_block_invoke: Cellular Transmit Started = FALSE
 1/05/2017 12:44:39.931 __WiFiLQAMgrLogStats: Rssi: -73 Cca: 4 TxPer: 0.0% (5) BcnPer: 0.0% (24) RxFrms 5 TxRate: 39000 RxRate: 52000
 1/05/2017 12:44:44.937 __WiFiLQAMgrLogStats: Rssi: -73 Cca: 35 TxPer: 0.0% (4) BcnPer: 0.0% (50) RxFrms 10 TxRate: 39000 RxRate: 19500
 1/05/2017 12:44:49.946 __WiFiLQAMgrLogStats: Rssi: -72 Cca: 35 TxPer: 0.0% (0) BcnPer: 0.0% (0) RxFrms 2 TxRate: 39000 RxRate: 19500
 1/05/2017 12:44:54.953 __WiFiLQAMgrLogStats: Rssi: -73 Cca: 52 TxPer: 0.0% (1) BcnPer: 0.0% (50) RxFrms 1 TxRate: 39000 RxRate: 26000
 1/05/2017 12:45:02.772 Received kIOMessageSystemWillSleep
 1/05/2017 12:45:02.772 System Sleep notification, Disabling auto-join
 1/05/2017 12:45:02.772 __WiFiManagerSetEnableState: state FALSE, manager->enable.setting TRUE, manager->unlockedSinceBoot TRUE
 1/05/2017 12:45:02.772 Disabling automatic association
 1/05/2017 12:45:02.819 WoW is Disabled, 0 WoW Clients
 1/05/2017 12:45:02.943 __WiFiDeviceManagerAwdlAvailableCallback: AWDL availability changed to FALSE
 1/05/2017 12:45:02.944 __WiFiDeviceCopyLinkChangedSubReasonString: Apple80211ReturnToString failed 1
 1/05/2017 12:45:02.944 __WiFiDeviceProcessDriverAvailableEvent: driver availability false, reason PowerOff(0xe0821804), subreason (null)(0x0)
 1/05/2017 12:45:02.944 __WiFiManagerDispatchDeviceAvailable: driver availability false

 1/05/2017 12:45:02.946 WiFiAWDManagerSubmitMetric: metric container could not be generated for metric id <0x9000e>
 1/05/2017 12:45:02.956 WoW is Disabled, 0 WoW Clients
 1/05/2017 12:50:03.954 Received kIOMessageSystemWillPowerOn
 1/05/2017 12:50:04.032 System wake reason: AOP.ExternalReq wlan
 1/05/2017 12:50:04.032 System Powered ON notification Re-enabling auto-join
 1/05/2017 12:50:04.032 __WiFiManagerSetEnableState: state TRUE, manager->enable.setting TRUE, manager->unlockedSinceBoot TRUE
 1/05/2017 12:50:04.032 Enabling automatic association
 1/05/2017 12:50:04.033 __WiFiDeviceManagerAutoAssociate: Already connected to DIGI-146A.
 1/05/2017 12:50:04.033 WiFiLocaleManagerCheckLocale: location service or wifi is off, set locale to default
 1/05/2017 12:50:04.033 new locale:  , locale: 
 1/05/2017 12:50:04.035 __WiFiDeviceProcessDumpLogsEvent: Dump logs event received, dumped wifid log buffer to file
