12/27/2016 14:39:06.798 __WiFiManagerCellularTransmitCallback_block_invoke: Cellular Transmit Started = FALSE
12/27/2016 14:39:06.798 Power stats update: Type 0x6 UnassociatedSleepDur 0 AssociatedSleepDur 1267289 TotalDur 1277205 RoamDur 0
12/27/2016 14:39:06.799 WiFiAWDManagerSubmitMetric: metric container could not be generated for metric id <0x90010>
12/27/2016 14:39:06.808 __WiFiLQAMgrLogStats: Rssi: -70 Cca: 3 TxPer: 0.0% (0) BcnPer: 0.0% (0) RxFrms 0 TxRate: 0 RxRate: 0
12/27/2016 14:39:06.811 Device display is ON
12/27/2016 14:39:06.811 __WiFiManagerSetEnableState: state TRUE, manager->enable.setting TRUE, manager->unlockedSinceBoot TRUE
12/27/2016 14:39:06.811 __WiFiDeviceManagerAutoAssociate: Already connected to DIGI-146A.
12/27/2016 14:39:06.811 __WiFiDeviceCopyLinkChangedSubReasonString: Apple80211ReturnToString failed 1
12/27/2016 14:39:06.811 __WiFiDeviceProcessDriverAvailableEvent: driver availability true, reason Initializing(0xe0821803), subreason (null)(0x0)
12/27/2016 14:39:06.811 __WiFiManagerDispatchDeviceAvailable: driver availability true

12/27/2016 14:39:06.812 Unable to dispatch message to client MessagesViewServ (268435460)
12/27/2016 14:39:06.812 __WiFiDeviceManagerAutoAssociate: Already connected to DIGI-146A.
12/27/2016 14:39:06.812 WiFiAWDManagerSubmitMetric: metric container could not be generated for metric id <0x9000e>
12/27/2016 14:39:06.813 __WiFiDeviceManagerAwdlAvailableCallback: AWDL availability changed to TRUE
12/27/2016 14:39:06.813 __WiFiDeviceManagerAutoAssociate: Already connected to DIGI-146A.
12/27/2016 14:39:06.814 No Change in Background Scan Networks, Skip Re-Programming Background Scan

12/27/2016 14:39:06.815 
Too frequent(0.006112 secs) rssi event from driver, ignoring

12/27/2016 14:39:06.815 Disable WoW requested by "apsd"
12/27/2016 14:39:06.816 WoW Capable = YES, Attempting to disable WoW and enable LPAS 
12/27/2016 14:39:06.816 Setting WoW params to <CFBasicHash 0x14ce3afa0 [0x1a0950150]>{type = immutable dict, count = 3,
entries =>
	0 : <CFString 0x100175960 [0x1a0950150]>{contents = "IO80211InterfaceEnableLowPwrAssocMode"} = <CFBoolean 0x1a09506c8 [0x1a0950150]>{value = true}
	1 : <CFString 0x100175940 [0x1a0950150]>{contents = "IO80211InterfaceEnableWoW"} = <CFBoolean 0x1a09506d8 [0x1a0950150]>{value = false}
	2 : <CFString 0x100185ae0 [0x1a0950150]>{contents = "IO80211InterfaceEnableWoWOnCaptive"} = <CFBoolean 0x1a09506d8 [0x1a0950150]>{value = false}
}

12/27/2016 14:39:06.818 WiFiDeviceRequestAssociatedSleep: ActiveDuringSleepRequested is already set (<CFBasicHash 0x14ce7d190 [0x1a0950150]>{type = immutable dict, count = 0,
entries =>
}
).
12/27/2016 14:39:06.818 WoW Disabled, 0 WoW Clients, lpas is Enabled, WoW Override is Disabled, Captive Disabled
12/27/2016 14:39:06.818 Unable to dispatch WowStateChanged message to client dataaccessd (268435460)
12/27/2016 14:39:06.818 Unable to dispatch WowStateChanged message to client itunesstored (268435460)
12/27/2016 14:39:06.818 Unable to dispatch WowStateChanged message to client mediaserverd (268435460)
12/27/2016 14:39:06.818 Unable to dispatch WowStateChanged message to client MobileMail (268435460)
12/27/2016 14:39:06.819 Unable to dispatch WowStateChanged message to client MessagesViewServ (268435460)
12/27/2016 14:39:06.819 Unable to dispatch WowStateChanged message to client assistantd (268435460)
12/27/2016 14:39:06.859 WoW is Disabled, 0 WoW Clients
12/27/2016 14:39:06.861 WoW is Disabled, 0 WoW Clients
12/27/2016 14:39:06.862 WoW is Disabled, 0 WoW Clients
12/27/2016 14:39:06.864 __WiFiLocationServiceManagerEventCallback, got cb dict {
    eventType = 0;
    location = "<+44.42590564,+26.13608686> +/- 65.00m (speed -1.00 mps / course -1.00) @ 12/27/16, 2:17:02 PM Eastern European Standard Time";
}
12/27/2016 14:39:06.865 WiFiLocationServiceManagerIsLocationValid: cachedLocationTimeout 120.000000 location age 1324.571888secs, lifeSpan -1.000000 accuracy 65.000000(highAccReq 1), isValid 1
12/27/2016 14:39:06.865 WiFiLocationServiceManagerIsLocationValid: cachedLocationTimeout 120.000000 location age 1324.571909secs, lifeSpan -1.000000 accuracy 65.000000(highAccReq 0), isValid 1
12/27/2016 14:39:06.866 __WiFiLocationServiceManagerProcessLocationAvailableEvent: isValidHighAccuracyLocation 1,  isValidLowAccuracyLocation 1
12/27/2016 14:39:06.896 Async scan requested by "locationd" for 1 iterations with maxage=0 priority normal on en0
12/27/2016 14:39:06.896 Enqueuing command type: "Scan" pending commands: 0
12/27/2016 14:39:06.896 Dequeuing command type: "Scan" pending commands: 0
12/27/2016 14:39:06.896 Attempting Apple80211ScanAsync on en0
12/27/2016 14:39:06.937 __WiFiManagerCellularTransmitCallback_block_invoke: Cellular Transmit Started = TRUE
12/27/2016 14:39:06.949 WoW is Disabled, 0 WoW Clients
12/27/2016 14:39:07.102 Completed Apple80211ScanAsync on en0 (0x0)
12/27/2016 14:39:07.103 Async scan request completed for "locationd" (0)
12/27/2016 14:39:07.104 Async scan requested by "locationd" for 1 iterations with maxage=0 priority normal on en0
12/27/2016 14:39:07.104 Enqueuing command type: "Scan" pending commands: 0
12/27/2016 14:39:07.104 Dequeuing command type: "Scan" pending commands: 0
12/27/2016 14:39:07.104 Attempting Apple80211ScanAsync on en0
12/27/2016 14:39:07.560 Completed Apple80211ScanAsync on en0 (0x0)
12/27/2016 14:39:07.562 Async scan request completed for "locationd" (0)
12/27/2016 14:39:09.906 Device display is OFF
12/27/2016 14:39:10.714 Background Network Application entered
12/27/2016 14:39:10.714 BG Application: Present, BG Daemon: Present. Daemons: mediaserverd apsd 
12/27/2016 14:39:10.714 __WiFiManagerSetEnableState: state TRUE, manager->enable.setting TRUE, manager->unlockedSinceBoot TRUE
12/27/2016 14:39:10.714 __WiFiDeviceManagerAutoAssociate: Already connected to DIGI-146A.
12/27/2016 14:39:11.699 Client apsd set type to normal application
12/27/2016 14:39:11.699 __WiFiManagerSetEnableState: state TRUE, manager->enable.setting TRUE, manager->unlockedSinceBoot TRUE
12/27/2016 14:39:11.700 BG Application: Present, BG Daemon: Present. Daemons: mediaserverd 
12/27/2016 14:39:12.018 __WiFiManagerCellularTransmitCallback_block_invoke: Cellular Transmit Started = FALSE
12/27/2016 14:39:15.543 Background Network Application entered
12/27/2016 14:39:15.543 BG Application: Not Present, BG Daemon: Present. Daemons: mediaserverd 
12/27/2016 14:39:15.543 __WiFiManagerSetEnableState: state TRUE, manager->enable.setting TRUE, manager->unlockedSinceBoot TRUE
12/27/2016 14:39:15.543 __WiFiDeviceManagerAutoAssociate: Already connected to DIGI-146A.
12/27/2016 14:39:16.585 __WiFiLQAMgrLogStats: Rssi: -67 Cca: 52 TxPer: 0.0% (1) BcnPer: 6.0% (50) RxFrms 2 TxRate: 39000 RxRate: 65000
12/27/2016 14:39:17.244 Received kIOMessageSystemWillSleep
12/27/2016 14:39:17.244 System Sleep notification, Disabling auto-join
12/27/2016 14:39:17.244 __WiFiManagerSetEnableState: state FALSE, manager->enable.setting TRUE, manager->unlockedSinceBoot TRUE
12/27/2016 14:39:17.244 Disabling automatic association
12/27/2016 14:39:17.284 WoW is Disabled, 0 WoW Clients
12/27/2016 14:39:17.341 __WiFiDeviceCopyLinkChangedSubReasonString: Apple80211ReturnToString failed 1
12/27/2016 14:39:17.341 __WiFiDeviceProcessDriverAvailableEvent: driver availability false, reason PowerOff(0xe0821804), subreason (null)(0x0)
12/27/2016 14:39:17.341 __WiFiManagerDispatchDeviceAvailable: driver availability false

12/27/2016 14:39:17.342 Unable to dispatch message to client MessagesViewServ (268435460)
12/27/2016 14:39:17.342 WiFiAWDManagerSubmitMetric: metric container could not be generated for metric id <0x9000e>
12/27/2016 14:39:17.352 __WiFiDeviceManagerAwdlAvailableCallback: AWDL availability changed to FALSE
12/27/2016 14:39:17.364 WoW is Disabled, 0 WoW Clients
12/27/2016 14:44:18.429 Received kIOMessageSystemWillPowerOn
12/27/2016 14:44:18.536 System wake reason: AOP.ExternalReq wlan
12/27/2016 14:44:18.536 System Powered ON notification Re-enabling auto-join
12/27/2016 14:44:18.536 __WiFiManagerSetEnableState: state TRUE, manager->enable.setting TRUE, manager->unlockedSinceBoot TRUE
12/27/2016 14:44:18.536 Enabling automatic association
12/27/2016 14:44:18.536 __WiFiDeviceManagerAutoAssociate: Already connected to DIGI-146A.
12/27/2016 14:44:18.536 WiFiLocaleManagerCheckLocale: trying to determine locale...
12/27/2016 14:44:18.537 WiFiManagerCoreLocationGetCachedLocation: getting cached location...
12/27/2016 14:44:18.538 __WiFiLocaleManagerGetLocaleFromMcc: finding iso country code for mcc 226 ....
12/27/2016 14:44:18.538 WiFiLocationServiceManagerIsLocationValid: cachedLocationTimeout 120.000000 location age 1636.245302secs, lifeSpan -1.000000 accuracy 65.000000(highAccReq 0), isValid 1
12/27/2016 14:44:18.538 WiFiLocationServiceManagerStartLowAccuracyMonitoring: Cached low accuracy location is valid
12/27/2016 14:44:18.539 WiFiLocationServiceManagerIsLocationValid: cachedLocationTimeout 120.000000 location age 1636.245964secs, lifeSpan -1.000000 accuracy 65.000000(highAccReq 1), isValid 1
12/27/2016 14:44:18.539 WiFiLocationServiceManagerIsLocationValid: cachedLocationTimeout 120.000000 location age 1636.246117secs, lifeSpan -1.000000 accuracy 65.000000(highAccReq 0), isValid 1
12/27/2016 14:44:18.539 __WiFiLocationServiceManagerProcessLocationAvailableEvent: isValidHighAccuracyLocation 1,  isValidLowAccuracyLocation 1
12/27/2016 14:44:18.539 __WiFiLocationServiceManagerProcessLocationAvailableEvent: give low accuracy callback
12/27/2016 14:44:18.541 __WiFiLocaleManagerGetLocaleFromLocation: <+44.42590564,+26.13608686> +/- 65.00m (speed -1.00 mps / course -1.00) @ 12/27/16, 2:17:02 PM Eastern European Standard Time
12/27/2016 14:44:18.541 locale from bounding box 
12/27/2016 14:44:18.541 new locale:  , locale: 
12/27/2016 14:44:18.541 Stopping Low Accuracy Location Monitoring
12/27/2016 14:44:18.541 CLMonitoring is already stopped
12/27/2016 14:44:18.541 Stopping Low Accuracy Location Monitoring
12/27/2016 14:44:18.541 CLMonitoring is already stopped
12/27/2016 14:44:18.542 __WiFiDeviceProcessDumpLogsEvent: Dump logs event received, dumped wifid log buffer to file
