 1/19/2017  0:46:49.547 Power stats update: Type 0x5 UnassociatedSleepDur 0 AssociatedSleepDur 109571 TotalDur 190045 RoamDur 0
 1/19/2017  0:46:49.548 WiFiAWDManagerSubmitMetric: metric container could not be generated for metric id <0x90010>
 1/19/2017  0:46:49.548 __WiFiLQAMgrLogStats: Rssi: -64 Cca: 0 TxPer: 0.0% (17) BcnPer: 0.0% (0) RxFrms 29 TxRate: 39000 RxRate: 65000
 1/19/2017  0:46:49.549 __WiFiDeviceCopyLinkChangedSubReasonString: Apple80211ReturnToString failed 1
 1/19/2017  0:46:49.549 __WiFiDeviceProcessDriverAvailableEvent: driver availability true, reason Initializing(0xe0821803), subreason (null)(0x0)
 1/19/2017  0:46:49.549 __WiFiManagerDispatchDeviceAvailable: driver availability true

 1/19/2017  0:46:49.550 Unable to dispatch message to client MessagesViewServ (268435460)
 1/19/2017  0:46:49.551 __WiFiDeviceManagerAutoAssociate: Already connected to DIGI-146A.
 1/19/2017  0:46:49.551 WiFiAWDManagerSubmitMetric: metric container could not be generated for metric id <0x9000e>
 1/19/2017  0:46:49.552 __WiFiDeviceManagerAutoAssociate: Already connected to DIGI-146A.
 1/19/2017  0:46:49.553 No Change in Background Scan Networks, Skip Re-Programming Background Scan

 1/19/2017  0:46:49.639 __WiFiManagerCellularTransmitCallback_block_invoke: Cellular Transmit Started = TRUE
 1/19/2017  0:46:50.141 WoW is Disabled, 0 WoW Clients
 1/19/2017  0:46:52.370 scanCache: Purging scan cache
 1/19/2017  0:46:54.356 __WiFiManagerCellularTransmitCallback_block_invoke: Cellular Transmit Started = FALSE
 1/19/2017  0:46:59.840 Received kIOMessageSystemWillSleep
 1/19/2017  0:46:59.840 System Sleep notification, Disabling auto-join
 1/19/2017  0:46:59.840 __WiFiManagerSetEnableState: state FALSE, manager->enable.setting TRUE, manager->unlockedSinceBoot TRUE
 1/19/2017  0:46:59.840 Disabling automatic association
 1/19/2017  0:46:59.872 WoW is Disabled, 0 WoW Clients
 1/19/2017  0:46:59.989 __WiFiDeviceCopyLinkChangedSubReasonString: Apple80211ReturnToString failed 1
 1/19/2017  0:46:59.989 __WiFiDeviceProcessDriverAvailableEvent: driver availability false, reason PowerOff(0xe0821804), subreason (null)(0x0)
 1/19/2017  0:46:59.989 __WiFiManagerDispatchDeviceAvailable: driver availability false

 1/19/2017  0:46:59.989 Unable to dispatch message to client MessagesViewServ (268435460)
 1/19/2017  0:46:59.989 WiFiAWDManagerSubmitMetric: metric container could not be generated for metric id <0x9000e>
 1/19/2017  0:46:59.992 __WiFiDeviceManagerAwdlAvailableCallback: AWDL availability changed to FALSE
 1/19/2017  0:46:59.994 WoW is Disabled, 0 WoW Clients
 1/19/2017  0:50:14.535 Received kIOMessageSystemWillPowerOn
 1/19/2017  0:50:14.584 System wake reason: AOP.ExternalReq menu
 1/19/2017  0:50:14.584 System Powered ON notification Re-enabling auto-join
 1/19/2017  0:50:14.584 __WiFiManagerSetEnableState: state TRUE, manager->enable.setting TRUE, manager->unlockedSinceBoot TRUE
 1/19/2017  0:50:14.584 Enabling automatic association
 1/19/2017  0:50:14.584 __WiFiDeviceManagerAutoAssociate: Already connected to DIGI-146A.
 1/19/2017  0:50:14.585 WiFiLocaleManagerCheckLocale: location service or wifi is off, set locale to default
 1/19/2017  0:50:14.585 new locale:  , locale: 
 1/19/2017  0:50:14.585 Power stats update: Type 0x5 UnassociatedSleepDur 0 AssociatedSleepDur 113494 TotalDur 194457 RoamDur 0
 1/19/2017  0:50:14.585 WiFiAWDManagerSubmitMetric: metric container could not be generated for metric id <0x90010>
 1/19/2017  0:50:14.588 __WiFiLQAMgrLogStats: Rssi: -69 Cca: 47 TxPer: 0.0% (1) BcnPer: 0.0% (0) RxFrms 113 TxRate: 52000 RxRate: 1000
 1/19/2017  0:50:14.589 Device display is ON
 1/19/2017  0:50:14.589 __WiFiManagerSetEnableState: state TRUE, manager->enable.setting TRUE, manager->unlockedSinceBoot TRUE
 1/19/2017  0:50:14.589 __WiFiDeviceManagerAutoAssociate: Already connected to DIGI-146A.
 1/19/2017  0:50:14.589 __WiFiDeviceCopyLinkChangedSubReasonString: Apple80211ReturnToString failed 1
 1/19/2017  0:50:14.590 __WiFiDeviceProcessDriverAvailableEvent: driver availability true, reason Initializing(0xe0821803), subreason (null)(0x0)
 1/19/2017  0:50:14.590 __WiFiManagerDispatchDeviceAvailable: driver availability true

 1/19/2017  0:50:14.591 Unable to dispatch message to client MessagesViewServ (268435460)
 1/19/2017  0:50:14.591 __WiFiDeviceManagerAutoAssociate: Already connected to DIGI-146A.
 1/19/2017  0:50:14.591 WiFiAWDManagerSubmitMetric: metric container could not be generated for metric id <0x9000e>
 1/19/2017  0:50:14.594 __WiFiDeviceManagerAwdlAvailableCallback: AWDL availability changed to TRUE
 1/19/2017  0:50:14.594 __WiFiDeviceManagerAutoAssociate: Already connected to DIGI-146A.
 1/19/2017  0:50:14.595 No Change in Background Scan Networks, Skip Re-Programming Background Scan

 1/19/2017  0:50:14.713 __WiFiManagerCellularTransmitCallback_block_invoke: Cellular Transmit Started = FALSE
 1/19/2017  0:50:14.742 WoW is Disabled, 0 WoW Clients
 1/19/2017  0:50:18.017 Device display is OFF
 1/19/2017  0:50:22.042 WiFiLocaleManagerCheckLocale: location service or wifi is off, set locale to default
 1/19/2017  0:50:22.042 new locale:  , locale: 
 1/19/2017  0:50:23.519 Received kIOMessageSystemWillSleep
 1/19/2017  0:50:23.519 System Sleep notification, Disabling auto-join
 1/19/2017  0:50:23.519 __WiFiManagerSetEnableState: state FALSE, manager->enable.setting TRUE, manager->unlockedSinceBoot TRUE
 1/19/2017  0:50:23.519 Disabling automatic association
 1/19/2017  0:50:23.565 WoW is Disabled, 0 WoW Clients
 1/19/2017  0:50:23.639 __WiFiDeviceManagerAwdlAvailableCallback: AWDL availability changed to FALSE
 1/19/2017  0:50:23.640 __WiFiDeviceCopyLinkChangedSubReasonString: Apple80211ReturnToString failed 1
 1/19/2017  0:50:23.640 __WiFiDeviceProcessDriverAvailableEvent: driver availability false, reason PowerOff(0xe0821804), subreason (null)(0x0)
 1/19/2017  0:50:23.640 __WiFiManagerDispatchDeviceAvailable: driver availability false

 1/19/2017  0:50:23.641 Unable to dispatch message to client MessagesViewServ (268435460)
 1/19/2017  0:50:23.645 WiFiAWDManagerSubmitMetric: metric container could not be generated for metric id <0x9000e>
 1/19/2017  0:50:23.653 WoW is Disabled, 0 WoW Clients
 1/19/2017  0:55:24.856 Received kIOMessageSystemWillPowerOn
 1/19/2017  0:55:24.856 System wake reason: AOP.ExternalReq wlan
 1/19/2017  0:55:24.856 System Powered ON notification Re-enabling auto-join
 1/19/2017  0:55:24.856 __WiFiManagerSetEnableState: state TRUE, manager->enable.setting TRUE, manager->unlockedSinceBoot TRUE
 1/19/2017  0:55:24.856 Enabling automatic association
 1/19/2017  0:55:24.857 __WiFiDeviceManagerAutoAssociate: Already connected to DIGI-146A.
 1/19/2017  0:55:24.860 WiFiLocaleManagerCheckLocale: location service or wifi is off, set locale to default
 1/19/2017  0:55:24.860 new locale:  , locale: 
 1/19/2017  0:55:24.863 __WiFiDeviceProcessDumpLogsEvent: Dump logs event received, dumped wifid log buffer to file
