 1/07/2017  0:55:39.124 Power stats update: Type 0x5 UnassociatedSleepDur 0 AssociatedSleepDur 175570 TotalDur 301116 RoamDur 0
 1/07/2017  0:55:39.124 WiFiAWDManagerSubmitMetric: metric container could not be generated for metric id <0x90010>
 1/07/2017  0:55:39.124 __WiFiLQAMgrLogStats: Rssi: -66 Cca: 27 TxPer: 0.0% (0) BcnPer: 0.0% (0) RxFrms 0 TxRate: 0 RxRate: 0
 1/07/2017  0:55:39.128 __WiFiDeviceCopyLinkChangedSubReasonString: Apple80211ReturnToString failed 1
 1/07/2017  0:55:39.128 __WiFiDeviceProcessDriverAvailableEvent: driver availability true, reason Initializing(0xe0821803), subreason (null)(0x0)
 1/07/2017  0:55:39.128 __WiFiManagerDispatchDeviceAvailable: driver availability true

 1/07/2017  0:55:39.131 __WiFiDeviceManagerAutoAssociate: Already connected to DIGI-146A.
 1/07/2017  0:55:39.131 WiFiAWDManagerSubmitMetric: metric container could not be generated for metric id <0x9000e>
 1/07/2017  0:55:39.135 __WiFiDeviceManagerAutoAssociate: Already connected to DIGI-146A.
 1/07/2017  0:55:39.138 No Change in Background Scan Networks, Skip Re-Programming Background Scan

 1/07/2017  0:55:39.167 __WiFiDeviceManagerBlackListNetworkCallback: Processing BlackList Network Event
 1/07/2017  0:55:39.167 __WiFiDeviceManagerBlackListNetworkCallback: Blacklisting DIGI-146A for Background Scan
 1/07/2017  0:55:39.170 __CreateBGScanRequest Hotspot Orange Mobile Wi-Fi added to BGScan List 
 1/07/2017  0:55:39.170 Preparing background scan request for "UPC5493113" "TP-LINK_Extender_2.4GHz" "UPC2300204" "PRECIS" "eduroam" "G3_7030" "eg304" "eMAG" "Orange Mobile Wi-Fi" Background Scan Caching is Disabled
 1/07/2017  0:55:39.227 __WiFiManagerCellularTransmitCallback_block_invoke: Cellular Transmit Started = FALSE
 1/07/2017  0:55:39.228 __WiFiDeviceCheckForIPRenewalWakeupSupport: State:/Network/Interface/en0/ActiveDuringSleepSupported = FALSE
 1/07/2017  0:55:39.280 WoW is Disabled, 0 WoW Clients
 1/07/2017  0:55:44.216 Client apsd set type to normal application
 1/07/2017  0:55:44.216 __WiFiManagerSetEnableState: state TRUE, manager->enable.setting TRUE, manager->unlockedSinceBoot TRUE
 1/07/2017  0:55:44.216 BG Application: Not Present, BG Daemon: Present. Daemons: mediaserverd 
 1/07/2017  0:55:44.258 Received kIOMessageSystemWillSleep
 1/07/2017  0:55:44.258 System Sleep notification, Disabling auto-join
 1/07/2017  0:55:44.258 __WiFiManagerSetEnableState: state FALSE, manager->enable.setting TRUE, manager->unlockedSinceBoot TRUE
 1/07/2017  0:55:44.258 Disabling automatic association
 1/07/2017  0:55:44.280 WoW is Disabled, 0 WoW Clients
 1/07/2017  0:55:44.355 __WiFiDeviceCopyLinkChangedSubReasonString: Apple80211ReturnToString failed 1
 1/07/2017  0:55:44.355 __WiFiDeviceProcessDriverAvailableEvent: driver availability false, reason PowerOff(0xe0821804), subreason (null)(0x0)
 1/07/2017  0:55:44.355 __WiFiManagerDispatchDeviceAvailable: driver availability false

 1/07/2017  0:55:44.356 WiFiAWDManagerSubmitMetric: metric container could not be generated for metric id <0x9000e>
 1/07/2017  0:55:44.356 __WiFiDeviceProcessLinkEvent: isLinkDown 1
 1/07/2017  0:55:44.357 -[WiFiIDSSyncEngine currentNetworkChanged]: <0x16e12f000>, role 1, currentNetwork (null)
 1/07/2017  0:55:44.357 -[WiFiIDSSyncEngine currentNetworkChanged]: adjusted waitForReAssociationTimer <CFRunLoopTimer 0x14ce6ecf0 [0x1a0950150]>{valid = Yes, firing = No, interval = 819052854, tolerance = 0, next fire date = 505436174 (29.999952 @ 7737265439758), callout = (NSTimer) [WiFiIDSSyncEngine companionReAssociationWaitTimerFired:] (0x18292cfe0 / 0x1000e1010) (/usr/sbin/wifid), context = <CFRunLoopTimer context 0x14ce5c520>}
 1/07/2017  0:59:33.623 Total connection time to DIGI-146A 1060106.301473
 1/07/2017  0:59:33.671 WiFiDeviceManagerSetNetworks: Adding HS20 Account: 
Domain name orange.ro
3GPP MCC&MNC 226F10 
Friendly Operator Name Orange
 1/07/2017  0:59:33.671 __WiFiDeviceManagerPrepareHS20Queries: created queries <CFArray 0x14cee22f0 [0x1a0950150]>{type = mutable-small, count = 3, values = (
	0 : <CFNumber 0xb0000000000010c1 [0x1a0950150]>{value = +268, type = kCFNumberSInt16Type}
	1 : <CFNumber 0xb000000000001081 [0x1a0950150]>{value = +264, type = kCFNumberSInt16Type}
	2 : <CFNumber 0xb000000000000031 [0x1a0950150]>{value = +3, type = kCFNumberSInt16Type}
)}
 1/07/2017  0:59:33.672 Auto association attempt canceled because auto join is disabled.
 1/07/2017  0:59:33.673 No Change in Background Scan Networks, Skip Re-Programming Background Scan

 1/07/2017  0:59:33.673 Auto association attempt canceled because auto join is disabled.
 1/07/2017  0:59:33.674 __WiFiDeviceManagerSetInterfaceRank: setting interface rank kSCNetworkServicePrimaryRankDefault
 1/07/2017  0:59:33.674 WiFiDeviceRequestAssociatedSleep: ActiveDuringSleepRequested is already removed ((null)).
 1/07/2017  0:59:33.679 WiFiAWDManagerSubmitMetric: metric container could not be generated for metric id <0x90009>
 1/07/2017  0:59:33.679 Link went down: isInVoluntary 0, reason Unknown(4), subreason 0, rssi -64
 1/07/2017  0:59:33.679 __WiFiDeviceResetCCAHistory
 1/07/2017  0:59:33.679 __WiFiDeviceResetRssiHistory
 1/07/2017  0:59:33.681 __WiFiDeviceManagerAwdlAvailableCallback: AWDL availability changed to FALSE
 1/07/2017  0:59:33.683 Creating client for "configd"
 1/07/2017  0:59:33.704 __WiFiDeviceCopyLinkChangedSubReasonString: Apple80211ReturnToString failed 1
 1/07/2017  0:59:33.704 __WiFiDeviceProcessDriverAvailableEvent: driver availability true, reason Initializing(0xe0821803), subreason (null)(0x0)
 1/07/2017  0:59:33.704 __WiFiManagerDispatchDeviceAvailable: driver availability true

 1/07/2017  0:59:33.707 Auto association attempt canceled because auto join is disabled.
 1/07/2017  0:59:33.707 WiFiAWDManagerSubmitMetric: metric container could not be generated for metric id <0x9000e>
 1/07/2017  0:59:33.707 Received kIOMessageSystemWillPowerOn
 1/07/2017  0:59:33.707 System wake reason: AOP.ExternalReq baseband
 1/07/2017  0:59:33.707 System Powered ON notification Re-enabling auto-join
 1/07/2017  0:59:33.708 __WiFiManagerSetEnableState: state TRUE, manager->enable.setting TRUE, manager->unlockedSinceBoot TRUE
 1/07/2017  0:59:33.708 Enabling automatic association
 1/07/2017  0:59:33.708 __WiFiDeviceManagerStateMachineRun: current state: Idle
 1/07/2017  0:59:33.708 Attempting multi-stage auto join mStageAutoJoinAttempts=0
 1/07/2017  0:59:33.708 Starting multi-stage auto join sequence
 1/07/2017  0:59:33.708 multi-stage auto-join: Scanning for previous network DIGI-146A on channel 1
 1/07/2017  0:59:33.709 Performing auto-join broadcast scan with a modified dwell time of 110ms on channels: 1 
 1/07/2017  0:59:33.709 Enqueuing command type: "Scan" pending commands: 0
 1/07/2017  0:59:33.709 WiFiLocaleManagerCheckLocale: location service or wifi is off, set locale to default
 1/07/2017  0:59:33.709 new locale:  , locale: 
 1/07/2017  0:59:33.709 Dequeuing command type: "Scan" pending commands: 0
 1/07/2017  0:59:33.709 Attempting Apple80211ScanAsync on en0
 1/07/2017  0:59:33.752 Auto association attempt canceled because auto join state is Scanning Previous Network Channel.
 1/07/2017  0:59:33.753 No Change in Background Scan Networks, Skip Re-Programming Background Scan

 1/07/2017  0:59:33.756 __WiFiManagerCellularTransmitCallback_block_invoke: Cellular Transmit Started = TRUE
 1/07/2017  0:59:33.770 WiFiDeviceManagerSetNetworks: Adding HS20 Account: 
Domain name orange.ro
3GPP MCC&MNC 226F10 
Friendly Operator Name Orange
 1/07/2017  0:59:33.770 __WiFiDeviceManagerPrepareHS20Queries: created queries <CFArray 0x14ce7ab10 [0x1a0950150]>{type = mutable-small, count = 3, values = (
	0 : <CFNumber 0xb0000000000010c1 [0x1a0950150]>{value = +268, type = kCFNumberSInt16Type}
	1 : <CFNumber 0xb000000000001081 [0x1a0950150]>{value = +264, type = kCFNumberSInt16Type}
	2 : <CFNumber 0xb000000000000031 [0x1a0950150]>{value = +3, type = kCFNumberSInt16Type}
)}
 1/07/2017  0:59:33.770 Auto association attempt canceled because auto join state is Scanning Previous Network Channel.
 1/07/2017  0:59:33.772 No Change in Background Scan Networks, Skip Re-Programming Background Scan

 1/07/2017  0:59:33.988 Completed Apple80211ScanAsync on en0 (0x0)
 1/07/2017  0:59:34.008 Auto join scan completed (0) with current state: Scanning Previous Network Channel
 1/07/2017  0:59:34.008 __WiFiDeviceManagerStateMachineRun: current state: Scanning Previous Network Channel
 1/07/2017  0:59:34.009 Scanning Previous Network Channel found: DIGI-146A, Telekom Fon, Clicknet-BE14
 1/07/2017  0:59:34.009 Attempting auto-join for networks in following order: DIGI-146A(W)
 1/07/2017  0:59:34.009 Autojoin is processing network 1 of 1 candidates
 1/07/2017  0:59:34.009 Attempting auto join association of DIGI-146A
 1/07/2017  0:59:34.046 Enqueuing command type: "Association" pending commands: 1
 1/07/2017  0:59:34.046 Dequeuing command type: "Association" pending commands: 0
 1/07/2017  0:59:34.046 Attempting Apple80211AssociateAsync
 1/07/2017  0:59:34.067 Attempting to join WPA network: DIGI-146A
 1/07/2017  0:59:34.202 MIS state is Disabled
 1/07/2017  0:59:34.202 MIS state queried by "locationd" is Disable
 1/07/2017  0:59:34.203 MIS state is Disabled
 1/07/2017  0:59:34.203 MIS state queried by "MobileMail" is Disable
 1/07/2017  0:59:34.204 MIS state is Disabled
 1/07/2017  0:59:34.204 MIS state queried by "mediaserverd" is Disable
 1/07/2017  0:59:34.204 MIS state is Disabled
 1/07/2017  0:59:34.204 MIS state queried by "SpringBoard" is Disable
 1/07/2017  0:59:34.204 MIS state is Disabled
 1/07/2017  0:59:34.204 MIS state queried by "UserEventAgent" is Disable
 1/07/2017  0:59:34.204 MIS state is Disabled
 1/07/2017  0:59:34.205 MIS state queried by "identityservices" is Disable
 1/07/2017  0:59:34.205 MIS state is Disabled
 1/07/2017  0:59:34.205 MIS state queried by "imagent" is Disable
 1/07/2017  0:59:34.205 MIS state is Disabled
 1/07/2017  0:59:34.205 MIS state queried by "apsd" is Disable
 1/07/2017  0:59:34.209 MIS state is Disabled
 1/07/2017  0:59:34.232 MIS state queried by "InCallService" is Disable
 1/07/2017  0:59:34.261 __WiFiDeviceProcessLinkEvent: isLinkDown 0
 1/07/2017  0:59:34.277 __WiFiDeviceManagerSetInterfaceRank: setting interface rank kSCNetworkServicePrimaryRankDefault
 1/07/2017  0:59:34.278 __WiFiDeviceManagerEvaluateAPEnvironment: Getting AP environment for DIGI-146A. Learning period 259200 secs Expiry period 2592000 secs
 1/07/2017  0:59:34.278 __WiFiDeviceManagerEvaluateAPEnvironment: AP environment is 2 for DIGI-146A(4:bd:70:a4:e3:8)
 1/07/2017  0:59:34.278 WiFiDeviceSetRoamParams: setting roam profile to type 1
 1/07/2017  0:59:34.278 __WiFiDeviceManagerEvaluateAPEnvironment: Getting AP environment for DIGI-146A. Learning period 259200 secs Expiry period 2592000 secs
 1/07/2017  0:59:34.279 __WiFiDeviceManagerEvaluateAPEnvironment: AP environment is 2 for DIGI-146A(4:bd:70:a4:e3:8)
 1/07/2017  0:59:34.279 __WiFiLQAMgrSetCurrentNetwork: SSID: DIGI-146A BSSID: 4:bd:70:a4:e3:8 RSSI: -67 ApEnv: 2
 1/07/2017  0:59:34.282 WiFiDeviceRequestAssociatedSleep: ActiveDuringSleepRequested is already removed ((null)).
 1/07/2017  0:59:34.282 __WiFiDeviceResetCCAHistory
 1/07/2017  0:59:34.282 __WiFiDeviceResetRssiHistory
 1/07/2017  0:59:34.282 __WiFiLQAMgrLogStats: Rssi: -67 Cca: 0 TxPer: 0.0% (0) BcnPer: 0.0% (0) RxFrms 0 TxRate: 0 RxRate: 0
 1/07/2017  0:59:34.284 __WiFiDeviceProcessLinkEvent: Initializing lqm value: rawRssi -67, scaledRssi 0.721803, noise 0, snr 24
 1/07/2017  0:59:34.285 __WiFiMetricsManagerPrepareLinkChangeNetworkParams: OUI:04:bd:70 Channel:1(20MHz) Flags:0x8 PhyMode:0x10 Security:0x2 WPA:[Prot:0x2 McastCipher:0x4 UcastCipher:0xc AKM:0x2 Caps:0x0] HT:[Info:0x19fc AMPDU:0x1b TXBF:0x0 Ext:0x0 ASEL:0x0] VHT:[Info:0x0]
 1/07/2017  0:59:34.286 WiFiAWDManagerSubmitMetric: metric container could not be generated for metric id <0x90009>
 1/07/2017  0:59:34.487 Completed Apple80211AssociateAsync (0 - 0x0)
 1/07/2017  0:59:34.487 Joined: DIGI-146A
 1/07/2017  0:59:34.487 Auto join association completed (0) with current state: Associating
 1/07/2017  0:59:34.487 __WiFiDeviceManagerStateMachineRun: current state: Associating
 1/07/2017  0:59:34.487 __WiFiDeviceManagerProcessAssociationResult: current state: Associating
 1/07/2017  0:59:34.488 WiFiNetworkSetKnownBssUsageData: BSS updated - current BSS: 4:bd:70:a4:e3:8 (1)
 1/07/2017  0:59:34.488 Removing problematic state for DIGI-146A, reason N/A reasonData=0
 1/07/2017  0:59:34.489 problematic networks =  and potentially problematic networks = 
 1/07/2017  0:59:34.490 No Change in Background Scan Networks, Skip Re-Programming Background Scan

 1/07/2017  0:59:34.490 __WiFiManagerDidAssociateCallback: network DIGI-146A, requestedInformation <CFBasicHash 0x14ceef100 [0x1a0950150]>{type = mutable dict, count = 1,
entries =>
	2 : <CFString 0x10017e160 [0x1a0950150]>{contents = "reason"} = <CFString 0x100185180 [0x1a0950150]>{contents = "Associating"}
}

 1/07/2017  0:59:34.522 WiFiDeviceManagerSetNetworks: Adding HS20 Account: 
Domain name orange.ro
3GPP MCC&MNC 226F10 
Friendly Operator Name Orange
 1/07/2017  0:59:34.522 __WiFiDeviceManagerPrepareHS20Queries: created queries <CFArray 0x14cee22f0 [0x1a0950150]>{type = mutable-small, count = 3, values = (
	0 : <CFNumber 0xb0000000000010c1 [0x1a0950150]>{value = +268, type = kCFNumberSInt16Type}
	1 : <CFNumber 0xb000000000001081 [0x1a0950150]>{value = +264, type = kCFNumberSInt16Type}
	2 : <CFNumber 0xb000000000000031 [0x1a0950150]>{value = +3, type = kCFNumberSInt16Type}
)}
 1/07/2017  0:59:34.523 Auto association attempt canceled because auto join state is Associating.
 1/07/2017  0:59:34.525 No Change in Background Scan Networks, Skip Re-Programming Background Scan

 1/07/2017  0:59:34.533 configd requesting removal of BGScan networks
 1/07/2017  0:59:34.534 No Change in Background Scan Networks, Skip Re-Programming Background Scan

 1/07/2017  0:59:34.534 __WiFiManagerSetEnableState: state TRUE, manager->enable.setting TRUE, manager->unlockedSinceBoot TRUE
 1/07/2017  0:59:34.534 Removing client for "configd"
 1/07/2017  0:59:34.537 __WiFiDeviceManagerAwdlAvailableCallback: AWDL availability changed to TRUE
 1/07/2017  0:59:34.537 IPV4 State change for en0
 1/07/2017  0:59:34.540 IPV6 State change for en0
 1/07/2017  0:59:34.542 IPv4 Primary interface is pdp_ip0 and IPv6 Primary Interface is (null)
 1/07/2017  0:59:34.543 IPv4 Primary interface is pdp_ip0 and IPv6 Primary Interface is (null)
 1/07/2017  0:59:34.547 Creating client for "configd"
 1/07/2017  0:59:34.561 MIS state is Disabled
 1/07/2017  0:59:34.561 MIS state queried by "nanoregistryd" is Disable
 1/07/2017  0:59:34.600 WiFiDeviceManagerSetNetworks: Adding HS20 Account: 
Domain name orange.ro
3GPP MCC&MNC 226F10 
Friendly Operator Name Orange
 1/07/2017  0:59:34.601 __WiFiDeviceManagerPrepareHS20Queries: created queries <CFArray 0x14ce87460 [0x1a0950150]>{type = mutable-small, count = 3, values = (
	0 : <CFNumber 0xb0000000000010c1 [0x1a0950150]>{value = +268, type = kCFNumberSInt16Type}
	1 : <CFNumber 0xb000000000001081 [0x1a0950150]>{value = +264, type = kCFNumberSInt16Type}
	2 : <CFNumber 0xb000000000000031 [0x1a0950150]>{value = +3, type = kCFNumberSInt16Type}
)}
 1/07/2017  0:59:34.602 __WiFiDeviceManagerAutoAssociate: Already connected to DIGI-146A.
 1/07/2017  0:59:34.604 No Change in Background Scan Networks, Skip Re-Programming Background Scan

 1/07/2017  0:59:34.624 MIS state is Disabled
 1/07/2017  0:59:34.624 MIS state queried by "MobileMail" is Disable
 1/07/2017  0:59:34.624 MIS state is Disabled
 1/07/2017  0:59:34.624 MIS state queried by "mediaserverd" is Disable
 1/07/2017  0:59:34.631 MIS state is Disabled
 1/07/2017  0:59:34.631 MIS state queried by "SpringBoard" is Disable
 1/07/2017  0:59:34.633 WoW is Disabled, 0 WoW Clients
 1/07/2017  0:59:34.639 MIS state is Disabled
 1/07/2017  0:59:34.639 MIS state queried by "UserEventAgent" is Disable
 1/07/2017  0:59:34.640 MIS state is Disabled
 1/07/2017  0:59:34.640 MIS state queried by "identityservices" is Disable
 1/07/2017  0:59:34.641 MIS state is Disabled
 1/07/2017  0:59:34.641 MIS state queried by "imagent" is Disable
 1/07/2017  0:59:34.642 MIS state is Disabled
 1/07/2017  0:59:34.642 MIS state queried by "apsd" is Disable
 1/07/2017  0:59:34.643 MIS state is Disabled
 1/07/2017  0:59:34.644 MIS state queried by "InCallService" is Disable
 1/07/2017  0:59:34.647 MIS state is Disabled
 1/07/2017  0:59:34.647 MIS state queried by "locationd" is Disable
 1/07/2017  0:59:34.778 configd requesting removal of BGScan networks
 1/07/2017  0:59:34.778 No Change in Background Scan Networks, Skip Re-Programming Background Scan

 1/07/2017  0:59:34.778 __WiFiManagerSetEnableState: state TRUE, manager->enable.setting TRUE, manager->unlockedSinceBoot TRUE
 1/07/2017  0:59:34.778 Removing client for "configd"
 1/07/2017  0:59:34.779 IPV4 State change for en0
 1/07/2017  0:59:34.779 IP Address: 192.168.100.8
 1/07/2017  0:59:34.779 Router IP Address: 192.168.100.1
 1/07/2017  0:59:34.779 __WiFiDeviceCheckForIPV4ParamsChange: Setting power mode to kA11PowerProfileDefault
 1/07/2017  0:59:34.779 __WiFiManagerIPv4Callback: <en0> [DIGI-146A                               : isHidden=0, isEAP=0, isWPA=1, isWEP=0, type=0] isMainIf? 1, isRoutable? 1
 1/07/2017  0:59:34.779 -[WiFiIDSSyncEngine currentNetworkChanged]: <0x16e12f000>, role 1, currentNetwork DIGI-146A                               : isHidden=0, isEAP=0, isWPA=1, isWEP=0, type=0
 1/07/2017  0:59:34.779 -[WiFiIDSSyncEngine currentNetworkChanged]: reset waitForReAssociationTimer <CFRunLoopTimer 0x14ce6ecf0 [0x1a0950150]>{valid = Yes, firing = No, interval = 819052854, tolerance = 0, next fire date = 1.32623275e+09 (820796375 @ 12125606145386167), callout = (NSTimer) [WiFiIDSSyncEngine companionReAssociationWaitTimerFired:] (0x18292cfe0 / 0x1000e1010) (/usr/sbin/wifid), context = <CFRunLoopTimer context 0x14ce5c520>}
 1/07/2017  0:59:34.779 -[WiFiIDSSyncEngine sendCurrentCompanionNetwork]: autojoinAssistDict {
    "SSID_STR" = "DIGI-146A";
}
 1/07/2017  0:59:34.780 -[WiFiIDSSyncEngine sendToGizmoOfDataType:]: <0x16e247000> ID:(null), data type 1
 1/07/2017  0:59:34.780 WiFiLQAMgrSetRouterIpv4Addr: Router IP Address: 192.168.100.1 
 1/07/2017  0:59:34.780 __WiFiDeviceCheckForIPV4ParamsChange: configMethod DHCP, leaseExpiryDuration 4320 mins
 1/07/2017  0:59:34.781 WiFiAWDManagerSubmitMetric: metric container could not be generated for metric id <0x90007>
 1/07/2017  0:59:34.781 Router MAC Address: 04:bd:70:a4:e3:00
 1/07/2017  0:59:34.787 IPV6 State change for en0
 1/07/2017  0:59:34.787 IP Address: 2a02:2f0a:c0a0:1194:cbb:e363:f042:8243
 1/07/2017  0:59:34.787 IP Address: 2a02:2f0a:c0a0:1194:f899:f7da:12e8:92b7
 1/07/2017  0:59:34.788 IPv4 Primary interface is pdp_ip0 and IPv6 Primary Interface is (null)
 1/07/2017  0:59:34.814 IPv4 Primary interface is en0 and IPv6 Primary Interface is en0
 1/07/2017  0:59:34.814 IPv4 Primary interface is en0 and IPv6 Primary Interface is en0
 1/07/2017  0:59:34.835 MIS state is Disabled
 1/07/2017  0:59:34.835 MIS state queried by "nanoregistryd" is Disable
 1/07/2017  0:59:34.843 WoW is Disabled, 0 WoW Clients
 1/07/2017  0:59:34.848 WoW is Disabled, 0 WoW Clients
 1/07/2017  0:59:34.850 WoW is Disabled, 0 WoW Clients
 1/07/2017  0:59:34.932 WiFiLocaleManagerCheckLocale: location service or wifi is off, set locale to default
 1/07/2017  0:59:34.932 new locale:  , locale: 
 1/07/2017  0:59:40.505 __WiFiManagerCellularTransmitCallback_block_invoke: Cellular Transmit Started = FALSE
 1/07/2017  0:59:45.484 IPv4 Primary interface is en0 and IPv6 Primary Interface is en0
 1/07/2017  0:59:45.485 IPv4 Primary interface is en0 and IPv6 Primary Interface is en0
 1/07/2017  0:59:48.011 scanCache: Purging scan cache
 1/07/2017  0:59:49.727 Received kIOMessageSystemWillSleep
 1/07/2017  0:59:49.727 System Sleep notification, Disabling auto-join
 1/07/2017  0:59:49.727 __WiFiManagerSetEnableState: state FALSE, manager->enable.setting TRUE, manager->unlockedSinceBoot TRUE
 1/07/2017  0:59:49.727 Disabling automatic association
 1/07/2017  0:59:49.745 WoW is Disabled, 0 WoW Clients
 1/07/2017  0:59:49.906 __WiFiDeviceCopyLinkChangedSubReasonString: Apple80211ReturnToString failed 1
 1/07/2017  0:59:49.906 __WiFiDeviceProcessDriverAvailableEvent: driver availability false, reason PowerOff(0xe0821804), subreason (null)(0x0)
 1/07/2017  0:59:49.906 __WiFiManagerDispatchDeviceAvailable: driver availability false

 1/07/2017  0:59:49.907 WiFiAWDManagerSubmitMetric: metric container could not be generated for metric id <0x9000e>
 1/07/2017  0:59:49.910 __WiFiDeviceManagerAwdlAvailableCallback: AWDL availability changed to FALSE
 1/07/2017  0:59:49.910 __WiFiDeviceProcessLinkEvent: isLinkDown 1
 1/07/2017  0:59:49.911 -[WiFiIDSSyncEngine currentNetworkChanged]: <0x16e12f000>, role 1, currentNetwork (null)
 1/07/2017  0:59:49.911 -[WiFiIDSSyncEngine currentNetworkChanged]: adjusted waitForReAssociationTimer <CFRunLoopTimer 0x14ce6ecf0 [0x1a0950150]>{valid = Yes, firing = No, interval = 819052854, tolerance = 0, next fire date = 505436420 (29.999966 @ 7737660545391), callout = (NSTimer) [WiFiIDSSyncEngine companionReAssociationWaitTimerFired:] (0x18292cfe0 / 0x1000e1010) (/usr/sbin/wifid), context = <CFRunLoopTimer context 0x14ce5c520>}
 1/07/2017  1:04:20.009 Total connection time to DIGI-146A 1060391.822405
 1/07/2017  1:04:20.084 WiFiDeviceManagerSetNetworks: Adding HS20 Account: 
Domain name orange.ro
3GPP MCC&MNC 226F10 
Friendly Operator Name Orange
 1/07/2017  1:04:20.086 __WiFiDeviceManagerPrepareHS20Queries: created queries <CFArray 0x14cf1c420 [0x1a0950150]>{type = mutable-small, count = 3, values = (
	0 : <CFNumber 0xb0000000000010c1 [0x1a0950150]>{value = +268, type = kCFNumberSInt16Type}
	1 : <CFNumber 0xb000000000001081 [0x1a0950150]>{value = +264, type = kCFNumberSInt16Type}
	2 : <CFNumber 0xb000000000000031 [0x1a0950150]>{value = +3, type = kCFNumberSInt16Type}
)}
 1/07/2017  1:04:20.087 Auto association attempt canceled because auto join is disabled.
 1/07/2017  1:04:20.088 No Change in Background Scan Networks, Skip Re-Programming Background Scan

 1/07/2017  1:04:20.089 Auto association attempt canceled because auto join is disabled.
 1/07/2017  1:04:20.089 __WiFiDeviceManagerSetInterfaceRank: setting interface rank kSCNetworkServicePrimaryRankDefault
 1/07/2017  1:04:20.090 WiFiDeviceRequestAssociatedSleep: ActiveDuringSleepRequested is already removed ((null)).
 1/07/2017  1:04:20.096 WiFiAWDManagerSubmitMetric: metric container could not be generated for metric id <0x90009>
 1/07/2017  1:04:20.097 Link went down: isInVoluntary 0, reason Unknown(4), subreason 0, rssi -72
 1/07/2017  1:04:20.097 __WiFiDeviceResetCCAHistory
 1/07/2017  1:04:20.097 __WiFiDeviceResetRssiHistory
 1/07/2017  1:04:20.104 __WiFiDeviceCopyLinkChangedSubReasonString: Apple80211ReturnToString failed 1
 1/07/2017  1:04:20.104 __WiFiDeviceProcessDriverAvailableEvent: driver availability true, reason Initializing(0xe0821803), subreason (null)(0x0)
 1/07/2017  1:04:20.104 __WiFiManagerDispatchDeviceAvailable: driver availability true

 1/07/2017  1:04:20.106 Auto association attempt canceled because auto join is disabled.
 1/07/2017  1:04:20.106 WiFiAWDManagerSubmitMetric: metric container could not be generated for metric id <0x9000e>
 1/07/2017  1:04:20.107 Auto association attempt canceled because auto join is disabled.
 1/07/2017  1:04:20.108 No Change in Background Scan Networks, Skip Re-Programming Background Scan

 1/07/2017  1:04:20.125 Creating client for "configd"
 1/07/2017  1:04:20.129 __WiFiManagerCellularTransmitCallback_block_invoke: Cellular Transmit Started = FALSE
 1/07/2017  1:04:20.136 Received kIOMessageSystemWillPowerOn
 1/07/2017  1:04:20.136 System wake reason: AOP.ExternalReq rtc
 1/07/2017  1:04:20.136 System Powered ON notification Re-enabling auto-join
 1/07/2017  1:04:20.137 __WiFiManagerSetEnableState: state TRUE, manager->enable.setting TRUE, manager->unlockedSinceBoot TRUE
 1/07/2017  1:04:20.137 Enabling automatic association
 1/07/2017  1:04:20.137 __WiFiDeviceManagerStateMachineRun: current state: Idle
 1/07/2017  1:04:20.137 Attempting multi-stage auto join mStageAutoJoinAttempts=0
 1/07/2017  1:04:20.137 Starting multi-stage auto join sequence
 1/07/2017  1:04:20.137 multi-stage auto-join: Scanning for previous network DIGI-146A on channel 1
 1/07/2017  1:04:20.137 Performing auto-join broadcast scan with a modified dwell time of 110ms on channels: 1 
 1/07/2017  1:04:20.138 Enqueuing command type: "Scan" pending commands: 0
 1/07/2017  1:04:20.138 WiFiLocaleManagerCheckLocale: location service or wifi is off, set locale to default
 1/07/2017  1:04:20.138 new locale:  , locale: 
 1/07/2017  1:04:20.138 Dequeuing command type: "Scan" pending commands: 0
 1/07/2017  1:04:20.138 Attempting Apple80211ScanAsync on en0
 1/07/2017  1:04:20.184 WiFiDeviceManagerSetNetworks: Adding HS20 Account: 
Domain name orange.ro
3GPP MCC&MNC 226F10 
Friendly Operator Name Orange
 1/07/2017  1:04:20.185 __WiFiDeviceManagerPrepareHS20Queries: created queries <CFArray 0x14ceecbb0 [0x1a0950150]>{type = mutable-small, count = 3, values = (
	0 : <CFNumber 0xb0000000000010c1 [0x1a0950150]>{value = +268, type = kCFNumberSInt16Type}
	1 : <CFNumber 0xb000000000001081 [0x1a0950150]>{value = +264, type = kCFNumberSInt16Type}
	2 : <CFNumber 0xb000000000000031 [0x1a0950150]>{value = +3, type = kCFNumberSInt16Type}
)}
 1/07/2017  1:04:20.185 Auto association attempt canceled because auto join state is Scanning Previous Network Channel.
 1/07/2017  1:04:20.186 No Change in Background Scan Networks, Skip Re-Programming Background Scan

 1/07/2017  1:04:20.232 MIS state is Disabled
 1/07/2017  1:04:20.232 MIS state queried by "SpringBoard" is Disable
 1/07/2017  1:04:20.233 MIS state is Disabled
 1/07/2017  1:04:20.233 MIS state queried by "UserEventAgent" is Disable
 1/07/2017  1:04:20.233 MIS state is Disabled
 1/07/2017  1:04:20.233 MIS state queried by "locationd" is Disable
 1/07/2017  1:04:20.233 MIS state is Disabled
 1/07/2017  1:04:20.233 MIS state queried by "identityservices" is Disable
 1/07/2017  1:04:20.233 MIS state is Disabled
 1/07/2017  1:04:20.233 MIS state queried by "imagent" is Disable
 1/07/2017  1:04:20.233 MIS state is Disabled
 1/07/2017  1:04:20.233 MIS state queried by "InCallService" is Disable
 1/07/2017  1:04:20.234 MIS state is Disabled
 1/07/2017  1:04:20.234 MIS state queried by "mediaserverd" is Disable
 1/07/2017  1:04:20.234 MIS state is Disabled
 1/07/2017  1:04:20.234 MIS state queried by "apsd" is Disable
 1/07/2017  1:04:20.235 MIS state is Disabled
 1/07/2017  1:04:20.235 MIS state queried by "MobileMail" is Disable
 1/07/2017  1:04:20.238 configd requesting removal of BGScan networks
 1/07/2017  1:04:20.239 No Change in Background Scan Networks, Skip Re-Programming Background Scan

 1/07/2017  1:04:20.239 __WiFiManagerSetEnableState: state TRUE, manager->enable.setting TRUE, manager->unlockedSinceBoot TRUE
 1/07/2017  1:04:20.239 Removing client for "configd"
 1/07/2017  1:04:20.263 __WiFiDeviceManagerAwdlAvailableCallback: AWDL availability changed to TRUE
 1/07/2017  1:04:20.450 Completed Apple80211ScanAsync on en0 (0x0)
 1/07/2017  1:04:20.478 Auto join scan completed (0) with current state: Scanning Previous Network Channel
 1/07/2017  1:04:20.479 __WiFiDeviceManagerStateMachineRun: current state: Scanning Previous Network Channel
 1/07/2017  1:04:20.479 Scanning Previous Network Channel found: Clicknet-BE14, DIGI-146A
 1/07/2017  1:04:20.488 Attempting auto-join for networks in following order: DIGI-146A(W)
 1/07/2017  1:04:20.489 Autojoin is processing network 1 of 1 candidates
 1/07/2017  1:04:20.489 Attempting auto join association of DIGI-146A
 1/07/2017  1:04:20.525 Enqueuing command type: "Association" pending commands: 1
 1/07/2017  1:04:20.525 Dequeuing command type: "Association" pending commands: 0
 1/07/2017  1:04:20.526 Attempting Apple80211AssociateAsync
 1/07/2017  1:04:20.529 Attempting to join WPA network: DIGI-146A
 1/07/2017  1:04:20.621 IPV4 State change for en0
 1/07/2017  1:04:20.637 IPV6 State change for en0
 1/07/2017  1:04:20.638 IPv4 Primary interface is pdp_ip0 and IPv6 Primary Interface is (null)
 1/07/2017  1:04:20.639 IPv4 Primary interface is pdp_ip0 and IPv6 Primary Interface is (null)
 1/07/2017  1:04:20.640 MIS state is Disabled
 1/07/2017  1:04:20.640 MIS state queried by "nanoregistryd" is Disable
 1/07/2017  1:04:20.665 __WiFiDeviceProcessLinkEvent: isLinkDown 0
 1/07/2017  1:04:20.680 __WiFiDeviceManagerSetInterfaceRank: setting interface rank kSCNetworkServicePrimaryRankDefault
 1/07/2017  1:04:20.680 __WiFiDeviceManagerEvaluateAPEnvironment: Getting AP environment for DIGI-146A. Learning period 259200 secs Expiry period 2592000 secs
 1/07/2017  1:04:20.681 __WiFiDeviceManagerEvaluateAPEnvironment: AP environment is 2 for DIGI-146A(4:bd:70:a4:e3:8)
 1/07/2017  1:04:20.681 WiFiDeviceSetRoamParams: setting roam profile to type 1
 1/07/2017  1:04:20.682 __WiFiDeviceManagerEvaluateAPEnvironment: Getting AP environment for DIGI-146A. Learning period 259200 secs Expiry period 2592000 secs
 1/07/2017  1:04:20.682 __WiFiDeviceManagerEvaluateAPEnvironment: AP environment is 2 for DIGI-146A(4:bd:70:a4:e3:8)
 1/07/2017  1:04:20.682 __WiFiLQAMgrSetCurrentNetwork: SSID: DIGI-146A BSSID: 4:bd:70:a4:e3:8 RSSI: -68 ApEnv: 2
 1/07/2017  1:04:20.689 WiFiDeviceRequestAssociatedSleep: ActiveDuringSleepRequested is already removed ((null)).
 1/07/2017  1:04:20.689 __WiFiDeviceResetCCAHistory
 1/07/2017  1:04:20.689 __WiFiDeviceResetRssiHistory
 1/07/2017  1:04:20.689 __WiFiLQAMgrLogStats: Rssi: -68 Cca: 0 TxPer: 0.0% (0) BcnPer: 0.0% (0) RxFrms 0 TxRate: 0 RxRate: 0
 1/07/2017  1:04:20.690 __WiFiDeviceProcessLinkEvent: Initializing lqm value: rawRssi -68, scaledRssi 0.704360, noise 0, snr 23
 1/07/2017  1:04:20.692 __WiFiMetricsManagerPrepareLinkChangeNetworkParams: OUI:04:bd:70 Channel:1(20MHz) Flags:0x8 PhyMode:0x10 Security:0x2 WPA:[Prot:0x2 McastCipher:0x4 UcastCipher:0xc AKM:0x2 Caps:0x0] HT:[Info:0x19fc AMPDU:0x1b TXBF:0x0 Ext:0x0 ASEL:0x0] VHT:[Info:0x0]
 1/07/2017  1:04:20.692 WiFiAWDManagerSubmitMetric: metric container could not be generated for metric id <0x90009>
 1/07/2017  1:04:20.694 Creating client for "configd"
 1/07/2017  1:04:20.716 Completed Apple80211AssociateAsync (0 - 0x0)
 1/07/2017  1:04:20.716 Joined: DIGI-146A
 1/07/2017  1:04:20.716 Auto join association completed (0) with current state: Associating
 1/07/2017  1:04:20.716 __WiFiDeviceManagerStateMachineRun: current state: Associating
 1/07/2017  1:04:20.716 __WiFiDeviceManagerProcessAssociationResult: current state: Associating
 1/07/2017  1:04:20.716 WiFiNetworkSetKnownBssUsageData: BSS updated - current BSS: 4:bd:70:a4:e3:8 (1)
 1/07/2017  1:04:20.716 Removing problematic state for DIGI-146A, reason N/A reasonData=0
 1/07/2017  1:04:20.716 problematic networks =  and potentially problematic networks = 
 1/07/2017  1:04:20.718 No Change in Background Scan Networks, Skip Re-Programming Background Scan

 1/07/2017  1:04:20.718 __WiFiManagerDidAssociateCallback: network DIGI-146A, requestedInformation <CFBasicHash 0x14cdae9a0 [0x1a0950150]>{type = mutable dict, count = 1,
entries =>
	2 : <CFString 0x10017e160 [0x1a0950150]>{contents = "reason"} = <CFString 0x100185180 [0x1a0950150]>{contents = "Associating"}
}

 1/07/2017  1:04:20.778 WiFiDeviceManagerSetNetworks: Adding HS20 Account: 
Domain name orange.ro
3GPP MCC&MNC 226F10 
Friendly Operator Name Orange
 1/07/2017  1:04:20.779 __WiFiDeviceManagerPrepareHS20Queries: created queries <CFArray 0x14ce7ba70 [0x1a0950150]>{type = mutable-small, count = 3, values = (
	0 : <CFNumber 0xb0000000000010c1 [0x1a0950150]>{value = +268, type = kCFNumberSInt16Type}
	1 : <CFNumber 0xb000000000001081 [0x1a0950150]>{value = +264, type = kCFNumberSInt16Type}
	2 : <CFNumber 0xb000000000000031 [0x1a0950150]>{value = +3, type = kCFNumberSInt16Type}
)}
 1/07/2017  1:04:20.779 Auto association attempt canceled because auto join state is Associating.
 1/07/2017  1:04:20.780 No Change in Background Scan Networks, Skip Re-Programming Background Scan

 1/07/2017  1:04:20.805 MIS state is Disabled
 1/07/2017  1:04:20.805 MIS state queried by "UserEventAgent" is Disable
 1/07/2017  1:04:20.807 MIS state is Disabled
 1/07/2017  1:04:20.807 MIS state queried by "SpringBoard" is Disable
 1/07/2017  1:04:20.807 MIS state is Disabled
 1/07/2017  1:04:20.807 MIS state queried by "identityservices" is Disable
 1/07/2017  1:04:20.807 MIS state is Disabled
 1/07/2017  1:04:20.807 MIS state queried by "MobileMail" is Disable
 1/07/2017  1:04:20.821 WiFiDeviceManagerSetNetworks: Adding HS20 Account: 
Domain name orange.ro
3GPP MCC&MNC 226F10 
Friendly Operator Name Orange
 1/07/2017  1:04:20.821 __WiFiDeviceManagerPrepareHS20Queries: created queries <CFArray 0x14ce7ba70 [0x1a0950150]>{type = mutable-small, count = 3, values = (
	0 : <CFNumber 0xb0000000000010c1 [0x1a0950150]>{value = +268, type = kCFNumberSInt16Type}
	1 : <CFNumber 0xb000000000001081 [0x1a0950150]>{value = +264, type = kCFNumberSInt16Type}
	2 : <CFNumber 0xb000000000000031 [0x1a0950150]>{value = +3, type = kCFNumberSInt16Type}
)}
 1/07/2017  1:04:20.824 __WiFiDeviceManagerAutoAssociate: Already connected to DIGI-146A.
 1/07/2017  1:04:20.825 No Change in Background Scan Networks, Skip Re-Programming Background Scan

 1/07/2017  1:04:20.831 MIS state is Disabled
 1/07/2017  1:04:20.831 MIS state queried by "mediaserverd" is Disable
 1/07/2017  1:04:20.831 MIS state is Disabled
 1/07/2017  1:04:20.831 MIS state queried by "imagent" is Disable
 1/07/2017  1:04:20.831 MIS state is Disabled
 1/07/2017  1:04:20.831 MIS state queried by "apsd" is Disable
 1/07/2017  1:04:20.831 MIS state is Disabled
 1/07/2017  1:04:20.831 MIS state queried by "InCallService" is Disable
 1/07/2017  1:04:20.832 MIS state is Disabled
 1/07/2017  1:04:20.832 MIS state queried by "locationd" is Disable
 1/07/2017  1:04:20.832 configd requesting removal of BGScan networks
 1/07/2017  1:04:20.833 No Change in Background Scan Networks, Skip Re-Programming Background Scan

 1/07/2017  1:04:20.834 __WiFiManagerSetEnableState: state TRUE, manager->enable.setting TRUE, manager->unlockedSinceBoot TRUE
 1/07/2017  1:04:20.834 Removing client for "configd"
 1/07/2017  1:04:20.837 WoW is Disabled, 0 WoW Clients
 1/07/2017  1:04:20.843 MIS state is Disabled
 1/07/2017  1:04:20.843 MIS state queried by "nanoregistryd" is Disable
 1/07/2017  1:04:20.904 IPV6 State change for en0
 1/07/2017  1:04:20.905 IP Address: 2a02:2f0a:c0a0:1194:cbb:e363:f042:8243
 1/07/2017  1:04:20.905 IP Address: 2a02:2f0a:c0a0:1194:f99a:9239:99b6:a7e4
 1/07/2017  1:04:20.922 IPv4 Primary interface is pdp_ip0 and IPv6 Primary Interface is (null)
 1/07/2017  1:04:20.934 WoW is Disabled, 0 WoW Clients
 1/07/2017  1:04:20.946 WoW is Disabled, 0 WoW Clients
 1/07/2017  1:04:20.954 WoW is Disabled, 0 WoW Clients
 1/07/2017  1:04:20.996 Client itunesstored set type to background application
 1/07/2017  1:04:20.996 __WiFiManagerSetEnableState: state TRUE, manager->enable.setting TRUE, manager->unlockedSinceBoot TRUE
 1/07/2017  1:04:20.996 BG Application: Not Present, BG Daemon: Present. Daemons: mediaserverd itunesstored 
 1/07/2017  1:04:20.996 __WiFiDeviceManagerAutoAssociate: Already connected to DIGI-146A.
 1/07/2017  1:04:21.088 __WiFiManagerCellularTransmitCallback_block_invoke: Cellular Transmit Started = TRUE
 1/07/2017  1:04:21.734 IPv4 Primary interface is pdp_ip0 and IPv6 Primary Interface is (null)
 1/07/2017  1:04:21.755 IPv4 Primary interface is (null) and IPv6 Primary Interface is en0
 1/07/2017  1:04:21.756 IPv4 Primary interface is (null) and IPv6 Primary Interface is en0
 1/07/2017  1:04:21.866 IPV4 State change for en0
 1/07/2017  1:04:21.869 IP Address: 192.168.100.8
 1/07/2017  1:04:21.869 Router IP Address: 192.168.100.1
 1/07/2017  1:04:21.869 __WiFiDeviceCheckForIPV4ParamsChange: Setting power mode to kA11PowerProfileDefault
 1/07/2017  1:04:21.870 __WiFiManagerIPv4Callback: <en0> [DIGI-146A                               : isHidden=0, isEAP=0, isWPA=1, isWEP=0, type=0] isMainIf? 1, isRoutable? 1
 1/07/2017  1:04:21.870 -[WiFiIDSSyncEngine currentNetworkChanged]: <0x16e12f000>, role 1, currentNetwork DIGI-146A                               : isHidden=0, isEAP=0, isWPA=1, isWEP=0, type=0
 1/07/2017  1:04:21.870 -[WiFiIDSSyncEngine currentNetworkChanged]: reset waitForReAssociationTimer <CFRunLoopTimer 0x14ce6ecf0 [0x1a0950150]>{valid = Yes, firing = No, interval = 819052854, tolerance = 0, next fire date = 1.32623332e+09 (820796662 @ 12125606557098339), callout = (NSTimer) [WiFiIDSSyncEngine companionReAssociationWaitTimerFired:] (0x18292cfe0 / 0x1000e1010) (/usr/sbin/wifid), context = <CFRunLoopTimer context 0x14ce5c520>}
 1/07/2017  1:04:21.871 -[WiFiIDSSyncEngine sendCurrentCompanionNetwork]: autojoinAssistDict {
    "SSID_STR" = "DIGI-146A";
}
 1/07/2017  1:04:21.871 WiFiLQAMgrSetRouterIpv4Addr: Router IP Address: 192.168.100.1 
 1/07/2017  1:04:21.871 -[WiFiIDSSyncEngine sendToGizmoOfDataType:]: <0x16e0a3000> ID:(null), data type 1
 1/07/2017  1:04:21.874 __WiFiDeviceCheckForIPV4ParamsChange: configMethod DHCP, leaseExpiryDuration 4320 mins
 1/07/2017  1:04:21.874 WiFiAWDManagerSubmitMetric: metric container could not be generated for metric id <0x90007>
 1/07/2017  1:04:21.874 Router MAC Address: 04:bd:70:a4:e3:00
 1/07/2017  1:04:21.897 IPv4 Primary interface is en0 and IPv6 Primary Interface is en0
 1/07/2017  1:04:21.899 IPv4 Primary interface is en0 and IPv6 Primary Interface is en0
 1/07/2017  1:04:22.258 Creating client for "CommCenter"
 1/07/2017  1:04:22.293 CommCenter requesting removal of BGScan networks
 1/07/2017  1:04:22.295 No Change in Background Scan Networks, Skip Re-Programming Background Scan

 1/07/2017  1:04:22.295 __WiFiManagerSetEnableState: state TRUE, manager->enable.setting TRUE, manager->unlockedSinceBoot TRUE
 1/07/2017  1:04:22.295 Removing client for "CommCenter"
 1/07/2017  1:04:27.253 Client itunesstored set type to normal application
 1/07/2017  1:04:27.253 __WiFiManagerSetEnableState: state TRUE, manager->enable.setting TRUE, manager->unlockedSinceBoot TRUE
 1/07/2017  1:04:27.253 BG Application: Not Present, BG Daemon: Present. Daemons: mediaserverd 
 1/07/2017  1:04:30.198 __WiFiManagerCellularTransmitCallback_block_invoke: Cellular Transmit Started = FALSE
 1/07/2017  1:04:30.681 __WiFiLQAMgrLogStats: Rssi: -61 Cca: 7 TxPer: 0.0% (1) BcnPer: 25.0% (4) RxFrms 13 TxRate: 72222 RxRate: 65000
 1/07/2017  1:04:34.483 scanCache: Purging scan cache
 1/07/2017  1:04:35.689 __WiFiLQAMgrLogStats: Rssi: -57 Cca: 7 TxPer: 0.0% (1) BcnPer: 2.4% (41) RxFrms 2 TxRate: 72222 RxRate: 1000
 1/07/2017  1:04:38.884 Received kIOMessageSystemWillSleep
 1/07/2017  1:04:38.884 System Sleep notification, Disabling auto-join
 1/07/2017  1:04:38.884 __WiFiManagerSetEnableState: state FALSE, manager->enable.setting TRUE, manager->unlockedSinceBoot TRUE
 1/07/2017  1:04:38.884 Disabling automatic association
 1/07/2017  1:04:38.943 WoW is Disabled, 0 WoW Clients
 1/07/2017  1:04:39.039 __WiFiDeviceCopyLinkChangedSubReasonString: Apple80211ReturnToString failed 1
 1/07/2017  1:04:39.039 __WiFiDeviceProcessDriverAvailableEvent: driver availability false, reason PowerOff(0xe0821804), subreason (null)(0x0)
 1/07/2017  1:04:39.039 __WiFiManagerDispatchDeviceAvailable: driver availability false

 1/07/2017  1:04:39.041 WiFiAWDManagerSubmitMetric: metric container could not be generated for metric id <0x9000e>
 1/07/2017  1:04:39.042 __WiFiDeviceProcessLinkEvent: isLinkDown 1
 1/07/2017  1:04:39.043 -[WiFiIDSSyncEngine currentNetworkChanged]: <0x16e12f000>, role 1, currentNetwork (null)
 1/07/2017  1:04:39.043 -[WiFiIDSSyncEngine currentNetworkChanged]: adjusted waitForReAssociationTimer <CFRunLoopTimer 0x14ce6ecf0 [0x1a0950150]>{valid = Yes, firing = No, interval = 819052854, tolerance = 0, next fire date = 505436709 (29.999927 @ 7738121242663), callout = (NSTimer) [WiFiIDSSyncEngine companionReAssociationWaitTimerFired:] (0x18292cfe0 / 0x1000e1010) (/usr/sbin/wifid), context = <CFRunLoopTimer context 0x14ce5c520>}
 1/07/2017  1:14:19.301 Total connection time to DIGI-146A 1060990.406852
 1/07/2017  1:14:19.398 WiFiDeviceManagerSetNetworks: Adding HS20 Account: 
Domain name orange.ro
3GPP MCC&MNC 226F10 
Friendly Operator Name Orange
 1/07/2017  1:14:19.398 __WiFiDeviceManagerPrepareHS20Queries: created queries <CFArray 0x14cedbf10 [0x1a0950150]>{type = mutable-small, count = 3, values = (
	0 : <CFNumber 0xb0000000000010c1 [0x1a0950150]>{value = +268, type = kCFNumberSInt16Type}
	1 : <CFNumber 0xb000000000001081 [0x1a0950150]>{value = +264, type = kCFNumberSInt16Type}
	2 : <CFNumber 0xb000000000000031 [0x1a0950150]>{value = +3, type = kCFNumberSInt16Type}
)}
 1/07/2017  1:14:19.398 Auto association attempt canceled because auto join is disabled.
 1/07/2017  1:14:19.398 No Change in Background Scan Networks, Skip Re-Programming Background Scan

 1/07/2017  1:14:19.398 Auto association attempt canceled because auto join is disabled.
 1/07/2017  1:14:19.399 __WiFiDeviceManagerSetInterfaceRank: setting interface rank kSCNetworkServicePrimaryRankDefault
 1/07/2017  1:14:19.399 WiFiDeviceRequestAssociatedSleep: ActiveDuringSleepRequested is already removed ((null)).
 1/07/2017  1:14:19.404 WiFiAWDManagerSubmitMetric: metric container could not be generated for metric id <0x90009>
 1/07/2017  1:14:19.404 Link went down: isInVoluntary 0, reason Unknown(4), subreason 0, rssi -57
 1/07/2017  1:14:19.404 __WiFiDeviceResetCCAHistory
 1/07/2017  1:14:19.404 __WiFiDeviceResetRssiHistory
 1/07/2017  1:14:19.412 __WiFiDeviceManagerAwdlAvailableCallback: AWDL availability changed to FALSE
 1/07/2017  1:14:19.414 Creating client for "configd"
 1/07/2017  1:14:19.422 Received kIOMessageSystemWillPowerOn
 1/07/2017  1:14:19.422 System wake reason: AOP.ExternalReq hold
 1/07/2017  1:14:19.422 System Powered ON notification Re-enabling auto-join
 1/07/2017  1:14:19.422 __WiFiManagerSetEnableState: state TRUE, manager->enable.setting TRUE, manager->unlockedSinceBoot TRUE
 1/07/2017  1:14:19.422 Enabling automatic association
 1/07/2017  1:14:19.427 __WiFiDeviceManagerStateMachineRun: current state: Idle
 1/07/2017  1:14:19.427 Attempting multi-stage auto join mStageAutoJoinAttempts=0
 1/07/2017  1:14:19.427 Starting multi-stage auto join sequence
 1/07/2017  1:14:19.427 multi-stage auto-join: Scanning for previous network DIGI-146A on channel 1
 1/07/2017  1:14:19.427 Performing auto-join broadcast scan with a modified dwell time of 110ms on channels: 1 
 1/07/2017  1:14:19.427 Enqueuing command type: "Scan" pending commands: 0
 1/07/2017  1:14:19.427 WiFiLocaleManagerCheckLocale: location service or wifi is off, set locale to default
 1/07/2017  1:14:19.427 new locale:  , locale: 
 1/07/2017  1:14:19.427 Dequeuing command type: "Scan" pending commands: 0
 1/07/2017  1:14:19.427 Attempting Apple80211ScanAsync on en0
 1/07/2017  1:14:19.492 __WiFiDeviceCopyLinkChangedSubReasonString: Apple80211ReturnToString failed 1
 1/07/2017  1:14:19.492 __WiFiDeviceProcessDriverAvailableEvent: driver availability true, reason Initializing(0xe0821803), subreason (null)(0x0)
 1/07/2017  1:14:19.492 __WiFiManagerDispatchDeviceAvailable: driver availability true

 1/07/2017  1:14:19.493 Auto association attempt canceled because auto join state is Scanning Previous Network Channel.
 1/07/2017  1:14:19.493 WiFiAWDManagerSubmitMetric: metric container could not be generated for metric id <0x9000e>
 1/07/2017  1:14:19.493 Device display is ON
 1/07/2017  1:14:19.493 __WiFiManagerSetEnableState: state TRUE, manager->enable.setting TRUE, manager->unlockedSinceBoot TRUE
 1/07/2017  1:14:19.493 Auto association attempt canceled because auto join state is Scanning Previous Network Channel.
 1/07/2017  1:14:19.493 Auto association attempt canceled because auto join state is Scanning Previous Network Channel.
 1/07/2017  1:14:19.494 No Change in Background Scan Networks, Skip Re-Programming Background Scan

 1/07/2017  1:14:19.502 WiFiDeviceManagerSetNetworks: Adding HS20 Account: 
Domain name orange.ro
3GPP MCC&MNC 226F10 
Friendly Operator Name Orange
 1/07/2017  1:14:19.503 __WiFiDeviceManagerPrepareHS20Queries: created queries <CFArray 0x14cf726f0 [0x1a0950150]>{type = mutable-small, count = 3, values = (
	0 : <CFNumber 0xb0000000000010c1 [0x1a0950150]>{value = +268, type = kCFNumberSInt16Type}
	1 : <CFNumber 0xb000000000001081 [0x1a0950150]>{value = +264, type = kCFNumberSInt16Type}
	2 : <CFNumber 0xb000000000000031 [0x1a0950150]>{value = +3, type = kCFNumberSInt16Type}
)}
 1/07/2017  1:14:19.503 Auto association attempt canceled because auto join state is Scanning Previous Network Channel.
 1/07/2017  1:14:19.503 No Change in Background Scan Networks, Skip Re-Programming Background Scan

 1/07/2017  1:14:19.517 __WiFiManagerCellularTransmitCallback_block_invoke: Cellular Transmit Started = FALSE
 1/07/2017  1:14:19.524 MIS state is Disabled
 1/07/2017  1:14:19.524 MIS state queried by "InCallService" is Disable
 1/07/2017  1:14:19.524 MIS state is Disabled
 1/07/2017  1:14:19.524 MIS state queried by "SpringBoard" is Disable
 1/07/2017  1:14:19.524 MIS state is Disabled
 1/07/2017  1:14:19.524 MIS state queried by "MobileMail" is Disable
 1/07/2017  1:14:19.524 MIS state is Disabled
 1/07/2017  1:14:19.524 MIS state queried by "UserEventAgent" is Disable
 1/07/2017  1:14:19.524 MIS state is Disabled
 1/07/2017  1:14:19.524 MIS state queried by "mediaserverd" is Disable
 1/07/2017  1:14:19.524 MIS state is Disabled
 1/07/2017  1:14:19.524 MIS state queried by "identityservices" is Disable
 1/07/2017  1:14:19.524 MIS state is Disabled
 1/07/2017  1:14:19.525 MIS state queried by "imagent" is Disable
 1/07/2017  1:14:19.525 MIS state is Disabled
 1/07/2017  1:14:19.525 MIS state queried by "locationd" is Disable
 1/07/2017  1:14:19.525 MIS state is Disabled
 1/07/2017  1:14:19.525 MIS state queried by "apsd" is Disable
 1/07/2017  1:14:19.538 configd requesting removal of BGScan networks
 1/07/2017  1:14:19.539 No Change in Background Scan Networks, Skip Re-Programming Background Scan

 1/07/2017  1:14:19.539 __WiFiManagerSetEnableState: state TRUE, manager->enable.setting TRUE, manager->unlockedSinceBoot TRUE
 1/07/2017  1:14:19.539 Removing client for "configd"
 1/07/2017  1:14:19.539 __WiFiDeviceManagerAwdlAvailableCallback: AWDL availability changed to TRUE
 1/07/2017  1:14:19.548 MIS state is Disabled
 1/07/2017  1:14:19.548 MIS state queried by "nanoregistryd" is Disable
 1/07/2017  1:14:19.550 WoW is Disabled, 0 WoW Clients
 1/07/2017  1:14:19.556 WoW is Disabled, 0 WoW Clients
 1/07/2017  1:14:19.558 WoW is Disabled, 0 WoW Clients
 1/07/2017  1:14:19.584 Completed Apple80211ScanAsync on en0 (0x0)
 1/07/2017  1:14:19.586 Auto join scan completed (0) with current state: Scanning Previous Network Channel
 1/07/2017  1:14:19.586 __WiFiDeviceManagerStateMachineRun: current state: Scanning Previous Network Channel
 1/07/2017  1:14:19.586 Scanning Previous Network Channel found: DIGI-146A
 1/07/2017  1:14:19.586 Attempting auto-join for networks in following order: DIGI-146A(W)
 1/07/2017  1:14:19.586 Autojoin is processing network 1 of 1 candidates
 1/07/2017  1:14:19.586 Attempting auto join association of DIGI-146A
 1/07/2017  1:14:19.594 Enqueuing command type: "Association" pending commands: 1
 1/07/2017  1:14:19.594 Dequeuing command type: "Association" pending commands: 0
 1/07/2017  1:14:19.595 Attempting Apple80211AssociateAsync
 1/07/2017  1:14:19.596 Attempting to join WPA network: DIGI-146A
 1/07/2017  1:14:19.690 IPV4 State change for en0
 1/07/2017  1:14:19.692 IPV6 State change for en0
 1/07/2017  1:14:19.698 IPv4 Primary interface is pdp_ip0 and IPv6 Primary Interface is (null)
 1/07/2017  1:14:19.699 IPv4 Primary interface is pdp_ip0 and IPv6 Primary Interface is (null)
 1/07/2017  1:14:19.712 __WiFiDeviceProcessLinkEvent: isLinkDown 0
 1/07/2017  1:14:19.719 __WiFiDeviceManagerSetInterfaceRank: setting interface rank kSCNetworkServicePrimaryRankDefault
 1/07/2017  1:14:19.719 __WiFiDeviceManagerEvaluateAPEnvironment: Getting AP environment for DIGI-146A. Learning period 259200 secs Expiry period 2592000 secs
 1/07/2017  1:14:19.719 __WiFiDeviceManagerEvaluateAPEnvironment: AP environment is 2 for DIGI-146A(4:bd:70:a4:e3:8)
 1/07/2017  1:14:19.720 WiFiDeviceSetRoamParams: setting roam profile to type 1
 1/07/2017  1:14:19.721 __WiFiDeviceManagerEvaluateAPEnvironment: Getting AP environment for DIGI-146A. Learning period 259200 secs Expiry period 2592000 secs
 1/07/2017  1:14:19.721 __WiFiDeviceManagerEvaluateAPEnvironment: AP environment is 2 for DIGI-146A(4:bd:70:a4:e3:8)
 1/07/2017  1:14:19.721 __WiFiLQAMgrSetCurrentNetwork: SSID: DIGI-146A BSSID: 4:bd:70:a4:e3:8 RSSI: -74 ApEnv: 2
 1/07/2017  1:14:19.721 WiFiDeviceRequestAssociatedSleep: ActiveDuringSleepRequested is already removed ((null)).
 1/07/2017  1:14:19.721 __WiFiDeviceResetCCAHistory
 1/07/2017  1:14:19.722 __WiFiDeviceResetRssiHistory
 1/07/2017  1:14:19.722 __WiFiLQAMgrLogStats: Rssi: -74 Cca: 0 TxPer: 0.0% (0) BcnPer: 0.0% (0) RxFrms 0 TxRate: 0 RxRate: 0
 1/07/2017  1:14:19.722 __WiFiDeviceProcessLinkEvent: Initializing lqm value: rawRssi -74, scaledRssi 0.581395, noise 0, snr 17
 1/07/2017  1:14:19.729 __WiFiMetricsManagerPrepareLinkChangeNetworkParams: OUI:04:bd:70 Channel:1(20MHz) Flags:0x8 PhyMode:0x10 Security:0x2 WPA:[Prot:0x2 McastCipher:0x4 UcastCipher:0xc AKM:0x2 Caps:0x0] HT:[Info:0x19fc AMPDU:0x1b TXBF:0x0 Ext:0x0 ASEL:0x0] VHT:[Info:0x0]
 1/07/2017  1:14:19.729 WiFiAWDManagerSubmitMetric: metric container could not be generated for metric id <0x90009>
 1/07/2017  1:14:19.732 Creating client for "configd"
 1/07/2017  1:14:19.757 MIS state is Disabled
 1/07/2017  1:14:19.757 MIS state queried by "MobileMail" is Disable
 1/07/2017  1:14:19.757 MIS state is Disabled
 1/07/2017  1:14:19.757 MIS state queried by "SpringBoard" is Disable
 1/07/2017  1:14:19.758 MIS state is Disabled
 1/07/2017  1:14:19.758 MIS state queried by "UserEventAgent" is Disable
 1/07/2017  1:14:19.758 MIS state is Disabled
 1/07/2017  1:14:19.758 MIS state queried by "locationd" is Disable
 1/07/2017  1:14:19.758 MIS state is Disabled
 1/07/2017  1:14:19.758 MIS state queried by "identityservices" is Disable
 1/07/2017  1:14:19.759 MIS state is Disabled
 1/07/2017  1:14:19.759 MIS state queried by "apsd" is Disable
 1/07/2017  1:14:19.759 MIS state is Disabled
 1/07/2017  1:14:19.759 MIS state queried by "imagent" is Disable
 1/07/2017  1:14:19.759 MIS state is Disabled
 1/07/2017  1:14:19.759 MIS state queried by "InCallService" is Disable
 1/07/2017  1:14:19.761 MIS state is Disabled
 1/07/2017  1:14:19.761 MIS state queried by "mediaserverd" is Disable
 1/07/2017  1:14:19.761 configd requesting removal of BGScan networks
 1/07/2017  1:14:19.762 No Change in Background Scan Networks, Skip Re-Programming Background Scan

 1/07/2017  1:14:19.762 __WiFiManagerSetEnableState: state TRUE, manager->enable.setting TRUE, manager->unlockedSinceBoot TRUE
 1/07/2017  1:14:19.762 Removing client for "configd"
 1/07/2017  1:14:19.765 MIS state is Disabled
 1/07/2017  1:14:19.765 MIS state queried by "nanoregistryd" is Disable
 1/07/2017  1:14:19.772 WoW is Disabled, 0 WoW Clients
 1/07/2017  1:14:19.773 IPV4 State change for en0
 1/07/2017  1:14:19.773 IP Address: 192.168.100.8
 1/07/2017  1:14:19.773 Router IP Address: 192.168.100.1
 1/07/2017  1:14:19.773 __WiFiDeviceCheckForIPV4ParamsChange: Setting power mode to kA11PowerProfileDefault
 1/07/2017  1:14:19.773 __WiFiManagerIPv4Callback: <en0> [DIGI-146A                               : isHidden=0, isEAP=0, isWPA=1, isWEP=0, type=0] isMainIf? 1, isRoutable? 1
 1/07/2017  1:14:19.773 -[WiFiIDSSyncEngine currentNetworkChanged]: <0x16e12f000>, role 1, currentNetwork DIGI-146A                               : isHidden=0, isEAP=0, isWPA=1, isWEP=0, type=0
 1/07/2017  1:14:19.773 -[WiFiIDSSyncEngine currentNetworkChanged]: reset waitForReAssociationTimer <CFRunLoopTimer 0x14ce6ecf0 [0x1a0950150]>{valid = Yes, firing = No, interval = 819052854, tolerance = 0, next fire date = 1.32623452e+09 (820797260 @ 12125606986409197), callout = (NSTimer) [WiFiIDSSyncEngine companionReAssociationWaitTimerFired:] (0x18292cfe0 / 0x1000e1010) (/usr/sbin/wifid), context = <CFRunLoopTimer context 0x14ce5c520>}
 1/07/2017  1:14:19.773 -[WiFiIDSSyncEngine sendCurrentCompanionNetwork]: autojoinAssistDict {
    "SSID_STR" = "DIGI-146A";
}
 1/07/2017  1:14:19.773 -[WiFiIDSSyncEngine sendToGizmoOfDataType:]: <0x16e1bb000> ID:(null), data type 1
 1/07/2017  1:14:19.773 WiFiLQAMgrSetRouterIpv4Addr: Router IP Address: 192.168.100.1 
 1/07/2017  1:14:19.774 __WiFiDeviceCheckForIPV4ParamsChange: configMethod DHCP, leaseExpiryDuration 4320 mins
 1/07/2017  1:14:19.774 WiFiAWDManagerSubmitMetric: metric container could not be generated for metric id <0x90007>
 1/07/2017  1:14:19.774 Router MAC Address: 04:bd:70:a4:e3:00
 1/07/2017  1:14:19.783 IPv4 Primary interface is pdp_ip0 and IPv6 Primary Interface is (null)
 1/07/2017  1:14:19.798 IPv4 Primary interface is en0 and IPv6 Primary Interface is (null)
 1/07/2017  1:14:19.799 Completed Apple80211AssociateAsync (0 - 0x0)
 1/07/2017  1:14:19.799 Joined: DIGI-146A
 1/07/2017  1:14:19.799 Auto join association completed (0) with current state: Associating
 1/07/2017  1:14:19.799 __WiFiDeviceManagerStateMachineRun: current state: Associating
 1/07/2017  1:14:19.799 __WiFiDeviceManagerProcessAssociationResult: current state: Associating
 1/07/2017  1:14:19.799 WiFiNetworkSetKnownBssUsageData: BSS updated - current BSS: 4:bd:70:a4:e3:8 (1)
 1/07/2017  1:14:19.799 Removing problematic state for DIGI-146A, reason N/A reasonData=0
 1/07/2017  1:14:19.799 problematic networks =  and potentially problematic networks = 
 1/07/2017  1:14:19.800 No Change in Background Scan Networks, Skip Re-Programming Background Scan

 1/07/2017  1:14:19.800 __WiFiManagerDidAssociateCallback: network DIGI-146A, requestedInformation <CFBasicHash 0x14cee18e0 [0x1a0950150]>{type = mutable dict, count = 1,
entries =>
	2 : <CFString 0x10017e160 [0x1a0950150]>{contents = "reason"} = <CFString 0x100185180 [0x1a0950150]>{contents = "Associating"}
}

 1/07/2017  1:14:19.820 WiFiDeviceManagerSetNetworks: Adding HS20 Account: 
Domain name orange.ro
3GPP MCC&MNC 226F10 
Friendly Operator Name Orange
 1/07/2017  1:14:19.820 __WiFiDeviceManagerPrepareHS20Queries: created queries <CFArray 0x14cfdb7c0 [0x1a0950150]>{type = mutable-small, count = 3, values = (
	0 : <CFNumber 0xb0000000000010c1 [0x1a0950150]>{value = +268, type = kCFNumberSInt16Type}
	1 : <CFNumber 0xb000000000001081 [0x1a0950150]>{value = +264, type = kCFNumberSInt16Type}
	2 : <CFNumber 0xb000000000000031 [0x1a0950150]>{value = +3, type = kCFNumberSInt16Type}
)}
 1/07/2017  1:14:19.820 Auto association attempt canceled because auto join state is Associating.
 1/07/2017  1:14:19.821 No Change in Background Scan Networks, Skip Re-Programming Background Scan

 1/07/2017  1:14:19.821 __WiFiManagerCellularTransmitCallback_block_invoke: Cellular Transmit Started = TRUE
 1/07/2017  1:14:19.827 WiFiDeviceManagerSetNetworks: Adding HS20 Account: 
Domain name orange.ro
3GPP MCC&MNC 226F10 
Friendly Operator Name Orange
 1/07/2017  1:14:19.827 __WiFiDeviceManagerPrepareHS20Queries: created queries <CFArray 0x14cdd4930 [0x1a0950150]>{type = mutable-small, count = 3, values = (
	0 : <CFNumber 0xb0000000000010c1 [0x1a0950150]>{value = +268, type = kCFNumberSInt16Type}
	1 : <CFNumber 0xb000000000001081 [0x1a0950150]>{value = +264, type = kCFNumberSInt16Type}
	2 : <CFNumber 0xb000000000000031 [0x1a0950150]>{value = +3, type = kCFNumberSInt16Type}
)}
 1/07/2017  1:14:19.828 __WiFiDeviceManagerAutoAssociate: Already connected to DIGI-146A.
 1/07/2017  1:14:19.829 No Change in Background Scan Networks, Skip Re-Programming Background Scan

 1/07/2017  1:14:19.829 IPV6 State change for en0
 1/07/2017  1:14:19.829 IP Address: 2a02:2f0a:c0a0:1194:cbb:e363:f042:8243
 1/07/2017  1:14:19.829 IP Address: 2a02:2f0a:c0a0:1194:50ad:4f4f:694d:65b9
 1/07/2017  1:14:19.830 IPv4 Primary interface is en0 and IPv6 Primary Interface is (null)
 1/07/2017  1:14:20.013 IPV6 State change for en0
 1/07/2017  1:14:20.014 IP Address: 2a02:2f0a:c0a0:1194:cbb:e363:f042:8243
 1/07/2017  1:14:20.014 IP Address: 2a02:2f0a:c0a0:1194:50ad:4f4f:694d:65b9
 1/07/2017  1:14:20.024 IPv4 Primary interface is en0 and IPv6 Primary Interface is en0
 1/07/2017  1:14:20.025 IPv4 Primary interface is en0 and IPv6 Primary Interface is en0
 1/07/2017  1:14:22.378 ATJManager: setting ask-to-join interaction mode to Interactive
 1/07/2017  1:14:22.378 ATJManager: no entries to purge
 1/07/2017  1:14:22.379 User interaction ENABLED
 1/07/2017  1:14:22.379 Ignoring lock state manager->wakeMode 1

 1/07/2017  1:14:22.379 problematic networks =  and potentially problematic networks = 
 1/07/2017  1:14:22.379 Unblacklisting
 1/07/2017  1:14:22.380 __CreateBGScanRequest Hotspot Orange Mobile Wi-Fi added to BGScan List 
 1/07/2017  1:14:22.380 Preparing background scan request for "DIGI-146A" "UPC5493113" "TP-LINK_Extender_2.4GHz" "UPC2300204" "PRECIS" "eduroam" "G3_7030" "eg304" "eMAG" "Orange Mobile Wi-Fi" Background Scan Caching is Disabled
 1/07/2017  1:14:22.386 __WiFiDeviceManagerAutoAssociate: Already connected to DIGI-146A.
 1/07/2017  1:14:22.387 __WiFiDeviceCheckForIPRenewalWakeupSupport: State:/Network/Interface/en0/ActiveDuringSleepSupported = TRUE
 1/07/2017  1:14:24.863 __WiFiManagerCellularTransmitCallback_block_invoke: Cellular Transmit Started = FALSE
 1/07/2017  1:14:27.838 Client apsd set type to background application
 1/07/2017  1:14:27.838 __WiFiManagerSetEnableState: state TRUE, manager->enable.setting TRUE, manager->unlockedSinceBoot TRUE
 1/07/2017  1:14:27.839 BG Application: Not Present, BG Daemon: Present. Daemons: mediaserverd apsd 
 1/07/2017  1:14:27.839 __WiFiDeviceManagerAutoAssociate: Already connected to DIGI-146A.
 1/07/2017  1:14:27.839 Enable WoW requested by "apsd"
 1/07/2017  1:14:27.840 WoW Capable = YES, Attempting to enable WoW and disable LPAS 
 1/07/2017  1:14:27.840 Setting WoW params to <CFBasicHash 0x14cfc3e00 [0x1a0950150]>{type = immutable dict, count = 3,
entries =>
	0 : <CFString 0x100175960 [0x1a0950150]>{contents = "IO80211InterfaceEnableLowPwrAssocMode"} = <CFBoolean 0x1a09506d8 [0x1a0950150]>{value = false}
	1 : <CFString 0x100175940 [0x1a0950150]>{contents = "IO80211InterfaceEnableWoW"} = <CFBoolean 0x1a09506c8 [0x1a0950150]>{value = true}
	2 : <CFString 0x100185ae0 [0x1a0950150]>{contents = "IO80211InterfaceEnableWoWOnCaptive"} = <CFBoolean 0x1a09506d8 [0x1a0950150]>{value = false}
}

 1/07/2017  1:14:27.841 WiFiDeviceRequestAssociatedSleep: ActiveDuringSleepRequested is already set (<CFBasicHash 0x14cf88df0 [0x1a0950150]>{type = immutable dict, count = 0,
entries =>
}
).
 1/07/2017  1:14:27.841 WoW Enabled by 1 Clients, lpas is Disabled, WoW Override is Disabled, Captive Disabled
 1/07/2017  1:14:27.842 Unable to dispatch WowStateChanged message to client dataaccessd (268435460)
 1/07/2017  1:14:27.842 Unable to dispatch WowStateChanged message to client itunesstored (268435460)
 1/07/2017  1:14:27.842 Unable to dispatch WowStateChanged message to client mediaserverd (268435460)
 1/07/2017  1:14:27.843 Unable to dispatch WowStateChanged message to client MobileMail (268435460)
 1/07/2017  1:14:27.843 Unable to dispatch WowStateChanged message to client profiled (268435460)
 1/07/2017  1:14:27.844 Unable to dispatch WowStateChanged message to client assistantd (268435460)
 1/07/2017  1:14:27.844 apsd[273] is a wow client
 1/07/2017  1:14:27.844 WoW is Enabled, 1 WoW Clients
 1/07/2017  1:14:27.845 apsd[273] is a wow client
 1/07/2017  1:14:27.845 WoW is Enabled, 1 WoW Clients
 1/07/2017  1:14:27.848 apsd[273] is a wow client
 1/07/2017  1:14:27.848 WoW is Enabled, 1 WoW Clients
 1/07/2017  1:14:33.591 scanCache: Purging scan cache
 1/07/2017  1:14:34.736 __WiFiLQAMgrLogStats: Rssi: -62 Cca: 23 TxPer: 0.0% (2) BcnPer: 2.0% (50) RxFrms 6 TxRate: 58500 RxRate: 1000
 1/07/2017  1:14:39.741 __WiFiLQAMgrLogStats: Rssi: -66 Cca: 33 TxPer: 0.0% (0) BcnPer: 4.0% (50) RxFrms 3 TxRate: 58500 RxRate: 1000
 1/07/2017  1:14:49.240 ATJManager: setting ask-to-join interaction mode to NonInteractive
 1/07/2017  1:14:49.240 ATJManager: no entries to purge
 1/07/2017  1:14:49.240 User interaction DISABLED
 1/07/2017  1:14:49.245 Ignoring lock state manager->wakeMode 1

 1/07/2017  1:14:49.245 Device display is OFF
 1/07/2017  1:14:59.276 Received kIOMessageSystemWillSleep
 1/07/2017  1:14:59.276 System Sleep notification, Disabling auto-join
 1/07/2017  1:14:59.276 __WiFiManagerSetEnableState: state FALSE, manager->enable.setting TRUE, manager->unlockedSinceBoot TRUE
 1/07/2017  1:14:59.276 Disabling automatic association
 1/07/2017  1:14:59.307 apsd[273] is a wow client
 1/07/2017  1:14:59.307 WoW is Enabled, 1 WoW Clients
 1/07/2017  1:14:59.484 __WiFiDeviceCopyLinkChangedSubReasonString: Apple80211ReturnToString failed 1
 1/07/2017  1:14:59.484 __WiFiDeviceProcessDriverAvailableEvent: driver availability false, reason PowerOff(0xe0821804), subreason (null)(0x0)
 1/07/2017  1:14:59.484 __WiFiManagerDispatchDeviceAvailable: driver availability false

 1/07/2017  1:14:59.484 WiFiAWDManagerSubmitMetric: metric container could not be generated for metric id <0x9000e>
 1/07/2017  1:14:59.487 __WiFiDeviceManagerAwdlAvailableCallback: AWDL availability changed to FALSE
 1/07/2017  1:14:59.489 apsd[273] is a wow client
 1/07/2017  1:14:59.489 WoW is Enabled, 1 WoW Clients
 1/07/2017  1:21:22.668 Received kIOMessageSystemWillPowerOn
 1/07/2017  1:21:22.668 System wake reason: AOP.ExternalReq wlan
 1/07/2017  1:21:22.668 System Powered ON notification Re-enabling auto-join
 1/07/2017  1:21:22.668 __WiFiManagerSetEnableState: state TRUE, manager->enable.setting TRUE, manager->unlockedSinceBoot TRUE
 1/07/2017  1:21:22.668 Enabling automatic association
 1/07/2017  1:21:22.670 __WiFiDeviceManagerAutoAssociate: Already connected to DIGI-146A.
 1/07/2017  1:21:22.670 WiFiLocaleManagerCheckLocale: location service or wifi is off, set locale to default
 1/07/2017  1:21:22.670 new locale:  , locale: 
 1/07/2017  1:21:22.696 Power stats update: Type 0x6 UnassociatedSleepDur 0 AssociatedSleepDur 380024 TotalDur 383230 RoamDur 0
 1/07/2017  1:21:22.696 WiFiAWDManagerSubmitMetric: metric container could not be generated for metric id <0x90010>
 1/07/2017  1:21:22.696 __WiFiLQAMgrLogStats: Rssi: -59 Cca: 53 TxPer: 0.0% (0) BcnPer: 0.0% (0) RxFrms 0 TxRate: 0 RxRate: 0
 1/07/2017  1:21:22.700 __WiFiDeviceCopyLinkChangedSubReasonString: Apple80211ReturnToString failed 1
 1/07/2017  1:21:22.700 __WiFiDeviceProcessDriverAvailableEvent: driver availability true, reason Initializing(0xe0821803), subreason (null)(0x0)
 1/07/2017  1:21:22.700 __WiFiManagerDispatchDeviceAvailable: driver availability true

 1/07/2017  1:21:22.703 __WiFiDeviceManagerAutoAssociate: Already connected to DIGI-146A.
 1/07/2017  1:21:22.704 WiFiAWDManagerSubmitMetric: metric container could not be generated for metric id <0x9000e>
 1/07/2017  1:21:22.715 __WiFiDeviceManagerAutoAssociate: Already connected to DIGI-146A.
 1/07/2017  1:21:22.716 No Change in Background Scan Networks, Skip Re-Programming Background Scan

 1/07/2017  1:21:22.808 __WiFiDeviceManagerAwdlAvailableCallback: AWDL availability changed to TRUE
 1/07/2017  1:21:22.810 __WiFiManagerCellularTransmitCallback_block_invoke: Cellular Transmit Started = FALSE
 1/07/2017  1:21:22.902 Disable WoW requested by "apsd"
 1/07/2017  1:21:22.906 WoW Capable = YES, Attempting to disable WoW and enable LPAS 
 1/07/2017  1:21:22.907 Setting WoW params to <CFBasicHash 0x14cd80ce0 [0x1a0950150]>{type = immutable dict, count = 3,
entries =>
	0 : <CFString 0x100175960 [0x1a0950150]>{contents = "IO80211InterfaceEnableLowPwrAssocMode"} = <CFBoolean 0x1a09506c8 [0x1a0950150]>{value = true}
	1 : <CFString 0x100175940 [0x1a0950150]>{contents = "IO80211InterfaceEnableWoW"} = <CFBoolean 0x1a09506d8 [0x1a0950150]>{value = false}
	2 : <CFString 0x100185ae0 [0x1a0950150]>{contents = "IO80211InterfaceEnableWoWOnCaptive"} = <CFBoolean 0x1a09506d8 [0x1a0950150]>{value = false}
}

 1/07/2017  1:21:22.908 WiFiDeviceRequestAssociatedSleep: ActiveDuringSleepRequested is already set (<CFBasicHash 0x14cfd40e0 [0x1a0950150]>{type = immutable dict, count = 0,
entries =>
}
).
 1/07/2017  1:21:22.908 WoW Disabled, 0 WoW Clients, lpas is Enabled, WoW Override is Disabled, Captive Disabled
 1/07/2017  1:21:22.909 Unable to dispatch WowStateChanged message to client dataaccessd (268435460)
 1/07/2017  1:21:22.909 Unable to dispatch WowStateChanged message to client itunesstored (268435460)
 1/07/2017  1:21:22.910 Unable to dispatch WowStateChanged message to client mediaserverd (268435460)
 1/07/2017  1:21:22.910 Unable to dispatch WowStateChanged message to client MobileMail (268435460)
 1/07/2017  1:21:22.910 Unable to dispatch WowStateChanged message to client profiled (268435460)
 1/07/2017  1:21:22.912 Unable to dispatch WowStateChanged message to client assistantd (268435460)
 1/07/2017  1:21:22.913 WoW is Disabled, 0 WoW Clients
 1/07/2017  1:21:22.913 WoW is Disabled, 0 WoW Clients
 1/07/2017  1:21:22.914 WoW is Disabled, 0 WoW Clients
 1/07/2017  1:21:23.137 WoW is Disabled, 0 WoW Clients
 1/07/2017  1:21:23.300 WoW is Disabled, 0 WoW Clients
 1/07/2017  1:21:27.902 Client apsd set type to normal application
 1/07/2017  1:21:27.902 __WiFiManagerSetEnableState: state TRUE, manager->enable.setting TRUE, manager->unlockedSinceBoot TRUE
 1/07/2017  1:21:27.905 BG Application: Not Present, BG Daemon: Present. Daemons: mediaserverd 
 1/07/2017  1:21:27.957 Received kIOMessageSystemWillSleep
 1/07/2017  1:21:27.957 System Sleep notification, Disabling auto-join
 1/07/2017  1:21:27.957 __WiFiManagerSetEnableState: state FALSE, manager->enable.setting TRUE, manager->unlockedSinceBoot TRUE
 1/07/2017  1:21:27.957 Disabling automatic association
 1/07/2017  1:21:27.990 WoW is Disabled, 0 WoW Clients
 1/07/2017  1:21:28.080 __WiFiDeviceManagerAwdlAvailableCallback: AWDL availability changed to FALSE
 1/07/2017  1:21:28.081 __WiFiDeviceCopyLinkChangedSubReasonString: Apple80211ReturnToString failed 1
 1/07/2017  1:21:28.081 __WiFiDeviceProcessDriverAvailableEvent: driver availability false, reason PowerOff(0xe0821804), subreason (null)(0x0)
 1/07/2017  1:21:28.081 __WiFiManagerDispatchDeviceAvailable: driver availability false

 1/07/2017  1:21:28.081 Unable to dispatch message to client MessagesViewServ (268435460)
 1/07/2017  1:21:28.081 WiFiAWDManagerSubmitMetric: metric container could not be generated for metric id <0x9000e>
 1/07/2017  1:21:28.085 WoW is Disabled, 0 WoW Clients
 1/07/2017  1:26:29.182 Received kIOMessageSystemWillPowerOn
 1/07/2017  1:26:29.182 System wake reason: AOP.ExternalReq wlan
 1/07/2017  1:26:29.182 System Powered ON notification Re-enabling auto-join
 1/07/2017  1:26:29.182 __WiFiManagerSetEnableState: state TRUE, manager->enable.setting TRUE, manager->unlockedSinceBoot TRUE
 1/07/2017  1:26:29.182 Enabling automatic association
 1/07/2017  1:26:29.199 __WiFiDeviceManagerAutoAssociate: Already connected to DIGI-146A.
 1/07/2017  1:26:29.199 WiFiLocaleManagerCheckLocale: location service or wifi is off, set locale to default
 1/07/2017  1:26:29.199 new locale:  , locale: 
 1/07/2017  1:26:29.200 __WiFiDeviceProcessDumpLogsEvent: Dump logs event received, dumped wifid log buffer to file
