12/24/2016  1:56:08.222 WiFiLocaleManagerCheckLocale: trying to determine locale...
12/24/2016  1:56:08.223 WiFiManagerCoreLocationGetCachedLocation: getting cached location...
12/24/2016  1:56:08.245 __WiFiLocaleManagerGetLocaleFromMcc: finding iso country code for mcc 226 ....
12/24/2016  1:56:08.245 WiFiLocationServiceManagerIsLocationValid: cachedLocationTimeout 120.000000 location age 120.019220secs, lifeSpan -1.000000 accuracy 63551.648199(highAccReq 0), isValid 0
12/24/2016  1:56:08.245 Starting Low Accuracy Location Monitoring, locationMonitoringTimeout=60.000000
12/24/2016  1:56:08.245 WiFiManagerCoreLocationStartLocationUpdates: starting location updates...
12/24/2016  1:56:08.245 Location Monitoring successfully started with accuracy=3000.000000meters
12/24/2016  1:56:08.245 __WiFiLocationServiceManagerEventCallback, got cb dict {
    eventType = 0;
    location = "<+46.32519136,+21.71966908> +/- 63561.17m (speed -1.00 mps / course -1.00) @ 12/24/16, 1:56:08 AM Eastern European Standard Time";
}
12/24/2016  1:56:08.246 WiFiLocationServiceManagerIsLocationValid: cachedLocationTimeout 0.000000 location age 0.020601secs, lifeSpan -1.000000 accuracy 63561.166565(highAccReq 1), isValid 0
12/24/2016  1:56:08.246 WiFiLocationServiceManagerIsLocationValid: cachedLocationTimeout 0.000000 location age 0.020657secs, lifeSpan -1.000000 accuracy 63561.166565(highAccReq 0), isValid 0
12/24/2016  1:56:08.246 __WiFiLocationServiceManagerProcessLocationAvailableEvent: isValidHighAccuracyLocation 0,  isValidLowAccuracyLocation 0
12/24/2016  1:56:08.266 CLLocationManager didUpdateLocations !!
12/24/2016  1:56:08.267 __WiFiLocationServiceManagerEventCallback, got cb dict {
    eventType = 0;
    location = "<+46.32519136,+21.71966908> +/- 63561.17m (speed -1.00 mps / course -1.00) @ 12/24/16, 1:56:08 AM Eastern European Standard Time";
}
12/24/2016  1:56:08.269 WiFiLocationServiceManagerIsLocationValid: cachedLocationTimeout 0.000000 location age 0.004489secs, lifeSpan -1.000000 accuracy 63561.166565(highAccReq 1), isValid 0
12/24/2016  1:56:08.269 WiFiLocationServiceManagerIsLocationValid: cachedLocationTimeout 0.000000 location age 0.004557secs, lifeSpan -1.000000 accuracy 63561.166565(highAccReq 0), isValid 0
12/24/2016  1:56:08.269 __WiFiLocationServiceManagerProcessLocationAvailableEvent: isValidHighAccuracyLocation 0,  isValidLowAccuracyLocation 0
12/24/2016  1:56:08.275 CLLocationManager didUpdateLocations !!
12/24/2016  1:56:08.275 __WiFiLocationServiceManagerEventCallback, got cb dict {
    eventType = 0;
    location = "<+45.82155107,+22.10762467> +/- 5.00m (speed 18.84 mps / course 48.87) @ 12/24/16, 1:30:01 AM Eastern European Standard Time";
}
12/24/2016  1:56:08.276 WiFiLocationServiceManagerIsLocationValid: cachedLocationTimeout 0.000000 location age 1567.276709secs, lifeSpan -1.000000 accuracy 5.000000(highAccReq 1), isValid 1
12/24/2016  1:56:08.276 WiFiLocationServiceManagerIsLocationValid: cachedLocationTimeout 0.000000 location age 1567.276769secs, lifeSpan -1.000000 accuracy 5.000000(highAccReq 0), isValid 1
12/24/2016  1:56:08.276 __WiFiLocationServiceManagerProcessLocationAvailableEvent: isValidHighAccuracyLocation 1,  isValidLowAccuracyLocation 1
12/24/2016  1:56:08.277 __WiFiLocationServiceManagerProcessLocationAvailableEvent: give low accuracy callback
12/24/2016  1:56:08.277 __WiFiLocaleManagerGetLocaleFromLocation: <+45.82155107,+22.10762467> +/- 5.00m (speed 18.84 mps / course 48.87) @ 12/24/16, 1:30:01 AM Eastern European Standard Time
12/24/2016  1:56:08.277 locale from bounding box 
12/24/2016  1:56:08.277 new locale:  , locale: 
12/24/2016  1:56:08.277 Stopping Low Accuracy Location Monitoring
12/24/2016  1:56:08.277 Location Monitoring stopped
12/24/2016  1:56:08.277 WiFiManagerCoreLocationStopLocationUpdates: stopping location updates...
12/24/2016  1:56:08.277 Stopping Low Accuracy Location Monitoring
12/24/2016  1:56:08.277 CLMonitoring is already stopped
12/24/2016  1:56:15.936 __WiFiManagerCellularTransmitCallback_block_invoke: Cellular Transmit Started = FALSE
12/24/2016  1:57:02.580 __WiFiManagerCellularTransmitCallback_block_invoke: Cellular Transmit Started = TRUE
12/24/2016  1:57:05.295 __WiFiManagerCellularTransmitCallback_block_invoke: Cellular Transmit Started = FALSE
12/24/2016  1:57:06.301 __WiFiManagerCellularTransmitCallback_block_invoke: Cellular Transmit Started = TRUE
12/24/2016  1:57:28.306 __WiFiManagerCellularTransmitCallback_block_invoke: Cellular Transmit Started = FALSE
12/24/2016  1:58:08.223 WiFiLocaleManagerCheckLocale: trying to determine locale...
12/24/2016  1:58:08.223 WiFiManagerCoreLocationGetCachedLocation: getting cached location...
12/24/2016  1:58:08.245 __WiFiLocaleManagerGetLocaleFromMcc: finding iso country code for mcc 226 ....
12/24/2016  1:58:08.245 WiFiLocationServiceManagerIsLocationValid: cachedLocationTimeout 120.000000 location age 1687.245323secs, lifeSpan -1.000000 accuracy 5.000000(highAccReq 0), isValid 1
12/24/2016  1:58:08.245 WiFiLocationServiceManagerStartLowAccuracyMonitoring: Cached low accuracy location is valid
12/24/2016  1:58:08.245 WiFiLocationServiceManagerIsLocationValid: cachedLocationTimeout 120.000000 location age 1687.245464secs, lifeSpan -1.000000 accuracy 5.000000(highAccReq 1), isValid 1
12/24/2016  1:58:08.245 WiFiLocationServiceManagerIsLocationValid: cachedLocationTimeout 120.000000 location age 1687.245518secs, lifeSpan -1.000000 accuracy 5.000000(highAccReq 0), isValid 1
12/24/2016  1:58:08.245 __WiFiLocationServiceManagerProcessLocationAvailableEvent: isValidHighAccuracyLocation 1,  isValidLowAccuracyLocation 1
12/24/2016  1:58:08.245 __WiFiLocationServiceManagerProcessLocationAvailableEvent: give low accuracy callback
12/24/2016  1:58:08.246 __WiFiLocaleManagerGetLocaleFromLocation: <+45.82155107,+22.10762467> +/- 5.00m (speed 18.84 mps / course 48.87) @ 12/24/16, 1:30:01 AM Eastern European Standard Time
12/24/2016  1:58:08.246 locale from bounding box 
12/24/2016  1:58:08.246 new locale:  , locale: 
12/24/2016  1:58:08.246 Stopping Low Accuracy Location Monitoring
12/24/2016  1:58:08.246 CLMonitoring is already stopped
12/24/2016  1:58:08.246 Stopping Low Accuracy Location Monitoring
12/24/2016  1:58:08.246 CLMonitoring is already stopped
12/24/2016  1:58:08.246 __WiFiLocationServiceManagerEventCallback, got cb dict {
    eventType = 0;
    location = "<+45.90772069,+22.51365284> +/- 8000.00m (speed -1.00 mps / course -1.00) @ 12/24/16, 1:58:08 AM Eastern European Standard Time";
}
12/24/2016  1:58:08.247 WiFiLocationServiceManagerIsLocationValid: cachedLocationTimeout 120.000000 location age 0.021325secs, lifeSpan -1.000000 accuracy 8000.000000(highAccReq 1), isValid 0
12/24/2016  1:58:08.247 WiFiLocationServiceManagerIsLocationValid: cachedLocationTimeout 120.000000 location age 0.021380secs, lifeSpan -1.000000 accuracy 8000.000000(highAccReq 0), isValid 0
12/24/2016  1:58:08.247 __WiFiLocationServiceManagerProcessLocationAvailableEvent: isValidHighAccuracyLocation 0,  isValidLowAccuracyLocation 0
12/24/2016  1:58:12.735 __WiFiManagerCellularTransmitCallback_block_invoke: Cellular Transmit Started = TRUE
12/24/2016  1:58:44.535 WoW is Disabled, 0 WoW Clients
12/24/2016  1:59:02.552 __WiFiManagerCellularTransmitCallback_block_invoke: Cellular Transmit Started = FALSE
12/24/2016  1:59:03.380 __WiFiManagerCellularTransmitCallback_block_invoke: Cellular Transmit Started = TRUE
12/24/2016  1:59:05.733 __WiFiManagerCellularTransmitCallback_block_invoke: Cellular Transmit Started = FALSE
12/24/2016  1:59:06.788 __WiFiManagerCellularTransmitCallback_block_invoke: Cellular Transmit Started = TRUE
12/24/2016  2:00:08.222 WiFiLocaleManagerCheckLocale: trying to determine locale...
12/24/2016  2:00:08.223 WiFiManagerCoreLocationGetCachedLocation: getting cached location...
12/24/2016  2:00:08.245 __WiFiLocaleManagerGetLocaleFromMcc: finding iso country code for mcc 226 ....
12/24/2016  2:00:08.245 WiFiLocationServiceManagerIsLocationValid: cachedLocationTimeout 120.000000 location age 120.019166secs, lifeSpan -1.000000 accuracy 8000.000000(highAccReq 0), isValid 0
12/24/2016  2:00:08.245 Starting Low Accuracy Location Monitoring, locationMonitoringTimeout=60.000000
12/24/2016  2:00:08.245 WiFiManagerCoreLocationStartLocationUpdates: starting location updates...
12/24/2016  2:00:08.245 Location Monitoring successfully started with accuracy=3000.000000meters
12/24/2016  2:00:08.245 __WiFiLocationServiceManagerEventCallback, got cb dict {
    eventType = 0;
    location = "<+45.90772069,+22.51365284> +/- 8000.00m (speed -1.00 mps / course -1.00) @ 12/24/16, 2:00:08 AM Eastern European Standard Time";
}
12/24/2016  2:00:08.246 WiFiLocationServiceManagerIsLocationValid: cachedLocationTimeout 0.000000 location age 0.020584secs, lifeSpan -1.000000 accuracy 8000.000000(highAccReq 1), isValid 0
12/24/2016  2:00:08.246 WiFiLocationServiceManagerIsLocationValid: cachedLocationTimeout 0.000000 location age 0.020639secs, lifeSpan -1.000000 accuracy 8000.000000(highAccReq 0), isValid 0
12/24/2016  2:00:08.246 __WiFiLocationServiceManagerProcessLocationAvailableEvent: isValidHighAccuracyLocation 0,  isValidLowAccuracyLocation 0
12/24/2016  2:00:08.266 CLLocationManager didUpdateLocations !!
12/24/2016  2:00:08.266 __WiFiLocationServiceManagerEventCallback, got cb dict {
    eventType = 0;
    location = "<+45.90772069,+22.51365284> +/- 8000.00m (speed -1.00 mps / course -1.00) @ 12/24/16, 2:00:08 AM Eastern European Standard Time";
}
12/24/2016  2:00:08.267 WiFiLocationServiceManagerIsLocationValid: cachedLocationTimeout 0.000000 location age 0.003164secs, lifeSpan -1.000000 accuracy 8000.000000(highAccReq 1), isValid 0
12/24/2016  2:00:08.267 WiFiLocationServiceManagerIsLocationValid: cachedLocationTimeout 0.000000 location age 0.003227secs, lifeSpan -1.000000 accuracy 8000.000000(highAccReq 0), isValid 0
12/24/2016  2:00:08.267 __WiFiLocationServiceManagerProcessLocationAvailableEvent: isValidHighAccuracyLocation 0,  isValidLowAccuracyLocation 0
12/24/2016  2:00:08.317 CLLocationManager didUpdateLocations !!
12/24/2016  2:00:08.318 __WiFiLocationServiceManagerEventCallback, got cb dict {
    eventType = 0;
    location = "<+45.90526067,+22.51833105> +/- 8048.14m (speed -1.00 mps / course -1.00) @ 12/24/16, 2:00:08 AM Eastern European Standard Time";
}
12/24/2016  2:00:08.320 WiFiLocationServiceManagerIsLocationValid: cachedLocationTimeout 0.000000 location age 0.015743secs, lifeSpan -1.000000 accuracy 8048.142123(highAccReq 1), isValid 0
12/24/2016  2:00:08.320 WiFiLocationServiceManagerIsLocationValid: cachedLocationTimeout 0.000000 location age 0.015839secs, lifeSpan -1.000000 accuracy 8048.142123(highAccReq 0), isValid 0
12/24/2016  2:00:08.320 __WiFiLocationServiceManagerProcessLocationAvailableEvent: isValidHighAccuracyLocation 0,  isValidLowAccuracyLocation 0
12/24/2016  2:00:08.328 CLLocationManager didUpdateLocations !!
12/24/2016  2:00:08.328 __WiFiLocationServiceManagerEventCallback, got cb dict {
    eventType = 0;
    location = "<+45.90648229,+22.51600768> +/- 8048.14m (speed -1.00 mps / course -1.00) @ 12/24/16, 2:00:08 AM Eastern European Standard Time";
}
12/24/2016  2:00:08.329 WiFiLocationServiceManagerIsLocationValid: cachedLocationTimeout 0.000000 location age 0.012872secs, lifeSpan -1.000000 accuracy 8048.142133(highAccReq 1), isValid 0
12/24/2016  2:00:08.329 WiFiLocationServiceManagerIsLocationValid: cachedLocationTimeout 0.000000 location age 0.012936secs, lifeSpan -1.000000 accuracy 8048.142133(highAccReq 0), isValid 0
12/24/2016  2:00:08.329 __WiFiLocationServiceManagerProcessLocationAvailableEvent: isValidHighAccuracyLocation 0,  isValidLowAccuracyLocation 0
12/24/2016  2:00:12.195 CLLocationManager didUpdateLocations !!
12/24/2016  2:00:12.195 __WiFiLocationServiceManagerEventCallback, got cb dict {
    eventType = 0;
    location = "<+45.90770231,+22.51368732> +/- 8049.20m (speed -1.00 mps / course -1.00) @ 12/24/16, 2:00:12 AM Eastern European Standard Time";
}
12/24/2016  2:00:12.196 WiFiLocationServiceManagerIsLocationValid: cachedLocationTimeout 0.000000 location age 0.015934secs, lifeSpan -1.000000 accuracy 8049.201373(highAccReq 1), isValid 0
12/24/2016  2:00:12.196 WiFiLocationServiceManagerIsLocationValid: cachedLocationTimeout 0.000000 location age 0.016000secs, lifeSpan -1.000000 accuracy 8049.201373(highAccReq 0), isValid 0
12/24/2016  2:00:12.197 __WiFiLocationServiceManagerProcessLocationAvailableEvent: isValidHighAccuracyLocation 0,  isValidLowAccuracyLocation 0
12/24/2016  2:00:12.202 CLLocationManager didUpdateLocations !!
12/24/2016  2:00:12.202 __WiFiLocationServiceManagerEventCallback, got cb dict {
    eventType = 0;
    location = "<+45.90891714,+22.51137686> +/- 8049.20m (speed -1.00 mps / course -1.00) @ 12/24/16, 2:00:12 AM Eastern European Standard Time";
}
12/24/2016  2:00:12.203 WiFiLocationServiceManagerIsLocationValid: cachedLocationTimeout 0.000000 location age 0.011942secs, lifeSpan -1.000000 accuracy 8049.201381(highAccReq 1), isValid 0
12/24/2016  2:00:12.203 WiFiLocationServiceManagerIsLocationValid: cachedLocationTimeout 0.000000 location age 0.012016secs, lifeSpan -1.000000 accuracy 8049.201381(highAccReq 0), isValid 0
12/24/2016  2:00:12.203 __WiFiLocationServiceManagerProcessLocationAvailableEvent: isValidHighAccuracyLocation 0,  isValidLowAccuracyLocation 0
12/24/2016  2:00:28.381 CLLocationManager didUpdateLocations !!
12/24/2016  2:00:28.382 __WiFiLocationServiceManagerEventCallback, got cb dict {
    eventType = 0;
    location = "<+45.91014117,+22.50904889> +/- 8067.93m (speed -1.00 mps / course -1.00) @ 12/24/16, 2:00:28 AM Eastern European Standard Time";
}
12/24/2016  2:00:28.383 WiFiLocationServiceManagerIsLocationValid: cachedLocationTimeout 0.000000 location age 0.015592secs, lifeSpan -1.000000 accuracy 8067.931368(highAccReq 1), isValid 0
12/24/2016  2:00:28.383 WiFiLocationServiceManagerIsLocationValid: cachedLocationTimeout 0.000000 location age 0.015657secs, lifeSpan -1.000000 accuracy 8067.931368(highAccReq 0), isValid 0
12/24/2016  2:00:28.383 __WiFiLocationServiceManagerProcessLocationAvailableEvent: isValidHighAccuracyLocation 0,  isValidLowAccuracyLocation 0
12/24/2016  2:00:28.392 CLLocationManager didUpdateLocations !!
12/24/2016  2:00:28.393 __WiFiLocationServiceManagerEventCallback, got cb dict {
    eventType = 0;
    location = "<+45.91135451,+22.50674124> +/- 8067.93m (speed -1.00 mps / course -1.00) @ 12/24/16, 2:00:28 AM Eastern European Standard Time";
}
12/24/2016  2:00:28.394 WiFiLocationServiceManagerIsLocationValid: cachedLocationTimeout 0.000000 location age 0.014171secs, lifeSpan -1.000000 accuracy 8067.931381(highAccReq 1), isValid 0
12/24/2016  2:00:28.394 WiFiLocationServiceManagerIsLocationValid: cachedLocationTimeout 0.000000 location age 0.014251secs, lifeSpan -1.000000 accuracy 8067.931381(highAccReq 0), isValid 0
12/24/2016  2:00:28.394 __WiFiLocationServiceManagerProcessLocationAvailableEvent: isValidHighAccuracyLocation 0,  isValidLowAccuracyLocation 0
12/24/2016  2:00:32.231 __WiFiDeviceProcessDumpLogsEvent: Dump logs event received, dumped wifid log buffer to file
