12/30/2016  7:40:38.697 Power stats update: Type 0x6 UnassociatedSleepDur 0 AssociatedSleepDur 240676 TotalDur 242656 RoamDur 0
12/30/2016  7:40:38.697 WiFiAWDManagerSubmitMetric: metric container could not be generated for metric id <0x90010>
12/30/2016  7:40:38.698 __WiFiLQAMgrLogStats: Rssi: -70 Cca: 35 TxPer: 0.0% (0) BcnPer: 0.0% (0) RxFrms 0 TxRate: 0 RxRate: 0
12/30/2016  7:40:38.698 __WiFiDeviceCopyLinkChangedSubReasonString: Apple80211ReturnToString failed 1
12/30/2016  7:40:38.698 __WiFiDeviceProcessDriverAvailableEvent: driver availability true, reason Initializing(0xe0821803), subreason (null)(0x0)
12/30/2016  7:40:38.698 __WiFiManagerDispatchDeviceAvailable: driver availability true

12/30/2016  7:40:38.701 __WiFiDeviceManagerAutoAssociate: Already connected to DIGI-146A.
12/30/2016  7:40:38.702 WiFiAWDManagerSubmitMetric: metric container could not be generated for metric id <0x9000e>
12/30/2016  7:40:38.707 __WiFiDeviceManagerAutoAssociate: Already connected to DIGI-146A.
12/30/2016  7:40:38.712 No Change in Background Scan Networks, Skip Re-Programming Background Scan

12/30/2016  7:40:38.735 __WiFiDeviceManagerAwdlAvailableCallback: AWDL availability changed to TRUE
12/30/2016  7:40:38.764 apsd[273] is a wow client
12/30/2016  7:40:38.764 WoW is Enabled, 1 WoW Clients
12/30/2016  7:40:38.778 Disable WoW requested by "apsd"
12/30/2016  7:40:38.779 WoW Capable = YES, Attempting to disable WoW and enable LPAS 
12/30/2016  7:40:38.779 Setting WoW params to <CFBasicHash 0x14cda7e70 [0x1a0950150]>{type = immutable dict, count = 3,
entries =>
	0 : <CFString 0x100175960 [0x1a0950150]>{contents = "IO80211InterfaceEnableLowPwrAssocMode"} = <CFBoolean 0x1a09506c8 [0x1a0950150]>{value = true}
	1 : <CFString 0x100175940 [0x1a0950150]>{contents = "IO80211InterfaceEnableWoW"} = <CFBoolean 0x1a09506d8 [0x1a0950150]>{value = false}
	2 : <CFString 0x100185ae0 [0x1a0950150]>{contents = "IO80211InterfaceEnableWoWOnCaptive"} = <CFBoolean 0x1a09506d8 [0x1a0950150]>{value = false}
}

12/30/2016  7:40:38.780 WiFiDeviceRequestAssociatedSleep: ActiveDuringSleepRequested is already set (<CFBasicHash 0x14cf80e80 [0x1a0950150]>{type = immutable dict, count = 0,
entries =>
}
).
12/30/2016  7:40:38.780 WoW Disabled, 0 WoW Clients, lpas is Enabled, WoW Override is Disabled, Captive Disabled
12/30/2016  7:40:38.780 Unable to dispatch WowStateChanged message to client dataaccessd (268435460)
12/30/2016  7:40:38.780 Unable to dispatch WowStateChanged message to client itunesstored (268435460)
12/30/2016  7:40:38.780 Unable to dispatch WowStateChanged message to client mediaserverd (268435460)
12/30/2016  7:40:38.781 Unable to dispatch WowStateChanged message to client MobileMail (268435460)
12/30/2016  7:40:38.783 Unable to dispatch WowStateChanged message to client assistantd (268435460)
12/30/2016  7:40:38.783 WoW is Disabled, 0 WoW Clients
12/30/2016  7:40:38.783 WoW is Disabled, 0 WoW Clients
12/30/2016  7:40:38.784 WoW is Disabled, 0 WoW Clients
12/30/2016  7:40:38.870 __WiFiManagerCellularTransmitCallback_block_invoke: Cellular Transmit Started = TRUE
12/30/2016  7:40:39.086 
Too frequent(0.388752 secs) rssi event from driver, ignoring

12/30/2016  7:40:39.111 WoW is Disabled, 0 WoW Clients
12/30/2016  7:40:39.242 Device display is ON
12/30/2016  7:40:39.242 __WiFiManagerSetEnableState: state TRUE, manager->enable.setting TRUE, manager->unlockedSinceBoot TRUE
12/30/2016  7:40:39.243 __WiFiDeviceManagerAutoAssociate: Already connected to DIGI-146A.
12/30/2016  7:40:39.379 Async scan requested by "locationd" for 1 iterations with maxage=0 priority normal on en0
12/30/2016  7:40:39.379 Enqueuing command type: "Scan" pending commands: 0
12/30/2016  7:40:39.379 Dequeuing command type: "Scan" pending commands: 0
12/30/2016  7:40:39.379 Attempting Apple80211ScanAsync on en0
12/30/2016  7:40:39.550 Completed Apple80211ScanAsync on en0 (0x0)
12/30/2016  7:40:39.551 Async scan request completed for "locationd" (0)
12/30/2016  7:40:39.552 Async scan requested by "locationd" for 1 iterations with maxage=0 priority normal on en0
12/30/2016  7:40:39.552 Enqueuing command type: "Scan" pending commands: 0
12/30/2016  7:40:39.552 Dequeuing command type: "Scan" pending commands: 0
12/30/2016  7:40:39.552 Attempting Apple80211ScanAsync on en0
12/30/2016  7:40:39.963 Completed Apple80211ScanAsync on en0 (0x0)
12/30/2016  7:40:39.968 Async scan request completed for "locationd" (0)
12/30/2016  7:40:43.510 __WiFiManagerCellularTransmitCallback_block_invoke: Cellular Transmit Started = FALSE
12/30/2016  7:40:43.771 Client apsd set type to normal application
12/30/2016  7:40:43.771 __WiFiManagerSetEnableState: state TRUE, manager->enable.setting TRUE, manager->unlockedSinceBoot TRUE
12/30/2016  7:40:43.771 BG Application: Not Present, BG Daemon: Present. Daemons: mediaserverd 
12/30/2016  7:40:48.647 __WiFiLQAMgrLogStats: Rssi: -69 Cca: 37 TxPer: 33.3% (3) BcnPer: 0.0% (50) RxFrms 3 TxRate: 39000 RxRate: 58500
12/30/2016  7:40:50.905 Device display is OFF
12/30/2016  7:40:53.656 __WiFiLQAMgrLogStats: Rssi: -65 Cca: 37 TxPer: 0.0% (1) BcnPer: 0.0% (50) RxFrms 1 TxRate: 39000 RxRate: 58500
12/30/2016  7:40:53.973 scanCache: Purging scan cache
12/30/2016  7:40:56.397 Received kIOMessageSystemWillSleep
12/30/2016  7:40:56.397 System Sleep notification, Disabling auto-join
12/30/2016  7:40:56.397 __WiFiManagerSetEnableState: state FALSE, manager->enable.setting TRUE, manager->unlockedSinceBoot TRUE
12/30/2016  7:40:56.397 Disabling automatic association
12/30/2016  7:40:56.431 WoW is Disabled, 0 WoW Clients
12/30/2016  7:40:56.504 __WiFiDeviceCopyLinkChangedSubReasonString: Apple80211ReturnToString failed 1
12/30/2016  7:40:56.504 __WiFiDeviceProcessDriverAvailableEvent: driver availability false, reason PowerOff(0xe0821804), subreason (null)(0x0)
12/30/2016  7:40:56.504 __WiFiManagerDispatchDeviceAvailable: driver availability false

12/30/2016  7:40:56.504 WiFiAWDManagerSubmitMetric: metric container could not be generated for metric id <0x9000e>
12/30/2016  7:40:56.509 __WiFiDeviceManagerAwdlAvailableCallback: AWDL availability changed to FALSE
12/30/2016  7:40:56.517 WoW is Disabled, 0 WoW Clients
12/30/2016  7:45:57.601 Received kIOMessageSystemWillPowerOn
12/30/2016  7:45:57.608 System wake reason: AOP.ExternalReq wlan
12/30/2016  7:45:57.612 System Powered ON notification Re-enabling auto-join
12/30/2016  7:45:57.612 __WiFiManagerSetEnableState: state TRUE, manager->enable.setting TRUE, manager->unlockedSinceBoot TRUE
12/30/2016  7:45:57.613 Enabling automatic association
12/30/2016  7:45:57.627 __WiFiDeviceManagerAutoAssociate: Already connected to DIGI-146A.
12/30/2016  7:45:57.638 WiFiLocaleManagerCheckLocale: trying to determine locale...
12/30/2016  7:45:57.638 WiFiManagerCoreLocationGetCachedLocation: getting cached location...
12/30/2016  7:45:57.638 __WiFiLocaleManagerGetLocaleFromMcc: finding iso country code for mcc 226 ....
12/30/2016  7:45:57.638 WiFiLocationServiceManagerIsLocationValid: cachedLocationTimeout 120.000000 location age 572.588807secs, lifeSpan -1.000000 accuracy 65.000000(highAccReq 0), isValid 1
12/30/2016  7:45:57.638 WiFiLocationServiceManagerStartLowAccuracyMonitoring: Cached low accuracy location is valid
12/30/2016  7:45:57.638 WiFiLocationServiceManagerIsLocationValid: cachedLocationTimeout 120.000000 location age 572.588932secs, lifeSpan -1.000000 accuracy 65.000000(highAccReq 1), isValid 1
12/30/2016  7:45:57.639 WiFiLocationServiceManagerIsLocationValid: cachedLocationTimeout 120.000000 location age 572.588969secs, lifeSpan -1.000000 accuracy 65.000000(highAccReq 0), isValid 1
12/30/2016  7:45:57.639 __WiFiLocationServiceManagerProcessLocationAvailableEvent: isValidHighAccuracyLocation 1,  isValidLowAccuracyLocation 1
12/30/2016  7:45:57.639 __WiFiLocationServiceManagerProcessLocationAvailableEvent: give low accuracy callback
12/30/2016  7:45:57.639 __WiFiLocaleManagerGetLocaleFromLocation: <+44.42604079,+26.13597927> +/- 65.00m (speed -1.00 mps / course -1.00) @ 12/30/16, 7:36:25 AM Eastern European Standard Time
12/30/2016  7:45:57.639 locale from bounding box 
12/30/2016  7:45:57.639 new locale:  , locale: 
12/30/2016  7:45:57.639 Stopping Low Accuracy Location Monitoring
12/30/2016  7:45:57.639 CLMonitoring is already stopped
12/30/2016  7:45:57.639 Stopping Low Accuracy Location Monitoring
12/30/2016  7:45:57.639 CLMonitoring is already stopped
12/30/2016  7:45:57.639 __WiFiDeviceProcessDumpLogsEvent: Dump logs event received, dumped wifid log buffer to file
