12/23/2016 17:39:32.679 BG Application: Not Present, BG Daemon: Present. Daemons: assistantd mediaserverd 
12/23/2016 17:39:32.679 __WiFiManagerSetEnableState: state TRUE, manager->enable.setting TRUE, manager->unlockedSinceBoot TRUE
12/23/2016 17:39:32.679 Auto association attempt canceled because MIS is enabled. MIS client count: wifi=3 bt=0
12/23/2016 17:39:32.868 scanCache: Purging scan cache
12/23/2016 17:39:33.544 Device display is OFF
12/23/2016 17:39:33.546 ATJManager: setting ask-to-join interaction mode to NonInteractive
12/23/2016 17:39:33.546 ATJManager: no entries to purge
12/23/2016 17:39:33.546 User interaction DISABLED
12/23/2016 17:39:33.546 Ignoring lock state manager->wakeMode 1

12/23/2016 17:40:32.688 __WiFiManagerCellularTransmitCallback_block_invoke: Cellular Transmit Started = FALSE
12/23/2016 17:40:33.361 __WiFiManagerCellularTransmitCallback_block_invoke: Cellular Transmit Started = TRUE
12/23/2016 17:40:44.638 WiFiLocaleManagerCheckLocale: trying to determine locale...
12/23/2016 17:40:44.639 WiFiManagerCoreLocationGetCachedLocation: getting cached location...
12/23/2016 17:40:44.651 __WiFiLocaleManagerGetLocaleFromMcc: finding iso country code for mcc 232 ....
12/23/2016 17:40:44.651 WiFiLocationServiceManagerIsLocationValid: cachedLocationTimeout 120.000000 location age 347.473796secs, lifeSpan -1.000000 accuracy 65.000000(highAccReq 0), isValid 1
12/23/2016 17:40:44.651 WiFiLocationServiceManagerStartLowAccuracyMonitoring: Cached low accuracy location is valid
12/23/2016 17:40:44.651 WiFiLocationServiceManagerIsLocationValid: cachedLocationTimeout 120.000000 location age 347.473935secs, lifeSpan -1.000000 accuracy 65.000000(highAccReq 1), isValid 1
12/23/2016 17:40:44.651 WiFiLocationServiceManagerIsLocationValid: cachedLocationTimeout 120.000000 location age 347.473989secs, lifeSpan -1.000000 accuracy 65.000000(highAccReq 0), isValid 1
12/23/2016 17:40:44.651 __WiFiLocationServiceManagerProcessLocationAvailableEvent: isValidHighAccuracyLocation 1,  isValidLowAccuracyLocation 1
12/23/2016 17:40:44.651 __WiFiLocationServiceManagerProcessLocationAvailableEvent: give low accuracy callback
12/23/2016 17:40:44.652 __WiFiLocaleManagerGetLocaleFromLocation: <+47.97598695,+16.85202292> +/- 65.00m (speed -1.00 mps / course -1.00) @ 12/23/16, 5:34:57 PM Central European Standard Time
12/23/2016 17:40:44.652 locale from bounding box 
12/23/2016 17:40:44.652 new locale:  , locale: 
12/23/2016 17:40:44.652 Stopping Low Accuracy Location Monitoring
12/23/2016 17:40:44.652 CLMonitoring is already stopped
12/23/2016 17:40:44.652 Stopping Low Accuracy Location Monitoring
12/23/2016 17:40:44.652 CLMonitoring is already stopped
12/23/2016 17:40:44.652 __WiFiLocationServiceManagerEventCallback, got cb dict {
    eventType = 0;
    location = "<+47.97596926,+16.85201309> +/- 217.41m (speed -1.00 mps / course -1.00) @ 12/23/16, 5:40:44 PM Central European Standard Time";
}
12/23/2016 17:40:44.653 WiFiLocationServiceManagerIsLocationValid: cachedLocationTimeout 120.000000 location age 0.011421secs, lifeSpan -1.000000 accuracy 217.410048(highAccReq 1), isValid 1
12/23/2016 17:40:44.653 WiFiLocationServiceManagerIsLocationValid: cachedLocationTimeout 120.000000 location age 0.011477secs, lifeSpan -1.000000 accuracy 217.410048(highAccReq 0), isValid 1
12/23/2016 17:40:44.653 __WiFiLocationServiceManagerProcessLocationAvailableEvent: isValidHighAccuracyLocation 1,  isValidLowAccuracyLocation 1
12/23/2016 17:41:16.859 __WiFiManagerCellularTransmitCallback_block_invoke: Cellular Transmit Started = FALSE
12/23/2016 17:41:44.442 __WiFiManagerCellularTransmitCallback_block_invoke: Cellular Transmit Started = TRUE
12/23/2016 17:42:30.781 __WiFiManagerCellularTransmitCallback_block_invoke: Cellular Transmit Started = FALSE
12/23/2016 17:42:37.975 __WiFiManagerCellularTransmitCallback_block_invoke: Cellular Transmit Started = TRUE
12/23/2016 17:42:44.638 WiFiLocaleManagerCheckLocale: trying to determine locale...
12/23/2016 17:42:44.639 WiFiManagerCoreLocationGetCachedLocation: getting cached location...
12/23/2016 17:42:44.661 __WiFiLocaleManagerGetLocaleFromMcc: finding iso country code for mcc 232 ....
12/23/2016 17:42:44.661 WiFiLocationServiceManagerIsLocationValid: cachedLocationTimeout 120.000000 location age 120.019135secs, lifeSpan -1.000000 accuracy 217.410048(highAccReq 0), isValid 1
12/23/2016 17:42:44.661 WiFiLocationServiceManagerStartLowAccuracyMonitoring: Cached low accuracy location is valid
12/23/2016 17:42:44.661 WiFiLocationServiceManagerIsLocationValid: cachedLocationTimeout 120.000000 location age 120.019275secs, lifeSpan -1.000000 accuracy 217.410048(highAccReq 1), isValid 1
12/23/2016 17:42:44.661 WiFiLocationServiceManagerIsLocationValid: cachedLocationTimeout 120.000000 location age 120.019330secs, lifeSpan -1.000000 accuracy 217.410048(highAccReq 0), isValid 1
12/23/2016 17:42:44.661 __WiFiLocationServiceManagerProcessLocationAvailableEvent: isValidHighAccuracyLocation 1,  isValidLowAccuracyLocation 1
12/23/2016 17:42:44.661 __WiFiLocationServiceManagerProcessLocationAvailableEvent: give low accuracy callback
12/23/2016 17:42:44.662 __WiFiLocaleManagerGetLocaleFromLocation: <+47.97596926,+16.85201309> +/- 217.41m (speed -1.00 mps / course -1.00) @ 12/23/16, 5:40:44 PM Central European Standard Time
12/23/2016 17:42:44.662 locale from bounding box 
12/23/2016 17:42:44.662 new locale:  , locale: 
12/23/2016 17:42:44.662 Stopping Low Accuracy Location Monitoring
12/23/2016 17:42:44.662 CLMonitoring is already stopped
12/23/2016 17:42:44.662 Stopping Low Accuracy Location Monitoring
12/23/2016 17:42:44.662 CLMonitoring is already stopped
12/23/2016 17:42:44.662 __WiFiLocationServiceManagerEventCallback, got cb dict {
    eventType = 0;
    location = "<+47.97596926,+16.85201309> +/- 217.41m (speed -1.00 mps / course -1.00) @ 12/23/16, 5:42:44 PM Central European Standard Time";
}
12/23/2016 17:42:44.663 WiFiLocationServiceManagerIsLocationValid: cachedLocationTimeout 120.000000 location age 0.021456secs, lifeSpan -1.000000 accuracy 217.410048(highAccReq 1), isValid 1
12/23/2016 17:42:44.663 WiFiLocationServiceManagerIsLocationValid: cachedLocationTimeout 120.000000 location age 0.021510secs, lifeSpan -1.000000 accuracy 217.410048(highAccReq 0), isValid 1
12/23/2016 17:42:44.663 __WiFiLocationServiceManagerProcessLocationAvailableEvent: isValidHighAccuracyLocation 1,  isValidLowAccuracyLocation 1
12/23/2016 17:42:58.645 __WiFiManagerCellularTransmitCallback_block_invoke: Cellular Transmit Started = FALSE
12/23/2016 17:43:08.465 __WiFiManagerCellularTransmitCallback_block_invoke: Cellular Transmit Started = TRUE
12/23/2016 17:43:50.778 __WiFiManagerCellularTransmitCallback_block_invoke: Cellular Transmit Started = FALSE
12/23/2016 17:44:00.234 __WiFiManagerCellularTransmitCallback_block_invoke: Cellular Transmit Started = TRUE
12/23/2016 17:44:31.673 __WiFiDeviceProcessDumpLogsEvent: Dump logs event received, dumped wifid log buffer to file
