12/22/2016 17:32:33.745 Device display is ON
12/22/2016 17:32:33.745 __WiFiManagerSetEnableState: state TRUE, manager->enable.setting TRUE, manager->unlockedSinceBoot TRUE
12/22/2016 17:32:33.745 Auto association attempt canceled because MIS is enabled. MIS client count: wifi=1 bt=0
12/22/2016 17:32:33.936 Async scan requested by "locationd" for 1 iterations with maxage=0 priority normal on en0
12/22/2016 17:32:33.937 Enqueuing command type: "Scan" pending commands: 0
12/22/2016 17:32:33.937 Dequeuing command type: "Scan" pending commands: 0
12/22/2016 17:32:33.937 Attempting Apple80211ScanAsync on en0
12/22/2016 17:32:34.145 Completed Apple80211ScanAsync on en0 (0x0)
12/22/2016 17:32:34.147 Async scan request completed for "locationd" (0)
12/22/2016 17:32:34.149 Async scan requested by "locationd" for 1 iterations with maxage=0 priority normal on en0
12/22/2016 17:32:34.149 Enqueuing command type: "Scan" pending commands: 0
12/22/2016 17:32:34.149 Dequeuing command type: "Scan" pending commands: 0
12/22/2016 17:32:34.149 Attempting Apple80211ScanAsync on en0
12/22/2016 17:32:34.589 Completed Apple80211ScanAsync on en0 (0x0)
12/22/2016 17:32:34.596 Async scan request completed for "locationd" (0)
12/22/2016 17:32:35.403 WoW is Disabled, 0 WoW Clients
12/22/2016 17:32:48.600 scanCache: Purging scan cache
12/22/2016 17:32:50.386 ATJManager: setting ask-to-join interaction mode to Interactive
12/22/2016 17:32:50.386 ATJManager: no entries to purge
12/22/2016 17:32:50.386 User interaction ENABLED
12/22/2016 17:32:50.386 Ignoring lock state manager->wakeMode 1

12/22/2016 17:32:50.386 problematic networks =  and potentially problematic networks = 
12/22/2016 17:32:50.386 Unblacklisting
12/22/2016 17:32:50.386 No Change in Background Scan Networks, Skip Re-Programming Background Scan

12/22/2016 17:32:50.386 Auto association attempt canceled because MIS is enabled. MIS client count: wifi=1 bt=0
12/22/2016 17:32:52.363 BG Application: Not Present, BG Daemon: Present. Daemons: mediaserverd apsd 
12/22/2016 17:32:52.363 LPAS is Enabled
12/22/2016 17:32:52.363 LPAS Enabled, Skip starting Disassocation timer
12/22/2016 17:32:54.083 Async scan requested by "locationd" for 1 iterations with maxage=0 priority normal on en0
12/22/2016 17:32:54.083 Enqueuing command type: "Scan" pending commands: 0
12/22/2016 17:32:54.083 Dequeuing command type: "Scan" pending commands: 0
12/22/2016 17:32:54.083 Attempting Apple80211ScanAsync on en0
12/22/2016 17:32:54.289 Completed Apple80211ScanAsync on en0 (0x0)
12/22/2016 17:32:54.290 Async scan request completed for "locationd" (0)
12/22/2016 17:32:54.291 Async scan requested by "locationd" for 1 iterations with maxage=0 priority normal on en0
12/22/2016 17:32:54.291 Enqueuing command type: "Scan" pending commands: 0
12/22/2016 17:32:54.292 Dequeuing command type: "Scan" pending commands: 0
12/22/2016 17:32:54.292 Attempting Apple80211ScanAsync on en0
12/22/2016 17:32:54.723 Completed Apple80211ScanAsync on en0 (0x0)
12/22/2016 17:32:54.724 Async scan request completed for "locationd" (0)
12/22/2016 17:32:54.726 Async scan requested by "locationd" for 1 iterations with maxage=0 priority low on en0
12/22/2016 17:32:54.726 Enqueuing command type: "Scan" pending commands: 0
12/22/2016 17:32:54.726 Dequeuing command type: "Scan" pending commands: 0
12/22/2016 17:32:54.726 Attempting Apple80211ScanAsync on en0
12/22/2016 17:32:56.277 Completed Apple80211ScanAsync on en0 (0x0)
12/22/2016 17:32:56.279 Async scan request completed for "locationd" (0)
12/22/2016 17:32:59.137 Async scan requested by "locationd" for 1 iterations with maxage=0 priority normal on en0
12/22/2016 17:32:59.137 Enqueuing command type: "Scan" pending commands: 0
12/22/2016 17:32:59.137 Dequeuing command type: "Scan" pending commands: 0
12/22/2016 17:32:59.137 Attempting Apple80211ScanAsync on en0
12/22/2016 17:32:59.568 Completed Apple80211ScanAsync on en0 (0x0)
12/22/2016 17:32:59.570 Async scan request completed for "locationd" (0)
12/22/2016 17:33:00.406 Async scan requested by "locationd" for 1 iterations with maxage=0 priority normal on en0
12/22/2016 17:33:00.406 Enqueuing command type: "Scan" pending commands: 0
12/22/2016 17:33:00.406 Dequeuing command type: "Scan" pending commands: 0
12/22/2016 17:33:00.406 Attempting Apple80211ScanAsync on en0
12/22/2016 17:33:00.614 Completed Apple80211ScanAsync on en0 (0x0)
12/22/2016 17:33:00.616 Async scan request completed for "locationd" (0)
12/22/2016 17:33:00.630 Async scan requested by "locationd" for 1 iterations with maxage=0 priority normal on en0
12/22/2016 17:33:00.630 Enqueuing command type: "Scan" pending commands: 0
12/22/2016 17:33:00.631 Dequeuing command type: "Scan" pending commands: 0
12/22/2016 17:33:00.631 Attempting Apple80211ScanAsync on en0
12/22/2016 17:33:01.064 Completed Apple80211ScanAsync on en0 (0x0)
12/22/2016 17:33:01.066 Async scan request completed for "locationd" (0)
12/22/2016 17:33:06.072 Async scan requested by "locationd" for 1 iterations with maxage=0 priority normal on en0
12/22/2016 17:33:06.072 Enqueuing command type: "Scan" pending commands: 0
12/22/2016 17:33:06.072 Dequeuing command type: "Scan" pending commands: 0
12/22/2016 17:33:06.072 Attempting Apple80211ScanAsync on en0
12/22/2016 17:33:06.506 Completed Apple80211ScanAsync on en0 (0x0)
12/22/2016 17:33:06.508 Async scan request completed for "locationd" (0)
12/22/2016 17:33:07.572 Async scan requested by "locationd" for 1 iterations with maxage=0 priority normal on en0
12/22/2016 17:33:07.572 Enqueuing command type: "Scan" pending commands: 0
12/22/2016 17:33:07.572 Dequeuing command type: "Scan" pending commands: 0
12/22/2016 17:33:07.572 Attempting Apple80211ScanAsync on en0
12/22/2016 17:33:07.776 Completed Apple80211ScanAsync on en0 (0x0)
12/22/2016 17:33:07.778 Async scan request completed for "locationd" (0)
12/22/2016 17:33:07.780 Async scan requested by "locationd" for 1 iterations with maxage=0 priority normal on en0
12/22/2016 17:33:07.780 Enqueuing command type: "Scan" pending commands: 0
12/22/2016 17:33:07.780 Dequeuing command type: "Scan" pending commands: 0
12/22/2016 17:33:07.780 Attempting Apple80211ScanAsync on en0
12/22/2016 17:33:08.215 Completed Apple80211ScanAsync on en0 (0x0)
12/22/2016 17:33:08.220 Async scan request completed for "locationd" (0)
12/22/2016 17:33:21.440 Async scan requested by "locationd" for 1 iterations with maxage=0 priority normal on en0
12/22/2016 17:33:21.442 Enqueuing command type: "Scan" pending commands: 0
12/22/2016 17:33:21.442 Dequeuing command type: "Scan" pending commands: 0
12/22/2016 17:33:21.442 Attempting Apple80211ScanAsync on en0
12/22/2016 17:33:21.652 Completed Apple80211ScanAsync on en0 (0x0)
12/22/2016 17:33:21.660 Async scan request completed for "locationd" (0)
12/22/2016 17:33:21.665 Async scan requested by "locationd" for 1 iterations with maxage=0 priority normal on en0
12/22/2016 17:33:21.665 Enqueuing command type: "Scan" pending commands: 0
12/22/2016 17:33:21.665 Dequeuing command type: "Scan" pending commands: 0
12/22/2016 17:33:21.665 Attempting Apple80211ScanAsync on en0
12/22/2016 17:33:22.111 Completed Apple80211ScanAsync on en0 (0x0)
12/22/2016 17:33:22.120 Async scan request completed for "locationd" (0)
12/22/2016 17:33:25.647 Async scan requested by "locationd" for 1 iterations with maxage=0 priority normal on en0
12/22/2016 17:33:25.647 Enqueuing command type: "Scan" pending commands: 0
12/22/2016 17:33:25.647 Dequeuing command type: "Scan" pending commands: 0
12/22/2016 17:33:25.647 Attempting Apple80211ScanAsync on en0
12/22/2016 17:33:26.080 Completed Apple80211ScanAsync on en0 (0x0)
12/22/2016 17:33:26.084 Async scan request completed for "locationd" (0)
12/22/2016 17:33:26.088 Async scan requested by "locationd" for 1 iterations with maxage=0 priority low on en0
12/22/2016 17:33:26.088 Enqueuing command type: "Scan" pending commands: 0
12/22/2016 17:33:26.088 Dequeuing command type: "Scan" pending commands: 0
12/22/2016 17:33:26.088 Attempting Apple80211ScanAsync on en0
12/22/2016 17:33:26.525 Completed Apple80211ScanAsync on en0 (0x0)
12/22/2016 17:33:26.529 Async scan request completed for "locationd" (0)
12/22/2016 17:33:27.680 Async scan requested by "locationd" for 1 iterations with maxage=0 priority normal on en0
12/22/2016 17:33:27.680 Enqueuing command type: "Scan" pending commands: 0
12/22/2016 17:33:27.680 Dequeuing command type: "Scan" pending commands: 0
12/22/2016 17:33:27.680 Attempting Apple80211ScanAsync on en0
12/22/2016 17:33:28.113 Completed Apple80211ScanAsync on en0 (0x0)
12/22/2016 17:33:28.117 Async scan request completed for "locationd" (0)
12/22/2016 17:33:34.110 Async scan requested by "locationd" for 1 iterations with maxage=0 priority normal on en0
12/22/2016 17:33:34.110 Enqueuing command type: "Scan" pending commands: 0
12/22/2016 17:33:34.110 Dequeuing command type: "Scan" pending commands: 0
12/22/2016 17:33:34.110 Attempting Apple80211ScanAsync on en0
12/22/2016 17:33:34.563 Completed Apple80211ScanAsync on en0 (0x0)
12/22/2016 17:33:34.569 Async scan request completed for "locationd" (0)
12/22/2016 17:33:40.078 Async scan requested by "locationd" for 1 iterations with maxage=0 priority normal on en0
12/22/2016 17:33:40.078 Enqueuing command type: "Scan" pending commands: 0
12/22/2016 17:33:40.078 Dequeuing command type: "Scan" pending commands: 0
12/22/2016 17:33:40.078 Attempting Apple80211ScanAsync on en0
12/22/2016 17:33:40.516 Completed Apple80211ScanAsync on en0 (0x0)
12/22/2016 17:33:40.523 Async scan request completed for "locationd" (0)
12/22/2016 17:33:44.091 Async scan requested by "locationd" for 1 iterations with maxage=0 priority normal on en0
12/22/2016 17:33:44.092 Enqueuing command type: "Scan" pending commands: 0
12/22/2016 17:33:44.092 Dequeuing command type: "Scan" pending commands: 0
12/22/2016 17:33:44.092 Attempting Apple80211ScanAsync on en0
12/22/2016 17:33:44.297 Completed Apple80211ScanAsync on en0 (0x0)
12/22/2016 17:33:44.303 Async scan request completed for "locationd" (0)
12/22/2016 17:33:44.308 Async scan requested by "locationd" for 1 iterations with maxage=0 priority normal on en0
12/22/2016 17:33:44.308 Enqueuing command type: "Scan" pending commands: 0
12/22/2016 17:33:44.308 Dequeuing command type: "Scan" pending commands: 0
12/22/2016 17:33:44.308 Attempting Apple80211ScanAsync on en0
12/22/2016 17:33:44.750 Completed Apple80211ScanAsync on en0 (0x0)
12/22/2016 17:33:44.777 Async scan request completed for "locationd" (0)
12/22/2016 17:33:44.845 WiFiLocaleManagerCheckLocale: trying to determine locale...
12/22/2016 17:33:44.845 WiFiManagerCoreLocationGetCachedLocation: getting cached location...
12/22/2016 17:33:44.846 __WiFiLocaleManagerGetLocaleFromMcc: finding iso country code for mcc 232 ....
12/22/2016 17:33:44.846 WiFiLocationServiceManagerIsLocationValid: cachedLocationTimeout 120.000000 location age 562.846346secs, lifeSpan -1.000000 accuracy 5.000000(highAccReq 0), isValid 1
12/22/2016 17:33:44.846 WiFiLocationServiceManagerStartLowAccuracyMonitoring: Cached low accuracy location is valid
12/22/2016 17:33:44.846 WiFiLocationServiceManagerIsLocationValid: cachedLocationTimeout 120.000000 location age 562.846407secs, lifeSpan -1.000000 accuracy 5.000000(highAccReq 1), isValid 1
12/22/2016 17:33:44.846 WiFiLocationServiceManagerIsLocationValid: cachedLocationTimeout 120.000000 location age 562.846429secs, lifeSpan -1.000000 accuracy 5.000000(highAccReq 0), isValid 1
12/22/2016 17:33:44.846 __WiFiLocationServiceManagerProcessLocationAvailableEvent: isValidHighAccuracyLocation 1,  isValidLowAccuracyLocation 1
12/22/2016 17:33:44.846 __WiFiLocationServiceManagerProcessLocationAvailableEvent: give low accuracy callback
12/22/2016 17:33:44.847 __WiFiLocaleManagerGetLocaleFromLocation: <+48.24506504,+16.34555977> +/- 5.00m (speed 0.61 mps / course 18.28) @ 12/22/16, 5:24:22 PM Central European Standard Time
12/22/2016 17:33:44.847 locale from bounding box 
12/22/2016 17:33:44.847 new locale:  , locale: 
12/22/2016 17:33:44.847 Stopping Low Accuracy Location Monitoring
12/22/2016 17:33:44.847 CLMonitoring is already stopped
12/22/2016 17:33:44.847 Stopping Low Accuracy Location Monitoring
12/22/2016 17:33:44.847 CLMonitoring is already stopped
12/22/2016 17:33:44.847 __WiFiLocationServiceManagerEventCallback, got cb dict {
    eventType = 0;
    location = "<+48.22730295,+16.34219980> +/- 10.00m (speed 0.63 mps / course 10.20) @ 12/22/16, 5:33:44 PM Central European Standard Time";
}
12/22/2016 17:33:44.847 WiFiLocationServiceManagerIsLocationValid: cachedLocationTimeout 120.000000 location age 0.000710secs, lifeSpan -1.000000 accuracy 10.000000(highAccReq 1), isValid 1
12/22/2016 17:33:44.847 WiFiLocationServiceManagerIsLocationValid: cachedLocationTimeout 120.000000 location age 0.000734secs, lifeSpan -1.000000 accuracy 10.000000(highAccReq 0), isValid 1
12/22/2016 17:33:44.847 __WiFiLocationServiceManagerProcessLocationAvailableEvent: isValidHighAccuracyLocation 1,  isValidLowAccuracyLocation 1
12/22/2016 17:33:50.048 Async scan requested by "locationd" for 1 iterations with maxage=0 priority normal on en0
12/22/2016 17:33:50.048 Enqueuing command type: "Scan" pending commands: 0
12/22/2016 17:33:50.048 Dequeuing command type: "Scan" pending commands: 0
12/22/2016 17:33:50.048 Attempting Apple80211ScanAsync on en0
12/22/2016 17:33:50.400 BG Application: Not Present, BG Daemon: Present. Daemons: mediaserverd apsd 
12/22/2016 17:33:50.400 BG Application: Not Present, BG Daemon: Present. Daemons: mediaserverd apsd 
12/22/2016 17:33:50.485 Completed Apple80211ScanAsync on en0 (0x0)
12/22/2016 17:33:50.496 Async scan request completed for "locationd" (0)
12/22/2016 17:33:56.055 Async scan requested by "locationd" for 1 iterations with maxage=0 priority normal on en0
12/22/2016 17:33:56.055 Enqueuing command type: "Scan" pending commands: 0
12/22/2016 17:33:56.055 Dequeuing command type: "Scan" pending commands: 0
12/22/2016 17:33:56.055 Attempting Apple80211ScanAsync on en0
12/22/2016 17:33:56.500 Completed Apple80211ScanAsync on en0 (0x0)
12/22/2016 17:33:56.514 Async scan request completed for "locationd" (0)
12/22/2016 17:33:56.519 Async scan requested by "locationd" for 1 iterations with maxage=0 priority low on en0
12/22/2016 17:33:56.519 Enqueuing command type: "Scan" pending commands: 0
12/22/2016 17:33:56.519 Dequeuing command type: "Scan" pending commands: 0
12/22/2016 17:33:56.519 Attempting Apple80211ScanAsync on en0
12/22/2016 17:33:58.074 Completed Apple80211ScanAsync on en0 (0x0)
12/22/2016 17:33:58.076 Async scan request completed for "locationd" (0)
12/22/2016 17:34:00.966 Async scan requested by "locationd" for 1 iterations with maxage=0 priority normal on en0
12/22/2016 17:34:00.966 Enqueuing command type: "Scan" pending commands: 0
12/22/2016 17:34:00.966 Dequeuing command type: "Scan" pending commands: 0
12/22/2016 17:34:00.966 Attempting Apple80211ScanAsync on en0
12/22/2016 17:34:01.416 Completed Apple80211ScanAsync on en0 (0x0)
12/22/2016 17:34:01.433 Async scan request completed for "locationd" (0)
12/22/2016 17:34:06.069 Async scan requested by "locationd" for 1 iterations with maxage=0 priority normal on en0
12/22/2016 17:34:06.069 Enqueuing command type: "Scan" pending commands: 0
12/22/2016 17:34:06.070 Dequeuing command type: "Scan" pending commands: 0
12/22/2016 17:34:06.070 Attempting Apple80211ScanAsync on en0
12/22/2016 17:34:06.521 Completed Apple80211ScanAsync on en0 (0x0)
12/22/2016 17:34:06.538 Async scan request completed for "locationd" (0)
12/22/2016 17:34:12.064 Async scan requested by "locationd" for 1 iterations with maxage=0 priority normal on en0
12/22/2016 17:34:12.064 Enqueuing command type: "Scan" pending commands: 0
12/22/2016 17:34:12.064 Dequeuing command type: "Scan" pending commands: 0
12/22/2016 17:34:12.065 Attempting Apple80211ScanAsync on en0
12/22/2016 17:34:12.502 Completed Apple80211ScanAsync on en0 (0x0)
12/22/2016 17:34:12.515 Async scan request completed for "locationd" (0)
12/22/2016 17:34:22.085 Async scan requested by "locationd" for 1 iterations with maxage=0 priority normal on en0
12/22/2016 17:34:22.085 Enqueuing command type: "Scan" pending commands: 0
12/22/2016 17:34:22.086 Dequeuing command type: "Scan" pending commands: 0
12/22/2016 17:34:22.086 Attempting Apple80211ScanAsync on en0
12/22/2016 17:34:22.536 Completed Apple80211ScanAsync on en0 (0x0)
12/22/2016 17:34:22.553 Async scan request completed for "locationd" (0)
12/22/2016 17:34:26.073 Async scan requested by "locationd" for 1 iterations with maxage=0 priority low on en0
12/22/2016 17:34:26.073 Enqueuing command type: "Scan" pending commands: 0
12/22/2016 17:34:26.073 Dequeuing command type: "Scan" pending commands: 0
12/22/2016 17:34:26.073 Attempting Apple80211ScanAsync on en0
12/22/2016 17:34:26.737 Completed Apple80211ScanAsync on en0 (0x0)
12/22/2016 17:34:26.741 Async scan request completed for "locationd" (0)
12/22/2016 17:34:28.075 Async scan requested by "locationd" for 1 iterations with maxage=0 priority normal on en0
12/22/2016 17:34:28.075 Enqueuing command type: "Scan" pending commands: 0
12/22/2016 17:34:28.075 Dequeuing command type: "Scan" pending commands: 0
12/22/2016 17:34:28.075 Attempting Apple80211ScanAsync on en0
12/22/2016 17:34:28.525 Completed Apple80211ScanAsync on en0 (0x0)
12/22/2016 17:34:28.537 Async scan request completed for "locationd" (0)
12/22/2016 17:34:34.065 Async scan requested by "locationd" for 1 iterations with maxage=0 priority normal on en0
12/22/2016 17:34:34.065 Enqueuing command type: "Scan" pending commands: 0
12/22/2016 17:34:34.065 Dequeuing command type: "Scan" pending commands: 0
12/22/2016 17:34:34.065 Attempting Apple80211ScanAsync on en0
12/22/2016 17:34:34.517 Completed Apple80211ScanAsync on en0 (0x0)
12/22/2016 17:34:34.532 Async scan request completed for "locationd" (0)
12/22/2016 17:34:40.069 Async scan requested by "locationd" for 1 iterations with maxage=0 priority normal on en0
12/22/2016 17:34:40.070 Enqueuing command type: "Scan" pending commands: 0
12/22/2016 17:34:40.070 Dequeuing command type: "Scan" pending commands: 0
12/22/2016 17:34:40.070 Attempting Apple80211ScanAsync on en0
12/22/2016 17:34:40.521 Completed Apple80211ScanAsync on en0 (0x0)
12/22/2016 17:34:40.541 Async scan request completed for "locationd" (0)
12/22/2016 17:34:46.062 Async scan requested by "locationd" for 1 iterations with maxage=0 priority normal on en0
12/22/2016 17:34:46.062 Enqueuing command type: "Scan" pending commands: 0
12/22/2016 17:34:46.063 Dequeuing command type: "Scan" pending commands: 0
12/22/2016 17:34:46.063 Attempting Apple80211ScanAsync on en0
12/22/2016 17:34:46.507 Completed Apple80211ScanAsync on en0 (0x0)
12/22/2016 17:34:46.519 Async scan request completed for "locationd" (0)
12/22/2016 17:34:51.064 Async scan requested by "locationd" for 1 iterations with maxage=0 priority normal on en0
12/22/2016 17:34:51.064 Enqueuing command type: "Scan" pending commands: 0
12/22/2016 17:34:51.065 Dequeuing command type: "Scan" pending commands: 0
12/22/2016 17:34:51.065 Attempting Apple80211ScanAsync on en0
12/22/2016 17:34:51.521 Completed Apple80211ScanAsync on en0 (0x0)
12/22/2016 17:34:51.536 Async scan request completed for "locationd" (0)
12/22/2016 17:34:57.068 Async scan requested by "locationd" for 1 iterations with maxage=0 priority normal on en0
12/22/2016 17:34:57.068 Enqueuing command type: "Scan" pending commands: 0
12/22/2016 17:34:57.068 Dequeuing command type: "Scan" pending commands: 0
12/22/2016 17:34:57.068 Attempting Apple80211ScanAsync on en0
12/22/2016 17:34:57.514 Completed Apple80211ScanAsync on en0 (0x0)
12/22/2016 17:34:57.522 Async scan request completed for "locationd" (0)
12/22/2016 17:34:57.535 Async scan requested by "locationd" for 1 iterations with maxage=0 priority low on en0
12/22/2016 17:34:57.535 Enqueuing command type: "Scan" pending commands: 0
12/22/2016 17:34:57.535 Dequeuing command type: "Scan" pending commands: 0
12/22/2016 17:34:57.535 Attempting Apple80211ScanAsync on en0
12/22/2016 17:34:57.974 Completed Apple80211ScanAsync on en0 (0x0)
12/22/2016 17:34:57.986 Async scan request completed for "locationd" (0)
12/22/2016 17:35:04.039 Async scan requested by "locationd" for 1 iterations with maxage=0 priority normal on en0
12/22/2016 17:35:04.039 Enqueuing command type: "Scan" pending commands: 0
12/22/2016 17:35:04.039 Dequeuing command type: "Scan" pending commands: 0
12/22/2016 17:35:04.039 Attempting Apple80211ScanAsync on en0
12/22/2016 17:35:04.482 Completed Apple80211ScanAsync on en0 (0x0)
12/22/2016 17:35:04.494 Async scan request completed for "locationd" (0)
12/22/2016 17:35:10.512 Async scan requested by "locationd" for 1 iterations with maxage=0 priority normal on en0
12/22/2016 17:35:10.512 Enqueuing command type: "Scan" pending commands: 0
12/22/2016 17:35:10.512 Dequeuing command type: "Scan" pending commands: 0
12/22/2016 17:35:10.512 Attempting Apple80211ScanAsync on en0
12/22/2016 17:35:10.961 Completed Apple80211ScanAsync on en0 (0x0)
12/22/2016 17:35:10.974 Async scan request completed for "locationd" (0)
12/22/2016 17:35:16.029 Async scan requested by "locationd" for 1 iterations with maxage=0 priority normal on en0
12/22/2016 17:35:16.029 Enqueuing command type: "Scan" pending commands: 0
12/22/2016 17:35:16.029 Dequeuing command type: "Scan" pending commands: 0
12/22/2016 17:35:16.029 Attempting Apple80211ScanAsync on en0
12/22/2016 17:35:16.484 Completed Apple80211ScanAsync on en0 (0x0)
12/22/2016 17:35:16.498 Async scan request completed for "locationd" (0)
12/22/2016 17:35:16.992 Async scan requested by "locationd" for 1 iterations with maxage=0 priority normal on en0
12/22/2016 17:35:16.992 Enqueuing command type: "Scan" pending commands: 0
12/22/2016 17:35:16.992 Dequeuing command type: "Scan" pending commands: 0
12/22/2016 17:35:16.992 Attempting Apple80211ScanAsync on en0
12/22/2016 17:35:17.432 Completed Apple80211ScanAsync on en0 (0x0)
12/22/2016 17:35:17.445 Async scan request completed for "locationd" (0)
12/22/2016 17:35:17.464 Async scan requested by "locationd" for 1 iterations with maxage=0 priority normal on en0
12/22/2016 17:35:17.464 Enqueuing command type: "Scan" pending commands: 0
12/22/2016 17:35:17.464 Dequeuing command type: "Scan" pending commands: 0
12/22/2016 17:35:17.464 Attempting Apple80211ScanAsync on en0
12/22/2016 17:35:19.018 Completed Apple80211ScanAsync on en0 (0x0)
12/22/2016 17:35:19.023 Async scan request completed for "locationd" (0)
12/22/2016 17:35:23.025 Async scan requested by "locationd" for 1 iterations with maxage=0 priority normal on en0
12/22/2016 17:35:23.025 Enqueuing command type: "Scan" pending commands: 0
12/22/2016 17:35:23.026 Dequeuing command type: "Scan" pending commands: 0
12/22/2016 17:35:23.026 Attempting Apple80211ScanAsync on en0
12/22/2016 17:35:23.463 Completed Apple80211ScanAsync on en0 (0x0)
12/22/2016 17:35:23.472 Async scan request completed for "locationd" (0)
12/22/2016 17:35:23.478 Async scan requested by "locationd" for 1 iterations with maxage=0 priority normal on en0
12/22/2016 17:35:23.478 Enqueuing command type: "Scan" pending commands: 0
12/22/2016 17:35:23.478 Dequeuing command type: "Scan" pending commands: 0
12/22/2016 17:35:23.478 Attempting Apple80211ScanAsync on en0
12/22/2016 17:35:23.917 Completed Apple80211ScanAsync on en0 (0x0)
12/22/2016 17:35:23.926 Async scan request completed for "locationd" (0)
12/22/2016 17:35:23.935 Async scan requested by "locationd" for 1 iterations with maxage=0 priority normal on en0
12/22/2016 17:35:23.935 Enqueuing command type: "Scan" pending commands: 0
12/22/2016 17:35:23.935 Dequeuing command type: "Scan" pending commands: 0
12/22/2016 17:35:23.935 Attempting Apple80211ScanAsync on en0
12/22/2016 17:35:25.486 Completed Apple80211ScanAsync on en0 (0x0)
12/22/2016 17:35:25.489 Async scan request completed for "locationd" (0)
12/22/2016 17:35:25.776 IPv4 Primary interface is pdp_ip0 and IPv6 Primary Interface is (null)
12/22/2016 17:35:25.786 IPv4 Primary interface is pdp_ip0 and IPv6 Primary Interface is (null)
12/22/2016 17:35:25.847 Enable WoW requested by "apsd"
12/22/2016 17:35:25.849 WoW Capable = YES, Attempting to enable WoW and disable LPAS 
12/22/2016 17:35:25.849 Setting WoW params to <CFBasicHash 0x14cf7fdf0 [0x1a0950150]>{type = immutable dict, count = 3,
entries =>
	0 : <CFString 0x100175960 [0x1a0950150]>{contents = "IO80211InterfaceEnableLowPwrAssocMode"} = <CFBoolean 0x1a09506d8 [0x1a0950150]>{value = false}
	1 : <CFString 0x100175940 [0x1a0950150]>{contents = "IO80211InterfaceEnableWoW"} = <CFBoolean 0x1a09506c8 [0x1a0950150]>{value = true}
	2 : <CFString 0x100185ae0 [0x1a0950150]>{contents = "IO80211InterfaceEnableWoWOnCaptive"} = <CFBoolean 0x1a09506d8 [0x1a0950150]>{value = false}
}

12/22/2016 17:35:25.849 WiFiDeviceRequestAssociatedSleep: ActiveDuringSleepRequested is already removed ((null)).
12/22/2016 17:35:25.849 WoW Enabled by 1 Clients, lpas is Disabled, WoW Override is Disabled, Captive Disabled
12/22/2016 17:35:25.850 Unable to dispatch WowStateChanged message to client dataaccessd (268435460)
12/22/2016 17:35:25.851 Unable to dispatch WowStateChanged message to client MobileMail (268435460)
12/22/2016 17:35:25.851 Unable to dispatch WowStateChanged message to client mediaserverd (268435460)
12/22/2016 17:35:25.851 Unable to dispatch WowStateChanged message to client itunesstored (268435460)
12/22/2016 17:35:25.851 Low bw cellular data available, so WiFi would stay connected under low signal quality
12/22/2016 17:35:25.851 WiFiLQAMgrSetWiFiFallBackPref: LQAManager WiFiFallBackPreference enabled 
12/22/2016 17:35:25.851 apsd[273] is a wow client
12/22/2016 17:35:25.851 WoW is Enabled, 1 WoW Clients
12/22/2016 17:35:25.851 apsd[273] is a wow client
12/22/2016 17:35:25.851 WoW is Enabled, 1 WoW Clients
12/22/2016 17:35:25.853 Client MobileMail set type to background application
12/22/2016 17:35:25.853 __WiFiManagerSetEnableState: state TRUE, manager->enable.setting TRUE, manager->unlockedSinceBoot TRUE
12/22/2016 17:35:25.853 BG Application: Not Present, BG Daemon: Present. Daemons: MobileMail mediaserverd apsd 
12/22/2016 17:35:25.853 Auto association attempt canceled because MIS is enabled. MIS client count: wifi=1 bt=0
12/22/2016 17:35:25.853 apsd[273] is a wow client
12/22/2016 17:35:25.853 WoW is Enabled, 1 WoW Clients
12/22/2016 17:35:29.025 Async scan requested by "locationd" for 1 iterations with maxage=0 priority normal on en0
12/22/2016 17:35:29.025 Enqueuing command type: "Scan" pending commands: 0
12/22/2016 17:35:29.025 Dequeuing command type: "Scan" pending commands: 0
12/22/2016 17:35:29.025 Attempting Apple80211ScanAsync on en0
12/22/2016 17:35:29.465 Completed Apple80211ScanAsync on en0 (0x0)
12/22/2016 17:35:29.470 Async scan request completed for "locationd" (0)
12/22/2016 17:35:31.406 ATJManager: setting ask-to-join interaction mode to NonInteractive
12/22/2016 17:35:31.406 ATJManager: no entries to purge
12/22/2016 17:35:31.407 User interaction DISABLED
12/22/2016 17:35:31.407 Ignoring lock state manager->wakeMode 1

12/22/2016 17:35:31.408 Device display is OFF
12/22/2016 17:35:31.415 __WiFiManagerCellularTransmitCallback_block_invoke: Cellular Transmit Started = FALSE
12/22/2016 17:35:34.028 Async scan requested by "locationd" for 1 iterations with maxage=0 priority normal on en0
12/22/2016 17:35:34.028 Enqueuing command type: "Scan" pending commands: 0
12/22/2016 17:35:34.029 Dequeuing command type: "Scan" pending commands: 0
12/22/2016 17:35:34.029 Attempting Apple80211ScanAsync on en0
12/22/2016 17:35:34.465 Completed Apple80211ScanAsync on en0 (0x0)
12/22/2016 17:35:34.475 Async scan request completed for "locationd" (0)
12/22/2016 17:35:34.874 DeviceClient["WirelessRadioMan"] setCoexParameters["MWS_Coex_Enabled_Channels"] = <CFArray 0x14ce5e810 [0x1a0950150]>{type = mutable-small, count = 1, values = (
	0 : <CFBasicHash 0x14e0067b0 [0x1a0950150]>{type = mutable dict, count = 1,
entries =>
	2 : <CFString 0x14ce638e0 [0x1a0950150]>{contents = "MWS_Channel_Number"} = <CFNumber 0xb000000000000003 [0x1a0950150]>{value = +0, type = kCFNumberSInt64Type}
}

)}
12/22/2016 17:35:34.875 DeviceClient["WirelessRadioMan"] setCoexParameters["MWS_Blacklisted_Channels"] = <CFArray 0x14ce638e0 [0x1a0950150]>{type = mutable-small, count = 2, values = (
	0 : <CFBasicHash 0x14ce85690 [0x1a0950150]>{type = mutable dict, count = 1,
entries =>
	2 : <CFString 0x14cee5c90 [0x1a0950150]>{contents = "MWS_Channel_Number"} = <CFNumber 0xb0000000000000c3 [0x1a0950150]>{value = +12, type = kCFNumberSInt64Type}
}

	1 : <CFBasicHash 0x14ce90450 [0x1a0950150]>{type = mutable dict, count = 1,
entries =>
	2 : <CFString 0x14cee5c90 [0x1a0950150]>{contents = "MWS_Channel_Number"} = <CFNumber 0xb0000000000000d3 [0x1a0950150]>{value = +13, type = kCFNumberSInt64Type}
}

)}
12/22/2016 17:35:34.876 DeviceClient["WirelessRadioMan"] setCoexParameters["MWS_WLAN_RX_PRI_THRESHOLD"] = 0
12/22/2016 17:35:35.487 Async scan requested by "locationd" for 1 iterations with maxage=0 priority normal on en0
12/22/2016 17:35:35.487 Enqueuing command type: "Scan" pending commands: 0
12/22/2016 17:35:35.488 Dequeuing command type: "Scan" pending commands: 0
12/22/2016 17:35:35.488 Attempting Apple80211ScanAsync on en0
12/22/2016 17:35:35.631 __WiFiManagerCellularTransmitCallback_block_invoke: Cellular Transmit Started = TRUE
12/22/2016 17:35:35.924 Completed Apple80211ScanAsync on en0 (0x0)
12/22/2016 17:35:35.927 Async scan request completed for "locationd" (0)
12/22/2016 17:35:35.941 Async scan requested by "locationd" for 1 iterations with maxage=0 priority normal on en0
12/22/2016 17:35:35.941 Enqueuing command type: "Scan" pending commands: 0
12/22/2016 17:35:35.941 Dequeuing command type: "Scan" pending commands: 0
12/22/2016 17:35:35.941 Attempting Apple80211ScanAsync on en0
12/22/2016 17:35:37.490 Completed Apple80211ScanAsync on en0 (0x0)
12/22/2016 17:35:37.492 Async scan request completed for "locationd" (0)
12/22/2016 17:35:40.552 __WiFiManagerCellularTransmitCallback_block_invoke: Cellular Transmit Started = FALSE
12/22/2016 17:35:41.026 Async scan requested by "locationd" for 1 iterations with maxage=0 priority normal on en0
12/22/2016 17:35:41.026 Enqueuing command type: "Scan" pending commands: 0
12/22/2016 17:35:41.026 Dequeuing command type: "Scan" pending commands: 0
12/22/2016 17:35:41.026 Attempting Apple80211ScanAsync on en0
12/22/2016 17:35:41.198 __WiFiManagerCellularTransmitCallback_block_invoke: Cellular Transmit Started = TRUE
12/22/2016 17:35:41.460 Completed Apple80211ScanAsync on en0 (0x0)
12/22/2016 17:35:41.464 Async scan request completed for "locationd" (0)
12/22/2016 17:35:41.560 IPv4 Primary interface is (null) and IPv6 Primary Interface is (null)
12/22/2016 17:35:41.585 MIS is already Enabled on ap1
12/22/2016 17:35:41.592 MIS is already Enabled on ap1
12/22/2016 17:35:41.599 MIS Discovery is Disabled
12/22/2016 17:35:44.102 __WiFiManagerCellularTransmitCallback_block_invoke: Cellular Transmit Started = FALSE
12/22/2016 17:35:44.849 WiFiLocaleManagerCheckLocale: trying to determine locale...
12/22/2016 17:35:44.849 WiFiManagerCoreLocationGetCachedLocation: getting cached location...
12/22/2016 17:35:44.850 __WiFiLocaleManagerGetLocaleFromMcc: finding iso country code for mcc 232 ....
12/22/2016 17:35:44.850 WiFiLocationServiceManagerIsLocationValid: cachedLocationTimeout 120.000000 location age 120.003775secs, lifeSpan -1.000000 accuracy 10.000000(highAccReq 0), isValid 1
12/22/2016 17:35:44.850 WiFiLocationServiceManagerStartLowAccuracyMonitoring: Cached low accuracy location is valid
12/22/2016 17:35:44.850 WiFiLocationServiceManagerIsLocationValid: cachedLocationTimeout 120.000000 location age 120.003905secs, lifeSpan -1.000000 accuracy 10.000000(highAccReq 1), isValid 1
12/22/2016 17:35:44.850 WiFiLocationServiceManagerIsLocationValid: cachedLocationTimeout 120.000000 location age 120.003961secs, lifeSpan -1.000000 accuracy 10.000000(highAccReq 0), isValid 1
12/22/2016 17:35:44.850 __WiFiLocationServiceManagerProcessLocationAvailableEvent: isValidHighAccuracyLocation 1,  isValidLowAccuracyLocation 1
12/22/2016 17:35:44.850 __WiFiLocationServiceManagerProcessLocationAvailableEvent: give low accuracy callback
12/22/2016 17:35:44.851 __WiFiLocaleManagerGetLocaleFromLocation: <+48.22730295,+16.34219980> +/- 10.00m (speed 0.63 mps / course 10.20) @ 12/22/16, 5:33:44 PM Central European Standard Time
12/22/2016 17:35:44.851 locale from bounding box 
12/22/2016 17:35:44.851 new locale:  , locale: 
12/22/2016 17:35:44.851 Stopping Low Accuracy Location Monitoring
12/22/2016 17:35:44.851 CLMonitoring is already stopped
12/22/2016 17:35:44.851 Stopping Low Accuracy Location Monitoring
12/22/2016 17:35:44.851 CLMonitoring is already stopped
12/22/2016 17:35:44.852 __WiFiLocationServiceManagerEventCallback, got cb dict {
    eventType = 0;
    location = "<+48.22398389,+16.34075540> +/- 165.00m (speed -1.00 mps / course -1.00) @ 12/22/16, 5:35:44 PM Central European Standard Time";
}
12/22/2016 17:35:44.853 WiFiLocationServiceManagerIsLocationValid: cachedLocationTimeout 120.000000 location age 0.001845secs, lifeSpan -1.000000 accuracy 165.000000(highAccReq 1), isValid 1
12/22/2016 17:35:44.853 WiFiLocationServiceManagerIsLocationValid: cachedLocationTimeout 120.000000 location age 0.001914secs, lifeSpan -1.000000 accuracy 165.000000(highAccReq 0), isValid 1
12/22/2016 17:35:44.853 __WiFiLocationServiceManagerProcessLocationAvailableEvent: isValidHighAccuracyLocation 1,  isValidLowAccuracyLocation 1
12/22/2016 17:35:55.469 scanCache: Purging scan cache
12/22/2016 17:36:14.502 __WiFiManagerCellularTransmitCallback_block_invoke: Cellular Transmit Started = TRUE
12/22/2016 17:36:17.092 __WiFiManagerCellularTransmitCallback_block_invoke: Cellular Transmit Started = FALSE
12/22/2016 17:36:17.916 __WiFiManagerCellularTransmitCallback_block_invoke: Cellular Transmit Started = TRUE
12/22/2016 17:36:21.703 __WiFiManagerCellularTransmitCallback_block_invoke: Cellular Transmit Started = FALSE
12/22/2016 17:36:33.034 __WiFiManagerCellularTransmitCallback_block_invoke: Cellular Transmit Started = TRUE
12/22/2016 17:36:35.387 __WiFiManagerCellularTransmitCallback_block_invoke: Cellular Transmit Started = FALSE
12/22/2016 17:36:36.670 __WiFiManagerCellularTransmitCallback_block_invoke: Cellular Transmit Started = TRUE
12/22/2016 17:36:38.904 __WiFiManagerCellularTransmitCallback_block_invoke: Cellular Transmit Started = FALSE
12/22/2016 17:36:45.934 __WiFiManagerCellularTransmitCallback_block_invoke: Cellular Transmit Started = TRUE
12/22/2016 17:36:46.223 __WiFiDeviceProcessDumpLogsEvent: Dump logs event received, dumped wifid log buffer to file
