 1/10/2017  5:14:18.178 Power stats update: Type 0x6 UnassociatedSleepDur 0 AssociatedSleepDur 202691 TotalDur 204891 RoamDur 0
 1/10/2017  5:14:18.178 WiFiAWDManagerSubmitMetric: metric container could not be generated for metric id <0x90010>
 1/10/2017  5:14:18.181 __WiFiLQAMgrLogStats: Rssi: -72 Cca: 3 TxPer: 0.0% (0) BcnPer: 0.0% (0) RxFrms 0 TxRate: 0 RxRate: 0
 1/10/2017  5:14:18.184 __WiFiDeviceCopyLinkChangedSubReasonString: Apple80211ReturnToString failed 1
 1/10/2017  5:14:18.184 __WiFiDeviceProcessDriverAvailableEvent: driver availability true, reason Initializing(0xe0821803), subreason (null)(0x0)
 1/10/2017  5:14:18.184 __WiFiManagerDispatchDeviceAvailable: driver availability true

 1/10/2017  5:14:18.190 __WiFiDeviceManagerAutoAssociate: Already connected to DIGI-146A.
 1/10/2017  5:14:18.190 WiFiAWDManagerSubmitMetric: metric container could not be generated for metric id <0x9000e>
 1/10/2017  5:14:18.191 __WiFiDeviceManagerAutoAssociate: Already connected to DIGI-146A.
 1/10/2017  5:14:18.193 No Change in Background Scan Networks, Skip Re-Programming Background Scan

 1/10/2017  5:14:18.210 __WiFiDeviceManagerAwdlAvailableCallback: AWDL availability changed to TRUE
 1/10/2017  5:14:18.515 __WiFiManagerCellularTransmitCallback_block_invoke: Cellular Transmit Started = TRUE
 1/10/2017  5:14:18.532 Disable WoW requested by "apsd"
 1/10/2017  5:14:18.536 WoW Capable = YES, Attempting to disable WoW and enable LPAS 
 1/10/2017  5:14:18.540 Setting WoW params to <CFBasicHash 0x14cfc33c0 [0x1a0950150]>{type = immutable dict, count = 3,
entries =>
	0 : <CFString 0x100175960 [0x1a0950150]>{contents = "IO80211InterfaceEnableLowPwrAssocMode"} = <CFBoolean 0x1a09506c8 [0x1a0950150]>{value = true}
	1 : <CFString 0x100175940 [0x1a0950150]>{contents = "IO80211InterfaceEnableWoW"} = <CFBoolean 0x1a09506d8 [0x1a0950150]>{value = false}
	2 : <CFString 0x100185ae0 [0x1a0950150]>{contents = "IO80211InterfaceEnableWoWOnCaptive"} = <CFBoolean 0x1a09506d8 [0x1a0950150]>{value = false}
}

 1/10/2017  5:14:18.541 WiFiDeviceRequestAssociatedSleep: ActiveDuringSleepRequested is already set (<CFBasicHash 0x14e003c00 [0x1a0950150]>{type = immutable dict, count = 0,
entries =>
}
).
 1/10/2017  5:14:18.542 WoW Disabled, 0 WoW Clients, lpas is Enabled, WoW Override is Disabled, Captive Disabled
 1/10/2017  5:14:18.544 Unable to dispatch WowStateChanged message to client dataaccessd (268435460)
 1/10/2017  5:14:18.547 Unable to dispatch WowStateChanged message to client itunesstored (268435460)
 1/10/2017  5:14:18.548 Unable to dispatch WowStateChanged message to client mediaserverd (268435460)
 1/10/2017  5:14:18.550 Unable to dispatch WowStateChanged message to client MobileMail (268435460)
 1/10/2017  5:14:18.551 Unable to dispatch WowStateChanged message to client profiled (268435460)
 1/10/2017  5:14:18.552 Unable to dispatch WowStateChanged message to client assistantd (268435460)
 1/10/2017  5:14:18.559 WoW is Disabled, 0 WoW Clients
 1/10/2017  5:14:18.560 WoW is Disabled, 0 WoW Clients
 1/10/2017  5:14:18.562 WoW is Disabled, 0 WoW Clients
 1/10/2017  5:14:18.738 WoW is Disabled, 0 WoW Clients
 1/10/2017  5:14:19.763 Device display is ON
 1/10/2017  5:14:19.763 __WiFiManagerSetEnableState: state TRUE, manager->enable.setting TRUE, manager->unlockedSinceBoot TRUE
 1/10/2017  5:14:19.763 __WiFiDeviceManagerAutoAssociate: Already connected to DIGI-146A.
 1/10/2017  5:14:23.461 Client apsd set type to normal application
 1/10/2017  5:14:23.462 __WiFiManagerSetEnableState: state TRUE, manager->enable.setting TRUE, manager->unlockedSinceBoot TRUE
 1/10/2017  5:14:23.462 BG Application: Not Present, BG Daemon: Present. Daemons: mediaserverd 
 1/10/2017  5:14:26.757 ATJManager: setting ask-to-join interaction mode to Interactive
 1/10/2017  5:14:26.757 ATJManager: no entries to purge
 1/10/2017  5:14:26.757 User interaction ENABLED
 1/10/2017  5:14:26.757 Ignoring lock state manager->wakeMode 1

 1/10/2017  5:14:26.757 problematic networks =  and potentially problematic networks = 
 1/10/2017  5:14:26.757 Unblacklisting
 1/10/2017  5:14:26.758 No Change in Background Scan Networks, Skip Re-Programming Background Scan

 1/10/2017  5:14:26.758 __WiFiDeviceManagerAutoAssociate: Already connected to DIGI-146A.
 1/10/2017  5:14:26.990 __WiFiManagerCellularTransmitCallback_block_invoke: Cellular Transmit Started = FALSE
 1/10/2017  5:14:27.507 __WiFiManagerCellularTransmitCallback_block_invoke: Cellular Transmit Started = TRUE
 1/10/2017  5:14:32.595 __WiFiManagerCellularTransmitCallback_block_invoke: Cellular Transmit Started = FALSE
 1/10/2017  5:14:33.179 __WiFiManagerCellularTransmitCallback_block_invoke: Cellular Transmit Started = TRUE
 1/10/2017  5:14:41.548 Client apsd set type to background application
 1/10/2017  5:14:41.548 __WiFiManagerSetEnableState: state TRUE, manager->enable.setting TRUE, manager->unlockedSinceBoot TRUE
 1/10/2017  5:14:41.555 BG Application: Not Present, BG Daemon: Present. Daemons: mediaserverd apsd 
 1/10/2017  5:14:41.556 __WiFiDeviceManagerAutoAssociate: Already connected to DIGI-146A.
 1/10/2017  5:14:42.162 Enable WoW requested by "apsd"
 1/10/2017  5:14:42.163 WoW Capable = YES, Attempting to enable WoW and disable LPAS 
 1/10/2017  5:14:42.163 Setting WoW params to <CFBasicHash 0x14cda4390 [0x1a0950150]>{type = immutable dict, count = 3,
entries =>
	0 : <CFString 0x100175960 [0x1a0950150]>{contents = "IO80211InterfaceEnableLowPwrAssocMode"} = <CFBoolean 0x1a09506d8 [0x1a0950150]>{value = false}
	1 : <CFString 0x100175940 [0x1a0950150]>{contents = "IO80211InterfaceEnableWoW"} = <CFBoolean 0x1a09506c8 [0x1a0950150]>{value = true}
	2 : <CFString 0x100185ae0 [0x1a0950150]>{contents = "IO80211InterfaceEnableWoWOnCaptive"} = <CFBoolean 0x1a09506d8 [0x1a0950150]>{value = false}
}

 1/10/2017  5:14:42.165 WiFiDeviceRequestAssociatedSleep: ActiveDuringSleepRequested is already set (<CFBasicHash 0x14cf682e0 [0x1a0950150]>{type = immutable dict, count = 0,
entries =>
}
).
 1/10/2017  5:14:42.165 WoW Enabled by 1 Clients, lpas is Disabled, WoW Override is Disabled, Captive Disabled
 1/10/2017  5:14:42.166 Unable to dispatch WowStateChanged message to client dataaccessd (268435460)
 1/10/2017  5:14:42.166 Unable to dispatch WowStateChanged message to client itunesstored (268435460)
 1/10/2017  5:14:42.166 Unable to dispatch WowStateChanged message to client mediaserverd (268435460)
 1/10/2017  5:14:42.167 Unable to dispatch WowStateChanged message to client MobileMail (268435460)
 1/10/2017  5:14:42.167 Unable to dispatch WowStateChanged message to client profiled (268435460)
 1/10/2017  5:14:42.168 Unable to dispatch WowStateChanged message to client assistantd (268435460)
 1/10/2017  5:14:42.168 apsd[273] is a wow client
 1/10/2017  5:14:42.168 WoW is Enabled, 1 WoW Clients
 1/10/2017  5:14:42.170 apsd[273] is a wow client
 1/10/2017  5:14:42.170 WoW is Enabled, 1 WoW Clients
 1/10/2017  5:14:42.175 apsd[273] is a wow client
 1/10/2017  5:14:42.175 WoW is Enabled, 1 WoW Clients
 1/10/2017  5:14:42.368 __WiFiManagerCellularTransmitCallback_block_invoke: Cellular Transmit Started = FALSE
 1/10/2017  5:14:48.144 __WiFiLQAMgrLogStats: Rssi: -65 Cca: 27 TxPer: 0.0% (14) BcnPer: 2.0% (100) RxFrms 12 TxRate: 52000 RxRate: 65000
 1/10/2017  5:14:53.150 __WiFiLQAMgrLogStats: Rssi: -63 Cca: 27 TxPer: 0.0% (0) BcnPer: 0.0% (0) RxFrms 0 TxRate: 52000 RxRate: 65000
 1/10/2017  5:14:58.151 __WiFiLQAMgrLogStats: Rssi: -63 Cca: 27 TxPer: 0.0% (0) BcnPer: 0.0% (0) RxFrms 0 TxRate: 0 RxRate: 0
 1/10/2017  5:15:03.160 __WiFiLQAMgrLogStats: Rssi: -63 Cca: 52 TxPer: 0.0% (1) BcnPer: 7.0% (100) RxFrms 0 TxRate: 52000 RxRate: 65000
 1/10/2017  5:15:08.168 __WiFiLQAMgrLogStats: Rssi: -64 Cca: 52 TxPer: 0.0% (0) BcnPer: 11.0% (100) RxFrms 3 TxRate: 52000 RxRate: 65000
 1/10/2017  5:15:13.177 __WiFiLQAMgrLogStats: Rssi: -65 Cca: 45 TxPer: 0.0% (0) BcnPer: 0.0% (0) RxFrms 3 TxRate: 52000 RxRate: 65000
 1/10/2017  5:15:18.185 __WiFiLQAMgrLogStats: Rssi: -63 Cca: 45 TxPer: 0.0% (0) BcnPer: 9.1% (99) RxFrms 1 TxRate: 52000 RxRate: 65000
 1/10/2017  5:15:23.186 __WiFiLQAMgrLogStats: Rssi: -63 Cca: 45 TxPer: 0.0% (0) BcnPer: 0.0% (0) RxFrms 0 TxRate: 0 RxRate: 0
 1/10/2017  5:15:26.771 Background Network Application entered
 1/10/2017  5:15:26.772 BG Application: Present, BG Daemon: Present. Daemons: mediaserverd apsd 
 1/10/2017  5:15:26.772 __WiFiManagerSetEnableState: state TRUE, manager->enable.setting TRUE, manager->unlockedSinceBoot TRUE
 1/10/2017  5:15:26.774 __WiFiDeviceManagerAutoAssociate: Already connected to DIGI-146A.
 1/10/2017  5:15:26.777 Background Network Application entered
 1/10/2017  5:15:26.777 BG Application: Not Present, BG Daemon: Present. Daemons: mediaserverd apsd 
 1/10/2017  5:15:26.777 __WiFiManagerSetEnableState: state TRUE, manager->enable.setting TRUE, manager->unlockedSinceBoot TRUE
 1/10/2017  5:15:26.777 __WiFiDeviceManagerAutoAssociate: Already connected to DIGI-146A.
 1/10/2017  5:15:28.187 __WiFiLQAMgrLogStats: Rssi: -63 Cca: 45 TxPer: 0.0% (0) BcnPer: 0.0% (0) RxFrms 0 TxRate: 0 RxRate: 0
 1/10/2017  5:15:33.188 __WiFiLQAMgrLogStats: Rssi: -63 Cca: 45 TxPer: 0.0% (0) BcnPer: 0.0% (0) RxFrms 0 TxRate: 0 RxRate: 0
 1/10/2017  5:15:38.189 __WiFiLQAMgrLogStats: Rssi: -63 Cca: 53 TxPer: 0.0% (0) BcnPer: 0.0% (0) RxFrms 0 TxRate: 0 RxRate: 0
 1/10/2017  5:15:43.190 __WiFiLQAMgrLogStats: Rssi: -63 Cca: 53 TxPer: 0.0% (0) BcnPer: 0.0% (0) RxFrms 0 TxRate: 0 RxRate: 0
 1/10/2017  5:15:48.201 __WiFiLQAMgrLogStats: Rssi: -62 Cca: 47 TxPer: 0.0% (0) BcnPer: 4.7% (300) RxFrms 5 TxRate: 52000 RxRate: 1000
 1/10/2017  5:15:48.584 WiFiLocaleManagerCheckLocale: location service or wifi is off, set locale to default
 1/10/2017  5:15:48.584 new locale:  , locale: 
 1/10/2017  5:15:53.206 __WiFiLQAMgrLogStats: Rssi: -63 Cca: 52 TxPer: 0.0% (0) BcnPer: 0.0% (0) RxFrms 3 TxRate: 52000 RxRate: 1000
 1/10/2017  5:15:58.215 __WiFiLQAMgrLogStats: Rssi: -63 Cca: 32 TxPer: 0.0% (1) BcnPer: 6.0% (100) RxFrms 1 TxRate: 52000 RxRate: 65000
 1/10/2017  5:16:13.232 __WiFiLQAMgrLogStats: Rssi: -62 Cca: 45 TxPer: 0.0% (0) BcnPer: 0.0% (0) RxFrms 0 TxRate: 0 RxRate: 0
 1/10/2017  5:16:18.241 __WiFiLQAMgrLogStats: Rssi: -58 Cca: 54 TxPer: 0.0% (1) BcnPer: 4.0% (100) RxFrms 1 TxRate: 52000 RxRate: 65000
 1/10/2017  5:16:23.242 __WiFiLQAMgrLogStats: Rssi: -58 Cca: 46 TxPer: 0.0% (0) BcnPer: 0.0% (0) RxFrms 0 TxRate: 0 RxRate: 0
 1/10/2017  5:16:28.243 __WiFiLQAMgrLogStats: Rssi: -58 Cca: 52 TxPer: 0.0% (0) BcnPer: 0.0% (0) RxFrms 0 TxRate: 0 RxRate: 0
 1/10/2017  5:16:33.251 __WiFiLQAMgrLogStats: Rssi: -59 Cca: 46 TxPer: 0.0% (0) BcnPer: 6.0% (100) RxFrms 1 TxRate: 52000 RxRate: 65000
 1/10/2017  5:16:38.252 __WiFiLQAMgrLogStats: Rssi: -59 Cca: 52 TxPer: 0.0% (0) BcnPer: 0.0% (0) RxFrms 0 TxRate: 0 RxRate: 0
 1/10/2017  5:16:43.260 __WiFiLQAMgrLogStats: Rssi: -59 Cca: 52 TxPer: 0.0% (0) BcnPer: 5.0% (100) RxFrms 2 TxRate: 52000 RxRate: 1000
 1/10/2017  5:16:48.268 __WiFiLQAMgrLogStats: Rssi: -58 Cca: 47 TxPer: 0.0% (0) BcnPer: 0.0% (100) RxFrms 1 TxRate: 52000 RxRate: 1000
 1/10/2017  5:16:53.273 __WiFiLQAMgrLogStats: Rssi: -60 Cca: 47 TxPer: 0.0% (0) BcnPer: 0.0% (0) RxFrms 1 TxRate: 52000 RxRate: 1000
 1/10/2017  5:16:58.274 __WiFiLQAMgrLogStats: Rssi: -60 Cca: 54 TxPer: 0.0% (0) BcnPer: 0.0% (0) RxFrms 0 TxRate: 0 RxRate: 0
 1/10/2017  5:17:03.282 __WiFiLQAMgrLogStats: Rssi: -60 Cca: 54 TxPer: 0.0% (0) BcnPer: 1.0% (100) RxFrms 2 TxRate: 52000 RxRate: 1000
 1/10/2017  5:17:08.291 __WiFiLQAMgrLogStats: Rssi: -60 Cca: 47 TxPer: 0.0% (0) BcnPer: 0.0% (100) RxFrms 1 TxRate: 52000 RxRate: 1000
 1/10/2017  5:17:13.292 __WiFiLQAMgrLogStats: Rssi: -60 Cca: 47 TxPer: 0.0% (0) BcnPer: 0.0% (0) RxFrms 0 TxRate: 0 RxRate: 0
 1/10/2017  5:17:18.300 __WiFiLQAMgrLogStats: Rssi: -64 Cca: 52 TxPer: 0.0% (0) BcnPer: 12.0% (100) RxFrms 1 TxRate: 52000 RxRate: 1000
 1/10/2017  5:17:23.308 __WiFiLQAMgrLogStats: Rssi: -65 Cca: 52 TxPer: 0.0% (0) BcnPer: 0.0% (0) RxFrms 3 TxRate: 52000 RxRate: 1000
 1/10/2017  5:17:28.319 __WiFiLQAMgrLogStats: Rssi: -67 Cca: 34 TxPer: 0.0% (1) BcnPer: 4.0% (100) RxFrms 3 TxRate: 52000 RxRate: 65000
 1/10/2017  5:17:33.325 __WiFiLQAMgrLogStats: Rssi: -65 Cca: 34 TxPer: 0.0% (1) BcnPer: 0.0% (0) RxFrms 0 TxRate: 52000 RxRate: 65000
 1/10/2017  5:17:38.332 __WiFiLQAMgrLogStats: Rssi: -65 Cca: 52 TxPer: 0.0% (0) BcnPer: 7.0% (100) RxFrms 4 TxRate: 52000 RxRate: 1000
 1/10/2017  5:17:43.340 __WiFiLQAMgrLogStats: Rssi: -59 Cca: 47 TxPer: 0.0% (0) BcnPer: 0.0% (0) RxFrms 1 TxRate: 52000 RxRate: 1000
 1/10/2017  5:17:48.348 __WiFiLQAMgrLogStats: Rssi: -61 Cca: 52 TxPer: 0.0% (0) BcnPer: 5.0% (100) RxFrms 1 TxRate: 52000 RxRate: 1000
 1/10/2017  5:17:48.584 WiFiLocaleManagerCheckLocale: location service or wifi is off, set locale to default
 1/10/2017  5:17:48.584 new locale:  , locale: 
 1/10/2017  5:17:53.349 __WiFiLQAMgrLogStats: Rssi: -61 Cca: 52 TxPer: 0.0% (0) BcnPer: 0.0% (0) RxFrms 0 TxRate: 0 RxRate: 0
 1/10/2017  5:17:58.350 __WiFiLQAMgrLogStats: Rssi: -61 Cca: 52 TxPer: 0.0% (0) BcnPer: 0.0% (0) RxFrms 0 TxRate: 0 RxRate: 0
 1/10/2017  5:18:03.359 __WiFiLQAMgrLogStats: Rssi: -60 Cca: 45 TxPer: 0.0% (0) BcnPer: 0.0% (100) RxFrms 1 TxRate: 52000 RxRate: 1000
 1/10/2017  5:18:08.367 __WiFiLQAMgrLogStats: Rssi: -58 Cca: 56 TxPer: 0.0% (0) BcnPer: 2.0% (100) RxFrms 2 TxRate: 52000 RxRate: 1000
 1/10/2017  5:18:13.368 __WiFiLQAMgrLogStats: Rssi: -58 Cca: 56 TxPer: 0.0% (0) BcnPer: 0.0% (0) RxFrms 0 TxRate: 0 RxRate: 0
 1/10/2017  5:18:18.373 __WiFiLQAMgrLogStats: Rssi: -59 Cca: 56 TxPer: 0.0% (0) BcnPer: 0.0% (100) RxFrms 1 TxRate: 52000 RxRate: 1000
 1/10/2017  5:18:23.374 __WiFiLQAMgrLogStats: Rssi: -59 Cca: 56 TxPer: 0.0% (0) BcnPer: 0.0% (0) RxFrms 0 TxRate: 0 RxRate: 0
 1/10/2017  5:18:28.375 __WiFiLQAMgrLogStats: Rssi: -59 Cca: 46 TxPer: 0.0% (0) BcnPer: 0.0% (0) RxFrms 0 TxRate: 0 RxRate: 0
 1/10/2017  5:18:33.377 __WiFiLQAMgrLogStats: Rssi: -59 Cca: 53 TxPer: 0.0% (0) BcnPer: 0.0% (0) RxFrms 0 TxRate: 0 RxRate: 0
 1/10/2017  5:18:38.384 __WiFiLQAMgrLogStats: Rssi: -58 Cca: 53 TxPer: 0.0% (0) BcnPer: 1.0% (200) RxFrms 4 TxRate: 52000 RxRate: 1000
 1/10/2017  5:18:43.393 __WiFiLQAMgrLogStats: Rssi: -62 Cca: 41 TxPer: 0.0% (0) BcnPer: 0.0% (0) RxFrms 1 TxRate: 52000 RxRate: 1000
 1/10/2017  5:18:48.401 __WiFiLQAMgrLogStats: Rssi: -60 Cca: 52 TxPer: 0.0% (1) BcnPer: 0.0% (100) RxFrms 1 TxRate: 52000 RxRate: 1000
 1/10/2017  5:18:53.409 __WiFiLQAMgrLogStats: Rssi: -61 Cca: 52 TxPer: 0.0% (0) BcnPer: 0.0% (0) RxFrms 3 TxRate: 52000 RxRate: 1000
 1/10/2017  5:18:58.414 __WiFiLQAMgrLogStats: Rssi: -61 Cca: 32 TxPer: 0.0% (1) BcnPer: 0.0% (100) RxFrms 3 TxRate: 58500 RxRate: 65000
 1/10/2017  5:19:03.422 __WiFiLQAMgrLogStats: Rssi: -63 Cca: 53 TxPer: 0.0% (0) BcnPer: 0.0% (0) RxFrms 3 TxRate: 58500 RxRate: 65000
 1/10/2017  5:19:08.430 __WiFiLQAMgrLogStats: Rssi: -60 Cca: 53 TxPer: 0.0% (0) BcnPer: 0.0% (100) RxFrms 1 TxRate: 58500 RxRate: 65000
 1/10/2017  5:19:13.431 __WiFiLQAMgrLogStats: Rssi: -60 Cca: 53 TxPer: 0.0% (0) BcnPer: 0.0% (0) RxFrms 0 TxRate: 0 RxRate: 0
 1/10/2017  5:19:18.440 __WiFiLQAMgrLogStats: Rssi: -62 Cca: 47 TxPer: 0.0% (0) BcnPer: 2.0% (99) RxFrms 2 TxRate: 58500 RxRate: 65000
 1/10/2017  5:19:23.441 __WiFiLQAMgrLogStats: Rssi: -62 Cca: 47 TxPer: 0.0% (0) BcnPer: 0.0% (0) RxFrms 0 TxRate: 0 RxRate: 0
 1/10/2017  5:19:28.443 __WiFiLQAMgrLogStats: Rssi: -62 Cca: 52 TxPer: 0.0% (0) BcnPer: 0.0% (0) RxFrms 0 TxRate: 0 RxRate: 0
 1/10/2017  5:19:33.450 __WiFiLQAMgrLogStats: Rssi: -62 Cca: 52 TxPer: 0.0% (0) BcnPer: 4.0% (100) RxFrms 2 TxRate: 58500 RxRate: 65000
 1/10/2017  5:19:38.455 __WiFiLQAMgrLogStats: Rssi: -62 Cca: 24 TxPer: 0.0% (0) BcnPer: 1.0% (100) RxFrms 3 TxRate: 58500 RxRate: 1000
 1/10/2017  5:19:43.463 __WiFiLQAMgrLogStats: Rssi: -59 Cca: 54 TxPer: 0.0% (0) BcnPer: 0.0% (0) RxFrms 2 TxRate: 58500 RxRate: 1000
 1/10/2017  5:19:48.471 __WiFiLQAMgrLogStats: Rssi: -58 Cca: 54 TxPer: 0.0% (0) BcnPer: 3.0% (100) RxFrms 2 TxRate: 58500 RxRate: 1000
 1/10/2017  5:19:48.584 WiFiLocaleManagerCheckLocale: location service or wifi is off, set locale to default
 1/10/2017  5:19:48.584 new locale:  , locale: 
 1/10/2017  5:19:53.472 __WiFiLQAMgrLogStats: Rssi: -58 Cca: 47 TxPer: 0.0% (0) BcnPer: 0.0% (0) RxFrms 0 TxRate: 0 RxRate: 0
 1/10/2017  5:19:58.473 __WiFiLQAMgrLogStats: Rssi: -58 Cca: 47 TxPer: 0.0% (0) BcnPer: 0.0% (0) RxFrms 0 TxRate: 0 RxRate: 0
 1/10/2017  5:20:03.481 __WiFiLQAMgrLogStats: Rssi: -61 Cca: 53 TxPer: 0.0% (1) BcnPer: 0.0% (100) RxFrms 1 TxRate: 58500 RxRate: 1000
 1/10/2017  5:20:08.489 __WiFiLQAMgrLogStats: Rssi: -62 Cca: 45 TxPer: 0.0% (0) BcnPer: 5.0% (100) RxFrms 2 TxRate: 58500 RxRate: 1000
 1/10/2017  5:20:13.489 __WiFiLQAMgrLogStats: Rssi: -62 Cca: 52 TxPer: 0.0% (0) BcnPer: 0.0% (0) RxFrms 0 TxRate: 0 RxRate: 0
 1/10/2017  5:20:18.495 __WiFiLQAMgrLogStats: Rssi: -60 Cca: 52 TxPer: 0.0% (0) BcnPer: 6.0% (100) RxFrms 1 TxRate: 58500 RxRate: 1000
 1/10/2017  5:20:23.496 __WiFiLQAMgrLogStats: Rssi: -60 Cca: 47 TxPer: 0.0% (0) BcnPer: 0.0% (0) RxFrms 0 TxRate: 0 RxRate: 0
 1/10/2017  5:20:28.505 __WiFiLQAMgrLogStats: Rssi: -62 Cca: 47 TxPer: 0.0% (1) BcnPer: 1.0% (100) RxFrms 1 TxRate: 58500 RxRate: 65000
 1/10/2017  5:20:33.506 __WiFiLQAMgrLogStats: Rssi: -62 Cca: 52 TxPer: 0.0% (0) BcnPer: 0.0% (0) RxFrms 0 TxRate: 0 RxRate: 0
 1/10/2017  5:20:38.507 __WiFiLQAMgrLogStats: Rssi: -62 Cca: 25 TxPer: 0.0% (0) BcnPer: 0.0% (0) RxFrms 0 TxRate: 0 RxRate: 0
 1/10/2017  5:20:43.515 __WiFiLQAMgrLogStats: Rssi: -61 Cca: 25 TxPer: 0.0% (0) BcnPer: 7.0% (100) RxFrms 2 TxRate: 58500 RxRate: 1000
 1/10/2017  5:20:48.523 __WiFiLQAMgrLogStats: Rssi: -61 Cca: 52 TxPer: 0.0% (0) BcnPer: 4.0% (100) RxFrms 1 TxRate: 58500 RxRate: 1000
 1/10/2017  5:20:53.524 __WiFiLQAMgrLogStats: Rssi: -61 Cca: 52 TxPer: 0.0% (0) BcnPer: 0.0% (0) RxFrms 0 TxRate: 0 RxRate: 0
 1/10/2017  5:20:58.526 __WiFiLQAMgrLogStats: Rssi: -61 Cca: 52 TxPer: 0.0% (0) BcnPer: 0.0% (0) RxFrms 0 TxRate: 0 RxRate: 0
 1/10/2017  5:21:03.533 __WiFiLQAMgrLogStats: Rssi: -62 Cca: 52 TxPer: 0.0% (0) BcnPer: 1.0% (100) RxFrms 2 TxRate: 58500 RxRate: 1000
 1/10/2017  5:21:08.542 __WiFiLQAMgrLogStats: Rssi: -62 Cca: 52 TxPer: 0.0% (0) BcnPer: 1.0% (100) RxFrms 1 TxRate: 58500 RxRate: 1000
 1/10/2017  5:21:13.543 __WiFiLQAMgrLogStats: Rssi: -62 Cca: 52 TxPer: 0.0% (0) BcnPer: 0.0% (0) RxFrms 0 TxRate: 0 RxRate: 0
 1/10/2017  5:21:18.547 __WiFiLQAMgrLogStats: Rssi: -62 Cca: 52 TxPer: 0.0% (1) BcnPer: 0.0% (100) RxFrms 4 TxRate: 58500 RxRate: 1000
 1/10/2017  5:21:23.556 __WiFiLQAMgrLogStats: Rssi: -62 Cca: 32 TxPer: 0.0% (0) BcnPer: 0.0% (0) RxFrms 3 TxRate: 58500 RxRate: 1000
 1/10/2017  5:21:28.127 apsd[273] is a wow client
 1/10/2017  5:21:28.127 WoW is Enabled, 1 WoW Clients
 1/10/2017  5:21:28.556 __WiFiLQAMgrLogStats: Rssi: -62 Cca: 52 TxPer: 0.0% (0) BcnPer: 0.0% (0) RxFrms 0 TxRate: 0 RxRate: 0
 1/10/2017  5:21:33.562 __WiFiLQAMgrLogStats: Rssi: -61 Cca: 52 TxPer: 0.0% (0) BcnPer: 1.0% (100) RxFrms 3 TxRate: 58500 RxRate: 1000
 1/10/2017  5:21:38.563 __WiFiLQAMgrLogStats: Rssi: -61 Cca: 25 TxPer: 0.0% (0) BcnPer: 0.0% (0) RxFrms 0 TxRate: 0 RxRate: 0
 1/10/2017  5:21:43.564 __WiFiLQAMgrLogStats: Rssi: -61 Cca: 25 TxPer: 0.0% (0) BcnPer: 0.0% (0) RxFrms 0 TxRate: 0 RxRate: 0
 1/10/2017  5:21:48.572 __WiFiLQAMgrLogStats: Rssi: -63 Cca: 54 TxPer: 0.0% (0) BcnPer: 0.0% (200) RxFrms 5 TxRate: 58500 RxRate: 1000
 1/10/2017  5:21:48.584 WiFiLocaleManagerCheckLocale: location service or wifi is off, set locale to default
 1/10/2017  5:21:48.584 new locale:  , locale: 
 1/10/2017  5:21:53.573 __WiFiLQAMgrLogStats: Rssi: -63 Cca: 54 TxPer: 0.0% (0) BcnPer: 0.0% (0) RxFrms 0 TxRate: 0 RxRate: 0
 1/10/2017  5:21:58.581 __WiFiLQAMgrLogStats: Rssi: -61 Cca: 33 TxPer: 0.0% (1) BcnPer: 0.0% (100) RxFrms 1 TxRate: 58500 RxRate: 65000
 1/10/2017  5:22:03.590 __WiFiLQAMgrLogStats: Rssi: -62 Cca: 57 TxPer: 0.0% (0) BcnPer: 0.0% (0) RxFrms 4 TxRate: 58500 RxRate: 65000
 1/10/2017  5:22:08.598 __WiFiLQAMgrLogStats: Rssi: -60 Cca: 57 TxPer: 0.0% (0) BcnPer: 9.0% (100) RxFrms 5 TxRate: 58500 RxRate: 65000
 1/10/2017  5:22:13.599 __WiFiLQAMgrLogStats: Rssi: -60 Cca: 57 TxPer: 0.0% (0) BcnPer: 0.0% (0) RxFrms 0 TxRate: 0 RxRate: 0
 1/10/2017  5:22:18.607 __WiFiLQAMgrLogStats: Rssi: -65 Cca: 45 TxPer: 0.0% (0) BcnPer: 2.0% (100) RxFrms 1 TxRate: 58500 RxRate: 65000
 1/10/2017  5:22:23.609 __WiFiLQAMgrLogStats: Rssi: -65 Cca: 45 TxPer: 0.0% (0) BcnPer: 0.0% (0) RxFrms 0 TxRate: 0 RxRate: 0
 1/10/2017  5:22:28.610 __WiFiLQAMgrLogStats: Rssi: -65 Cca: 53 TxPer: 0.0% (0) BcnPer: 0.0% (0) RxFrms 0 TxRate: 0 RxRate: 0
 1/10/2017  5:22:33.610 __WiFiLQAMgrLogStats: Rssi: -65 Cca: 45 TxPer: 0.0% (0) BcnPer: 0.0% (0) RxFrms 0 TxRate: 0 RxRate: 0
 1/10/2017  5:22:38.616 __WiFiLQAMgrLogStats: Rssi: -63 Cca: 45 TxPer: 0.0% (1) BcnPer: 3.0% (200) RxFrms 1 TxRate: 58500 RxRate: 1000
 1/10/2017  5:22:43.624 __WiFiLQAMgrLogStats: Rssi: -68 Cca: 53 TxPer: 0.0% (0) BcnPer: 0.0% (0) RxFrms 1 TxRate: 58500 RxRate: 1000
 1/10/2017  5:22:48.628 __WiFiLQAMgrLogStats: Rssi: -65 Cca: 53 TxPer: 0.0% (0) BcnPer: 5.0% (100) RxFrms 1 TxRate: 58500 RxRate: 1000
 1/10/2017  5:22:53.629 __WiFiLQAMgrLogStats: Rssi: -65 Cca: 53 TxPer: 0.0% (0) BcnPer: 0.0% (0) RxFrms 0 TxRate: 0 RxRate: 0
 1/10/2017  5:22:58.630 __WiFiLQAMgrLogStats: Rssi: -65 Cca: 46 TxPer: 0.0% (0) BcnPer: 0.0% (0) RxFrms 0 TxRate: 0 RxRate: 0
 1/10/2017  5:23:03.639 __WiFiLQAMgrLogStats: Rssi: -61 Cca: 46 TxPer: 0.0% (0) BcnPer: 0.0% (99) RxFrms 2 TxRate: 58500 RxRate: 1000
 1/10/2017  5:23:08.647 __WiFiLQAMgrLogStats: Rssi: -64 Cca: 54 TxPer: 0.0% (0) BcnPer: 6.0% (100) RxFrms 4 TxRate: 58500 RxRate: 1000
 1/10/2017  5:23:28.669 
Too frequent(0.504380 secs) rssi event from driver, ignoring

 1/10/2017  5:23:33.670 
Too frequent(0.487890 secs) rssi event from driver, ignoring

 1/10/2017  5:23:38.671 __WiFiLQAMgrLogStats: Rssi: -72 Cca: 4 TxPer: 0.0% (0) BcnPer: 0.0% (0) RxFrms 0 TxRate: 0 RxRate: 0
 1/10/2017  5:23:39.004 
Too frequent(0.332455 secs) rssi event from driver, ignoring

 1/10/2017  5:23:44.021 
Too frequent(0.348807 secs) rssi event from driver, ignoring

 1/10/2017  5:23:48.583 WiFiLocaleManagerCheckLocale: location service or wifi is off, set locale to default
 1/10/2017  5:23:48.583 new locale:  , locale: 
 1/10/2017  5:23:58.690 __WiFiLQAMgrLogStats: Rssi: -68 Cca: 53 TxPer: 0.0% (0) BcnPer: 0.0% (0) RxFrms 0 TxRate: 0 RxRate: 0
 1/10/2017  5:23:58.972 
Too frequent(0.282430 secs) rssi event from driver, ignoring

 1/10/2017  5:24:03.990 
Too frequent(0.296323 secs) rssi event from driver, ignoring

 1/10/2017  5:24:13.704 __WiFiLQAMgrLogStats: Rssi: -69 Cca: 46 TxPer: 0.0% (0) BcnPer: 0.0% (0) RxFrms 0 TxRate: 0 RxRate: 0
 1/10/2017  5:24:18.711 __WiFiLQAMgrLogStats: Rssi: -64 Cca: 53 TxPer: 0.0% (0) BcnPer: 14.0% (100) RxFrms 2 TxRate: 58500 RxRate: 1000
 1/10/2017  5:24:33.721 __WiFiLQAMgrLogStats: Rssi: -69 Cca: 45 TxPer: 0.0% (0) BcnPer: 0.0% (0) RxFrms 0 TxRate: 0 RxRate: 0
 1/10/2017  5:24:38.729 __WiFiLQAMgrLogStats: Rssi: -66 Cca: 52 TxPer: 0.0% (0) BcnPer: 11.0% (200) RxFrms 2 TxRate: 58500 RxRate: 1000
 1/10/2017  5:24:43.735 __WiFiLQAMgrLogStats: Rssi: -66 Cca: 32 TxPer: 0.0% (0) BcnPer: 0.0% (0) RxFrms 3 TxRate: 58500 RxRate: 1000
 1/10/2017  5:24:48.743 __WiFiLQAMgrLogStats: Rssi: -67 Cca: 32 TxPer: 0.0% (0) BcnPer: 14.0% (100) RxFrms 1 TxRate: 58500 RxRate: 1000
 1/10/2017  5:24:53.745 __WiFiLQAMgrLogStats: Rssi: -67 Cca: 32 TxPer: 0.0% (0) BcnPer: 0.0% (0) RxFrms 0 TxRate: 0 RxRate: 0
 1/10/2017  5:25:03.761 __WiFiLQAMgrLogStats: Rssi: -70 Cca: 32 TxPer: 0.0% (0) BcnPer: 0.0% (0) RxFrms 2 TxRate: 52000 RxRate: 65000
 1/10/2017  5:25:04.101 
Too frequent(0.340257 secs) rssi event from driver, ignoring

 1/10/2017  5:25:13.778 __WiFiLQAMgrLogStats: Rssi: -66 Cca: 52 TxPer: 0.0% (0) BcnPer: 0.0% (0) RxFrms 4 TxRate: 52000 RxRate: 65000
 1/10/2017  5:25:18.786 __WiFiLQAMgrLogStats: Rssi: -69 Cca: 52 TxPer: 0.0% (0) BcnPer: 10.0% (100) RxFrms 3 TxRate: 52000 RxRate: 65000
 1/10/2017  5:25:23.794 __WiFiLQAMgrLogStats: Rssi: -67 Cca: 52 TxPer: 0.0% (0) BcnPer: 0.0% (0) RxFrms 3 TxRate: 52000 RxRate: 65000
 1/10/2017  5:25:28.803 __WiFiLQAMgrLogStats: Rssi: -66 Cca: 52 TxPer: 0.0% (0) BcnPer: 2.0% (100) RxFrms 3 TxRate: 52000 RxRate: 65000
 1/10/2017  5:25:43.806 
Too frequent(0.666850 secs) rssi event from driver, ignoring

 1/10/2017  5:25:48.582 WiFiLocaleManagerCheckLocale: location service or wifi is off, set locale to default
 1/10/2017  5:25:48.582 new locale:  , locale: 
 1/10/2017  5:25:48.814 
Too frequent(0.657484 secs) rssi event from driver, ignoring

 1/10/2017  5:25:53.815 __WiFiLQAMgrLogStats: Rssi: -65 Cca: 47 TxPer: 0.0% (0) BcnPer: 0.0% (0) RxFrms 0 TxRate: 0 RxRate: 0
 1/10/2017  5:25:58.816 __WiFiLQAMgrLogStats: Rssi: -65 Cca: 47 TxPer: 0.0% (0) BcnPer: 0.0% (0) RxFrms 0 TxRate: 0 RxRate: 0
 1/10/2017  5:26:03.824 __WiFiLQAMgrLogStats: Rssi: -68 Cca: 52 TxPer: 0.0% (0) BcnPer: 4.0% (100) RxFrms 5 TxRate: 52000 RxRate: 1000
 1/10/2017  5:26:08.830 __WiFiLQAMgrLogStats: Rssi: -68 Cca: 52 TxPer: 0.0% (0) BcnPer: 2.0% (100) RxFrms 1 TxRate: 52000 RxRate: 1000
 1/10/2017  5:26:13.830 
Too frequent(0.684872 secs) rssi event from driver, ignoring

 1/10/2017  5:26:18.838 
Too frequent(0.676099 secs) rssi event from driver, ignoring

 1/10/2017  5:26:23.848 __WiFiLQAMgrLogStats: Rssi: -65 Cca: 42 TxPer: 0.0% (1) BcnPer: 0.0% (0) RxFrms 0 TxRate: 52000 RxRate: 1000
 1/10/2017  5:26:28.856 __WiFiLQAMgrLogStats: Rssi: -67 Cca: 56 TxPer: 0.0% (1) BcnPer: 1.0% (100) RxFrms 4 TxRate: 52000 RxRate: 65000
 1/10/2017  5:26:33.857 __WiFiLQAMgrLogStats: Rssi: -67 Cca: 56 TxPer: 0.0% (0) BcnPer: 0.0% (0) RxFrms 0 TxRate: 0 RxRate: 0
 1/10/2017  5:26:38.888 __WiFiLQAMgrLogStats: Rssi: -64 Cca: 47 TxPer: 0.0% (6) BcnPer: 0.0% (99) RxFrms 7 TxRate: 52000 RxRate: 65000
 1/10/2017  5:26:48.874 __WiFiLQAMgrLogStats: Rssi: -66 Cca: 30 TxPer: 0.0% (0) BcnPer: 0.0% (100) RxFrms 4 TxRate: 52000 RxRate: 65000
 1/10/2017  5:26:53.884 __WiFiLQAMgrLogStats: Rssi: -64 Cca: 53 TxPer: 0.0% (0) BcnPer: 0.0% (0) RxFrms 1 TxRate: 52000 RxRate: 65000
 1/10/2017  5:26:58.884 __WiFiLQAMgrLogStats: Rssi: -64 Cca: 47 TxPer: 0.0% (0) BcnPer: 0.0% (0) RxFrms 0 TxRate: 0 RxRate: 0
 1/10/2017  5:27:03.891 __WiFiLQAMgrLogStats: Rssi: -66 Cca: 57 TxPer: 0.0% (0) BcnPer: 0.0% (100) RxFrms 5 TxRate: 52000 RxRate: 65000
 1/10/2017  5:27:08.901 __WiFiLQAMgrLogStats: Rssi: -66 Cca: 57 TxPer: 0.0% (0) BcnPer: 1.0% (100) RxFrms 1 TxRate: 52000 RxRate: 65000
 1/10/2017  5:27:13.902 __WiFiLQAMgrLogStats: Rssi: -66 Cca: 57 TxPer: 0.0% (0) BcnPer: 0.0% (0) RxFrms 0 TxRate: 0 RxRate: 0
 1/10/2017  5:27:18.909 __WiFiLQAMgrLogStats: Rssi: -65 Cca: 57 TxPer: 0.0% (0) BcnPer: 0.0% (100) RxFrms 4 TxRate: 52000 RxRate: 65000
 1/10/2017  5:27:23.910 __WiFiLQAMgrLogStats: Rssi: -65 Cca: 45 TxPer: 0.0% (0) BcnPer: 0.0% (0) RxFrms 0 TxRate: 0 RxRate: 0
 1/10/2017  5:27:28.911 __WiFiLQAMgrLogStats: Rssi: -65 Cca: 53 TxPer: 0.0% (0) BcnPer: 0.0% (0) RxFrms 0 TxRate: 0 RxRate: 0
 1/10/2017  5:27:33.920 __WiFiLQAMgrLogStats: Rssi: -68 Cca: 53 TxPer: 0.0% (0) BcnPer: 4.0% (100) RxFrms 2 TxRate: 52000 RxRate: 65000
 1/10/2017  5:27:48.581 WiFiLocaleManagerCheckLocale: location service or wifi is off, set locale to default
 1/10/2017  5:27:48.581 new locale:  , locale: 
 1/10/2017  5:27:58.960 __WiFiLQAMgrLogStats: Rssi: -67 Cca: 36 TxPer: 0.0% (1) BcnPer: 1.0% (100) RxFrms 2 TxRate: 52000 RxRate: 52000
 1/10/2017  5:28:18.991 
Too frequent(0.906697 secs) rssi event from driver, ignoring

 1/10/2017  5:28:23.998 
Too frequent(0.896339 secs) rssi event from driver, ignoring

 1/10/2017  5:28:29.008 __WiFiLQAMgrLogStats: Rssi: -70 Cca: 54 TxPer: 0.0% (0) BcnPer: 2.0% (100) RxFrms 3 TxRate: 52000 RxRate: 52000
 1/10/2017  5:28:29.025 
Too frequent(0.016716 secs) rssi event from driver, ignoring

 1/10/2017  5:28:34.043 
Too frequent(0.027866 secs) rssi event from driver, ignoring

 1/10/2017  5:28:39.058 
Too frequent(0.042067 secs) rssi event from driver, ignoring

 1/10/2017  5:28:44.076 
Too frequent(0.049778 secs) rssi event from driver, ignoring

 1/10/2017  5:28:49.294 
Too frequent(0.261592 secs) rssi event from driver, ignoring

 1/10/2017  5:28:57.826 apsd[273] is a wow client
 1/10/2017  5:28:57.827 WoW is Enabled, 1 WoW Clients
 1/10/2017  5:29:19.064 __WiFiLQAMgrLogStats: Rssi: -67 Cca: 54 TxPer: 0.0% (0) BcnPer: 4.0% (100) RxFrms 4 TxRate: 52000 RxRate: 1000
 1/10/2017  5:29:24.072 __WiFiLQAMgrLogStats: Rssi: -68 Cca: 54 TxPer: 0.0% (0) BcnPer: 0.0% (0) RxFrms 3 TxRate: 52000 RxRate: 1000
 1/10/2017  5:29:29.080 
Too frequent(0.548278 secs) rssi event from driver, ignoring

 1/10/2017  5:29:34.081 
Too frequent(0.531692 secs) rssi event from driver, ignoring

 1/10/2017  5:29:39.083 
Too frequent(0.514991 secs) rssi event from driver, ignoring

 1/10/2017  5:29:44.084 
Too frequent(0.498535 secs) rssi event from driver, ignoring

 1/10/2017  5:29:48.581 WiFiLocaleManagerCheckLocale: location service or wifi is off, set locale to default
 1/10/2017  5:29:48.581 new locale:  , locale: 
 1/10/2017  5:29:49.092 __WiFiLQAMgrLogStats: Rssi: -67 Cca: 52 TxPer: 0.0% (0) BcnPer: 7.0% (200) RxFrms 2 TxRate: 52000 RxRate: 1000
 1/10/2017  5:29:54.092 __WiFiLQAMgrLogStats: Rssi: -67 Cca: 52 TxPer: 0.0% (0) BcnPer: 0.0% (0) RxFrms 0 TxRate: 0 RxRate: 0
 1/10/2017  5:29:59.092 __WiFiLQAMgrLogStats: Rssi: -67 Cca: 52 TxPer: 0.0% (0) BcnPer: 0.0% (0) RxFrms 0 TxRate: 0 RxRate: 0
 1/10/2017  5:30:04.100 __WiFiLQAMgrLogStats: Rssi: -69 Cca: 47 TxPer: 0.0% (0) BcnPer: 0.0% (100) RxFrms 2 TxRate: 52000 RxRate: 1000
 1/10/2017  5:30:44.121 __WiFiLQAMgrLogStats: Rssi: -67 Cca: 56 TxPer: 0.0% (0) BcnPer: 10.0% (100) RxFrms 2 TxRate: 52000 RxRate: 1000
 1/10/2017  5:30:49.129 __WiFiLQAMgrLogStats: Rssi: -66 Cca: 46 TxPer: 0.0% (0) BcnPer: 9.0% (100) RxFrms 3 TxRate: 52000 RxRate: 1000
 1/10/2017  5:30:54.133 __WiFiLQAMgrLogStats: Rssi: -68 Cca: 46 TxPer: 0.0% (1) BcnPer: 0.0% (0) RxFrms 2 TxRate: 52000 RxRate: 58500
 1/10/2017  5:31:19.159 __WiFiLQAMgrLogStats: Rssi: -66 Cca: 56 TxPer: 0.0% (0) BcnPer: 13.0% (100) RxFrms 4 TxRate: 52000 RxRate: 58500
 1/10/2017  5:31:31.206 ATJManager: setting ask-to-join interaction mode to NonInteractive
 1/10/2017  5:31:31.206 ATJManager: no entries to purge
 1/10/2017  5:31:31.206 User interaction DISABLED
 1/10/2017  5:31:31.206 Ignoring lock state manager->wakeMode 1

 1/10/2017  5:31:31.214 Device display is OFF
 1/10/2017  5:31:34.178 __WiFiLQAMgrLogStats: Rssi: -66 Cca: 40 TxPer: 0.0% (2) BcnPer: 11.0% (100) RxFrms 2 TxRate: 52000 RxRate: 58500
 1/10/2017  5:31:39.186 __WiFiLQAMgrLogStats: Rssi: -66 Cca: 18 TxPer: 7.7% (26) BcnPer: 12.0% (100) RxFrms 20 TxRate: 58500 RxRate: 65000
 1/10/2017  5:31:41.597 Received kIOMessageSystemWillSleep
 1/10/2017  5:31:41.597 System Sleep notification, Disabling auto-join
 1/10/2017  5:31:41.597 __WiFiManagerSetEnableState: state FALSE, manager->enable.setting TRUE, manager->unlockedSinceBoot TRUE
 1/10/2017  5:31:41.597 Disabling automatic association
 1/10/2017  5:31:41.634 apsd[273] is a wow client
 1/10/2017  5:31:41.634 WoW is Enabled, 1 WoW Clients
 1/10/2017  5:31:41.740 __WiFiDeviceCopyLinkChangedSubReasonString: Apple80211ReturnToString failed 1
 1/10/2017  5:31:41.740 __WiFiDeviceProcessDriverAvailableEvent: driver availability false, reason PowerOff(0xe0821804), subreason (null)(0x0)
 1/10/2017  5:31:41.741 __WiFiManagerDispatchDeviceAvailable: driver availability false

 1/10/2017  5:31:41.741 WiFiAWDManagerSubmitMetric: metric container could not be generated for metric id <0x9000e>
 1/10/2017  5:31:41.744 __WiFiDeviceManagerAwdlAvailableCallback: AWDL availability changed to FALSE
 1/10/2017  5:31:41.746 apsd[273] is a wow client
 1/10/2017  5:31:41.746 WoW is Enabled, 1 WoW Clients
 1/10/2017  5:48:57.592 Received kIOMessageSystemWillPowerOn
 1/10/2017  5:48:57.600 System wake reason: AOP.ExternalReq menu
 1/10/2017  5:48:57.600 System Powered ON notification Re-enabling auto-join
 1/10/2017  5:48:57.600 __WiFiManagerSetEnableState: state TRUE, manager->enable.setting TRUE, manager->unlockedSinceBoot TRUE
 1/10/2017  5:48:57.600 Enabling automatic association
 1/10/2017  5:48:57.601 __WiFiDeviceManagerAutoAssociate: Already connected to DIGI-146A.
 1/10/2017  5:48:57.601 WiFiLocaleManagerCheckLocale: location service or wifi is off, set locale to default
 1/10/2017  5:48:57.601 new locale:  , locale: 
 1/10/2017  5:48:57.634 Device display is ON
 1/10/2017  5:48:57.634 __WiFiManagerSetEnableState: state TRUE, manager->enable.setting TRUE, manager->unlockedSinceBoot TRUE
 1/10/2017  5:48:57.635 __WiFiDeviceManagerAutoAssociate: Already connected to DIGI-146A.
 1/10/2017  5:48:57.635 Power stats update: Type 0x6 UnassociatedSleepDur 0 AssociatedSleepDur 1028319 TotalDur 1035968 RoamDur 0
 1/10/2017  5:48:57.635 WiFiAWDManagerSubmitMetric: metric container could not be generated for metric id <0x90010>
 1/10/2017  5:48:57.714 __WiFiDeviceManagerAwdlAvailableCallback: AWDL availability changed to TRUE
 1/10/2017  5:48:57.714 __WiFiLQAMgrLogStats: Rssi: -58 Cca: 18 TxPer: 0.0% (0) BcnPer: 0.0% (0) RxFrms 0 TxRate: 0 RxRate: 0
 1/10/2017  5:48:57.716 __WiFiDeviceCopyLinkChangedSubReasonString: Apple80211ReturnToString failed 1
 1/10/2017  5:48:57.716 __WiFiDeviceProcessDriverAvailableEvent: driver availability true, reason Initializing(0xe0821803), subreason (null)(0x0)
 1/10/2017  5:48:57.716 __WiFiManagerDispatchDeviceAvailable: driver availability true

 1/10/2017  5:48:57.718 __WiFiDeviceManagerAutoAssociate: Already connected to DIGI-146A.
 1/10/2017  5:48:57.718 WiFiAWDManagerSubmitMetric: metric container could not be generated for metric id <0x9000e>
 1/10/2017  5:48:57.720 __WiFiDeviceManagerAutoAssociate: Already connected to DIGI-146A.
 1/10/2017  5:48:57.721 No Change in Background Scan Networks, Skip Re-Programming Background Scan

 1/10/2017  5:48:57.723 Disable WoW requested by "apsd"
 1/10/2017  5:48:57.728 WoW Capable = YES, Attempting to disable WoW and enable LPAS 
 1/10/2017  5:48:57.729 Setting WoW params to <CFBasicHash 0x14cea4010 [0x1a0950150]>{type = immutable dict, count = 3,
entries =>
	0 : <CFString 0x100175960 [0x1a0950150]>{contents = "IO80211InterfaceEnableLowPwrAssocMode"} = <CFBoolean 0x1a09506c8 [0x1a0950150]>{value = true}
	1 : <CFString 0x100175940 [0x1a0950150]>{contents = "IO80211InterfaceEnableWoW"} = <CFBoolean 0x1a09506d8 [0x1a0950150]>{value = false}
	2 : <CFString 0x100185ae0 [0x1a0950150]>{contents = "IO80211InterfaceEnableWoWOnCaptive"} = <CFBoolean 0x1a09506d8 [0x1a0950150]>{value = false}
}

 1/10/2017  5:48:57.729 WiFiDeviceRequestAssociatedSleep: ActiveDuringSleepRequested is already set (<CFBasicHash 0x14ced0680 [0x1a0950150]>{type = immutable dict, count = 0,
entries =>
}
).
 1/10/2017  5:48:57.729 WoW Disabled, 0 WoW Clients, lpas is Enabled, WoW Override is Disabled, Captive Disabled
 1/10/2017  5:48:57.729 Unable to dispatch WowStateChanged message to client dataaccessd (268435460)
 1/10/2017  5:48:57.731 Unable to dispatch WowStateChanged message to client itunesstored (268435460)
 1/10/2017  5:48:57.732 Unable to dispatch WowStateChanged message to client mediaserverd (268435460)
 1/10/2017  5:48:57.732 Unable to dispatch WowStateChanged message to client MobileMail (268435460)
 1/10/2017  5:48:57.732 Unable to dispatch WowStateChanged message to client profiled (268435460)
 1/10/2017  5:48:57.733 Unable to dispatch WowStateChanged message to client assistantd (268435460)
 1/10/2017  5:48:57.738 __WiFiManagerCellularTransmitCallback_block_invoke: Cellular Transmit Started = FALSE
 1/10/2017  5:48:57.755 WoW is Disabled, 0 WoW Clients
 1/10/2017  5:48:57.756 WoW is Disabled, 0 WoW Clients
 1/10/2017  5:48:57.756 WoW is Disabled, 0 WoW Clients
 1/10/2017  5:48:57.869 WoW is Disabled, 0 WoW Clients
 1/10/2017  5:49:01.904 ATJManager: setting ask-to-join interaction mode to Interactive
 1/10/2017  5:49:01.904 ATJManager: no entries to purge
 1/10/2017  5:49:01.904 User interaction ENABLED
 1/10/2017  5:49:01.904 Ignoring lock state manager->wakeMode 1

 1/10/2017  5:49:01.904 problematic networks =  and potentially problematic networks = 
 1/10/2017  5:49:01.904 Unblacklisting
 1/10/2017  5:49:01.905 No Change in Background Scan Networks, Skip Re-Programming Background Scan

 1/10/2017  5:49:01.905 __WiFiDeviceManagerAutoAssociate: Already connected to DIGI-146A.
 1/10/2017  5:49:02.672 Client apsd set type to normal application
 1/10/2017  5:49:02.672 __WiFiManagerSetEnableState: state TRUE, manager->enable.setting TRUE, manager->unlockedSinceBoot TRUE
 1/10/2017  5:49:02.672 BG Application: Not Present, BG Daemon: Present. Daemons: mediaserverd 
 1/10/2017  5:49:04.214 WiFiLocaleManagerCheckLocale: location service or wifi is off, set locale to default
 1/10/2017  5:49:04.214 new locale:  , locale: 
 1/10/2017  5:49:04.246 ATJManager: setting ask-to-join interaction mode to NonInteractive
 1/10/2017  5:49:04.246 ATJManager: no entries to purge
 1/10/2017  5:49:04.246 User interaction DISABLED
 1/10/2017  5:49:04.246 Ignoring lock state manager->wakeMode 1

 1/10/2017  5:49:04.276 Device display is OFF
 1/10/2017  5:49:07.553 __WiFiLQAMgrLogStats: Rssi: -67 Cca: 52 TxPer: 0.0% (1) BcnPer: 0.0% (0) RxFrms 4 TxRate: 65000 RxRate: 65000
 1/10/2017  5:49:10.249 Received kIOMessageSystemWillSleep
 1/10/2017  5:49:10.249 System Sleep notification, Disabling auto-join
 1/10/2017  5:49:10.249 __WiFiManagerSetEnableState: state FALSE, manager->enable.setting TRUE, manager->unlockedSinceBoot TRUE
 1/10/2017  5:49:10.249 Disabling automatic association
 1/10/2017  5:49:10.274 WoW is Disabled, 0 WoW Clients
 1/10/2017  5:49:10.386 __WiFiDeviceCopyLinkChangedSubReasonString: Apple80211ReturnToString failed 1
 1/10/2017  5:49:10.386 __WiFiDeviceProcessDriverAvailableEvent: driver availability false, reason PowerOff(0xe0821804), subreason (null)(0x0)
 1/10/2017  5:49:10.386 __WiFiManagerDispatchDeviceAvailable: driver availability false

 1/10/2017  5:49:10.388 WiFiAWDManagerSubmitMetric: metric container could not be generated for metric id <0x9000e>
 1/10/2017  5:49:10.392 __WiFiDeviceManagerAwdlAvailableCallback: AWDL availability changed to FALSE
 1/10/2017  5:49:10.402 WoW is Disabled, 0 WoW Clients
 1/10/2017  5:54:11.481 Received kIOMessageSystemWillPowerOn
 1/10/2017  5:54:11.481 System wake reason: AOP.ExternalReq wlan
 1/10/2017  5:54:11.481 System Powered ON notification Re-enabling auto-join
 1/10/2017  5:54:11.481 __WiFiManagerSetEnableState: state TRUE, manager->enable.setting TRUE, manager->unlockedSinceBoot TRUE
 1/10/2017  5:54:11.481 Enabling automatic association
 1/10/2017  5:54:11.481 __WiFiDeviceManagerAutoAssociate: Already connected to DIGI-146A.
 1/10/2017  5:54:11.481 WiFiLocaleManagerCheckLocale: location service or wifi is off, set locale to default
 1/10/2017  5:54:11.481 new locale:  , locale: 
 1/10/2017  5:54:11.493 __WiFiDeviceProcessDumpLogsEvent: Dump logs event received, dumped wifid log buffer to file
