12/23/2016 21:14:44.549 WiFiLocaleManagerCheckLocale: trying to determine locale...
12/23/2016 21:14:44.549 WiFiManagerCoreLocationGetCachedLocation: getting cached location...
12/23/2016 21:14:44.568 __WiFiLocaleManagerGetLocaleFromMcc: finding iso country code for mcc 216 ....
12/23/2016 21:14:44.568 WiFiLocationServiceManagerIsLocationValid: cachedLocationTimeout 120.000000 location age 1475.548781secs, lifeSpan -1.000000 accuracy 65.000000(highAccReq 0), isValid 1
12/23/2016 21:14:44.568 WiFiLocationServiceManagerStartLowAccuracyMonitoring: Cached low accuracy location is valid
12/23/2016 21:14:44.568 WiFiLocationServiceManagerIsLocationValid: cachedLocationTimeout 120.000000 location age 1475.548920secs, lifeSpan -1.000000 accuracy 65.000000(highAccReq 1), isValid 1
12/23/2016 21:14:44.568 WiFiLocationServiceManagerIsLocationValid: cachedLocationTimeout 120.000000 location age 1475.549089secs, lifeSpan -1.000000 accuracy 65.000000(highAccReq 0), isValid 1
12/23/2016 21:14:44.568 __WiFiLocationServiceManagerProcessLocationAvailableEvent: isValidHighAccuracyLocation 1,  isValidLowAccuracyLocation 1
12/23/2016 21:14:44.568 __WiFiLocationServiceManagerProcessLocationAvailableEvent: give low accuracy callback
12/23/2016 21:14:44.571 __WiFiLocaleManagerGetLocaleFromLocation: <+47.60312951,+18.37921560> +/- 65.00m (speed -1.00 mps / course -1.00) @ 12/23/16, 8:50:09 PM Central European Standard Time
12/23/2016 21:14:44.571 locale from bounding box 
12/23/2016 21:14:44.571 new locale:  , locale: 
12/23/2016 21:14:44.571 Stopping Low Accuracy Location Monitoring
12/23/2016 21:14:44.571 CLMonitoring is already stopped
12/23/2016 21:14:44.571 Stopping Low Accuracy Location Monitoring
12/23/2016 21:14:44.571 CLMonitoring is already stopped
12/23/2016 21:14:44.572 __WiFiLocationServiceManagerEventCallback, got cb dict {
    eventType = 0;
    location = "<+47.60312951,+18.37921560> +/- 65.00m (speed -1.00 mps / course -1.00) @ 12/23/16, 8:50:09 PM Central European Standard Time";
}
12/23/2016 21:14:44.573 WiFiLocationServiceManagerIsLocationValid: cachedLocationTimeout 120.000000 location age 1475.553886secs, lifeSpan -1.000000 accuracy 65.000000(highAccReq 1), isValid 1
12/23/2016 21:14:44.573 WiFiLocationServiceManagerIsLocationValid: cachedLocationTimeout 120.000000 location age 1475.553941secs, lifeSpan -1.000000 accuracy 65.000000(highAccReq 0), isValid 1
12/23/2016 21:14:44.573 __WiFiLocationServiceManagerProcessLocationAvailableEvent: isValidHighAccuracyLocation 1,  isValidLowAccuracyLocation 1
12/23/2016 21:15:22.601 __WiFiManagerCellularTransmitCallback_block_invoke: Cellular Transmit Started = FALSE
12/23/2016 21:15:25.551 __WiFiManagerCellularTransmitCallback_block_invoke: Cellular Transmit Started = TRUE
12/23/2016 21:15:25.622 __WiFiManagerCellularTransmitCallback_block_invoke: Cellular Transmit Started = FALSE
12/23/2016 21:15:25.826 __WiFiManagerCellularTransmitCallback_block_invoke: Cellular Transmit Started = TRUE
12/23/2016 21:15:58.969 __WiFiManagerCellularTransmitCallback_block_invoke: Cellular Transmit Started = FALSE
12/23/2016 21:16:02.048 __WiFiManagerCellularTransmitCallback_block_invoke: Cellular Transmit Started = TRUE
12/23/2016 21:16:20.256 __WiFiManagerCellularTransmitCallback_block_invoke: Cellular Transmit Started = FALSE
12/23/2016 21:16:31.842 __WiFiManagerCellularTransmitCallback_block_invoke: Cellular Transmit Started = TRUE
12/23/2016 21:16:44.551 WiFiLocaleManagerCheckLocale: trying to determine locale...
12/23/2016 21:16:44.551 WiFiManagerCoreLocationGetCachedLocation: getting cached location...
12/23/2016 21:16:44.563 __WiFiLocaleManagerGetLocaleFromMcc: finding iso country code for mcc 216 ....
12/23/2016 21:16:44.563 WiFiLocationServiceManagerIsLocationValid: cachedLocationTimeout 120.000000 location age 1595.544392secs, lifeSpan -1.000000 accuracy 65.000000(highAccReq 0), isValid 1
12/23/2016 21:16:44.563 WiFiLocationServiceManagerStartLowAccuracyMonitoring: Cached low accuracy location is valid
12/23/2016 21:16:44.564 WiFiLocationServiceManagerIsLocationValid: cachedLocationTimeout 120.000000 location age 1595.544528secs, lifeSpan -1.000000 accuracy 65.000000(highAccReq 1), isValid 1
12/23/2016 21:16:44.564 WiFiLocationServiceManagerIsLocationValid: cachedLocationTimeout 120.000000 location age 1595.544582secs, lifeSpan -1.000000 accuracy 65.000000(highAccReq 0), isValid 1
12/23/2016 21:16:44.564 __WiFiLocationServiceManagerProcessLocationAvailableEvent: isValidHighAccuracyLocation 1,  isValidLowAccuracyLocation 1
12/23/2016 21:16:44.564 __WiFiLocationServiceManagerProcessLocationAvailableEvent: give low accuracy callback
12/23/2016 21:16:44.565 __WiFiLocaleManagerGetLocaleFromLocation: <+47.60312951,+18.37921560> +/- 65.00m (speed -1.00 mps / course -1.00) @ 12/23/16, 8:50:09 PM Central European Standard Time
12/23/2016 21:16:44.565 locale from bounding box 
12/23/2016 21:16:44.565 new locale:  , locale: 
12/23/2016 21:16:44.565 Stopping Low Accuracy Location Monitoring
12/23/2016 21:16:44.565 CLMonitoring is already stopped
12/23/2016 21:16:44.565 Stopping Low Accuracy Location Monitoring
12/23/2016 21:16:44.565 CLMonitoring is already stopped
12/23/2016 21:16:44.565 __WiFiLocationServiceManagerEventCallback, got cb dict {
    eventType = 0;
    location = "<+47.60312951,+18.37921560> +/- 65.00m (speed -1.00 mps / course -1.00) @ 12/23/16, 8:50:09 PM Central European Standard Time";
}
12/23/2016 21:16:44.566 WiFiLocationServiceManagerIsLocationValid: cachedLocationTimeout 120.000000 location age 1595.546567secs, lifeSpan -1.000000 accuracy 65.000000(highAccReq 1), isValid 1
12/23/2016 21:16:44.566 WiFiLocationServiceManagerIsLocationValid: cachedLocationTimeout 120.000000 location age 1595.546620secs, lifeSpan -1.000000 accuracy 65.000000(highAccReq 0), isValid 1
12/23/2016 21:16:44.566 __WiFiLocationServiceManagerProcessLocationAvailableEvent: isValidHighAccuracyLocation 1,  isValidLowAccuracyLocation 1
12/23/2016 21:16:46.570 DeviceClient["WirelessRadioMan"] setCoexParameters["MWS_Blacklisted_Channels"] = <CFArray 0x14cd375f0 [0x1a0950150]>{type = mutable-small, count = 1, values = (
	0 : <CFBasicHash 0x14cf36790 [0x1a0950150]>{type = mutable dict, count = 1,
entries =>
	2 : <CFString 0x14cd84370 [0x1a0950150]>{contents = "MWS_Channel_Number"} = <CFNumber 0xb000000000000003 [0x1a0950150]>{value = +0, type = kCFNumberSInt64Type}
}

)}
12/23/2016 21:17:00.202 __WiFiManagerCellularTransmitCallback_block_invoke: Cellular Transmit Started = FALSE
12/23/2016 21:17:01.641 __WiFiManagerCellularTransmitCallback_block_invoke: Cellular Transmit Started = TRUE
12/23/2016 21:18:37.056 WoW is Disabled, 0 WoW Clients
12/23/2016 21:18:44.551 WiFiLocaleManagerCheckLocale: trying to determine locale...
12/23/2016 21:18:44.551 WiFiManagerCoreLocationGetCachedLocation: getting cached location...
12/23/2016 21:18:44.563 __WiFiLocaleManagerGetLocaleFromMcc: finding iso country code for mcc 216 ....
12/23/2016 21:18:44.563 WiFiLocationServiceManagerIsLocationValid: cachedLocationTimeout 120.000000 location age 1715.544239secs, lifeSpan -1.000000 accuracy 65.000000(highAccReq 0), isValid 1
12/23/2016 21:18:44.563 WiFiLocationServiceManagerStartLowAccuracyMonitoring: Cached low accuracy location is valid
12/23/2016 21:18:44.563 WiFiLocationServiceManagerIsLocationValid: cachedLocationTimeout 120.000000 location age 1715.544376secs, lifeSpan -1.000000 accuracy 65.000000(highAccReq 1), isValid 1
12/23/2016 21:18:44.563 WiFiLocationServiceManagerIsLocationValid: cachedLocationTimeout 120.000000 location age 1715.544430secs, lifeSpan -1.000000 accuracy 65.000000(highAccReq 0), isValid 1
12/23/2016 21:18:44.563 __WiFiLocationServiceManagerProcessLocationAvailableEvent: isValidHighAccuracyLocation 1,  isValidLowAccuracyLocation 1
12/23/2016 21:18:44.564 __WiFiLocationServiceManagerProcessLocationAvailableEvent: give low accuracy callback
12/23/2016 21:18:44.564 __WiFiLocaleManagerGetLocaleFromLocation: <+47.60312951,+18.37921560> +/- 65.00m (speed -1.00 mps / course -1.00) @ 12/23/16, 8:50:09 PM Central European Standard Time
12/23/2016 21:18:44.564 locale from bounding box 
12/23/2016 21:18:44.565 new locale:  , locale: 
12/23/2016 21:18:44.565 Stopping Low Accuracy Location Monitoring
12/23/2016 21:18:44.565 CLMonitoring is already stopped
12/23/2016 21:18:44.565 Stopping Low Accuracy Location Monitoring
12/23/2016 21:18:44.565 CLMonitoring is already stopped
12/23/2016 21:18:44.565 __WiFiLocationServiceManagerEventCallback, got cb dict {
    eventType = 0;
    location = "<+47.60312951,+18.37921560> +/- 65.00m (speed -1.00 mps / course -1.00) @ 12/23/16, 8:50:09 PM Central European Standard Time";
}
12/23/2016 21:18:44.565 WiFiLocationServiceManagerIsLocationValid: cachedLocationTimeout 120.000000 location age 1715.546370secs, lifeSpan -1.000000 accuracy 65.000000(highAccReq 1), isValid 1
12/23/2016 21:18:44.565 WiFiLocationServiceManagerIsLocationValid: cachedLocationTimeout 120.000000 location age 1715.546423secs, lifeSpan -1.000000 accuracy 65.000000(highAccReq 0), isValid 1
12/23/2016 21:18:44.565 __WiFiLocationServiceManagerProcessLocationAvailableEvent: isValidHighAccuracyLocation 1,  isValidLowAccuracyLocation 1
12/23/2016 21:19:13.538 __WiFiManagerCellularTransmitCallback_block_invoke: Cellular Transmit Started = FALSE
12/23/2016 21:19:13.945 __WiFiManagerCellularTransmitCallback_block_invoke: Cellular Transmit Started = TRUE
12/23/2016 21:19:14.524 __WiFiManagerCellularTransmitCallback_block_invoke: Cellular Transmit Started = FALSE
12/23/2016 21:19:14.785 Client itunesstored set type to background application
12/23/2016 21:19:14.785 __WiFiManagerSetEnableState: state TRUE, manager->enable.setting TRUE, manager->unlockedSinceBoot TRUE
12/23/2016 21:19:14.797 BG Application: Not Present, BG Daemon: Present. Daemons: assistantd mediaserverd itunesstored 
12/23/2016 21:19:14.797 Auto association attempt canceled because MIS is enabled. MIS client count: wifi=4 bt=0
12/23/2016 21:19:14.943 __WiFiManagerCellularTransmitCallback_block_invoke: Cellular Transmit Started = TRUE
12/23/2016 21:19:24.551 Client itunesstored set type to normal application
12/23/2016 21:19:24.551 __WiFiManagerSetEnableState: state TRUE, manager->enable.setting TRUE, manager->unlockedSinceBoot TRUE
12/23/2016 21:19:24.551 BG Application: Not Present, BG Daemon: Present. Daemons: assistantd mediaserverd 
12/23/2016 21:19:31.711 __WiFiDeviceProcessDumpLogsEvent: Dump logs event received, dumped wifid log buffer to file
