12/23/2016 19:34:44.574 WiFiLocaleManagerCheckLocale: trying to determine locale...
12/23/2016 19:34:44.574 WiFiManagerCoreLocationGetCachedLocation: getting cached location...
12/23/2016 19:34:44.586 __WiFiLocaleManagerGetLocaleFromMcc: finding iso country code for mcc 216 ....
12/23/2016 19:34:44.587 WiFiLocationServiceManagerIsLocationValid: cachedLocationTimeout 120.000000 location age 120.008931secs, lifeSpan -1.000000 accuracy 5.000000(highAccReq 0), isValid 1
12/23/2016 19:34:44.587 WiFiLocationServiceManagerStartLowAccuracyMonitoring: Cached low accuracy location is valid
12/23/2016 19:34:44.587 WiFiLocationServiceManagerIsLocationValid: cachedLocationTimeout 120.000000 location age 120.009065secs, lifeSpan -1.000000 accuracy 5.000000(highAccReq 1), isValid 1
12/23/2016 19:34:44.587 WiFiLocationServiceManagerIsLocationValid: cachedLocationTimeout 120.000000 location age 120.009118secs, lifeSpan -1.000000 accuracy 5.000000(highAccReq 0), isValid 1
12/23/2016 19:34:44.587 __WiFiLocationServiceManagerProcessLocationAvailableEvent: isValidHighAccuracyLocation 1,  isValidLowAccuracyLocation 1
12/23/2016 19:34:44.587 __WiFiLocationServiceManagerProcessLocationAvailableEvent: give low accuracy callback
12/23/2016 19:34:44.588 __WiFiLocaleManagerGetLocaleFromLocation: <+47.88968308,+17.18357817> +/- 5.00m (speed 3.48 mps / course 138.87) @ 12/23/16, 7:32:44 PM Central European Standard Time
12/23/2016 19:34:44.588 locale from bounding box 
12/23/2016 19:34:44.588 new locale:  , locale: 
12/23/2016 19:34:44.588 Stopping Low Accuracy Location Monitoring
12/23/2016 19:34:44.588 CLMonitoring is already stopped
12/23/2016 19:34:44.588 Stopping Low Accuracy Location Monitoring
12/23/2016 19:34:44.588 CLMonitoring is already stopped
12/23/2016 19:34:44.588 __WiFiLocationServiceManagerEventCallback, got cb dict {
    eventType = 0;
    location = "<+47.88904978,+17.18441033> +/- 5.00m (speed 1.11 mps / course 139.57) @ 12/23/16, 7:34:44 PM Central European Standard Time";
}
12/23/2016 19:34:44.589 WiFiLocationServiceManagerIsLocationValid: cachedLocationTimeout 120.000000 location age 0.011339secs, lifeSpan -1.000000 accuracy 5.000000(highAccReq 1), isValid 1
12/23/2016 19:34:44.589 WiFiLocationServiceManagerIsLocationValid: cachedLocationTimeout 120.000000 location age 0.011394secs, lifeSpan -1.000000 accuracy 5.000000(highAccReq 0), isValid 1
12/23/2016 19:34:44.589 __WiFiLocationServiceManagerProcessLocationAvailableEvent: isValidHighAccuracyLocation 1,  isValidLowAccuracyLocation 1
12/23/2016 19:36:16.737 __WiFiManagerCellularTransmitCallback_block_invoke: Cellular Transmit Started = FALSE
12/23/2016 19:36:30.086 Async scan requested by "locationd" for 1 iterations with maxage=0 priority normal on en0
12/23/2016 19:36:30.087 Enqueuing command type: "Scan" pending commands: 0
12/23/2016 19:36:30.087 Dequeuing command type: "Scan" pending commands: 0
12/23/2016 19:36:30.087 Attempting Apple80211ScanAsync on en0
12/23/2016 19:36:30.472 Completed Apple80211ScanAsync on en0 (0x0)
12/23/2016 19:36:30.472 Async scan request completed for "locationd" (0)
12/23/2016 19:36:35.450 __WiFiManagerCellularTransmitCallback_block_invoke: Cellular Transmit Started = TRUE
12/23/2016 19:36:36.088 Async scan requested by "locationd" for 1 iterations with maxage=0 priority normal on en0
12/23/2016 19:36:36.088 Enqueuing command type: "Scan" pending commands: 0
12/23/2016 19:36:36.089 Dequeuing command type: "Scan" pending commands: 0
12/23/2016 19:36:36.089 Attempting Apple80211ScanAsync on en0
12/23/2016 19:36:36.475 Completed Apple80211ScanAsync on en0 (0x0)
12/23/2016 19:36:36.476 Async scan request completed for "locationd" (0)
12/23/2016 19:36:42.084 Async scan requested by "locationd" for 1 iterations with maxage=0 priority normal on en0
12/23/2016 19:36:42.084 Enqueuing command type: "Scan" pending commands: 0
12/23/2016 19:36:42.084 Dequeuing command type: "Scan" pending commands: 0
12/23/2016 19:36:42.084 Attempting Apple80211ScanAsync on en0
12/23/2016 19:36:42.469 Completed Apple80211ScanAsync on en0 (0x0)
12/23/2016 19:36:42.470 Async scan request completed for "locationd" (0)
12/23/2016 19:36:44.576 WiFiLocaleManagerCheckLocale: trying to determine locale...
12/23/2016 19:36:44.576 WiFiManagerCoreLocationGetCachedLocation: getting cached location...
12/23/2016 19:36:44.588 __WiFiLocaleManagerGetLocaleFromMcc: finding iso country code for mcc 216 ....
12/23/2016 19:36:44.588 WiFiLocationServiceManagerIsLocationValid: cachedLocationTimeout 120.000000 location age 120.011149secs, lifeSpan -1.000000 accuracy 5.000000(highAccReq 0), isValid 1
12/23/2016 19:36:44.589 WiFiLocationServiceManagerStartLowAccuracyMonitoring: Cached low accuracy location is valid
12/23/2016 19:36:44.589 WiFiLocationServiceManagerIsLocationValid: cachedLocationTimeout 120.000000 location age 120.011285secs, lifeSpan -1.000000 accuracy 5.000000(highAccReq 1), isValid 1
12/23/2016 19:36:44.589 WiFiLocationServiceManagerIsLocationValid: cachedLocationTimeout 120.000000 location age 120.011338secs, lifeSpan -1.000000 accuracy 5.000000(highAccReq 0), isValid 1
12/23/2016 19:36:44.589 __WiFiLocationServiceManagerProcessLocationAvailableEvent: isValidHighAccuracyLocation 1,  isValidLowAccuracyLocation 1
12/23/2016 19:36:44.589 __WiFiLocationServiceManagerProcessLocationAvailableEvent: give low accuracy callback
12/23/2016 19:36:44.590 __WiFiLocaleManagerGetLocaleFromLocation: <+47.88904978,+17.18441033> +/- 5.00m (speed 1.11 mps / course 139.57) @ 12/23/16, 7:34:44 PM Central European Standard Time
12/23/2016 19:36:44.590 locale from bounding box 
12/23/2016 19:36:44.590 new locale:  , locale: 
12/23/2016 19:36:44.590 Stopping Low Accuracy Location Monitoring
12/23/2016 19:36:44.590 CLMonitoring is already stopped
12/23/2016 19:36:44.590 Stopping Low Accuracy Location Monitoring
12/23/2016 19:36:44.590 CLMonitoring is already stopped
12/23/2016 19:36:44.590 __WiFiLocationServiceManagerEventCallback, got cb dict {
    eventType = 0;
    location = "<+47.88807250,+17.18578848> +/- 10.00m (speed 0.00 mps / course 136.76) @ 12/23/16, 7:36:44 PM Central European Standard Time";
}
12/23/2016 19:36:44.591 WiFiLocationServiceManagerIsLocationValid: cachedLocationTimeout 120.000000 location age 0.011271secs, lifeSpan -1.000000 accuracy 10.000000(highAccReq 1), isValid 1
12/23/2016 19:36:44.591 WiFiLocationServiceManagerIsLocationValid: cachedLocationTimeout 120.000000 location age 0.011324secs, lifeSpan -1.000000 accuracy 10.000000(highAccReq 0), isValid 1
12/23/2016 19:36:44.591 __WiFiLocationServiceManagerProcessLocationAvailableEvent: isValidHighAccuracyLocation 1,  isValidLowAccuracyLocation 1
12/23/2016 19:36:56.475 scanCache: Purging scan cache
12/23/2016 19:37:16.791 __WiFiManagerCellularTransmitCallback_block_invoke: Cellular Transmit Started = FALSE
12/23/2016 19:37:17.556 __WiFiManagerCellularTransmitCallback_block_invoke: Cellular Transmit Started = TRUE
12/23/2016 19:37:19.856 WoW is Disabled, 0 WoW Clients
12/23/2016 19:37:33.075 Async scan requested by "locationd" for 1 iterations with maxage=0 priority normal on en0
12/23/2016 19:37:33.075 Enqueuing command type: "Scan" pending commands: 0
12/23/2016 19:37:33.076 Dequeuing command type: "Scan" pending commands: 0
12/23/2016 19:37:33.076 Attempting Apple80211ScanAsync on en0
12/23/2016 19:37:33.460 Completed Apple80211ScanAsync on en0 (0x0)
12/23/2016 19:37:33.461 Async scan request completed for "locationd" (0)
12/23/2016 19:37:38.064 Async scan requested by "locationd" for 1 iterations with maxage=0 priority normal on en0
12/23/2016 19:37:38.064 Enqueuing command type: "Scan" pending commands: 0
12/23/2016 19:37:38.064 Dequeuing command type: "Scan" pending commands: 0
12/23/2016 19:37:38.064 Attempting Apple80211ScanAsync on en0
12/23/2016 19:37:38.449 Completed Apple80211ScanAsync on en0 (0x0)
12/23/2016 19:37:38.450 Async scan request completed for "locationd" (0)
12/23/2016 19:37:49.074 Async scan requested by "locationd" for 1 iterations with maxage=0 priority normal on en0
12/23/2016 19:37:49.075 Enqueuing command type: "Scan" pending commands: 0
12/23/2016 19:37:49.075 Dequeuing command type: "Scan" pending commands: 0
12/23/2016 19:37:49.075 Attempting Apple80211ScanAsync on en0
12/23/2016 19:37:49.459 Completed Apple80211ScanAsync on en0 (0x0)
12/23/2016 19:37:49.460 Async scan request completed for "locationd" (0)
12/23/2016 19:37:54.067 Async scan requested by "locationd" for 1 iterations with maxage=0 priority normal on en0
12/23/2016 19:37:54.067 Enqueuing command type: "Scan" pending commands: 0
12/23/2016 19:37:54.067 Dequeuing command type: "Scan" pending commands: 0
12/23/2016 19:37:54.067 Attempting Apple80211ScanAsync on en0
12/23/2016 19:37:54.453 Completed Apple80211ScanAsync on en0 (0x0)
12/23/2016 19:37:54.454 Async scan request completed for "locationd" (0)
12/23/2016 19:38:08.458 scanCache: Purging scan cache
12/23/2016 19:38:16.942 __WiFiManagerCellularTransmitCallback_block_invoke: Cellular Transmit Started = FALSE
12/23/2016 19:38:18.090 __WiFiManagerCellularTransmitCallback_block_invoke: Cellular Transmit Started = TRUE
12/23/2016 19:38:28.065 Async scan requested by "locationd" for 1 iterations with maxage=0 priority normal on en0
12/23/2016 19:38:28.065 Enqueuing command type: "Scan" pending commands: 0
12/23/2016 19:38:28.065 Dequeuing command type: "Scan" pending commands: 0
12/23/2016 19:38:28.066 Attempting Apple80211ScanAsync on en0
12/23/2016 19:38:28.450 Completed Apple80211ScanAsync on en0 (0x0)
12/23/2016 19:38:28.451 Async scan request completed for "locationd" (0)
12/23/2016 19:38:34.066 Async scan requested by "locationd" for 1 iterations with maxage=0 priority normal on en0
12/23/2016 19:38:34.067 Enqueuing command type: "Scan" pending commands: 0
12/23/2016 19:38:34.067 Dequeuing command type: "Scan" pending commands: 0
12/23/2016 19:38:34.067 Attempting Apple80211ScanAsync on en0
12/23/2016 19:38:34.451 Completed Apple80211ScanAsync on en0 (0x0)
12/23/2016 19:38:34.452 Async scan request completed for "locationd" (0)
12/23/2016 19:38:40.070 Async scan requested by "locationd" for 1 iterations with maxage=0 priority normal on en0
12/23/2016 19:38:40.070 Enqueuing command type: "Scan" pending commands: 0
12/23/2016 19:38:40.071 Dequeuing command type: "Scan" pending commands: 0
12/23/2016 19:38:40.071 Attempting Apple80211ScanAsync on en0
12/23/2016 19:38:40.456 Completed Apple80211ScanAsync on en0 (0x0)
12/23/2016 19:38:40.457 Async scan request completed for "locationd" (0)
12/23/2016 19:38:44.574 WiFiLocaleManagerCheckLocale: trying to determine locale...
12/23/2016 19:38:44.574 WiFiManagerCoreLocationGetCachedLocation: getting cached location...
12/23/2016 19:38:44.586 __WiFiLocaleManagerGetLocaleFromMcc: finding iso country code for mcc 216 ....
12/23/2016 19:38:44.586 WiFiLocationServiceManagerIsLocationValid: cachedLocationTimeout 120.000000 location age 120.007096secs, lifeSpan -1.000000 accuracy 10.000000(highAccReq 0), isValid 1
12/23/2016 19:38:44.586 WiFiLocationServiceManagerStartLowAccuracyMonitoring: Cached low accuracy location is valid
12/23/2016 19:38:44.587 WiFiLocationServiceManagerIsLocationValid: cachedLocationTimeout 120.000000 location age 120.007233secs, lifeSpan -1.000000 accuracy 10.000000(highAccReq 1), isValid 1
12/23/2016 19:38:44.587 WiFiLocationServiceManagerIsLocationValid: cachedLocationTimeout 120.000000 location age 120.007287secs, lifeSpan -1.000000 accuracy 10.000000(highAccReq 0), isValid 1
12/23/2016 19:38:44.587 __WiFiLocationServiceManagerProcessLocationAvailableEvent: isValidHighAccuracyLocation 1,  isValidLowAccuracyLocation 1
12/23/2016 19:38:44.587 __WiFiLocationServiceManagerProcessLocationAvailableEvent: give low accuracy callback
12/23/2016 19:38:44.588 __WiFiLocaleManagerGetLocaleFromLocation: <+47.88807250,+17.18578848> +/- 10.00m (speed 0.00 mps / course 136.76) @ 12/23/16, 7:36:44 PM Central European Standard Time
12/23/2016 19:38:44.588 locale from bounding box 
12/23/2016 19:38:44.588 new locale:  , locale: 
12/23/2016 19:38:44.588 Stopping Low Accuracy Location Monitoring
12/23/2016 19:38:44.588 CLMonitoring is already stopped
12/23/2016 19:38:44.588 Stopping Low Accuracy Location Monitoring
12/23/2016 19:38:44.588 CLMonitoring is already stopped
12/23/2016 19:38:44.588 __WiFiLocationServiceManagerEventCallback, got cb dict {
    eventType = 0;
    location = "<+47.88700338,+17.18735791> +/- 10.00m (speed 0.00 mps / course 135.35) @ 12/23/16, 7:38:44 PM Central European Standard Time";
}
12/23/2016 19:38:44.589 WiFiLocationServiceManagerIsLocationValid: cachedLocationTimeout 120.000000 location age 0.011316secs, lifeSpan -1.000000 accuracy 10.000000(highAccReq 1), isValid 1
12/23/2016 19:38:44.589 WiFiLocationServiceManagerIsLocationValid: cachedLocationTimeout 120.000000 location age 0.011371secs, lifeSpan -1.000000 accuracy 10.000000(highAccReq 0), isValid 1
12/23/2016 19:38:44.589 __WiFiLocationServiceManagerProcessLocationAvailableEvent: isValidHighAccuracyLocation 1,  isValidLowAccuracyLocation 1
12/23/2016 19:38:46.070 Async scan requested by "locationd" for 1 iterations with maxage=0 priority normal on en0
12/23/2016 19:38:46.071 Enqueuing command type: "Scan" pending commands: 0
12/23/2016 19:38:46.071 Dequeuing command type: "Scan" pending commands: 0
12/23/2016 19:38:46.071 Attempting Apple80211ScanAsync on en0
12/23/2016 19:38:46.456 Completed Apple80211ScanAsync on en0 (0x0)
12/23/2016 19:38:46.456 Async scan request completed for "locationd" (0)
12/23/2016 19:38:50.645 __WiFiManagerCellularTransmitCallback_block_invoke: Cellular Transmit Started = FALSE
12/23/2016 19:38:50.912 __WiFiManagerCellularTransmitCallback_block_invoke: Cellular Transmit Started = TRUE
12/23/2016 19:38:51.506 __WiFiManagerCellularTransmitCallback_block_invoke: Cellular Transmit Started = FALSE
12/23/2016 19:38:52.040 __WiFiManagerCellularTransmitCallback_block_invoke: Cellular Transmit Started = TRUE
12/23/2016 19:39:00.462 scanCache: Purging scan cache
12/23/2016 19:39:12.061 Async scan requested by "locationd" for 1 iterations with maxage=0 priority normal on en0
12/23/2016 19:39:12.062 Enqueuing command type: "Scan" pending commands: 0
12/23/2016 19:39:12.062 Dequeuing command type: "Scan" pending commands: 0
12/23/2016 19:39:12.062 Attempting Apple80211ScanAsync on en0
12/23/2016 19:39:12.446 Completed Apple80211ScanAsync on en0 (0x0)
12/23/2016 19:39:12.447 Async scan request completed for "locationd" (0)
12/23/2016 19:39:16.742 __WiFiManagerCellularTransmitCallback_block_invoke: Cellular Transmit Started = FALSE
12/23/2016 19:39:17.073 Async scan requested by "locationd" for 1 iterations with maxage=0 priority normal on en0
12/23/2016 19:39:17.073 Enqueuing command type: "Scan" pending commands: 0
12/23/2016 19:39:17.073 Dequeuing command type: "Scan" pending commands: 0
12/23/2016 19:39:17.073 Attempting Apple80211ScanAsync on en0
12/23/2016 19:39:17.459 Completed Apple80211ScanAsync on en0 (0x0)
12/23/2016 19:39:17.459 Async scan request completed for "locationd" (0)
12/23/2016 19:39:22.085 Async scan requested by "locationd" for 1 iterations with maxage=0 priority normal on en0
12/23/2016 19:39:22.085 Enqueuing command type: "Scan" pending commands: 0
12/23/2016 19:39:22.085 Dequeuing command type: "Scan" pending commands: 0
12/23/2016 19:39:22.085 Attempting Apple80211ScanAsync on en0
12/23/2016 19:39:22.471 Completed Apple80211ScanAsync on en0 (0x0)
12/23/2016 19:39:22.471 Async scan request completed for "locationd" (0)
12/23/2016 19:39:25.163 __WiFiManagerCellularTransmitCallback_block_invoke: Cellular Transmit Started = TRUE
12/23/2016 19:39:28.064 Async scan requested by "locationd" for 1 iterations with maxage=0 priority normal on en0
12/23/2016 19:39:28.065 Enqueuing command type: "Scan" pending commands: 0
12/23/2016 19:39:28.065 Dequeuing command type: "Scan" pending commands: 0
12/23/2016 19:39:28.065 Attempting Apple80211ScanAsync on en0
12/23/2016 19:39:28.449 Completed Apple80211ScanAsync on en0 (0x0)
12/23/2016 19:39:28.450 Async scan request completed for "locationd" (0)
12/23/2016 19:39:31.680 __WiFiDeviceProcessDumpLogsEvent: Dump logs event received, dumped wifid log buffer to file
