12/19/2016 12:30:01.743 MIS is already Enabled on ap1
12/19/2016 12:30:01.746 MIS Discovery is Disabled
12/19/2016 12:30:01.768 IPv4 Primary interface is pdp_ip0 and IPv6 Primary Interface is (null)
12/19/2016 12:30:22.066 __WiFiManagerCellularTransmitCallback_block_invoke: Cellular Transmit Started = FALSE
12/19/2016 12:30:28.356 __WiFiManagerCellularTransmitCallback_block_invoke: Cellular Transmit Started = TRUE
12/19/2016 12:30:52.210 __WiFiManagerCellularTransmitCallback_block_invoke: Cellular Transmit Started = FALSE
12/19/2016 12:30:52.477 __WiFiManagerCellularTransmitCallback_block_invoke: Cellular Transmit Started = TRUE
12/19/2016 12:30:53.102 __WiFiManagerCellularTransmitCallback_block_invoke: Cellular Transmit Started = FALSE
12/19/2016 12:30:55.686 __WiFiManagerCellularTransmitCallback_block_invoke: Cellular Transmit Started = TRUE
12/19/2016 12:30:56.139 __WiFiManagerCellularTransmitCallback_block_invoke: Cellular Transmit Started = FALSE
12/19/2016 12:30:57.228 __WiFiManagerCellularTransmitCallback_block_invoke: Cellular Transmit Started = TRUE
12/19/2016 12:30:59.667 WiFiLocaleManagerCheckLocale: location service or wifi is off, set locale to default
12/19/2016 12:30:59.667 new locale:  , locale: 
12/19/2016 12:31:01.711 Disable WoW requested by "apsd"
12/19/2016 12:31:01.712 WoW Capable = YES, Attempting to disable WoW and disable LPAS 
12/19/2016 12:31:01.712 Setting WoW params to <CFBasicHash 0x14cd301f0 [0x1a0950150]>{type = immutable dict, count = 3,
entries =>
	0 : <CFString 0x100175960 [0x1a0950150]>{contents = "IO80211InterfaceEnableLowPwrAssocMode"} = <CFBoolean 0x1a09506d8 [0x1a0950150]>{value = false}
	1 : <CFString 0x100175940 [0x1a0950150]>{contents = "IO80211InterfaceEnableWoW"} = <CFBoolean 0x1a09506d8 [0x1a0950150]>{value = false}
	2 : <CFString 0x100185ae0 [0x1a0950150]>{contents = "IO80211InterfaceEnableWoWOnCaptive"} = <CFBoolean 0x1a09506d8 [0x1a0950150]>{value = false}
}

12/19/2016 12:31:01.714 WiFiDeviceRequestAssociatedSleep: ActiveDuringSleepRequested is already removed ((null)).
12/19/2016 12:31:01.714 WoW Disabled, 0 WoW Clients, lpas is Disabled, WoW Override is Disabled, Captive Disabled
12/19/2016 12:31:01.714 Unable to dispatch WowStateChanged message to client mediaserverd (268435460)
12/19/2016 12:31:01.714 Unable to dispatch WowStateChanged message to client itunesstored (268435460)
12/19/2016 12:31:01.715 Unable to dispatch WowStateChanged message to client dataaccessd (268435460)
12/19/2016 12:31:01.715 Unable to dispatch WowStateChanged message to client MobileMail (268435460)
12/19/2016 12:31:01.716 WoW is Disabled, 0 WoW Clients
12/19/2016 12:31:01.716 WoW is Disabled, 0 WoW Clients
12/19/2016 12:31:01.719 WoW is Disabled, 0 WoW Clients
12/19/2016 12:31:06.716 Client apsd set type to normal application
12/19/2016 12:31:06.716 __WiFiManagerSetEnableState: state TRUE, manager->enable.setting TRUE, manager->unlockedSinceBoot TRUE
12/19/2016 12:31:06.716 BG Application: Not Present, BG Daemon: Present. Daemons: MobileMail mediaserverd 
12/19/2016 12:31:06.737 Client MobileMail set type to normal application
12/19/2016 12:31:06.737 __WiFiManagerSetEnableState: state TRUE, manager->enable.setting TRUE, manager->unlockedSinceBoot TRUE
12/19/2016 12:31:06.737 BG Application: Not Present, BG Daemon: Present. Daemons: mediaserverd 
12/19/2016 12:31:26.478 IPv4 Primary interface is (null) and IPv6 Primary Interface is (null)
12/19/2016 12:31:26.478 Client apsd set type to background application
12/19/2016 12:31:26.478 __WiFiManagerSetEnableState: state TRUE, manager->enable.setting TRUE, manager->unlockedSinceBoot TRUE
12/19/2016 12:31:26.481 BG Application: Not Present, BG Daemon: Present. Daemons: mediaserverd apsd 
12/19/2016 12:31:26.482 Auto association attempt canceled because MIS is enabled. MIS client count: wifi=3 bt=0
12/19/2016 12:31:26.482 Enable WoW requested by "apsd"
12/19/2016 12:31:26.482 WoW Capable = YES, Attempting to enable WoW and disable LPAS 
12/19/2016 12:31:26.482 Setting WoW params to <CFBasicHash 0x14ce6afd0 [0x1a0950150]>{type = immutable dict, count = 3,
entries =>
	0 : <CFString 0x100175960 [0x1a0950150]>{contents = "IO80211InterfaceEnableLowPwrAssocMode"} = <CFBoolean 0x1a09506d8 [0x1a0950150]>{value = false}
	1 : <CFString 0x100175940 [0x1a0950150]>{contents = "IO80211InterfaceEnableWoW"} = <CFBoolean 0x1a09506c8 [0x1a0950150]>{value = true}
	2 : <CFString 0x100185ae0 [0x1a0950150]>{contents = "IO80211InterfaceEnableWoWOnCaptive"} = <CFBoolean 0x1a09506d8 [0x1a0950150]>{value = false}
}

12/19/2016 12:31:26.487 WiFiDeviceRequestAssociatedSleep: ActiveDuringSleepRequested is already removed ((null)).
12/19/2016 12:31:26.487 WoW Enabled by 1 Clients, lpas is Disabled, WoW Override is Disabled, Captive Disabled
12/19/2016 12:31:26.487 Unable to dispatch WowStateChanged message to client mediaserverd (268435460)
12/19/2016 12:31:26.488 Unable to dispatch WowStateChanged message to client itunesstored (268435460)
12/19/2016 12:31:26.488 Unable to dispatch WowStateChanged message to client dataaccessd (268435460)
12/19/2016 12:31:26.488 Unable to dispatch WowStateChanged message to client MobileMail (268435460)
12/19/2016 12:31:26.489 Client MobileMail set type to background application
12/19/2016 12:31:26.489 __WiFiManagerSetEnableState: state TRUE, manager->enable.setting TRUE, manager->unlockedSinceBoot TRUE
12/19/2016 12:31:26.498 BG Application: Not Present, BG Daemon: Present. Daemons: MobileMail mediaserverd apsd 
12/19/2016 12:31:26.501 Auto association attempt canceled because MIS is enabled. MIS client count: wifi=3 bt=0
12/19/2016 12:31:26.508 MIS is already Enabled on ap1
12/19/2016 12:31:26.511 apsd[273] is a wow client
12/19/2016 12:31:26.511 WoW is Enabled, 1 WoW Clients
12/19/2016 12:31:26.512 apsd[273] is a wow client
12/19/2016 12:31:26.512 WoW is Enabled, 1 WoW Clients
12/19/2016 12:31:26.512 MIS Discovery is Disabled
12/19/2016 12:31:26.513 apsd[273] is a wow client
12/19/2016 12:31:26.513 WoW is Enabled, 1 WoW Clients
12/19/2016 12:31:33.235 IPv4 Primary interface is pdp_ip0 and IPv6 Primary Interface is (null)
12/19/2016 12:31:33.250 MIS is already Enabled on ap1
12/19/2016 12:31:33.256 MIS Discovery is Disabled
12/19/2016 12:31:44.776 __WiFiManagerCellularTransmitCallback_block_invoke: Cellular Transmit Started = FALSE
12/19/2016 12:31:44.936 __WiFiManagerCellularTransmitCallback_block_invoke: Cellular Transmit Started = TRUE
12/19/2016 12:31:45.605 __WiFiManagerCellularTransmitCallback_block_invoke: Cellular Transmit Started = FALSE
12/19/2016 12:31:49.604 __WiFiManagerCellularTransmitCallback_block_invoke: Cellular Transmit Started = TRUE
12/19/2016 12:31:51.064 __WiFiDeviceProcessSTAArriveEvent: staNum 4
12/19/2016 12:31:51.064 WiFiAWDManagerSubmitMetric: metric container could not be generated for metric id <0x90006>
12/19/2016 12:31:51.064 MIS STA Associated: 4 associated clients
12/19/2016 12:31:51.075 WiFiDeviceManagerSetMISMaxStaNumber: Additional tethering clients allowed: 1
12/19/2016 12:31:51.087 WiFiAWDManagerSubmitMetric: metric container could not be generated for metric id <0x90005>
12/19/2016 12:31:51.087 MIS is already Enabled on ap1
12/19/2016 12:31:51.090 MIS Discovery is Disabled
12/19/2016 12:32:33.208 Disable WoW requested by "apsd"
12/19/2016 12:32:33.208 WoW Capable = YES, Attempting to disable WoW and disable LPAS 
12/19/2016 12:32:33.209 Setting WoW params to <CFBasicHash 0x14cd301f0 [0x1a0950150]>{type = immutable dict, count = 3,
entries =>
	0 : <CFString 0x100175960 [0x1a0950150]>{contents = "IO80211InterfaceEnableLowPwrAssocMode"} = <CFBoolean 0x1a09506d8 [0x1a0950150]>{value = false}
	1 : <CFString 0x100175940 [0x1a0950150]>{contents = "IO80211InterfaceEnableWoW"} = <CFBoolean 0x1a09506d8 [0x1a0950150]>{value = false}
	2 : <CFString 0x100185ae0 [0x1a0950150]>{contents = "IO80211InterfaceEnableWoWOnCaptive"} = <CFBoolean 0x1a09506d8 [0x1a0950150]>{value = false}
}

12/19/2016 12:32:33.210 WiFiDeviceRequestAssociatedSleep: ActiveDuringSleepRequested is already removed ((null)).
12/19/2016 12:32:33.210 WoW Disabled, 0 WoW Clients, lpas is Disabled, WoW Override is Disabled, Captive Disabled
12/19/2016 12:32:33.211 Unable to dispatch WowStateChanged message to client mediaserverd (268435460)
12/19/2016 12:32:33.211 Unable to dispatch WowStateChanged message to client itunesstored (268435460)
12/19/2016 12:32:33.211 Unable to dispatch WowStateChanged message to client dataaccessd (268435460)
12/19/2016 12:32:33.212 Unable to dispatch WowStateChanged message to client MobileMail (268435460)
12/19/2016 12:32:33.212 WoW is Disabled, 0 WoW Clients
12/19/2016 12:32:33.213 WoW is Disabled, 0 WoW Clients
12/19/2016 12:32:33.216 WoW is Disabled, 0 WoW Clients
12/19/2016 12:32:38.212 Client apsd set type to normal application
12/19/2016 12:32:38.212 __WiFiManagerSetEnableState: state TRUE, manager->enable.setting TRUE, manager->unlockedSinceBoot TRUE
12/19/2016 12:32:38.213 BG Application: Not Present, BG Daemon: Present. Daemons: MobileMail mediaserverd 
12/19/2016 12:32:38.213 Client MobileMail set type to normal application
12/19/2016 12:32:38.213 __WiFiManagerSetEnableState: state TRUE, manager->enable.setting TRUE, manager->unlockedSinceBoot TRUE
12/19/2016 12:32:38.213 BG Application: Not Present, BG Daemon: Present. Daemons: mediaserverd 
12/19/2016 12:32:59.667 WiFiLocaleManagerCheckLocale: location service or wifi is off, set locale to default
12/19/2016 12:32:59.667 new locale:  , locale: 
12/19/2016 12:33:28.468 WoW is Disabled, 0 WoW Clients
12/19/2016 12:33:40.258 __WiFiManagerCellularTransmitCallback_block_invoke: Cellular Transmit Started = FALSE
12/19/2016 12:33:41.739 __WiFiManagerCellularTransmitCallback_block_invoke: Cellular Transmit Started = TRUE
12/19/2016 12:33:54.258 __WiFiManagerCellularTransmitCallback_block_invoke: Cellular Transmit Started = FALSE
12/19/2016 12:33:56.859 __WiFiManagerCellularTransmitCallback_block_invoke: Cellular Transmit Started = TRUE
12/19/2016 12:34:06.410 __WiFiManagerCellularTransmitCallback_block_invoke: Cellular Transmit Started = FALSE
12/19/2016 12:34:12.197 __WiFiManagerCellularTransmitCallback_block_invoke: Cellular Transmit Started = TRUE
12/19/2016 12:34:34.257 __WiFiManagerCellularTransmitCallback_block_invoke: Cellular Transmit Started = FALSE
12/19/2016 12:34:45.837 __WiFiManagerCellularTransmitCallback_block_invoke: Cellular Transmit Started = TRUE
12/19/2016 12:34:59.667 WiFiLocaleManagerCheckLocale: location service or wifi is off, set locale to default
12/19/2016 12:34:59.667 new locale:  , locale: 
12/19/2016 12:35:00.554 __WiFiDeviceProcessDumpLogsEvent: Dump logs event received, dumped wifid log buffer to file
