12/23/2016 19:14:37.460 scanCache: Purging scan cache
12/23/2016 19:14:44.579 WiFiLocaleManagerCheckLocale: trying to determine locale...
12/23/2016 19:14:44.580 WiFiManagerCoreLocationGetCachedLocation: getting cached location...
12/23/2016 19:14:44.592 __WiFiLocaleManagerGetLocaleFromMcc: finding iso country code for mcc 216 ....
12/23/2016 19:14:44.593 WiFiLocationServiceManagerIsLocationValid: cachedLocationTimeout 120.000000 location age 120.008598secs, lifeSpan -1.000000 accuracy 10.000000(highAccReq 0), isValid 1
12/23/2016 19:14:44.593 WiFiLocationServiceManagerStartLowAccuracyMonitoring: Cached low accuracy location is valid
12/23/2016 19:14:44.593 WiFiLocationServiceManagerIsLocationValid: cachedLocationTimeout 120.000000 location age 120.008740secs, lifeSpan -1.000000 accuracy 10.000000(highAccReq 1), isValid 1
12/23/2016 19:14:44.593 WiFiLocationServiceManagerIsLocationValid: cachedLocationTimeout 120.000000 location age 120.008795secs, lifeSpan -1.000000 accuracy 10.000000(highAccReq 0), isValid 1
12/23/2016 19:14:44.593 __WiFiLocationServiceManagerProcessLocationAvailableEvent: isValidHighAccuracyLocation 1,  isValidLowAccuracyLocation 1
12/23/2016 19:14:44.593 __WiFiLocationServiceManagerProcessLocationAvailableEvent: give low accuracy callback
12/23/2016 19:14:44.594 __WiFiLocaleManagerGetLocaleFromLocation: <+47.90224047,+17.16166017> +/- 10.00m (speed 3.62 mps / course 110.04) @ 12/23/16, 7:12:44 PM Central European Standard Time
12/23/2016 19:14:44.594 locale from bounding box 
12/23/2016 19:14:44.594 new locale:  , locale: 
12/23/2016 19:14:44.594 Stopping Low Accuracy Location Monitoring
12/23/2016 19:14:44.594 CLMonitoring is already stopped
12/23/2016 19:14:44.594 Stopping Low Accuracy Location Monitoring
12/23/2016 19:14:44.594 CLMonitoring is already stopped
12/23/2016 19:14:44.594 __WiFiLocationServiceManagerEventCallback, got cb dict {
    eventType = 0;
    location = "<+47.89994617,+17.16852117> +/- 10.00m (speed 0.00 mps / course 126.21) @ 12/23/16, 7:14:44 PM Central European Standard Time";
}
12/23/2016 19:14:44.595 WiFiLocationServiceManagerIsLocationValid: cachedLocationTimeout 120.000000 location age 0.012146secs, lifeSpan -1.000000 accuracy 10.000000(highAccReq 1), isValid 1
12/23/2016 19:14:44.595 WiFiLocationServiceManagerIsLocationValid: cachedLocationTimeout 120.000000 location age 0.012201secs, lifeSpan -1.000000 accuracy 10.000000(highAccReq 0), isValid 1
12/23/2016 19:14:44.595 __WiFiLocationServiceManagerProcessLocationAvailableEvent: isValidHighAccuracyLocation 1,  isValidLowAccuracyLocation 1
12/23/2016 19:14:58.066 Async scan requested by "locationd" for 1 iterations with maxage=0 priority normal on en0
12/23/2016 19:14:58.067 Enqueuing command type: "Scan" pending commands: 0
12/23/2016 19:14:58.067 Dequeuing command type: "Scan" pending commands: 0
12/23/2016 19:14:58.067 Attempting Apple80211ScanAsync on en0
12/23/2016 19:14:58.451 Completed Apple80211ScanAsync on en0 (0x0)
12/23/2016 19:14:58.452 Async scan request completed for "locationd" (0)
12/23/2016 19:15:04.067 Async scan requested by "locationd" for 1 iterations with maxage=0 priority normal on en0
12/23/2016 19:15:04.067 Enqueuing command type: "Scan" pending commands: 0
12/23/2016 19:15:04.067 Dequeuing command type: "Scan" pending commands: 0
12/23/2016 19:15:04.067 Attempting Apple80211ScanAsync on en0
12/23/2016 19:15:04.453 Completed Apple80211ScanAsync on en0 (0x0)
12/23/2016 19:15:04.454 Async scan request completed for "locationd" (0)
12/23/2016 19:15:10.062 Async scan requested by "locationd" for 1 iterations with maxage=0 priority normal on en0
12/23/2016 19:15:10.062 Enqueuing command type: "Scan" pending commands: 0
12/23/2016 19:15:10.062 Dequeuing command type: "Scan" pending commands: 0
12/23/2016 19:15:10.062 Attempting Apple80211ScanAsync on en0
12/23/2016 19:15:10.444 Completed Apple80211ScanAsync on en0 (0x0)
12/23/2016 19:15:10.445 Async scan request completed for "locationd" (0)
12/23/2016 19:15:15.066 Async scan requested by "locationd" for 1 iterations with maxage=0 priority normal on en0
12/23/2016 19:15:15.067 Enqueuing command type: "Scan" pending commands: 0
12/23/2016 19:15:15.067 Dequeuing command type: "Scan" pending commands: 0
12/23/2016 19:15:15.067 Attempting Apple80211ScanAsync on en0
12/23/2016 19:15:15.450 Completed Apple80211ScanAsync on en0 (0x0)
12/23/2016 19:15:15.450 Async scan request completed for "locationd" (0)
12/23/2016 19:15:20.066 Async scan requested by "locationd" for 1 iterations with maxage=0 priority normal on en0
12/23/2016 19:15:20.066 Enqueuing command type: "Scan" pending commands: 0
12/23/2016 19:15:20.066 Dequeuing command type: "Scan" pending commands: 0
12/23/2016 19:15:20.066 Attempting Apple80211ScanAsync on en0
12/23/2016 19:15:20.449 Completed Apple80211ScanAsync on en0 (0x0)
12/23/2016 19:15:20.449 Async scan request completed for "locationd" (0)
12/23/2016 19:15:26.065 Async scan requested by "locationd" for 1 iterations with maxage=0 priority normal on en0
12/23/2016 19:15:26.065 Enqueuing command type: "Scan" pending commands: 0
12/23/2016 19:15:26.065 Dequeuing command type: "Scan" pending commands: 0
12/23/2016 19:15:26.066 Attempting Apple80211ScanAsync on en0
12/23/2016 19:15:26.449 Completed Apple80211ScanAsync on en0 (0x0)
12/23/2016 19:15:26.450 Async scan request completed for "locationd" (0)
12/23/2016 19:15:32.060 Async scan requested by "locationd" for 1 iterations with maxage=0 priority normal on en0
12/23/2016 19:15:32.060 Enqueuing command type: "Scan" pending commands: 0
12/23/2016 19:15:32.060 Dequeuing command type: "Scan" pending commands: 0
12/23/2016 19:15:32.060 Attempting Apple80211ScanAsync on en0
12/23/2016 19:15:32.442 Completed Apple80211ScanAsync on en0 (0x0)
12/23/2016 19:15:32.444 Async scan request completed for "locationd" (0)
12/23/2016 19:15:38.066 Async scan requested by "locationd" for 1 iterations with maxage=0 priority normal on en0
12/23/2016 19:15:38.066 Enqueuing command type: "Scan" pending commands: 0
12/23/2016 19:15:38.066 Dequeuing command type: "Scan" pending commands: 0
12/23/2016 19:15:38.066 Attempting Apple80211ScanAsync on en0
12/23/2016 19:15:38.450 Completed Apple80211ScanAsync on en0 (0x0)
12/23/2016 19:15:38.451 Async scan request completed for "locationd" (0)
12/23/2016 19:15:44.065 Async scan requested by "locationd" for 1 iterations with maxage=0 priority normal on en0
12/23/2016 19:15:44.065 Enqueuing command type: "Scan" pending commands: 0
12/23/2016 19:15:44.065 Dequeuing command type: "Scan" pending commands: 0
12/23/2016 19:15:44.065 Attempting Apple80211ScanAsync on en0
12/23/2016 19:15:44.448 Completed Apple80211ScanAsync on en0 (0x0)
12/23/2016 19:15:44.449 Async scan request completed for "locationd" (0)
12/23/2016 19:15:50.066 Async scan requested by "locationd" for 1 iterations with maxage=0 priority normal on en0
12/23/2016 19:15:50.066 Enqueuing command type: "Scan" pending commands: 0
12/23/2016 19:15:50.066 Dequeuing command type: "Scan" pending commands: 0
12/23/2016 19:15:50.066 Attempting Apple80211ScanAsync on en0
12/23/2016 19:15:50.449 Completed Apple80211ScanAsync on en0 (0x0)
12/23/2016 19:15:50.450 Async scan request completed for "locationd" (0)
12/23/2016 19:15:56.065 Async scan requested by "locationd" for 1 iterations with maxage=0 priority normal on en0
12/23/2016 19:15:56.065 Enqueuing command type: "Scan" pending commands: 0
12/23/2016 19:15:56.065 Dequeuing command type: "Scan" pending commands: 0
12/23/2016 19:15:56.065 Attempting Apple80211ScanAsync on en0
12/23/2016 19:15:56.449 Completed Apple80211ScanAsync on en0 (0x0)
12/23/2016 19:15:56.450 Async scan request completed for "locationd" (0)
12/23/2016 19:16:02.066 Async scan requested by "locationd" for 1 iterations with maxage=0 priority normal on en0
12/23/2016 19:16:02.066 Enqueuing command type: "Scan" pending commands: 0
12/23/2016 19:16:02.066 Dequeuing command type: "Scan" pending commands: 0
12/23/2016 19:16:02.066 Attempting Apple80211ScanAsync on en0
12/23/2016 19:16:02.449 Completed Apple80211ScanAsync on en0 (0x0)
12/23/2016 19:16:02.450 Async scan request completed for "locationd" (0)
12/23/2016 19:16:07.064 Async scan requested by "locationd" for 1 iterations with maxage=0 priority normal on en0
12/23/2016 19:16:07.064 Enqueuing command type: "Scan" pending commands: 0
12/23/2016 19:16:07.064 Dequeuing command type: "Scan" pending commands: 0
12/23/2016 19:16:07.065 Attempting Apple80211ScanAsync on en0
12/23/2016 19:16:07.448 Completed Apple80211ScanAsync on en0 (0x0)
12/23/2016 19:16:07.449 Async scan request completed for "locationd" (0)
12/23/2016 19:16:21.454 scanCache: Purging scan cache
12/23/2016 19:16:25.066 Async scan requested by "locationd" for 1 iterations with maxage=0 priority normal on en0
12/23/2016 19:16:25.066 Enqueuing command type: "Scan" pending commands: 0
12/23/2016 19:16:25.066 Dequeuing command type: "Scan" pending commands: 0
12/23/2016 19:16:25.066 Attempting Apple80211ScanAsync on en0
12/23/2016 19:16:25.453 Completed Apple80211ScanAsync on en0 (0x0)
12/23/2016 19:16:25.454 Async scan request completed for "locationd" (0)
12/23/2016 19:16:30.060 Async scan requested by "locationd" for 1 iterations with maxage=0 priority normal on en0
12/23/2016 19:16:30.060 Enqueuing command type: "Scan" pending commands: 0
12/23/2016 19:16:30.060 Dequeuing command type: "Scan" pending commands: 0
12/23/2016 19:16:30.061 Attempting Apple80211ScanAsync on en0
12/23/2016 19:16:30.447 Completed Apple80211ScanAsync on en0 (0x0)
12/23/2016 19:16:30.447 Async scan request completed for "locationd" (0)
12/23/2016 19:16:36.066 Async scan requested by "locationd" for 1 iterations with maxage=0 priority normal on en0
12/23/2016 19:16:36.067 Enqueuing command type: "Scan" pending commands: 0
12/23/2016 19:16:36.067 Dequeuing command type: "Scan" pending commands: 0
12/23/2016 19:16:36.067 Attempting Apple80211ScanAsync on en0
12/23/2016 19:16:36.450 Completed Apple80211ScanAsync on en0 (0x0)
12/23/2016 19:16:36.451 Async scan request completed for "locationd" (0)
12/23/2016 19:16:41.061 Async scan requested by "locationd" for 1 iterations with maxage=0 priority normal on en0
12/23/2016 19:16:41.061 Enqueuing command type: "Scan" pending commands: 0
12/23/2016 19:16:41.062 Dequeuing command type: "Scan" pending commands: 0
12/23/2016 19:16:41.062 Attempting Apple80211ScanAsync on en0
12/23/2016 19:16:41.446 Completed Apple80211ScanAsync on en0 (0x0)
12/23/2016 19:16:41.446 Async scan request completed for "locationd" (0)
12/23/2016 19:16:44.579 WiFiLocaleManagerCheckLocale: trying to determine locale...
12/23/2016 19:16:44.580 WiFiManagerCoreLocationGetCachedLocation: getting cached location...
12/23/2016 19:16:44.581 __WiFiLocaleManagerGetLocaleFromMcc: finding iso country code for mcc 216 ....
12/23/2016 19:16:44.581 WiFiLocationServiceManagerIsLocationValid: cachedLocationTimeout 120.000000 location age 119.998055secs, lifeSpan -1.000000 accuracy 10.000000(highAccReq 0), isValid 1
12/23/2016 19:16:44.581 WiFiLocationServiceManagerStartLowAccuracyMonitoring: Cached low accuracy location is valid
12/23/2016 19:16:44.581 WiFiLocationServiceManagerIsLocationValid: cachedLocationTimeout 120.000000 location age 119.998178secs, lifeSpan -1.000000 accuracy 10.000000(highAccReq 1), isValid 1
12/23/2016 19:16:44.581 WiFiLocationServiceManagerIsLocationValid: cachedLocationTimeout 120.000000 location age 119.998229secs, lifeSpan -1.000000 accuracy 10.000000(highAccReq 0), isValid 1
12/23/2016 19:16:44.581 __WiFiLocationServiceManagerProcessLocationAvailableEvent: isValidHighAccuracyLocation 1,  isValidLowAccuracyLocation 1
12/23/2016 19:16:44.581 __WiFiLocationServiceManagerProcessLocationAvailableEvent: give low accuracy callback
12/23/2016 19:16:44.582 __WiFiLocaleManagerGetLocaleFromLocation: <+47.89994617,+17.16852117> +/- 10.00m (speed 0.00 mps / course 126.21) @ 12/23/16, 7:14:44 PM Central European Standard Time
12/23/2016 19:16:44.582 locale from bounding box 
12/23/2016 19:16:44.582 new locale:  , locale: 
12/23/2016 19:16:44.582 Stopping Low Accuracy Location Monitoring
12/23/2016 19:16:44.582 CLMonitoring is already stopped
12/23/2016 19:16:44.582 Stopping Low Accuracy Location Monitoring
12/23/2016 19:16:44.582 CLMonitoring is already stopped
12/23/2016 19:16:44.582 __WiFiLocationServiceManagerEventCallback, got cb dict {
    eventType = 0;
    location = "<+47.89951514,+17.16948233> +/- 10.00m (speed 0.00 mps / course 126.56) @ 12/23/16, 7:16:44 PM Central European Standard Time";
}
12/23/2016 19:16:44.583 WiFiLocationServiceManagerIsLocationValid: cachedLocationTimeout 120.000000 location age 0.001326secs, lifeSpan -1.000000 accuracy 10.000000(highAccReq 1), isValid 1
12/23/2016 19:16:44.583 WiFiLocationServiceManagerIsLocationValid: cachedLocationTimeout 120.000000 location age 0.001383secs, lifeSpan -1.000000 accuracy 10.000000(highAccReq 0), isValid 1
12/23/2016 19:16:44.583 __WiFiLocationServiceManagerProcessLocationAvailableEvent: isValidHighAccuracyLocation 1,  isValidLowAccuracyLocation 1
12/23/2016 19:16:46.067 Async scan requested by "locationd" for 1 iterations with maxage=0 priority normal on en0
12/23/2016 19:16:46.067 Enqueuing command type: "Scan" pending commands: 0
12/23/2016 19:16:46.067 Dequeuing command type: "Scan" pending commands: 0
12/23/2016 19:16:46.067 Attempting Apple80211ScanAsync on en0
12/23/2016 19:16:46.451 Completed Apple80211ScanAsync on en0 (0x0)
12/23/2016 19:16:46.452 Async scan request completed for "locationd" (0)
12/23/2016 19:16:49.274 WoW is Disabled, 0 WoW Clients
12/23/2016 19:16:52.067 Async scan requested by "locationd" for 1 iterations with maxage=0 priority normal on en0
12/23/2016 19:16:52.067 Enqueuing command type: "Scan" pending commands: 0
12/23/2016 19:16:52.067 Dequeuing command type: "Scan" pending commands: 0
12/23/2016 19:16:52.067 Attempting Apple80211ScanAsync on en0
12/23/2016 19:16:52.450 Completed Apple80211ScanAsync on en0 (0x0)
12/23/2016 19:16:52.451 Async scan request completed for "locationd" (0)
12/23/2016 19:16:58.065 Async scan requested by "locationd" for 1 iterations with maxage=0 priority normal on en0
12/23/2016 19:16:58.065 Enqueuing command type: "Scan" pending commands: 0
12/23/2016 19:16:58.065 Dequeuing command type: "Scan" pending commands: 0
12/23/2016 19:16:58.065 Attempting Apple80211ScanAsync on en0
12/23/2016 19:16:58.449 Completed Apple80211ScanAsync on en0 (0x0)
12/23/2016 19:16:58.450 Async scan request completed for "locationd" (0)
12/23/2016 19:17:04.067 Async scan requested by "locationd" for 1 iterations with maxage=0 priority normal on en0
12/23/2016 19:17:04.067 Enqueuing command type: "Scan" pending commands: 0
12/23/2016 19:17:04.067 Dequeuing command type: "Scan" pending commands: 0
12/23/2016 19:17:04.067 Attempting Apple80211ScanAsync on en0
12/23/2016 19:17:04.453 Completed Apple80211ScanAsync on en0 (0x0)
12/23/2016 19:17:04.454 Async scan request completed for "locationd" (0)
12/23/2016 19:17:09.065 Async scan requested by "locationd" for 1 iterations with maxage=0 priority normal on en0
12/23/2016 19:17:09.065 Enqueuing command type: "Scan" pending commands: 0
12/23/2016 19:17:09.065 Dequeuing command type: "Scan" pending commands: 0
12/23/2016 19:17:09.065 Attempting Apple80211ScanAsync on en0
12/23/2016 19:17:09.452 Completed Apple80211ScanAsync on en0 (0x0)
12/23/2016 19:17:09.453 Async scan request completed for "locationd" (0)
12/23/2016 19:17:20.059 Async scan requested by "locationd" for 1 iterations with maxage=0 priority normal on en0
12/23/2016 19:17:20.059 Enqueuing command type: "Scan" pending commands: 0
12/23/2016 19:17:20.059 Dequeuing command type: "Scan" pending commands: 0
12/23/2016 19:17:20.059 Attempting Apple80211ScanAsync on en0
12/23/2016 19:17:20.444 Completed Apple80211ScanAsync on en0 (0x0)
12/23/2016 19:17:20.445 Async scan request completed for "locationd" (0)
12/23/2016 19:17:25.065 Async scan requested by "locationd" for 1 iterations with maxage=0 priority normal on en0
12/23/2016 19:17:25.065 Enqueuing command type: "Scan" pending commands: 0
12/23/2016 19:17:25.066 Dequeuing command type: "Scan" pending commands: 0
12/23/2016 19:17:25.066 Attempting Apple80211ScanAsync on en0
12/23/2016 19:17:25.451 Completed Apple80211ScanAsync on en0 (0x0)
12/23/2016 19:17:25.452 Async scan request completed for "locationd" (0)
12/23/2016 19:17:31.061 Async scan requested by "locationd" for 1 iterations with maxage=0 priority normal on en0
12/23/2016 19:17:31.061 Enqueuing command type: "Scan" pending commands: 0
12/23/2016 19:17:31.063 Dequeuing command type: "Scan" pending commands: 0
12/23/2016 19:17:31.063 Attempting Apple80211ScanAsync on en0
12/23/2016 19:17:31.448 Completed Apple80211ScanAsync on en0 (0x0)
12/23/2016 19:17:31.448 Async scan request completed for "locationd" (0)
12/23/2016 19:17:37.067 Async scan requested by "locationd" for 1 iterations with maxage=0 priority normal on en0
12/23/2016 19:17:37.067 Enqueuing command type: "Scan" pending commands: 0
12/23/2016 19:17:37.067 Dequeuing command type: "Scan" pending commands: 0
12/23/2016 19:17:37.067 Attempting Apple80211ScanAsync on en0
12/23/2016 19:17:37.453 Completed Apple80211ScanAsync on en0 (0x0)
12/23/2016 19:17:37.454 Async scan request completed for "locationd" (0)
12/23/2016 19:17:43.067 Async scan requested by "locationd" for 1 iterations with maxage=0 priority normal on en0
12/23/2016 19:17:43.067 Enqueuing command type: "Scan" pending commands: 0
12/23/2016 19:17:43.067 Dequeuing command type: "Scan" pending commands: 0
12/23/2016 19:17:43.067 Attempting Apple80211ScanAsync on en0
12/23/2016 19:17:43.452 Completed Apple80211ScanAsync on en0 (0x0)
12/23/2016 19:17:43.453 Async scan request completed for "locationd" (0)
12/23/2016 19:17:57.460 scanCache: Purging scan cache
12/23/2016 19:18:09.061 Async scan requested by "locationd" for 1 iterations with maxage=0 priority normal on en0
12/23/2016 19:18:09.061 Enqueuing command type: "Scan" pending commands: 0
12/23/2016 19:18:09.061 Dequeuing command type: "Scan" pending commands: 0
12/23/2016 19:18:09.062 Attempting Apple80211ScanAsync on en0
12/23/2016 19:18:09.448 Completed Apple80211ScanAsync on en0 (0x0)
12/23/2016 19:18:09.448 Async scan request completed for "locationd" (0)
12/23/2016 19:18:14.066 Async scan requested by "locationd" for 1 iterations with maxage=0 priority normal on en0
12/23/2016 19:18:14.066 Enqueuing command type: "Scan" pending commands: 0
12/23/2016 19:18:14.066 Dequeuing command type: "Scan" pending commands: 0
12/23/2016 19:18:14.066 Attempting Apple80211ScanAsync on en0
12/23/2016 19:18:14.451 Completed Apple80211ScanAsync on en0 (0x0)
12/23/2016 19:18:14.452 Async scan request completed for "locationd" (0)
12/23/2016 19:18:20.066 Async scan requested by "locationd" for 1 iterations with maxage=0 priority normal on en0
12/23/2016 19:18:20.066 Enqueuing command type: "Scan" pending commands: 0
12/23/2016 19:18:20.066 Dequeuing command type: "Scan" pending commands: 0
12/23/2016 19:18:20.066 Attempting Apple80211ScanAsync on en0
12/23/2016 19:18:20.451 Completed Apple80211ScanAsync on en0 (0x0)
12/23/2016 19:18:20.451 Async scan request completed for "locationd" (0)
12/23/2016 19:18:26.066 Async scan requested by "locationd" for 1 iterations with maxage=0 priority normal on en0
12/23/2016 19:18:26.066 Enqueuing command type: "Scan" pending commands: 0
12/23/2016 19:18:26.066 Dequeuing command type: "Scan" pending commands: 0
12/23/2016 19:18:26.066 Attempting Apple80211ScanAsync on en0
12/23/2016 19:18:26.453 Completed Apple80211ScanAsync on en0 (0x0)
12/23/2016 19:18:26.453 Async scan request completed for "locationd" (0)
12/23/2016 19:18:31.066 Async scan requested by "locationd" for 1 iterations with maxage=0 priority normal on en0
12/23/2016 19:18:31.067 Enqueuing command type: "Scan" pending commands: 0
12/23/2016 19:18:31.067 Dequeuing command type: "Scan" pending commands: 0
12/23/2016 19:18:31.067 Attempting Apple80211ScanAsync on en0
12/23/2016 19:18:31.453 Completed Apple80211ScanAsync on en0 (0x0)
12/23/2016 19:18:31.454 Async scan request completed for "locationd" (0)
12/23/2016 19:18:37.066 Async scan requested by "locationd" for 1 iterations with maxage=0 priority normal on en0
12/23/2016 19:18:37.066 Enqueuing command type: "Scan" pending commands: 0
12/23/2016 19:18:37.067 Dequeuing command type: "Scan" pending commands: 0
12/23/2016 19:18:37.067 Attempting Apple80211ScanAsync on en0
12/23/2016 19:18:37.451 Completed Apple80211ScanAsync on en0 (0x0)
12/23/2016 19:18:37.452 Async scan request completed for "locationd" (0)
12/23/2016 19:18:42.067 Async scan requested by "locationd" for 1 iterations with maxage=0 priority normal on en0
12/23/2016 19:18:42.067 Enqueuing command type: "Scan" pending commands: 0
12/23/2016 19:18:42.067 Dequeuing command type: "Scan" pending commands: 0
12/23/2016 19:18:42.068 Attempting Apple80211ScanAsync on en0
12/23/2016 19:18:42.452 Completed Apple80211ScanAsync on en0 (0x0)
12/23/2016 19:18:42.453 Async scan request completed for "locationd" (0)
12/23/2016 19:18:44.579 WiFiLocaleManagerCheckLocale: trying to determine locale...
12/23/2016 19:18:44.580 WiFiManagerCoreLocationGetCachedLocation: getting cached location...
12/23/2016 19:18:44.602 __WiFiLocaleManagerGetLocaleFromMcc: finding iso country code for mcc 216 ....
12/23/2016 19:18:44.602 WiFiLocationServiceManagerIsLocationValid: cachedLocationTimeout 120.000000 location age 120.020028secs, lifeSpan -1.000000 accuracy 10.000000(highAccReq 0), isValid 1
12/23/2016 19:18:44.602 WiFiLocationServiceManagerStartLowAccuracyMonitoring: Cached low accuracy location is valid
12/23/2016 19:18:44.602 WiFiLocationServiceManagerIsLocationValid: cachedLocationTimeout 120.000000 location age 120.020165secs, lifeSpan -1.000000 accuracy 10.000000(highAccReq 1), isValid 1
12/23/2016 19:18:44.602 WiFiLocationServiceManagerIsLocationValid: cachedLocationTimeout 120.000000 location age 120.020221secs, lifeSpan -1.000000 accuracy 10.000000(highAccReq 0), isValid 1
12/23/2016 19:18:44.602 __WiFiLocationServiceManagerProcessLocationAvailableEvent: isValidHighAccuracyLocation 1,  isValidLowAccuracyLocation 1
12/23/2016 19:18:44.602 __WiFiLocationServiceManagerProcessLocationAvailableEvent: give low accuracy callback
12/23/2016 19:18:44.603 __WiFiLocaleManagerGetLocaleFromLocation: <+47.89951514,+17.16948233> +/- 10.00m (speed 0.00 mps / course 126.56) @ 12/23/16, 7:16:44 PM Central European Standard Time
12/23/2016 19:18:44.603 locale from bounding box 
12/23/2016 19:18:44.603 new locale:  , locale: 
12/23/2016 19:18:44.603 Stopping Low Accuracy Location Monitoring
12/23/2016 19:18:44.603 CLMonitoring is already stopped
12/23/2016 19:18:44.603 Stopping Low Accuracy Location Monitoring
12/23/2016 19:18:44.603 CLMonitoring is already stopped
12/23/2016 19:18:44.603 __WiFiLocationServiceManagerEventCallback, got cb dict {
    eventType = 0;
    location = "<+47.89889538,+17.17074372> +/- 10.00m (speed 1.21 mps / course 129.02) @ 12/23/16, 7:18:44 PM Central European Standard Time";
}
12/23/2016 19:18:44.604 WiFiLocationServiceManagerIsLocationValid: cachedLocationTimeout 120.000000 location age 0.021417secs, lifeSpan -1.000000 accuracy 10.000000(highAccReq 1), isValid 1
12/23/2016 19:18:44.604 WiFiLocationServiceManagerIsLocationValid: cachedLocationTimeout 120.000000 location age 0.021479secs, lifeSpan -1.000000 accuracy 10.000000(highAccReq 0), isValid 1
12/23/2016 19:18:44.604 __WiFiLocationServiceManagerProcessLocationAvailableEvent: isValidHighAccuracyLocation 1,  isValidLowAccuracyLocation 1
12/23/2016 19:18:48.062 Async scan requested by "locationd" for 1 iterations with maxage=0 priority normal on en0
12/23/2016 19:18:48.062 Enqueuing command type: "Scan" pending commands: 0
12/23/2016 19:18:48.062 Dequeuing command type: "Scan" pending commands: 0
12/23/2016 19:18:48.062 Attempting Apple80211ScanAsync on en0
12/23/2016 19:18:48.449 Completed Apple80211ScanAsync on en0 (0x0)
12/23/2016 19:18:48.450 Async scan request completed for "locationd" (0)
12/23/2016 19:18:53.065 Async scan requested by "locationd" for 1 iterations with maxage=0 priority normal on en0
12/23/2016 19:18:53.066 Enqueuing command type: "Scan" pending commands: 0
12/23/2016 19:18:53.066 Dequeuing command type: "Scan" pending commands: 0
12/23/2016 19:18:53.066 Attempting Apple80211ScanAsync on en0
12/23/2016 19:18:53.450 Completed Apple80211ScanAsync on en0 (0x0)
12/23/2016 19:18:53.452 Async scan request completed for "locationd" (0)
12/23/2016 19:19:04.065 Async scan requested by "locationd" for 1 iterations with maxage=0 priority normal on en0
12/23/2016 19:19:04.066 Enqueuing command type: "Scan" pending commands: 0
12/23/2016 19:19:04.066 Dequeuing command type: "Scan" pending commands: 0
12/23/2016 19:19:04.066 Attempting Apple80211ScanAsync on en0
12/23/2016 19:19:04.453 Completed Apple80211ScanAsync on en0 (0x0)
12/23/2016 19:19:04.453 Async scan request completed for "locationd" (0)
12/23/2016 19:19:09.065 Async scan requested by "locationd" for 1 iterations with maxage=0 priority normal on en0
12/23/2016 19:19:09.065 Enqueuing command type: "Scan" pending commands: 0
12/23/2016 19:19:09.065 Dequeuing command type: "Scan" pending commands: 0
12/23/2016 19:19:09.065 Attempting Apple80211ScanAsync on en0
12/23/2016 19:19:09.450 Completed Apple80211ScanAsync on en0 (0x0)
12/23/2016 19:19:09.451 Async scan request completed for "locationd" (0)
12/23/2016 19:19:15.061 Async scan requested by "locationd" for 1 iterations with maxage=0 priority normal on en0
12/23/2016 19:19:15.061 Enqueuing command type: "Scan" pending commands: 0
12/23/2016 19:19:15.061 Dequeuing command type: "Scan" pending commands: 0
12/23/2016 19:19:15.061 Attempting Apple80211ScanAsync on en0
12/23/2016 19:19:15.446 Completed Apple80211ScanAsync on en0 (0x0)
12/23/2016 19:19:15.447 Async scan request completed for "locationd" (0)
12/23/2016 19:19:29.452 scanCache: Purging scan cache
12/23/2016 19:19:31.667 __WiFiDeviceProcessDumpLogsEvent: Dump logs event received, dumped wifid log buffer to file
