 1/15/2017  0:59:46.536 Power stats update: Type 0x6 UnassociatedSleepDur 0 AssociatedSleepDur 473923 TotalDur 479862 RoamDur 3982
 1/15/2017  0:59:46.536 WiFiAWDManagerSubmitMetric: metric container could not be generated for metric id <0x90010>
 1/15/2017  0:59:46.537 __WiFiLQAMgrLogStats: Rssi: -72 Cca: 0 TxPer: 0.0% (0) BcnPer: 0.0% (0) RxFrms 0 TxRate: 0 RxRate: 0
 1/15/2017  0:59:46.538 __WiFiDeviceCopyLinkChangedSubReasonString: Apple80211ReturnToString failed 1
 1/15/2017  0:59:46.538 __WiFiDeviceProcessDriverAvailableEvent: driver availability true, reason Initializing(0xe0821803), subreason (null)(0x0)
 1/15/2017  0:59:46.538 __WiFiManagerDispatchDeviceAvailable: driver availability true

 1/15/2017  0:59:46.540 Unable to dispatch message to client MessagesViewServ (268435460)
 1/15/2017  0:59:46.541 __WiFiDeviceManagerAutoAssociate: Already connected to DIGI-146A.
 1/15/2017  0:59:46.549 WiFiAWDManagerSubmitMetric: metric container could not be generated for metric id <0x9000e>
 1/15/2017  0:59:46.559 __WiFiDeviceManagerAutoAssociate: Already connected to DIGI-146A.
 1/15/2017  0:59:46.561 No Change in Background Scan Networks, Skip Re-Programming Background Scan

 1/15/2017  0:59:46.639 __WiFiDeviceManagerAwdlAvailableCallback: AWDL availability changed to TRUE
 1/15/2017  0:59:46.640 __WiFiManagerCellularTransmitCallback_block_invoke: Cellular Transmit Started = FALSE
 1/15/2017  0:59:46.693 Disable WoW requested by "apsd"
 1/15/2017  0:59:46.694 WoW Capable = YES, Attempting to disable WoW and enable LPAS 
 1/15/2017  0:59:46.694 Setting WoW params to <CFBasicHash 0x14e0050b0 [0x1a0950150]>{type = immutable dict, count = 3,
entries =>
	0 : <CFString 0x100175960 [0x1a0950150]>{contents = "IO80211InterfaceEnableLowPwrAssocMode"} = <CFBoolean 0x1a09506c8 [0x1a0950150]>{value = true}
	1 : <CFString 0x100175940 [0x1a0950150]>{contents = "IO80211InterfaceEnableWoW"} = <CFBoolean 0x1a09506d8 [0x1a0950150]>{value = false}
	2 : <CFString 0x100185ae0 [0x1a0950150]>{contents = "IO80211InterfaceEnableWoWOnCaptive"} = <CFBoolean 0x1a09506d8 [0x1a0950150]>{value = false}
}

 1/15/2017  0:59:46.695 WiFiDeviceRequestAssociatedSleep: ActiveDuringSleepRequested is already set (<CFBasicHash 0x14cdcc060 [0x1a0950150]>{type = immutable dict, count = 0,
entries =>
}
).
 1/15/2017  0:59:46.695 WoW Disabled, 0 WoW Clients, lpas is Enabled, WoW Override is Disabled, Captive Disabled
 1/15/2017  0:59:46.696 Unable to dispatch WowStateChanged message to client dataaccessd (268435460)
 1/15/2017  0:59:46.696 Unable to dispatch WowStateChanged message to client itunesstored (268435460)
 1/15/2017  0:59:46.697 Unable to dispatch WowStateChanged message to client mediaserverd (268435460)
 1/15/2017  0:59:46.698 Unable to dispatch WowStateChanged message to client MobileMail (268435460)
 1/15/2017  0:59:46.698 Unable to dispatch WowStateChanged message to client profiled (268435460)
 1/15/2017  0:59:46.699 Unable to dispatch WowStateChanged message to client MessagesViewServ (268435460)
 1/15/2017  0:59:46.700 Unable to dispatch WowStateChanged message to client assistantd (268435460)
 1/15/2017  0:59:46.701 WoW is Disabled, 0 WoW Clients
 1/15/2017  0:59:46.701 WoW is Disabled, 0 WoW Clients
 1/15/2017  0:59:46.701 WoW is Disabled, 0 WoW Clients
 1/15/2017  0:59:46.727 WoW is Disabled, 0 WoW Clients
 1/15/2017  0:59:47.378 
Too frequent(0.841753 secs) rssi event from driver, ignoring

 1/15/2017  0:59:51.682 Client apsd set type to normal application
 1/15/2017  0:59:51.682 __WiFiManagerSetEnableState: state TRUE, manager->enable.setting TRUE, manager->unlockedSinceBoot TRUE
 1/15/2017  0:59:51.688 BG Application: Not Present, BG Daemon: Present. Daemons: mediaserverd 
 1/15/2017  0:59:51.750 Received kIOMessageSystemWillSleep
 1/15/2017  0:59:51.751 System Sleep notification, Disabling auto-join
 1/15/2017  0:59:51.751 __WiFiManagerSetEnableState: state FALSE, manager->enable.setting TRUE, manager->unlockedSinceBoot TRUE
 1/15/2017  0:59:51.751 Disabling automatic association
 1/15/2017  0:59:51.791 WoW is Disabled, 0 WoW Clients
 1/15/2017  0:59:51.892 __WiFiDeviceCopyLinkChangedSubReasonString: Apple80211ReturnToString failed 1
 1/15/2017  0:59:51.892 __WiFiDeviceProcessDriverAvailableEvent: driver availability false, reason PowerOff(0xe0821804), subreason (null)(0x0)
 1/15/2017  0:59:51.892 __WiFiManagerDispatchDeviceAvailable: driver availability false

 1/15/2017  0:59:51.893 Unable to dispatch message to client MessagesViewServ (268435460)
 1/15/2017  0:59:51.893 WiFiAWDManagerSubmitMetric: metric container could not be generated for metric id <0x9000e>
 1/15/2017  0:59:51.896 __WiFiDeviceManagerAwdlAvailableCallback: AWDL availability changed to FALSE
 1/15/2017  0:59:51.897 WoW is Disabled, 0 WoW Clients
 1/15/2017  1:04:53.007 Received kIOMessageSystemWillPowerOn
 1/15/2017  1:04:53.007 System wake reason: AOP.ExternalReq wlan
 1/15/2017  1:04:53.007 System Powered ON notification Re-enabling auto-join
 1/15/2017  1:04:53.007 __WiFiManagerSetEnableState: state TRUE, manager->enable.setting TRUE, manager->unlockedSinceBoot TRUE
 1/15/2017  1:04:53.007 Enabling automatic association
 1/15/2017  1:04:53.008 __WiFiDeviceManagerAutoAssociate: Already connected to DIGI-146A.
 1/15/2017  1:04:53.008 WiFiLocaleManagerCheckLocale: location service or wifi is off, set locale to default
 1/15/2017  1:04:53.008 new locale:  , locale: 
 1/15/2017  1:04:53.020 __WiFiDeviceManagerAwdlAvailableCallback: AWDL availability changed to TRUE
 1/15/2017  1:04:53.020 __WiFiDeviceProcessDumpLogsEvent: Dump logs event received, dumped wifid log buffer to file
