12/24/2016  3:56:08.192 WiFiLocaleManagerCheckLocale: trying to determine locale...
12/24/2016  3:56:08.193 WiFiManagerCoreLocationGetCachedLocation: getting cached location...
12/24/2016  3:56:08.215 __WiFiLocaleManagerGetLocaleFromMcc: finding iso country code for mcc 226 ....
12/24/2016  3:56:08.215 WiFiLocationServiceManagerIsLocationValid: cachedLocationTimeout 120.000000 location age 120.023669secs, lifeSpan -1.000000 accuracy 3000.357780(highAccReq 0), isValid 1
12/24/2016  3:56:08.215 WiFiLocationServiceManagerStartLowAccuracyMonitoring: Cached low accuracy location is valid
12/24/2016  3:56:08.215 WiFiLocationServiceManagerIsLocationValid: cachedLocationTimeout 120.000000 location age 120.023811secs, lifeSpan -1.000000 accuracy 3000.357780(highAccReq 1), isValid 0
12/24/2016  3:56:08.215 WiFiLocationServiceManagerIsLocationValid: cachedLocationTimeout 120.000000 location age 120.023869secs, lifeSpan -1.000000 accuracy 3000.357780(highAccReq 0), isValid 1
12/24/2016  3:56:08.215 __WiFiLocationServiceManagerProcessLocationAvailableEvent: isValidHighAccuracyLocation 0,  isValidLowAccuracyLocation 1
12/24/2016  3:56:08.215 __WiFiLocationServiceManagerProcessLocationAvailableEvent: give low accuracy callback
12/24/2016  3:56:08.216 __WiFiLocaleManagerGetLocaleFromLocation: <+45.65336400,+24.26295180> +/- 3000.36m (speed -1.00 mps / course -1.00) @ 12/24/16, 3:54:08 AM Eastern European Standard Time
12/24/2016  3:56:08.216 locale from bounding box 
12/24/2016  3:56:08.216 new locale:  , locale: 
12/24/2016  3:56:08.216 Stopping Low Accuracy Location Monitoring
12/24/2016  3:56:08.216 CLMonitoring is already stopped
12/24/2016  3:56:08.216 Stopping Low Accuracy Location Monitoring
12/24/2016  3:56:08.216 CLMonitoring is already stopped
12/24/2016  3:56:08.216 __WiFiLocationServiceManagerEventCallback, got cb dict {
    eventType = 0;
    location = "<+45.65336400,+24.26295180> +/- 3000.36m (speed -1.00 mps / course -1.00) @ 12/24/16, 3:56:08 AM Eastern European Standard Time";
}
12/24/2016  3:56:08.217 WiFiLocationServiceManagerIsLocationValid: cachedLocationTimeout 120.000000 location age 0.021305secs, lifeSpan -1.000000 accuracy 3000.357780(highAccReq 1), isValid 0
12/24/2016  3:56:08.217 WiFiLocationServiceManagerIsLocationValid: cachedLocationTimeout 120.000000 location age 0.021360secs, lifeSpan -1.000000 accuracy 3000.357780(highAccReq 0), isValid 1
12/24/2016  3:56:08.217 __WiFiLocationServiceManagerProcessLocationAvailableEvent: isValidHighAccuracyLocation 0,  isValidLowAccuracyLocation 1
12/24/2016  3:58:08.192 WiFiLocaleManagerCheckLocale: trying to determine locale...
12/24/2016  3:58:08.193 WiFiManagerCoreLocationGetCachedLocation: getting cached location...
12/24/2016  3:58:08.215 __WiFiLocaleManagerGetLocaleFromMcc: finding iso country code for mcc 226 ....
12/24/2016  3:58:08.215 WiFiLocationServiceManagerIsLocationValid: cachedLocationTimeout 120.000000 location age 120.019108secs, lifeSpan -1.000000 accuracy 3000.357780(highAccReq 0), isValid 1
12/24/2016  3:58:08.215 WiFiLocationServiceManagerStartLowAccuracyMonitoring: Cached low accuracy location is valid
12/24/2016  3:58:08.215 WiFiLocationServiceManagerIsLocationValid: cachedLocationTimeout 120.000000 location age 120.019248secs, lifeSpan -1.000000 accuracy 3000.357780(highAccReq 1), isValid 0
12/24/2016  3:58:08.215 WiFiLocationServiceManagerIsLocationValid: cachedLocationTimeout 120.000000 location age 120.019303secs, lifeSpan -1.000000 accuracy 3000.357780(highAccReq 0), isValid 1
12/24/2016  3:58:08.215 __WiFiLocationServiceManagerProcessLocationAvailableEvent: isValidHighAccuracyLocation 0,  isValidLowAccuracyLocation 1
12/24/2016  3:58:08.215 __WiFiLocationServiceManagerProcessLocationAvailableEvent: give low accuracy callback
12/24/2016  3:58:08.216 __WiFiLocaleManagerGetLocaleFromLocation: <+45.65336400,+24.26295180> +/- 3000.36m (speed -1.00 mps / course -1.00) @ 12/24/16, 3:56:08 AM Eastern European Standard Time
12/24/2016  3:58:08.216 locale from bounding box 
12/24/2016  3:58:08.216 new locale:  , locale: 
12/24/2016  3:58:08.216 Stopping Low Accuracy Location Monitoring
12/24/2016  3:58:08.216 CLMonitoring is already stopped
12/24/2016  3:58:08.216 Stopping Low Accuracy Location Monitoring
12/24/2016  3:58:08.216 CLMonitoring is already stopped
12/24/2016  3:58:08.216 __WiFiLocationServiceManagerEventCallback, got cb dict {
    eventType = 0;
    location = "<+45.65336400,+24.26295180> +/- 3000.36m (speed -1.00 mps / course -1.00) @ 12/24/16, 3:58:08 AM Eastern European Standard Time";
}
12/24/2016  3:58:08.217 WiFiLocationServiceManagerIsLocationValid: cachedLocationTimeout 120.000000 location age 0.021363secs, lifeSpan -1.000000 accuracy 3000.357780(highAccReq 1), isValid 0
12/24/2016  3:58:08.217 WiFiLocationServiceManagerIsLocationValid: cachedLocationTimeout 120.000000 location age 0.021419secs, lifeSpan -1.000000 accuracy 3000.357780(highAccReq 0), isValid 1
12/24/2016  3:58:08.217 __WiFiLocationServiceManagerProcessLocationAvailableEvent: isValidHighAccuracyLocation 0,  isValidLowAccuracyLocation 1
12/24/2016  4:00:08.193 WiFiLocaleManagerCheckLocale: trying to determine locale...
12/24/2016  4:00:08.193 WiFiManagerCoreLocationGetCachedLocation: getting cached location...
12/24/2016  4:00:08.215 __WiFiLocaleManagerGetLocaleFromMcc: finding iso country code for mcc 226 ....
12/24/2016  4:00:08.215 WiFiLocationServiceManagerIsLocationValid: cachedLocationTimeout 120.000000 location age 120.019403secs, lifeSpan -1.000000 accuracy 3000.357780(highAccReq 0), isValid 1
12/24/2016  4:00:08.215 WiFiLocationServiceManagerStartLowAccuracyMonitoring: Cached low accuracy location is valid
12/24/2016  4:00:08.215 WiFiLocationServiceManagerIsLocationValid: cachedLocationTimeout 120.000000 location age 120.019544secs, lifeSpan -1.000000 accuracy 3000.357780(highAccReq 1), isValid 0
12/24/2016  4:00:08.215 WiFiLocationServiceManagerIsLocationValid: cachedLocationTimeout 120.000000 location age 120.019599secs, lifeSpan -1.000000 accuracy 3000.357780(highAccReq 0), isValid 1
12/24/2016  4:00:08.215 __WiFiLocationServiceManagerProcessLocationAvailableEvent: isValidHighAccuracyLocation 0,  isValidLowAccuracyLocation 1
12/24/2016  4:00:08.215 __WiFiLocationServiceManagerProcessLocationAvailableEvent: give low accuracy callback
12/24/2016  4:00:08.216 __WiFiLocaleManagerGetLocaleFromLocation: <+45.65336400,+24.26295180> +/- 3000.36m (speed -1.00 mps / course -1.00) @ 12/24/16, 3:58:08 AM Eastern European Standard Time
12/24/2016  4:00:08.216 locale from bounding box 
12/24/2016  4:00:08.216 new locale:  , locale: 
12/24/2016  4:00:08.216 Stopping Low Accuracy Location Monitoring
12/24/2016  4:00:08.216 CLMonitoring is already stopped
12/24/2016  4:00:08.216 Stopping Low Accuracy Location Monitoring
12/24/2016  4:00:08.216 CLMonitoring is already stopped
12/24/2016  4:00:08.217 __WiFiLocationServiceManagerEventCallback, got cb dict {
    eventType = 0;
    location = "<+45.55712913,+24.26506469> +/- 2000.00m (speed -1.00 mps / course -1.00) @ 12/24/16, 4:00:08 AM Eastern European Standard Time";
}
12/24/2016  4:00:08.217 WiFiLocationServiceManagerIsLocationValid: cachedLocationTimeout 120.000000 location age 0.021373secs, lifeSpan -1.000000 accuracy 2000.000000(highAccReq 1), isValid 0
12/24/2016  4:00:08.217 WiFiLocationServiceManagerIsLocationValid: cachedLocationTimeout 120.000000 location age 0.021428secs, lifeSpan -1.000000 accuracy 2000.000000(highAccReq 0), isValid 1
12/24/2016  4:00:08.217 __WiFiLocationServiceManagerProcessLocationAvailableEvent: isValidHighAccuracyLocation 0,  isValidLowAccuracyLocation 1
12/24/2016  4:00:32.271 __WiFiDeviceProcessDumpLogsEvent: Dump logs event received, dumped wifid log buffer to file
