12/23/2016 16:34:43.897 WoW is Disabled, 0 WoW Clients
12/23/2016 16:34:44.650 WiFiLocaleManagerCheckLocale: trying to determine locale...
12/23/2016 16:34:44.650 WiFiManagerCoreLocationGetCachedLocation: getting cached location...
12/23/2016 16:34:44.663 __WiFiLocaleManagerGetLocaleFromMcc: finding iso country code for mcc 232 ....
12/23/2016 16:34:44.663 WiFiLocationServiceManagerIsLocationValid: cachedLocationTimeout 120.000000 location age 487.887217secs, lifeSpan -1.000000 accuracy 65.000000(highAccReq 0), isValid 1
12/23/2016 16:34:44.663 WiFiLocationServiceManagerStartLowAccuracyMonitoring: Cached low accuracy location is valid
12/23/2016 16:34:44.663 WiFiLocationServiceManagerIsLocationValid: cachedLocationTimeout 120.000000 location age 487.887355secs, lifeSpan -1.000000 accuracy 65.000000(highAccReq 1), isValid 1
12/23/2016 16:34:44.663 WiFiLocationServiceManagerIsLocationValid: cachedLocationTimeout 120.000000 location age 487.887409secs, lifeSpan -1.000000 accuracy 65.000000(highAccReq 0), isValid 1
12/23/2016 16:34:44.663 __WiFiLocationServiceManagerProcessLocationAvailableEvent: isValidHighAccuracyLocation 1,  isValidLowAccuracyLocation 1
12/23/2016 16:34:44.663 __WiFiLocationServiceManagerProcessLocationAvailableEvent: give low accuracy callback
12/23/2016 16:34:44.664 __WiFiLocaleManagerGetLocaleFromLocation: <+47.97626710,+16.85196624> +/- 65.00m (speed -1.00 mps / course -1.00) @ 12/23/16, 4:26:36 PM Central European Standard Time
12/23/2016 16:34:44.664 locale from bounding box 
12/23/2016 16:34:44.664 new locale:  , locale: 
12/23/2016 16:34:44.664 Stopping Low Accuracy Location Monitoring
12/23/2016 16:34:44.664 CLMonitoring is already stopped
12/23/2016 16:34:44.664 Stopping Low Accuracy Location Monitoring
12/23/2016 16:34:44.664 CLMonitoring is already stopped
12/23/2016 16:34:44.664 __WiFiLocationServiceManagerEventCallback, got cb dict {
    eventType = 0;
    location = "<+47.97626710,+16.85196624> +/- 65.00m (speed -1.00 mps / course -1.00) @ 12/23/16, 4:26:36 PM Central European Standard Time";
}
12/23/2016 16:34:44.665 WiFiLocationServiceManagerIsLocationValid: cachedLocationTimeout 120.000000 location age 487.889504secs, lifeSpan -1.000000 accuracy 65.000000(highAccReq 1), isValid 1
12/23/2016 16:34:44.665 WiFiLocationServiceManagerIsLocationValid: cachedLocationTimeout 120.000000 location age 487.889559secs, lifeSpan -1.000000 accuracy 65.000000(highAccReq 0), isValid 1
12/23/2016 16:34:44.665 __WiFiLocationServiceManagerProcessLocationAvailableEvent: isValidHighAccuracyLocation 1,  isValidLowAccuracyLocation 1
12/23/2016 16:34:46.764 __WiFiManagerCellularTransmitCallback_block_invoke: Cellular Transmit Started = FALSE
12/23/2016 16:35:00.253 __WiFiManagerCellularTransmitCallback_block_invoke: Cellular Transmit Started = TRUE
12/23/2016 16:35:20.687 __WiFiManagerCellularTransmitCallback_block_invoke: Cellular Transmit Started = FALSE
12/23/2016 16:35:53.824 __WiFiManagerCellularTransmitCallback_block_invoke: Cellular Transmit Started = TRUE
12/23/2016 16:36:20.590 __WiFiManagerCellularTransmitCallback_block_invoke: Cellular Transmit Started = FALSE
12/23/2016 16:36:24.559 __WiFiManagerCellularTransmitCallback_block_invoke: Cellular Transmit Started = TRUE
12/23/2016 16:36:24.645 __WiFiManagerCellularTransmitCallback_block_invoke: Cellular Transmit Started = FALSE
12/23/2016 16:36:27.384 __WiFiManagerCellularTransmitCallback_block_invoke: Cellular Transmit Started = TRUE
12/23/2016 16:36:44.650 WiFiLocaleManagerCheckLocale: trying to determine locale...
12/23/2016 16:36:44.650 WiFiManagerCoreLocationGetCachedLocation: getting cached location...
12/23/2016 16:36:44.663 __WiFiLocaleManagerGetLocaleFromMcc: finding iso country code for mcc 232 ....
12/23/2016 16:36:44.663 WiFiLocationServiceManagerIsLocationValid: cachedLocationTimeout 120.000000 location age 607.887283secs, lifeSpan -1.000000 accuracy 65.000000(highAccReq 0), isValid 1
12/23/2016 16:36:44.663 WiFiLocationServiceManagerStartLowAccuracyMonitoring: Cached low accuracy location is valid
12/23/2016 16:36:44.663 WiFiLocationServiceManagerIsLocationValid: cachedLocationTimeout 120.000000 location age 607.887422secs, lifeSpan -1.000000 accuracy 65.000000(highAccReq 1), isValid 1
12/23/2016 16:36:44.663 WiFiLocationServiceManagerIsLocationValid: cachedLocationTimeout 120.000000 location age 607.887475secs, lifeSpan -1.000000 accuracy 65.000000(highAccReq 0), isValid 1
12/23/2016 16:36:44.663 __WiFiLocationServiceManagerProcessLocationAvailableEvent: isValidHighAccuracyLocation 1,  isValidLowAccuracyLocation 1
12/23/2016 16:36:44.663 __WiFiLocationServiceManagerProcessLocationAvailableEvent: give low accuracy callback
12/23/2016 16:36:44.664 __WiFiLocaleManagerGetLocaleFromLocation: <+47.97626710,+16.85196624> +/- 65.00m (speed -1.00 mps / course -1.00) @ 12/23/16, 4:26:36 PM Central European Standard Time
12/23/2016 16:36:44.664 locale from bounding box 
12/23/2016 16:36:44.664 new locale:  , locale: 
12/23/2016 16:36:44.664 Stopping Low Accuracy Location Monitoring
12/23/2016 16:36:44.664 CLMonitoring is already stopped
12/23/2016 16:36:44.664 Stopping Low Accuracy Location Monitoring
12/23/2016 16:36:44.664 CLMonitoring is already stopped
12/23/2016 16:36:44.664 __WiFiLocationServiceManagerEventCallback, got cb dict {
    eventType = 0;
    location = "<+47.97626710,+16.85196624> +/- 65.00m (speed -1.00 mps / course -1.00) @ 12/23/16, 4:26:36 PM Central European Standard Time";
}
12/23/2016 16:36:44.665 WiFiLocationServiceManagerIsLocationValid: cachedLocationTimeout 120.000000 location age 607.889584secs, lifeSpan -1.000000 accuracy 65.000000(highAccReq 1), isValid 1
12/23/2016 16:36:44.665 WiFiLocationServiceManagerIsLocationValid: cachedLocationTimeout 120.000000 location age 607.889637secs, lifeSpan -1.000000 accuracy 65.000000(highAccReq 0), isValid 1
12/23/2016 16:36:44.665 __WiFiLocationServiceManagerProcessLocationAvailableEvent: isValidHighAccuracyLocation 1,  isValidLowAccuracyLocation 1
12/23/2016 16:36:52.524 __WiFiManagerCellularTransmitCallback_block_invoke: Cellular Transmit Started = FALSE
12/23/2016 16:37:04.189 __WiFiManagerCellularTransmitCallback_block_invoke: Cellular Transmit Started = TRUE
12/23/2016 16:37:26.959 Device display is ON
12/23/2016 16:37:26.959 __WiFiManagerSetEnableState: state TRUE, manager->enable.setting TRUE, manager->unlockedSinceBoot TRUE
12/23/2016 16:37:26.959 Auto association attempt canceled because MIS is enabled. MIS client count: wifi=1 bt=0
12/23/2016 16:37:27.106 Async scan requested by "locationd" for 1 iterations with maxage=0 priority normal on en0
12/23/2016 16:37:27.106 Enqueuing command type: "Scan" pending commands: 0
12/23/2016 16:37:27.106 Dequeuing command type: "Scan" pending commands: 0
12/23/2016 16:37:27.106 Attempting Apple80211ScanAsync on en0
12/23/2016 16:37:27.265 Completed Apple80211ScanAsync on en0 (0x0)
12/23/2016 16:37:27.265 Async scan request completed for "locationd" (0)
12/23/2016 16:37:27.266 Async scan requested by "locationd" for 1 iterations with maxage=0 priority normal on en0
12/23/2016 16:37:27.266 Enqueuing command type: "Scan" pending commands: 0
12/23/2016 16:37:27.266 Dequeuing command type: "Scan" pending commands: 0
12/23/2016 16:37:27.266 Attempting Apple80211ScanAsync on en0
12/23/2016 16:37:27.652 Completed Apple80211ScanAsync on en0 (0x0)
12/23/2016 16:37:27.653 Async scan request completed for "locationd" (0)
12/23/2016 16:37:28.336 ATJManager: setting ask-to-join interaction mode to Interactive
12/23/2016 16:37:28.337 ATJManager: no entries to purge
12/23/2016 16:37:28.337 User interaction ENABLED
12/23/2016 16:37:28.337 Ignoring lock state manager->wakeMode 1

12/23/2016 16:37:28.337 problematic networks =  and potentially problematic networks = 
12/23/2016 16:37:28.337 Unblacklisting
12/23/2016 16:37:28.338 No Change in Background Scan Networks, Skip Re-Programming Background Scan

12/23/2016 16:37:28.338 Auto association attempt canceled because MIS is enabled. MIS client count: wifi=1 bt=0
12/23/2016 16:37:29.607 BG Application: Not Present, BG Daemon: Present. Daemons: mediaserverd 
12/23/2016 16:37:29.607 __WiFiManagerSetEnableState: state TRUE, manager->enable.setting TRUE, manager->unlockedSinceBoot TRUE
12/23/2016 16:37:29.607 Auto association attempt canceled because MIS is enabled. MIS client count: wifi=1 bt=0
12/23/2016 16:37:30.651 Async scan requested by "locationd" for 1 iterations with maxage=0 priority low on en0
12/23/2016 16:37:30.651 Enqueuing command type: "Scan" pending commands: 0
12/23/2016 16:37:30.651 Dequeuing command type: "Scan" pending commands: 0
12/23/2016 16:37:30.651 Attempting Apple80211ScanAsync on en0
12/23/2016 16:37:31.305 Completed Apple80211ScanAsync on en0 (0x0)
12/23/2016 16:37:31.306 Async scan request completed for "locationd" (0)
12/23/2016 16:37:33.229 BG Application: Not Present, BG Daemon: Present. Daemons: mediaserverd 
12/23/2016 16:37:33.229 LPAS is Enabled
12/23/2016 16:37:33.229 LPAS Enabled, Skip starting Disassocation timer
12/23/2016 16:37:36.626 Async scan requested by "locationd" for 1 iterations with maxage=0 priority normal on en0
12/23/2016 16:37:36.626 Enqueuing command type: "Scan" pending commands: 0
12/23/2016 16:37:36.626 Dequeuing command type: "Scan" pending commands: 0
12/23/2016 16:37:36.626 Attempting Apple80211ScanAsync on en0
12/23/2016 16:37:37.013 Completed Apple80211ScanAsync on en0 (0x0)
12/23/2016 16:37:37.015 Async scan request completed for "locationd" (0)
12/23/2016 16:37:39.325 ATJManager: setting ask-to-join interaction mode to NonInteractive
12/23/2016 16:37:39.325 ATJManager: no entries to purge
12/23/2016 16:37:39.325 User interaction DISABLED
12/23/2016 16:37:39.325 Ignoring lock state manager->wakeMode 1

12/23/2016 16:37:39.327 Device display is OFF
12/23/2016 16:37:50.506 __WiFiManagerCellularTransmitCallback_block_invoke: Cellular Transmit Started = FALSE
12/23/2016 16:37:51.020 scanCache: Purging scan cache
12/23/2016 16:37:51.418 __WiFiManagerCellularTransmitCallback_block_invoke: Cellular Transmit Started = TRUE
12/23/2016 16:38:10.434 __WiFiManagerCellularTransmitCallback_block_invoke: Cellular Transmit Started = FALSE
12/23/2016 16:38:12.114 __WiFiManagerCellularTransmitCallback_block_invoke: Cellular Transmit Started = TRUE
12/23/2016 16:38:12.203 __WiFiManagerCellularTransmitCallback_block_invoke: Cellular Transmit Started = FALSE
12/23/2016 16:38:28.351 Background Network Application entered
12/23/2016 16:38:28.352 BG Application: Present, BG Daemon: Present. Daemons: mediaserverd 
12/23/2016 16:38:28.352 __WiFiManagerSetEnableState: state TRUE, manager->enable.setting TRUE, manager->unlockedSinceBoot TRUE
12/23/2016 16:38:28.352 Auto association attempt canceled because MIS is enabled. MIS client count: wifi=1 bt=0
12/23/2016 16:38:28.353 Background Network Application entered
12/23/2016 16:38:28.353 BG Application: Not Present, BG Daemon: Present. Daemons: mediaserverd 
12/23/2016 16:38:28.353 __WiFiManagerSetEnableState: state TRUE, manager->enable.setting TRUE, manager->unlockedSinceBoot TRUE
12/23/2016 16:38:28.354 Auto association attempt canceled because MIS is enabled. MIS client count: wifi=1 bt=0
12/23/2016 16:38:44.650 WiFiLocaleManagerCheckLocale: trying to determine locale...
12/23/2016 16:38:44.650 WiFiManagerCoreLocationGetCachedLocation: getting cached location...
12/23/2016 16:38:44.663 __WiFiLocaleManagerGetLocaleFromMcc: finding iso country code for mcc 232 ....
12/23/2016 16:38:44.663 WiFiLocationServiceManagerIsLocationValid: cachedLocationTimeout 120.000000 location age 727.887227secs, lifeSpan -1.000000 accuracy 65.000000(highAccReq 0), isValid 1
12/23/2016 16:38:44.663 WiFiLocationServiceManagerStartLowAccuracyMonitoring: Cached low accuracy location is valid
12/23/2016 16:38:44.663 WiFiLocationServiceManagerIsLocationValid: cachedLocationTimeout 120.000000 location age 727.887363secs, lifeSpan -1.000000 accuracy 65.000000(highAccReq 1), isValid 1
12/23/2016 16:38:44.663 WiFiLocationServiceManagerIsLocationValid: cachedLocationTimeout 120.000000 location age 727.887417secs, lifeSpan -1.000000 accuracy 65.000000(highAccReq 0), isValid 1
12/23/2016 16:38:44.663 __WiFiLocationServiceManagerProcessLocationAvailableEvent: isValidHighAccuracyLocation 1,  isValidLowAccuracyLocation 1
12/23/2016 16:38:44.663 __WiFiLocationServiceManagerProcessLocationAvailableEvent: give low accuracy callback
12/23/2016 16:38:44.664 __WiFiLocaleManagerGetLocaleFromLocation: <+47.97626710,+16.85196624> +/- 65.00m (speed -1.00 mps / course -1.00) @ 12/23/16, 4:26:36 PM Central European Standard Time
12/23/2016 16:38:44.664 locale from bounding box 
12/23/2016 16:38:44.664 new locale:  , locale: 
12/23/2016 16:38:44.664 Stopping Low Accuracy Location Monitoring
12/23/2016 16:38:44.664 CLMonitoring is already stopped
12/23/2016 16:38:44.664 Stopping Low Accuracy Location Monitoring
12/23/2016 16:38:44.664 CLMonitoring is already stopped
12/23/2016 16:38:44.664 __WiFiLocationServiceManagerEventCallback, got cb dict {
    eventType = 0;
    location = "<+47.97661557,+16.85163970> +/- 65.00m (speed -1.00 mps / course -1.00) @ 12/23/16, 4:37:46 PM Central European Standard Time";
}
12/23/2016 16:38:44.665 WiFiLocationServiceManagerIsLocationValid: cachedLocationTimeout 120.000000 location age 58.647705secs, lifeSpan -1.000000 accuracy 65.000000(highAccReq 1), isValid 1
12/23/2016 16:38:44.665 WiFiLocationServiceManagerIsLocationValid: cachedLocationTimeout 120.000000 location age 58.647759secs, lifeSpan -1.000000 accuracy 65.000000(highAccReq 0), isValid 1
12/23/2016 16:38:44.665 __WiFiLocationServiceManagerProcessLocationAvailableEvent: isValidHighAccuracyLocation 1,  isValidLowAccuracyLocation 1
12/23/2016 16:39:31.645 __WiFiDeviceProcessDumpLogsEvent: Dump logs event received, dumped wifid log buffer to file
