12/27/2016 13:14:34.711 __WiFiLocationServiceManagerEventCallback, got cb dict {
    eventType = 0;
    location = "<+44.42589922,+26.13609412> +/- 65.00m (speed -1.00 mps / course -1.00) @ 12/27/16, 1:13:49 PM Eastern European Standard Time";
}
12/27/2016 13:14:34.712 WiFiLocationServiceManagerIsLocationValid: cachedLocationTimeout 120.000000 location age 45.496809secs, lifeSpan -1.000000 accuracy 65.000000(highAccReq 1), isValid 1
12/27/2016 13:14:34.712 WiFiLocationServiceManagerIsLocationValid: cachedLocationTimeout 120.000000 location age 45.496869secs, lifeSpan -1.000000 accuracy 65.000000(highAccReq 0), isValid 1
12/27/2016 13:14:34.712 __WiFiLocationServiceManagerProcessLocationAvailableEvent: isValidHighAccuracyLocation 1,  isValidLowAccuracyLocation 1
12/27/2016 13:14:34.712 Power stats update: Type 0x6 UnassociatedSleepDur 0 AssociatedSleepDur 39576 TotalDur 40410 RoamDur 0
12/27/2016 13:14:34.712 WiFiAWDManagerSubmitMetric: metric container could not be generated for metric id <0x90010>
12/27/2016 13:14:34.745 __WiFiLQAMgrLogStats: Rssi: -67 Cca: 55 TxPer: 0.0% (0) BcnPer: 0.0% (50) RxFrms 2 TxRate: 19500 RxRate: 58500
12/27/2016 13:14:34.745 __WiFiLQAMgrIsLinkGood: LQAManager: GoodLinkRssi -67
12/27/2016 13:14:34.844 __WiFiDeviceCopyLinkChangedSubReasonString: Apple80211ReturnToString failed 1
12/27/2016 13:14:34.844 __WiFiDeviceProcessDriverAvailableEvent: driver availability true, reason Initializing(0xe0821803), subreason (null)(0x0)
12/27/2016 13:14:34.844 __WiFiManagerDispatchDeviceAvailable: driver availability true

12/27/2016 13:14:34.848 Unable to dispatch message to client MessagesViewServ (268435460)
12/27/2016 13:14:34.849 __WiFiDeviceManagerAutoAssociate: Already connected to DIGI-146A.
12/27/2016 13:14:34.849 WiFiAWDManagerSubmitMetric: metric container could not be generated for metric id <0x9000e>
12/27/2016 13:14:34.849 __WiFiManagerCellularTransmitCallback_block_invoke: Cellular Transmit Started = FALSE
12/27/2016 13:14:34.850 __WiFiDeviceManagerAwdlAvailableCallback: AWDL availability changed to TRUE
12/27/2016 13:14:34.850 __WiFiDeviceManagerAutoAssociate: Already connected to DIGI-146A.
12/27/2016 13:14:34.851 No Change in Background Scan Networks, Skip Re-Programming Background Scan

12/27/2016 13:14:34.886 Async scan requested by "locationd" for 1 iterations with maxage=0 priority normal on en0
12/27/2016 13:14:34.886 Enqueuing command type: "Scan" pending commands: 0
12/27/2016 13:14:34.886 Dequeuing command type: "Scan" pending commands: 0
12/27/2016 13:14:34.886 Attempting Apple80211ScanAsync on en0
12/27/2016 13:14:34.922 apsd[273] is a wow client
12/27/2016 13:14:34.922 WoW is Enabled, 1 WoW Clients
12/27/2016 13:14:34.924 scanCache: Defering purging scan cache
12/27/2016 13:14:35.092 Completed Apple80211ScanAsync on en0 (0x0)
12/27/2016 13:14:35.092 scanCache: Purging scan cache
12/27/2016 13:14:35.093 Async scan request completed for "locationd" (0)
12/27/2016 13:14:35.093 Async scan requested by "locationd" for 1 iterations with maxage=0 priority normal on en0
12/27/2016 13:14:35.093 Enqueuing command type: "Scan" pending commands: 0
12/27/2016 13:14:35.093 Dequeuing command type: "Scan" pending commands: 0
12/27/2016 13:14:35.093 Attempting Apple80211ScanAsync on en0
12/27/2016 13:14:35.278 ATJManager: setting ask-to-join interaction mode to Interactive
12/27/2016 13:14:35.278 ATJManager: no entries to purge
12/27/2016 13:14:35.279 User interaction ENABLED
12/27/2016 13:14:35.279 Ignoring lock state manager->wakeMode 1

12/27/2016 13:14:35.279 problematic networks =  and potentially problematic networks = 
12/27/2016 13:14:35.279 Unblacklisting
12/27/2016 13:14:35.279 No Change in Background Scan Networks, Skip Re-Programming Background Scan

12/27/2016 13:14:35.279 __WiFiDeviceManagerAutoAssociate: Already connected to DIGI-146A.
12/27/2016 13:14:35.543 Completed Apple80211ScanAsync on en0 (0x0)
12/27/2016 13:14:35.544 Async scan request completed for "locationd" (0)
12/27/2016 13:14:38.014 BG Application: Not Present, BG Daemon: Present. Daemons: mediaserverd apsd 
12/27/2016 13:14:38.014 __WiFiManagerSetEnableState: state TRUE, manager->enable.setting TRUE, manager->unlockedSinceBoot TRUE
12/27/2016 13:14:38.014 __WiFiDeviceManagerAutoAssociate: Already connected to DIGI-146A.
12/27/2016 13:14:43.541 ATJManager: setting ask-to-join interaction mode to NonInteractive
12/27/2016 13:14:43.541 ATJManager: no entries to purge
12/27/2016 13:14:43.541 User interaction DISABLED
12/27/2016 13:14:43.541 Ignoring lock state manager->wakeMode 1

12/27/2016 13:14:43.542 Device display is OFF
12/27/2016 13:14:49.549 scanCache: Purging scan cache
12/27/2016 13:14:53.574 Received kIOMessageSystemWillSleep
12/27/2016 13:14:53.574 System Sleep notification, Disabling auto-join
12/27/2016 13:14:53.574 __WiFiManagerSetEnableState: state FALSE, manager->enable.setting TRUE, manager->unlockedSinceBoot TRUE
12/27/2016 13:14:53.574 Disabling automatic association
12/27/2016 13:14:53.608 apsd[273] is a wow client
12/27/2016 13:14:53.608 WoW is Enabled, 1 WoW Clients
12/27/2016 13:14:53.688 __WiFiDeviceCopyLinkChangedSubReasonString: Apple80211ReturnToString failed 1
12/27/2016 13:14:53.688 __WiFiDeviceProcessDriverAvailableEvent: driver availability false, reason PowerOff(0xe0821804), subreason (null)(0x0)
12/27/2016 13:14:53.688 __WiFiManagerDispatchDeviceAvailable: driver availability false

12/27/2016 13:14:53.689 Unable to dispatch message to client MessagesViewServ (268435460)
12/27/2016 13:14:53.689 WiFiAWDManagerSubmitMetric: metric container could not be generated for metric id <0x9000e>
12/27/2016 13:14:53.691 __WiFiDeviceManagerAwdlAvailableCallback: AWDL availability changed to FALSE
12/27/2016 13:14:53.693 apsd[273] is a wow client
12/27/2016 13:14:53.693 WoW is Enabled, 1 WoW Clients
12/27/2016 13:15:16.749 Received kIOMessageSystemWillPowerOn
12/27/2016 13:15:16.749 System wake reason: AOP.ExternalReq baseband
12/27/2016 13:15:16.749 System Powered ON notification Re-enabling auto-join
12/27/2016 13:15:16.749 __WiFiManagerSetEnableState: state TRUE, manager->enable.setting TRUE, manager->unlockedSinceBoot TRUE
12/27/2016 13:15:16.749 Enabling automatic association
12/27/2016 13:15:16.749 __WiFiDeviceManagerAutoAssociate: Already connected to DIGI-146A.
12/27/2016 13:15:16.750 WiFiLocaleManagerCheckLocale: trying to determine locale...
12/27/2016 13:15:16.750 WiFiManagerCoreLocationGetCachedLocation: getting cached location...
12/27/2016 13:15:16.765 __WiFiLocaleManagerGetLocaleFromMcc: finding iso country code for mcc 226 ....
12/27/2016 13:15:16.766 WiFiLocationServiceManagerIsLocationValid: cachedLocationTimeout 120.000000 location age 87.550777secs, lifeSpan -1.000000 accuracy 65.000000(highAccReq 0), isValid 1
12/27/2016 13:15:16.766 WiFiLocationServiceManagerStartLowAccuracyMonitoring: Cached low accuracy location is valid
12/27/2016 13:15:16.766 WiFiLocationServiceManagerIsLocationValid: cachedLocationTimeout 120.000000 location age 87.550953secs, lifeSpan -1.000000 accuracy 65.000000(highAccReq 1), isValid 1
12/27/2016 13:15:16.766 WiFiLocationServiceManagerIsLocationValid: cachedLocationTimeout 120.000000 location age 87.551012secs, lifeSpan -1.000000 accuracy 65.000000(highAccReq 0), isValid 1
12/27/2016 13:15:16.766 __WiFiLocationServiceManagerProcessLocationAvailableEvent: isValidHighAccuracyLocation 1,  isValidLowAccuracyLocation 1
12/27/2016 13:15:16.766 __WiFiLocationServiceManagerProcessLocationAvailableEvent: give low accuracy callback
12/27/2016 13:15:16.767 __WiFiLocaleManagerGetLocaleFromLocation: <+44.42589922,+26.13609412> +/- 65.00m (speed -1.00 mps / course -1.00) @ 12/27/16, 1:13:49 PM Eastern European Standard Time
12/27/2016 13:15:16.768 locale from bounding box 
12/27/2016 13:15:16.768 new locale:  , locale: 
12/27/2016 13:15:16.768 Stopping Low Accuracy Location Monitoring
12/27/2016 13:15:16.768 CLMonitoring is already stopped
12/27/2016 13:15:16.768 Stopping Low Accuracy Location Monitoring
12/27/2016 13:15:16.768 CLMonitoring is already stopped
12/27/2016 13:15:16.768 __WiFiLocationServiceManagerEventCallback, got cb dict {
    eventType = 0;
    location = "<+44.42590765,+26.13608290> +/- 65.00m (speed -1.00 mps / course -1.00) @ 12/27/16, 1:14:44 PM Eastern European Standard Time";
}
12/27/2016 13:15:16.772 WiFiLocationServiceManagerIsLocationValid: cachedLocationTimeout 120.000000 location age 32.677398secs, lifeSpan -1.000000 accuracy 65.000000(highAccReq 1), isValid 1
12/27/2016 13:15:16.772 WiFiLocationServiceManagerIsLocationValid: cachedLocationTimeout 120.000000 location age 32.677459secs, lifeSpan -1.000000 accuracy 65.000000(highAccReq 0), isValid 1
12/27/2016 13:15:16.772 __WiFiLocationServiceManagerProcessLocationAvailableEvent: isValidHighAccuracyLocation 1,  isValidLowAccuracyLocation 1
12/27/2016 13:15:16.772 Power stats update: Type 0x6 UnassociatedSleepDur 0 AssociatedSleepDur 22555 TotalDur 22987 RoamDur 0
12/27/2016 13:15:16.772 WiFiAWDManagerSubmitMetric: metric container could not be generated for metric id <0x90010>
12/27/2016 13:15:16.784 __WiFiDeviceManagerAwdlAvailableCallback: AWDL availability changed to TRUE
12/27/2016 13:15:16.785 __WiFiLQAMgrLogStats: Rssi: -65 Cca: 31 TxPer: 0.0% (0) BcnPer: 0.0% (0) RxFrms 0 TxRate: 0 RxRate: 0
12/27/2016 13:15:16.788 __WiFiDeviceCopyLinkChangedSubReasonString: Apple80211ReturnToString failed 1
12/27/2016 13:15:16.789 __WiFiDeviceProcessDriverAvailableEvent: driver availability true, reason Initializing(0xe0821803), subreason (null)(0x0)
12/27/2016 13:15:16.789 __WiFiManagerDispatchDeviceAvailable: driver availability true

12/27/2016 13:15:16.792 Unable to dispatch message to client MessagesViewServ (268435460)
12/27/2016 13:15:16.793 __WiFiDeviceManagerAutoAssociate: Already connected to DIGI-146A.
12/27/2016 13:15:16.793 WiFiAWDManagerSubmitMetric: metric container could not be generated for metric id <0x9000e>
12/27/2016 13:15:16.800 __WiFiDeviceManagerAutoAssociate: Already connected to DIGI-146A.
12/27/2016 13:15:16.801 No Change in Background Scan Networks, Skip Re-Programming Background Scan

12/27/2016 13:15:16.977 __WiFiManagerCellularTransmitCallback_block_invoke: Cellular Transmit Started = TRUE
12/27/2016 13:15:17.283 apsd[273] is a wow client
12/27/2016 13:15:17.283 WoW is Enabled, 1 WoW Clients
12/27/2016 13:15:22.293 Client itunesstored set type to background application
12/27/2016 13:15:22.293 __WiFiManagerSetEnableState: state TRUE, manager->enable.setting TRUE, manager->unlockedSinceBoot TRUE
12/27/2016 13:15:22.298 BG Application: Not Present, BG Daemon: Present. Daemons: mediaserverd itunesstored apsd 
12/27/2016 13:15:22.299 __WiFiDeviceManagerAutoAssociate: Already connected to DIGI-146A.
12/27/2016 13:15:26.387 __WiFiManagerCellularTransmitCallback_block_invoke: Cellular Transmit Started = FALSE
12/27/2016 13:15:26.701 __WiFiLQAMgrLogStats: Rssi: -65 Cca: 19 TxPer: 0.0% (158) BcnPer: 0.0% (50) RxFrms 146 TxRate: 39000 RxRate: 65000
12/27/2016 13:15:27.842 Client itunesstored set type to normal application
12/27/2016 13:15:27.842 __WiFiManagerSetEnableState: state TRUE, manager->enable.setting TRUE, manager->unlockedSinceBoot TRUE
12/27/2016 13:15:27.842 BG Application: Not Present, BG Daemon: Present. Daemons: mediaserverd apsd 
12/27/2016 13:15:31.710 __WiFiLQAMgrLogStats: Rssi: -65 Cca: 33 TxPer: 0.0% (1) BcnPer: 0.0% (50) RxFrms 2 TxRate: 39000 RxRate: 65000
12/27/2016 13:15:34.300 Received kIOMessageSystemWillSleep
12/27/2016 13:15:34.300 System Sleep notification, Disabling auto-join
12/27/2016 13:15:34.301 __WiFiManagerSetEnableState: state FALSE, manager->enable.setting TRUE, manager->unlockedSinceBoot TRUE
12/27/2016 13:15:34.301 Disabling automatic association
12/27/2016 13:15:34.336 apsd[273] is a wow client
12/27/2016 13:15:34.336 WoW is Enabled, 1 WoW Clients
12/27/2016 13:15:34.478 __WiFiDeviceCopyLinkChangedSubReasonString: Apple80211ReturnToString failed 1
12/27/2016 13:15:34.478 __WiFiDeviceProcessDriverAvailableEvent: driver availability false, reason PowerOff(0xe0821804), subreason (null)(0x0)
12/27/2016 13:15:34.478 __WiFiManagerDispatchDeviceAvailable: driver availability false

12/27/2016 13:15:34.479 Unable to dispatch message to client MessagesViewServ (268435460)
12/27/2016 13:15:34.479 WiFiAWDManagerSubmitMetric: metric container could not be generated for metric id <0x9000e>
12/27/2016 13:15:34.481 __WiFiDeviceManagerAwdlAvailableCallback: AWDL availability changed to FALSE
12/27/2016 13:15:34.484 apsd[273] is a wow client
12/27/2016 13:15:34.484 WoW is Enabled, 1 WoW Clients
12/27/2016 13:18:41.632 Received kIOMessageSystemWillPowerOn
12/27/2016 13:18:41.632 System wake reason: AOP.ExternalReq wlan
12/27/2016 13:18:41.632 System Powered ON notification Re-enabling auto-join
12/27/2016 13:18:41.632 __WiFiManagerSetEnableState: state TRUE, manager->enable.setting TRUE, manager->unlockedSinceBoot TRUE
12/27/2016 13:18:41.632 Enabling automatic association
12/27/2016 13:18:41.632 __WiFiDeviceManagerAutoAssociate: Already connected to DIGI-146A.
12/27/2016 13:18:41.632 WiFiLocaleManagerCheckLocale: trying to determine locale...
12/27/2016 13:18:41.633 WiFiManagerCoreLocationGetCachedLocation: getting cached location...
12/27/2016 13:18:41.670 __WiFiLocaleManagerGetLocaleFromMcc: finding iso country code for mcc 226 ....
12/27/2016 13:18:41.670 WiFiLocationServiceManagerIsLocationValid: cachedLocationTimeout 120.000000 location age 237.575546secs, lifeSpan -1.000000 accuracy 65.000000(highAccReq 0), isValid 1
12/27/2016 13:18:41.670 WiFiLocationServiceManagerStartLowAccuracyMonitoring: Cached low accuracy location is valid
12/27/2016 13:18:41.670 WiFiLocationServiceManagerIsLocationValid: cachedLocationTimeout 120.000000 location age 237.575734secs, lifeSpan -1.000000 accuracy 65.000000(highAccReq 1), isValid 1
12/27/2016 13:18:41.670 WiFiLocationServiceManagerIsLocationValid: cachedLocationTimeout 120.000000 location age 237.575794secs, lifeSpan -1.000000 accuracy 65.000000(highAccReq 0), isValid 1
12/27/2016 13:18:41.670 __WiFiLocationServiceManagerProcessLocationAvailableEvent: isValidHighAccuracyLocation 1,  isValidLowAccuracyLocation 1
12/27/2016 13:18:41.671 __WiFiLocationServiceManagerProcessLocationAvailableEvent: give low accuracy callback
12/27/2016 13:18:41.672 __WiFiLocaleManagerGetLocaleFromLocation: <+44.42590765,+26.13608290> +/- 65.00m (speed -1.00 mps / course -1.00) @ 12/27/16, 1:14:44 PM Eastern European Standard Time
12/27/2016 13:18:41.672 locale from bounding box 
12/27/2016 13:18:41.672 new locale:  , locale: 
12/27/2016 13:18:41.672 Stopping Low Accuracy Location Monitoring
12/27/2016 13:18:41.672 CLMonitoring is already stopped
12/27/2016 13:18:41.672 Stopping Low Accuracy Location Monitoring
12/27/2016 13:18:41.672 CLMonitoring is already stopped
12/27/2016 13:18:41.672 __WiFiLocationServiceManagerEventCallback, got cb dict {
    eventType = 0;
    location = "<+44.42590765,+26.13608290> +/- 65.00m (speed -1.00 mps / course -1.00) @ 12/27/16, 1:14:44 PM Eastern European Standard Time";
}
12/27/2016 13:18:41.673 WiFiLocationServiceManagerIsLocationValid: cachedLocationTimeout 120.000000 location age 237.578111secs, lifeSpan -1.000000 accuracy 65.000000(highAccReq 1), isValid 1
12/27/2016 13:18:41.673 WiFiLocationServiceManagerIsLocationValid: cachedLocationTimeout 120.000000 location age 237.578164secs, lifeSpan -1.000000 accuracy 65.000000(highAccReq 0), isValid 1
12/27/2016 13:18:41.673 __WiFiLocationServiceManagerProcessLocationAvailableEvent: isValidHighAccuracyLocation 1,  isValidLowAccuracyLocation 1
12/27/2016 13:18:41.673 Power stats update: Type 0x6 UnassociatedSleepDur 0 AssociatedSleepDur 185738 TotalDur 187141 RoamDur 0
12/27/2016 13:18:41.673 WiFiAWDManagerSubmitMetric: metric container could not be generated for metric id <0x90010>
12/27/2016 13:18:41.675 __WiFiLQAMgrLogStats: Rssi: -67 Cca: 0 TxPer: 0.0% (0) BcnPer: 0.0% (0) RxFrms 0 TxRate: 0 RxRate: 0
12/27/2016 13:18:41.679 __WiFiDeviceManagerAwdlAvailableCallback: AWDL availability changed to TRUE
12/27/2016 13:18:41.680 __WiFiDeviceCopyLinkChangedSubReasonString: Apple80211ReturnToString failed 1
12/27/2016 13:18:41.680 __WiFiDeviceProcessDriverAvailableEvent: driver availability true, reason Initializing(0xe0821803), subreason (null)(0x0)
12/27/2016 13:18:41.680 __WiFiManagerDispatchDeviceAvailable: driver availability true

12/27/2016 13:18:41.683 Unable to dispatch message to client MessagesViewServ (268435460)
12/27/2016 13:18:41.684 __WiFiDeviceManagerAutoAssociate: Already connected to DIGI-146A.
12/27/2016 13:18:41.684 WiFiAWDManagerSubmitMetric: metric container could not be generated for metric id <0x9000e>
12/27/2016 13:18:41.687 __WiFiDeviceManagerAutoAssociate: Already connected to DIGI-146A.
12/27/2016 13:18:41.689 No Change in Background Scan Networks, Skip Re-Programming Background Scan

12/27/2016 13:18:41.791 __WiFiManagerCellularTransmitCallback_block_invoke: Cellular Transmit Started = FALSE
12/27/2016 13:18:41.836 Disable WoW requested by "apsd"
12/27/2016 13:18:41.837 WoW Capable = YES, Attempting to disable WoW and enable LPAS 
12/27/2016 13:18:41.839 Setting WoW params to <CFBasicHash 0x14ce84d10 [0x1a0950150]>{type = immutable dict, count = 3,
entries =>
	0 : <CFString 0x100175960 [0x1a0950150]>{contents = "IO80211InterfaceEnableLowPwrAssocMode"} = <CFBoolean 0x1a09506c8 [0x1a0950150]>{value = true}
	1 : <CFString 0x100175940 [0x1a0950150]>{contents = "IO80211InterfaceEnableWoW"} = <CFBoolean 0x1a09506d8 [0x1a0950150]>{value = false}
	2 : <CFString 0x100185ae0 [0x1a0950150]>{contents = "IO80211InterfaceEnableWoWOnCaptive"} = <CFBoolean 0x1a09506d8 [0x1a0950150]>{value = false}
}

12/27/2016 13:18:41.840 WiFiDeviceRequestAssociatedSleep: ActiveDuringSleepRequested is already set (<CFBasicHash 0x14cfb3a50 [0x1a0950150]>{type = immutable dict, count = 0,
entries =>
}
).
12/27/2016 13:18:41.841 WoW Disabled, 0 WoW Clients, lpas is Enabled, WoW Override is Disabled, Captive Disabled
12/27/2016 13:18:41.842 Unable to dispatch WowStateChanged message to client dataaccessd (268435460)
12/27/2016 13:18:41.843 Unable to dispatch WowStateChanged message to client itunesstored (268435460)
12/27/2016 13:18:41.843 Unable to dispatch WowStateChanged message to client mediaserverd (268435460)
12/27/2016 13:18:41.844 Unable to dispatch WowStateChanged message to client MobileMail (268435460)
12/27/2016 13:18:41.845 Unable to dispatch WowStateChanged message to client MessagesViewServ (268435460)
12/27/2016 13:18:41.845 Unable to dispatch WowStateChanged message to client assistantd (268435460)
12/27/2016 13:18:41.846 WoW is Disabled, 0 WoW Clients
12/27/2016 13:18:41.846 WoW is Disabled, 0 WoW Clients
12/27/2016 13:18:41.847 WoW is Disabled, 0 WoW Clients
12/27/2016 13:18:42.065 WoW is Disabled, 0 WoW Clients
12/27/2016 13:18:46.828 Client apsd set type to normal application
12/27/2016 13:18:46.829 __WiFiManagerSetEnableState: state TRUE, manager->enable.setting TRUE, manager->unlockedSinceBoot TRUE
12/27/2016 13:18:46.829 BG Application: Not Present, BG Daemon: Present. Daemons: mediaserverd 
12/27/2016 13:18:46.872 Received kIOMessageSystemWillSleep
12/27/2016 13:18:46.872 System Sleep notification, Disabling auto-join
12/27/2016 13:18:46.872 __WiFiManagerSetEnableState: state FALSE, manager->enable.setting TRUE, manager->unlockedSinceBoot TRUE
12/27/2016 13:18:46.872 Disabling automatic association
12/27/2016 13:18:46.919 WoW is Disabled, 0 WoW Clients
12/27/2016 13:18:47.073 __WiFiDeviceCopyLinkChangedSubReasonString: Apple80211ReturnToString failed 1
12/27/2016 13:18:47.073 __WiFiDeviceProcessDriverAvailableEvent: driver availability false, reason PowerOff(0xe0821804), subreason (null)(0x0)
12/27/2016 13:18:47.073 __WiFiManagerDispatchDeviceAvailable: driver availability false

12/27/2016 13:18:47.075 Unable to dispatch message to client MessagesViewServ (268435460)
12/27/2016 13:18:47.075 WiFiAWDManagerSubmitMetric: metric container could not be generated for metric id <0x9000e>
12/27/2016 13:18:47.076 __WiFiDeviceManagerAwdlAvailableCallback: AWDL availability changed to FALSE
12/27/2016 13:18:47.078 WoW is Disabled, 0 WoW Clients
12/27/2016 13:22:07.739 Received kIOMessageSystemWillPowerOn
12/27/2016 13:22:07.739 System wake reason: AOP.ExternalReq rtc
12/27/2016 13:22:07.739 System Powered ON notification Re-enabling auto-join
12/27/2016 13:22:07.739 __WiFiManagerSetEnableState: state TRUE, manager->enable.setting TRUE, manager->unlockedSinceBoot TRUE
12/27/2016 13:22:07.739 Enabling automatic association
12/27/2016 13:22:07.739 __WiFiDeviceManagerAutoAssociate: Already connected to DIGI-146A.
12/27/2016 13:22:07.740 WiFiLocaleManagerCheckLocale: trying to determine locale...
12/27/2016 13:22:07.740 WiFiManagerCoreLocationGetCachedLocation: getting cached location...
12/27/2016 13:22:07.745 __WiFiLocaleManagerGetLocaleFromMcc: finding iso country code for mcc 226 ....
12/27/2016 13:22:07.745 WiFiLocationServiceManagerIsLocationValid: cachedLocationTimeout 120.000000 location age 443.650461secs, lifeSpan -1.000000 accuracy 65.000000(highAccReq 0), isValid 1
12/27/2016 13:22:07.745 WiFiLocationServiceManagerStartLowAccuracyMonitoring: Cached low accuracy location is valid
12/27/2016 13:22:07.745 WiFiLocationServiceManagerIsLocationValid: cachedLocationTimeout 120.000000 location age 443.650642secs, lifeSpan -1.000000 accuracy 65.000000(highAccReq 1), isValid 1
12/27/2016 13:22:07.745 WiFiLocationServiceManagerIsLocationValid: cachedLocationTimeout 120.000000 location age 443.650700secs, lifeSpan -1.000000 accuracy 65.000000(highAccReq 0), isValid 1
12/27/2016 13:22:07.745 __WiFiLocationServiceManagerProcessLocationAvailableEvent: isValidHighAccuracyLocation 1,  isValidLowAccuracyLocation 1
12/27/2016 13:22:07.745 __WiFiLocationServiceManagerProcessLocationAvailableEvent: give low accuracy callback
12/27/2016 13:22:07.747 __WiFiLocaleManagerGetLocaleFromLocation: <+44.42590765,+26.13608290> +/- 65.00m (speed -1.00 mps / course -1.00) @ 12/27/16, 1:14:44 PM Eastern European Standard Time
12/27/2016 13:22:07.747 locale from bounding box 
12/27/2016 13:22:07.747 new locale:  , locale: 
12/27/2016 13:22:07.747 Stopping Low Accuracy Location Monitoring
12/27/2016 13:22:07.747 CLMonitoring is already stopped
12/27/2016 13:22:07.747 Stopping Low Accuracy Location Monitoring
12/27/2016 13:22:07.747 CLMonitoring is already stopped
12/27/2016 13:22:07.747 Power stats update: Type 0x5 UnassociatedSleepDur 0 AssociatedSleepDur 107690 TotalDur 200631 RoamDur 0
12/27/2016 13:22:07.747 WiFiAWDManagerSubmitMetric: metric container could not be generated for metric id <0x90010>
12/27/2016 13:22:07.748 __WiFiLQAMgrLogStats: Rssi: -67 Cca: 29 TxPer: 0.0% (24) BcnPer: 1.8% (283) RxFrms 33 TxRate: 39000 RxRate: 65000
12/27/2016 13:22:07.748 __WiFiDeviceCopyLinkChangedSubReasonString: Apple80211ReturnToString failed 1
12/27/2016 13:22:07.749 __WiFiDeviceProcessDriverAvailableEvent: driver availability true, reason Initializing(0xe0821803), subreason (null)(0x0)
12/27/2016 13:22:07.749 __WiFiManagerDispatchDeviceAvailable: driver availability true

12/27/2016 13:22:07.750 Unable to dispatch message to client MessagesViewServ (268435460)
12/27/2016 13:22:07.750 __WiFiDeviceManagerAutoAssociate: Already connected to DIGI-146A.
12/27/2016 13:22:07.750 WiFiAWDManagerSubmitMetric: metric container could not be generated for metric id <0x9000e>
12/27/2016 13:22:07.751 __WiFiDeviceManagerAutoAssociate: Already connected to DIGI-146A.
12/27/2016 13:22:07.752 No Change in Background Scan Networks, Skip Re-Programming Background Scan

12/27/2016 13:22:07.770 __WiFiLocationServiceManagerEventCallback, got cb dict {
    eventType = 0;
    location = "<+44.42590765,+26.13608290> +/- 65.00m (speed -1.00 mps / course -1.00) @ 12/27/16, 1:14:44 PM Eastern European Standard Time";
}
12/27/2016 13:22:07.794 WiFiLocationServiceManagerIsLocationValid: cachedLocationTimeout 120.000000 location age 443.698895secs, lifeSpan -1.000000 accuracy 65.000000(highAccReq 1), isValid 1
12/27/2016 13:22:07.794 WiFiLocationServiceManagerIsLocationValid: cachedLocationTimeout 120.000000 location age 443.699032secs, lifeSpan -1.000000 accuracy 65.000000(highAccReq 0), isValid 1
12/27/2016 13:22:07.794 __WiFiLocationServiceManagerProcessLocationAvailableEvent: isValidHighAccuracyLocation 1,  isValidLowAccuracyLocation 1
12/27/2016 13:22:07.795 __WiFiDeviceManagerAwdlAvailableCallback: AWDL availability changed to TRUE
12/27/2016 13:22:07.862 __WiFiManagerCellularTransmitCallback_block_invoke: Cellular Transmit Started = FALSE
12/27/2016 13:22:08.187 WoW is Disabled, 0 WoW Clients
12/27/2016 13:22:08.531 
Too frequent(0.783447 secs) rssi event from driver, ignoring

12/27/2016 13:22:25.618 Background Network Application entered
12/27/2016 13:22:25.619 BG Application: Present, BG Daemon: Present. Daemons: mediaserverd 
12/27/2016 13:22:25.619 __WiFiManagerSetEnableState: state TRUE, manager->enable.setting TRUE, manager->unlockedSinceBoot TRUE
12/27/2016 13:22:25.619 __WiFiDeviceManagerAutoAssociate: Already connected to DIGI-146A.
12/27/2016 13:22:25.622 Background Network Application entered
12/27/2016 13:22:25.622 BG Application: Not Present, BG Daemon: Present. Daemons: mediaserverd 
12/27/2016 13:22:25.622 __WiFiManagerSetEnableState: state TRUE, manager->enable.setting TRUE, manager->unlockedSinceBoot TRUE
12/27/2016 13:22:25.622 __WiFiDeviceManagerAutoAssociate: Already connected to DIGI-146A.
12/27/2016 13:22:27.149 Received kIOMessageSystemWillSleep
12/27/2016 13:22:27.149 System Sleep notification, Disabling auto-join
12/27/2016 13:22:27.149 __WiFiManagerSetEnableState: state FALSE, manager->enable.setting TRUE, manager->unlockedSinceBoot TRUE
12/27/2016 13:22:27.149 Disabling automatic association
12/27/2016 13:22:27.183 WoW is Disabled, 0 WoW Clients
12/27/2016 13:22:27.264 __WiFiDeviceManagerAwdlAvailableCallback: AWDL availability changed to FALSE
12/27/2016 13:22:27.265 __WiFiDeviceCopyLinkChangedSubReasonString: Apple80211ReturnToString failed 1
12/27/2016 13:22:27.265 __WiFiDeviceProcessDriverAvailableEvent: driver availability false, reason PowerOff(0xe0821804), subreason (null)(0x0)
12/27/2016 13:22:27.265 __WiFiManagerDispatchDeviceAvailable: driver availability false

12/27/2016 13:22:27.266 Unable to dispatch message to client MessagesViewServ (268435460)
12/27/2016 13:22:27.266 WiFiAWDManagerSubmitMetric: metric container could not be generated for metric id <0x9000e>
12/27/2016 13:22:27.275 WoW is Disabled, 0 WoW Clients
12/27/2016 13:27:28.406 Received kIOMessageSystemWillPowerOn
12/27/2016 13:27:28.406 System wake reason: AOP.ExternalReq wlan
12/27/2016 13:27:28.406 System Powered ON notification Re-enabling auto-join
12/27/2016 13:27:28.406 __WiFiManagerSetEnableState: state TRUE, manager->enable.setting TRUE, manager->unlockedSinceBoot TRUE
12/27/2016 13:27:28.406 Enabling automatic association
12/27/2016 13:27:28.406 __WiFiDeviceManagerAutoAssociate: Already connected to DIGI-146A.
12/27/2016 13:27:28.406 WiFiLocaleManagerCheckLocale: trying to determine locale...
12/27/2016 13:27:28.406 WiFiManagerCoreLocationGetCachedLocation: getting cached location...
12/27/2016 13:27:28.416 __WiFiLocaleManagerGetLocaleFromMcc: finding iso country code for mcc 226 ....
12/27/2016 13:27:28.416 WiFiLocationServiceManagerIsLocationValid: cachedLocationTimeout 120.000000 location age 764.320996secs, lifeSpan -1.000000 accuracy 65.000000(highAccReq 0), isValid 1
12/27/2016 13:27:28.416 WiFiLocationServiceManagerStartLowAccuracyMonitoring: Cached low accuracy location is valid
12/27/2016 13:27:28.416 WiFiLocationServiceManagerIsLocationValid: cachedLocationTimeout 120.000000 location age 764.321159secs, lifeSpan -1.000000 accuracy 65.000000(highAccReq 1), isValid 1
12/27/2016 13:27:28.416 WiFiLocationServiceManagerIsLocationValid: cachedLocationTimeout 120.000000 location age 764.321286secs, lifeSpan -1.000000 accuracy 65.000000(highAccReq 0), isValid 1
12/27/2016 13:27:28.416 __WiFiLocationServiceManagerProcessLocationAvailableEvent: isValidHighAccuracyLocation 1,  isValidLowAccuracyLocation 1
12/27/2016 13:27:28.416 __WiFiLocationServiceManagerProcessLocationAvailableEvent: give low accuracy callback
12/27/2016 13:27:28.418 __WiFiLocaleManagerGetLocaleFromLocation: <+44.42590765,+26.13608290> +/- 65.00m (speed -1.00 mps / course -1.00) @ 12/27/16, 1:14:44 PM Eastern European Standard Time
12/27/2016 13:27:28.418 locale from bounding box 
12/27/2016 13:27:28.418 new locale:  , locale: 
12/27/2016 13:27:28.418 Stopping Low Accuracy Location Monitoring
12/27/2016 13:27:28.418 CLMonitoring is already stopped
12/27/2016 13:27:28.418 Stopping Low Accuracy Location Monitoring
12/27/2016 13:27:28.418 CLMonitoring is already stopped
12/27/2016 13:27:28.418 __WiFiDeviceProcessDumpLogsEvent: Dump logs event received, dumped wifid log buffer to file
