12/23/2016 19:24:44.577 WiFiLocaleManagerCheckLocale: trying to determine locale...
12/23/2016 19:24:44.577 WiFiManagerCoreLocationGetCachedLocation: getting cached location...
12/23/2016 19:24:44.578 __WiFiLocaleManagerGetLocaleFromMcc: finding iso country code for mcc 216 ....
12/23/2016 19:24:44.579 WiFiLocationServiceManagerIsLocationValid: cachedLocationTimeout 120.000000 location age 119.998170secs, lifeSpan -1.000000 accuracy 10.000000(highAccReq 0), isValid 1
12/23/2016 19:24:44.579 WiFiLocationServiceManagerStartLowAccuracyMonitoring: Cached low accuracy location is valid
12/23/2016 19:24:44.579 WiFiLocationServiceManagerIsLocationValid: cachedLocationTimeout 120.000000 location age 119.998290secs, lifeSpan -1.000000 accuracy 10.000000(highAccReq 1), isValid 1
12/23/2016 19:24:44.579 WiFiLocationServiceManagerIsLocationValid: cachedLocationTimeout 120.000000 location age 119.998341secs, lifeSpan -1.000000 accuracy 10.000000(highAccReq 0), isValid 1
12/23/2016 19:24:44.579 __WiFiLocationServiceManagerProcessLocationAvailableEvent: isValidHighAccuracyLocation 1,  isValidLowAccuracyLocation 1
12/23/2016 19:24:44.579 __WiFiLocationServiceManagerProcessLocationAvailableEvent: give low accuracy callback
12/23/2016 19:24:44.580 __WiFiLocaleManagerGetLocaleFromLocation: <+47.89567719,+17.17572986> +/- 10.00m (speed 0.00 mps / course 139.92) @ 12/23/16, 7:22:44 PM Central European Standard Time
12/23/2016 19:24:44.580 locale from bounding box 
12/23/2016 19:24:44.580 new locale:  , locale: 
12/23/2016 19:24:44.580 Stopping Low Accuracy Location Monitoring
12/23/2016 19:24:44.580 CLMonitoring is already stopped
12/23/2016 19:24:44.580 Stopping Low Accuracy Location Monitoring
12/23/2016 19:24:44.580 CLMonitoring is already stopped
12/23/2016 19:24:44.580 __WiFiLocationServiceManagerEventCallback, got cb dict {
    eventType = 0;
    location = "<+47.89488501,+17.17677190> +/- 5.00m (speed 1.14 mps / course 138.16) @ 12/23/16, 7:24:44 PM Central European Standard Time";
}
12/23/2016 19:24:44.581 WiFiLocationServiceManagerIsLocationValid: cachedLocationTimeout 120.000000 location age 0.001229secs, lifeSpan -1.000000 accuracy 5.000000(highAccReq 1), isValid 1
12/23/2016 19:24:44.581 WiFiLocationServiceManagerIsLocationValid: cachedLocationTimeout 120.000000 location age 0.001286secs, lifeSpan -1.000000 accuracy 5.000000(highAccReq 0), isValid 1
12/23/2016 19:24:44.581 __WiFiLocationServiceManagerProcessLocationAvailableEvent: isValidHighAccuracyLocation 1,  isValidLowAccuracyLocation 1
12/23/2016 19:25:02.073 Async scan requested by "locationd" for 1 iterations with maxage=0 priority normal on en0
12/23/2016 19:25:02.074 Enqueuing command type: "Scan" pending commands: 0
12/23/2016 19:25:02.074 Dequeuing command type: "Scan" pending commands: 0
12/23/2016 19:25:02.074 Attempting Apple80211ScanAsync on en0
12/23/2016 19:25:02.458 Completed Apple80211ScanAsync on en0 (0x0)
12/23/2016 19:25:02.459 Async scan request completed for "locationd" (0)
12/23/2016 19:25:08.074 Async scan requested by "locationd" for 1 iterations with maxage=0 priority normal on en0
12/23/2016 19:25:08.074 Enqueuing command type: "Scan" pending commands: 0
12/23/2016 19:25:08.074 Dequeuing command type: "Scan" pending commands: 0
12/23/2016 19:25:08.074 Attempting Apple80211ScanAsync on en0
12/23/2016 19:25:08.459 Completed Apple80211ScanAsync on en0 (0x0)
12/23/2016 19:25:08.460 Async scan request completed for "locationd" (0)
12/23/2016 19:25:14.073 Async scan requested by "locationd" for 1 iterations with maxage=0 priority normal on en0
12/23/2016 19:25:14.073 Enqueuing command type: "Scan" pending commands: 0
12/23/2016 19:25:14.073 Dequeuing command type: "Scan" pending commands: 0
12/23/2016 19:25:14.073 Attempting Apple80211ScanAsync on en0
12/23/2016 19:25:14.458 Completed Apple80211ScanAsync on en0 (0x0)
12/23/2016 19:25:14.459 Async scan request completed for "locationd" (0)
12/23/2016 19:25:19.062 Async scan requested by "locationd" for 1 iterations with maxage=0 priority normal on en0
12/23/2016 19:25:19.062 Enqueuing command type: "Scan" pending commands: 0
12/23/2016 19:25:19.062 Dequeuing command type: "Scan" pending commands: 0
12/23/2016 19:25:19.062 Attempting Apple80211ScanAsync on en0
12/23/2016 19:25:19.448 Completed Apple80211ScanAsync on en0 (0x0)
12/23/2016 19:25:19.449 Async scan request completed for "locationd" (0)
12/23/2016 19:25:24.063 Async scan requested by "locationd" for 1 iterations with maxage=0 priority normal on en0
12/23/2016 19:25:24.063 Enqueuing command type: "Scan" pending commands: 0
12/23/2016 19:25:24.064 Dequeuing command type: "Scan" pending commands: 0
12/23/2016 19:25:24.064 Attempting Apple80211ScanAsync on en0
12/23/2016 19:25:24.448 Completed Apple80211ScanAsync on en0 (0x0)
12/23/2016 19:25:24.449 Async scan request completed for "locationd" (0)
12/23/2016 19:25:38.454 scanCache: Purging scan cache
12/23/2016 19:25:52.636 Device display is ON
12/23/2016 19:25:52.636 __WiFiManagerSetEnableState: state TRUE, manager->enable.setting TRUE, manager->unlockedSinceBoot TRUE
12/23/2016 19:25:52.636 Auto association attempt canceled because MIS is enabled. MIS client count: wifi=3 bt=0
12/23/2016 19:25:52.838 Async scan requested by "locationd" for 1 iterations with maxage=0 priority normal on en0
12/23/2016 19:25:52.839 Enqueuing command type: "Scan" pending commands: 0
12/23/2016 19:25:52.839 Dequeuing command type: "Scan" pending commands: 0
12/23/2016 19:25:52.839 Attempting Apple80211ScanAsync on en0
12/23/2016 19:25:52.996 Completed Apple80211ScanAsync on en0 (0x0)
12/23/2016 19:25:52.997 Async scan request completed for "locationd" (0)
12/23/2016 19:25:52.997 Async scan requested by "locationd" for 1 iterations with maxage=0 priority normal on en0
12/23/2016 19:25:52.998 Enqueuing command type: "Scan" pending commands: 0
12/23/2016 19:25:52.998 Dequeuing command type: "Scan" pending commands: 0
12/23/2016 19:25:52.998 Attempting Apple80211ScanAsync on en0
12/23/2016 19:25:53.384 Completed Apple80211ScanAsync on en0 (0x0)
12/23/2016 19:25:53.384 Async scan request completed for "locationd" (0)
12/23/2016 19:26:04.271 Device display is OFF
12/23/2016 19:26:07.390 scanCache: Purging scan cache
12/23/2016 19:26:25.332 Device display is ON
12/23/2016 19:26:25.333 __WiFiManagerSetEnableState: state TRUE, manager->enable.setting TRUE, manager->unlockedSinceBoot TRUE
12/23/2016 19:26:25.333 Auto association attempt canceled because MIS is enabled. MIS client count: wifi=3 bt=0
12/23/2016 19:26:25.516 Async scan requested by "locationd" for 1 iterations with maxage=0 priority normal on en0
12/23/2016 19:26:25.516 Enqueuing command type: "Scan" pending commands: 0
12/23/2016 19:26:25.516 Dequeuing command type: "Scan" pending commands: 0
12/23/2016 19:26:25.516 Attempting Apple80211ScanAsync on en0
12/23/2016 19:26:25.675 Completed Apple80211ScanAsync on en0 (0x0)
12/23/2016 19:26:25.675 Async scan request completed for "locationd" (0)
12/23/2016 19:26:25.677 Async scan requested by "locationd" for 1 iterations with maxage=0 priority normal on en0
12/23/2016 19:26:25.677 Enqueuing command type: "Scan" pending commands: 0
12/23/2016 19:26:25.677 Dequeuing command type: "Scan" pending commands: 0
12/23/2016 19:26:25.677 Attempting Apple80211ScanAsync on en0
12/23/2016 19:26:26.062 Completed Apple80211ScanAsync on en0 (0x0)
12/23/2016 19:26:26.063 Async scan request completed for "locationd" (0)
12/23/2016 19:26:29.099 ATJManager: setting ask-to-join interaction mode to Interactive
12/23/2016 19:26:29.099 ATJManager: no entries to purge
12/23/2016 19:26:29.100 User interaction ENABLED
12/23/2016 19:26:29.100 Ignoring lock state manager->wakeMode 1

12/23/2016 19:26:29.100 problematic networks =  and potentially problematic networks = 
12/23/2016 19:26:29.100 Unblacklisting
12/23/2016 19:26:29.102 No Change in Background Scan Networks, Skip Re-Programming Background Scan

12/23/2016 19:26:29.102 Auto association attempt canceled because MIS is enabled. MIS client count: wifi=3 bt=0
12/23/2016 19:26:29.121 Async scan requested by "locationd" for 1 iterations with maxage=0 priority low on en0
12/23/2016 19:26:29.121 Enqueuing command type: "Scan" pending commands: 0
12/23/2016 19:26:29.121 Dequeuing command type: "Scan" pending commands: 0
12/23/2016 19:26:29.121 Attempting Apple80211ScanAsync on en0
12/23/2016 19:26:29.976 Completed Apple80211ScanAsync on en0 (0x0)
12/23/2016 19:26:29.977 Async scan request completed for "locationd" (0)
12/23/2016 19:26:31.819 BG Application: Not Present, BG Daemon: Present. Daemons: assistantd mediaserverd 
12/23/2016 19:26:41.721 BG Application: Not Present, BG Daemon: Present. Daemons: assistantd mediaserverd 
12/23/2016 19:26:41.721 __WiFiManagerSetEnableState: state TRUE, manager->enable.setting TRUE, manager->unlockedSinceBoot TRUE
12/23/2016 19:26:41.721 Auto association attempt canceled because MIS is enabled. MIS client count: wifi=3 bt=0
12/23/2016 19:26:43.989 scanCache: Purging scan cache
12/23/2016 19:26:44.023 Device display is OFF
12/23/2016 19:26:44.034 ATJManager: setting ask-to-join interaction mode to NonInteractive
12/23/2016 19:26:44.034 ATJManager: no entries to purge
12/23/2016 19:26:44.034 User interaction DISABLED
12/23/2016 19:26:44.034 Ignoring lock state manager->wakeMode 1

12/23/2016 19:26:44.577 WiFiLocaleManagerCheckLocale: trying to determine locale...
12/23/2016 19:26:44.577 WiFiManagerCoreLocationGetCachedLocation: getting cached location...
12/23/2016 19:26:44.577 __WiFiLocaleManagerGetLocaleFromMcc: finding iso country code for mcc 216 ....
12/23/2016 19:26:44.577 WiFiLocationServiceManagerIsLocationValid: cachedLocationTimeout 120.000000 location age 119.997819secs, lifeSpan -1.000000 accuracy 5.000000(highAccReq 0), isValid 1
12/23/2016 19:26:44.577 WiFiLocationServiceManagerStartLowAccuracyMonitoring: Cached low accuracy location is valid
12/23/2016 19:26:44.577 WiFiLocationServiceManagerIsLocationValid: cachedLocationTimeout 120.000000 location age 119.997851secs, lifeSpan -1.000000 accuracy 5.000000(highAccReq 1), isValid 1
12/23/2016 19:26:44.577 WiFiLocationServiceManagerIsLocationValid: cachedLocationTimeout 120.000000 location age 119.997863secs, lifeSpan -1.000000 accuracy 5.000000(highAccReq 0), isValid 1
12/23/2016 19:26:44.577 __WiFiLocationServiceManagerProcessLocationAvailableEvent: isValidHighAccuracyLocation 1,  isValidLowAccuracyLocation 1
12/23/2016 19:26:44.578 __WiFiLocationServiceManagerProcessLocationAvailableEvent: give low accuracy callback
12/23/2016 19:26:44.578 __WiFiLocaleManagerGetLocaleFromLocation: <+47.89488501,+17.17677190> +/- 5.00m (speed 1.14 mps / course 138.16) @ 12/23/16, 7:24:44 PM Central European Standard Time
12/23/2016 19:26:44.578 locale from bounding box 
12/23/2016 19:26:44.578 new locale:  , locale: 
12/23/2016 19:26:44.578 Stopping Low Accuracy Location Monitoring
12/23/2016 19:26:44.578 CLMonitoring is already stopped
12/23/2016 19:26:44.578 Stopping Low Accuracy Location Monitoring
12/23/2016 19:26:44.578 CLMonitoring is already stopped
12/23/2016 19:26:44.578 __WiFiLocationServiceManagerEventCallback, got cb dict {
    eventType = 0;
    location = "<+47.89397319,+17.17792265> +/- 5.00m (speed 1.79 mps / course 139.92) @ 12/23/16, 7:26:44 PM Central European Standard Time";
}
12/23/2016 19:26:44.578 WiFiLocationServiceManagerIsLocationValid: cachedLocationTimeout 120.000000 location age 0.000408secs, lifeSpan -1.000000 accuracy 5.000000(highAccReq 1), isValid 1
12/23/2016 19:26:44.578 WiFiLocationServiceManagerIsLocationValid: cachedLocationTimeout 120.000000 location age 0.000422secs, lifeSpan -1.000000 accuracy 5.000000(highAccReq 0), isValid 1
12/23/2016 19:26:44.578 __WiFiLocationServiceManagerProcessLocationAvailableEvent: isValidHighAccuracyLocation 1,  isValidLowAccuracyLocation 1
12/23/2016 19:26:55.041 __WiFiManagerCellularTransmitCallback_block_invoke: Cellular Transmit Started = FALSE
12/23/2016 19:26:55.971 __WiFiManagerCellularTransmitCallback_block_invoke: Cellular Transmit Started = TRUE
12/23/2016 19:27:04.634 WoW is Disabled, 0 WoW Clients
12/23/2016 19:27:05.060 Async scan requested by "locationd" for 1 iterations with maxage=0 priority normal on en0
12/23/2016 19:27:05.060 Enqueuing command type: "Scan" pending commands: 0
12/23/2016 19:27:05.060 Dequeuing command type: "Scan" pending commands: 0
12/23/2016 19:27:05.060 Attempting Apple80211ScanAsync on en0
12/23/2016 19:27:05.446 Completed Apple80211ScanAsync on en0 (0x0)
12/23/2016 19:27:05.447 Async scan request completed for "locationd" (0)
12/23/2016 19:27:10.075 Async scan requested by "locationd" for 1 iterations with maxage=0 priority normal on en0
12/23/2016 19:27:10.075 Enqueuing command type: "Scan" pending commands: 0
12/23/2016 19:27:10.075 Dequeuing command type: "Scan" pending commands: 0
12/23/2016 19:27:10.075 Attempting Apple80211ScanAsync on en0
12/23/2016 19:27:10.462 Completed Apple80211ScanAsync on en0 (0x0)
12/23/2016 19:27:10.463 Async scan request completed for "locationd" (0)
12/23/2016 19:27:16.094 Async scan requested by "locationd" for 1 iterations with maxage=0 priority normal on en0
12/23/2016 19:27:16.094 Enqueuing command type: "Scan" pending commands: 0
12/23/2016 19:27:16.094 Dequeuing command type: "Scan" pending commands: 0
12/23/2016 19:27:16.094 Attempting Apple80211ScanAsync on en0
12/23/2016 19:27:16.479 Completed Apple80211ScanAsync on en0 (0x0)
12/23/2016 19:27:16.480 Async scan request completed for "locationd" (0)
12/23/2016 19:27:28.513 __WiFiDeviceProcessSTAArriveEvent: staNum 4
12/23/2016 19:27:28.513 WiFiAWDManagerSubmitMetric: metric container could not be generated for metric id <0x90006>
12/23/2016 19:27:28.513 MIS STA Associated: 4 associated clients
12/23/2016 19:27:28.525 WiFiDeviceManagerSetMISMaxStaNumber: Additional tethering clients allowed: 1
12/23/2016 19:27:28.534 WiFiAWDManagerSubmitMetric: metric container could not be generated for metric id <0x90005>
12/23/2016 19:27:28.534 MIS is already Enabled on ap1
12/23/2016 19:27:28.537 MIS Discovery is Disabled
12/23/2016 19:27:29.111 BG Application: Not Present, BG Daemon: Present. Daemons: assistantd mediaserverd 
12/23/2016 19:27:29.112 BG Application: Not Present, BG Daemon: Present. Daemons: assistantd mediaserverd 
12/23/2016 19:27:30.485 scanCache: Purging scan cache
12/23/2016 19:28:44.576 WiFiLocaleManagerCheckLocale: trying to determine locale...
12/23/2016 19:28:44.576 WiFiManagerCoreLocationGetCachedLocation: getting cached location...
12/23/2016 19:28:44.577 __WiFiLocaleManagerGetLocaleFromMcc: finding iso country code for mcc 216 ....
12/23/2016 19:28:44.577 WiFiLocationServiceManagerIsLocationValid: cachedLocationTimeout 120.000000 location age 119.999699secs, lifeSpan -1.000000 accuracy 5.000000(highAccReq 0), isValid 1
12/23/2016 19:28:44.578 WiFiLocationServiceManagerStartLowAccuracyMonitoring: Cached low accuracy location is valid
12/23/2016 19:28:44.578 WiFiLocationServiceManagerIsLocationValid: cachedLocationTimeout 120.000000 location age 119.999833secs, lifeSpan -1.000000 accuracy 5.000000(highAccReq 1), isValid 1
12/23/2016 19:28:44.578 WiFiLocationServiceManagerIsLocationValid: cachedLocationTimeout 120.000000 location age 119.999889secs, lifeSpan -1.000000 accuracy 5.000000(highAccReq 0), isValid 1
12/23/2016 19:28:44.578 __WiFiLocationServiceManagerProcessLocationAvailableEvent: isValidHighAccuracyLocation 1,  isValidLowAccuracyLocation 1
12/23/2016 19:28:44.578 __WiFiLocationServiceManagerProcessLocationAvailableEvent: give low accuracy callback
12/23/2016 19:28:44.579 __WiFiLocaleManagerGetLocaleFromLocation: <+47.89397319,+17.17792265> +/- 5.00m (speed 1.79 mps / course 139.92) @ 12/23/16, 7:26:44 PM Central European Standard Time
12/23/2016 19:28:44.579 locale from bounding box 
12/23/2016 19:28:44.579 new locale:  , locale: 
12/23/2016 19:28:44.579 Stopping Low Accuracy Location Monitoring
12/23/2016 19:28:44.579 CLMonitoring is already stopped
12/23/2016 19:28:44.579 Stopping Low Accuracy Location Monitoring
12/23/2016 19:28:44.579 CLMonitoring is already stopped
12/23/2016 19:28:44.579 __WiFiLocationServiceManagerEventCallback, got cb dict {
    eventType = 0;
    location = "<+47.89237442,+17.18004788> +/- 5.00m (speed 1.87 mps / course 138.52) @ 12/23/16, 7:28:44 PM Central European Standard Time";
}
12/23/2016 19:28:44.580 WiFiLocationServiceManagerIsLocationValid: cachedLocationTimeout 120.000000 location age 0.001730secs, lifeSpan -1.000000 accuracy 5.000000(highAccReq 1), isValid 1
12/23/2016 19:28:44.580 WiFiLocationServiceManagerIsLocationValid: cachedLocationTimeout 120.000000 location age 0.001793secs, lifeSpan -1.000000 accuracy 5.000000(highAccReq 0), isValid 1
12/23/2016 19:28:44.580 __WiFiLocationServiceManagerProcessLocationAvailableEvent: isValidHighAccuracyLocation 1,  isValidLowAccuracyLocation 1
12/23/2016 19:29:23.557 Device display is ON
12/23/2016 19:29:23.557 __WiFiManagerSetEnableState: state TRUE, manager->enable.setting TRUE, manager->unlockedSinceBoot TRUE
12/23/2016 19:29:23.557 Auto association attempt canceled because MIS is enabled. MIS client count: wifi=4 bt=0
12/23/2016 19:29:23.723 Async scan requested by "locationd" for 1 iterations with maxage=0 priority normal on en0
12/23/2016 19:29:23.723 Enqueuing command type: "Scan" pending commands: 0
12/23/2016 19:29:23.723 Dequeuing command type: "Scan" pending commands: 0
12/23/2016 19:29:23.723 Attempting Apple80211ScanAsync on en0
12/23/2016 19:29:23.881 Completed Apple80211ScanAsync on en0 (0x0)
12/23/2016 19:29:23.881 Async scan request completed for "locationd" (0)
12/23/2016 19:29:23.882 Async scan requested by "locationd" for 1 iterations with maxage=0 priority normal on en0
12/23/2016 19:29:23.882 Enqueuing command type: "Scan" pending commands: 0
12/23/2016 19:29:23.882 Dequeuing command type: "Scan" pending commands: 0
12/23/2016 19:29:23.882 Attempting Apple80211ScanAsync on en0
12/23/2016 19:29:24.268 Completed Apple80211ScanAsync on en0 (0x0)
12/23/2016 19:29:24.268 Async scan request completed for "locationd" (0)
12/23/2016 19:29:31.668 __WiFiDeviceProcessDumpLogsEvent: Dump logs event received, dumped wifid log buffer to file
