12/23/2016 20:24:44.560 WiFiLocaleManagerCheckLocale: trying to determine locale...
12/23/2016 20:24:44.560 WiFiManagerCoreLocationGetCachedLocation: getting cached location...
12/23/2016 20:24:44.572 __WiFiLocaleManagerGetLocaleFromMcc: finding iso country code for mcc 216 ....
12/23/2016 20:24:44.572 WiFiLocationServiceManagerIsLocationValid: cachedLocationTimeout 120.000000 location age 120.015130secs, lifeSpan -1.000000 accuracy 10.000000(highAccReq 0), isValid 1
12/23/2016 20:24:44.572 WiFiLocationServiceManagerStartLowAccuracyMonitoring: Cached low accuracy location is valid
12/23/2016 20:24:44.572 WiFiLocationServiceManagerIsLocationValid: cachedLocationTimeout 120.000000 location age 120.015266secs, lifeSpan -1.000000 accuracy 10.000000(highAccReq 1), isValid 1
12/23/2016 20:24:44.572 WiFiLocationServiceManagerIsLocationValid: cachedLocationTimeout 120.000000 location age 120.015321secs, lifeSpan -1.000000 accuracy 10.000000(highAccReq 0), isValid 1
12/23/2016 20:24:44.572 __WiFiLocationServiceManagerProcessLocationAvailableEvent: isValidHighAccuracyLocation 1,  isValidLowAccuracyLocation 1
12/23/2016 20:24:44.572 __WiFiLocationServiceManagerProcessLocationAvailableEvent: give low accuracy callback
12/23/2016 20:24:44.573 __WiFiLocaleManagerGetLocaleFromLocation: <+47.68011723,+17.91687082> +/- 10.00m (speed 30.25 mps / course 97.73) @ 12/23/16, 8:22:44 PM Central European Standard Time
12/23/2016 20:24:44.573 locale from bounding box 
12/23/2016 20:24:44.573 new locale:  , locale: 
12/23/2016 20:24:44.573 Stopping Low Accuracy Location Monitoring
12/23/2016 20:24:44.573 CLMonitoring is already stopped
12/23/2016 20:24:44.574 Stopping Low Accuracy Location Monitoring
12/23/2016 20:24:44.574 CLMonitoring is already stopped
12/23/2016 20:24:44.574 __WiFiLocationServiceManagerEventCallback, got cb dict {
    eventType = 0;
    location = "<+47.68030343,+17.96689125> +/- 10.00m (speed 23.16 mps / course 82.97) @ 12/23/16, 8:24:44 PM Central European Standard Time";
}
12/23/2016 20:24:44.574 WiFiLocationServiceManagerIsLocationValid: cachedLocationTimeout 120.000000 location age 0.011326secs, lifeSpan -1.000000 accuracy 10.000000(highAccReq 1), isValid 1
12/23/2016 20:24:44.574 WiFiLocationServiceManagerIsLocationValid: cachedLocationTimeout 120.000000 location age 0.011380secs, lifeSpan -1.000000 accuracy 10.000000(highAccReq 0), isValid 1
12/23/2016 20:24:44.574 __WiFiLocationServiceManagerProcessLocationAvailableEvent: isValidHighAccuracyLocation 1,  isValidLowAccuracyLocation 1
12/23/2016 20:25:08.062 Async scan requested by "locationd" for 1 iterations with maxage=0 priority normal on en0
12/23/2016 20:25:08.062 Enqueuing command type: "Scan" pending commands: 0
12/23/2016 20:25:08.062 Dequeuing command type: "Scan" pending commands: 0
12/23/2016 20:25:08.062 Attempting Apple80211ScanAsync on en0
12/23/2016 20:25:08.448 Completed Apple80211ScanAsync on en0 (0x0)
12/23/2016 20:25:08.449 Async scan request completed for "locationd" (0)
12/23/2016 20:25:10.012 __WiFiDeviceProcessSTALeaveEvent: staNum 3
12/23/2016 20:25:10.016 MIS STA Disassociated: 3 associated clients
12/23/2016 20:25:10.022 WiFiDeviceManagerSetMISMaxStaNumber: Additional tethering clients allowed: 2
12/23/2016 20:25:10.033 MIS is already Enabled on ap1
12/23/2016 20:25:10.035 MIS Discovery is Disabled
12/23/2016 20:25:14.071 Async scan requested by "locationd" for 1 iterations with maxage=0 priority normal on en0
12/23/2016 20:25:14.072 Enqueuing command type: "Scan" pending commands: 0
12/23/2016 20:25:14.072 Dequeuing command type: "Scan" pending commands: 0
12/23/2016 20:25:14.072 Attempting Apple80211ScanAsync on en0
12/23/2016 20:25:14.458 Completed Apple80211ScanAsync on en0 (0x0)
12/23/2016 20:25:14.458 Async scan request completed for "locationd" (0)
12/23/2016 20:25:20.073 Async scan requested by "locationd" for 1 iterations with maxage=0 priority normal on en0
12/23/2016 20:25:20.073 Enqueuing command type: "Scan" pending commands: 0
12/23/2016 20:25:20.073 Dequeuing command type: "Scan" pending commands: 0
12/23/2016 20:25:20.073 Attempting Apple80211ScanAsync on en0
12/23/2016 20:25:20.460 Completed Apple80211ScanAsync on en0 (0x0)
12/23/2016 20:25:20.461 Async scan request completed for "locationd" (0)
12/23/2016 20:25:25.071 Async scan requested by "locationd" for 1 iterations with maxage=0 priority normal on en0
12/23/2016 20:25:25.071 Enqueuing command type: "Scan" pending commands: 0
12/23/2016 20:25:25.071 Dequeuing command type: "Scan" pending commands: 0
12/23/2016 20:25:25.071 Attempting Apple80211ScanAsync on en0
12/23/2016 20:25:25.458 Completed Apple80211ScanAsync on en0 (0x0)
12/23/2016 20:25:25.459 Async scan request completed for "locationd" (0)
12/23/2016 20:25:31.061 Async scan requested by "locationd" for 1 iterations with maxage=0 priority normal on en0
12/23/2016 20:25:31.061 Enqueuing command type: "Scan" pending commands: 0
12/23/2016 20:25:31.061 Dequeuing command type: "Scan" pending commands: 0
12/23/2016 20:25:31.061 Attempting Apple80211ScanAsync on en0
12/23/2016 20:25:31.447 Completed Apple80211ScanAsync on en0 (0x0)
12/23/2016 20:25:31.448 Async scan request completed for "locationd" (0)
12/23/2016 20:25:37.061 Async scan requested by "locationd" for 1 iterations with maxage=0 priority normal on en0
12/23/2016 20:25:37.063 Enqueuing command type: "Scan" pending commands: 0
12/23/2016 20:25:37.063 Dequeuing command type: "Scan" pending commands: 0
12/23/2016 20:25:37.063 Attempting Apple80211ScanAsync on en0
12/23/2016 20:25:37.448 Completed Apple80211ScanAsync on en0 (0x0)
12/23/2016 20:25:37.450 Async scan request completed for "locationd" (0)
12/23/2016 20:25:39.928 External power source removed
12/23/2016 20:25:40.015 Device display is ON
12/23/2016 20:25:40.015 __WiFiManagerSetEnableState: state TRUE, manager->enable.setting TRUE, manager->unlockedSinceBoot TRUE
12/23/2016 20:25:40.015 Auto association attempt canceled because MIS is enabled. MIS client count: wifi=3 bt=0
12/23/2016 20:25:40.186 Async scan requested by "locationd" for 1 iterations with maxage=0 priority normal on en0
12/23/2016 20:25:40.186 Enqueuing command type: "Scan" pending commands: 0
12/23/2016 20:25:40.186 Dequeuing command type: "Scan" pending commands: 0
12/23/2016 20:25:40.186 Attempting Apple80211ScanAsync on en0
12/23/2016 20:25:40.344 Completed Apple80211ScanAsync on en0 (0x0)
12/23/2016 20:25:40.345 Async scan request completed for "locationd" (0)
12/23/2016 20:25:40.346 Async scan requested by "locationd" for 1 iterations with maxage=0 priority normal on en0
12/23/2016 20:25:40.346 Enqueuing command type: "Scan" pending commands: 0
12/23/2016 20:25:40.346 Dequeuing command type: "Scan" pending commands: 0
12/23/2016 20:25:40.346 Attempting Apple80211ScanAsync on en0
12/23/2016 20:25:40.732 Completed Apple80211ScanAsync on en0 (0x0)
12/23/2016 20:25:40.735 Async scan request completed for "locationd" (0)
12/23/2016 20:25:47.676 Device display is OFF
12/23/2016 20:25:54.739 scanCache: Purging scan cache
12/23/2016 20:26:02.032 Device display is ON
12/23/2016 20:26:02.032 __WiFiManagerSetEnableState: state TRUE, manager->enable.setting TRUE, manager->unlockedSinceBoot TRUE
12/23/2016 20:26:02.032 Auto association attempt canceled because MIS is enabled. MIS client count: wifi=3 bt=0
12/23/2016 20:26:02.210 Async scan requested by "locationd" for 1 iterations with maxage=0 priority normal on en0
12/23/2016 20:26:02.210 Enqueuing command type: "Scan" pending commands: 0
12/23/2016 20:26:02.210 Dequeuing command type: "Scan" pending commands: 0
12/23/2016 20:26:02.210 Attempting Apple80211ScanAsync on en0
12/23/2016 20:26:02.369 Completed Apple80211ScanAsync on en0 (0x0)
12/23/2016 20:26:02.370 Async scan request completed for "locationd" (0)
12/23/2016 20:26:02.371 Async scan requested by "locationd" for 1 iterations with maxage=0 priority normal on en0
12/23/2016 20:26:02.371 Enqueuing command type: "Scan" pending commands: 0
12/23/2016 20:26:02.371 Dequeuing command type: "Scan" pending commands: 0
12/23/2016 20:26:02.371 Attempting Apple80211ScanAsync on en0
12/23/2016 20:26:02.757 Completed Apple80211ScanAsync on en0 (0x0)
12/23/2016 20:26:02.760 Async scan request completed for "locationd" (0)
12/23/2016 20:26:13.648 Device display is OFF
12/23/2016 20:26:16.765 scanCache: Purging scan cache
12/23/2016 20:26:44.559 WiFiLocaleManagerCheckLocale: trying to determine locale...
12/23/2016 20:26:44.559 WiFiManagerCoreLocationGetCachedLocation: getting cached location...
12/23/2016 20:26:44.571 __WiFiLocaleManagerGetLocaleFromMcc: finding iso country code for mcc 216 ....
12/23/2016 20:26:44.571 WiFiLocationServiceManagerIsLocationValid: cachedLocationTimeout 120.000000 location age 120.008277secs, lifeSpan -1.000000 accuracy 10.000000(highAccReq 0), isValid 1
12/23/2016 20:26:44.571 WiFiLocationServiceManagerStartLowAccuracyMonitoring: Cached low accuracy location is valid
12/23/2016 20:26:44.571 WiFiLocationServiceManagerIsLocationValid: cachedLocationTimeout 120.000000 location age 120.008415secs, lifeSpan -1.000000 accuracy 10.000000(highAccReq 1), isValid 1
12/23/2016 20:26:44.571 WiFiLocationServiceManagerIsLocationValid: cachedLocationTimeout 120.000000 location age 120.008468secs, lifeSpan -1.000000 accuracy 10.000000(highAccReq 0), isValid 1
12/23/2016 20:26:44.571 __WiFiLocationServiceManagerProcessLocationAvailableEvent: isValidHighAccuracyLocation 1,  isValidLowAccuracyLocation 1
12/23/2016 20:26:44.572 __WiFiLocationServiceManagerProcessLocationAvailableEvent: give low accuracy callback
12/23/2016 20:26:44.572 __WiFiLocaleManagerGetLocaleFromLocation: <+47.68030343,+17.96689125> +/- 10.00m (speed 23.16 mps / course 82.97) @ 12/23/16, 8:24:44 PM Central European Standard Time
12/23/2016 20:26:44.573 locale from bounding box 
12/23/2016 20:26:44.573 new locale:  , locale: 
12/23/2016 20:26:44.573 Stopping Low Accuracy Location Monitoring
12/23/2016 20:26:44.573 CLMonitoring is already stopped
12/23/2016 20:26:44.573 Stopping Low Accuracy Location Monitoring
12/23/2016 20:26:44.573 CLMonitoring is already stopped
12/23/2016 20:26:44.573 __WiFiLocationServiceManagerEventCallback, got cb dict {
    eventType = 0;
    location = "<+47.68080512,+17.97635665> +/- 65.00m (speed -1.00 mps / course -1.00) @ 12/23/16, 8:26:11 PM Central European Standard Time";
}
12/23/2016 20:26:44.573 WiFiLocationServiceManagerIsLocationValid: cachedLocationTimeout 120.000000 location age 33.201712secs, lifeSpan -1.000000 accuracy 65.000000(highAccReq 1), isValid 1
12/23/2016 20:26:44.573 WiFiLocationServiceManagerIsLocationValid: cachedLocationTimeout 120.000000 location age 33.201766secs, lifeSpan -1.000000 accuracy 65.000000(highAccReq 0), isValid 1
12/23/2016 20:26:44.574 __WiFiLocationServiceManagerProcessLocationAvailableEvent: isValidHighAccuracyLocation 1,  isValidLowAccuracyLocation 1
12/23/2016 20:28:25.969 __WiFiManagerCellularTransmitCallback_block_invoke: Cellular Transmit Started = FALSE
12/23/2016 20:28:26.002 __WiFiManagerCellularTransmitCallback_block_invoke: Cellular Transmit Started = FALSE
12/23/2016 20:28:27.399 __WiFiManagerCellularTransmitCallback_block_invoke: Cellular Transmit Started = TRUE
12/23/2016 20:28:44.555 WiFiLocaleManagerCheckLocale: trying to determine locale...
12/23/2016 20:28:44.555 WiFiManagerCoreLocationGetCachedLocation: getting cached location...
12/23/2016 20:28:44.577 __WiFiLocaleManagerGetLocaleFromMcc: finding iso country code for mcc 216 ....
12/23/2016 20:28:44.578 WiFiLocationServiceManagerIsLocationValid: cachedLocationTimeout 120.000000 location age 153.205861secs, lifeSpan -1.000000 accuracy 65.000000(highAccReq 0), isValid 1
12/23/2016 20:28:44.578 WiFiLocationServiceManagerStartLowAccuracyMonitoring: Cached low accuracy location is valid
12/23/2016 20:28:44.578 WiFiLocationServiceManagerIsLocationValid: cachedLocationTimeout 120.000000 location age 153.206001secs, lifeSpan -1.000000 accuracy 65.000000(highAccReq 1), isValid 1
12/23/2016 20:28:44.578 WiFiLocationServiceManagerIsLocationValid: cachedLocationTimeout 120.000000 location age 153.206057secs, lifeSpan -1.000000 accuracy 65.000000(highAccReq 0), isValid 1
12/23/2016 20:28:44.578 __WiFiLocationServiceManagerProcessLocationAvailableEvent: isValidHighAccuracyLocation 1,  isValidLowAccuracyLocation 1
12/23/2016 20:28:44.578 __WiFiLocationServiceManagerProcessLocationAvailableEvent: give low accuracy callback
12/23/2016 20:28:44.579 __WiFiLocaleManagerGetLocaleFromLocation: <+47.68080512,+17.97635665> +/- 65.00m (speed -1.00 mps / course -1.00) @ 12/23/16, 8:26:11 PM Central European Standard Time
12/23/2016 20:28:44.579 locale from bounding box 
12/23/2016 20:28:44.579 new locale:  , locale: 
12/23/2016 20:28:44.579 Stopping Low Accuracy Location Monitoring
12/23/2016 20:28:44.579 CLMonitoring is already stopped
12/23/2016 20:28:44.579 Stopping Low Accuracy Location Monitoring
12/23/2016 20:28:44.579 CLMonitoring is already stopped
12/23/2016 20:28:44.579 __WiFiLocationServiceManagerEventCallback, got cb dict {
    eventType = 0;
    location = "<+47.68080512,+17.97635665> +/- 65.00m (speed -1.00 mps / course -1.00) @ 12/23/16, 8:26:11 PM Central European Standard Time";
}
12/23/2016 20:28:44.580 WiFiLocationServiceManagerIsLocationValid: cachedLocationTimeout 120.000000 location age 153.208152secs, lifeSpan -1.000000 accuracy 65.000000(highAccReq 1), isValid 1
12/23/2016 20:28:44.580 WiFiLocationServiceManagerIsLocationValid: cachedLocationTimeout 120.000000 location age 153.208207secs, lifeSpan -1.000000 accuracy 65.000000(highAccReq 0), isValid 1
12/23/2016 20:28:44.580 __WiFiLocationServiceManagerProcessLocationAvailableEvent: isValidHighAccuracyLocation 1,  isValidLowAccuracyLocation 1
12/23/2016 20:28:53.978 __WiFiManagerCellularTransmitCallback_block_invoke: Cellular Transmit Started = FALSE
12/23/2016 20:29:06.806 __WiFiManagerCellularTransmitCallback_block_invoke: Cellular Transmit Started = TRUE
12/23/2016 20:29:19.967 __WiFiManagerCellularTransmitCallback_block_invoke: Cellular Transmit Started = FALSE
12/23/2016 20:29:29.750 __WiFiManagerCellularTransmitCallback_block_invoke: Cellular Transmit Started = TRUE
12/23/2016 20:29:31.691 __WiFiDeviceProcessDumpLogsEvent: Dump logs event received, dumped wifid log buffer to file
