12/29/2016 21:19:59.026 Power stats update: Type 0x5 UnassociatedSleepDur 0 AssociatedSleepDur 193115 TotalDur 301098 RoamDur 0
12/29/2016 21:19:59.026 WiFiAWDManagerSubmitMetric: metric container could not be generated for metric id <0x90010>
12/29/2016 21:19:59.026 __WiFiLQAMgrLogStats: Rssi: -57 Cca: 43 TxPer: 0.0% (0) BcnPer: 0.0% (0) RxFrms 0 TxRate: 0 RxRate: 0
12/29/2016 21:19:59.027 __WiFiDeviceCopyLinkChangedSubReasonString: Apple80211ReturnToString failed 1
12/29/2016 21:19:59.028 __WiFiDeviceProcessDriverAvailableEvent: driver availability true, reason Initializing(0xe0821803), subreason (null)(0x0)
12/29/2016 21:19:59.028 __WiFiManagerDispatchDeviceAvailable: driver availability true

12/29/2016 21:19:59.032 __WiFiDeviceManagerAutoAssociate: Already connected to DIGI-146A.
12/29/2016 21:19:59.032 WiFiAWDManagerSubmitMetric: metric container could not be generated for metric id <0x9000e>
12/29/2016 21:19:59.039 __WiFiDeviceManagerAutoAssociate: Already connected to DIGI-146A.
12/29/2016 21:19:59.040 No Change in Background Scan Networks, Skip Re-Programming Background Scan

12/29/2016 21:19:59.049 __WiFiDeviceManagerBlackListNetworkCallback: Processing BlackList Network Event
12/29/2016 21:19:59.049 __WiFiDeviceManagerBlackListNetworkCallback: Blacklisting DIGI-146A for Background Scan
12/29/2016 21:19:59.051 __CreateBGScanRequest Hotspot Orange Mobile Wi-Fi added to BGScan List 
12/29/2016 21:19:59.051 Preparing background scan request for "UPC5493113" "TP-LINK_Extender_2.4GHz" "UPC2300204" "PRECIS" "eduroam" "G3_7030" "eg304" "eMAG" "Orange Mobile Wi-Fi" Background Scan Caching is Enabled
12/29/2016 21:19:59.156 __WiFiDeviceManagerAwdlAvailableCallback: AWDL availability changed to TRUE
12/29/2016 21:19:59.156 __WiFiDeviceCheckForIPRenewalWakeupSupport: State:/Network/Interface/en0/ActiveDuringSleepSupported = FALSE
12/29/2016 21:19:59.174 __WiFiManagerCellularTransmitCallback_block_invoke: Cellular Transmit Started = FALSE
12/29/2016 21:19:59.456 WoW is Disabled, 0 WoW Clients
12/29/2016 21:19:59.572 WoW is Disabled, 0 WoW Clients
12/29/2016 21:20:04.161 Received kIOMessageSystemWillSleep
12/29/2016 21:20:04.162 System Sleep notification, Disabling auto-join
12/29/2016 21:20:04.162 __WiFiManagerSetEnableState: state FALSE, manager->enable.setting TRUE, manager->unlockedSinceBoot TRUE
12/29/2016 21:20:04.162 Disabling automatic association
12/29/2016 21:20:04.208 WoW is Disabled, 0 WoW Clients
12/29/2016 21:20:04.310 __WiFiDeviceCopyLinkChangedSubReasonString: Apple80211ReturnToString failed 1
12/29/2016 21:20:04.310 __WiFiDeviceProcessDriverAvailableEvent: driver availability false, reason PowerOff(0xe0821804), subreason (null)(0x0)
12/29/2016 21:20:04.310 __WiFiManagerDispatchDeviceAvailable: driver availability false

12/29/2016 21:20:04.311 WiFiAWDManagerSubmitMetric: metric container could not be generated for metric id <0x9000e>
12/29/2016 21:20:04.315 __WiFiDeviceManagerAwdlAvailableCallback: AWDL availability changed to FALSE
12/29/2016 21:20:04.315 __WiFiDeviceProcessLinkEvent: isLinkDown 1
12/29/2016 21:20:04.316 -[WiFiIDSSyncEngine currentNetworkChanged]: <0x16e12f000>, role 1, currentNetwork (null)
12/29/2016 21:20:04.316 -[WiFiIDSSyncEngine currentNetworkChanged]: adjusted waitForReAssociationTimer <CFRunLoopTimer 0x14ce6ecf0 [0x1a0950150]>{valid = Yes, firing = No, interval = 819052854, tolerance = 0, next fire date = 504732034 (29.999962 @ 6194597052652), callout = (NSTimer) [WiFiIDSSyncEngine companionReAssociationWaitTimerFired:] (0x18292cfe0 / 0x1000e1010) (/usr/sbin/wifid), context = <CFRunLoopTimer context 0x14ce5c520>}
12/29/2016 22:03:05.428 Total connection time to DIGI-146A 674792.642344
12/29/2016 22:03:05.473 WiFiDeviceManagerSetNetworks: Adding HS20 Account: 
Domain name orange.ro
3GPP MCC&MNC 226F10 
Friendly Operator Name Orange
12/29/2016 22:03:05.473 __WiFiDeviceManagerPrepareHS20Queries: created queries <CFArray 0x14ceafa10 [0x1a0950150]>{type = mutable-small, count = 3, values = (
	0 : <CFNumber 0xb0000000000010c1 [0x1a0950150]>{value = +268, type = kCFNumberSInt16Type}
	1 : <CFNumber 0xb000000000001081 [0x1a0950150]>{value = +264, type = kCFNumberSInt16Type}
	2 : <CFNumber 0xb000000000000031 [0x1a0950150]>{value = +3, type = kCFNumberSInt16Type}
)}
12/29/2016 22:03:05.474 Auto association attempt canceled because auto join is disabled.
12/29/2016 22:03:05.475 No Change in Background Scan Networks, Skip Re-Programming Background Scan

12/29/2016 22:03:05.475 Auto association attempt canceled because auto join is disabled.
12/29/2016 22:03:05.476 __WiFiDeviceManagerSetInterfaceRank: setting interface rank kSCNetworkServicePrimaryRankDefault
12/29/2016 22:03:05.476 WiFiDeviceRequestAssociatedSleep: ActiveDuringSleepRequested is already removed ((null)).
12/29/2016 22:03:05.480 WiFiAWDManagerSubmitMetric: metric container could not be generated for metric id <0x90009>
12/29/2016 22:03:05.480 Link went down: isInVoluntary 0, reason Unknown(4), subreason 0, rssi -58
12/29/2016 22:03:05.480 __WiFiDeviceResetCCAHistory
12/29/2016 22:03:05.480 __WiFiDeviceResetRssiHistory
12/29/2016 22:03:05.482 Creating client for "configd"
12/29/2016 22:03:05.506 __WiFiManagerCellularTransmitCallback_block_invoke: Cellular Transmit Started = TRUE
12/29/2016 22:03:05.511 __WiFiDeviceCopyLinkChangedSubReasonString: Apple80211ReturnToString failed 1
12/29/2016 22:03:05.511 __WiFiDeviceProcessDriverAvailableEvent: driver availability true, reason Initializing(0xe0821803), subreason (null)(0x0)
12/29/2016 22:03:05.511 __WiFiManagerDispatchDeviceAvailable: driver availability true

12/29/2016 22:03:05.519 Auto association attempt canceled because auto join is disabled.
12/29/2016 22:03:05.519 WiFiAWDManagerSubmitMetric: metric container could not be generated for metric id <0x9000e>
12/29/2016 22:03:05.520 Auto association attempt canceled because auto join is disabled.
12/29/2016 22:03:05.524 No Change in Background Scan Networks, Skip Re-Programming Background Scan

12/29/2016 22:03:05.871 Received kIOMessageSystemWillPowerOn
12/29/2016 22:03:05.871 System wake reason: AOP.ExternalReq baseband
12/29/2016 22:03:05.871 System Powered ON notification Re-enabling auto-join
12/29/2016 22:03:05.871 __WiFiManagerSetEnableState: state TRUE, manager->enable.setting TRUE, manager->unlockedSinceBoot TRUE
12/29/2016 22:03:05.871 Enabling automatic association
12/29/2016 22:03:05.872 __WiFiDeviceManagerStateMachineRun: current state: Idle
12/29/2016 22:03:05.872 Attempting multi-stage auto join mStageAutoJoinAttempts=0
12/29/2016 22:03:05.872 Starting multi-stage auto join sequence
12/29/2016 22:03:05.872 multi-stage auto-join: Scanning for previous network DIGI-146A on channel 1
12/29/2016 22:03:05.872 Performing auto-join broadcast scan with a modified dwell time of 110ms on channels: 1 
12/29/2016 22:03:05.872 Enqueuing command type: "Scan" pending commands: 0
12/29/2016 22:03:05.872 WiFiLocaleManagerCheckLocale: trying to determine locale...
12/29/2016 22:03:05.872 WiFiManagerCoreLocationGetCachedLocation: getting cached location...
12/29/2016 22:03:05.873 __WiFiLocaleManagerGetLocaleFromMcc: finding iso country code for mcc 226 ....
12/29/2016 22:03:05.874 WiFiLocationServiceManagerIsLocationValid: cachedLocationTimeout 120.000000 location age 2894.077323secs, lifeSpan -1.000000 accuracy 65.000000(highAccReq 0), isValid 1
12/29/2016 22:03:05.874 WiFiLocationServiceManagerStartLowAccuracyMonitoring: Cached low accuracy location is valid
12/29/2016 22:03:05.874 WiFiLocationServiceManagerIsLocationValid: cachedLocationTimeout 120.000000 location age 2894.077602secs, lifeSpan -1.000000 accuracy 65.000000(highAccReq 1), isValid 1
12/29/2016 22:03:05.874 WiFiLocationServiceManagerIsLocationValid: cachedLocationTimeout 120.000000 location age 2894.077703secs, lifeSpan -1.000000 accuracy 65.000000(highAccReq 0), isValid 1
12/29/2016 22:03:05.874 __WiFiLocationServiceManagerProcessLocationAvailableEvent: isValidHighAccuracyLocation 1,  isValidLowAccuracyLocation 1
12/29/2016 22:03:05.874 __WiFiLocationServiceManagerProcessLocationAvailableEvent: give low accuracy callback
12/29/2016 22:03:05.875 __WiFiLocaleManagerGetLocaleFromLocation: <+44.42604391,+26.13588848> +/- 65.00m (speed -1.00 mps / course -1.00) @ 12/29/16, 9:14:51 PM Eastern European Standard Time
12/29/2016 22:03:05.875 locale from bounding box 
12/29/2016 22:03:05.875 new locale:  , locale: 
12/29/2016 22:03:05.875 Stopping Low Accuracy Location Monitoring
12/29/2016 22:03:05.875 CLMonitoring is already stopped
12/29/2016 22:03:05.875 Stopping Low Accuracy Location Monitoring
12/29/2016 22:03:05.875 CLMonitoring is already stopped
12/29/2016 22:03:05.876 Dequeuing command type: "Scan" pending commands: 0
12/29/2016 22:03:05.876 Attempting Apple80211ScanAsync on en0
12/29/2016 22:03:05.928 WiFiDeviceManagerSetNetworks: Adding HS20 Account: 
Domain name orange.ro
3GPP MCC&MNC 226F10 
Friendly Operator Name Orange
12/29/2016 22:03:05.928 __WiFiDeviceManagerPrepareHS20Queries: created queries <CFArray 0x14cd69d30 [0x1a0950150]>{type = mutable-small, count = 3, values = (
	0 : <CFNumber 0xb0000000000010c1 [0x1a0950150]>{value = +268, type = kCFNumberSInt16Type}
	1 : <CFNumber 0xb000000000001081 [0x1a0950150]>{value = +264, type = kCFNumberSInt16Type}
	2 : <CFNumber 0xb000000000000031 [0x1a0950150]>{value = +3, type = kCFNumberSInt16Type}
)}
12/29/2016 22:03:05.928 Auto association attempt canceled because auto join state is Scanning Previous Network Channel.
12/29/2016 22:03:05.930 No Change in Background Scan Networks, Skip Re-Programming Background Scan

12/29/2016 22:03:05.967 __WiFiLocationServiceManagerEventCallback, got cb dict {
    eventType = 0;
    location = "<+44.42604391,+26.13588848> +/- 65.00m (speed -1.00 mps / course -1.00) @ 12/29/16, 9:14:51 PM Eastern European Standard Time";
}
12/29/2016 22:03:05.969 WiFiLocationServiceManagerIsLocationValid: cachedLocationTimeout 120.000000 location age 2894.172367secs, lifeSpan -1.000000 accuracy 65.000000(highAccReq 1), isValid 1
12/29/2016 22:03:05.969 WiFiLocationServiceManagerIsLocationValid: cachedLocationTimeout 120.000000 location age 2894.172453secs, lifeSpan -1.000000 accuracy 65.000000(highAccReq 0), isValid 1
12/29/2016 22:03:05.969 __WiFiLocationServiceManagerProcessLocationAvailableEvent: isValidHighAccuracyLocation 1,  isValidLowAccuracyLocation 1
12/29/2016 22:03:06.041 Completed Apple80211ScanAsync on en0 (0x0)
12/29/2016 22:03:06.045 Auto join scan completed (0) with current state: Scanning Previous Network Channel
12/29/2016 22:03:06.046 __WiFiDeviceManagerStateMachineRun: current state: Scanning Previous Network Channel
12/29/2016 22:03:06.046 Scanning Previous Network Channel found: DIGI-146A
12/29/2016 22:03:06.046 Attempting auto-join for networks in following order: DIGI-146A(W)
12/29/2016 22:03:06.046 Autojoin is processing network 1 of 1 candidates
12/29/2016 22:03:06.046 Attempting auto join association of DIGI-146A
12/29/2016 22:03:06.101 Enqueuing command type: "Association" pending commands: 1
12/29/2016 22:03:06.102 Dequeuing command type: "Association" pending commands: 0
12/29/2016 22:03:06.102 Attempting Apple80211AssociateAsync
12/29/2016 22:03:06.187 Attempting to join WPA network: DIGI-146A
12/29/2016 22:03:06.291 Async scan requested by "locationd" for 1 iterations with maxage=0 priority normal on en0
12/29/2016 22:03:06.292 Enqueuing command type: "Scan" pending commands: 1
12/29/2016 22:03:06.293 MIS state is Disabled
12/29/2016 22:03:06.293 MIS state queried by "SpringBoard" is Disable
12/29/2016 22:03:06.293 MIS state is Disabled
12/29/2016 22:03:06.293 MIS state queried by "mediaserverd" is Disable
12/29/2016 22:03:06.294 MIS state is Disabled
12/29/2016 22:03:06.294 MIS state queried by "UserEventAgent" is Disable
12/29/2016 22:03:06.294 MIS state is Disabled
12/29/2016 22:03:06.294 MIS state queried by "locationd" is Disable
12/29/2016 22:03:06.294 MIS state is Disabled
12/29/2016 22:03:06.294 MIS state queried by "identityservices" is Disable
12/29/2016 22:03:06.295 MIS state is Disabled
12/29/2016 22:03:06.295 MIS state queried by "apsd" is Disable
12/29/2016 22:03:06.326 MIS state is Disabled
12/29/2016 22:03:06.327 MIS state queried by "imagent" is Disable
12/29/2016 22:03:06.327 MIS state is Disabled
12/29/2016 22:03:06.327 MIS state queried by "InCallService" is Disable
12/29/2016 22:03:06.328 MIS state is Disabled
12/29/2016 22:03:06.328 MIS state queried by "MobileMail" is Disable
12/29/2016 22:03:06.328 configd requesting removal of BGScan networks
12/29/2016 22:03:06.329 No Change in Background Scan Networks, Skip Re-Programming Background Scan

12/29/2016 22:03:06.330 __WiFiManagerSetEnableState: state TRUE, manager->enable.setting TRUE, manager->unlockedSinceBoot TRUE
12/29/2016 22:03:06.330 Removing client for "configd"
12/29/2016 22:03:06.332 __WiFiDeviceManagerAwdlAvailableCallback: AWDL availability changed to TRUE
12/29/2016 22:03:06.333 IPV4 State change for en0
12/29/2016 22:03:06.372 IPV6 State change for en0
12/29/2016 22:03:06.374 IPv4 Primary interface is pdp_ip0 and IPv6 Primary Interface is (null)
12/29/2016 22:03:06.377 IPv4 Primary interface is pdp_ip0 and IPv6 Primary Interface is (null)
12/29/2016 22:03:06.379 __WiFiDeviceProcessLinkEvent: isLinkDown 0
12/29/2016 22:03:06.389 __WiFiDeviceManagerSetInterfaceRank: setting interface rank kSCNetworkServicePrimaryRankDefault
12/29/2016 22:03:06.389 __WiFiDeviceManagerEvaluateAPEnvironment: Getting AP environment for DIGI-146A. Learning period 259200 secs Expiry period 2592000 secs
12/29/2016 22:03:06.389 __WiFiDeviceManagerEvaluateAPEnvironment: AP environment is 2 for DIGI-146A(4:bd:70:a4:e3:8)
12/29/2016 22:03:06.389 WiFiDeviceSetRoamParams: setting roam profile to type 1
12/29/2016 22:03:06.390 __WiFiDeviceManagerEvaluateAPEnvironment: Getting AP environment for DIGI-146A. Learning period 259200 secs Expiry period 2592000 secs
12/29/2016 22:03:06.390 __WiFiDeviceManagerEvaluateAPEnvironment: AP environment is 2 for DIGI-146A(4:bd:70:a4:e3:8)
12/29/2016 22:03:06.390 __WiFiLQAMgrSetCurrentNetwork: SSID: DIGI-146A BSSID: 4:bd:70:a4:e3:8 RSSI: -60 ApEnv: 2
12/29/2016 22:03:06.392 WiFiDeviceRequestAssociatedSleep: ActiveDuringSleepRequested is already removed ((null)).
12/29/2016 22:03:06.392 __WiFiDeviceResetCCAHistory
12/29/2016 22:03:06.392 __WiFiDeviceResetRssiHistory
12/29/2016 22:03:06.392 __WiFiLQAMgrLogStats: Rssi: -60 Cca: 0 TxPer: 0.0% (0) BcnPer: 0.0% (0) RxFrms 0 TxRate: 0 RxRate: 0
12/29/2016 22:03:06.392 __WiFiDeviceProcessLinkEvent: Initializing lqm value: rawRssi -60, scaledRssi 0.818182, noise 0, snr 31
12/29/2016 22:03:06.394 __WiFiMetricsManagerPrepareLinkChangeNetworkParams: OUI:04:bd:70 Channel:1(20MHz) Flags:0x8 PhyMode:0x10 Security:0x2 WPA:[Prot:0x2 McastCipher:0x4 UcastCipher:0xc AKM:0x2 Caps:0x0] HT:[Info:0x19fc AMPDU:0x1b TXBF:0x0 Ext:0x0 ASEL:0x0] VHT:[Info:0x0]
12/29/2016 22:03:06.394 WiFiAWDManagerSubmitMetric: metric container could not be generated for metric id <0x90009>
12/29/2016 22:03:06.406 Completed Apple80211AssociateAsync (0 - 0x0)
12/29/2016 22:03:06.406 Joined: DIGI-146A
12/29/2016 22:03:06.406 Auto join association completed (0) with current state: Associating
12/29/2016 22:03:06.406 __WiFiDeviceManagerStateMachineRun: current state: Associating
12/29/2016 22:03:06.407 __WiFiDeviceManagerProcessAssociationResult: current state: Associating
12/29/2016 22:03:06.407 WiFiNetworkSetKnownBssUsageData: BSS updated - current BSS: 4:bd:70:a4:e3:8 (1)
12/29/2016 22:03:06.407 Removing problematic state for DIGI-146A, reason N/A reasonData=0
12/29/2016 22:03:06.407 problematic networks =  and potentially problematic networks = 
12/29/2016 22:03:06.408 No Change in Background Scan Networks, Skip Re-Programming Background Scan

12/29/2016 22:03:06.408 __WiFiManagerDidAssociateCallback: network DIGI-146A, requestedInformation <CFBasicHash 0x14cfb5d40 [0x1a0950150]>{type = mutable dict, count = 1,
entries =>
	2 : <CFString 0x10017e160 [0x1a0950150]>{contents = "reason"} = <CFString 0x100185180 [0x1a0950150]>{contents = "Associating"}
}

12/29/2016 22:03:06.433 WiFiDeviceManagerSetNetworks: Adding HS20 Account: 
Domain name orange.ro
3GPP MCC&MNC 226F10 
Friendly Operator Name Orange
12/29/2016 22:03:06.434 __WiFiDeviceManagerPrepareHS20Queries: created queries <CFArray 0x14cf5f160 [0x1a0950150]>{type = mutable-small, count = 3, values = (
	0 : <CFNumber 0xb0000000000010c1 [0x1a0950150]>{value = +268, type = kCFNumberSInt16Type}
	1 : <CFNumber 0xb000000000001081 [0x1a0950150]>{value = +264, type = kCFNumberSInt16Type}
	2 : <CFNumber 0xb000000000000031 [0x1a0950150]>{value = +3, type = kCFNumberSInt16Type}
)}
12/29/2016 22:03:06.434 Auto association attempt canceled because auto join state is Associating.
12/29/2016 22:03:06.436 No Change in Background Scan Networks, Skip Re-Programming Background Scan

12/29/2016 22:03:06.436 Dequeuing command type: "Scan" pending commands: 0
12/29/2016 22:03:06.436 Attempting Apple80211ScanAsync on en0
12/29/2016 22:03:06.449 Creating client for "configd"
12/29/2016 22:03:06.492 WiFiDeviceManagerSetNetworks: Adding HS20 Account: 
Domain name orange.ro
3GPP MCC&MNC 226F10 
Friendly Operator Name Orange
12/29/2016 22:03:06.493 __WiFiDeviceManagerPrepareHS20Queries: created queries <CFArray 0x14cd950e0 [0x1a0950150]>{type = mutable-small, count = 3, values = (
	0 : <CFNumber 0xb0000000000010c1 [0x1a0950150]>{value = +268, type = kCFNumberSInt16Type}
	1 : <CFNumber 0xb000000000001081 [0x1a0950150]>{value = +264, type = kCFNumberSInt16Type}
	2 : <CFNumber 0xb000000000000031 [0x1a0950150]>{value = +3, type = kCFNumberSInt16Type}
)}
12/29/2016 22:03:06.493 __WiFiDeviceManagerAutoAssociate: Already connected to DIGI-146A.
12/29/2016 22:03:06.495 No Change in Background Scan Networks, Skip Re-Programming Background Scan

12/29/2016 22:03:06.604 MIS state is Disabled
12/29/2016 22:03:06.604 MIS state queried by "SpringBoard" is Disable
12/29/2016 22:03:06.608 Completed Apple80211ScanAsync on en0 (0x0)
12/29/2016 22:03:06.611 Async scan request completed for "locationd" (0)
12/29/2016 22:03:06.613 MIS state is Disabled
12/29/2016 22:03:06.613 MIS state queried by "mediaserverd" is Disable
12/29/2016 22:03:06.613 MIS state is Disabled
12/29/2016 22:03:06.613 MIS state queried by "nanoregistryd" is Disable
12/29/2016 22:03:06.616 MIS state is Disabled
12/29/2016 22:03:06.616 MIS state queried by "UserEventAgent" is Disable
12/29/2016 22:03:06.616 MIS state is Disabled
12/29/2016 22:03:06.616 MIS state queried by "locationd" is Disable
12/29/2016 22:03:06.619 MIS state is Disabled
12/29/2016 22:03:06.619 MIS state queried by "identityservices" is Disable
12/29/2016 22:03:06.622 MIS state is Disabled
12/29/2016 22:03:06.622 MIS state queried by "apsd" is Disable
12/29/2016 22:03:06.624 MIS state is Disabled
12/29/2016 22:03:06.624 MIS state queried by "imagent" is Disable
12/29/2016 22:03:06.625 MIS state is Disabled
12/29/2016 22:03:06.625 MIS state queried by "InCallService" is Disable
12/29/2016 22:03:06.626 MIS state is Disabled
12/29/2016 22:03:06.626 MIS state queried by "MobileMail" is Disable
12/29/2016 22:03:06.638 WoW is Disabled, 0 WoW Clients
12/29/2016 22:03:06.639 Async scan requested by "locationd" for 1 iterations with maxage=0 priority normal on en0
12/29/2016 22:03:06.639 Enqueuing command type: "Scan" pending commands: 0
12/29/2016 22:03:06.639 Dequeuing command type: "Scan" pending commands: 0
12/29/2016 22:03:06.639 Attempting Apple80211ScanAsync on en0
12/29/2016 22:03:06.649 configd requesting removal of BGScan networks
12/29/2016 22:03:06.651 No Change in Background Scan Networks, Skip Re-Programming Background Scan

12/29/2016 22:03:06.651 __WiFiManagerSetEnableState: state TRUE, manager->enable.setting TRUE, manager->unlockedSinceBoot TRUE
12/29/2016 22:03:06.651 Removing client for "configd"
12/29/2016 22:03:06.672 IPV4 State change for en0
12/29/2016 22:03:06.682 IP Address: 192.168.100.11
12/29/2016 22:03:06.682 Router IP Address: 192.168.100.1
12/29/2016 22:03:06.683 __WiFiDeviceCheckForIPV4ParamsChange: Setting power mode to kA11PowerProfileDefault
12/29/2016 22:03:06.687 __WiFiManagerIPv4Callback: <en0> [DIGI-146A                               : isHidden=0, isEAP=0, isWPA=1, isWEP=0, type=0] isMainIf? 1, isRoutable? 1
12/29/2016 22:03:06.687 -[WiFiIDSSyncEngine currentNetworkChanged]: <0x16e12f000>, role 1, currentNetwork DIGI-146A                               : isHidden=0, isEAP=0, isWPA=1, isWEP=0, type=0
12/29/2016 22:03:06.687 -[WiFiIDSSyncEngine currentNetworkChanged]: reset waitForReAssociationTimer <CFRunLoopTimer 0x14ce6ecf0 [0x1a0950150]>{valid = Yes, firing = No, interval = 819052854, tolerance = 0, next fire date = 1.32482917e+09 (820094587 @ 12124063480520319), callout = (NSTimer) [WiFiIDSSyncEngine companionReAssociationWaitTimerFired:] (0x18292cfe0 / 0x1000e1010) (/usr/sbin/wifid), context = <CFRunLoopTimer context 0x14ce5c520>}
12/29/2016 22:03:06.687 -[WiFiIDSSyncEngine sendCurrentCompanionNetwork]: autojoinAssistDict {
    "SSID_STR" = "DIGI-146A";
}
12/29/2016 22:03:06.688 -[WiFiIDSSyncEngine sendToGizmoOfDataType:]: <0x16e0a3000> ID:(null), data type 1
12/29/2016 22:03:06.688 WiFiLQAMgrSetRouterIpv4Addr: Router IP Address: 192.168.100.1 
12/29/2016 22:03:06.689 __WiFiDeviceCheckForIPV4ParamsChange: configMethod DHCP, leaseExpiryDuration 4320 mins
12/29/2016 22:03:06.690 WiFiAWDManagerSubmitMetric: metric container could not be generated for metric id <0x90007>
12/29/2016 22:03:06.691 Router MAC Address: 04:bd:70:a4:e3:00
12/29/2016 22:03:06.700 MIS state is Disabled
12/29/2016 22:03:06.700 MIS state queried by "nanoregistryd" is Disable
12/29/2016 22:03:06.727 IPv4 Primary interface is pdp_ip0 and IPv6 Primary Interface is (null)
12/29/2016 22:03:06.781 IPv4 Primary interface is en0 and IPv6 Primary Interface is (null)
12/29/2016 22:03:06.782 IPV6 State change for en0
12/29/2016 22:03:06.783 IP Address: 2a02:2f0a:c0b4:3b00:407:feca:4bdd:1fe6
12/29/2016 22:03:06.783 IP Address: 2a02:2f0a:c0b4:3b00:e4cb:1704:e4b9:d6e2
12/29/2016 22:03:06.807 IPv4 Primary interface is en0 and IPv6 Primary Interface is en0
12/29/2016 22:03:06.809 IPv4 Primary interface is en0 and IPv6 Primary Interface is en0
12/29/2016 22:03:06.842 WoW is Disabled, 0 WoW Clients
12/29/2016 22:03:07.041 Completed Apple80211ScanAsync on en0 (0x0)
12/29/2016 22:03:07.044 Async scan request completed for "locationd" (0)
12/29/2016 22:03:07.261 WoW is Disabled, 0 WoW Clients
12/29/2016 22:03:07.285 WoW is Disabled, 0 WoW Clients
12/29/2016 22:03:07.301 WoW is Disabled, 0 WoW Clients
12/29/2016 22:03:08.119 IPv4 Primary interface is en0 and IPv6 Primary Interface is en0
12/29/2016 22:03:08.120 IPv4 Primary interface is en0 and IPv6 Primary Interface is en0
12/29/2016 22:03:12.256 __WiFiManagerCellularTransmitCallback_block_invoke: Cellular Transmit Started = FALSE
12/29/2016 22:03:16.352 __WiFiLQAMgrLogStats: Rssi: -61 Cca: 8 TxPer: 0.0% (7) BcnPer: 4.8% (21) RxFrms 3 TxRate: 72222 RxRate: 65000
12/29/2016 22:03:17.476 Received kIOMessageSystemWillSleep
12/29/2016 22:03:17.476 System Sleep notification, Disabling auto-join
12/29/2016 22:03:17.476 __WiFiManagerSetEnableState: state FALSE, manager->enable.setting TRUE, manager->unlockedSinceBoot TRUE
12/29/2016 22:03:17.476 Disabling automatic association
12/29/2016 22:03:17.503 WoW is Disabled, 0 WoW Clients
12/29/2016 22:03:17.634 __WiFiDeviceCopyLinkChangedSubReasonString: Apple80211ReturnToString failed 1
12/29/2016 22:03:17.634 __WiFiDeviceProcessDriverAvailableEvent: driver availability false, reason PowerOff(0xe0821804), subreason (null)(0x0)
12/29/2016 22:03:17.634 __WiFiManagerDispatchDeviceAvailable: driver availability false

12/29/2016 22:03:17.635 WiFiAWDManagerSubmitMetric: metric container could not be generated for metric id <0x9000e>
12/29/2016 22:03:17.640 __WiFiDeviceProcessLinkEvent: isLinkDown 1
12/29/2016 22:03:17.641 -[WiFiIDSSyncEngine currentNetworkChanged]: <0x16e12f000>, role 1, currentNetwork (null)
12/29/2016 22:03:17.641 -[WiFiIDSSyncEngine currentNetworkChanged]: adjusted waitForReAssociationTimer <CFRunLoopTimer 0x14ce6ecf0 [0x1a0950150]>{valid = Yes, firing = No, interval = 819052854, tolerance = 0, next fire date = 504734628 (29.99996 @ 6194895410362), callout = (NSTimer) [WiFiIDSSyncEngine companionReAssociationWaitTimerFired:] (0x18292cfe0 / 0x1000e1010) (/usr/sbin/wifid), context = <CFRunLoopTimer context 0x14ce5c520>}
12/29/2016 22:06:54.990 Total connection time to DIGI-146A 675021.225199
12/29/2016 22:06:55.026 WiFiDeviceManagerSetNetworks: Adding HS20 Account: 
Domain name orange.ro
3GPP MCC&MNC 226F10 
Friendly Operator Name Orange
12/29/2016 22:06:55.026 __WiFiDeviceManagerPrepareHS20Queries: created queries <CFArray 0x14e00ebf0 [0x1a0950150]>{type = mutable-small, count = 3, values = (
	0 : <CFNumber 0xb0000000000010c1 [0x1a0950150]>{value = +268, type = kCFNumberSInt16Type}
	1 : <CFNumber 0xb000000000001081 [0x1a0950150]>{value = +264, type = kCFNumberSInt16Type}
	2 : <CFNumber 0xb000000000000031 [0x1a0950150]>{value = +3, type = kCFNumberSInt16Type}
)}
12/29/2016 22:06:55.027 Auto association attempt canceled because auto join is disabled.
12/29/2016 22:06:55.028 No Change in Background Scan Networks, Skip Re-Programming Background Scan

12/29/2016 22:06:55.028 Auto association attempt canceled because auto join is disabled.
12/29/2016 22:06:55.029 __WiFiDeviceManagerSetInterfaceRank: setting interface rank kSCNetworkServicePrimaryRankDefault
12/29/2016 22:06:55.029 WiFiDeviceRequestAssociatedSleep: ActiveDuringSleepRequested is already removed ((null)).
12/29/2016 22:06:55.034 WiFiAWDManagerSubmitMetric: metric container could not be generated for metric id <0x90009>
12/29/2016 22:06:55.034 Link went down: isInVoluntary 0, reason Unknown(4), subreason 0, rssi -61
12/29/2016 22:06:55.034 __WiFiDeviceResetCCAHistory
12/29/2016 22:06:55.034 __WiFiDeviceResetRssiHistory
12/29/2016 22:06:55.035 __WiFiDeviceManagerAwdlAvailableCallback: AWDL availability changed to FALSE
12/29/2016 22:06:55.036 Creating client for "configd"
12/29/2016 22:06:55.038 __WiFiDeviceCopyLinkChangedSubReasonString: Apple80211ReturnToString failed 1
12/29/2016 22:06:55.038 __WiFiDeviceProcessDriverAvailableEvent: driver availability true, reason Initializing(0xe0821803), subreason (null)(0x0)
12/29/2016 22:06:55.038 __WiFiManagerDispatchDeviceAvailable: driver availability true

12/29/2016 22:06:55.039 Auto association attempt canceled because auto join is disabled.
12/29/2016 22:06:55.039 WiFiAWDManagerSubmitMetric: metric container could not be generated for metric id <0x9000e>
12/29/2016 22:06:55.040 Auto association attempt canceled because auto join is disabled.
12/29/2016 22:06:55.041 No Change in Background Scan Networks, Skip Re-Programming Background Scan

12/29/2016 22:06:55.046 Received kIOMessageSystemWillPowerOn
12/29/2016 22:06:55.046 System wake reason: AOP.ExternalReq menu
12/29/2016 22:06:55.046 System Powered ON notification Re-enabling auto-join
12/29/2016 22:06:55.046 __WiFiManagerSetEnableState: state TRUE, manager->enable.setting TRUE, manager->unlockedSinceBoot TRUE
12/29/2016 22:06:55.047 Enabling automatic association
12/29/2016 22:06:55.047 __WiFiDeviceManagerStateMachineRun: current state: Idle
12/29/2016 22:06:55.047 Attempting multi-stage auto join mStageAutoJoinAttempts=0
12/29/2016 22:06:55.047 Starting multi-stage auto join sequence
12/29/2016 22:06:55.047 multi-stage auto-join: Scanning for previous network DIGI-146A on channel 1
12/29/2016 22:06:55.047 Performing auto-join broadcast scan with a modified dwell time of 110ms on channels: 1 
12/29/2016 22:06:55.047 Enqueuing command type: "Scan" pending commands: 0
12/29/2016 22:06:55.047 WiFiLocaleManagerCheckLocale: trying to determine locale...
12/29/2016 22:06:55.047 WiFiManagerCoreLocationGetCachedLocation: getting cached location...
12/29/2016 22:06:55.048 __WiFiLocaleManagerGetLocaleFromMcc: finding iso country code for mcc 226 ....
12/29/2016 22:06:55.048 WiFiLocationServiceManagerIsLocationValid: cachedLocationTimeout 120.000000 location age 3123.251577secs, lifeSpan -1.000000 accuracy 65.000000(highAccReq 0), isValid 1
12/29/2016 22:06:55.048 WiFiLocationServiceManagerStartLowAccuracyMonitoring: Cached low accuracy location is valid
12/29/2016 22:06:55.048 WiFiLocationServiceManagerIsLocationValid: cachedLocationTimeout 120.000000 location age 3123.251702secs, lifeSpan -1.000000 accuracy 65.000000(highAccReq 1), isValid 1
12/29/2016 22:06:55.048 WiFiLocationServiceManagerIsLocationValid: cachedLocationTimeout 120.000000 location age 3123.251740secs, lifeSpan -1.000000 accuracy 65.000000(highAccReq 0), isValid 1
12/29/2016 22:06:55.048 __WiFiLocationServiceManagerProcessLocationAvailableEvent: isValidHighAccuracyLocation 1,  isValidLowAccuracyLocation 1
12/29/2016 22:06:55.048 __WiFiLocationServiceManagerProcessLocationAvailableEvent: give low accuracy callback
12/29/2016 22:06:55.049 __WiFiLocaleManagerGetLocaleFromLocation: <+44.42604391,+26.13588848> +/- 65.00m (speed -1.00 mps / course -1.00) @ 12/29/16, 9:14:51 PM Eastern European Standard Time
12/29/2016 22:06:55.049 locale from bounding box 
12/29/2016 22:06:55.049 new locale:  , locale: 
12/29/2016 22:06:55.049 Stopping Low Accuracy Location Monitoring
12/29/2016 22:06:55.049 CLMonitoring is already stopped
12/29/2016 22:06:55.049 Stopping Low Accuracy Location Monitoring
12/29/2016 22:06:55.049 CLMonitoring is already stopped
12/29/2016 22:06:55.049 Dequeuing command type: "Scan" pending commands: 0
12/29/2016 22:06:55.049 Attempting Apple80211ScanAsync on en0
12/29/2016 22:06:55.115 __WiFiLocationServiceManagerEventCallback, got cb dict {
    eventType = 0;
    location = "<+44.42607978,+26.13597549> +/- 65.00m (speed -1.00 mps / course -1.00) @ 12/29/16, 10:03:15 PM Eastern European Standard Time";
}
12/29/2016 22:06:55.116 WiFiLocationServiceManagerIsLocationValid: cachedLocationTimeout 120.000000 location age 220.059542secs, lifeSpan -1.000000 accuracy 65.000000(highAccReq 1), isValid 1
12/29/2016 22:06:55.116 WiFiLocationServiceManagerIsLocationValid: cachedLocationTimeout 120.000000 location age 220.059579secs, lifeSpan -1.000000 accuracy 65.000000(highAccReq 0), isValid 1
12/29/2016 22:06:55.116 __WiFiLocationServiceManagerProcessLocationAvailableEvent: isValidHighAccuracyLocation 1,  isValidLowAccuracyLocation 1
12/29/2016 22:06:55.116 Device display is ON
12/29/2016 22:06:55.116 __WiFiManagerSetEnableState: state TRUE, manager->enable.setting TRUE, manager->unlockedSinceBoot TRUE
12/29/2016 22:06:55.116 Auto association attempt canceled because auto join state is Scanning Previous Network Channel.
12/29/2016 22:06:55.121 WiFiDeviceManagerSetNetworks: Adding HS20 Account: 
Domain name orange.ro
3GPP MCC&MNC 226F10 
Friendly Operator Name Orange
12/29/2016 22:06:55.121 __WiFiDeviceManagerPrepareHS20Queries: created queries <CFArray 0x14cfe3d60 [0x1a0950150]>{type = mutable-small, count = 3, values = (
	0 : <CFNumber 0xb0000000000010c1 [0x1a0950150]>{value = +268, type = kCFNumberSInt16Type}
	1 : <CFNumber 0xb000000000001081 [0x1a0950150]>{value = +264, type = kCFNumberSInt16Type}
	2 : <CFNumber 0xb000000000000031 [0x1a0950150]>{value = +3, type = kCFNumberSInt16Type}
)}
12/29/2016 22:06:55.121 Auto association attempt canceled because auto join state is Scanning Previous Network Channel.
12/29/2016 22:06:55.122 No Change in Background Scan Networks, Skip Re-Programming Background Scan

12/29/2016 22:06:55.134 __WiFiManagerCellularTransmitCallback_block_invoke: Cellular Transmit Started = FALSE
12/29/2016 22:06:55.152 MIS state is Disabled
12/29/2016 22:06:55.152 MIS state queried by "SpringBoard" is Disable
12/29/2016 22:06:55.154 MIS state is Disabled
12/29/2016 22:06:55.154 MIS state queried by "locationd" is Disable
12/29/2016 22:06:55.154 MIS state is Disabled
12/29/2016 22:06:55.154 MIS state queried by "mediaserverd" is Disable
12/29/2016 22:06:55.155 MIS state is Disabled
12/29/2016 22:06:55.155 MIS state queried by "UserEventAgent" is Disable
12/29/2016 22:06:55.155 MIS state is Disabled
12/29/2016 22:06:55.155 MIS state queried by "identityservices" is Disable
12/29/2016 22:06:55.200 MIS state is Disabled
12/29/2016 22:06:55.200 MIS state queried by "apsd" is Disable
12/29/2016 22:06:55.201 MIS state is Disabled
12/29/2016 22:06:55.201 MIS state queried by "imagent" is Disable
12/29/2016 22:06:55.202 MIS state is Disabled
12/29/2016 22:06:55.202 MIS state queried by "InCallService" is Disable
12/29/2016 22:06:55.202 MIS state is Disabled
12/29/2016 22:06:55.202 MIS state queried by "MobileMail" is Disable
12/29/2016 22:06:55.203 configd requesting removal of BGScan networks
12/29/2016 22:06:55.204 No Change in Background Scan Networks, Skip Re-Programming Background Scan

12/29/2016 22:06:55.204 __WiFiManagerSetEnableState: state TRUE, manager->enable.setting TRUE, manager->unlockedSinceBoot TRUE
12/29/2016 22:06:55.204 Removing client for "configd"
12/29/2016 22:06:55.204 Completed Apple80211ScanAsync on en0 (0x0)
12/29/2016 22:06:55.206 Auto join scan completed (0) with current state: Scanning Previous Network Channel
12/29/2016 22:06:55.206 __WiFiDeviceManagerStateMachineRun: current state: Scanning Previous Network Channel
12/29/2016 22:06:55.206 Scanning Previous Network Channel found: Tenda_1624F0, Clicknet-BE14, Telekom Fon, DIGI-146A
12/29/2016 22:06:55.206 Attempting auto-join for networks in following order: DIGI-146A(W)
12/29/2016 22:06:55.206 Autojoin is processing network 1 of 1 candidates
12/29/2016 22:06:55.206 Attempting auto join association of DIGI-146A
12/29/2016 22:06:55.265 Enqueuing command type: "Association" pending commands: 1
12/29/2016 22:06:55.265 Dequeuing command type: "Association" pending commands: 0
12/29/2016 22:06:55.265 Attempting Apple80211AssociateAsync
12/29/2016 22:06:55.270 Attempting to join WPA network: DIGI-146A
12/29/2016 22:06:55.397 __WiFiDeviceManagerAwdlAvailableCallback: AWDL availability changed to TRUE
12/29/2016 22:06:55.397 IPV4 State change for en0
12/29/2016 22:06:55.399 IPV6 State change for en0
12/29/2016 22:06:55.399 IPv4 Primary interface is pdp_ip0 and IPv6 Primary Interface is (null)
12/29/2016 22:06:55.399 IPv4 Primary interface is pdp_ip0 and IPv6 Primary Interface is (null)
12/29/2016 22:06:55.401 WoW is Disabled, 0 WoW Clients
12/29/2016 22:06:55.401 MIS state is Disabled
12/29/2016 22:06:55.401 MIS state queried by "nanoregistryd" is Disable
12/29/2016 22:06:55.401 Client itunesstored set type to background application
12/29/2016 22:06:55.401 __WiFiManagerSetEnableState: state TRUE, manager->enable.setting TRUE, manager->unlockedSinceBoot TRUE
12/29/2016 22:06:55.401 BG Application: Not Present, BG Daemon: Present. Daemons: mediaserverd itunesstored 
12/29/2016 22:06:55.401 Auto association attempt canceled because auto join state is Associating.
12/29/2016 22:06:55.406 WoW is Disabled, 0 WoW Clients
12/29/2016 22:06:55.408 WoW is Disabled, 0 WoW Clients
12/29/2016 22:06:55.438 __WiFiManagerCellularTransmitCallback_block_invoke: Cellular Transmit Started = TRUE
12/29/2016 22:06:55.479 __WiFiDeviceProcessLinkEvent: isLinkDown 0
12/29/2016 22:06:55.482 __WiFiDeviceManagerSetInterfaceRank: setting interface rank kSCNetworkServicePrimaryRankDefault
12/29/2016 22:06:55.482 __WiFiDeviceManagerEvaluateAPEnvironment: Getting AP environment for DIGI-146A. Learning period 259200 secs Expiry period 2592000 secs
12/29/2016 22:06:55.482 __WiFiDeviceManagerEvaluateAPEnvironment: AP environment is 2 for DIGI-146A(4:bd:70:a4:e3:8)
12/29/2016 22:06:55.482 WiFiDeviceSetRoamParams: setting roam profile to type 1
12/29/2016 22:06:55.483 __WiFiDeviceManagerEvaluateAPEnvironment: Getting AP environment for DIGI-146A. Learning period 259200 secs Expiry period 2592000 secs
12/29/2016 22:06:55.483 __WiFiDeviceManagerEvaluateAPEnvironment: AP environment is 2 for DIGI-146A(4:bd:70:a4:e3:8)
12/29/2016 22:06:55.483 __WiFiLQAMgrSetCurrentNetwork: SSID: DIGI-146A BSSID: 4:bd:70:a4:e3:8 RSSI: -71 ApEnv: 2
12/29/2016 22:06:55.484 WiFiDeviceRequestAssociatedSleep: ActiveDuringSleepRequested is already removed ((null)).
12/29/2016 22:06:55.484 __WiFiDeviceResetCCAHistory
12/29/2016 22:06:55.484 __WiFiDeviceResetRssiHistory
12/29/2016 22:06:55.484 __WiFiLQAMgrLogStats: Rssi: -71 Cca: 0 TxPer: 0.0% (0) BcnPer: 0.0% (0) RxFrms 0 TxRate: 0 RxRate: 0
12/29/2016 22:06:55.484 __WiFiDeviceProcessLinkEvent: Initializing lqm value: rawRssi -71, scaledRssi 0.646484, noise 0, snr 20
12/29/2016 22:06:55.496 __WiFiMetricsManagerPrepareLinkChangeNetworkParams: OUI:04:bd:70 Channel:1(20MHz) Flags:0x8 PhyMode:0x10 Security:0x2 WPA:[Prot:0x2 McastCipher:0x4 UcastCipher:0xc AKM:0x2 Caps:0x0] HT:[Info:0x19fc AMPDU:0x1b TXBF:0x0 Ext:0x0 ASEL:0x0] VHT:[Info:0x0]
12/29/2016 22:06:55.496 WiFiAWDManagerSubmitMetric: metric container could not be generated for metric id <0x90009>
12/29/2016 22:06:55.499 Creating client for "configd"
12/29/2016 22:06:55.589 Completed Apple80211AssociateAsync (0 - 0x0)
12/29/2016 22:06:55.589 Joined: DIGI-146A
12/29/2016 22:06:55.589 Auto join association completed (0) with current state: Associating
12/29/2016 22:06:55.590 __WiFiDeviceManagerStateMachineRun: current state: Associating
12/29/2016 22:06:55.590 __WiFiDeviceManagerProcessAssociationResult: current state: Associating
12/29/2016 22:06:55.590 WiFiNetworkSetKnownBssUsageData: BSS updated - current BSS: 4:bd:70:a4:e3:8 (1)
12/29/2016 22:06:55.590 Removing problematic state for DIGI-146A, reason N/A reasonData=0
12/29/2016 22:06:55.590 problematic networks =  and potentially problematic networks = 
12/29/2016 22:06:55.591 No Change in Background Scan Networks, Skip Re-Programming Background Scan

12/29/2016 22:06:55.591 __WiFiManagerDidAssociateCallback: network DIGI-146A, requestedInformation <CFBasicHash 0x14cd91de0 [0x1a0950150]>{type = mutable dict, count = 1,
entries =>
	2 : <CFString 0x10017e160 [0x1a0950150]>{contents = "reason"} = <CFString 0x100185180 [0x1a0950150]>{contents = "Associating"}
}

12/29/2016 22:06:55.660 WiFiDeviceManagerSetNetworks: Adding HS20 Account: 
Domain name orange.ro
3GPP MCC&MNC 226F10 
Friendly Operator Name Orange
12/29/2016 22:06:55.661 __WiFiDeviceManagerPrepareHS20Queries: created queries <CFArray 0x14ce87460 [0x1a0950150]>{type = mutable-small, count = 3, values = (
	0 : <CFNumber 0xb0000000000010c1 [0x1a0950150]>{value = +268, type = kCFNumberSInt16Type}
	1 : <CFNumber 0xb000000000001081 [0x1a0950150]>{value = +264, type = kCFNumberSInt16Type}
	2 : <CFNumber 0xb000000000000031 [0x1a0950150]>{value = +3, type = kCFNumberSInt16Type}
)}
12/29/2016 22:06:55.661 Auto association attempt canceled because auto join state is Associating.
12/29/2016 22:06:55.661 No Change in Background Scan Networks, Skip Re-Programming Background Scan

12/29/2016 22:06:55.748 MIS state is Disabled
12/29/2016 22:06:55.748 MIS state queried by "SpringBoard" is Disable
12/29/2016 22:06:55.748 MIS state is Disabled
12/29/2016 22:06:55.748 MIS state queried by "UserEventAgent" is Disable
12/29/2016 22:06:55.748 MIS state is Disabled
12/29/2016 22:06:55.748 MIS state queried by "locationd" is Disable
12/29/2016 22:06:55.748 MIS state is Disabled
12/29/2016 22:06:55.748 MIS state queried by "identityservices" is Disable
12/29/2016 22:06:55.749 MIS state is Disabled
12/29/2016 22:06:55.749 MIS state queried by "apsd" is Disable
12/29/2016 22:06:55.785 WiFiDeviceManagerSetNetworks: Adding HS20 Account: 
Domain name orange.ro
3GPP MCC&MNC 226F10 
Friendly Operator Name Orange
12/29/2016 22:06:55.785 __WiFiDeviceManagerPrepareHS20Queries: created queries <CFArray 0x14cd7c980 [0x1a0950150]>{type = mutable-small, count = 3, values = (
	0 : <CFNumber 0xb0000000000010c1 [0x1a0950150]>{value = +268, type = kCFNumberSInt16Type}
	1 : <CFNumber 0xb000000000001081 [0x1a0950150]>{value = +264, type = kCFNumberSInt16Type}
	2 : <CFNumber 0xb000000000000031 [0x1a0950150]>{value = +3, type = kCFNumberSInt16Type}
)}
12/29/2016 22:06:55.785 __WiFiDeviceManagerAutoAssociate: Already connected to DIGI-146A.
12/29/2016 22:06:55.785 No Change in Background Scan Networks, Skip Re-Programming Background Scan

12/29/2016 22:06:55.785 MIS state is Disabled
12/29/2016 22:06:55.785 MIS state queried by "imagent" is Disable
12/29/2016 22:06:55.786 MIS state is Disabled
12/29/2016 22:06:55.786 MIS state queried by "InCallService" is Disable
12/29/2016 22:06:55.786 MIS state is Disabled
12/29/2016 22:06:55.786 MIS state queried by "mediaserverd" is Disable
12/29/2016 22:06:55.786 MIS state is Disabled
12/29/2016 22:06:55.786 MIS state queried by "MobileMail" is Disable
12/29/2016 22:06:55.786 configd requesting removal of BGScan networks
12/29/2016 22:06:55.786 No Change in Background Scan Networks, Skip Re-Programming Background Scan

12/29/2016 22:06:55.786 __WiFiManagerSetEnableState: state TRUE, manager->enable.setting TRUE, manager->unlockedSinceBoot TRUE
12/29/2016 22:06:55.786 Removing client for "configd"
12/29/2016 22:06:55.787 IPV4 State change for en0
12/29/2016 22:06:55.787 IP Address: 192.168.100.11
12/29/2016 22:06:55.787 Router IP Address: 192.168.100.1
12/29/2016 22:06:55.787 __WiFiDeviceCheckForIPV4ParamsChange: Setting power mode to kA11PowerProfileDefault
12/29/2016 22:06:55.788 __WiFiManagerIPv4Callback: <en0> [DIGI-146A                               : isHidden=0, isEAP=0, isWPA=1, isWEP=0, type=0] isMainIf? 1, isRoutable? 1
12/29/2016 22:06:55.788 -[WiFiIDSSyncEngine currentNetworkChanged]: <0x16e12f000>, role 1, currentNetwork DIGI-146A                               : isHidden=0, isEAP=0, isWPA=1, isWEP=0, type=0
12/29/2016 22:06:55.788 -[WiFiIDSSyncEngine currentNetworkChanged]: reset waitForReAssociationTimer <CFRunLoopTimer 0x14ce6ecf0 [0x1a0950150]>{valid = Yes, firing = No, interval = 819052854, tolerance = 0, next fire date = 1.32482963e+09 (820094816 @ 12124063767303878), callout = (NSTimer) [WiFiIDSSyncEngine companionReAssociationWaitTimerFired:] (0x18292cfe0 / 0x1000e1010) (/usr/sbin/wifid), context = <CFRunLoopTimer context 0x14ce5c520>}
12/29/2016 22:06:55.788 -[WiFiIDSSyncEngine sendCurrentCompanionNetwork]: autojoinAssistDict {
    "SSID_STR" = "DIGI-146A";
}
12/29/2016 22:06:55.788 WiFiLQAMgrSetRouterIpv4Addr: Router IP Address: 192.168.100.1 
12/29/2016 22:06:55.788 __WiFiDeviceCheckForIPV4ParamsChange: configMethod DHCP, leaseExpiryDuration 4320 mins
12/29/2016 22:06:55.788 -[WiFiIDSSyncEngine sendToGizmoOfDataType:]: <0x16e0a3000> ID:(null), data type 1
12/29/2016 22:06:55.788 WiFiAWDManagerSubmitMetric: metric container could not be generated for metric id <0x90007>
12/29/2016 22:06:55.788 Router MAC Address: 04:bd:70:a4:e3:00
12/29/2016 22:06:55.796 IPv4 Primary interface is pdp_ip0 and IPv6 Primary Interface is (null)
12/29/2016 22:06:55.796 IPV6 State change for en0
12/29/2016 22:06:55.796 IP Address: 2a02:2f0a:c0b4:3b00:407:feca:4bdd:1fe6
12/29/2016 22:06:55.796 IP Address: 2a02:2f0a:c0b4:3b00:b0fb:e7fa:fe24:2988
12/29/2016 22:06:55.797 MIS state is Disabled
12/29/2016 22:06:55.797 MIS state queried by "nanoregistryd" is Disable
12/29/2016 22:06:55.804 WoW is Disabled, 0 WoW Clients
12/29/2016 22:06:55.811 IPv4 Primary interface is en0 and IPv6 Primary Interface is en0
12/29/2016 22:06:55.811 IPv4 Primary interface is en0 and IPv6 Primary Interface is en0
12/29/2016 22:06:55.962 Creating client for "CommCenter"
12/29/2016 22:06:55.964 CommCenter requesting removal of BGScan networks
12/29/2016 22:06:55.964 No Change in Background Scan Networks, Skip Re-Programming Background Scan

12/29/2016 22:06:55.965 __WiFiManagerSetEnableState: state TRUE, manager->enable.setting TRUE, manager->unlockedSinceBoot TRUE
12/29/2016 22:06:55.965 Removing client for "CommCenter"
12/29/2016 22:06:56.001 IPv4 Primary interface is en0 and IPv6 Primary Interface is en0
12/29/2016 22:06:56.001 IPv4 Primary interface is en0 and IPv6 Primary Interface is en0
12/29/2016 22:06:59.592 ATJManager: setting ask-to-join interaction mode to Interactive
12/29/2016 22:06:59.592 ATJManager: no entries to purge
12/29/2016 22:06:59.592 User interaction ENABLED
12/29/2016 22:06:59.592 Ignoring lock state manager->wakeMode 1

12/29/2016 22:06:59.592 problematic networks =  and potentially problematic networks = 
12/29/2016 22:06:59.592 Unblacklisting
12/29/2016 22:06:59.593 __CreateBGScanRequest Hotspot Orange Mobile Wi-Fi added to BGScan List 
12/29/2016 22:06:59.593 Preparing background scan request for "DIGI-146A" "UPC5493113" "TP-LINK_Extender_2.4GHz" "UPC2300204" "PRECIS" "eduroam" "G3_7030" "eg304" "eMAG" "Orange Mobile Wi-Fi" Background Scan Caching is Enabled
12/29/2016 22:06:59.614 __WiFiDeviceManagerAutoAssociate: Already connected to DIGI-146A.
12/29/2016 22:06:59.622 __WiFiDeviceCheckForIPRenewalWakeupSupport: State:/Network/Interface/en0/ActiveDuringSleepSupported = TRUE
12/29/2016 22:07:00.497 __WiFiManagerCellularTransmitCallback_block_invoke: Cellular Transmit Started = FALSE
12/29/2016 22:07:01.534 BG Application: Not Present, BG Daemon: Present. Daemons: mediaserverd itunesstored 
12/29/2016 22:07:01.534 __WiFiManagerSetEnableState: state TRUE, manager->enable.setting TRUE, manager->unlockedSinceBoot TRUE
12/29/2016 22:07:01.534 __WiFiDeviceManagerAutoAssociate: Already connected to DIGI-146A.
12/29/2016 22:07:01.570 Client itunesstored set type to normal application
12/29/2016 22:07:01.570 __WiFiManagerSetEnableState: state TRUE, manager->enable.setting TRUE, manager->unlockedSinceBoot TRUE
12/29/2016 22:07:01.571 BG Application: Not Present, BG Daemon: Present. Daemons: mediaserverd 
12/29/2016 22:07:02.787 Client itunesstored set type to background application
12/29/2016 22:07:02.787 __WiFiManagerSetEnableState: state TRUE, manager->enable.setting TRUE, manager->unlockedSinceBoot TRUE
12/29/2016 22:07:02.787 BG Application: Not Present, BG Daemon: Present. Daemons: mediaserverd itunesstored 
12/29/2016 22:07:02.787 __WiFiDeviceManagerAutoAssociate: Already connected to DIGI-146A.
12/29/2016 22:07:03.434 Client itunesstored set type to normal application
12/29/2016 22:07:03.434 __WiFiManagerSetEnableState: state TRUE, manager->enable.setting TRUE, manager->unlockedSinceBoot TRUE
12/29/2016 22:07:03.435 BG Application: Not Present, BG Daemon: Present. Daemons: mediaserverd 
12/29/2016 22:07:04.796 BG Application: Not Present, BG Daemon: Present. Daemons: mediaserverd 
12/29/2016 22:07:04.797 LPAS is Enabled
12/29/2016 22:07:04.797 LPAS Enabled, Skip starting Disassocation timer
12/29/2016 22:07:05.153 Client apsd set type to background application
12/29/2016 22:07:05.153 __WiFiManagerSetEnableState: state TRUE, manager->enable.setting TRUE, manager->unlockedSinceBoot TRUE
12/29/2016 22:07:05.153 BG Application: Not Present, BG Daemon: Present. Daemons: mediaserverd apsd 
12/29/2016 22:07:05.153 __WiFiDeviceManagerAutoAssociate: Already connected to DIGI-146A.
12/29/2016 22:07:05.154 Enable WoW requested by "apsd"
12/29/2016 22:07:05.154 WoW Capable = YES, Attempting to enable WoW and disable LPAS 
12/29/2016 22:07:05.155 Setting WoW params to <CFBasicHash 0x14cfcae20 [0x1a0950150]>{type = immutable dict, count = 3,
entries =>
	0 : <CFString 0x100175960 [0x1a0950150]>{contents = "IO80211InterfaceEnableLowPwrAssocMode"} = <CFBoolean 0x1a09506d8 [0x1a0950150]>{value = false}
	1 : <CFString 0x100175940 [0x1a0950150]>{contents = "IO80211InterfaceEnableWoW"} = <CFBoolean 0x1a09506c8 [0x1a0950150]>{value = true}
	2 : <CFString 0x100185ae0 [0x1a0950150]>{contents = "IO80211InterfaceEnableWoWOnCaptive"} = <CFBoolean 0x1a09506d8 [0x1a0950150]>{value = false}
}

12/29/2016 22:07:05.157 WiFiDeviceRequestAssociatedSleep: ActiveDuringSleepRequested is already set (<CFBasicHash 0x14ce84c60 [0x1a0950150]>{type = immutable dict, count = 0,
entries =>
}
).
12/29/2016 22:07:05.157 WoW Enabled by 1 Clients, lpas is Disabled, WoW Override is Disabled, Captive Disabled
12/29/2016 22:07:05.157 Unable to dispatch WowStateChanged message to client dataaccessd (268435460)
12/29/2016 22:07:05.158 Unable to dispatch WowStateChanged message to client itunesstored (268435460)
12/29/2016 22:07:05.158 Unable to dispatch WowStateChanged message to client mediaserverd (268435460)
12/29/2016 22:07:05.158 Unable to dispatch WowStateChanged message to client MobileMail (268435460)
12/29/2016 22:07:05.159 Unable to dispatch WowStateChanged message to client assistantd (268435460)
12/29/2016 22:07:05.159 apsd[273] is a wow client
12/29/2016 22:07:05.159 WoW is Enabled, 1 WoW Clients
12/29/2016 22:07:05.160 apsd[273] is a wow client
12/29/2016 22:07:05.160 WoW is Enabled, 1 WoW Clients
12/29/2016 22:07:05.161 apsd[273] is a wow client
12/29/2016 22:07:05.161 WoW is Enabled, 1 WoW Clients
12/29/2016 22:07:05.481 __WiFiLQAMgrLogStats: Rssi: -62 Cca: 30 TxPer: 0.0% (803) BcnPer: 2.0% (50) RxFrms 772 TxRate: 58500 RxRate: 65000
12/29/2016 22:07:09.210 scanCache: Purging scan cache
12/29/2016 22:07:10.489 __WiFiLQAMgrLogStats: Rssi: -69 Cca: 30 TxPer: 0.0% (58) BcnPer: 2.0% (50) RxFrms 50 TxRate: 58500 RxRate: 65000
12/29/2016 22:07:11.209 
Too frequent(0.719751 secs) rssi event from driver, ignoring

12/29/2016 22:07:12.048 BG Application: Not Present, BG Daemon: Present. Daemons: mediaserverd apsd 
12/29/2016 22:07:12.048 __WiFiManagerSetEnableState: state TRUE, manager->enable.setting TRUE, manager->unlockedSinceBoot TRUE
12/29/2016 22:07:12.048 __WiFiDeviceManagerAutoAssociate: Already connected to DIGI-146A.
12/29/2016 22:07:13.162 Async scan requested by "locationd" for 1 iterations with maxage=0 priority normal on en0
12/29/2016 22:07:13.162 Enqueuing command type: "Scan" pending commands: 0
12/29/2016 22:07:13.162 Dequeuing command type: "Scan" pending commands: 0
12/29/2016 22:07:13.162 Attempting Apple80211ScanAsync on en0
12/29/2016 22:07:13.273 BG Application: Not Present, BG Daemon: Present. Daemons: mediaserverd apsd 
12/29/2016 22:07:13.273 WoW Enabled, Skip starting Disassocation timer
12/29/2016 22:07:13.333 Completed Apple80211ScanAsync on en0 (0x0)
12/29/2016 22:07:13.334 Async scan request completed for "locationd" (0)
12/29/2016 22:07:13.335 Async scan requested by "locationd" for 1 iterations with maxage=0 priority normal on en0
12/29/2016 22:07:13.335 Enqueuing command type: "Scan" pending commands: 0
12/29/2016 22:07:13.335 Dequeuing command type: "Scan" pending commands: 0
12/29/2016 22:07:13.335 Attempting Apple80211ScanAsync on en0
12/29/2016 22:07:13.743 Completed Apple80211ScanAsync on en0 (0x0)
12/29/2016 22:07:13.745 Async scan request completed for "locationd" (0)
12/29/2016 22:07:13.747 Async scan requested by "locationd" for 1 iterations with maxage=0 priority low on en0
12/29/2016 22:07:13.748 Enqueuing command type: "Scan" pending commands: 0
12/29/2016 22:07:13.748 Dequeuing command type: "Scan" pending commands: 0
12/29/2016 22:07:13.748 Attempting Apple80211ScanAsync on en0
12/29/2016 22:07:13.748 Completed Apple80211ScanAsync on en0 (0xe0820457)
12/29/2016 22:07:13.748 Async scan request completed for "locationd" (-528350121)
12/29/2016 22:07:16.227 
Too frequent(0.734152 secs) rssi event from driver, ignoring

12/29/2016 22:07:18.439 Async scan requested by "locationd" for 1 iterations with maxage=0 priority low on en0
12/29/2016 22:07:18.439 Enqueuing command type: "Scan" pending commands: 0
12/29/2016 22:07:18.439 Dequeuing command type: "Scan" pending commands: 0
12/29/2016 22:07:18.439 Attempting Apple80211ScanAsync on en0
12/29/2016 22:07:18.439 Completed Apple80211ScanAsync on en0 (0xe0820457)
12/29/2016 22:07:18.439 Async scan request completed for "locationd" (-528350121)
12/29/2016 22:07:25.506 __WiFiLQAMgrLogStats: Rssi: -61 Cca: 41 TxPer: 0.0% (469) BcnPer: 2.4% (42) RxFrms 2965 TxRate: 72222 RxRate: 65000
12/29/2016 22:07:27.561 scanCache: Purging scan cache
12/29/2016 22:07:35.339 __WiFiLQAMgrLogStats: Rssi: -62 Cca: 52 TxPer: 0.0% (23) BcnPer: 0.0% (50) RxFrms 145 TxRate: 72222 RxRate: 65000
12/29/2016 22:07:40.347 __WiFiLQAMgrLogStats: Rssi: -63 Cca: 27 TxPer: 0.0% (10) BcnPer: 0.0% (50) RxFrms 71 TxRate: 72222 RxRate: 65000
12/29/2016 22:07:45.356 __WiFiLQAMgrLogStats: Rssi: -61 Cca: 10 TxPer: 0.0% (12) BcnPer: 2.0% (50) RxFrms 19 TxRate: 65000 RxRate: 65000
12/29/2016 22:07:50.361 __WiFiLQAMgrLogStats: Rssi: -62 Cca: 36 TxPer: 0.0% (13) BcnPer: 0.0% (50) RxFrms 9 TxRate: 58500 RxRate: 65000
12/29/2016 22:07:55.365 __WiFiLQAMgrLogStats: Rssi: -64 Cca: 56 TxPer: 0.0% (8) BcnPer: 0.0% (50) RxFrms 8 TxRate: 52000 RxRate: 65000
12/29/2016 22:07:59.411 Background Network Application entered
12/29/2016 22:07:59.413 BG Application: Present, BG Daemon: Present. Daemons: mediaserverd apsd 
12/29/2016 22:07:59.413 __WiFiManagerSetEnableState: state TRUE, manager->enable.setting TRUE, manager->unlockedSinceBoot TRUE
12/29/2016 22:07:59.413 __WiFiDeviceManagerAutoAssociate: Already connected to DIGI-146A.
12/29/2016 22:07:59.416 Background Network Application entered
12/29/2016 22:07:59.416 BG Application: Not Present, BG Daemon: Present. Daemons: mediaserverd apsd 
12/29/2016 22:07:59.416 __WiFiManagerSetEnableState: state TRUE, manager->enable.setting TRUE, manager->unlockedSinceBoot TRUE
12/29/2016 22:07:59.417 __WiFiDeviceManagerAutoAssociate: Already connected to DIGI-146A.
12/29/2016 22:08:00.093 BG Application: Not Present, BG Daemon: Present. Daemons: mediaserverd apsd 
12/29/2016 22:08:00.093 __WiFiManagerSetEnableState: state TRUE, manager->enable.setting TRUE, manager->unlockedSinceBoot TRUE
12/29/2016 22:08:00.093 __WiFiDeviceManagerAutoAssociate: Already connected to DIGI-146A.
12/29/2016 22:08:00.808 ATJManager: setting ask-to-join interaction mode to NonInteractive
12/29/2016 22:08:00.808 ATJManager: no entries to purge
12/29/2016 22:08:00.808 User interaction DISABLED
12/29/2016 22:08:00.808 Ignoring lock state manager->wakeMode 1

12/29/2016 22:08:00.813 Device display is OFF
12/29/2016 22:08:01.504 WiFiLocaleManagerCheckLocale: trying to determine locale...
12/29/2016 22:08:01.505 WiFiManagerCoreLocationGetCachedLocation: getting cached location...
12/29/2016 22:08:01.506 __WiFiLocaleManagerGetLocaleFromMcc: finding iso country code for mcc 226 ....
12/29/2016 22:08:01.506 WiFiLocationServiceManagerIsLocationValid: cachedLocationTimeout 120.000000 location age 286.449875secs, lifeSpan -1.000000 accuracy 65.000000(highAccReq 0), isValid 1
12/29/2016 22:08:01.506 WiFiLocationServiceManagerStartLowAccuracyMonitoring: Cached low accuracy location is valid
12/29/2016 22:08:01.506 WiFiLocationServiceManagerIsLocationValid: cachedLocationTimeout 120.000000 location age 286.449999secs, lifeSpan -1.000000 accuracy 65.000000(highAccReq 1), isValid 1
12/29/2016 22:08:01.506 WiFiLocationServiceManagerIsLocationValid: cachedLocationTimeout 120.000000 location age 286.450050secs, lifeSpan -1.000000 accuracy 65.000000(highAccReq 0), isValid 1
12/29/2016 22:08:01.506 __WiFiLocationServiceManagerProcessLocationAvailableEvent: isValidHighAccuracyLocation 1,  isValidLowAccuracyLocation 1
12/29/2016 22:08:01.506 __WiFiLocationServiceManagerProcessLocationAvailableEvent: give low accuracy callback
12/29/2016 22:08:01.507 __WiFiLocaleManagerGetLocaleFromLocation: <+44.42607978,+26.13597549> +/- 65.00m (speed -1.00 mps / course -1.00) @ 12/29/16, 10:03:15 PM Eastern European Standard Time
12/29/2016 22:08:01.507 locale from bounding box 
12/29/2016 22:08:01.507 new locale:  , locale: 
12/29/2016 22:08:01.507 Stopping Low Accuracy Location Monitoring
12/29/2016 22:08:01.507 CLMonitoring is already stopped
12/29/2016 22:08:01.507 Stopping Low Accuracy Location Monitoring
12/29/2016 22:08:01.507 CLMonitoring is already stopped
12/29/2016 22:08:01.508 __WiFiLocationServiceManagerEventCallback, got cb dict {
    eventType = 0;
    location = "<+44.42628278,+26.13600782> +/- 30.00m (speed 0.18 mps / course 308.32) @ 12/29/16, 10:07:27 PM Eastern European Standard Time";
}
12/29/2016 22:08:01.509 WiFiLocationServiceManagerIsLocationValid: cachedLocationTimeout 120.000000 location age 33.955964secs, lifeSpan -1.000000 accuracy 30.000000(highAccReq 1), isValid 1
12/29/2016 22:08:01.509 WiFiLocationServiceManagerIsLocationValid: cachedLocationTimeout 120.000000 location age 33.956028secs, lifeSpan -1.000000 accuracy 30.000000(highAccReq 0), isValid 1
12/29/2016 22:08:01.509 __WiFiLocationServiceManagerProcessLocationAvailableEvent: isValidHighAccuracyLocation 1,  isValidLowAccuracyLocation 1
12/29/2016 22:08:10.381 __WiFiLQAMgrLogStats: Rssi: -65 Cca: 22 TxPer: 0.0% (11) BcnPer: 2.0% (50) RxFrms 160 TxRate: 26000 RxRate: 58500
12/29/2016 22:08:12.198 __WiFiManagerCellularTransmitCallback_block_invoke: Cellular Transmit Started = TRUE
12/29/2016 22:08:15.389 __WiFiLQAMgrLogStats: Rssi: -65 Cca: 63 TxPer: 0.0% (3) BcnPer: 0.0% (50) RxFrms 34 TxRate: 26000 RxRate: 65000
12/29/2016 22:08:17.261 __WiFiManagerCellularTransmitCallback_block_invoke: Cellular Transmit Started = FALSE
12/29/2016 22:08:20.397 __WiFiLQAMgrLogStats: Rssi: -65 Cca: 38 TxPer: 0.0% (2) BcnPer: 0.0% (50) RxFrms 6 TxRate: 26000 RxRate: 52000
12/29/2016 22:08:25.405 __WiFiLQAMgrLogStats: Rssi: -65 Cca: 55 TxPer: 0.0% (1) BcnPer: 0.0% (50) RxFrms 1 TxRate: 26000 RxRate: 52000
12/29/2016 22:08:30.413 __WiFiLQAMgrLogStats: Rssi: -64 Cca: 24 TxPer: 0.0% (7) BcnPer: 2.0% (50) RxFrms 6 TxRate: 26000 RxRate: 65000
12/29/2016 22:08:35.419 __WiFiLQAMgrLogStats: Rssi: -65 Cca: 52 TxPer: 0.0% (1) BcnPer: 0.0% (49) RxFrms 10 TxRate: 26000 RxRate: 58500
12/29/2016 22:08:40.427 __WiFiLQAMgrLogStats: Rssi: -65 Cca: 34 TxPer: 0.0% (6) BcnPer: 0.0% (50) RxFrms 58 TxRate: 39000 RxRate: 65000
12/29/2016 22:08:45.435 __WiFiLQAMgrLogStats: Rssi: -64 Cca: 61 TxPer: 0.0% (2) BcnPer: 0.0% (50) RxFrms 146 TxRate: 39000 RxRate: 65000
12/29/2016 22:08:50.444 __WiFiLQAMgrLogStats: Rssi: -64 Cca: 61 TxPer: 0.0% (3) BcnPer: 0.0% (50) RxFrms 5 TxRate: 39000 RxRate: 65000
12/29/2016 22:08:51.275 
Too frequent(0.831701 secs) rssi event from driver, ignoring

12/29/2016 22:08:56.293 
Too frequent(0.841075 secs) rssi event from driver, ignoring

12/29/2016 22:09:05.469 __WiFiLQAMgrLogStats: Rssi: -62 Cca: 60 TxPer: 0.0% (1) BcnPer: 0.0% (50) RxFrms 9 TxRate: 39000 RxRate: 65000
12/29/2016 22:09:05.773 Disable WoW requested by "apsd"
12/29/2016 22:09:05.773 WoW Capable = YES, Attempting to disable WoW and enable LPAS 
12/29/2016 22:09:05.774 Setting WoW params to <CFBasicHash 0x14cfe0b40 [0x1a0950150]>{type = immutable dict, count = 3,
entries =>
	0 : <CFString 0x100175960 [0x1a0950150]>{contents = "IO80211InterfaceEnableLowPwrAssocMode"} = <CFBoolean 0x1a09506c8 [0x1a0950150]>{value = true}
	1 : <CFString 0x100175940 [0x1a0950150]>{contents = "IO80211InterfaceEnableWoW"} = <CFBoolean 0x1a09506d8 [0x1a0950150]>{value = false}
	2 : <CFString 0x100185ae0 [0x1a0950150]>{contents = "IO80211InterfaceEnableWoWOnCaptive"} = <CFBoolean 0x1a09506d8 [0x1a0950150]>{value = false}
}

12/29/2016 22:09:05.775 WiFiDeviceRequestAssociatedSleep: ActiveDuringSleepRequested is already set (<CFBasicHash 0x14cdc8330 [0x1a0950150]>{type = immutable dict, count = 0,
entries =>
}
).
12/29/2016 22:09:05.776 WoW Disabled, 0 WoW Clients, lpas is Enabled, WoW Override is Disabled, Captive Disabled
12/29/2016 22:09:05.776 Unable to dispatch WowStateChanged message to client dataaccessd (268435460)
12/29/2016 22:09:05.776 Unable to dispatch WowStateChanged message to client itunesstored (268435460)
12/29/2016 22:09:05.777 Unable to dispatch WowStateChanged message to client mediaserverd (268435460)
12/29/2016 22:09:05.777 Unable to dispatch WowStateChanged message to client MobileMail (268435460)
12/29/2016 22:09:05.777 Unable to dispatch WowStateChanged message to client assistantd (268435460)
12/29/2016 22:09:05.778 WoW is Disabled, 0 WoW Clients
12/29/2016 22:09:05.778 WoW is Disabled, 0 WoW Clients
12/29/2016 22:09:05.782 WoW is Disabled, 0 WoW Clients
12/29/2016 22:09:10.477 __WiFiLQAMgrLogStats: Rssi: -62 Cca: 60 TxPer: 0.0% (2) BcnPer: 0.0% (50) RxFrms 14 TxRate: 39000 RxRate: 65000
12/29/2016 22:09:10.775 Client apsd set type to normal application
12/29/2016 22:09:10.775 __WiFiManagerSetEnableState: state TRUE, manager->enable.setting TRUE, manager->unlockedSinceBoot TRUE
12/29/2016 22:09:10.775 BG Application: Not Present, BG Daemon: Present. Daemons: mediaserverd 
12/29/2016 22:09:15.485 __WiFiLQAMgrLogStats: Rssi: -62 Cca: 72 TxPer: 0.0% (2) BcnPer: 0.0% (50) RxFrms 107 TxRate: 39000 RxRate: 52000
12/29/2016 22:09:20.493 __WiFiLQAMgrLogStats: Rssi: -63 Cca: 63 TxPer: 0.0% (4) BcnPer: 2.0% (50) RxFrms 90 TxRate: 39000 RxRate: 65000
12/29/2016 22:09:25.494 __WiFiLQAMgrLogStats: Rssi: -63 Cca: 63 TxPer: 0.0% (0) BcnPer: 0.0% (0) RxFrms 0 TxRate: 0 RxRate: 0
12/29/2016 22:09:30.503 __WiFiLQAMgrLogStats: Rssi: -61 Cca: 45 TxPer: 0.0% (3) BcnPer: 0.0% (100) RxFrms 2 TxRate: 39000 RxRate: 65000
12/29/2016 22:09:35.511 __WiFiLQAMgrLogStats: Rssi: -61 Cca: 58 TxPer: 0.0% (1) BcnPer: 0.0% (50) RxFrms 2 TxRate: 39000 RxRate: 65000
12/29/2016 22:09:40.519 __WiFiLQAMgrLogStats: Rssi: -60 Cca: 58 TxPer: 0.0% (3) BcnPer: 0.0% (50) RxFrms 6 TxRate: 39000 RxRate: 65000
12/29/2016 22:09:45.527 __WiFiLQAMgrLogStats: Rssi: -59 Cca: 58 TxPer: 0.0% (0) BcnPer: 0.0% (50) RxFrms 29 TxRate: 39000 RxRate: 65000
12/29/2016 22:09:50.535 __WiFiLQAMgrLogStats: Rssi: -60 Cca: 10 TxPer: 0.0% (4) BcnPer: 0.0% (50) RxFrms 156 TxRate: 39000 RxRate: 65000
12/29/2016 22:09:55.544 __WiFiLQAMgrLogStats: Rssi: -60 Cca: 34 TxPer: 0.0% (10) BcnPer: 0.0% (50) RxFrms 41 TxRate: 52000 RxRate: 65000
12/29/2016 22:10:00.552 __WiFiLQAMgrLogStats: Rssi: -59 Cca: 56 TxPer: 0.0% (9) BcnPer: 0.0% (50) RxFrms 11 TxRate: 52000 RxRate: 65000
12/29/2016 22:10:01.508 WiFiLocaleManagerCheckLocale: trying to determine locale...
12/29/2016 22:10:01.508 WiFiManagerCoreLocationGetCachedLocation: getting cached location...
12/29/2016 22:10:01.530 __WiFiLocaleManagerGetLocaleFromMcc: finding iso country code for mcc 226 ....
12/29/2016 22:10:01.530 WiFiLocationServiceManagerIsLocationValid: cachedLocationTimeout 120.000000 location age 153.977191secs, lifeSpan -1.000000 accuracy 30.000000(highAccReq 0), isValid 1
12/29/2016 22:10:01.530 WiFiLocationServiceManagerStartLowAccuracyMonitoring: Cached low accuracy location is valid
12/29/2016 22:10:01.530 WiFiLocationServiceManagerIsLocationValid: cachedLocationTimeout 120.000000 location age 153.977326secs, lifeSpan -1.000000 accuracy 30.000000(highAccReq 1), isValid 1
12/29/2016 22:10:01.530 WiFiLocationServiceManagerIsLocationValid: cachedLocationTimeout 120.000000 location age 153.977380secs, lifeSpan -1.000000 accuracy 30.000000(highAccReq 0), isValid 1
12/29/2016 22:10:01.530 __WiFiLocationServiceManagerProcessLocationAvailableEvent: isValidHighAccuracyLocation 1,  isValidLowAccuracyLocation 1
12/29/2016 22:10:01.531 __WiFiLocationServiceManagerProcessLocationAvailableEvent: give low accuracy callback
12/29/2016 22:10:01.531 __WiFiLocaleManagerGetLocaleFromLocation: <+44.42628278,+26.13600782> +/- 30.00m (speed 0.18 mps / course 308.32) @ 12/29/16, 10:07:27 PM Eastern European Standard Time
12/29/2016 22:10:01.532 locale from bounding box 
12/29/2016 22:10:01.532 new locale:  , locale: 
12/29/2016 22:10:01.532 Stopping Low Accuracy Location Monitoring
12/29/2016 22:10:01.532 CLMonitoring is already stopped
12/29/2016 22:10:01.532 Stopping Low Accuracy Location Monitoring
12/29/2016 22:10:01.532 CLMonitoring is already stopped
12/29/2016 22:10:01.532 __WiFiLocationServiceManagerEventCallback, got cb dict {
    eventType = 0;
    location = "<+44.42628278,+26.13600782> +/- 30.00m (speed 0.18 mps / course 308.32) @ 12/29/16, 10:07:27 PM Eastern European Standard Time";
}
12/29/2016 22:10:01.532 WiFiLocationServiceManagerIsLocationValid: cachedLocationTimeout 120.000000 location age 153.979365secs, lifeSpan -1.000000 accuracy 30.000000(highAccReq 1), isValid 1
12/29/2016 22:10:01.532 WiFiLocationServiceManagerIsLocationValid: cachedLocationTimeout 120.000000 location age 153.979418secs, lifeSpan -1.000000 accuracy 30.000000(highAccReq 0), isValid 1
12/29/2016 22:10:01.533 __WiFiLocationServiceManagerProcessLocationAvailableEvent: isValidHighAccuracyLocation 1,  isValidLowAccuracyLocation 1
12/29/2016 22:10:05.268 Received kIOMessageSystemWillSleep
12/29/2016 22:10:05.269 System Sleep notification, Disabling auto-join
12/29/2016 22:10:05.269 __WiFiManagerSetEnableState: state FALSE, manager->enable.setting TRUE, manager->unlockedSinceBoot TRUE
12/29/2016 22:10:05.269 Disabling automatic association
12/29/2016 22:10:05.300 WoW is Disabled, 0 WoW Clients
12/29/2016 22:10:05.379 __WiFiDeviceCopyLinkChangedSubReasonString: Apple80211ReturnToString failed 1
12/29/2016 22:10:05.380 __WiFiDeviceProcessDriverAvailableEvent: driver availability false, reason PowerOff(0xe0821804), subreason (null)(0x0)
12/29/2016 22:10:05.380 __WiFiManagerDispatchDeviceAvailable: driver availability false

12/29/2016 22:10:05.383 WiFiAWDManagerSubmitMetric: metric container could not be generated for metric id <0x9000e>
12/29/2016 22:10:05.401 __WiFiDeviceManagerAwdlAvailableCallback: AWDL availability changed to FALSE
12/29/2016 22:10:05.410 WoW is Disabled, 0 WoW Clients
12/29/2016 22:15:06.480 Received kIOMessageSystemWillPowerOn
12/29/2016 22:15:06.480 System wake reason: AOP.ExternalReq wlan
12/29/2016 22:15:06.480 System Powered ON notification Re-enabling auto-join
12/29/2016 22:15:06.480 __WiFiManagerSetEnableState: state TRUE, manager->enable.setting TRUE, manager->unlockedSinceBoot TRUE
12/29/2016 22:15:06.480 Enabling automatic association
12/29/2016 22:15:06.480 __WiFiDeviceManagerAutoAssociate: Already connected to DIGI-146A.
12/29/2016 22:15:06.481 WiFiLocaleManagerCheckLocale: trying to determine locale...
12/29/2016 22:15:06.481 WiFiManagerCoreLocationGetCachedLocation: getting cached location...
12/29/2016 22:15:06.489 __WiFiLocaleManagerGetLocaleFromMcc: finding iso country code for mcc 226 ....
12/29/2016 22:15:06.489 WiFiLocationServiceManagerIsLocationValid: cachedLocationTimeout 120.000000 location age 458.936309secs, lifeSpan -1.000000 accuracy 30.000000(highAccReq 0), isValid 1
12/29/2016 22:15:06.489 WiFiLocationServiceManagerStartLowAccuracyMonitoring: Cached low accuracy location is valid
12/29/2016 22:15:06.490 WiFiLocationServiceManagerIsLocationValid: cachedLocationTimeout 120.000000 location age 458.936481secs, lifeSpan -1.000000 accuracy 30.000000(highAccReq 1), isValid 1
12/29/2016 22:15:06.490 WiFiLocationServiceManagerIsLocationValid: cachedLocationTimeout 120.000000 location age 458.936538secs, lifeSpan -1.000000 accuracy 30.000000(highAccReq 0), isValid 1
12/29/2016 22:15:06.490 __WiFiLocationServiceManagerProcessLocationAvailableEvent: isValidHighAccuracyLocation 1,  isValidLowAccuracyLocation 1
12/29/2016 22:15:06.490 __WiFiLocationServiceManagerProcessLocationAvailableEvent: give low accuracy callback
12/29/2016 22:15:06.491 __WiFiLocaleManagerGetLocaleFromLocation: <+44.42628278,+26.13600782> +/- 30.00m (speed 0.18 mps / course 308.32) @ 12/29/16, 10:07:27 PM Eastern European Standard Time
12/29/2016 22:15:06.491 locale from bounding box 
12/29/2016 22:15:06.491 new locale:  , locale: 
12/29/2016 22:15:06.491 Stopping Low Accuracy Location Monitoring
12/29/2016 22:15:06.491 CLMonitoring is already stopped
12/29/2016 22:15:06.491 Stopping Low Accuracy Location Monitoring
12/29/2016 22:15:06.491 CLMonitoring is already stopped
12/29/2016 22:15:06.491 __WiFiDeviceProcessDumpLogsEvent: Dump logs event received, dumped wifid log buffer to file
