 1/11/2017 10:18:43.807 Power stats update: Type 0x6 UnassociatedSleepDur 0 AssociatedSleepDur 479169 TotalDur 486348 RoamDur 2007
 1/11/2017 10:18:43.807 WiFiAWDManagerSubmitMetric: metric container could not be generated for metric id <0x90010>
 1/11/2017 10:18:43.808 __WiFiLQAMgrLogStats: Rssi: -44 Cca: 38 TxPer: 0.0% (0) BcnPer: 0.0% (0) RxFrms 0 TxRate: 0 RxRate: 0
 1/11/2017 10:18:43.808 __WiFiDeviceCopyLinkChangedSubReasonString: Apple80211ReturnToString failed 1
 1/11/2017 10:18:43.808 __WiFiDeviceProcessDriverAvailableEvent: driver availability true, reason Initializing(0xe0821803), subreason (null)(0x0)
 1/11/2017 10:18:43.808 __WiFiManagerDispatchDeviceAvailable: driver availability true

 1/11/2017 10:18:43.810 __WiFiDeviceManagerAutoAssociate: Already connected to DIGI-146A.
 1/11/2017 10:18:43.810 WiFiAWDManagerSubmitMetric: metric container could not be generated for metric id <0x9000e>
 1/11/2017 10:18:43.811 __WiFiDeviceManagerAutoAssociate: Already connected to DIGI-146A.
 1/11/2017 10:18:43.813 No Change in Background Scan Networks, Skip Re-Programming Background Scan

 1/11/2017 10:18:43.893 __WiFiManagerCellularTransmitCallback_block_invoke: Cellular Transmit Started = FALSE
 1/11/2017 10:18:44.141 apsd[273] is a wow client
 1/11/2017 10:18:44.141 WoW is Enabled, 1 WoW Clients
 1/11/2017 10:18:44.168 Disable WoW requested by "apsd"
 1/11/2017 10:18:44.168 WoW Capable = YES, Attempting to disable WoW and enable LPAS 
 1/11/2017 10:18:44.169 Setting WoW params to <CFBasicHash 0x14cfcb170 [0x1a0950150]>{type = immutable dict, count = 3,
entries =>
	0 : <CFString 0x100175960 [0x1a0950150]>{contents = "IO80211InterfaceEnableLowPwrAssocMode"} = <CFBoolean 0x1a09506c8 [0x1a0950150]>{value = true}
	1 : <CFString 0x100175940 [0x1a0950150]>{contents = "IO80211InterfaceEnableWoW"} = <CFBoolean 0x1a09506d8 [0x1a0950150]>{value = false}
	2 : <CFString 0x100185ae0 [0x1a0950150]>{contents = "IO80211InterfaceEnableWoWOnCaptive"} = <CFBoolean 0x1a09506d8 [0x1a0950150]>{value = false}
}

 1/11/2017 10:18:44.172 WiFiDeviceRequestAssociatedSleep: ActiveDuringSleepRequested is already set (<CFBasicHash 0x14cd91390 [0x1a0950150]>{type = immutable dict, count = 0,
entries =>
}
).
 1/11/2017 10:18:44.173 WoW Disabled, 0 WoW Clients, lpas is Enabled, WoW Override is Disabled, Captive Disabled
 1/11/2017 10:18:44.173 Unable to dispatch WowStateChanged message to client dataaccessd (268435460)
 1/11/2017 10:18:44.174 Unable to dispatch WowStateChanged message to client itunesstored (268435460)
 1/11/2017 10:18:44.174 Unable to dispatch WowStateChanged message to client mediaserverd (268435460)
 1/11/2017 10:18:44.175 Unable to dispatch WowStateChanged message to client MobileMail (268435460)
 1/11/2017 10:18:44.175 Unable to dispatch WowStateChanged message to client profiled (268435460)
 1/11/2017 10:18:44.176 Unable to dispatch WowStateChanged message to client assistantd (268435460)
 1/11/2017 10:18:44.176 WoW is Disabled, 0 WoW Clients
 1/11/2017 10:18:44.176 WoW is Disabled, 0 WoW Clients
 1/11/2017 10:18:44.178 WoW is Disabled, 0 WoW Clients
 1/11/2017 10:18:49.170 Client apsd set type to normal application
 1/11/2017 10:18:49.170 __WiFiManagerSetEnableState: state TRUE, manager->enable.setting TRUE, manager->unlockedSinceBoot TRUE
 1/11/2017 10:18:49.170 BG Application: Not Present, BG Daemon: Present. Daemons: mediaserverd 
 1/11/2017 10:18:49.226 Received kIOMessageSystemWillSleep
 1/11/2017 10:18:49.226 System Sleep notification, Disabling auto-join
 1/11/2017 10:18:49.226 __WiFiManagerSetEnableState: state FALSE, manager->enable.setting TRUE, manager->unlockedSinceBoot TRUE
 1/11/2017 10:18:49.226 Disabling automatic association
 1/11/2017 10:18:49.252 WoW is Disabled, 0 WoW Clients
 1/11/2017 10:18:49.370 __WiFiDeviceCopyLinkChangedSubReasonString: Apple80211ReturnToString failed 1
 1/11/2017 10:18:49.370 __WiFiDeviceProcessDriverAvailableEvent: driver availability false, reason PowerOff(0xe0821804), subreason (null)(0x0)
 1/11/2017 10:18:49.370 __WiFiManagerDispatchDeviceAvailable: driver availability false

 1/11/2017 10:18:49.371 WiFiAWDManagerSubmitMetric: metric container could not be generated for metric id <0x9000e>
 1/11/2017 10:18:49.373 __WiFiDeviceManagerAwdlAvailableCallback: AWDL availability changed to FALSE
 1/11/2017 10:18:49.376 WoW is Disabled, 0 WoW Clients
 1/11/2017 10:23:50.503 Received kIOMessageSystemWillPowerOn
 1/11/2017 10:23:50.503 System wake reason: AOP.ExternalReq wlan
 1/11/2017 10:23:50.503 System Powered ON notification Re-enabling auto-join
 1/11/2017 10:23:50.503 __WiFiManagerSetEnableState: state TRUE, manager->enable.setting TRUE, manager->unlockedSinceBoot TRUE
 1/11/2017 10:23:50.503 Enabling automatic association
 1/11/2017 10:23:50.504 __WiFiDeviceManagerAutoAssociate: Already connected to DIGI-146A.
 1/11/2017 10:23:50.504 WiFiLocaleManagerCheckLocale: location service or wifi is off, set locale to default
 1/11/2017 10:23:50.504 new locale:  , locale: 
 1/11/2017 10:23:50.509 __WiFiDeviceManagerAwdlAvailableCallback: AWDL availability changed to TRUE
 1/11/2017 10:23:50.510 __WiFiDeviceProcessDumpLogsEvent: Dump logs event received, dumped wifid log buffer to file
