12/19/2016  9:50:02.385 __WiFiManagerCellularTransmitCallback_block_invoke: Cellular Transmit Started = FALSE
12/19/2016  9:50:03.625 __WiFiManagerCellularTransmitCallback_block_invoke: Cellular Transmit Started = TRUE
12/19/2016  9:50:04.900 High bw cellular data available, so WiFi would disconnect under low signal quality
12/19/2016  9:50:04.900 WiFiLQAMgrSetWiFiFallBackPref: LQAManager WiFiFallBackPreference disabled 
12/19/2016  9:50:05.157 __WiFiManagerCellularTransmitCallback_block_invoke: Cellular Transmit Started = FALSE
12/19/2016  9:50:06.241 __WiFiManagerCellularTransmitCallback_block_invoke: Cellular Transmit Started = TRUE
12/19/2016  9:50:59.759 WiFiLocaleManagerCheckLocale: location service or wifi is off, set locale to default
12/19/2016  9:50:59.759 new locale:  , locale: 
12/19/2016  9:51:19.877 __WiFiManagerCellularTransmitCallback_block_invoke: Cellular Transmit Started = FALSE
12/19/2016  9:51:50.391 DeviceClient["WirelessRadioMan"] setCoexParameters["MWS_Blacklisted_Channels"] = <CFArray 0x14cd71380 [0x1a0950150]>{type = mutable-small, count = 12, values = (
	0 : <CFBasicHash 0x14cd31040 [0x1a0950150]>{type = mutable dict, count = 1,
entries =>
	2 : <CFString 0x14cd362a0 [0x1a0950150]>{contents = "MWS_Channel_Number"} = <CFNumber 0xb000000000000013 [0x1a0950150]>{value = +1, type = kCFNumberSInt64Type}
}

	1 : <CFBasicHash 0x14cd791f0 [0x1a0950150]>{type = mutable dict, count = 1,
entries =>
	2 : <CFString 0x14cd362a0 [0x1a0950150]>{contents = "MWS_Channel_Number"} = <CFNumber 0xb000000000000023 [0x1a0950150]>{value = +2, type = kCFNumberSInt64Type}
}

	2 : <CFBasicHash 0x14cd33a40 [0x1a0950150]>{type = mutable dict, count = 1,
entries =>
	2 : <CFString 0x14cd362a0 [0x1a0950150]>{contents = "MWS_Channel_Number"} = <CFNumber 0xb000000000000033 [0x1a0950150]>{value = +3, type = kCFNumberSInt64Type}
}

	3 : <CFBasicHash 0x14cd6ead0 [0x1a0950150]>{type = mutable dict, count = 1,
entries =>
	2 : <CFString 0x14cd362a0 [0x1a0950150]>{contents = "MWS_Channel_Number"} = <CFNumber 0xb000000000000043 [0x1a0950150]>{value = +4, type = kCFNumberSInt64Type}
}

	4 : <CFBasicHash 0x14cd67c50 [0x1a0950150]>{type = mutable dict, count = 1,
entries =>
	2 : <CFString 0x14cd362a0 [0x1a0950150]>{contents = "MWS_Channel_Number"} = <CFNumber 0xb000000000000053 [0x1a0950150]>{value = +5, type = kCFNumberSInt64Type}
}

	5 : <CFBasicHash 0x14cd78f20 [0x1a0950150]>{type = mutable dict, count = 1,
entries =>
	2 : <CFString 0x14cd362a0 [0x1a0950150]>{contents = "MWS_Channel_Number"} = <CFNumber 0xb000000000000063 [0x1a0950150]>{value = +6, type = kCFNumberSInt64Type}
}

	6 : <CFBasicHash 0x14cd33bf0 [0x1a0950150]>{type = mutable dict, count = 1,
entries =>
	2 : <CFString 0x14cd362a0 [0x1a0950150]>{contents = "MWS_Channel_Number"} = <CFNumber 0xb000000000000073 [0x1a0950150]>{value = +7, type = kCFNumberSInt64Type}
}

	7 : <CFBasicHash 0x14cd7d670 [0x1a0950150]>{type = mutable dict, count = 1,
entries =>
	2 : <CFString 0x14cd362a0 [0x1a0950150]>{contents = "MWS_Channel_Number"} = <CFNumber 0xb000000000000083 [0x1a0950150]>{value = +8, type = kCFNumberSInt64Type}
}

	8 : <CFBasicHash 0x14cd7d6f0 [0x1a0950150]>{type = mutable dict, count = 1,
entries =>
	2 : <CFString 0x14cd362a0 [0x1a0950150]>{contents = "MWS_Channel_Number"} = <CFNumber 0xb000000000000093 [0x1a0950150]>{value = +9, type = kCFNumberSInt64Type}
}

	9 : <CFBasicHash 0x14cd78940 [0x1a0950150]>{type = mutable dict, count = 1,
entries =>
	2 : <CFString 0x14cd362a0 [0x1a0950150]>{contents = "MWS_Channel_Number"} = <CFNumber 0xb0000000000000a3 [0x1a0950150]>{value = +10, type = kCFNumberSInt64Type}
}

	10 : <CFBasicHash 0x14cd33480 [0x1a0950150]>{type = mutable dict, count = 1,
entries =>
	2 : <CFString 0x14cd362a0 [0x1a0950150]>{contents = "MWS_Channel_Number"} = <CFNumber 0xb0000000000000c3 [0x1a0950150]>{value = +12, type = kCFNumberSInt64Type}
}

	11 : <CFBasicHash 0x14cd33500 [0x1a0950150]>{type = mutable dict, count = 1,
entries =>
	2 : <CFString 0x14cd362a0 [0x1a0950150]>{contents = "MWS_Channel_Number"} = <CFNumber 0xb0000000000000d3 [0x1a0950150]>{value = +13, type = kCFNumberSInt64Type}
}

)}
12/19/2016  9:51:50.420 __WiFiManagerCellularTransmitCallback_block_invoke: Cellular Transmit Started = TRUE
12/19/2016  9:51:51.069 __WiFiManagerCellularTransmitCallback_block_invoke: Cellular Transmit Started = FALSE
12/19/2016  9:51:53.691 __WiFiManagerCellularTransmitCallback_block_invoke: Cellular Transmit Started = TRUE
12/19/2016  9:52:01.347 WoW is Disabled, 0 WoW Clients
12/19/2016  9:52:08.224 __WiFiManagerCellularTransmitCallback_block_invoke: Cellular Transmit Started = FALSE
12/19/2016  9:52:09.686 __WiFiManagerCellularTransmitCallback_block_invoke: Cellular Transmit Started = TRUE
12/19/2016  9:52:14.574 __WiFiManagerCellularTransmitCallback_block_invoke: Cellular Transmit Started = FALSE
12/19/2016  9:52:17.445 __WiFiManagerCellularTransmitCallback_block_invoke: Cellular Transmit Started = TRUE
12/19/2016  9:52:25.722 DeviceClient["WirelessRadioMan"] setCoexParameters["MWS_Blacklisted_Channels"] = <CFArray 0x14cd0dab0 [0x1a0950150]>{type = mutable-small, count = 5, values = (
	0 : <CFBasicHash 0x14cd61d40 [0x1a0950150]>{type = mutable dict, count = 1,
entries =>
	2 : <CFString 0x14cd67720 [0x1a0950150]>{contents = "MWS_Channel_Number"} = <CFNumber 0xb000000000000093 [0x1a0950150]>{value = +9, type = kCFNumberSInt64Type}
}

	1 : <CFBasicHash 0x14cd2e500 [0x1a0950150]>{type = mutable dict, count = 1,
entries =>
	2 : <CFString 0x14cd67720 [0x1a0950150]>{contents = "MWS_Channel_Number"} = <CFNumber 0xb0000000000000a3 [0x1a0950150]>{value = +10, type = kCFNumberSInt64Type}
}

	2 : <CFBasicHash 0x14cd301f0 [0x1a0950150]>{type = mutable dict, count = 1,
entries =>
	2 : <CFString 0x14cd67720 [0x1a0950150]>{contents = "MWS_Channel_Number"} = <CFNumber 0xb0000000000000b3 [0x1a0950150]>{value = +11, type = kCFNumberSInt64Type}
}

	3 : <CFBasicHash 0x14cd5bf80 [0x1a0950150]>{type = mutable dict, count = 1,
entries =>
	2 : <CFString 0x14cd67720 [0x1a0950150]>{contents = "MWS_Channel_Number"} = <CFNumber 0xb0000000000000c3 [0x1a0950150]>{value = +12, type = kCFNumberSInt64Type}
}

	4 : <CFBasicHash 0x14cd718d0 [0x1a0950150]>{type = mutable dict, count = 1,
entries =>
	2 : <CFString 0x14cd67720 [0x1a0950150]>{contents = "MWS_Channel_Number"} = <CFNumber 0xb0000000000000d3 [0x1a0950150]>{value = +13, type = kCFNumberSInt64Type}
}

)}
12/19/2016  9:52:26.256 __WiFiManagerCellularTransmitCallback_block_invoke: Cellular Transmit Started = FALSE
12/19/2016  9:52:28.303 Low bw cellular data available, so WiFi would stay connected under low signal quality
12/19/2016  9:52:28.303 WiFiLQAMgrSetWiFiFallBackPref: LQAManager WiFiFallBackPreference enabled 
12/19/2016  9:52:29.155 __WiFiManagerCellularTransmitCallback_block_invoke: Cellular Transmit Started = TRUE
12/19/2016  9:52:40.188 __WiFiDeviceProcessSTAArriveEvent: staNum 4
12/19/2016  9:52:40.188 WiFiAWDManagerSubmitMetric: metric container could not be generated for metric id <0x90006>
12/19/2016  9:52:40.188 MIS STA Associated: 4 associated clients
12/19/2016  9:52:40.199 WiFiDeviceManagerSetMISMaxStaNumber: Additional tethering clients allowed: 1
12/19/2016  9:52:40.207 WiFiAWDManagerSubmitMetric: metric container could not be generated for metric id <0x90005>
12/19/2016  9:52:40.207 MIS is already Enabled on ap1
12/19/2016  9:52:40.209 MIS Discovery is Disabled
12/19/2016  9:52:47.366 __WiFiManagerCellularTransmitCallback_block_invoke: Cellular Transmit Started = FALSE
12/19/2016  9:52:48.676 __WiFiManagerCellularTransmitCallback_block_invoke: Cellular Transmit Started = TRUE
12/19/2016  9:52:50.075 High bw cellular data available, so WiFi would disconnect under low signal quality
12/19/2016  9:52:50.077 WiFiLQAMgrSetWiFiFallBackPref: LQAManager WiFiFallBackPreference disabled 
12/19/2016  9:52:59.754 WiFiLocaleManagerCheckLocale: location service or wifi is off, set locale to default
12/19/2016  9:52:59.754 new locale:  , locale: 
12/19/2016  9:53:56.661 __WiFiDeviceProcessSTALeaveEvent: staNum 3
12/19/2016  9:53:56.664 MIS STA Disassociated: 3 associated clients
12/19/2016  9:53:56.669 WiFiDeviceManagerSetMISMaxStaNumber: Additional tethering clients allowed: 2
12/19/2016  9:53:56.671 MIS is already Enabled on ap1
12/19/2016  9:53:56.675 MIS Discovery is Disabled
12/19/2016  9:54:59.759 WiFiLocaleManagerCheckLocale: location service or wifi is off, set locale to default
12/19/2016  9:54:59.759 new locale:  , locale: 
12/19/2016  9:55:00.551 __WiFiDeviceProcessDumpLogsEvent: Dump logs event received, dumped wifid log buffer to file
