12/23/2016 21:57:53.951 __WiFiDeviceProcessDriverAvailableEvent: driver availability false, reason Watchdog(0xe0823801), subreason BCMWLAN Chip Trap(0xe3ff8201)
12/23/2016 21:57:53.951 __WiFiManagerDispatchDeviceAvailable: driver availability false

12/23/2016 21:57:53.953 __WiFiDeviceManagerAvailableCallback: MIS is in session. Driver is unavailable. Starting recovery timer!
12/23/2016 21:57:53.958 WiFiAWDManagerSubmitMetric: metric container could not be generated for metric id <0x9000e>
12/23/2016 21:57:54.043 __WiFiDeviceProcessSTALeaveEvent: staNum 0
12/23/2016 21:57:54.050 MIS STA Disassociated: 0 associated clients
12/23/2016 21:57:54.050 __WiFiDeviceManagerSTALeaveCallback: Starting MIS idle timer
12/23/2016 21:57:54.059 WiFiDeviceManagerSetMISMaxStaNumber: Additional tethering clients allowed: 5
12/23/2016 21:57:54.061 MIS is already Enabled on ap1
12/23/2016 21:57:54.061 Auto association attempt canceled because MIS is enabled. MIS client count: wifi=0 bt=0
12/23/2016 21:57:54.062 Completed Apple80211ScanAsync on en0 (0x0)
12/23/2016 21:57:54.062 Async scan request completed for "locationd" (0)
12/23/2016 21:57:54.064 MIS Discovery is Disabled
12/23/2016 21:57:54.066 Async scan requested by "locationd" for 1 iterations with maxage=0 priority normal on en0
12/23/2016 21:57:54.067 Enqueuing command type: "Scan" pending commands: 0
12/23/2016 21:57:54.067 Dequeuing command type: "Scan" pending commands: 0
12/23/2016 21:57:54.067 Attempting Apple80211ScanAsync on en0
12/23/2016 21:57:54.067 Completed Apple80211ScanAsync on en0 (0xe0823802)
12/23/2016 21:57:54.067 Async scan request completed for "locationd" (-528336894)
12/23/2016 21:57:55.033 __WiFiDeviceManagerAwdlAvailableCallback: AWDL availability changed to TRUE
12/23/2016 21:57:55.034 __WiFiDeviceCopyLinkChangedSubReasonString: Apple80211ReturnToString failed 1
12/23/2016 21:57:55.034 __WiFiDeviceProcessDriverAvailableEvent: driver availability true, reason Initializing(0xe0821803), subreason (null)(0x0)
12/23/2016 21:57:55.034 __WiFiManagerDispatchDeviceAvailable: driver availability true

12/23/2016 21:57:55.036 __WiFiDeviceManagerAvailableCallback: MIS is in recovery. Driver is available. Restarting MIS network!
12/23/2016 21:57:55.056 MIS in recovery. Using previously selected channel.
12/23/2016 21:57:55.057 __WiFiDeviceManagerStartMISSession: Detected non-NULL misSession
12/23/2016 21:57:55.075 Preparing MIS Network Configuration Parameters
12/23/2016 21:57:55.086 Using SSID Filip's iPhone for MIS Session, SSID Length = 14
12/23/2016 21:57:55.086 MIS SSID: Filip's iPhone
12/23/2016 21:57:55.087 Enqueuing command type: "Start WiFiDirect Group" pending commands: 0
12/23/2016 21:57:55.087 Auto association attempt canceled because MIS is enabled. MIS client count: wifi=0 bt=0
12/23/2016 21:57:55.087 WiFiAWDManagerSubmitMetric: metric container could not be generated for metric id <0x9000e>
12/23/2016 21:57:55.089 Dequeuing command type: "Start WiFiDirect Group" pending commands: 0
12/23/2016 21:57:55.143 __WiFiDeviceManagerAwdlAvailableCallback: AWDL availability changed to FALSE
12/23/2016 21:57:55.313 Successfully started WiFi Direct Group
12/23/2016 21:57:55.316 _WiFiDeviceManagerStartMISCallback err=0, network=Filip's iPhone state=2
12/23/2016 21:57:55.317 __WiFiDeviceManagerStartMISSessionCallback: MIS successfully restarted.
12/23/2016 21:57:55.317 __WiFiDeviceManagerHostApStateChangedEventCallback: hostAP started
12/23/2016 21:57:55.317 __WiFiClientDispatchEvent: host ap event dispatched to sharingd , eventmask 0x80000 , mask 0x80000
12/23/2016 21:57:55.318 __WiFiClientDispatchEvent: host ap event dispatched to WirelessRadioMan , eventmask 0x180002 , mask 0x80000
12/23/2016 21:57:55.321 Creating client for "sharingd"
12/23/2016 21:57:55.324 sharingd requesting removal of BGScan networks
12/23/2016 21:57:55.325 No Change in Background Scan Networks, Skip Re-Programming Background Scan

12/23/2016 21:57:55.325 __WiFiManagerSetEnableState: state TRUE, manager->enable.setting TRUE, manager->unlockedSinceBoot TRUE
12/23/2016 21:57:55.325 Removing client for "sharingd"
12/23/2016 21:57:55.325 Creating client for "sharingd"
12/23/2016 21:57:55.328 sharingd requesting removal of BGScan networks
12/23/2016 21:57:55.329 No Change in Background Scan Networks, Skip Re-Programming Background Scan

12/23/2016 21:57:55.329 __WiFiManagerSetEnableState: state TRUE, manager->enable.setting TRUE, manager->unlockedSinceBoot TRUE
12/23/2016 21:57:55.329 Removing client for "sharingd"
12/23/2016 21:57:56.157 __WiFiDeviceProcessSTAArriveEvent: staNum 1
12/23/2016 21:57:56.157 WiFiAWDManagerSubmitMetric: metric container could not be generated for metric id <0x90006>
12/23/2016 21:57:56.157 MIS STA Associated: 1 associated clients
12/23/2016 21:57:56.164 WiFiDeviceManagerSetMISMaxStaNumber: Additional tethering clients allowed: 4
12/23/2016 21:57:56.167 WiFiAWDManagerSubmitMetric: metric container could not be generated for metric id <0x90005>
12/23/2016 21:57:56.168 MIS is already Enabled on ap1
12/23/2016 21:57:56.171 MIS Discovery is Disabled
12/23/2016 21:58:00.074 Async scan requested by "locationd" for 1 iterations with maxage=0 priority normal on en0
12/23/2016 21:58:00.074 Enqueuing command type: "Scan" pending commands: 0
12/23/2016 21:58:00.074 Dequeuing command type: "Scan" pending commands: 0
12/23/2016 21:58:00.074 Attempting Apple80211ScanAsync on en0
12/23/2016 21:58:00.460 Completed Apple80211ScanAsync on en0 (0x0)
12/23/2016 21:58:00.461 Async scan request completed for "locationd" (0)
12/23/2016 21:58:00.465 Async scan requested by "locationd" for 1 iterations with maxage=0 priority normal on en0
12/23/2016 21:58:00.465 Enqueuing command type: "Scan" pending commands: 0
12/23/2016 21:58:00.465 Dequeuing command type: "Scan" pending commands: 0
12/23/2016 21:58:00.465 Attempting Apple80211ScanAsync on en0
12/23/2016 21:58:02.012 Completed Apple80211ScanAsync on en0 (0x0)
12/23/2016 21:58:02.014 Async scan request completed for "locationd" (0)
12/23/2016 21:58:03.199 __WiFiDeviceProcessSTAArriveEvent: staNum 2
12/23/2016 21:58:03.199 WiFiAWDManagerSubmitMetric: metric container could not be generated for metric id <0x90006>
12/23/2016 21:58:03.199 MIS STA Associated: 2 associated clients
12/23/2016 21:58:03.207 WiFiDeviceManagerSetMISMaxStaNumber: Additional tethering clients allowed: 3
12/23/2016 21:58:03.209 WiFiAWDManagerSubmitMetric: metric container could not be generated for metric id <0x90005>
12/23/2016 21:58:03.209 MIS is already Enabled on ap1
12/23/2016 21:58:03.211 MIS Discovery is Disabled
12/23/2016 21:58:03.324 __WiFiDeviceProcessSTAArriveEvent: staNum 3
12/23/2016 21:58:03.324 WiFiAWDManagerSubmitMetric: metric container could not be generated for metric id <0x90006>
12/23/2016 21:58:03.324 MIS STA Associated: 3 associated clients
12/23/2016 21:58:03.331 WiFiDeviceManagerSetMISMaxStaNumber: Additional tethering clients allowed: 2
12/23/2016 21:58:03.333 WiFiAWDManagerSubmitMetric: metric container could not be generated for metric id <0x90005>
12/23/2016 21:58:03.334 MIS is already Enabled on ap1
12/23/2016 21:58:03.337 MIS Discovery is Disabled
12/23/2016 21:58:03.363 __WiFiDeviceProcessSTALeaveEvent: staNum 2
12/23/2016 21:58:03.365 MIS STA Disassociated: 2 associated clients
12/23/2016 21:58:03.369 WiFiDeviceManagerSetMISMaxStaNumber: Additional tethering clients allowed: 3
12/23/2016 21:58:03.371 MIS is already Enabled on ap1
12/23/2016 21:58:03.374 MIS Discovery is Disabled
12/23/2016 21:58:06.468 Async scan requested by "locationd" for 1 iterations with maxage=0 priority normal on en0
12/23/2016 21:58:06.468 Enqueuing command type: "Scan" pending commands: 0
12/23/2016 21:58:06.468 Dequeuing command type: "Scan" pending commands: 0
12/23/2016 21:58:06.468 Attempting Apple80211ScanAsync on en0
12/23/2016 21:58:06.850 Completed Apple80211ScanAsync on en0 (0x0)
12/23/2016 21:58:06.851 Async scan request completed for "locationd" (0)
12/23/2016 21:58:06.863 Async scan requested by "locationd" for 1 iterations with maxage=0 priority normal on en0
12/23/2016 21:58:06.863 Enqueuing command type: "Scan" pending commands: 0
12/23/2016 21:58:06.863 Dequeuing command type: "Scan" pending commands: 0
12/23/2016 21:58:06.863 Attempting Apple80211ScanAsync on en0
12/23/2016 21:58:08.404 Completed Apple80211ScanAsync on en0 (0x0)
12/23/2016 21:58:08.406 Async scan request completed for "locationd" (0)
12/23/2016 21:58:12.866 Async scan requested by "locationd" for 1 iterations with maxage=0 priority normal on en0
12/23/2016 21:58:12.866 Enqueuing command type: "Scan" pending commands: 0
12/23/2016 21:58:12.866 Dequeuing command type: "Scan" pending commands: 0
12/23/2016 21:58:12.866 Attempting Apple80211ScanAsync on en0
12/23/2016 21:58:13.252 Completed Apple80211ScanAsync on en0 (0x0)
12/23/2016 21:58:13.253 Async scan request completed for "locationd" (0)
12/23/2016 21:58:13.257 Async scan requested by "locationd" for 1 iterations with maxage=0 priority normal on en0
12/23/2016 21:58:13.257 Enqueuing command type: "Scan" pending commands: 0
12/23/2016 21:58:13.257 Dequeuing command type: "Scan" pending commands: 0
12/23/2016 21:58:13.257 Attempting Apple80211ScanAsync on en0
12/23/2016 21:58:14.806 Completed Apple80211ScanAsync on en0 (0x0)
12/23/2016 21:58:14.807 Async scan request completed for "locationd" (0)
12/23/2016 21:58:19.262 Async scan requested by "locationd" for 1 iterations with maxage=0 priority normal on en0
12/23/2016 21:58:19.262 Enqueuing command type: "Scan" pending commands: 0
12/23/2016 21:58:19.262 Dequeuing command type: "Scan" pending commands: 0
12/23/2016 21:58:19.262 Attempting Apple80211ScanAsync on en0
12/23/2016 21:58:19.647 Completed Apple80211ScanAsync on en0 (0x0)
12/23/2016 21:58:19.648 Async scan request completed for "locationd" (0)
12/23/2016 21:58:19.652 Async scan requested by "locationd" for 1 iterations with maxage=0 priority normal on en0
12/23/2016 21:58:19.653 Enqueuing command type: "Scan" pending commands: 0
12/23/2016 21:58:19.653 Dequeuing command type: "Scan" pending commands: 0
12/23/2016 21:58:19.653 Attempting Apple80211ScanAsync on en0
12/23/2016 21:58:21.198 Completed Apple80211ScanAsync on en0 (0x0)
12/23/2016 21:58:21.200 Async scan request completed for "locationd" (0)
12/23/2016 21:58:25.657 Async scan requested by "locationd" for 1 iterations with maxage=0 priority normal on en0
12/23/2016 21:58:25.657 Enqueuing command type: "Scan" pending commands: 0
12/23/2016 21:58:25.658 Dequeuing command type: "Scan" pending commands: 0
12/23/2016 21:58:25.658 Attempting Apple80211ScanAsync on en0
12/23/2016 21:58:26.041 Completed Apple80211ScanAsync on en0 (0x0)
12/23/2016 21:58:26.042 Async scan request completed for "locationd" (0)
12/23/2016 21:58:26.046 Async scan requested by "locationd" for 1 iterations with maxage=0 priority normal on en0
12/23/2016 21:58:26.046 Enqueuing command type: "Scan" pending commands: 0
12/23/2016 21:58:26.046 Dequeuing command type: "Scan" pending commands: 0
12/23/2016 21:58:26.046 Attempting Apple80211ScanAsync on en0
12/23/2016 21:58:27.588 Completed Apple80211ScanAsync on en0 (0x0)
12/23/2016 21:58:27.590 Async scan request completed for "locationd" (0)
12/23/2016 21:58:32.051 Async scan requested by "locationd" for 1 iterations with maxage=0 priority normal on en0
12/23/2016 21:58:32.051 Enqueuing command type: "Scan" pending commands: 0
12/23/2016 21:58:32.051 Dequeuing command type: "Scan" pending commands: 0
12/23/2016 21:58:32.051 Attempting Apple80211ScanAsync on en0
12/23/2016 21:58:32.438 Completed Apple80211ScanAsync on en0 (0x0)
12/23/2016 21:58:32.439 Async scan request completed for "locationd" (0)
12/23/2016 21:58:32.443 Async scan requested by "locationd" for 1 iterations with maxage=0 priority normal on en0
12/23/2016 21:58:32.443 Enqueuing command type: "Scan" pending commands: 0
12/23/2016 21:58:32.443 Dequeuing command type: "Scan" pending commands: 0
12/23/2016 21:58:32.443 Attempting Apple80211ScanAsync on en0
12/23/2016 21:58:33.991 Completed Apple80211ScanAsync on en0 (0x0)
12/23/2016 21:58:33.992 Async scan request completed for "locationd" (0)
12/23/2016 21:58:35.558 __WiFiDeviceProcessSTAArriveEvent: staNum 3
12/23/2016 21:58:35.558 WiFiAWDManagerSubmitMetric: metric container could not be generated for metric id <0x90006>
12/23/2016 21:58:35.558 MIS STA Associated: 3 associated clients
12/23/2016 21:58:35.566 WiFiDeviceManagerSetMISMaxStaNumber: Additional tethering clients allowed: 2
12/23/2016 21:58:35.568 WiFiAWDManagerSubmitMetric: metric container could not be generated for metric id <0x90005>
12/23/2016 21:58:35.568 MIS is already Enabled on ap1
12/23/2016 21:58:35.572 MIS Discovery is Disabled
12/23/2016 21:58:38.448 Async scan requested by "locationd" for 1 iterations with maxage=0 priority normal on en0
12/23/2016 21:58:38.448 Enqueuing command type: "Scan" pending commands: 0
12/23/2016 21:58:38.448 Dequeuing command type: "Scan" pending commands: 0
12/23/2016 21:58:38.448 Attempting Apple80211ScanAsync on en0
12/23/2016 21:58:38.833 Completed Apple80211ScanAsync on en0 (0x0)
12/23/2016 21:58:38.834 Async scan request completed for "locationd" (0)
12/23/2016 21:58:38.837 Async scan requested by "locationd" for 1 iterations with maxage=0 priority normal on en0
12/23/2016 21:58:38.837 Enqueuing command type: "Scan" pending commands: 0
12/23/2016 21:58:38.837 Dequeuing command type: "Scan" pending commands: 0
12/23/2016 21:58:38.837 Attempting Apple80211ScanAsync on en0
12/23/2016 21:58:40.384 Completed Apple80211ScanAsync on en0 (0x0)
12/23/2016 21:58:40.385 Async scan request completed for "locationd" (0)
12/23/2016 21:58:44.535 WiFiLocaleManagerCheckLocale: trying to determine locale...
12/23/2016 21:58:44.535 WiFiManagerCoreLocationGetCachedLocation: getting cached location...
12/23/2016 21:58:44.538 __WiFiLocaleManagerGetLocaleFromMcc: finding iso country code for mcc 216 ....
12/23/2016 21:58:44.538 WiFiLocationServiceManagerIsLocationValid: cachedLocationTimeout 120.000000 location age 120.000998secs, lifeSpan -1.000000 accuracy 165.000000(highAccReq 0), isValid 1
12/23/2016 21:58:44.538 WiFiLocationServiceManagerStartLowAccuracyMonitoring: Cached low accuracy location is valid
12/23/2016 21:58:44.538 WiFiLocationServiceManagerIsLocationValid: cachedLocationTimeout 120.000000 location age 120.001121secs, lifeSpan -1.000000 accuracy 165.000000(highAccReq 1), isValid 1
12/23/2016 21:58:44.539 WiFiLocationServiceManagerIsLocationValid: cachedLocationTimeout 120.000000 location age 120.001172secs, lifeSpan -1.000000 accuracy 165.000000(highAccReq 0), isValid 1
12/23/2016 21:58:44.539 __WiFiLocationServiceManagerProcessLocationAvailableEvent: isValidHighAccuracyLocation 1,  isValidLowAccuracyLocation 1
12/23/2016 21:58:44.539 __WiFiLocationServiceManagerProcessLocationAvailableEvent: give low accuracy callback
12/23/2016 21:58:44.540 __WiFiLocaleManagerGetLocaleFromLocation: <+46.99407857,+19.60791247> +/- 165.00m (speed -1.00 mps / course -1.00) @ 12/23/16, 9:56:44 PM Central European Standard Time
12/23/2016 21:58:44.540 locale from bounding box 
12/23/2016 21:58:44.540 new locale:  , locale: 
12/23/2016 21:58:44.540 Stopping Low Accuracy Location Monitoring
12/23/2016 21:58:44.540 CLMonitoring is already stopped
12/23/2016 21:58:44.540 Stopping Low Accuracy Location Monitoring
12/23/2016 21:58:44.541 CLMonitoring is already stopped
12/23/2016 21:58:44.548 __WiFiLocationServiceManagerEventCallback, got cb dict {
    eventType = 0;
    location = "<+46.98593285,+19.61229704> +/- 3000.00m (speed -1.00 mps / course -1.00) @ 12/23/16, 9:58:44 PM Central European Standard Time";
}
12/23/2016 21:58:44.549 WiFiLocationServiceManagerIsLocationValid: cachedLocationTimeout 120.000000 location age 0.007688secs, lifeSpan -1.000000 accuracy 3000.000000(highAccReq 1), isValid 0
12/23/2016 21:58:44.549 WiFiLocationServiceManagerIsLocationValid: cachedLocationTimeout 120.000000 location age 0.007749secs, lifeSpan -1.000000 accuracy 3000.000000(highAccReq 0), isValid 1
12/23/2016 21:58:44.549 __WiFiLocationServiceManagerProcessLocationAvailableEvent: isValidHighAccuracyLocation 0,  isValidLowAccuracyLocation 1
12/23/2016 21:58:44.842 Async scan requested by "locationd" for 1 iterations with maxage=0 priority normal on en0
12/23/2016 21:58:44.842 Enqueuing command type: "Scan" pending commands: 0
12/23/2016 21:58:44.842 Dequeuing command type: "Scan" pending commands: 0
12/23/2016 21:58:44.842 Attempting Apple80211ScanAsync on en0
12/23/2016 21:58:45.226 Completed Apple80211ScanAsync on en0 (0x0)
12/23/2016 21:58:45.227 Async scan request completed for "locationd" (0)
12/23/2016 21:58:45.232 Async scan requested by "locationd" for 1 iterations with maxage=0 priority normal on en0
12/23/2016 21:58:45.232 Enqueuing command type: "Scan" pending commands: 0
12/23/2016 21:58:45.232 Dequeuing command type: "Scan" pending commands: 0
12/23/2016 21:58:45.232 Attempting Apple80211ScanAsync on en0
12/23/2016 21:58:46.789 Completed Apple80211ScanAsync on en0 (0x0)
12/23/2016 21:58:46.791 Async scan request completed for "locationd" (0)
12/23/2016 21:58:51.234 Async scan requested by "locationd" for 1 iterations with maxage=0 priority normal on en0
12/23/2016 21:58:51.234 Enqueuing command type: "Scan" pending commands: 0
12/23/2016 21:58:51.234 Dequeuing command type: "Scan" pending commands: 0
12/23/2016 21:58:51.234 Attempting Apple80211ScanAsync on en0
12/23/2016 21:58:51.618 Completed Apple80211ScanAsync on en0 (0x0)
12/23/2016 21:58:51.619 Async scan request completed for "locationd" (0)
12/23/2016 21:58:51.632 Async scan requested by "locationd" for 1 iterations with maxage=0 priority normal on en0
12/23/2016 21:58:51.632 Enqueuing command type: "Scan" pending commands: 0
12/23/2016 21:58:51.632 Dequeuing command type: "Scan" pending commands: 0
12/23/2016 21:58:51.632 Attempting Apple80211ScanAsync on en0
12/23/2016 21:58:53.179 Completed Apple80211ScanAsync on en0 (0x0)
12/23/2016 21:58:53.179 Async scan request completed for "locationd" (0)
12/23/2016 21:58:57.630 Async scan requested by "locationd" for 1 iterations with maxage=0 priority normal on en0
12/23/2016 21:58:57.631 Enqueuing command type: "Scan" pending commands: 0
12/23/2016 21:58:57.631 Dequeuing command type: "Scan" pending commands: 0
12/23/2016 21:58:57.631 Attempting Apple80211ScanAsync on en0
12/23/2016 21:58:58.016 Completed Apple80211ScanAsync on en0 (0x0)
12/23/2016 21:58:58.018 Async scan request completed for "locationd" (0)
12/23/2016 21:58:58.022 Async scan requested by "locationd" for 1 iterations with maxage=0 priority normal on en0
12/23/2016 21:58:58.022 Enqueuing command type: "Scan" pending commands: 0
12/23/2016 21:58:58.022 Dequeuing command type: "Scan" pending commands: 0
12/23/2016 21:58:58.022 Attempting Apple80211ScanAsync on en0
12/23/2016 21:58:59.566 Completed Apple80211ScanAsync on en0 (0x0)
12/23/2016 21:58:59.567 Async scan request completed for "locationd" (0)
12/23/2016 21:59:02.368 DeviceClient["WirelessRadioMan"] setCoexParameters["MWS_Blacklisted_Channels"] = <CFArray 0x14cf60a20 [0x1a0950150]>{type = mutable-small, count = 5, values = (
	0 : <CFBasicHash 0x14cfcf860 [0x1a0950150]>{type = mutable dict, count = 1,
entries =>
	2 : <CFString 0x14cdada20 [0x1a0950150]>{contents = "MWS_Channel_Number"} = <CFNumber 0xb000000000000093 [0x1a0950150]>{value = +9, type = kCFNumberSInt64Type}
}

	1 : <CFBasicHash 0x14cd73490 [0x1a0950150]>{type = mutable dict, count = 1,
entries =>
	2 : <CFString 0x14cdada20 [0x1a0950150]>{contents = "MWS_Channel_Number"} = <CFNumber 0xb0000000000000a3 [0x1a0950150]>{value = +10, type = kCFNumberSInt64Type}
}

	2 : <CFBasicHash 0x14cd60600 [0x1a0950150]>{type = mutable dict, count = 1,
entries =>
	2 : <CFString 0x14cdada20 [0x1a0950150]>{contents = "MWS_Channel_Number"} = <CFNumber 0xb0000000000000b3 [0x1a0950150]>{value = +11, type = kCFNumberSInt64Type}
}

	3 : <CFBasicHash 0x14cf07c20 [0x1a0950150]>{type = mutable dict, count = 1,
entries =>
	2 : <CFString 0x14cdada20 [0x1a0950150]>{contents = "MWS_Channel_Number"} = <CFNumber 0xb0000000000000c3 [0x1a0950150]>{value = +12, type = kCFNumberSInt64Type}
}

	4 : <CFBasicHash 0x14cd7e6d0 [0x1a0950150]>{type = mutable dict, count = 1,
entries =>
	2 : <CFString 0x14cdada20 [0x1a0950150]>{contents = "MWS_Channel_Number"} = <CFNumber 0xb0000000000000d3 [0x1a0950150]>{value = +13, type = kCFNumberSInt64Type}
}

)}
12/23/2016 21:59:03.057 __WiFiManagerCellularTransmitCallback_block_invoke: Cellular Transmit Started = FALSE
12/23/2016 21:59:04.023 Async scan requested by "locationd" for 1 iterations with maxage=0 priority normal on en0
12/23/2016 21:59:04.023 Enqueuing command type: "Scan" pending commands: 0
12/23/2016 21:59:04.023 Dequeuing command type: "Scan" pending commands: 0
12/23/2016 21:59:04.023 Attempting Apple80211ScanAsync on en0
12/23/2016 21:59:04.408 Completed Apple80211ScanAsync on en0 (0x0)
12/23/2016 21:59:04.409 Async scan request completed for "locationd" (0)
12/23/2016 21:59:04.413 Async scan requested by "locationd" for 1 iterations with maxage=0 priority normal on en0
12/23/2016 21:59:04.413 Enqueuing command type: "Scan" pending commands: 0
12/23/2016 21:59:04.413 Dequeuing command type: "Scan" pending commands: 0
12/23/2016 21:59:04.413 Attempting Apple80211ScanAsync on en0
12/23/2016 21:59:04.929 Low bw cellular data available, so WiFi would stay connected under low signal quality
12/23/2016 21:59:04.937 WiFiLQAMgrSetWiFiFallBackPref: LQAManager WiFiFallBackPreference enabled 
12/23/2016 21:59:05.688 __WiFiManagerCellularTransmitCallback_block_invoke: Cellular Transmit Started = TRUE
12/23/2016 21:59:05.962 Completed Apple80211ScanAsync on en0 (0x0)
12/23/2016 21:59:05.964 Async scan request completed for "locationd" (0)
12/23/2016 21:59:10.414 Async scan requested by "locationd" for 1 iterations with maxage=0 priority normal on en0
12/23/2016 21:59:10.414 Enqueuing command type: "Scan" pending commands: 0
12/23/2016 21:59:10.414 Dequeuing command type: "Scan" pending commands: 0
12/23/2016 21:59:10.415 Attempting Apple80211ScanAsync on en0
12/23/2016 21:59:10.800 Completed Apple80211ScanAsync on en0 (0x0)
12/23/2016 21:59:10.801 Async scan request completed for "locationd" (0)
12/23/2016 21:59:10.805 Async scan requested by "locationd" for 1 iterations with maxage=0 priority normal on en0
12/23/2016 21:59:10.805 Enqueuing command type: "Scan" pending commands: 0
12/23/2016 21:59:10.805 Dequeuing command type: "Scan" pending commands: 0
12/23/2016 21:59:10.805 Attempting Apple80211ScanAsync on en0
12/23/2016 21:59:12.349 Completed Apple80211ScanAsync on en0 (0x0)
12/23/2016 21:59:12.351 Async scan request completed for "locationd" (0)
12/23/2016 21:59:16.810 Async scan requested by "locationd" for 1 iterations with maxage=0 priority normal on en0
12/23/2016 21:59:16.810 Enqueuing command type: "Scan" pending commands: 0
12/23/2016 21:59:16.810 Dequeuing command type: "Scan" pending commands: 0
12/23/2016 21:59:16.810 Attempting Apple80211ScanAsync on en0
12/23/2016 21:59:17.194 Completed Apple80211ScanAsync on en0 (0x0)
12/23/2016 21:59:17.195 Async scan request completed for "locationd" (0)
12/23/2016 21:59:17.199 Async scan requested by "locationd" for 1 iterations with maxage=0 priority normal on en0
12/23/2016 21:59:17.199 Enqueuing command type: "Scan" pending commands: 0
12/23/2016 21:59:17.200 Dequeuing command type: "Scan" pending commands: 0
12/23/2016 21:59:17.200 Attempting Apple80211ScanAsync on en0
12/23/2016 21:59:18.746 Completed Apple80211ScanAsync on en0 (0x0)
12/23/2016 21:59:18.747 Async scan request completed for "locationd" (0)
12/23/2016 21:59:23.204 Async scan requested by "locationd" for 1 iterations with maxage=0 priority normal on en0
12/23/2016 21:59:23.204 Enqueuing command type: "Scan" pending commands: 0
12/23/2016 21:59:23.204 Dequeuing command type: "Scan" pending commands: 0
12/23/2016 21:59:23.205 Attempting Apple80211ScanAsync on en0
12/23/2016 21:59:23.590 Completed Apple80211ScanAsync on en0 (0x0)
12/23/2016 21:59:23.591 Async scan request completed for "locationd" (0)
12/23/2016 21:59:23.595 Async scan requested by "locationd" for 1 iterations with maxage=0 priority normal on en0
12/23/2016 21:59:23.595 Enqueuing command type: "Scan" pending commands: 0
12/23/2016 21:59:23.595 Dequeuing command type: "Scan" pending commands: 0
12/23/2016 21:59:23.595 Attempting Apple80211ScanAsync on en0
12/23/2016 21:59:25.130 Completed Apple80211ScanAsync on en0 (0x0)
12/23/2016 21:59:25.131 Async scan request completed for "locationd" (0)
12/23/2016 21:59:29.597 Async scan requested by "locationd" for 1 iterations with maxage=0 priority normal on en0
12/23/2016 21:59:29.598 Enqueuing command type: "Scan" pending commands: 0
12/23/2016 21:59:29.598 Dequeuing command type: "Scan" pending commands: 0
12/23/2016 21:59:29.598 Attempting Apple80211ScanAsync on en0
12/23/2016 21:59:29.982 Completed Apple80211ScanAsync on en0 (0x0)
12/23/2016 21:59:29.983 Async scan request completed for "locationd" (0)
12/23/2016 21:59:29.986 Async scan requested by "locationd" for 1 iterations with maxage=0 priority normal on en0
12/23/2016 21:59:29.986 Enqueuing command type: "Scan" pending commands: 0
12/23/2016 21:59:29.986 Dequeuing command type: "Scan" pending commands: 0
12/23/2016 21:59:29.986 Attempting Apple80211ScanAsync on en0
12/23/2016 21:59:31.535 Completed Apple80211ScanAsync on en0 (0x0)
12/23/2016 21:59:31.536 Async scan request completed for "locationd" (0)
12/23/2016 21:59:35.992 Async scan requested by "locationd" for 1 iterations with maxage=0 priority normal on en0
12/23/2016 21:59:35.992 Enqueuing command type: "Scan" pending commands: 0
12/23/2016 21:59:35.992 Dequeuing command type: "Scan" pending commands: 0
12/23/2016 21:59:35.992 Attempting Apple80211ScanAsync on en0
12/23/2016 21:59:36.376 Completed Apple80211ScanAsync on en0 (0x0)
12/23/2016 21:59:36.377 Async scan request completed for "locationd" (0)
12/23/2016 21:59:36.380 Async scan requested by "locationd" for 1 iterations with maxage=0 priority normal on en0
12/23/2016 21:59:36.381 Enqueuing command type: "Scan" pending commands: 0
12/23/2016 21:59:36.381 Dequeuing command type: "Scan" pending commands: 0
12/23/2016 21:59:36.381 Attempting Apple80211ScanAsync on en0
12/23/2016 21:59:37.930 Completed Apple80211ScanAsync on en0 (0x0)
12/23/2016 21:59:37.931 Async scan request completed for "locationd" (0)
12/23/2016 21:59:41.572 __WiFiManagerCellularTransmitCallback_block_invoke: Cellular Transmit Started = FALSE
12/23/2016 21:59:41.891 DeviceClient["WirelessRadioMan"] setCoexParameters["MWS_Blacklisted_Channels"] = <CFArray 0x14cd92ac0 [0x1a0950150]>{type = mutable-small, count = 12, values = (
	0 : <CFBasicHash 0x14cf289b0 [0x1a0950150]>{type = mutable dict, count = 1,
entries =>
	2 : <CFString 0x14cfb71f0 [0x1a0950150]>{contents = "MWS_Channel_Number"} = <CFNumber 0xb000000000000013 [0x1a0950150]>{value = +1, type = kCFNumberSInt64Type}
}

	1 : <CFBasicHash 0x14cd77880 [0x1a0950150]>{type = mutable dict, count = 1,
entries =>
	2 : <CFString 0x14cfb71f0 [0x1a0950150]>{contents = "MWS_Channel_Number"} = <CFNumber 0xb000000000000023 [0x1a0950150]>{value = +2, type = kCFNumberSInt64Type}
}

	2 : <CFBasicHash 0x14cf26970 [0x1a0950150]>{type = mutable dict, count = 1,
entries =>
	2 : <CFString 0x14cfb71f0 [0x1a0950150]>{contents = "MWS_Channel_Number"} = <CFNumber 0xb000000000000033 [0x1a0950150]>{value = +3, type = kCFNumberSInt64Type}
}

	3 : <CFBasicHash 0x14cd84570 [0x1a0950150]>{type = mutable dict, count = 1,
entries =>
	2 : <CFString 0x14cfb71f0 [0x1a0950150]>{contents = "MWS_Channel_Number"} = <CFNumber 0xb000000000000043 [0x1a0950150]>{value = +4, type = kCFNumberSInt64Type}
}

	4 : <CFBasicHash 0x14cf0e340 [0x1a0950150]>{type = mutable dict, count = 1,
entries =>
	2 : <CFString 0x14cfb71f0 [0x1a0950150]>{contents = "MWS_Channel_Number"} = <CFNumber 0xb000000000000053 [0x1a0950150]>{value = +5, type = kCFNumberSInt64Type}
}

	5 : <CFBasicHash 0x14cda37e0 [0x1a0950150]>{type = mutable dict, count = 1,
entries =>
	2 : <CFString 0x14cfb71f0 [0x1a0950150]>{contents = "MWS_Channel_Number"} = <CFNumber 0xb000000000000063 [0x1a0950150]>{value = +6, type = kCFNumberSInt64Type}
}

	6 : <CFBasicHash 0x14cde1050 [0x1a0950150]>{type = mutable dict, count = 1,
entries =>
	2 : <CFString 0x14cfb71f0 [0x1a0950150]>{contents = "MWS_Channel_Number"} = <CFNumber 0xb000000000000073 [0x1a0950150]>{value = +7, type = kCFNumberSInt64Type}
}

	7 : <CFBasicHash 0x14cd8aca0 [0x1a0950150]>{type = mutable dict, count = 1,
entries =>
	2 : <CFString 0x14cfb71f0 [0x1a0950150]>{contents = "MWS_Channel_Number"} = <CFNumber 0xb000000000000083 [0x1a0950150]>{value = +8, type = kCFNumberSInt64Type}
}

	8 : <CFBasicHash 0x14cd8a3a0 [0x1a0950150]>{type = mutable dict, count = 1,
entries =>
	2 : <CFString 0x14cfb71f0 [0x1a0950150]>{contents = "MWS_Channel_Number"} = <CFNumber 0xb000000000000093 [0x1a0950150]>{value = +9, type = kCFNumberSInt64Type}
}

	9 : <CFBasicHash 0x14cf36790 [0x1a0950150]>{type = mutable dict, count = 1,
entries =>
	2 : <CFString 0x14cfb71f0 [0x1a0950150]>{contents = "MWS_Channel_Number"} = <CFNumber 0xb0000000000000a3 [0x1a0950150]>{value = +10, type = kCFNumberSInt64Type}
}

	10 : <CFBasicHash 0x14cd71040 [0x1a0950150]>{type = mutable dict, count = 1,
entries =>
	2 : <CFString 0x14cfb71f0 [0x1a0950150]>{contents = "MWS_Channel_Number"} = <CFNumber 0xb0000000000000c3 [0x1a0950150]>{value = +12, type = kCFNumberSInt64Type}
}

	11 : <CFBasicHash 0x14cddac00 [0x1a0950150]>{type = mutable dict, count = 1,
entries =>
	2 : <CFString 0x14cfb71f0 [0x1a0950150]>{contents = "MWS_Channel_Number"} = <CFNumber 0xb0000000000000d3 [0x1a0950150]>{value = +13, type = kCFNumberSInt64Type}
}

)}
12/23/2016 21:59:41.918 __WiFiManagerCellularTransmitCallback_block_invoke: Cellular Transmit Started = TRUE
12/23/2016 21:59:42.385 Async scan requested by "locationd" for 1 iterations with maxage=0 priority normal on en0
12/23/2016 21:59:42.385 Enqueuing command type: "Scan" pending commands: 0
12/23/2016 21:59:42.385 Dequeuing command type: "Scan" pending commands: 0
12/23/2016 21:59:42.386 Attempting Apple80211ScanAsync on en0
12/23/2016 21:59:42.770 Completed Apple80211ScanAsync on en0 (0x0)
12/23/2016 21:59:42.771 Async scan request completed for "locationd" (0)
12/23/2016 21:59:42.774 Async scan requested by "locationd" for 1 iterations with maxage=0 priority normal on en0
12/23/2016 21:59:42.774 Enqueuing command type: "Scan" pending commands: 0
12/23/2016 21:59:42.775 Dequeuing command type: "Scan" pending commands: 0
12/23/2016 21:59:42.775 Attempting Apple80211ScanAsync on en0
12/23/2016 21:59:42.977 __WiFiManagerCellularTransmitCallback_block_invoke: Cellular Transmit Started = FALSE
12/23/2016 21:59:43.098 __WiFiManagerCellularTransmitCallback_block_invoke: Cellular Transmit Started = TRUE
12/23/2016 21:59:43.195 High bw cellular data available, so WiFi would disconnect under low signal quality
12/23/2016 21:59:43.196 WiFiLQAMgrSetWiFiFallBackPref: LQAManager WiFiFallBackPreference disabled 
12/23/2016 21:59:44.320 Completed Apple80211ScanAsync on en0 (0x0)
12/23/2016 21:59:44.322 Async scan request completed for "locationd" (0)
12/23/2016 21:59:46.409 Device display is ON
12/23/2016 21:59:46.414 __WiFiManagerSetEnableState: state TRUE, manager->enable.setting TRUE, manager->unlockedSinceBoot TRUE
12/23/2016 21:59:46.414 Auto association attempt canceled because MIS is enabled. MIS client count: wifi=3 bt=0
12/23/2016 21:59:47.032 ATJManager: setting ask-to-join interaction mode to Interactive
12/23/2016 21:59:47.032 ATJManager: no entries to purge
12/23/2016 21:59:47.033 User interaction ENABLED
12/23/2016 21:59:47.033 Ignoring lock state manager->wakeMode 1

12/23/2016 21:59:47.033 problematic networks =  and potentially problematic networks = 
12/23/2016 21:59:47.033 Unblacklisting
12/23/2016 21:59:47.033 No Change in Background Scan Networks, Skip Re-Programming Background Scan

12/23/2016 21:59:47.033 Auto association attempt canceled because MIS is enabled. MIS client count: wifi=3 bt=0
12/23/2016 21:59:47.061 Foreground Network Application entered.
12/23/2016 21:59:47.061 BG Application: Not Present, BG Daemon: Present. Daemons: assistantd mediaserverd 
12/23/2016 21:59:47.061 problematic networks =  and potentially problematic networks = 
12/23/2016 21:59:47.061 Unblacklisting
12/23/2016 21:59:47.061 No Change in Background Scan Networks, Skip Re-Programming Background Scan

12/23/2016 21:59:47.061 __WiFiManagerSetEnableState: state TRUE, manager->enable.setting TRUE, manager->unlockedSinceBoot TRUE
12/23/2016 21:59:47.061 Auto association attempt canceled because MIS is enabled. MIS client count: wifi=3 bt=0
12/23/2016 21:59:48.778 Async scan requested by "locationd" for 1 iterations with maxage=0 priority normal on en0
12/23/2016 21:59:48.778 Enqueuing command type: "Scan" pending commands: 0
12/23/2016 21:59:48.778 Dequeuing command type: "Scan" pending commands: 0
12/23/2016 21:59:48.778 Attempting Apple80211ScanAsync on en0
12/23/2016 21:59:49.168 Completed Apple80211ScanAsync on en0 (0x0)
12/23/2016 21:59:49.169 Async scan request completed for "locationd" (0)
12/23/2016 21:59:49.171 Async scan requested by "locationd" for 1 iterations with maxage=0 priority normal on en0
12/23/2016 21:59:49.171 Enqueuing command type: "Scan" pending commands: 0
12/23/2016 21:59:49.171 Dequeuing command type: "Scan" pending commands: 0
12/23/2016 21:59:49.171 Attempting Apple80211ScanAsync on en0
12/23/2016 21:59:50.709 Completed Apple80211ScanAsync on en0 (0x0)
12/23/2016 21:59:50.710 Async scan request completed for "locationd" (0)
12/23/2016 21:59:52.654 Async scan requested by "locationd" for 1 iterations with maxage=0 priority normal on en0
12/23/2016 21:59:52.654 Enqueuing command type: "Scan" pending commands: 0
12/23/2016 21:59:52.654 Dequeuing command type: "Scan" pending commands: 0
12/23/2016 21:59:52.654 Attempting Apple80211ScanAsync on en0
12/23/2016 21:59:53.038 Completed Apple80211ScanAsync on en0 (0x0)
12/23/2016 21:59:53.038 Async scan request completed for "locationd" (0)
12/23/2016 21:59:55.176 Async scan requested by "locationd" for 1 iterations with maxage=0 priority normal on en0
12/23/2016 21:59:55.176 Enqueuing command type: "Scan" pending commands: 0
12/23/2016 21:59:55.176 Dequeuing command type: "Scan" pending commands: 0
12/23/2016 21:59:55.177 Attempting Apple80211ScanAsync on en0
12/23/2016 21:59:55.559 Completed Apple80211ScanAsync on en0 (0x0)
12/23/2016 21:59:55.559 Async scan request completed for "locationd" (0)
12/23/2016 21:59:55.561 Async scan requested by "locationd" for 1 iterations with maxage=0 priority normal on en0
12/23/2016 21:59:55.561 Enqueuing command type: "Scan" pending commands: 0
12/23/2016 21:59:55.561 Dequeuing command type: "Scan" pending commands: 0
12/23/2016 21:59:55.561 Attempting Apple80211ScanAsync on en0
12/23/2016 21:59:57.096 Completed Apple80211ScanAsync on en0 (0x0)
12/23/2016 21:59:57.096 Async scan request completed for "locationd" (0)
12/23/2016 21:59:57.541 Async scan requested by "locationd" for 1 iterations with maxage=0 priority low on en0
12/23/2016 21:59:57.541 Enqueuing command type: "Scan" pending commands: 0
12/23/2016 21:59:57.541 Dequeuing command type: "Scan" pending commands: 0
12/23/2016 21:59:57.541 Attempting Apple80211ScanAsync on en0
12/23/2016 21:59:59.074 Completed Apple80211ScanAsync on en0 (0x0)
12/23/2016 21:59:59.075 Async scan request completed for "locationd" (0)
12/23/2016 22:00:01.062 Async scan requested by "locationd" for 1 iterations with maxage=0 priority low on en0
12/23/2016 22:00:01.062 Enqueuing command type: "Scan" pending commands: 0
12/23/2016 22:00:01.062 Dequeuing command type: "Scan" pending commands: 0
12/23/2016 22:00:01.062 Attempting Apple80211ScanAsync on en0
12/23/2016 22:00:01.447 Completed Apple80211ScanAsync on en0 (0x0)
12/23/2016 22:00:01.448 Async scan request completed for "locationd" (0)
12/23/2016 22:00:02.262 ATJManager: setting ask-to-join interaction mode to NonInteractive
12/23/2016 22:00:02.262 ATJManager: no entries to purge
12/23/2016 22:00:02.263 User interaction DISABLED
12/23/2016 22:00:02.263 Ignoring lock state manager->wakeMode 1

12/23/2016 22:00:02.268 Device display is OFF
12/23/2016 22:00:02.681 Foreground Network Application exited.
12/23/2016 22:00:02.681 BG Application: Not Present, BG Daemon: Present. Daemons: assistantd mediaserverd 
12/23/2016 22:00:02.681 LPAS is Enabled
12/23/2016 22:00:02.681 LPAS Enabled, Skip starting Disassocation timer
12/23/2016 22:00:06.358 Device display is ON
12/23/2016 22:00:06.358 __WiFiManagerSetEnableState: state TRUE, manager->enable.setting TRUE, manager->unlockedSinceBoot TRUE
12/23/2016 22:00:06.358 Auto association attempt canceled because MIS is enabled. MIS client count: wifi=3 bt=0
12/23/2016 22:00:06.538 Async scan requested by "locationd" for 1 iterations with maxage=0 priority normal on en0
12/23/2016 22:00:06.538 Enqueuing command type: "Scan" pending commands: 0
12/23/2016 22:00:06.538 Dequeuing command type: "Scan" pending commands: 0
12/23/2016 22:00:06.538 Attempting Apple80211ScanAsync on en0
12/23/2016 22:00:06.697 Completed Apple80211ScanAsync on en0 (0x0)
12/23/2016 22:00:06.697 Async scan request completed for "locationd" (0)
12/23/2016 22:00:06.698 Async scan requested by "locationd" for 1 iterations with maxage=0 priority normal on en0
12/23/2016 22:00:06.698 Enqueuing command type: "Scan" pending commands: 0
12/23/2016 22:00:06.698 Dequeuing command type: "Scan" pending commands: 0
12/23/2016 22:00:06.698 Attempting Apple80211ScanAsync on en0
12/23/2016 22:00:07.083 Completed Apple80211ScanAsync on en0 (0x0)
12/23/2016 22:00:07.083 Async scan request completed for "locationd" (0)
12/23/2016 22:00:18.000 Device display is OFF
12/23/2016 22:00:20.476 Device display is ON
12/23/2016 22:00:20.476 __WiFiManagerSetEnableState: state TRUE, manager->enable.setting TRUE, manager->unlockedSinceBoot TRUE
12/23/2016 22:00:20.477 Auto association attempt canceled because MIS is enabled. MIS client count: wifi=3 bt=0
12/23/2016 22:00:20.667 Async scan requested by "locationd" for 1 iterations with maxage=0 priority normal on en0
12/23/2016 22:00:20.667 Enqueuing command type: "Scan" pending commands: 0
12/23/2016 22:00:20.667 Dequeuing command type: "Scan" pending commands: 0
12/23/2016 22:00:20.667 Attempting Apple80211ScanAsync on en0
12/23/2016 22:00:20.825 Completed Apple80211ScanAsync on en0 (0x0)
12/23/2016 22:00:20.825 Async scan request completed for "locationd" (0)
12/23/2016 22:00:20.826 Async scan requested by "locationd" for 1 iterations with maxage=0 priority normal on en0
12/23/2016 22:00:20.826 Enqueuing command type: "Scan" pending commands: 0
12/23/2016 22:00:20.826 Dequeuing command type: "Scan" pending commands: 0
12/23/2016 22:00:20.826 Attempting Apple80211ScanAsync on en0
12/23/2016 22:00:21.211 Completed Apple80211ScanAsync on en0 (0x0)
12/23/2016 22:00:21.212 Async scan request completed for "locationd" (0)
12/23/2016 22:00:26.830 Async scan requested by "locationd" for 1 iterations with maxage=0 priority normal on en0
12/23/2016 22:00:26.831 Enqueuing command type: "Scan" pending commands: 0
12/23/2016 22:00:26.831 Dequeuing command type: "Scan" pending commands: 0
12/23/2016 22:00:26.831 Attempting Apple80211ScanAsync on en0
12/23/2016 22:00:27.217 Completed Apple80211ScanAsync on en0 (0x0)
12/23/2016 22:00:27.218 Async scan request completed for "locationd" (0)
12/23/2016 22:00:27.246 Async scan requested by "locationd" for 1 iterations with maxage=0 priority normal on en0
12/23/2016 22:00:27.246 Enqueuing command type: "Scan" pending commands: 0
12/23/2016 22:00:27.246 Dequeuing command type: "Scan" pending commands: 0
12/23/2016 22:00:27.246 Attempting Apple80211ScanAsync on en0
12/23/2016 22:00:28.297 Device display is OFF
12/23/2016 22:00:28.798 Completed Apple80211ScanAsync on en0 (0x0)
12/23/2016 22:00:28.800 Async scan request completed for "locationd" (0)
12/23/2016 22:00:30.214 Device display is ON
12/23/2016 22:00:30.214 __WiFiManagerSetEnableState: state TRUE, manager->enable.setting TRUE, manager->unlockedSinceBoot TRUE
12/23/2016 22:00:30.214 Auto association attempt canceled because MIS is enabled. MIS client count: wifi=3 bt=0
12/23/2016 22:00:33.247 Async scan requested by "locationd" for 1 iterations with maxage=0 priority normal on en0
12/23/2016 22:00:33.247 Enqueuing command type: "Scan" pending commands: 0
12/23/2016 22:00:33.247 Dequeuing command type: "Scan" pending commands: 0
12/23/2016 22:00:33.247 Attempting Apple80211ScanAsync on en0
12/23/2016 22:00:33.633 Completed Apple80211ScanAsync on en0 (0x0)
12/23/2016 22:00:33.635 Async scan request completed for "locationd" (0)
12/23/2016 22:00:33.643 Async scan requested by "locationd" for 1 iterations with maxage=0 priority normal on en0
12/23/2016 22:00:33.643 Enqueuing command type: "Scan" pending commands: 0
12/23/2016 22:00:33.644 Dequeuing command type: "Scan" pending commands: 0
12/23/2016 22:00:33.644 Attempting Apple80211ScanAsync on en0
12/23/2016 22:00:35.192 Completed Apple80211ScanAsync on en0 (0x0)
12/23/2016 22:00:35.194 Async scan request completed for "locationd" (0)
12/23/2016 22:00:37.995 Device display is OFF
12/23/2016 22:00:39.648 Async scan requested by "locationd" for 1 iterations with maxage=0 priority normal on en0
12/23/2016 22:00:39.648 Enqueuing command type: "Scan" pending commands: 0
12/23/2016 22:00:39.648 Dequeuing command type: "Scan" pending commands: 0
12/23/2016 22:00:39.648 Attempting Apple80211ScanAsync on en0
12/23/2016 22:00:40.034 Completed Apple80211ScanAsync on en0 (0x0)
12/23/2016 22:00:40.035 Async scan request completed for "locationd" (0)
12/23/2016 22:00:40.041 Async scan requested by "locationd" for 1 iterations with maxage=0 priority normal on en0
12/23/2016 22:00:40.041 Enqueuing command type: "Scan" pending commands: 0
12/23/2016 22:00:40.041 Dequeuing command type: "Scan" pending commands: 0
12/23/2016 22:00:40.041 Attempting Apple80211ScanAsync on en0
12/23/2016 22:00:41.592 Completed Apple80211ScanAsync on en0 (0x0)
12/23/2016 22:00:41.594 Async scan request completed for "locationd" (0)
12/23/2016 22:00:44.530 WiFiLocaleManagerCheckLocale: trying to determine locale...
12/23/2016 22:00:44.530 WiFiManagerCoreLocationGetCachedLocation: getting cached location...
12/23/2016 22:00:44.545 __WiFiLocaleManagerGetLocaleFromMcc: finding iso country code for mcc 216 ....
12/23/2016 22:00:44.545 WiFiLocationServiceManagerIsLocationValid: cachedLocationTimeout 120.000000 location age 120.004078secs, lifeSpan -1.000000 accuracy 3000.000000(highAccReq 0), isValid 1
12/23/2016 22:00:44.545 WiFiLocationServiceManagerStartLowAccuracyMonitoring: Cached low accuracy location is valid
12/23/2016 22:00:44.545 WiFiLocationServiceManagerIsLocationValid: cachedLocationTimeout 120.000000 location age 120.004218secs, lifeSpan -1.000000 accuracy 3000.000000(highAccReq 1), isValid 0
12/23/2016 22:00:44.545 WiFiLocationServiceManagerIsLocationValid: cachedLocationTimeout 120.000000 location age 120.004271secs, lifeSpan -1.000000 accuracy 3000.000000(highAccReq 0), isValid 1
12/23/2016 22:00:44.545 __WiFiLocationServiceManagerProcessLocationAvailableEvent: isValidHighAccuracyLocation 0,  isValidLowAccuracyLocation 1
12/23/2016 22:00:44.545 __WiFiLocationServiceManagerProcessLocationAvailableEvent: give low accuracy callback
12/23/2016 22:00:44.546 __WiFiLocaleManagerGetLocaleFromLocation: <+46.98593285,+19.61229704> +/- 3000.00m (speed -1.00 mps / course -1.00) @ 12/23/16, 9:58:44 PM Central European Standard Time
12/23/2016 22:00:44.546 locale from bounding box 
12/23/2016 22:00:44.546 new locale:  , locale: 
12/23/2016 22:00:44.546 Stopping Low Accuracy Location Monitoring
12/23/2016 22:00:44.546 CLMonitoring is already stopped
12/23/2016 22:00:44.546 Stopping Low Accuracy Location Monitoring
12/23/2016 22:00:44.546 CLMonitoring is already stopped
12/23/2016 22:00:44.546 __WiFiLocationServiceManagerEventCallback, got cb dict {
    eventType = 0;
    location = "<+46.92144761,+19.61455427> +/- 151.60m (speed -1.00 mps / course -1.00) @ 12/23/16, 10:00:44 PM Central European Standard Time";
}
12/23/2016 22:00:44.547 WiFiLocationServiceManagerIsLocationValid: cachedLocationTimeout 120.000000 location age 0.014272secs, lifeSpan -1.000000 accuracy 151.595369(highAccReq 1), isValid 1
12/23/2016 22:00:44.547 WiFiLocationServiceManagerIsLocationValid: cachedLocationTimeout 120.000000 location age 0.014326secs, lifeSpan -1.000000 accuracy 151.595369(highAccReq 0), isValid 1
12/23/2016 22:00:44.547 __WiFiLocationServiceManagerProcessLocationAvailableEvent: isValidHighAccuracyLocation 1,  isValidLowAccuracyLocation 1
12/23/2016 22:00:46.042 Async scan requested by "locationd" for 1 iterations with maxage=0 priority normal on en0
12/23/2016 22:00:46.043 Enqueuing command type: "Scan" pending commands: 0
12/23/2016 22:00:46.043 Dequeuing command type: "Scan" pending commands: 0
12/23/2016 22:00:46.043 Attempting Apple80211ScanAsync on en0
12/23/2016 22:00:46.431 Completed Apple80211ScanAsync on en0 (0x0)
12/23/2016 22:00:46.433 Async scan request completed for "locationd" (0)
12/23/2016 22:00:46.438 Async scan requested by "locationd" for 1 iterations with maxage=0 priority normal on en0
12/23/2016 22:00:46.438 Enqueuing command type: "Scan" pending commands: 0
12/23/2016 22:00:46.438 Dequeuing command type: "Scan" pending commands: 0
12/23/2016 22:00:46.438 Attempting Apple80211ScanAsync on en0
12/23/2016 22:00:47.037 Background Network Application entered
12/23/2016 22:00:47.039 BG Application: Present, BG Daemon: Present. Daemons: assistantd mediaserverd 
12/23/2016 22:00:47.039 __WiFiManagerSetEnableState: state TRUE, manager->enable.setting TRUE, manager->unlockedSinceBoot TRUE
12/23/2016 22:00:47.039 Auto association attempt canceled because MIS is enabled. MIS client count: wifi=3 bt=0
12/23/2016 22:00:47.042 Background Network Application entered
12/23/2016 22:00:47.042 BG Application: Not Present, BG Daemon: Present. Daemons: assistantd mediaserverd 
12/23/2016 22:00:47.042 __WiFiManagerSetEnableState: state TRUE, manager->enable.setting TRUE, manager->unlockedSinceBoot TRUE
12/23/2016 22:00:47.042 Auto association attempt canceled because MIS is enabled. MIS client count: wifi=3 bt=0
12/23/2016 22:00:47.990 Completed Apple80211ScanAsync on en0 (0x0)
12/23/2016 22:00:47.993 Async scan request completed for "locationd" (0)
12/23/2016 22:00:52.443 Async scan requested by "locationd" for 1 iterations with maxage=0 priority normal on en0
12/23/2016 22:00:52.443 Enqueuing command type: "Scan" pending commands: 0
12/23/2016 22:00:52.443 Dequeuing command type: "Scan" pending commands: 0
12/23/2016 22:00:52.443 Attempting Apple80211ScanAsync on en0
12/23/2016 22:00:52.830 Completed Apple80211ScanAsync on en0 (0x0)
12/23/2016 22:00:52.831 Async scan request completed for "locationd" (0)
12/23/2016 22:00:52.835 Async scan requested by "locationd" for 1 iterations with maxage=0 priority normal on en0
12/23/2016 22:00:52.835 Enqueuing command type: "Scan" pending commands: 0
12/23/2016 22:00:52.835 Dequeuing command type: "Scan" pending commands: 0
12/23/2016 22:00:52.835 Attempting Apple80211ScanAsync on en0
12/23/2016 22:00:54.384 Completed Apple80211ScanAsync on en0 (0x0)
12/23/2016 22:00:54.386 Async scan request completed for "locationd" (0)
12/23/2016 22:00:58.840 Async scan requested by "locationd" for 1 iterations with maxage=0 priority normal on en0
12/23/2016 22:00:58.840 Enqueuing command type: "Scan" pending commands: 0
12/23/2016 22:00:58.840 Dequeuing command type: "Scan" pending commands: 0
12/23/2016 22:00:58.840 Attempting Apple80211ScanAsync on en0
12/23/2016 22:00:59.227 Completed Apple80211ScanAsync on en0 (0x0)
12/23/2016 22:00:59.228 Async scan request completed for "locationd" (0)
12/23/2016 22:00:59.231 Async scan requested by "locationd" for 1 iterations with maxage=0 priority normal on en0
12/23/2016 22:00:59.232 Enqueuing command type: "Scan" pending commands: 0
12/23/2016 22:00:59.232 Dequeuing command type: "Scan" pending commands: 0
12/23/2016 22:00:59.232 Attempting Apple80211ScanAsync on en0
12/23/2016 22:01:00.770 Completed Apple80211ScanAsync on en0 (0x0)
12/23/2016 22:01:00.772 Async scan request completed for "locationd" (0)
12/23/2016 22:01:05.236 Async scan requested by "locationd" for 1 iterations with maxage=0 priority normal on en0
12/23/2016 22:01:05.236 Enqueuing command type: "Scan" pending commands: 0
12/23/2016 22:01:05.236 Dequeuing command type: "Scan" pending commands: 0
12/23/2016 22:01:05.236 Attempting Apple80211ScanAsync on en0
12/23/2016 22:01:05.620 Completed Apple80211ScanAsync on en0 (0x0)
12/23/2016 22:01:05.621 Async scan request completed for "locationd" (0)
12/23/2016 22:01:05.624 Async scan requested by "locationd" for 1 iterations with maxage=0 priority normal on en0
12/23/2016 22:01:05.624 Enqueuing command type: "Scan" pending commands: 0
12/23/2016 22:01:05.624 Dequeuing command type: "Scan" pending commands: 0
12/23/2016 22:01:05.624 Attempting Apple80211ScanAsync on en0
12/23/2016 22:01:07.175 Completed Apple80211ScanAsync on en0 (0x0)
12/23/2016 22:01:07.176 Async scan request completed for "locationd" (0)
12/23/2016 22:01:11.630 Async scan requested by "locationd" for 1 iterations with maxage=0 priority normal on en0
12/23/2016 22:01:11.630 Enqueuing command type: "Scan" pending commands: 0
12/23/2016 22:01:11.630 Dequeuing command type: "Scan" pending commands: 0
12/23/2016 22:01:11.630 Attempting Apple80211ScanAsync on en0
12/23/2016 22:01:12.016 Completed Apple80211ScanAsync on en0 (0x0)
12/23/2016 22:01:12.017 Async scan request completed for "locationd" (0)
12/23/2016 22:01:12.021 Async scan requested by "locationd" for 1 iterations with maxage=0 priority normal on en0
12/23/2016 22:01:12.021 Enqueuing command type: "Scan" pending commands: 0
12/23/2016 22:01:12.021 Dequeuing command type: "Scan" pending commands: 0
12/23/2016 22:01:12.021 Attempting Apple80211ScanAsync on en0
12/23/2016 22:01:13.571 Completed Apple80211ScanAsync on en0 (0x0)
12/23/2016 22:01:13.572 Async scan request completed for "locationd" (0)
12/23/2016 22:01:18.021 Async scan requested by "locationd" for 1 iterations with maxage=0 priority normal on en0
12/23/2016 22:01:18.021 Enqueuing command type: "Scan" pending commands: 0
12/23/2016 22:01:18.021 Dequeuing command type: "Scan" pending commands: 0
12/23/2016 22:01:18.021 Attempting Apple80211ScanAsync on en0
12/23/2016 22:01:18.333 __WiFiDeviceProcessDumpLogsEvent: Dump logs event received, dumped wifid log buffer to file
