12/24/2016  2:36:08.210 WiFiLocaleManagerCheckLocale: trying to determine locale...
12/24/2016  2:36:08.210 WiFiManagerCoreLocationGetCachedLocation: getting cached location...
12/24/2016  2:36:08.232 __WiFiLocaleManagerGetLocaleFromMcc: finding iso country code for mcc 226 ....
12/24/2016  2:36:08.233 WiFiLocationServiceManagerIsLocationValid: cachedLocationTimeout 120.000000 location age 684.834706secs, lifeSpan -1.000000 accuracy 65.000000(highAccReq 0), isValid 1
12/24/2016  2:36:08.233 WiFiLocationServiceManagerStartLowAccuracyMonitoring: Cached low accuracy location is valid
12/24/2016  2:36:08.233 WiFiLocationServiceManagerIsLocationValid: cachedLocationTimeout 120.000000 location age 684.834844secs, lifeSpan -1.000000 accuracy 65.000000(highAccReq 1), isValid 1
12/24/2016  2:36:08.233 WiFiLocationServiceManagerIsLocationValid: cachedLocationTimeout 120.000000 location age 684.834899secs, lifeSpan -1.000000 accuracy 65.000000(highAccReq 0), isValid 1
12/24/2016  2:36:08.233 __WiFiLocationServiceManagerProcessLocationAvailableEvent: isValidHighAccuracyLocation 1,  isValidLowAccuracyLocation 1
12/24/2016  2:36:08.233 __WiFiLocationServiceManagerProcessLocationAvailableEvent: give low accuracy callback
12/24/2016  2:36:08.234 __WiFiLocaleManagerGetLocaleFromLocation: <+45.92146491,+22.66961997> +/- 65.00m (speed -1.00 mps / course -1.00) @ 12/24/16, 2:24:43 AM Eastern European Standard Time
12/24/2016  2:36:08.234 locale from bounding box 
12/24/2016  2:36:08.234 new locale:  , locale: 
12/24/2016  2:36:08.234 Stopping Low Accuracy Location Monitoring
12/24/2016  2:36:08.234 CLMonitoring is already stopped
12/24/2016  2:36:08.234 Stopping Low Accuracy Location Monitoring
12/24/2016  2:36:08.234 CLMonitoring is already stopped
12/24/2016  2:36:08.234 __WiFiLocationServiceManagerEventCallback, got cb dict {
    eventType = 0;
    location = "<+45.92146491,+22.66961997> +/- 65.00m (speed -1.00 mps / course -1.00) @ 12/24/16, 2:24:43 AM Eastern European Standard Time";
}
12/24/2016  2:36:08.235 WiFiLocationServiceManagerIsLocationValid: cachedLocationTimeout 120.000000 location age 684.836843secs, lifeSpan -1.000000 accuracy 65.000000(highAccReq 1), isValid 1
12/24/2016  2:36:08.235 WiFiLocationServiceManagerIsLocationValid: cachedLocationTimeout 120.000000 location age 684.836897secs, lifeSpan -1.000000 accuracy 65.000000(highAccReq 0), isValid 1
12/24/2016  2:36:08.235 __WiFiLocationServiceManagerProcessLocationAvailableEvent: isValidHighAccuracyLocation 1,  isValidLowAccuracyLocation 1
12/24/2016  2:37:13.509 __WiFiManagerCellularTransmitCallback_block_invoke: Cellular Transmit Started = FALSE
12/24/2016  2:37:16.774 DeviceClient["WirelessRadioMan"] setCoexParameters["MWS_Blacklisted_Channels"] = <CFArray 0x14cf8d3d0 [0x1a0950150]>{type = mutable-small, count = 3, values = (
	0 : <CFBasicHash 0x14cf19250 [0x1a0950150]>{type = mutable dict, count = 1,
entries =>
	2 : <CFString 0x14cf804f0 [0x1a0950150]>{contents = "MWS_Channel_Number"} = <CFNumber 0xb0000000000000b3 [0x1a0950150]>{value = +11, type = kCFNumberSInt64Type}
}

	1 : <CFBasicHash 0x14cdf7030 [0x1a0950150]>{type = mutable dict, count = 1,
entries =>
	2 : <CFString 0x14cf804f0 [0x1a0950150]>{contents = "MWS_Channel_Number"} = <CFNumber 0xb0000000000000c3 [0x1a0950150]>{value = +12, type = kCFNumberSInt64Type}
}

	2 : <CFBasicHash 0x14cf0dff0 [0x1a0950150]>{type = mutable dict, count = 1,
entries =>
	2 : <CFString 0x14cf804f0 [0x1a0950150]>{contents = "MWS_Channel_Number"} = <CFNumber 0xb0000000000000d3 [0x1a0950150]>{value = +13, type = kCFNumberSInt64Type}
}

)}
12/24/2016  2:37:16.775 DeviceClient["WirelessRadioMan"] setCoexParameters["MWS_Coex_Enabled_Channels"] = <CFArray 0x14cf259c0 [0x1a0950150]>{type = mutable-small, count = 3, values = (
	0 : <CFBasicHash 0x14cf6ebf0 [0x1a0950150]>{type = mutable dict, count = 1,
entries =>
	2 : <CFString 0x14cd71040 [0x1a0950150]>{contents = "MWS_Channel_Number"} = <CFNumber 0xb0000000000000b3 [0x1a0950150]>{value = +11, type = kCFNumberSInt64Type}
}

	1 : <CFBasicHash 0x14cfb8320 [0x1a0950150]>{type = mutable dict, count = 1,
entries =>
	2 : <CFString 0x14cd71040 [0x1a0950150]>{contents = "MWS_Channel_Number"} = <CFNumber 0xb0000000000000c3 [0x1a0950150]>{value = +12, type = kCFNumberSInt64Type}
}

	2 : <CFBasicHash 0x14cd7edc0 [0x1a0950150]>{type = mutable dict, count = 1,
entries =>
	2 : <CFString 0x14cd71040 [0x1a0950150]>{contents = "MWS_Channel_Number"} = <CFNumber 0xb0000000000000d3 [0x1a0950150]>{value = +13, type = kCFNumberSInt64Type}
}

)}
12/24/2016  2:37:16.776 DeviceClient["WirelessRadioMan"] setCoexParameters["MWS_WLAN_RX_PRI_THRESHOLD"] = 2
12/24/2016  2:37:16.817 DeviceClient["WirelessRadioMan"] setCoexParameters["MWS_Blacklisted_Channels"] = <CFArray 0x14cf259c0 [0x1a0950150]>{type = mutable-small, count = 8, values = (
	0 : <CFBasicHash 0x14cf6ebf0 [0x1a0950150]>{type = mutable dict, count = 1,
entries =>
	2 : <CFString 0x14cfcddc0 [0x1a0950150]>{contents = "MWS_Channel_Number"} = <CFNumber 0xb000000000000013 [0x1a0950150]>{value = +1, type = kCFNumberSInt64Type}
}

	1 : <CFBasicHash 0x14cfb8320 [0x1a0950150]>{type = mutable dict, count = 1,
entries =>
	2 : <CFString 0x14cfcddc0 [0x1a0950150]>{contents = "MWS_Channel_Number"} = <CFNumber 0xb000000000000023 [0x1a0950150]>{value = +2, type = kCFNumberSInt64Type}
}

	2 : <CFBasicHash 0x14cf33520 [0x1a0950150]>{type = mutable dict, count = 1,
entries =>
	2 : <CFString 0x14cfcddc0 [0x1a0950150]>{contents = "MWS_Channel_Number"} = <CFNumber 0xb000000000000033 [0x1a0950150]>{value = +3, type = kCFNumberSInt64Type}
}

	3 : <CFBasicHash 0x14cdf7ad0 [0x1a0950150]>{type = mutable dict, count = 1,
entries =>
	2 : <CFString 0x14cfcddc0 [0x1a0950150]>{contents = "MWS_Channel_Number"} = <CFNumber 0xb000000000000043 [0x1a0950150]>{value = +4, type = kCFNumberSInt64Type}
}

	4 : <CFBasicHash 0x14cf0e340 [0x1a0950150]>{type = mutable dict, count = 1,
entries =>
	2 : <CFString 0x14cfcddc0 [0x1a0950150]>{contents = "MWS_Channel_Number"} = <CFNumber 0xb000000000000053 [0x1a0950150]>{value = +5, type = kCFNumberSInt64Type}
}

	5 : <CFBasicHash 0x14cde1050 [0x1a0950150]>{type = mutable dict, count = 1,
entries =>
	2 : <CFString 0x14cfcddc0 [0x1a0950150]>{contents = "MWS_Channel_Number"} = <CFNumber 0xb000000000000063 [0x1a0950150]>{value = +6, type = kCFNumberSInt64Type}
}

	6 : <CFBasicHash 0x14cf26970 [0x1a0950150]>{type = mutable dict, count = 1,
entries =>
	2 : <CFString 0x14cfcddc0 [0x1a0950150]>{contents = "MWS_Channel_Number"} = <CFNumber 0xb0000000000000c3 [0x1a0950150]>{value = +12, type = kCFNumberSInt64Type}
}

	7 : <CFBasicHash 0x14cf63a80 [0x1a0950150]>{type = mutable dict, count = 1,
entries =>
	2 : <CFString 0x14cfcddc0 [0x1a0950150]>{contents = "MWS_Channel_Number"} = <CFNumber 0xb0000000000000d3 [0x1a0950150]>{value = +13, type = kCFNumberSInt64Type}
}

)}
12/24/2016  2:37:16.839 __WiFiManagerCellularTransmitCallback_block_invoke: Cellular Transmit Started = TRUE
12/24/2016  2:37:24.679 __WiFiManagerCellularTransmitCallback_block_invoke: Cellular Transmit Started = FALSE
12/24/2016  2:37:33.312 __WiFiManagerCellularTransmitCallback_block_invoke: Cellular Transmit Started = TRUE
12/24/2016  2:37:42.364 __WiFiManagerCellularTransmitCallback_block_invoke: Cellular Transmit Started = FALSE
12/24/2016  2:37:55.281 __WiFiManagerCellularTransmitCallback_block_invoke: Cellular Transmit Started = TRUE
12/24/2016  2:38:00.344 __WiFiManagerCellularTransmitCallback_block_invoke: Cellular Transmit Started = FALSE
12/24/2016  2:38:08.210 WiFiLocaleManagerCheckLocale: trying to determine locale...
12/24/2016  2:38:08.210 WiFiManagerCoreLocationGetCachedLocation: getting cached location...
12/24/2016  2:38:08.233 __WiFiLocaleManagerGetLocaleFromMcc: finding iso country code for mcc 226 ....
12/24/2016  2:38:08.233 WiFiLocationServiceManagerIsLocationValid: cachedLocationTimeout 120.000000 location age 804.835065secs, lifeSpan -1.000000 accuracy 65.000000(highAccReq 0), isValid 1
12/24/2016  2:38:08.233 WiFiLocationServiceManagerStartLowAccuracyMonitoring: Cached low accuracy location is valid
12/24/2016  2:38:08.233 WiFiLocationServiceManagerIsLocationValid: cachedLocationTimeout 120.000000 location age 804.835203secs, lifeSpan -1.000000 accuracy 65.000000(highAccReq 1), isValid 1
12/24/2016  2:38:08.233 WiFiLocationServiceManagerIsLocationValid: cachedLocationTimeout 120.000000 location age 804.835258secs, lifeSpan -1.000000 accuracy 65.000000(highAccReq 0), isValid 1
12/24/2016  2:38:08.233 __WiFiLocationServiceManagerProcessLocationAvailableEvent: isValidHighAccuracyLocation 1,  isValidLowAccuracyLocation 1
12/24/2016  2:38:08.233 __WiFiLocationServiceManagerProcessLocationAvailableEvent: give low accuracy callback
12/24/2016  2:38:08.234 __WiFiLocaleManagerGetLocaleFromLocation: <+45.92146491,+22.66961997> +/- 65.00m (speed -1.00 mps / course -1.00) @ 12/24/16, 2:24:43 AM Eastern European Standard Time
12/24/2016  2:38:08.234 locale from bounding box 
12/24/2016  2:38:08.234 new locale:  , locale: 
12/24/2016  2:38:08.234 Stopping Low Accuracy Location Monitoring
12/24/2016  2:38:08.234 CLMonitoring is already stopped
12/24/2016  2:38:08.234 Stopping Low Accuracy Location Monitoring
12/24/2016  2:38:08.234 CLMonitoring is already stopped
12/24/2016  2:38:08.234 __WiFiLocationServiceManagerEventCallback, got cb dict {
    eventType = 0;
    location = "<+45.92146491,+22.66961997> +/- 65.00m (speed -1.00 mps / course -1.00) @ 12/24/16, 2:24:43 AM Eastern European Standard Time";
}
12/24/2016  2:38:08.235 WiFiLocationServiceManagerIsLocationValid: cachedLocationTimeout 120.000000 location age 804.837220secs, lifeSpan -1.000000 accuracy 65.000000(highAccReq 1), isValid 1
12/24/2016  2:38:08.235 WiFiLocationServiceManagerIsLocationValid: cachedLocationTimeout 120.000000 location age 804.837275secs, lifeSpan -1.000000 accuracy 65.000000(highAccReq 0), isValid 1
12/24/2016  2:38:08.235 __WiFiLocationServiceManagerProcessLocationAvailableEvent: isValidHighAccuracyLocation 1,  isValidLowAccuracyLocation 1
12/24/2016  2:38:08.515 __WiFiManagerCellularTransmitCallback_block_invoke: Cellular Transmit Started = TRUE
12/24/2016  2:38:13.582 __WiFiManagerCellularTransmitCallback_block_invoke: Cellular Transmit Started = FALSE
12/24/2016  2:38:36.376 __WiFiManagerCellularTransmitCallback_block_invoke: Cellular Transmit Started = TRUE
12/24/2016  2:38:39.426 __WiFiManagerCellularTransmitCallback_block_invoke: Cellular Transmit Started = FALSE
12/24/2016  2:38:40.162 __WiFiManagerCellularTransmitCallback_block_invoke: Cellular Transmit Started = TRUE
12/24/2016  2:39:36.252 WoW is Disabled, 0 WoW Clients
12/24/2016  2:40:08.207 WiFiLocaleManagerCheckLocale: trying to determine locale...
12/24/2016  2:40:08.207 WiFiManagerCoreLocationGetCachedLocation: getting cached location...
12/24/2016  2:40:08.222 __WiFiLocaleManagerGetLocaleFromMcc: finding iso country code for mcc 226 ....
12/24/2016  2:40:08.222 WiFiLocationServiceManagerIsLocationValid: cachedLocationTimeout 120.000000 location age 924.823819secs, lifeSpan -1.000000 accuracy 65.000000(highAccReq 0), isValid 1
12/24/2016  2:40:08.222 WiFiLocationServiceManagerStartLowAccuracyMonitoring: Cached low accuracy location is valid
12/24/2016  2:40:08.222 WiFiLocationServiceManagerIsLocationValid: cachedLocationTimeout 120.000000 location age 924.823957secs, lifeSpan -1.000000 accuracy 65.000000(highAccReq 1), isValid 1
12/24/2016  2:40:08.222 WiFiLocationServiceManagerIsLocationValid: cachedLocationTimeout 120.000000 location age 924.824010secs, lifeSpan -1.000000 accuracy 65.000000(highAccReq 0), isValid 1
12/24/2016  2:40:08.222 __WiFiLocationServiceManagerProcessLocationAvailableEvent: isValidHighAccuracyLocation 1,  isValidLowAccuracyLocation 1
12/24/2016  2:40:08.222 __WiFiLocationServiceManagerProcessLocationAvailableEvent: give low accuracy callback
12/24/2016  2:40:08.223 __WiFiLocaleManagerGetLocaleFromLocation: <+45.92146491,+22.66961997> +/- 65.00m (speed -1.00 mps / course -1.00) @ 12/24/16, 2:24:43 AM Eastern European Standard Time
12/24/2016  2:40:08.223 locale from bounding box 
12/24/2016  2:40:08.223 new locale:  , locale: 
12/24/2016  2:40:08.223 Stopping Low Accuracy Location Monitoring
12/24/2016  2:40:08.223 CLMonitoring is already stopped
12/24/2016  2:40:08.223 Stopping Low Accuracy Location Monitoring
12/24/2016  2:40:08.223 CLMonitoring is already stopped
12/24/2016  2:40:08.223 __WiFiLocationServiceManagerEventCallback, got cb dict {
    eventType = 0;
    location = "<+45.92146491,+22.66961997> +/- 65.00m (speed -1.00 mps / course -1.00) @ 12/24/16, 2:24:43 AM Eastern European Standard Time";
}
12/24/2016  2:40:08.224 WiFiLocationServiceManagerIsLocationValid: cachedLocationTimeout 120.000000 location age 924.826527secs, lifeSpan -1.000000 accuracy 65.000000(highAccReq 1), isValid 1
12/24/2016  2:40:08.224 WiFiLocationServiceManagerIsLocationValid: cachedLocationTimeout 120.000000 location age 924.826581secs, lifeSpan -1.000000 accuracy 65.000000(highAccReq 0), isValid 1
12/24/2016  2:40:08.224 __WiFiLocationServiceManagerProcessLocationAvailableEvent: isValidHighAccuracyLocation 1,  isValidLowAccuracyLocation 1
12/24/2016  2:40:32.242 __WiFiDeviceProcessDumpLogsEvent: Dump logs event received, dumped wifid log buffer to file
