12/23/2016 21:34:41.379 scanCache: Purging scan cache
12/23/2016 21:34:44.532 WiFiLocaleManagerCheckLocale: trying to determine locale...
12/23/2016 21:34:44.532 WiFiManagerCoreLocationGetCachedLocation: getting cached location...
12/23/2016 21:34:44.533 __WiFiLocaleManagerGetLocaleFromMcc: finding iso country code for mcc 216 ....
12/23/2016 21:34:44.533 WiFiLocationServiceManagerIsLocationValid: cachedLocationTimeout 120.000000 location age 261.019709secs, lifeSpan -1.000000 accuracy 5.000000(highAccReq 0), isValid 1
12/23/2016 21:34:44.533 WiFiLocationServiceManagerStartLowAccuracyMonitoring: Cached low accuracy location is valid
12/23/2016 21:34:44.533 WiFiLocationServiceManagerIsLocationValid: cachedLocationTimeout 120.000000 location age 261.019803secs, lifeSpan -1.000000 accuracy 5.000000(highAccReq 1), isValid 1
12/23/2016 21:34:44.533 WiFiLocationServiceManagerIsLocationValid: cachedLocationTimeout 120.000000 location age 261.019820secs, lifeSpan -1.000000 accuracy 5.000000(highAccReq 0), isValid 1
12/23/2016 21:34:44.533 __WiFiLocationServiceManagerProcessLocationAvailableEvent: isValidHighAccuracyLocation 1,  isValidLowAccuracyLocation 1
12/23/2016 21:34:44.533 __WiFiLocationServiceManagerProcessLocationAvailableEvent: give low accuracy callback
12/23/2016 21:34:44.534 __WiFiLocaleManagerGetLocaleFromLocation: <+47.35804591,+19.18534345> +/- 5.00m (speed 2.80 mps / course 125.86) @ 12/23/16, 9:30:23 PM Central European Standard Time
12/23/2016 21:34:44.534 locale from bounding box 
12/23/2016 21:34:44.534 new locale:  , locale: 
12/23/2016 21:34:44.534 Stopping Low Accuracy Location Monitoring
12/23/2016 21:34:44.534 CLMonitoring is already stopped
12/23/2016 21:34:44.534 Stopping Low Accuracy Location Monitoring
12/23/2016 21:34:44.534 CLMonitoring is already stopped
12/23/2016 21:34:44.534 __WiFiLocationServiceManagerEventCallback, got cb dict {
    eventType = 0;
    location = "<+47.33213549,+19.22863904> +/- 10.00m (speed 27.15 mps / course 130.86) @ 12/23/16, 9:34:44 PM Central European Standard Time";
}
12/23/2016 21:34:44.534 WiFiLocationServiceManagerIsLocationValid: cachedLocationTimeout 120.000000 location age 0.000620secs, lifeSpan -1.000000 accuracy 10.000000(highAccReq 1), isValid 1
12/23/2016 21:34:44.534 WiFiLocationServiceManagerIsLocationValid: cachedLocationTimeout 120.000000 location age 0.000639secs, lifeSpan -1.000000 accuracy 10.000000(highAccReq 0), isValid 1
12/23/2016 21:34:44.534 __WiFiLocationServiceManagerProcessLocationAvailableEvent: isValidHighAccuracyLocation 1,  isValidLowAccuracyLocation 1
12/23/2016 21:34:57.065 Async scan requested by "locationd" for 1 iterations with maxage=0 priority low on en0
12/23/2016 21:34:57.065 Enqueuing command type: "Scan" pending commands: 0
12/23/2016 21:34:57.065 Dequeuing command type: "Scan" pending commands: 0
12/23/2016 21:34:57.065 Attempting Apple80211ScanAsync on en0
12/23/2016 21:34:57.451 Completed Apple80211ScanAsync on en0 (0x0)
12/23/2016 21:34:57.452 Async scan request completed for "locationd" (0)
12/23/2016 21:35:11.455 scanCache: Purging scan cache
12/23/2016 21:35:27.093 Async scan requested by "locationd" for 1 iterations with maxage=0 priority low on en0
12/23/2016 21:35:27.093 Enqueuing command type: "Scan" pending commands: 0
12/23/2016 21:35:27.093 Dequeuing command type: "Scan" pending commands: 0
12/23/2016 21:35:27.093 Attempting Apple80211ScanAsync on en0
12/23/2016 21:35:28.639 Completed Apple80211ScanAsync on en0 (0x0)
12/23/2016 21:35:28.639 Async scan request completed for "locationd" (0)
12/23/2016 21:35:42.640 scanCache: Purging scan cache
12/23/2016 21:35:58.070 Async scan requested by "locationd" for 1 iterations with maxage=0 priority low on en0
12/23/2016 21:35:58.070 Enqueuing command type: "Scan" pending commands: 0
12/23/2016 21:35:58.070 Dequeuing command type: "Scan" pending commands: 0
12/23/2016 21:35:58.070 Attempting Apple80211ScanAsync on en0
12/23/2016 21:35:58.823 Completed Apple80211ScanAsync on en0 (0x0)
12/23/2016 21:35:58.824 Async scan request completed for "locationd" (0)
12/23/2016 21:36:01.703 ATJManager: setting ask-to-join interaction mode to NonInteractive
12/23/2016 21:36:01.703 ATJManager: no entries to purge
12/23/2016 21:36:01.703 User interaction DISABLED
12/23/2016 21:36:01.703 Ignoring lock state manager->wakeMode 1

12/23/2016 21:36:01.748 Device display is OFF
12/23/2016 21:36:02.154 Foreground Network Application exited.
12/23/2016 21:36:02.154 BG Application: Not Present, BG Daemon: Present. Daemons: assistantd mediaserverd 
12/23/2016 21:36:02.154 LPAS is Enabled
12/23/2016 21:36:02.154 LPAS Enabled, Skip starting Disassocation timer
12/23/2016 21:36:12.827 scanCache: Purging scan cache
12/23/2016 21:36:44.536 WiFiLocaleManagerCheckLocale: trying to determine locale...
12/23/2016 21:36:44.536 WiFiManagerCoreLocationGetCachedLocation: getting cached location...
12/23/2016 21:36:44.548 __WiFiLocaleManagerGetLocaleFromMcc: finding iso country code for mcc 216 ....
12/23/2016 21:36:44.548 WiFiLocationServiceManagerIsLocationValid: cachedLocationTimeout 120.000000 location age 120.014365secs, lifeSpan -1.000000 accuracy 10.000000(highAccReq 0), isValid 1
12/23/2016 21:36:44.548 WiFiLocationServiceManagerStartLowAccuracyMonitoring: Cached low accuracy location is valid
12/23/2016 21:36:44.548 WiFiLocationServiceManagerIsLocationValid: cachedLocationTimeout 120.000000 location age 120.014506secs, lifeSpan -1.000000 accuracy 10.000000(highAccReq 1), isValid 1
12/23/2016 21:36:44.548 WiFiLocationServiceManagerIsLocationValid: cachedLocationTimeout 120.000000 location age 120.014559secs, lifeSpan -1.000000 accuracy 10.000000(highAccReq 0), isValid 1
12/23/2016 21:36:44.548 __WiFiLocationServiceManagerProcessLocationAvailableEvent: isValidHighAccuracyLocation 1,  isValidLowAccuracyLocation 1
12/23/2016 21:36:44.548 __WiFiLocationServiceManagerProcessLocationAvailableEvent: give low accuracy callback
12/23/2016 21:36:44.549 __WiFiLocaleManagerGetLocaleFromLocation: <+47.33213549,+19.22863904> +/- 10.00m (speed 27.15 mps / course 130.86) @ 12/23/16, 9:34:44 PM Central European Standard Time
12/23/2016 21:36:44.549 locale from bounding box 
12/23/2016 21:36:44.549 new locale:  , locale: 
12/23/2016 21:36:44.549 Stopping Low Accuracy Location Monitoring
12/23/2016 21:36:44.549 CLMonitoring is already stopped
12/23/2016 21:36:44.549 Stopping Low Accuracy Location Monitoring
12/23/2016 21:36:44.549 CLMonitoring is already stopped
12/23/2016 21:36:44.550 __WiFiLocationServiceManagerEventCallback, got cb dict {
    eventType = 0;
    location = "<+47.31983989,+19.25348044> +/- 10.00m (speed 23.75 mps / course 124.80) @ 12/23/16, 9:36:16 PM Central European Standard Time";
}
12/23/2016 21:36:44.550 WiFiLocationServiceManagerIsLocationValid: cachedLocationTimeout 120.000000 location age 28.551069secs, lifeSpan -1.000000 accuracy 10.000000(highAccReq 1), isValid 1
12/23/2016 21:36:44.550 WiFiLocationServiceManagerIsLocationValid: cachedLocationTimeout 120.000000 location age 28.551121secs, lifeSpan -1.000000 accuracy 10.000000(highAccReq 0), isValid 1
12/23/2016 21:36:44.551 __WiFiLocationServiceManagerProcessLocationAvailableEvent: isValidHighAccuracyLocation 1,  isValidLowAccuracyLocation 1
12/23/2016 21:38:44.533 WiFiLocaleManagerCheckLocale: trying to determine locale...
12/23/2016 21:38:44.534 WiFiManagerCoreLocationGetCachedLocation: getting cached location...
12/23/2016 21:38:44.558 __WiFiLocaleManagerGetLocaleFromMcc: finding iso country code for mcc 216 ....
12/23/2016 21:38:44.558 WiFiLocationServiceManagerIsLocationValid: cachedLocationTimeout 120.000000 location age 148.558629secs, lifeSpan -1.000000 accuracy 10.000000(highAccReq 0), isValid 1
12/23/2016 21:38:44.558 WiFiLocationServiceManagerStartLowAccuracyMonitoring: Cached low accuracy location is valid
12/23/2016 21:38:44.558 WiFiLocationServiceManagerIsLocationValid: cachedLocationTimeout 120.000000 location age 148.558771secs, lifeSpan -1.000000 accuracy 10.000000(highAccReq 1), isValid 1
12/23/2016 21:38:44.558 WiFiLocationServiceManagerIsLocationValid: cachedLocationTimeout 120.000000 location age 148.558825secs, lifeSpan -1.000000 accuracy 10.000000(highAccReq 0), isValid 1
12/23/2016 21:38:44.558 __WiFiLocationServiceManagerProcessLocationAvailableEvent: isValidHighAccuracyLocation 1,  isValidLowAccuracyLocation 1
12/23/2016 21:38:44.558 __WiFiLocationServiceManagerProcessLocationAvailableEvent: give low accuracy callback
12/23/2016 21:38:44.559 __WiFiLocaleManagerGetLocaleFromLocation: <+47.31983989,+19.25348044> +/- 10.00m (speed 23.75 mps / course 124.80) @ 12/23/16, 9:36:16 PM Central European Standard Time
12/23/2016 21:38:44.559 locale from bounding box 
12/23/2016 21:38:44.559 new locale:  , locale: 
12/23/2016 21:38:44.559 Stopping Low Accuracy Location Monitoring
12/23/2016 21:38:44.559 CLMonitoring is already stopped
12/23/2016 21:38:44.559 Stopping Low Accuracy Location Monitoring
12/23/2016 21:38:44.559 CLMonitoring is already stopped
12/23/2016 21:38:44.559 __WiFiLocationServiceManagerEventCallback, got cb dict {
    eventType = 0;
    location = "<+47.31983989,+19.25348044> +/- 10.00m (speed 23.75 mps / course 124.80) @ 12/23/16, 9:36:16 PM Central European Standard Time";
}
12/23/2016 21:38:44.560 WiFiLocationServiceManagerIsLocationValid: cachedLocationTimeout 120.000000 location age 148.560808secs, lifeSpan -1.000000 accuracy 10.000000(highAccReq 1), isValid 1
12/23/2016 21:38:44.560 WiFiLocationServiceManagerIsLocationValid: cachedLocationTimeout 120.000000 location age 148.560863secs, lifeSpan -1.000000 accuracy 10.000000(highAccReq 0), isValid 1
12/23/2016 21:38:44.560 __WiFiLocationServiceManagerProcessLocationAvailableEvent: isValidHighAccuracyLocation 1,  isValidLowAccuracyLocation 1
12/23/2016 21:39:03.645 WoW is Disabled, 0 WoW Clients
12/23/2016 21:39:31.707 __WiFiDeviceProcessDumpLogsEvent: Dump logs event received, dumped wifid log buffer to file
