 1/03/2017 11:13:12.396 Power stats update: Type 0x6 UnassociatedSleepDur 0 AssociatedSleepDur 481971 TotalDur 485305 RoamDur 0
 1/03/2017 11:13:12.397 WiFiAWDManagerSubmitMetric: metric container could not be generated for metric id <0x90010>
 1/03/2017 11:13:12.398 __WiFiLQAMgrLogStats: Rssi: -47 Cca: 15 TxPer: 0.0% (0) BcnPer: 0.0% (0) RxFrms 0 TxRate: 0 RxRate: 0
 1/03/2017 11:13:12.429 __WiFiDeviceCopyLinkChangedSubReasonString: Apple80211ReturnToString failed 1
 1/03/2017 11:13:12.429 __WiFiDeviceProcessDriverAvailableEvent: driver availability true, reason Initializing(0xe0821803), subreason (null)(0x0)
 1/03/2017 11:13:12.429 __WiFiManagerDispatchDeviceAvailable: driver availability true

 1/03/2017 11:13:12.436 __WiFiDeviceManagerAutoAssociate: Already connected to DIGI-146A.
 1/03/2017 11:13:12.436 WiFiAWDManagerSubmitMetric: metric container could not be generated for metric id <0x9000e>
 1/03/2017 11:13:12.440 __WiFiDeviceManagerAwdlAvailableCallback: AWDL availability changed to TRUE
 1/03/2017 11:13:12.440 __WiFiDeviceManagerAutoAssociate: Already connected to DIGI-146A.
 1/03/2017 11:13:12.442 No Change in Background Scan Networks, Skip Re-Programming Background Scan

 1/03/2017 11:13:12.519 __WiFiManagerCellularTransmitCallback_block_invoke: Cellular Transmit Started = FALSE
 1/03/2017 11:13:12.716 Disable WoW requested by "apsd"
 1/03/2017 11:13:12.717 WoW Capable = YES, Attempting to disable WoW and enable LPAS 
 1/03/2017 11:13:12.718 Setting WoW params to <CFBasicHash 0x14cee4bf0 [0x1a0950150]>{type = immutable dict, count = 3,
entries =>
	0 : <CFString 0x100175960 [0x1a0950150]>{contents = "IO80211InterfaceEnableLowPwrAssocMode"} = <CFBoolean 0x1a09506c8 [0x1a0950150]>{value = true}
	1 : <CFString 0x100175940 [0x1a0950150]>{contents = "IO80211InterfaceEnableWoW"} = <CFBoolean 0x1a09506d8 [0x1a0950150]>{value = false}
	2 : <CFString 0x100185ae0 [0x1a0950150]>{contents = "IO80211InterfaceEnableWoWOnCaptive"} = <CFBoolean 0x1a09506d8 [0x1a0950150]>{value = false}
}

 1/03/2017 11:13:12.719 WiFiDeviceRequestAssociatedSleep: ActiveDuringSleepRequested is already set (<CFBasicHash 0x14ce9d770 [0x1a0950150]>{type = immutable dict, count = 0,
entries =>
}
).
 1/03/2017 11:13:12.719 WoW Disabled, 0 WoW Clients, lpas is Enabled, WoW Override is Disabled, Captive Disabled
 1/03/2017 11:13:12.722 Unable to dispatch WowStateChanged message to client dataaccessd (268435460)
 1/03/2017 11:13:12.722 Unable to dispatch WowStateChanged message to client itunesstored (268435460)
 1/03/2017 11:13:12.724 Unable to dispatch WowStateChanged message to client mediaserverd (268435460)
 1/03/2017 11:13:12.726 Unable to dispatch WowStateChanged message to client MobileMail (268435460)
 1/03/2017 11:13:12.729 Unable to dispatch WowStateChanged message to client profiled (268435460)
 1/03/2017 11:13:12.745 Unable to dispatch WowStateChanged message to client assistantd (268435460)
 1/03/2017 11:13:12.748 WoW is Disabled, 0 WoW Clients
 1/03/2017 11:13:12.757 WoW is Disabled, 0 WoW Clients
 1/03/2017 11:13:12.758 WoW is Disabled, 0 WoW Clients
 1/03/2017 11:13:12.805 WoW is Disabled, 0 WoW Clients
 1/03/2017 11:13:17.609 Client apsd set type to normal application
 1/03/2017 11:13:17.609 __WiFiManagerSetEnableState: state TRUE, manager->enable.setting TRUE, manager->unlockedSinceBoot TRUE
 1/03/2017 11:13:17.609 BG Application: Not Present, BG Daemon: Present. Daemons: mediaserverd 
 1/03/2017 11:13:22.328 __WiFiLQAMgrLogStats: Rssi: -47 Cca: 53 TxPer: 0.0% (0) BcnPer: 2.0% (50) RxFrms 1 TxRate: 72222 RxRate: 65000
 1/03/2017 11:13:27.336 __WiFiLQAMgrLogStats: Rssi: -48 Cca: 53 TxPer: 0.0% (0) BcnPer: 0.0% (50) RxFrms 0 TxRate: 72222 RxRate: 65000
 1/03/2017 11:13:32.001 WiFiLocaleManagerCheckLocale: location service or wifi is off, set locale to default
 1/03/2017 11:13:32.001 new locale:  , locale: 
 1/03/2017 11:13:32.344 __WiFiLQAMgrLogStats: Rssi: -51 Cca: 53 TxPer: 0.0% (0) BcnPer: 0.0% (0) RxFrms 0 TxRate: 72222 RxRate: 65000
 1/03/2017 11:13:32.459 Received kIOMessageSystemWillSleep
 1/03/2017 11:13:32.460 System Sleep notification, Disabling auto-join
 1/03/2017 11:13:32.460 __WiFiManagerSetEnableState: state FALSE, manager->enable.setting TRUE, manager->unlockedSinceBoot TRUE
 1/03/2017 11:13:32.460 Disabling automatic association
 1/03/2017 11:13:32.512 WoW is Disabled, 0 WoW Clients
 1/03/2017 11:13:32.611 __WiFiDeviceManagerAwdlAvailableCallback: AWDL availability changed to FALSE
 1/03/2017 11:13:32.611 __WiFiDeviceCopyLinkChangedSubReasonString: Apple80211ReturnToString failed 1
 1/03/2017 11:13:32.611 __WiFiDeviceProcessDriverAvailableEvent: driver availability false, reason PowerOff(0xe0821804), subreason (null)(0x0)
 1/03/2017 11:13:32.611 __WiFiManagerDispatchDeviceAvailable: driver availability false

 1/03/2017 11:13:32.618 WiFiAWDManagerSubmitMetric: metric container could not be generated for metric id <0x9000e>
 1/03/2017 11:13:32.624 WoW is Disabled, 0 WoW Clients
 1/03/2017 11:16:05.583 Received kIOMessageSystemWillPowerOn
 1/03/2017 11:16:05.655 System wake reason: AOP.ExternalReq baseband
 1/03/2017 11:16:05.655 System Powered ON notification Re-enabling auto-join
 1/03/2017 11:16:05.656 __WiFiManagerSetEnableState: state TRUE, manager->enable.setting TRUE, manager->unlockedSinceBoot TRUE
 1/03/2017 11:16:05.656 Enabling automatic association
 1/03/2017 11:16:05.661 __WiFiDeviceManagerAutoAssociate: Already connected to DIGI-146A.
 1/03/2017 11:16:05.662 WiFiLocaleManagerCheckLocale: location service or wifi is off, set locale to default
 1/03/2017 11:16:05.663 new locale:  , locale: 
 1/03/2017 11:16:05.663 Power stats update: Type 0x5 UnassociatedSleepDur 0 AssociatedSleepDur 89821 TotalDur 153026 RoamDur 0
 1/03/2017 11:16:05.674 WiFiAWDManagerSubmitMetric: metric container could not be generated for metric id <0x90010>
 1/03/2017 11:16:05.679 __WiFiLQAMgrLogStats: Rssi: -48 Cca: 53 TxPer: 0.0% (0) BcnPer: 0.0% (0) RxFrms 0 TxRate: 72222 RxRate: 65000
 1/03/2017 11:16:05.691 __WiFiDeviceManagerAwdlAvailableCallback: AWDL availability changed to TRUE
 1/03/2017 11:16:05.691 __WiFiDeviceCopyLinkChangedSubReasonString: Apple80211ReturnToString failed 1
 1/03/2017 11:16:05.691 __WiFiDeviceProcessDriverAvailableEvent: driver availability true, reason Initializing(0xe0821803), subreason (null)(0x0)
 1/03/2017 11:16:05.691 __WiFiManagerDispatchDeviceAvailable: driver availability true

 1/03/2017 11:16:05.695 __WiFiDeviceManagerAutoAssociate: Already connected to DIGI-146A.
 1/03/2017 11:16:05.695 WiFiAWDManagerSubmitMetric: metric container could not be generated for metric id <0x9000e>
 1/03/2017 11:16:05.706 __WiFiDeviceManagerAutoAssociate: Already connected to DIGI-146A.
 1/03/2017 11:16:05.708 No Change in Background Scan Networks, Skip Re-Programming Background Scan

 1/03/2017 11:16:06.012 __WiFiManagerCellularTransmitCallback_block_invoke: Cellular Transmit Started = TRUE
 1/03/2017 11:16:06.215 WoW is Disabled, 0 WoW Clients
 1/03/2017 11:16:10.516 __WiFiManagerCellularTransmitCallback_block_invoke: Cellular Transmit Started = FALSE
 1/03/2017 11:16:15.977 Received kIOMessageSystemWillSleep
 1/03/2017 11:16:15.977 System Sleep notification, Disabling auto-join
 1/03/2017 11:16:15.977 __WiFiManagerSetEnableState: state FALSE, manager->enable.setting TRUE, manager->unlockedSinceBoot TRUE
 1/03/2017 11:16:15.977 Disabling automatic association
 1/03/2017 11:16:16.023 WoW is Disabled, 0 WoW Clients
 1/03/2017 11:16:16.143 __WiFiDeviceCopyLinkChangedSubReasonString: Apple80211ReturnToString failed 1
 1/03/2017 11:16:16.143 __WiFiDeviceProcessDriverAvailableEvent: driver availability false, reason PowerOff(0xe0821804), subreason (null)(0x0)
 1/03/2017 11:16:16.143 __WiFiManagerDispatchDeviceAvailable: driver availability false

 1/03/2017 11:16:16.144 WiFiAWDManagerSubmitMetric: metric container could not be generated for metric id <0x9000e>
 1/03/2017 11:16:16.146 __WiFiDeviceManagerAwdlAvailableCallback: AWDL availability changed to FALSE
 1/03/2017 11:16:16.148 WoW is Disabled, 0 WoW Clients
 1/03/2017 11:21:17.247 Received kIOMessageSystemWillPowerOn
 1/03/2017 11:21:17.257 System wake reason: AOP.ExternalReq wlan
 1/03/2017 11:21:17.258 System Powered ON notification Re-enabling auto-join
 1/03/2017 11:21:17.259 __WiFiManagerSetEnableState: state TRUE, manager->enable.setting TRUE, manager->unlockedSinceBoot TRUE
 1/03/2017 11:21:17.260 Enabling automatic association
 1/03/2017 11:21:17.261 __WiFiDeviceManagerAutoAssociate: Already connected to DIGI-146A.
 1/03/2017 11:21:17.261 WiFiLocaleManagerCheckLocale: location service or wifi is off, set locale to default
 1/03/2017 11:21:17.261 new locale:  , locale: 
 1/03/2017 11:21:17.264 __WiFiDeviceProcessDumpLogsEvent: Dump logs event received, dumped wifid log buffer to file
