 1/14/2017  2:12:00.653 __WiFiDeviceManagerAwdlAvailableCallback: AWDL availability changed to TRUE
 1/14/2017  2:12:00.654 Power stats update: Type 0x6 UnassociatedSleepDur 0 AssociatedSleepDur 565055 TotalDur 576372 RoamDur 6285
 1/14/2017  2:12:00.654 WiFiAWDManagerSubmitMetric: metric container could not be generated for metric id <0x90010>
 1/14/2017  2:12:00.654 __WiFiLQAMgrLogStats: Rssi: -70 Cca: 15 TxPer: 0.0% (0) BcnPer: 0.0% (0) RxFrms 0 TxRate: 0 RxRate: 0
 1/14/2017  2:12:00.687 __WiFiDeviceCopyLinkChangedSubReasonString: Apple80211ReturnToString failed 1
 1/14/2017  2:12:00.687 __WiFiDeviceProcessDriverAvailableEvent: driver availability true, reason Initializing(0xe0821803), subreason (null)(0x0)
 1/14/2017  2:12:00.687 __WiFiManagerDispatchDeviceAvailable: driver availability true

 1/14/2017  2:12:00.689 Unable to dispatch message to client MessagesViewServ (268435460)
 1/14/2017  2:12:00.693 __WiFiDeviceManagerAutoAssociate: Already connected to DIGI-146A.
 1/14/2017  2:12:00.693 WiFiAWDManagerSubmitMetric: metric container could not be generated for metric id <0x9000e>
 1/14/2017  2:12:00.705 __WiFiDeviceManagerAutoAssociate: Already connected to DIGI-146A.
 1/14/2017  2:12:00.706 No Change in Background Scan Networks, Skip Re-Programming Background Scan

 1/14/2017  2:12:00.745 __WiFiManagerCellularTransmitCallback_block_invoke: Cellular Transmit Started = FALSE
 1/14/2017  2:12:00.782 apsd[273] is a wow client
 1/14/2017  2:12:00.782 WoW is Enabled, 1 WoW Clients
 1/14/2017  2:12:00.941 Disable WoW requested by "apsd"
 1/14/2017  2:12:00.943 WoW Capable = YES, Attempting to disable WoW and enable LPAS 
 1/14/2017  2:12:00.944 Setting WoW params to <CFBasicHash 0x14cdcc140 [0x1a0950150]>{type = immutable dict, count = 3,
entries =>
	0 : <CFString 0x100175960 [0x1a0950150]>{contents = "IO80211InterfaceEnableLowPwrAssocMode"} = <CFBoolean 0x1a09506c8 [0x1a0950150]>{value = true}
	1 : <CFString 0x100175940 [0x1a0950150]>{contents = "IO80211InterfaceEnableWoW"} = <CFBoolean 0x1a09506d8 [0x1a0950150]>{value = false}
	2 : <CFString 0x100185ae0 [0x1a0950150]>{contents = "IO80211InterfaceEnableWoWOnCaptive"} = <CFBoolean 0x1a09506d8 [0x1a0950150]>{value = false}
}

 1/14/2017  2:12:00.945 WiFiDeviceRequestAssociatedSleep: ActiveDuringSleepRequested is already set (<CFBasicHash 0x14ceac570 [0x1a0950150]>{type = immutable dict, count = 0,
entries =>
}
).
 1/14/2017  2:12:00.947 WoW Disabled, 0 WoW Clients, lpas is Enabled, WoW Override is Disabled, Captive Disabled
 1/14/2017  2:12:00.948 Unable to dispatch WowStateChanged message to client dataaccessd (268435460)
 1/14/2017  2:12:00.964 Unable to dispatch WowStateChanged message to client itunesstored (268435460)
 1/14/2017  2:12:00.974 Unable to dispatch WowStateChanged message to client mediaserverd (268435460)
 1/14/2017  2:12:00.980 Unable to dispatch WowStateChanged message to client MobileMail (268435460)
 1/14/2017  2:12:00.980 Unable to dispatch WowStateChanged message to client profiled (268435460)
 1/14/2017  2:12:00.983 Unable to dispatch WowStateChanged message to client MessagesViewServ (268435460)
 1/14/2017  2:12:00.991 Unable to dispatch WowStateChanged message to client assistantd (268435460)
 1/14/2017  2:12:00.999 WoW is Disabled, 0 WoW Clients
 1/14/2017  2:12:00.999 WoW is Disabled, 0 WoW Clients
 1/14/2017  2:12:01.000 WoW is Disabled, 0 WoW Clients
 1/14/2017  2:12:05.925 Client apsd set type to normal application
 1/14/2017  2:12:05.925 __WiFiManagerSetEnableState: state TRUE, manager->enable.setting TRUE, manager->unlockedSinceBoot TRUE
 1/14/2017  2:12:05.925 BG Application: Not Present, BG Daemon: Present. Daemons: mediaserverd 
 1/14/2017  2:12:20.505 Received kIOMessageSystemWillSleep
 1/14/2017  2:12:20.505 System Sleep notification, Disabling auto-join
 1/14/2017  2:12:20.505 __WiFiManagerSetEnableState: state FALSE, manager->enable.setting TRUE, manager->unlockedSinceBoot TRUE
 1/14/2017  2:12:20.505 Disabling automatic association
 1/14/2017  2:12:20.536 WoW is Disabled, 0 WoW Clients
 1/14/2017  2:12:20.616 
Too frequent(0.683002 secs) rssi event from driver, ignoring

 1/14/2017  2:12:20.658 __WiFiDeviceManagerAwdlAvailableCallback: AWDL availability changed to FALSE
 1/14/2017  2:12:20.659 __WiFiDeviceCopyLinkChangedSubReasonString: Apple80211ReturnToString failed 1
 1/14/2017  2:12:20.659 __WiFiDeviceProcessDriverAvailableEvent: driver availability false, reason PowerOff(0xe0821804), subreason (null)(0x0)
 1/14/2017  2:12:20.659 __WiFiManagerDispatchDeviceAvailable: driver availability false

 1/14/2017  2:12:20.664 Unable to dispatch message to client MessagesViewServ (268435460)
 1/14/2017  2:12:20.664 WiFiAWDManagerSubmitMetric: metric container could not be generated for metric id <0x9000e>
 1/14/2017  2:12:20.673 WoW is Disabled, 0 WoW Clients
 1/14/2017  2:12:21.152 Received kIOMessageSystemWillPowerOn
 1/14/2017  2:12:21.153 System wake reason: AOP.ExternalReq baseband
 1/14/2017  2:12:21.153 System Powered ON notification Re-enabling auto-join
 1/14/2017  2:12:21.153 __WiFiManagerSetEnableState: state TRUE, manager->enable.setting TRUE, manager->unlockedSinceBoot TRUE
 1/14/2017  2:12:21.153 Enabling automatic association
 1/14/2017  2:12:21.153 __WiFiDeviceManagerAutoAssociate: Already connected to DIGI-146A.
 1/14/2017  2:12:21.160 WiFiLocaleManagerCheckLocale: location service or wifi is off, set locale to default
 1/14/2017  2:12:21.160 new locale:  , locale: 
 1/14/2017  2:12:21.160 Power stats update: Type 0x5 UnassociatedSleepDur 0 AssociatedSleepDur 92 TotalDur 456 RoamDur 0
 1/14/2017  2:12:21.160 WiFiAWDManagerSubmitMetric: metric container could not be generated for metric id <0x90010>
 1/14/2017  2:12:21.183 __WiFiDeviceCopyLinkChangedSubReasonString: Apple80211ReturnToString failed 1
 1/14/2017  2:12:21.184 __WiFiDeviceProcessDriverAvailableEvent: driver availability true, reason Initializing(0xe0821803), subreason (null)(0x0)
 1/14/2017  2:12:21.184 __WiFiManagerDispatchDeviceAvailable: driver availability true

 1/14/2017  2:12:21.185 Unable to dispatch message to client MessagesViewServ (268435460)
 1/14/2017  2:12:21.185 __WiFiDeviceManagerAutoAssociate: Already connected to DIGI-146A.
 1/14/2017  2:12:21.186 WiFiAWDManagerSubmitMetric: metric container could not be generated for metric id <0x9000e>
 1/14/2017  2:12:21.186 __WiFiDeviceManagerAutoAssociate: Already connected to DIGI-146A.
 1/14/2017  2:12:21.194 No Change in Background Scan Networks, Skip Re-Programming Background Scan

 1/14/2017  2:12:21.246 __WiFiDeviceManagerAwdlAvailableCallback: AWDL availability changed to TRUE
 1/14/2017  2:12:21.265 __WiFiManagerCellularTransmitCallback_block_invoke: Cellular Transmit Started = FALSE
 1/14/2017  2:12:21.300 WoW is Disabled, 0 WoW Clients
 1/14/2017  2:12:26.337 Received kIOMessageSystemWillSleep
 1/14/2017  2:12:26.337 System Sleep notification, Disabling auto-join
 1/14/2017  2:12:26.337 __WiFiManagerSetEnableState: state FALSE, manager->enable.setting TRUE, manager->unlockedSinceBoot TRUE
 1/14/2017  2:12:26.337 Disabling automatic association
 1/14/2017  2:12:26.359 
Too frequent(0.225710 secs) rssi event from driver, ignoring

 1/14/2017  2:12:26.380 WoW is Disabled, 0 WoW Clients
 1/14/2017  2:12:26.505 __WiFiDeviceManagerAwdlAvailableCallback: AWDL availability changed to FALSE
 1/14/2017  2:12:26.506 __WiFiDeviceCopyLinkChangedSubReasonString: Apple80211ReturnToString failed 1
 1/14/2017  2:12:26.506 __WiFiDeviceProcessDriverAvailableEvent: driver availability false, reason PowerOff(0xe0821804), subreason (null)(0x0)
 1/14/2017  2:12:26.507 __WiFiManagerDispatchDeviceAvailable: driver availability false

 1/14/2017  2:12:26.508 Unable to dispatch message to client MessagesViewServ (268435460)
 1/14/2017  2:12:26.509 WiFiAWDManagerSubmitMetric: metric container could not be generated for metric id <0x9000e>
 1/14/2017  2:12:26.518 WoW is Disabled, 0 WoW Clients
 1/14/2017  2:17:27.573 Received kIOMessageSystemWillPowerOn
 1/14/2017  2:17:27.573 System wake reason: AOP.ExternalReq wlan
 1/14/2017  2:17:27.573 System Powered ON notification Re-enabling auto-join
 1/14/2017  2:17:27.573 __WiFiManagerSetEnableState: state TRUE, manager->enable.setting TRUE, manager->unlockedSinceBoot TRUE
 1/14/2017  2:17:27.573 Enabling automatic association
 1/14/2017  2:17:27.576 __WiFiDeviceManagerAutoAssociate: Already connected to DIGI-146A.
 1/14/2017  2:17:27.577 WiFiLocaleManagerCheckLocale: location service or wifi is off, set locale to default
 1/14/2017  2:17:27.577 new locale:  , locale: 
 1/14/2017  2:17:27.577 __WiFiDeviceProcessDumpLogsEvent: Dump logs event received, dumped wifid log buffer to file
