 1/13/2017 22:25:02.726 Disable WoW requested by "apsd"
 1/13/2017 22:25:02.728 WoW Capable = YES, Attempting to disable WoW and enable LPAS 
 1/13/2017 22:25:02.728 Setting WoW params to <CFBasicHash 0x14e0075b0 [0x1a0950150]>{type = immutable dict, count = 3,
entries =>
	0 : <CFString 0x100175960 [0x1a0950150]>{contents = "IO80211InterfaceEnableLowPwrAssocMode"} = <CFBoolean 0x1a09506c8 [0x1a0950150]>{value = true}
	1 : <CFString 0x100175940 [0x1a0950150]>{contents = "IO80211InterfaceEnableWoW"} = <CFBoolean 0x1a09506d8 [0x1a0950150]>{value = false}
	2 : <CFString 0x100185ae0 [0x1a0950150]>{contents = "IO80211InterfaceEnableWoWOnCaptive"} = <CFBoolean 0x1a09506d8 [0x1a0950150]>{value = false}
}

 1/13/2017 22:25:02.729 WiFiDeviceRequestAssociatedSleep: ActiveDuringSleepRequested is already set (<CFBasicHash 0x14cf77950 [0x1a0950150]>{type = immutable dict, count = 0,
entries =>
}
).
 1/13/2017 22:25:02.729 WoW Disabled, 0 WoW Clients, lpas is Enabled, WoW Override is Disabled, Captive Disabled
 1/13/2017 22:25:02.730 Unable to dispatch WowStateChanged message to client dataaccessd (268435460)
 1/13/2017 22:25:02.736 Unable to dispatch WowStateChanged message to client itunesstored (268435460)
 1/13/2017 22:25:02.745 Unable to dispatch WowStateChanged message to client mediaserverd (268435460)
 1/13/2017 22:25:02.746 Unable to dispatch WowStateChanged message to client MobileMail (268435460)
 1/13/2017 22:25:02.746 Unable to dispatch WowStateChanged message to client profiled (268435460)
 1/13/2017 22:25:02.748 Unable to dispatch WowStateChanged message to client MessagesViewServ (268435460)
 1/13/2017 22:25:02.748 Unable to dispatch WowStateChanged message to client assistantd (268435460)
 1/13/2017 22:25:02.750 Power stats update: Type 0x6 UnassociatedSleepDur 0 AssociatedSleepDur 1458221 TotalDur 1470954 RoamDur 0
 1/13/2017 22:25:02.750 WiFiAWDManagerSubmitMetric: metric container could not be generated for metric id <0x90010>
 1/13/2017 22:25:02.750 WoW is Disabled, 0 WoW Clients
 1/13/2017 22:25:02.751 __WiFiLQAMgrLogStats: Rssi: -60 Cca: 28 TxPer: 0.0% (0) BcnPer: 0.0% (0) RxFrms 0 TxRate: 0 RxRate: 0
 1/13/2017 22:25:02.753 WoW is Disabled, 0 WoW Clients
 1/13/2017 22:25:02.753 WoW is Disabled, 0 WoW Clients
 1/13/2017 22:25:02.757 __WiFiDeviceCopyLinkChangedSubReasonString: Apple80211ReturnToString failed 1
 1/13/2017 22:25:02.757 __WiFiDeviceProcessDriverAvailableEvent: driver availability true, reason Initializing(0xe0821803), subreason (null)(0x0)
 1/13/2017 22:25:02.758 __WiFiManagerDispatchDeviceAvailable: driver availability true

 1/13/2017 22:25:02.759 Unable to dispatch message to client MessagesViewServ (268435460)
 1/13/2017 22:25:02.760 __WiFiDeviceManagerAutoAssociate: Already connected to DIGI-146A.
 1/13/2017 22:25:02.761 WiFiAWDManagerSubmitMetric: metric container could not be generated for metric id <0x9000e>
 1/13/2017 22:25:02.767 __WiFiDeviceManagerAutoAssociate: Already connected to DIGI-146A.
 1/13/2017 22:25:02.769 No Change in Background Scan Networks, Skip Re-Programming Background Scan

 1/13/2017 22:25:03.275 __WiFiManagerCellularTransmitCallback_block_invoke: Cellular Transmit Started = TRUE
 1/13/2017 22:25:03.540 Device display is ON
 1/13/2017 22:25:03.540 __WiFiManagerSetEnableState: state TRUE, manager->enable.setting TRUE, manager->unlockedSinceBoot TRUE
 1/13/2017 22:25:03.540 __WiFiDeviceManagerAutoAssociate: Already connected to DIGI-146A.
 1/13/2017 22:25:03.565 WoW is Disabled, 0 WoW Clients
 1/13/2017 22:25:03.568 WoW is Disabled, 0 WoW Clients
 1/13/2017 22:25:07.703 Client apsd set type to normal application
 1/13/2017 22:25:07.703 __WiFiManagerSetEnableState: state TRUE, manager->enable.setting TRUE, manager->unlockedSinceBoot TRUE
 1/13/2017 22:25:07.703 BG Application: Not Present, BG Daemon: Present. Daemons: mediaserverd 
 1/13/2017 22:25:12.492 __WiFiManagerCellularTransmitCallback_block_invoke: Cellular Transmit Started = FALSE
 1/13/2017 22:25:12.624 __WiFiLQAMgrLogStats: Rssi: -59 Cca: 41 TxPer: 0.0% (1) BcnPer: 0.0% (0) RxFrms 27 TxRate: 52000 RxRate: 65000
 1/13/2017 22:25:17.628 __WiFiLQAMgrLogStats: Rssi: -59 Cca: 52 TxPer: 0.0% (2) BcnPer: 3.0% (99) RxFrms 0 TxRate: 52000 RxRate: 65000
 1/13/2017 22:25:18.788 Device display is OFF
 1/13/2017 22:25:22.633 __WiFiLQAMgrLogStats: Rssi: -60 Cca: 46 TxPer: 0.0% (0) BcnPer: 0.0% (0) RxFrms 0 TxRate: 52000 RxRate: 65000
 1/13/2017 22:25:27.638 __WiFiLQAMgrLogStats: Rssi: -58 Cca: 55 TxPer: 0.0% (0) BcnPer: 1.0% (100) RxFrms 3 TxRate: 52000 RxRate: 65000
 1/13/2017 22:25:32.647 __WiFiLQAMgrLogStats: Rssi: -58 Cca: 30 TxPer: 0.0% (11) BcnPer: 0.0% (0) RxFrms 10 TxRate: 52000 RxRate: 65000
 1/13/2017 22:25:35.525 Received kIOMessageSystemWillSleep
 1/13/2017 22:25:35.526 System Sleep notification, Disabling auto-join
 1/13/2017 22:25:35.526 __WiFiManagerSetEnableState: state FALSE, manager->enable.setting TRUE, manager->unlockedSinceBoot TRUE
 1/13/2017 22:25:35.526 Disabling automatic association
 1/13/2017 22:25:35.564 WoW is Disabled, 0 WoW Clients
 1/13/2017 22:25:35.665 __WiFiDeviceManagerAwdlAvailableCallback: AWDL availability changed to FALSE
 1/13/2017 22:25:35.665 __WiFiDeviceCopyLinkChangedSubReasonString: Apple80211ReturnToString failed 1
 1/13/2017 22:25:35.665 __WiFiDeviceProcessDriverAvailableEvent: driver availability false, reason PowerOff(0xe0821804), subreason (null)(0x0)
 1/13/2017 22:25:35.666 __WiFiManagerDispatchDeviceAvailable: driver availability false

 1/13/2017 22:25:35.673 Unable to dispatch message to client MessagesViewServ (268435460)
 1/13/2017 22:25:35.674 WiFiAWDManagerSubmitMetric: metric container could not be generated for metric id <0x9000e>
 1/13/2017 22:25:35.679 WoW is Disabled, 0 WoW Clients
 1/13/2017 22:27:37.531 Received kIOMessageSystemWillPowerOn
 1/13/2017 22:27:37.532 System wake reason: AOP.ExternalReq baseband
 1/13/2017 22:27:37.532 System Powered ON notification Re-enabling auto-join
 1/13/2017 22:27:37.532 __WiFiManagerSetEnableState: state TRUE, manager->enable.setting TRUE, manager->unlockedSinceBoot TRUE
 1/13/2017 22:27:37.532 Enabling automatic association
 1/13/2017 22:27:37.532 __WiFiDeviceManagerAutoAssociate: Already connected to DIGI-146A.
 1/13/2017 22:27:37.532 WiFiLocaleManagerCheckLocale: location service or wifi is off, set locale to default
 1/13/2017 22:27:37.532 new locale:  , locale: 
 1/13/2017 22:27:37.578 Power stats update: Type 0x5 UnassociatedSleepDur 0 AssociatedSleepDur 67771 TotalDur 121844 RoamDur 0
 1/13/2017 22:27:37.578 WiFiAWDManagerSubmitMetric: metric container could not be generated for metric id <0x90010>
 1/13/2017 22:27:37.587 __WiFiDeviceManagerAwdlAvailableCallback: AWDL availability changed to TRUE
 1/13/2017 22:27:37.588 __WiFiLQAMgrLogStats: Rssi: -57 Cca: 30 TxPer: 0.0% (0) BcnPer: 0.0% (0) RxFrms 0 TxRate: 0 RxRate: 0
 1/13/2017 22:27:37.589 __WiFiDeviceCopyLinkChangedSubReasonString: Apple80211ReturnToString failed 1
 1/13/2017 22:27:37.589 __WiFiDeviceProcessDriverAvailableEvent: driver availability true, reason Initializing(0xe0821803), subreason (null)(0x0)
 1/13/2017 22:27:37.589 __WiFiManagerDispatchDeviceAvailable: driver availability true

 1/13/2017 22:27:37.591 Unable to dispatch message to client MessagesViewServ (268435460)
 1/13/2017 22:27:37.591 __WiFiDeviceManagerAutoAssociate: Already connected to DIGI-146A.
 1/13/2017 22:27:37.591 WiFiAWDManagerSubmitMetric: metric container could not be generated for metric id <0x9000e>
 1/13/2017 22:27:37.598 __WiFiDeviceManagerAutoAssociate: Already connected to DIGI-146A.
 1/13/2017 22:27:37.599 No Change in Background Scan Networks, Skip Re-Programming Background Scan

 1/13/2017 22:27:37.640 __WiFiManagerCellularTransmitCallback_block_invoke: Cellular Transmit Started = TRUE
 1/13/2017 22:27:38.047 WoW is Disabled, 0 WoW Clients
 1/13/2017 22:27:38.564 Device display is ON
 1/13/2017 22:27:38.564 __WiFiManagerSetEnableState: state TRUE, manager->enable.setting TRUE, manager->unlockedSinceBoot TRUE
 1/13/2017 22:27:38.565 __WiFiDeviceManagerAutoAssociate: Already connected to DIGI-146A.
 1/13/2017 22:27:42.350 __WiFiManagerCellularTransmitCallback_block_invoke: Cellular Transmit Started = FALSE
 1/13/2017 22:27:46.251 __WiFiManagerCellularTransmitCallback_block_invoke: Cellular Transmit Started = TRUE
 1/13/2017 22:27:47.461 __WiFiLQAMgrLogStats: Rssi: -57 Cca: 30 TxPer: 0.0% (3) BcnPer: 0.0% (0) RxFrms 5 TxRate: 58500 RxRate: 65000
 1/13/2017 22:27:50.206 Device display is OFF
 1/13/2017 22:27:51.300 __WiFiManagerCellularTransmitCallback_block_invoke: Cellular Transmit Started = FALSE
 1/13/2017 22:27:52.469 __WiFiLQAMgrLogStats: Rssi: -57 Cca: 30 TxPer: 0.0% (5) BcnPer: 0.0% (0) RxFrms 11 TxRate: 58500 RxRate: 65000
 1/13/2017 22:27:57.477 __WiFiLQAMgrLogStats: Rssi: -57 Cca: 52 TxPer: 0.0% (0) BcnPer: 17.0% (100) RxFrms 52 TxRate: 58500 RxRate: 1000
 1/13/2017 22:28:02.486 __WiFiLQAMgrLogStats: Rssi: -57 Cca: 47 TxPer: 0.0% (0) BcnPer: 0.0% (0) RxFrms 3 TxRate: 58500 RxRate: 1000
 1/13/2017 22:28:07.494 __WiFiLQAMgrLogStats: Rssi: -57 Cca: 54 TxPer: 25.0% (4) BcnPer: 8.0% (100) RxFrms 7 TxRate: 58500 RxRate: 65000
 1/13/2017 22:28:10.393 Received kIOMessageSystemWillSleep
 1/13/2017 22:28:10.393 System Sleep notification, Disabling auto-join
 1/13/2017 22:28:10.393 __WiFiManagerSetEnableState: state FALSE, manager->enable.setting TRUE, manager->unlockedSinceBoot TRUE
 1/13/2017 22:28:10.393 Disabling automatic association
 1/13/2017 22:28:10.444 WoW is Disabled, 0 WoW Clients
 1/13/2017 22:28:10.534 __WiFiDeviceManagerAwdlAvailableCallback: AWDL availability changed to FALSE
 1/13/2017 22:28:10.534 __WiFiDeviceCopyLinkChangedSubReasonString: Apple80211ReturnToString failed 1
 1/13/2017 22:28:10.534 __WiFiDeviceProcessDriverAvailableEvent: driver availability false, reason PowerOff(0xe0821804), subreason (null)(0x0)
 1/13/2017 22:28:10.534 __WiFiManagerDispatchDeviceAvailable: driver availability false

 1/13/2017 22:28:10.535 Unable to dispatch message to client MessagesViewServ (268435460)
 1/13/2017 22:28:10.535 WiFiAWDManagerSubmitMetric: metric container could not be generated for metric id <0x9000e>
 1/13/2017 22:28:10.543 WoW is Disabled, 0 WoW Clients
 1/13/2017 22:31:59.945 Received kIOMessageSystemWillPowerOn
 1/13/2017 22:31:59.945 System wake reason: AOP.ExternalReq baseband
 1/13/2017 22:31:59.945 System Powered ON notification Re-enabling auto-join
 1/13/2017 22:31:59.945 __WiFiManagerSetEnableState: state TRUE, manager->enable.setting TRUE, manager->unlockedSinceBoot TRUE
 1/13/2017 22:31:59.945 Enabling automatic association
 1/13/2017 22:31:59.946 __WiFiDeviceManagerAutoAssociate: Already connected to DIGI-146A.
 1/13/2017 22:31:59.946 WiFiLocaleManagerCheckLocale: location service or wifi is off, set locale to default
 1/13/2017 22:31:59.946 new locale:  , locale: 
 1/13/2017 22:31:59.971 __WiFiDeviceManagerAwdlAvailableCallback: AWDL availability changed to TRUE
 1/13/2017 22:31:59.971 Power stats update: Type 0x5 UnassociatedSleepDur 0 AssociatedSleepDur 129537 TotalDur 229355 RoamDur 0
 1/13/2017 22:31:59.971 WiFiAWDManagerSubmitMetric: metric container could not be generated for metric id <0x90010>
 1/13/2017 22:31:59.971 __WiFiLQAMgrLogStats: Rssi: -60 Cca: 46 TxPer: 0.0% (0) BcnPer: 0.0% (0) RxFrms 0 TxRate: 0 RxRate: 0
 1/13/2017 22:31:59.972 __WiFiDeviceCopyLinkChangedSubReasonString: Apple80211ReturnToString failed 1
 1/13/2017 22:31:59.972 __WiFiDeviceProcessDriverAvailableEvent: driver availability true, reason Initializing(0xe0821803), subreason (null)(0x0)
 1/13/2017 22:31:59.972 __WiFiManagerDispatchDeviceAvailable: driver availability true

 1/13/2017 22:31:59.973 Unable to dispatch message to client MessagesViewServ (268435460)
 1/13/2017 22:31:59.974 __WiFiDeviceManagerAutoAssociate: Already connected to DIGI-146A.
 1/13/2017 22:31:59.974 WiFiAWDManagerSubmitMetric: metric container could not be generated for metric id <0x9000e>
 1/13/2017 22:31:59.974 __WiFiDeviceManagerAutoAssociate: Already connected to DIGI-146A.
 1/13/2017 22:31:59.976 No Change in Background Scan Networks, Skip Re-Programming Background Scan

 1/13/2017 22:32:00.268 __WiFiManagerCellularTransmitCallback_block_invoke: Cellular Transmit Started = TRUE
 1/13/2017 22:32:00.503 WoW is Disabled, 0 WoW Clients
 1/13/2017 22:32:04.765 __WiFiManagerCellularTransmitCallback_block_invoke: Cellular Transmit Started = FALSE
 1/13/2017 22:32:05.694 WiFiLocaleManagerCheckLocale: location service or wifi is off, set locale to default
 1/13/2017 22:32:05.694 new locale:  , locale: 
 1/13/2017 22:32:09.880 __WiFiLQAMgrLogStats: Rssi: -58 Cca: 38 TxPer: 0.0% (0) BcnPer: 0.0% (0) RxFrms 1 TxRate: 65000 RxRate: 65000
 1/13/2017 22:32:10.256 Received kIOMessageSystemWillSleep
 1/13/2017 22:32:10.256 System Sleep notification, Disabling auto-join
 1/13/2017 22:32:10.256 __WiFiManagerSetEnableState: state FALSE, manager->enable.setting TRUE, manager->unlockedSinceBoot TRUE
 1/13/2017 22:32:10.256 Disabling automatic association
 1/13/2017 22:32:10.311 WoW is Disabled, 0 WoW Clients
 1/13/2017 22:32:10.408 __WiFiDeviceCopyLinkChangedSubReasonString: Apple80211ReturnToString failed 1
 1/13/2017 22:32:10.408 __WiFiDeviceProcessDriverAvailableEvent: driver availability false, reason PowerOff(0xe0821804), subreason (null)(0x0)
 1/13/2017 22:32:10.408 __WiFiManagerDispatchDeviceAvailable: driver availability false

 1/13/2017 22:32:10.409 Unable to dispatch message to client MessagesViewServ (268435460)
 1/13/2017 22:32:10.409 WiFiAWDManagerSubmitMetric: metric container could not be generated for metric id <0x9000e>
 1/13/2017 22:32:10.417 __WiFiDeviceManagerAwdlAvailableCallback: AWDL availability changed to FALSE
 1/13/2017 22:32:10.428 WoW is Disabled, 0 WoW Clients
 1/13/2017 22:33:57.633 Received kIOMessageSystemWillPowerOn
 1/13/2017 22:33:57.633 System wake reason: AOP.ExternalReq baseband
 1/13/2017 22:33:57.633 System Powered ON notification Re-enabling auto-join
 1/13/2017 22:33:57.633 __WiFiManagerSetEnableState: state TRUE, manager->enable.setting TRUE, manager->unlockedSinceBoot TRUE
 1/13/2017 22:33:57.633 Enabling automatic association
 1/13/2017 22:33:57.634 __WiFiDeviceManagerAutoAssociate: Already connected to DIGI-146A.
 1/13/2017 22:33:57.634 WiFiLocaleManagerCheckLocale: location service or wifi is off, set locale to default
 1/13/2017 22:33:57.634 new locale:  , locale: 
 1/13/2017 22:33:57.636 Power stats update: Type 0x5 UnassociatedSleepDur 0 AssociatedSleepDur 61958 TotalDur 107195 RoamDur 0
 1/13/2017 22:33:57.636 WiFiAWDManagerSubmitMetric: metric container could not be generated for metric id <0x90010>
 1/13/2017 22:33:57.636 __WiFiLQAMgrLogStats: Rssi: -58 Cca: 38 TxPer: 0.0% (0) BcnPer: 0.0% (0) RxFrms 1 TxRate: 65000 RxRate: 65000
 1/13/2017 22:33:57.637 __WiFiDeviceCopyLinkChangedSubReasonString: Apple80211ReturnToString failed 1
 1/13/2017 22:33:57.638 __WiFiDeviceProcessDriverAvailableEvent: driver availability true, reason Initializing(0xe0821803), subreason (null)(0x0)
 1/13/2017 22:33:57.638 __WiFiManagerDispatchDeviceAvailable: driver availability true

 1/13/2017 22:33:57.641 Unable to dispatch message to client MessagesViewServ (268435460)
 1/13/2017 22:33:57.642 __WiFiDeviceManagerAutoAssociate: Already connected to DIGI-146A.
 1/13/2017 22:33:57.642 WiFiAWDManagerSubmitMetric: metric container could not be generated for metric id <0x9000e>
 1/13/2017 22:33:57.642 __WiFiDeviceManagerAutoAssociate: Already connected to DIGI-146A.
 1/13/2017 22:33:57.644 No Change in Background Scan Networks, Skip Re-Programming Background Scan

 1/13/2017 22:33:57.737 __WiFiDeviceManagerAwdlAvailableCallback: AWDL availability changed to TRUE
 1/13/2017 22:33:57.770 __WiFiManagerCellularTransmitCallback_block_invoke: Cellular Transmit Started = TRUE
 1/13/2017 22:33:58.094 WoW is Disabled, 0 WoW Clients
 1/13/2017 22:34:02.507 __WiFiManagerCellularTransmitCallback_block_invoke: Cellular Transmit Started = FALSE
 1/13/2017 22:34:07.617 __WiFiLQAMgrLogStats: Rssi: -58 Cca: 30 TxPer: 0.0% (3) BcnPer: 0.0% (0) RxFrms 48 TxRate: 72222 RxRate: 65000
 1/13/2017 22:34:12.625 __WiFiLQAMgrLogStats: Rssi: -58 Cca: 3 TxPer: 0.0% (3) BcnPer: 0.0% (0) RxFrms 1 TxRate: 72222 RxRate: 65000
 1/13/2017 22:34:17.633 __WiFiLQAMgrLogStats: Rssi: -58 Cca: 47 TxPer: 0.0% (1) BcnPer: 3.0% (100) RxFrms 1 TxRate: 72222 RxRate: 65000
 1/13/2017 22:34:22.642 __WiFiLQAMgrLogStats: Rssi: -60 Cca: 47 TxPer: 0.0% (2) BcnPer: 0.0% (0) RxFrms 2 TxRate: 72222 RxRate: 65000
 1/13/2017 22:34:27.650 __WiFiLQAMgrLogStats: Rssi: -60 Cca: 52 TxPer: 0.0% (2) BcnPer: 2.0% (100) RxFrms 2 TxRate: 72222 RxRate: 65000
 1/13/2017 22:34:30.575 Received kIOMessageSystemWillSleep
 1/13/2017 22:34:30.575 System Sleep notification, Disabling auto-join
 1/13/2017 22:34:30.575 __WiFiManagerSetEnableState: state FALSE, manager->enable.setting TRUE, manager->unlockedSinceBoot TRUE
 1/13/2017 22:34:30.575 Disabling automatic association
 1/13/2017 22:34:30.619 WoW is Disabled, 0 WoW Clients
 1/13/2017 22:34:30.702 __WiFiDeviceCopyLinkChangedSubReasonString: Apple80211ReturnToString failed 1
 1/13/2017 22:34:30.702 __WiFiDeviceProcessDriverAvailableEvent: driver availability false, reason PowerOff(0xe0821804), subreason (null)(0x0)
 1/13/2017 22:34:30.702 __WiFiManagerDispatchDeviceAvailable: driver availability false

 1/13/2017 22:34:30.704 Unable to dispatch message to client MessagesViewServ (268435460)
 1/13/2017 22:34:30.713 WiFiAWDManagerSubmitMetric: metric container could not be generated for metric id <0x9000e>
 1/13/2017 22:34:30.714 __WiFiDeviceManagerAwdlAvailableCallback: AWDL availability changed to FALSE
 1/13/2017 22:34:30.724 WoW is Disabled, 0 WoW Clients
 1/13/2017 22:36:38.966 Received kIOMessageSystemWillPowerOn
 1/13/2017 22:36:38.966 System wake reason: AOP.ExternalReq baseband
 1/13/2017 22:36:38.966 System Powered ON notification Re-enabling auto-join
 1/13/2017 22:36:38.966 __WiFiManagerSetEnableState: state TRUE, manager->enable.setting TRUE, manager->unlockedSinceBoot TRUE
 1/13/2017 22:36:38.966 Enabling automatic association
 1/13/2017 22:36:38.967 __WiFiDeviceManagerAutoAssociate: Already connected to DIGI-146A.
 1/13/2017 22:36:38.968 WiFiLocaleManagerCheckLocale: location service or wifi is off, set locale to default
 1/13/2017 22:36:38.968 new locale:  , locale: 
 1/13/2017 22:36:38.968 Power stats update: Type 0x5 UnassociatedSleepDur 0 AssociatedSleepDur 77764 TotalDur 128215 RoamDur 0
 1/13/2017 22:36:38.968 WiFiAWDManagerSubmitMetric: metric container could not be generated for metric id <0x90010>
 1/13/2017 22:36:38.969 __WiFiLQAMgrLogStats: Rssi: -57 Cca: 37 TxPer: 0.0% (0) BcnPer: 0.0% (0) RxFrms 0 TxRate: 0 RxRate: 0
 1/13/2017 22:36:38.969 __WiFiDeviceCopyLinkChangedSubReasonString: Apple80211ReturnToString failed 1
 1/13/2017 22:36:38.969 __WiFiDeviceProcessDriverAvailableEvent: driver availability true, reason Initializing(0xe0821803), subreason (null)(0x0)
 1/13/2017 22:36:38.970 __WiFiManagerDispatchDeviceAvailable: driver availability true

 1/13/2017 22:36:38.971 Unable to dispatch message to client MessagesViewServ (268435460)
 1/13/2017 22:36:38.971 __WiFiDeviceManagerAutoAssociate: Already connected to DIGI-146A.
 1/13/2017 22:36:38.972 WiFiAWDManagerSubmitMetric: metric container could not be generated for metric id <0x9000e>
 1/13/2017 22:36:38.998 __WiFiDeviceManagerAutoAssociate: Already connected to DIGI-146A.
 1/13/2017 22:36:39.001 No Change in Background Scan Networks, Skip Re-Programming Background Scan

 1/13/2017 22:36:39.058 __WiFiDeviceManagerAwdlAvailableCallback: AWDL availability changed to TRUE
 1/13/2017 22:36:39.371 __WiFiManagerCellularTransmitCallback_block_invoke: Cellular Transmit Started = TRUE
 1/13/2017 22:36:39.531 WoW is Disabled, 0 WoW Clients
 1/13/2017 22:36:43.806 __WiFiManagerCellularTransmitCallback_block_invoke: Cellular Transmit Started = FALSE
 1/13/2017 22:36:48.932 __WiFiLQAMgrLogStats: Rssi: -59 Cca: 27 TxPer: 0.0% (4) BcnPer: 0.0% (0) RxFrms 16 TxRate: 72222 RxRate: 65000
 1/13/2017 22:36:49.289 Received kIOMessageSystemWillSleep
 1/13/2017 22:36:49.289 System Sleep notification, Disabling auto-join
 1/13/2017 22:36:49.289 __WiFiManagerSetEnableState: state FALSE, manager->enable.setting TRUE, manager->unlockedSinceBoot TRUE
 1/13/2017 22:36:49.290 Disabling automatic association
 1/13/2017 22:36:49.330 WoW is Disabled, 0 WoW Clients
 1/13/2017 22:36:49.443 __WiFiDeviceManagerAwdlAvailableCallback: AWDL availability changed to FALSE
 1/13/2017 22:36:49.443 __WiFiDeviceCopyLinkChangedSubReasonString: Apple80211ReturnToString failed 1
 1/13/2017 22:36:49.443 __WiFiDeviceProcessDriverAvailableEvent: driver availability false, reason PowerOff(0xe0821804), subreason (null)(0x0)
 1/13/2017 22:36:49.443 __WiFiManagerDispatchDeviceAvailable: driver availability false

 1/13/2017 22:36:49.444 Unable to dispatch message to client MessagesViewServ (268435460)
 1/13/2017 22:36:49.444 WiFiAWDManagerSubmitMetric: metric container could not be generated for metric id <0x9000e>
 1/13/2017 22:36:49.453 WoW is Disabled, 0 WoW Clients
 1/13/2017 22:39:21.506 Received kIOMessageSystemWillPowerOn
 1/13/2017 22:39:21.507 System wake reason: AOP.ExternalReq baseband
 1/13/2017 22:39:21.507 System Powered ON notification Re-enabling auto-join
 1/13/2017 22:39:21.507 __WiFiManagerSetEnableState: state TRUE, manager->enable.setting TRUE, manager->unlockedSinceBoot TRUE
 1/13/2017 22:39:21.507 Enabling automatic association
 1/13/2017 22:39:21.508 __WiFiDeviceManagerAutoAssociate: Already connected to DIGI-146A.
 1/13/2017 22:39:21.508 WiFiLocaleManagerCheckLocale: location service or wifi is off, set locale to default
 1/13/2017 22:39:21.508 new locale:  , locale: 
 1/13/2017 22:39:21.533 Power stats update: Type 0x5 UnassociatedSleepDur 0 AssociatedSleepDur 89773 TotalDur 152038 RoamDur 0
 1/13/2017 22:39:21.533 WiFiAWDManagerSubmitMetric: metric container could not be generated for metric id <0x90010>
 1/13/2017 22:39:21.543 __WiFiDeviceManagerAwdlAvailableCallback: AWDL availability changed to TRUE
 1/13/2017 22:39:21.543 __WiFiLQAMgrLogStats: Rssi: -61 Cca: 27 TxPer: 0.0% (4) BcnPer: 0.0% (0) RxFrms 16 TxRate: 72222 RxRate: 65000
 1/13/2017 22:39:21.552 __WiFiDeviceCopyLinkChangedSubReasonString: Apple80211ReturnToString failed 1
 1/13/2017 22:39:21.552 __WiFiDeviceProcessDriverAvailableEvent: driver availability true, reason Initializing(0xe0821803), subreason (null)(0x0)
 1/13/2017 22:39:21.552 __WiFiManagerDispatchDeviceAvailable: driver availability true

 1/13/2017 22:39:21.553 Unable to dispatch message to client MessagesViewServ (268435460)
 1/13/2017 22:39:21.560 __WiFiDeviceManagerAutoAssociate: Already connected to DIGI-146A.
 1/13/2017 22:39:21.560 WiFiAWDManagerSubmitMetric: metric container could not be generated for metric id <0x9000e>
 1/13/2017 22:39:21.568 __WiFiDeviceManagerAutoAssociate: Already connected to DIGI-146A.
 1/13/2017 22:39:21.570 No Change in Background Scan Networks, Skip Re-Programming Background Scan

 1/13/2017 22:39:21.624 __WiFiManagerCellularTransmitCallback_block_invoke: Cellular Transmit Started = TRUE
 1/13/2017 22:39:21.642 WoW is Disabled, 0 WoW Clients
 1/13/2017 22:39:26.386 __WiFiManagerCellularTransmitCallback_block_invoke: Cellular Transmit Started = FALSE
 1/13/2017 22:39:31.488 __WiFiLQAMgrLogStats: Rssi: -61 Cca: 31 TxPer: 0.0% (0) BcnPer: 0.0% (0) RxFrms 3 TxRate: 72222 RxRate: 1000
 1/13/2017 22:39:31.832 Received kIOMessageSystemWillSleep
 1/13/2017 22:39:31.832 System Sleep notification, Disabling auto-join
 1/13/2017 22:39:31.832 __WiFiManagerSetEnableState: state FALSE, manager->enable.setting TRUE, manager->unlockedSinceBoot TRUE
 1/13/2017 22:39:31.833 Disabling automatic association
 1/13/2017 22:39:31.875 WoW is Disabled, 0 WoW Clients
 1/13/2017 22:39:31.975 __WiFiDeviceManagerAwdlAvailableCallback: AWDL availability changed to FALSE
 1/13/2017 22:39:31.975 __WiFiDeviceCopyLinkChangedSubReasonString: Apple80211ReturnToString failed 1
 1/13/2017 22:39:31.975 __WiFiDeviceProcessDriverAvailableEvent: driver availability false, reason PowerOff(0xe0821804), subreason (null)(0x0)
 1/13/2017 22:39:31.975 __WiFiManagerDispatchDeviceAvailable: driver availability false

 1/13/2017 22:39:31.976 Unable to dispatch message to client MessagesViewServ (268435460)
 1/13/2017 22:39:31.976 WiFiAWDManagerSubmitMetric: metric container could not be generated for metric id <0x9000e>
 1/13/2017 22:39:31.988 WoW is Disabled, 0 WoW Clients
 1/13/2017 22:44:33.054 Received kIOMessageSystemWillPowerOn
 1/13/2017 22:44:33.055 System wake reason: AOP.ExternalReq wlan
 1/13/2017 22:44:33.055 System Powered ON notification Re-enabling auto-join
 1/13/2017 22:44:33.055 __WiFiManagerSetEnableState: state TRUE, manager->enable.setting TRUE, manager->unlockedSinceBoot TRUE
 1/13/2017 22:44:33.055 Enabling automatic association
 1/13/2017 22:44:33.056 __WiFiDeviceManagerAutoAssociate: Already connected to DIGI-146A.
 1/13/2017 22:44:33.058 WiFiLocaleManagerCheckLocale: location service or wifi is off, set locale to default
 1/13/2017 22:44:33.058 new locale:  , locale: 
 1/13/2017 22:44:33.108 __WiFiDeviceManagerAwdlAvailableCallback: AWDL availability changed to TRUE
 1/13/2017 22:44:33.108 __WiFiDeviceProcessDumpLogsEvent: Dump logs event received, dumped wifid log buffer to file
