12/23/2016 18:20:40.280 WoW is Disabled, 0 WoW Clients
12/23/2016 18:20:44.606 WiFiLocaleManagerCheckLocale: trying to determine locale...
12/23/2016 18:20:44.606 WiFiManagerCoreLocationGetCachedLocation: getting cached location...
12/23/2016 18:20:44.619 __WiFiLocaleManagerGetLocaleFromMcc: finding iso country code for mcc 232 ....
12/23/2016 18:20:44.619 WiFiLocationServiceManagerIsLocationValid: cachedLocationTimeout 120.000000 location age 119.998835secs, lifeSpan -1.000000 accuracy 363.763016(highAccReq 0), isValid 1
12/23/2016 18:20:44.620 WiFiLocationServiceManagerStartLowAccuracyMonitoring: Cached low accuracy location is valid
12/23/2016 18:20:44.620 WiFiLocationServiceManagerIsLocationValid: cachedLocationTimeout 120.000000 location age 119.999353secs, lifeSpan -1.000000 accuracy 363.763016(highAccReq 1), isValid 0
12/23/2016 18:20:44.620 WiFiLocationServiceManagerIsLocationValid: cachedLocationTimeout 120.000000 location age 119.999414secs, lifeSpan -1.000000 accuracy 363.763016(highAccReq 0), isValid 1
12/23/2016 18:20:44.620 __WiFiLocationServiceManagerProcessLocationAvailableEvent: isValidHighAccuracyLocation 0,  isValidLowAccuracyLocation 1
12/23/2016 18:20:44.620 __WiFiLocationServiceManagerProcessLocationAvailableEvent: give low accuracy callback
12/23/2016 18:20:44.621 __WiFiLocaleManagerGetLocaleFromLocation: <+47.97846403,+16.85165419> +/- 363.76m (speed -1.00 mps / course -1.00) @ 12/23/16, 6:18:44 PM Central European Standard Time
12/23/2016 18:20:44.621 locale from bounding box 
12/23/2016 18:20:44.621 new locale:  , locale: 
12/23/2016 18:20:44.621 Stopping Low Accuracy Location Monitoring
12/23/2016 18:20:44.621 CLMonitoring is already stopped
12/23/2016 18:20:44.621 Stopping Low Accuracy Location Monitoring
12/23/2016 18:20:44.621 CLMonitoring is already stopped
12/23/2016 18:20:44.621 __WiFiLocationServiceManagerEventCallback, got cb dict {
    eventType = 0;
    location = "<+47.97846403,+16.85165419> +/- 363.76m (speed -1.00 mps / course -1.00) @ 12/23/16, 6:20:44 PM Central European Standard Time";
}
12/23/2016 18:20:44.630 WiFiLocationServiceManagerIsLocationValid: cachedLocationTimeout 120.000000 location age 0.019807secs, lifeSpan -1.000000 accuracy 363.763016(highAccReq 1), isValid 0
12/23/2016 18:20:44.630 WiFiLocationServiceManagerIsLocationValid: cachedLocationTimeout 120.000000 location age 0.019860secs, lifeSpan -1.000000 accuracy 363.763016(highAccReq 0), isValid 1
12/23/2016 18:20:44.630 __WiFiLocationServiceManagerProcessLocationAvailableEvent: isValidHighAccuracyLocation 0,  isValidLowAccuracyLocation 1
12/23/2016 18:22:44.608 WiFiLocaleManagerCheckLocale: trying to determine locale...
12/23/2016 18:22:44.609 WiFiManagerCoreLocationGetCachedLocation: getting cached location...
12/23/2016 18:22:44.629 __WiFiLocaleManagerGetLocaleFromMcc: finding iso country code for mcc 232 ....
12/23/2016 18:22:44.629 WiFiLocationServiceManagerIsLocationValid: cachedLocationTimeout 120.000000 location age 120.019634secs, lifeSpan -1.000000 accuracy 363.763016(highAccReq 0), isValid 1
12/23/2016 18:22:44.629 WiFiLocationServiceManagerStartLowAccuracyMonitoring: Cached low accuracy location is valid
12/23/2016 18:22:44.629 WiFiLocationServiceManagerIsLocationValid: cachedLocationTimeout 120.000000 location age 120.019702secs, lifeSpan -1.000000 accuracy 363.763016(highAccReq 1), isValid 0
12/23/2016 18:22:44.629 WiFiLocationServiceManagerIsLocationValid: cachedLocationTimeout 120.000000 location age 120.019725secs, lifeSpan -1.000000 accuracy 363.763016(highAccReq 0), isValid 1
12/23/2016 18:22:44.629 __WiFiLocationServiceManagerProcessLocationAvailableEvent: isValidHighAccuracyLocation 0,  isValidLowAccuracyLocation 1
12/23/2016 18:22:44.629 __WiFiLocationServiceManagerProcessLocationAvailableEvent: give low accuracy callback
12/23/2016 18:22:44.630 __WiFiLocaleManagerGetLocaleFromLocation: <+47.97846403,+16.85165419> +/- 363.76m (speed -1.00 mps / course -1.00) @ 12/23/16, 6:20:44 PM Central European Standard Time
12/23/2016 18:22:44.630 locale from bounding box 
12/23/2016 18:22:44.630 new locale:  , locale: 
12/23/2016 18:22:44.630 Stopping Low Accuracy Location Monitoring
12/23/2016 18:22:44.630 CLMonitoring is already stopped
12/23/2016 18:22:44.630 Stopping Low Accuracy Location Monitoring
12/23/2016 18:22:44.630 CLMonitoring is already stopped
12/23/2016 18:22:44.630 __WiFiLocationServiceManagerEventCallback, got cb dict {
    eventType = 0;
    location = "<+47.97579532,+16.84898271> +/- 2000.00m (speed -1.00 mps / course -1.00) @ 12/23/16, 6:22:44 PM Central European Standard Time";
}
12/23/2016 18:22:44.630 WiFiLocationServiceManagerIsLocationValid: cachedLocationTimeout 120.000000 location age 0.013832secs, lifeSpan -1.000000 accuracy 2000.000000(highAccReq 1), isValid 0
12/23/2016 18:22:44.630 WiFiLocationServiceManagerIsLocationValid: cachedLocationTimeout 120.000000 location age 0.013857secs, lifeSpan -1.000000 accuracy 2000.000000(highAccReq 0), isValid 1
12/23/2016 18:22:44.630 __WiFiLocationServiceManagerProcessLocationAvailableEvent: isValidHighAccuracyLocation 0,  isValidLowAccuracyLocation 1
12/23/2016 18:24:31.664 __WiFiDeviceProcessDumpLogsEvent: Dump logs event received, dumped wifid log buffer to file
