12/19/2016 10:30:44.784 __WiFiManagerCellularTransmitCallback_block_invoke: Cellular Transmit Started = FALSE
12/19/2016 10:30:49.630 __WiFiManagerCellularTransmitCallback_block_invoke: Cellular Transmit Started = TRUE
12/19/2016 10:30:50.309 __WiFiManagerCellularTransmitCallback_block_invoke: Cellular Transmit Started = FALSE
12/19/2016 10:30:55.590 __WiFiManagerCellularTransmitCallback_block_invoke: Cellular Transmit Started = TRUE
12/19/2016 10:30:59.759 WiFiLocaleManagerCheckLocale: location service or wifi is off, set locale to default
12/19/2016 10:30:59.759 new locale:  , locale: 
12/19/2016 10:31:09.521 __WiFiManagerCellularTransmitCallback_block_invoke: Cellular Transmit Started = FALSE
12/19/2016 10:31:18.580 __WiFiManagerCellularTransmitCallback_block_invoke: Cellular Transmit Started = TRUE
12/19/2016 10:31:21.124 __WiFiDeviceProcessSTAArriveEvent: staNum 4
12/19/2016 10:31:21.124 WiFiAWDManagerSubmitMetric: metric container could not be generated for metric id <0x90006>
12/19/2016 10:31:21.124 MIS STA Associated: 4 associated clients
12/19/2016 10:31:21.135 WiFiDeviceManagerSetMISMaxStaNumber: Additional tethering clients allowed: 1
12/19/2016 10:31:21.148 WiFiAWDManagerSubmitMetric: metric container could not be generated for metric id <0x90005>
12/19/2016 10:31:21.148 MIS is already Enabled on ap1
12/19/2016 10:31:21.151 MIS Discovery is Disabled
12/19/2016 10:32:49.307 __WiFiManagerCellularTransmitCallback_block_invoke: Cellular Transmit Started = FALSE
12/19/2016 10:32:53.454 WoW is Disabled, 0 WoW Clients
12/19/2016 10:32:54.017 __WiFiManagerCellularTransmitCallback_block_invoke: Cellular Transmit Started = TRUE
12/19/2016 10:32:59.759 WiFiLocaleManagerCheckLocale: location service or wifi is off, set locale to default
12/19/2016 10:32:59.759 new locale:  , locale: 
12/19/2016 10:34:59.759 WiFiLocaleManagerCheckLocale: location service or wifi is off, set locale to default
12/19/2016 10:34:59.759 new locale:  , locale: 
12/19/2016 10:35:00.575 __WiFiDeviceProcessDumpLogsEvent: Dump logs event received, dumped wifid log buffer to file
