12/26/2016 18:57:19.043 Power stats update: Type 0x6 UnassociatedSleepDur 0 AssociatedSleepDur 1110897 TotalDur 1138837 RoamDur 12067
12/26/2016 18:57:19.043 WiFiAWDManagerSubmitMetric: metric container could not be generated for metric id <0x90010>
12/26/2016 18:57:19.043 __WiFiLQAMgrLogStats: Rssi: -62 Cca: 17 TxPer: 0.0% (0) BcnPer: 0.0% (0) RxFrms 0 TxRate: 0 RxRate: 0
12/26/2016 18:57:19.044 __WiFiDeviceCopyLinkChangedSubReasonString: Apple80211ReturnToString failed 1
12/26/2016 18:57:19.044 __WiFiDeviceProcessDriverAvailableEvent: driver availability true, reason Initializing(0xe0821803), subreason (null)(0x0)
12/26/2016 18:57:19.044 __WiFiManagerDispatchDeviceAvailable: driver availability true

12/26/2016 18:57:19.046 __WiFiDeviceManagerAutoAssociate: Already connected to DIGI-146A.
12/26/2016 18:57:19.046 WiFiAWDManagerSubmitMetric: metric container could not be generated for metric id <0x9000e>
12/26/2016 18:57:19.046 __WiFiDeviceManagerAutoAssociate: Already connected to DIGI-146A.
12/26/2016 18:57:19.047 No Change in Background Scan Networks, Skip Re-Programming Background Scan

12/26/2016 18:57:19.116 __WiFiDeviceManagerAwdlAvailableCallback: AWDL availability changed to TRUE
12/26/2016 18:57:19.450 __WiFiManagerCellularTransmitCallback_block_invoke: Cellular Transmit Started = TRUE
12/26/2016 18:57:19.458 Disable WoW requested by "apsd"
12/26/2016 18:57:19.460 WoW Capable = YES, Attempting to disable WoW and enable LPAS 
12/26/2016 18:57:19.460 Setting WoW params to <CFBasicHash 0x14ce72e30 [0x1a0950150]>{type = immutable dict, count = 3,
entries =>
	0 : <CFString 0x100175960 [0x1a0950150]>{contents = "IO80211InterfaceEnableLowPwrAssocMode"} = <CFBoolean 0x1a09506c8 [0x1a0950150]>{value = true}
	1 : <CFString 0x100175940 [0x1a0950150]>{contents = "IO80211InterfaceEnableWoW"} = <CFBoolean 0x1a09506d8 [0x1a0950150]>{value = false}
	2 : <CFString 0x100185ae0 [0x1a0950150]>{contents = "IO80211InterfaceEnableWoWOnCaptive"} = <CFBoolean 0x1a09506d8 [0x1a0950150]>{value = false}
}

12/26/2016 18:57:19.461 WiFiDeviceRequestAssociatedSleep: ActiveDuringSleepRequested is already set (<CFBasicHash 0x14ce6e280 [0x1a0950150]>{type = immutable dict, count = 0,
entries =>
}
).
12/26/2016 18:57:19.461 WoW Disabled, 0 WoW Clients, lpas is Enabled, WoW Override is Disabled, Captive Disabled
12/26/2016 18:57:19.462 Unable to dispatch WowStateChanged message to client dataaccessd (268435460)
12/26/2016 18:57:19.463 Unable to dispatch WowStateChanged message to client itunesstored (268435460)
12/26/2016 18:57:19.463 Unable to dispatch WowStateChanged message to client mediaserverd (268435460)
12/26/2016 18:57:19.466 Unable to dispatch WowStateChanged message to client assistantd (268435460)
12/26/2016 18:57:19.470 WoW is Disabled, 0 WoW Clients
12/26/2016 18:57:19.470 WoW is Disabled, 0 WoW Clients
12/26/2016 18:57:19.475 WoW is Disabled, 0 WoW Clients
12/26/2016 18:57:19.856 WoW is Disabled, 0 WoW Clients
12/26/2016 18:57:20.075 WoW is Disabled, 0 WoW Clients
12/26/2016 18:57:22.669 Background Network Application entered
12/26/2016 18:57:22.669 BG Application: Present, BG Daemon: Present. Daemons: mediaserverd apsd 
12/26/2016 18:57:22.669 __WiFiManagerSetEnableState: state TRUE, manager->enable.setting TRUE, manager->unlockedSinceBoot TRUE
12/26/2016 18:57:22.669 __WiFiDeviceManagerAutoAssociate: Already connected to DIGI-146A.
12/26/2016 18:57:23.858 __WiFiManagerCellularTransmitCallback_block_invoke: Cellular Transmit Started = FALSE
12/26/2016 18:57:24.347 Client apsd set type to normal application
12/26/2016 18:57:24.347 __WiFiManagerSetEnableState: state TRUE, manager->enable.setting TRUE, manager->unlockedSinceBoot TRUE
12/26/2016 18:57:24.347 BG Application: Present, BG Daemon: Present. Daemons: mediaserverd 
12/26/2016 18:57:27.925 Background Network Application entered
12/26/2016 18:57:27.925 BG Application: Not Present, BG Daemon: Present. Daemons: mediaserverd 
12/26/2016 18:57:27.925 __WiFiManagerSetEnableState: state TRUE, manager->enable.setting TRUE, manager->unlockedSinceBoot TRUE
12/26/2016 18:57:27.926 __WiFiDeviceManagerAutoAssociate: Already connected to DIGI-146A.
12/26/2016 18:57:29.341 Received kIOMessageSystemWillSleep
12/26/2016 18:57:29.341 System Sleep notification, Disabling auto-join
12/26/2016 18:57:29.341 __WiFiManagerSetEnableState: state FALSE, manager->enable.setting TRUE, manager->unlockedSinceBoot TRUE
12/26/2016 18:57:29.341 Disabling automatic association
12/26/2016 18:57:29.372 WoW is Disabled, 0 WoW Clients
12/26/2016 18:57:29.549 __WiFiDeviceCopyLinkChangedSubReasonString: Apple80211ReturnToString failed 1
12/26/2016 18:57:29.549 __WiFiDeviceProcessDriverAvailableEvent: driver availability false, reason PowerOff(0xe0821804), subreason (null)(0x0)
12/26/2016 18:57:29.549 __WiFiManagerDispatchDeviceAvailable: driver availability false

12/26/2016 18:57:29.550 WiFiAWDManagerSubmitMetric: metric container could not be generated for metric id <0x9000e>
12/26/2016 18:57:29.551 __WiFiDeviceManagerAwdlAvailableCallback: AWDL availability changed to FALSE
12/26/2016 18:57:29.554 WoW is Disabled, 0 WoW Clients
12/26/2016 19:00:36.638 Received kIOMessageSystemWillPowerOn
12/26/2016 19:00:36.647 System wake reason: AOP.ExternalReq hold
12/26/2016 19:00:36.647 System Powered ON notification Re-enabling auto-join
12/26/2016 19:00:36.647 __WiFiManagerSetEnableState: state TRUE, manager->enable.setting TRUE, manager->unlockedSinceBoot TRUE
12/26/2016 19:00:36.647 Enabling automatic association
12/26/2016 19:00:36.648 __WiFiDeviceManagerAutoAssociate: Already connected to DIGI-146A.
12/26/2016 19:00:36.648 WiFiLocaleManagerCheckLocale: trying to determine locale...
12/26/2016 19:00:36.648 WiFiManagerCoreLocationGetCachedLocation: getting cached location...
12/26/2016 19:00:36.650 __WiFiLocaleManagerGetLocaleFromMcc: finding iso country code for mcc 226 ....
12/26/2016 19:00:36.650 WiFiLocationServiceManagerIsLocationValid: cachedLocationTimeout 120.000000 location age 1385.398551secs, lifeSpan -1.000000 accuracy 65.000000(highAccReq 0), isValid 1
12/26/2016 19:00:36.650 WiFiLocationServiceManagerStartLowAccuracyMonitoring: Cached low accuracy location is valid
12/26/2016 19:00:36.650 WiFiLocationServiceManagerIsLocationValid: cachedLocationTimeout 120.000000 location age 1385.398685secs, lifeSpan -1.000000 accuracy 65.000000(highAccReq 1), isValid 1
12/26/2016 19:00:36.650 WiFiLocationServiceManagerIsLocationValid: cachedLocationTimeout 120.000000 location age 1385.398723secs, lifeSpan -1.000000 accuracy 65.000000(highAccReq 0), isValid 1
12/26/2016 19:00:36.650 __WiFiLocationServiceManagerProcessLocationAvailableEvent: isValidHighAccuracyLocation 1,  isValidLowAccuracyLocation 1
12/26/2016 19:00:36.650 __WiFiLocationServiceManagerProcessLocationAvailableEvent: give low accuracy callback
12/26/2016 19:00:36.651 __WiFiLocaleManagerGetLocaleFromLocation: <+44.42590027,+26.13609216> +/- 65.00m (speed -1.00 mps / course -1.00) @ 12/26/16, 6:37:31 PM Eastern European Standard Time
12/26/2016 19:00:36.651 locale from bounding box 
12/26/2016 19:00:36.651 new locale:  , locale: 
12/26/2016 19:00:36.651 Stopping Low Accuracy Location Monitoring
12/26/2016 19:00:36.651 CLMonitoring is already stopped
12/26/2016 19:00:36.651 Stopping Low Accuracy Location Monitoring
12/26/2016 19:00:36.651 CLMonitoring is already stopped
12/26/2016 19:00:36.651 Power stats update: Type 0x5 UnassociatedSleepDur 0 AssociatedSleepDur 99738 TotalDur 187048 RoamDur 0
12/26/2016 19:00:36.651 WiFiAWDManagerSubmitMetric: metric container could not be generated for metric id <0x90010>
12/26/2016 19:00:36.663 Device display is ON
12/26/2016 19:00:36.664 __WiFiManagerSetEnableState: state TRUE, manager->enable.setting TRUE, manager->unlockedSinceBoot TRUE
12/26/2016 19:00:36.664 __WiFiDeviceManagerAutoAssociate: Already connected to DIGI-146A.
12/26/2016 19:00:36.664 __WiFiLQAMgrLogStats: Rssi: -63 Cca: 27 TxPer: 0.0% (13) BcnPer: 4.0% (50) RxFrms 10 TxRate: 52000 RxRate: 58500
12/26/2016 19:00:36.673 __WiFiDeviceManagerAwdlAvailableCallback: AWDL availability changed to TRUE
12/26/2016 19:00:36.674 __WiFiDeviceCopyLinkChangedSubReasonString: Apple80211ReturnToString failed 1
12/26/2016 19:00:36.674 __WiFiDeviceProcessDriverAvailableEvent: driver availability true, reason Initializing(0xe0821803), subreason (null)(0x0)
12/26/2016 19:00:36.674 __WiFiManagerDispatchDeviceAvailable: driver availability true

12/26/2016 19:00:36.675 __WiFiDeviceManagerAutoAssociate: Already connected to DIGI-146A.
12/26/2016 19:00:36.675 WiFiAWDManagerSubmitMetric: metric container could not be generated for metric id <0x9000e>
12/26/2016 19:00:36.682 __WiFiDeviceManagerAutoAssociate: Already connected to DIGI-146A.
12/26/2016 19:00:36.683 No Change in Background Scan Networks, Skip Re-Programming Background Scan

12/26/2016 19:00:36.703 __WiFiLocationServiceManagerEventCallback, got cb dict {
    eventType = 0;
    location = "<+44.42590027,+26.13609216> +/- 65.00m (speed -1.00 mps / course -1.00) @ 12/26/16, 6:37:31 PM Eastern European Standard Time";
}
12/26/2016 19:00:36.704 WiFiLocationServiceManagerIsLocationValid: cachedLocationTimeout 120.000000 location age 1385.452749secs, lifeSpan -1.000000 accuracy 65.000000(highAccReq 1), isValid 1
12/26/2016 19:00:36.704 WiFiLocationServiceManagerIsLocationValid: cachedLocationTimeout 120.000000 location age 1385.452778secs, lifeSpan -1.000000 accuracy 65.000000(highAccReq 0), isValid 1
12/26/2016 19:00:36.704 __WiFiLocationServiceManagerProcessLocationAvailableEvent: isValidHighAccuracyLocation 1,  isValidLowAccuracyLocation 1
12/26/2016 19:00:36.785 Device display is OFF
12/26/2016 19:00:36.804 Device display is ON
12/26/2016 19:00:36.804 __WiFiManagerSetEnableState: state TRUE, manager->enable.setting TRUE, manager->unlockedSinceBoot TRUE
12/26/2016 19:00:36.806 __WiFiDeviceManagerAutoAssociate: Already connected to DIGI-146A.
12/26/2016 19:00:36.835 WoW is Disabled, 0 WoW Clients
12/26/2016 19:00:36.882 __WiFiManagerCellularTransmitCallback_block_invoke: Cellular Transmit Started = FALSE
12/26/2016 19:00:37.041 Async scan requested by "locationd" for 1 iterations with maxage=0 priority normal on en0
12/26/2016 19:00:37.041 Enqueuing command type: "Scan" pending commands: 0
12/26/2016 19:00:37.041 Dequeuing command type: "Scan" pending commands: 0
12/26/2016 19:00:37.041 Attempting Apple80211ScanAsync on en0
12/26/2016 19:00:37.251 Completed Apple80211ScanAsync on en0 (0x0)
12/26/2016 19:00:37.252 Async scan request completed for "locationd" (0)
12/26/2016 19:00:37.254 Async scan requested by "locationd" for 1 iterations with maxage=0 priority normal on en0
12/26/2016 19:00:37.254 Enqueuing command type: "Scan" pending commands: 0
12/26/2016 19:00:37.255 Dequeuing command type: "Scan" pending commands: 0
12/26/2016 19:00:37.255 Attempting Apple80211ScanAsync on en0
12/26/2016 19:00:37.637 
Too frequent(0.973366 secs) rssi event from driver, ignoring

12/26/2016 19:00:37.712 Completed Apple80211ScanAsync on en0 (0x0)
12/26/2016 19:00:37.714 Async scan request completed for "locationd" (0)
12/26/2016 19:00:38.329 Device display is OFF
12/26/2016 19:00:43.841 Received kIOMessageSystemWillSleep
12/26/2016 19:00:43.841 System Sleep notification, Disabling auto-join
12/26/2016 19:00:43.841 __WiFiManagerSetEnableState: state FALSE, manager->enable.setting TRUE, manager->unlockedSinceBoot TRUE
12/26/2016 19:00:43.841 Disabling automatic association
12/26/2016 19:00:43.873 WoW is Disabled, 0 WoW Clients
12/26/2016 19:00:43.974 __WiFiDeviceCopyLinkChangedSubReasonString: Apple80211ReturnToString failed 1
12/26/2016 19:00:43.974 __WiFiDeviceProcessDriverAvailableEvent: driver availability false, reason PowerOff(0xe0821804), subreason (null)(0x0)
12/26/2016 19:00:43.974 __WiFiManagerDispatchDeviceAvailable: driver availability false

12/26/2016 19:00:43.975 WiFiAWDManagerSubmitMetric: metric container could not be generated for metric id <0x9000e>
12/26/2016 19:00:43.982 __WiFiDeviceManagerAwdlAvailableCallback: AWDL availability changed to FALSE
12/26/2016 19:00:43.993 WoW is Disabled, 0 WoW Clients
12/26/2016 19:00:50.407 Received kIOMessageSystemWillPowerOn
12/26/2016 19:00:50.407 System wake reason: AOP.ExternalReq menu
12/26/2016 19:00:50.407 System Powered ON notification Re-enabling auto-join
12/26/2016 19:00:50.407 __WiFiManagerSetEnableState: state TRUE, manager->enable.setting TRUE, manager->unlockedSinceBoot TRUE
12/26/2016 19:00:50.407 Enabling automatic association
12/26/2016 19:00:50.408 __WiFiDeviceManagerAutoAssociate: Already connected to DIGI-146A.
12/26/2016 19:00:50.408 WiFiLocaleManagerCheckLocale: trying to determine locale...
12/26/2016 19:00:50.408 WiFiManagerCoreLocationGetCachedLocation: getting cached location...
12/26/2016 19:00:50.411 __WiFiLocaleManagerGetLocaleFromMcc: finding iso country code for mcc 226 ....
12/26/2016 19:00:50.411 WiFiLocationServiceManagerIsLocationValid: cachedLocationTimeout 120.000000 location age 1399.160051secs, lifeSpan -1.000000 accuracy 65.000000(highAccReq 0), isValid 1
12/26/2016 19:00:50.411 WiFiLocationServiceManagerStartLowAccuracyMonitoring: Cached low accuracy location is valid
12/26/2016 19:00:50.411 WiFiLocationServiceManagerIsLocationValid: cachedLocationTimeout 120.000000 location age 1399.160175secs, lifeSpan -1.000000 accuracy 65.000000(highAccReq 1), isValid 1
12/26/2016 19:00:50.411 WiFiLocationServiceManagerIsLocationValid: cachedLocationTimeout 120.000000 location age 1399.160214secs, lifeSpan -1.000000 accuracy 65.000000(highAccReq 0), isValid 1
12/26/2016 19:00:50.411 __WiFiLocationServiceManagerProcessLocationAvailableEvent: isValidHighAccuracyLocation 1,  isValidLowAccuracyLocation 1
12/26/2016 19:00:50.411 __WiFiLocationServiceManagerProcessLocationAvailableEvent: give low accuracy callback
12/26/2016 19:00:50.416 __WiFiLocaleManagerGetLocaleFromLocation: <+44.42590027,+26.13609216> +/- 65.00m (speed -1.00 mps / course -1.00) @ 12/26/16, 6:37:31 PM Eastern European Standard Time
12/26/2016 19:00:50.416 locale from bounding box 
12/26/2016 19:00:50.416 new locale:  , locale: 
12/26/2016 19:00:50.416 Stopping Low Accuracy Location Monitoring
12/26/2016 19:00:50.416 CLMonitoring is already stopped
12/26/2016 19:00:50.416 Stopping Low Accuracy Location Monitoring
12/26/2016 19:00:50.416 CLMonitoring is already stopped
12/26/2016 19:00:50.416 Power stats update: Type 0x5 UnassociatedSleepDur 0 AssociatedSleepDur 2101 TotalDur 6350 RoamDur 0
12/26/2016 19:00:50.416 WiFiAWDManagerSubmitMetric: metric container could not be generated for metric id <0x90010>
12/26/2016 19:00:50.417 Device display is ON
12/26/2016 19:00:50.417 __WiFiManagerSetEnableState: state TRUE, manager->enable.setting TRUE, manager->unlockedSinceBoot TRUE
12/26/2016 19:00:50.417 __WiFiDeviceManagerAutoAssociate: Already connected to DIGI-146A.
12/26/2016 19:00:50.417 __WiFiLocationServiceManagerEventCallback, got cb dict {
    eventType = 0;
    location = "<+44.42590897,+26.13608039> +/- 65.00m (speed -1.00 mps / course -1.00) @ 12/26/16, 7:00:46 PM Eastern European Standard Time";
}
12/26/2016 19:00:50.418 WiFiLocationServiceManagerIsLocationValid: cachedLocationTimeout 120.000000 location age 4.160906secs, lifeSpan -1.000000 accuracy 65.000000(highAccReq 1), isValid 1
12/26/2016 19:00:50.418 WiFiLocationServiceManagerIsLocationValid: cachedLocationTimeout 120.000000 location age 4.160944secs, lifeSpan -1.000000 accuracy 65.000000(highAccReq 0), isValid 1
12/26/2016 19:00:50.418 __WiFiLocationServiceManagerProcessLocationAvailableEvent: isValidHighAccuracyLocation 1,  isValidLowAccuracyLocation 1
12/26/2016 19:00:50.418 __WiFiLQAMgrLogStats: Rssi: -73 Cca: 3 TxPer: 0.0% (0) BcnPer: 0.0% (0) RxFrms 0 TxRate: 0 RxRate: 0
12/26/2016 19:00:50.426 __WiFiDeviceManagerAwdlAvailableCallback: AWDL availability changed to TRUE
12/26/2016 19:00:50.427 __WiFiDeviceCopyLinkChangedSubReasonString: Apple80211ReturnToString failed 1
12/26/2016 19:00:50.427 __WiFiDeviceProcessDriverAvailableEvent: driver availability true, reason Initializing(0xe0821803), subreason (null)(0x0)
12/26/2016 19:00:50.427 __WiFiManagerDispatchDeviceAvailable: driver availability true

12/26/2016 19:00:50.428 __WiFiDeviceManagerAutoAssociate: Already connected to DIGI-146A.
12/26/2016 19:00:50.428 WiFiAWDManagerSubmitMetric: metric container could not be generated for metric id <0x9000e>
12/26/2016 19:00:50.429 __WiFiDeviceManagerAutoAssociate: Already connected to DIGI-146A.
12/26/2016 19:00:50.430 No Change in Background Scan Networks, Skip Re-Programming Background Scan

12/26/2016 19:00:50.521 __WiFiManagerCellularTransmitCallback_block_invoke: Cellular Transmit Started = FALSE
12/26/2016 19:00:50.531 WoW is Disabled, 0 WoW Clients
12/26/2016 19:00:50.644 Async scan requested by "locationd" for 1 iterations with maxage=0 priority normal on en0
12/26/2016 19:00:50.644 Enqueuing command type: "Scan" pending commands: 0
12/26/2016 19:00:50.644 Dequeuing command type: "Scan" pending commands: 0
12/26/2016 19:00:50.644 Attempting Apple80211ScanAsync on en0
12/26/2016 19:00:50.853 Completed Apple80211ScanAsync on en0 (0x0)
12/26/2016 19:00:50.854 Async scan request completed for "locationd" (0)
12/26/2016 19:00:50.856 Async scan requested by "locationd" for 1 iterations with maxage=0 priority normal on en0
12/26/2016 19:00:50.856 Enqueuing command type: "Scan" pending commands: 0
12/26/2016 19:00:50.856 Dequeuing command type: "Scan" pending commands: 0
12/26/2016 19:00:50.856 Attempting Apple80211ScanAsync on en0
12/26/2016 19:00:51.313 Completed Apple80211ScanAsync on en0 (0x0)
12/26/2016 19:00:51.314 Async scan request completed for "locationd" (0)
12/26/2016 19:00:53.691 Device display is OFF
12/26/2016 19:00:56.156 WiFiLocaleManagerCheckLocale: trying to determine locale...
12/26/2016 19:00:56.156 WiFiManagerCoreLocationGetCachedLocation: getting cached location...
12/26/2016 19:00:56.157 __WiFiLocaleManagerGetLocaleFromMcc: finding iso country code for mcc 226 ....
12/26/2016 19:00:56.158 WiFiLocationServiceManagerIsLocationValid: cachedLocationTimeout 120.000000 location age 9.900731secs, lifeSpan -1.000000 accuracy 65.000000(highAccReq 0), isValid 1
12/26/2016 19:00:56.158 WiFiLocationServiceManagerStartLowAccuracyMonitoring: Cached low accuracy location is valid
12/26/2016 19:00:56.158 WiFiLocationServiceManagerIsLocationValid: cachedLocationTimeout 120.000000 location age 9.900851secs, lifeSpan -1.000000 accuracy 65.000000(highAccReq 1), isValid 1
12/26/2016 19:00:56.158 WiFiLocationServiceManagerIsLocationValid: cachedLocationTimeout 120.000000 location age 9.900902secs, lifeSpan -1.000000 accuracy 65.000000(highAccReq 0), isValid 1
12/26/2016 19:00:56.158 __WiFiLocationServiceManagerProcessLocationAvailableEvent: isValidHighAccuracyLocation 1,  isValidLowAccuracyLocation 1
12/26/2016 19:00:56.158 __WiFiLocationServiceManagerProcessLocationAvailableEvent: give low accuracy callback
12/26/2016 19:00:56.159 __WiFiLocaleManagerGetLocaleFromLocation: <+44.42590897,+26.13608039> +/- 65.00m (speed -1.00 mps / course -1.00) @ 12/26/16, 7:00:46 PM Eastern European Standard Time
12/26/2016 19:00:56.159 locale from bounding box 
12/26/2016 19:00:56.159 new locale:  , locale: 
12/26/2016 19:00:56.159 Stopping Low Accuracy Location Monitoring
12/26/2016 19:00:56.159 CLMonitoring is already stopped
12/26/2016 19:00:56.159 Stopping Low Accuracy Location Monitoring
12/26/2016 19:00:56.159 CLMonitoring is already stopped
12/26/2016 19:00:56.159 __WiFiLocationServiceManagerEventCallback, got cb dict {
    eventType = 0;
    location = "<+44.42590937,+26.13607902> +/- 65.00m (speed -1.00 mps / course -1.00) @ 12/26/16, 7:00:56 PM Eastern European Standard Time";
}
12/26/2016 19:00:56.160 WiFiLocationServiceManagerIsLocationValid: cachedLocationTimeout 120.000000 location age 0.001500secs, lifeSpan -1.000000 accuracy 65.000000(highAccReq 1), isValid 1
12/26/2016 19:00:56.160 WiFiLocationServiceManagerIsLocationValid: cachedLocationTimeout 120.000000 location age 0.001561secs, lifeSpan -1.000000 accuracy 65.000000(highAccReq 0), isValid 1
12/26/2016 19:00:56.160 __WiFiLocationServiceManagerProcessLocationAvailableEvent: isValidHighAccuracyLocation 1,  isValidLowAccuracyLocation 1
12/26/2016 19:00:59.205 Received kIOMessageSystemWillSleep
12/26/2016 19:00:59.205 System Sleep notification, Disabling auto-join
12/26/2016 19:00:59.205 __WiFiManagerSetEnableState: state FALSE, manager->enable.setting TRUE, manager->unlockedSinceBoot TRUE
12/26/2016 19:00:59.205 Disabling automatic association
12/26/2016 19:00:59.232 WoW is Disabled, 0 WoW Clients
12/26/2016 19:00:59.314 __WiFiDeviceCopyLinkChangedSubReasonString: Apple80211ReturnToString failed 1
12/26/2016 19:00:59.314 __WiFiDeviceProcessDriverAvailableEvent: driver availability false, reason PowerOff(0xe0821804), subreason (null)(0x0)
12/26/2016 19:00:59.314 __WiFiManagerDispatchDeviceAvailable: driver availability false

12/26/2016 19:00:59.316 WiFiAWDManagerSubmitMetric: metric container could not be generated for metric id <0x9000e>
12/26/2016 19:00:59.323 __WiFiDeviceManagerAwdlAvailableCallback: AWDL availability changed to FALSE
12/26/2016 19:00:59.335 WoW is Disabled, 0 WoW Clients
12/26/2016 19:01:33.147 Received kIOMessageSystemWillPowerOn
12/26/2016 19:01:33.152 System wake reason: AOP.ExternalReq menu
12/26/2016 19:01:33.152 System Powered ON notification Re-enabling auto-join
12/26/2016 19:01:33.153 __WiFiManagerSetEnableState: state TRUE, manager->enable.setting TRUE, manager->unlockedSinceBoot TRUE
12/26/2016 19:01:33.153 Enabling automatic association
12/26/2016 19:01:33.155 __WiFiDeviceManagerAutoAssociate: Already connected to DIGI-146A.
12/26/2016 19:01:33.155 WiFiLocaleManagerCheckLocale: trying to determine locale...
12/26/2016 19:01:33.155 WiFiManagerCoreLocationGetCachedLocation: getting cached location...
12/26/2016 19:01:33.165 __WiFiLocaleManagerGetLocaleFromMcc: finding iso country code for mcc 226 ....
12/26/2016 19:01:33.165 WiFiLocationServiceManagerIsLocationValid: cachedLocationTimeout 120.000000 location age 37.006547secs, lifeSpan -1.000000 accuracy 65.000000(highAccReq 0), isValid 1
12/26/2016 19:01:33.165 WiFiLocationServiceManagerStartLowAccuracyMonitoring: Cached low accuracy location is valid
12/26/2016 19:01:33.165 WiFiLocationServiceManagerIsLocationValid: cachedLocationTimeout 120.000000 location age 37.006749secs, lifeSpan -1.000000 accuracy 65.000000(highAccReq 1), isValid 1
12/26/2016 19:01:33.165 WiFiLocationServiceManagerIsLocationValid: cachedLocationTimeout 120.000000 location age 37.006835secs, lifeSpan -1.000000 accuracy 65.000000(highAccReq 0), isValid 1
12/26/2016 19:01:33.166 __WiFiLocationServiceManagerProcessLocationAvailableEvent: isValidHighAccuracyLocation 1,  isValidLowAccuracyLocation 1
12/26/2016 19:01:33.166 __WiFiLocationServiceManagerProcessLocationAvailableEvent: give low accuracy callback
12/26/2016 19:01:33.167 __WiFiLocaleManagerGetLocaleFromLocation: <+44.42590937,+26.13607902> +/- 65.00m (speed -1.00 mps / course -1.00) @ 12/26/16, 7:00:56 PM Eastern European Standard Time
12/26/2016 19:01:33.167 locale from bounding box 
12/26/2016 19:01:33.167 new locale:  , locale: 
12/26/2016 19:01:33.167 Stopping Low Accuracy Location Monitoring
12/26/2016 19:01:33.167 CLMonitoring is already stopped
12/26/2016 19:01:33.167 Stopping Low Accuracy Location Monitoring
12/26/2016 19:01:33.167 CLMonitoring is already stopped
12/26/2016 19:01:33.167 Power stats update: Type 0x5 UnassociatedSleepDur 0 AssociatedSleepDur 18040 TotalDur 33773 RoamDur 0
12/26/2016 19:01:33.167 WiFiAWDManagerSubmitMetric: metric container could not be generated for metric id <0x90010>
12/26/2016 19:01:33.183 Device display is ON
12/26/2016 19:01:33.183 __WiFiManagerSetEnableState: state TRUE, manager->enable.setting TRUE, manager->unlockedSinceBoot TRUE
12/26/2016 19:01:33.184 __WiFiDeviceManagerAutoAssociate: Already connected to DIGI-146A.
12/26/2016 19:01:33.184 __WiFiLQAMgrLogStats: Rssi: -79 Cca: 4 TxPer: 0.0% (0) BcnPer: 0.0% (0) RxFrms 0 TxRate: 0 RxRate: 0
12/26/2016 19:01:33.185 __WiFiLocationServiceManagerEventCallback, got cb dict {
    eventType = 0;
    location = "<+44.42590937,+26.13607902> +/- 65.00m (speed -1.00 mps / course -1.00) @ 12/26/16, 7:00:59 PM Eastern European Standard Time";
}
12/26/2016 19:01:33.186 WiFiLocationServiceManagerIsLocationValid: cachedLocationTimeout 120.000000 location age 33.328793secs, lifeSpan -1.000000 accuracy 65.000000(highAccReq 1), isValid 1
12/26/2016 19:01:33.186 WiFiLocationServiceManagerIsLocationValid: cachedLocationTimeout 120.000000 location age 33.328838secs, lifeSpan -1.000000 accuracy 65.000000(highAccReq 0), isValid 1
12/26/2016 19:01:33.187 __WiFiLocationServiceManagerProcessLocationAvailableEvent: isValidHighAccuracyLocation 1,  isValidLowAccuracyLocation 1
12/26/2016 19:01:33.187 __WiFiDeviceCopyLinkChangedSubReasonString: Apple80211ReturnToString failed 1
12/26/2016 19:01:33.187 __WiFiDeviceProcessDriverAvailableEvent: driver availability true, reason Initializing(0xe0821803), subreason (null)(0x0)
12/26/2016 19:01:33.187 __WiFiManagerDispatchDeviceAvailable: driver availability true

12/26/2016 19:01:33.193 __WiFiDeviceManagerAutoAssociate: Already connected to DIGI-146A.
12/26/2016 19:01:33.193 WiFiAWDManagerSubmitMetric: metric container could not be generated for metric id <0x9000e>
12/26/2016 19:01:33.198 __WiFiDeviceManagerAwdlAvailableCallback: AWDL availability changed to TRUE
12/26/2016 19:01:33.204 __WiFiDeviceManagerAutoAssociate: Already connected to DIGI-146A.
12/26/2016 19:01:33.204 No Change in Background Scan Networks, Skip Re-Programming Background Scan

12/26/2016 19:01:33.293 __WiFiManagerCellularTransmitCallback_block_invoke: Cellular Transmit Started = FALSE
12/26/2016 19:01:33.305 WoW is Disabled, 0 WoW Clients
12/26/2016 19:01:33.369 Async scan requested by "locationd" for 1 iterations with maxage=0 priority normal on en0
12/26/2016 19:01:33.369 Enqueuing command type: "Scan" pending commands: 0
12/26/2016 19:01:33.369 Dequeuing command type: "Scan" pending commands: 0
12/26/2016 19:01:33.369 Attempting Apple80211ScanAsync on en0
12/26/2016 19:01:33.580 Completed Apple80211ScanAsync on en0 (0x0)
12/26/2016 19:01:33.580 Async scan request completed for "locationd" (0)
12/26/2016 19:01:33.585 Async scan requested by "locationd" for 1 iterations with maxage=0 priority normal on en0
12/26/2016 19:01:33.585 Enqueuing command type: "Scan" pending commands: 0
12/26/2016 19:01:33.585 Dequeuing command type: "Scan" pending commands: 0
12/26/2016 19:01:33.585 Attempting Apple80211ScanAsync on en0
12/26/2016 19:01:34.044 Completed Apple80211ScanAsync on en0 (0x0)
12/26/2016 19:01:34.044 Async scan request completed for "locationd" (0)
12/26/2016 19:01:36.919 Device display is OFF
12/26/2016 19:01:37.249 __WiFiLQAMgrIsLinkBad: LQAManager BadLinkRssi -85
12/26/2016 19:01:37.249 __WiFiLQAMgrCheckTriggerDisconnect: Bypassed, System woke up before 4.08 secs
12/26/2016 19:01:38.113 
Too frequent(0.864082 secs) rssi event from driver, ignoring

12/26/2016 19:01:38.113 __WiFiLQAMgrCheckTriggerDisconnect: Bypassed, System woke up before 4.95 secs
12/26/2016 19:01:42.268 __WiFiLQAMgrCheckTriggerDisconnect: Bypassed, System woke up before 9.10 secs
12/26/2016 19:01:42.419 Received kIOMessageSystemWillSleep
12/26/2016 19:01:42.419 System Sleep notification, Disabling auto-join
12/26/2016 19:01:42.420 __WiFiManagerSetEnableState: state FALSE, manager->enable.setting TRUE, manager->unlockedSinceBoot TRUE
12/26/2016 19:01:42.420 Disabling automatic association
12/26/2016 19:01:42.462 WoW is Disabled, 0 WoW Clients
12/26/2016 19:01:42.577 __WiFiDeviceManagerAwdlAvailableCallback: AWDL availability changed to FALSE
12/26/2016 19:01:42.578 __WiFiDeviceCopyLinkChangedSubReasonString: Apple80211ReturnToString failed 1
12/26/2016 19:01:42.578 __WiFiDeviceProcessDriverAvailableEvent: driver availability false, reason PowerOff(0xe0821804), subreason (null)(0x0)
12/26/2016 19:01:42.578 __WiFiManagerDispatchDeviceAvailable: driver availability false

12/26/2016 19:01:42.578 WiFiAWDManagerSubmitMetric: metric container could not be generated for metric id <0x9000e>
12/26/2016 19:01:42.591 WoW is Disabled, 0 WoW Clients
12/26/2016 19:06:43.681 Received kIOMessageSystemWillPowerOn
12/26/2016 19:06:43.682 System wake reason: AOP.ExternalReq wlan
12/26/2016 19:06:43.682 System Powered ON notification Re-enabling auto-join
12/26/2016 19:06:43.682 __WiFiManagerSetEnableState: state TRUE, manager->enable.setting TRUE, manager->unlockedSinceBoot TRUE
12/26/2016 19:06:43.683 Enabling automatic association
12/26/2016 19:06:43.683 __WiFiDeviceManagerAutoAssociate: Already connected to DIGI-146A.
12/26/2016 19:06:43.684 WiFiLocaleManagerCheckLocale: trying to determine locale...
12/26/2016 19:06:43.684 WiFiManagerCoreLocationGetCachedLocation: getting cached location...
12/26/2016 19:06:43.687 __WiFiLocaleManagerGetLocaleFromMcc: finding iso country code for mcc 226 ....
12/26/2016 19:06:43.687 WiFiLocationServiceManagerIsLocationValid: cachedLocationTimeout 120.000000 location age 343.829523secs, lifeSpan -1.000000 accuracy 65.000000(highAccReq 0), isValid 1
12/26/2016 19:06:43.687 WiFiLocationServiceManagerStartLowAccuracyMonitoring: Cached low accuracy location is valid
12/26/2016 19:06:43.687 WiFiLocationServiceManagerIsLocationValid: cachedLocationTimeout 120.000000 location age 343.829684secs, lifeSpan -1.000000 accuracy 65.000000(highAccReq 1), isValid 1
12/26/2016 19:06:43.687 WiFiLocationServiceManagerIsLocationValid: cachedLocationTimeout 120.000000 location age 343.829740secs, lifeSpan -1.000000 accuracy 65.000000(highAccReq 0), isValid 1
12/26/2016 19:06:43.687 __WiFiLocationServiceManagerProcessLocationAvailableEvent: isValidHighAccuracyLocation 1,  isValidLowAccuracyLocation 1
12/26/2016 19:06:43.687 __WiFiLocationServiceManagerProcessLocationAvailableEvent: give low accuracy callback
12/26/2016 19:06:43.688 __WiFiLocaleManagerGetLocaleFromLocation: <+44.42590937,+26.13607902> +/- 65.00m (speed -1.00 mps / course -1.00) @ 12/26/16, 7:00:59 PM Eastern European Standard Time
12/26/2016 19:06:43.688 locale from bounding box 
12/26/2016 19:06:43.688 new locale:  , locale: 
12/26/2016 19:06:43.689 Stopping Low Accuracy Location Monitoring
12/26/2016 19:06:43.689 CLMonitoring is already stopped
12/26/2016 19:06:43.689 Stopping Low Accuracy Location Monitoring
12/26/2016 19:06:43.689 CLMonitoring is already stopped
12/26/2016 19:06:43.689 __WiFiDeviceProcessDumpLogsEvent: Dump logs event received, dumped wifid log buffer to file
