12/19/2016 12:40:10.518 __WiFiManagerCellularTransmitCallback_block_invoke: Cellular Transmit Started = FALSE
12/19/2016 12:40:10.827 __WiFiManagerCellularTransmitCallback_block_invoke: Cellular Transmit Started = TRUE
12/19/2016 12:40:12.545 __WiFiManagerCellularTransmitCallback_block_invoke: Cellular Transmit Started = FALSE
12/19/2016 12:40:12.816 __WiFiManagerCellularTransmitCallback_block_invoke: Cellular Transmit Started = TRUE
12/19/2016 12:40:43.845 Disable WoW requested by "apsd"
12/19/2016 12:40:43.846 WoW Capable = YES, Attempting to disable WoW and enable LPAS 
12/19/2016 12:40:43.846 Setting WoW params to <CFBasicHash 0x14cd2e500 [0x1a0950150]>{type = immutable dict, count = 3,
entries =>
	0 : <CFString 0x100175960 [0x1a0950150]>{contents = "IO80211InterfaceEnableLowPwrAssocMode"} = <CFBoolean 0x1a09506c8 [0x1a0950150]>{value = true}
	1 : <CFString 0x100175940 [0x1a0950150]>{contents = "IO80211InterfaceEnableWoW"} = <CFBoolean 0x1a09506d8 [0x1a0950150]>{value = false}
	2 : <CFString 0x100185ae0 [0x1a0950150]>{contents = "IO80211InterfaceEnableWoWOnCaptive"} = <CFBoolean 0x1a09506d8 [0x1a0950150]>{value = false}
}

12/19/2016 12:40:43.847 WiFiDeviceRequestAssociatedSleep: ActiveDuringSleepRequested is already removed ((null)).
12/19/2016 12:40:43.847 WoW Disabled, 0 WoW Clients, lpas is Enabled, WoW Override is Disabled, Captive Disabled
12/19/2016 12:40:43.848 Unable to dispatch WowStateChanged message to client mediaserverd (268435460)
12/19/2016 12:40:43.848 Unable to dispatch WowStateChanged message to client itunesstored (268435460)
12/19/2016 12:40:43.849 Unable to dispatch WowStateChanged message to client dataaccessd (268435460)
12/19/2016 12:40:43.849 Unable to dispatch WowStateChanged message to client MobileMail (268435460)
12/19/2016 12:40:43.850 WoW is Disabled, 0 WoW Clients
12/19/2016 12:40:43.851 WoW is Disabled, 0 WoW Clients
12/19/2016 12:40:43.854 WoW is Disabled, 0 WoW Clients
12/19/2016 12:40:48.849 Client apsd set type to normal application
12/19/2016 12:40:48.849 __WiFiManagerSetEnableState: state TRUE, manager->enable.setting TRUE, manager->unlockedSinceBoot TRUE
12/19/2016 12:40:48.850 BG Application: Not Present, BG Daemon: Present. Daemons: MobileMail mediaserverd 
12/19/2016 12:40:48.850 Client MobileMail set type to normal application
12/19/2016 12:40:48.850 __WiFiManagerSetEnableState: state TRUE, manager->enable.setting TRUE, manager->unlockedSinceBoot TRUE
12/19/2016 12:40:48.850 BG Application: Not Present, BG Daemon: Present. Daemons: mediaserverd 
12/19/2016 12:40:59.663 WiFiLocaleManagerCheckLocale: location service or wifi is off, set locale to default
12/19/2016 12:40:59.663 new locale:  , locale: 
12/19/2016 12:42:59.667 WiFiLocaleManagerCheckLocale: location service or wifi is off, set locale to default
12/19/2016 12:42:59.667 new locale:  , locale: 
12/19/2016 12:43:44.028 Battery state has changed. Remaining 10 percent
12/19/2016 12:43:44.077 WoW is Disabled, 0 WoW Clients
12/19/2016 12:44:59.667 WiFiLocaleManagerCheckLocale: location service or wifi is off, set locale to default
12/19/2016 12:44:59.667 new locale:  , locale: 
12/19/2016 12:45:00.560 __WiFiDeviceProcessDumpLogsEvent: Dump logs event received, dumped wifid log buffer to file
