 1/03/2017 14:31:07.029 Power stats update: Type 0x5 UnassociatedSleepDur 0 AssociatedSleepDur 181419 TotalDur 301084 RoamDur 4132
 1/03/2017 14:31:07.030 WiFiAWDManagerSubmitMetric: metric container could not be generated for metric id <0x90010>
 1/03/2017 14:31:07.030 __WiFiLQAMgrLogStats: Rssi: -78 Cca: 33 TxPer: 0.0% (0) BcnPer: 0.0% (0) RxFrms 0 TxRate: 0 RxRate: 0
 1/03/2017 14:31:07.031 __WiFiLQAMgrCheckTriggerDisconnect: Bypassed, System woke up before 0.03 secs
 1/03/2017 14:31:07.032 __WiFiDeviceCopyLinkChangedSubReasonString: Apple80211ReturnToString failed 1
 1/03/2017 14:31:07.032 __WiFiDeviceProcessDriverAvailableEvent: driver availability true, reason Initializing(0xe0821803), subreason (null)(0x0)
 1/03/2017 14:31:07.032 __WiFiManagerDispatchDeviceAvailable: driver availability true

 1/03/2017 14:31:07.080 __WiFiDeviceManagerAutoAssociate: Already connected to DIGI-146A.
 1/03/2017 14:31:07.080 WiFiAWDManagerSubmitMetric: metric container could not be generated for metric id <0x9000e>
 1/03/2017 14:31:07.081 __WiFiDeviceManagerAutoAssociate: Already connected to DIGI-146A.
 1/03/2017 14:31:07.082 No Change in Background Scan Networks, Skip Re-Programming Background Scan

 1/03/2017 14:31:07.094 __WiFiDeviceManagerBlackListNetworkCallback: Processing BlackList Network Event
 1/03/2017 14:31:07.094 __WiFiDeviceManagerBlackListNetworkCallback: Blacklisting DIGI-146A for Background Scan
 1/03/2017 14:31:07.099 __CreateBGScanRequest Hotspot Orange Mobile Wi-Fi added to BGScan List 
 1/03/2017 14:31:07.099 Preparing background scan request for "UPC5493113" "TP-LINK_Extender_2.4GHz" "UPC2300204" "PRECIS" "eduroam" "G3_7030" "eg304" "eMAG" "Orange Mobile Wi-Fi" Background Scan Caching is Disabled
 1/03/2017 14:31:07.158 __WiFiManagerCellularTransmitCallback_block_invoke: Cellular Transmit Started = FALSE
 1/03/2017 14:31:07.188 __WiFiDeviceCheckForIPRenewalWakeupSupport: State:/Network/Interface/en0/ActiveDuringSleepSupported = FALSE
 1/03/2017 14:31:07.433 WoW is Disabled, 0 WoW Clients
 1/03/2017 14:31:11.968 __WiFiLQAMgrCheckTriggerDisconnect: Bypassed, System woke up before 4.97 secs
 1/03/2017 14:31:12.164 Received kIOMessageSystemWillSleep
 1/03/2017 14:31:12.164 System Sleep notification, Disabling auto-join
 1/03/2017 14:31:12.164 __WiFiManagerSetEnableState: state FALSE, manager->enable.setting TRUE, manager->unlockedSinceBoot TRUE
 1/03/2017 14:31:12.164 Disabling automatic association
 1/03/2017 14:31:12.191 WoW is Disabled, 0 WoW Clients
 1/03/2017 14:31:12.294 __WiFiDeviceCopyLinkChangedSubReasonString: Apple80211ReturnToString failed 1
 1/03/2017 14:31:12.294 __WiFiDeviceProcessDriverAvailableEvent: driver availability false, reason PowerOff(0xe0821804), subreason (null)(0x0)
 1/03/2017 14:31:12.294 __WiFiManagerDispatchDeviceAvailable: driver availability false

 1/03/2017 14:31:12.294 WiFiAWDManagerSubmitMetric: metric container could not be generated for metric id <0x9000e>
 1/03/2017 14:31:12.296 __WiFiDeviceManagerAwdlAvailableCallback: AWDL availability changed to FALSE
 1/03/2017 14:31:12.299 __WiFiDeviceProcessLinkEvent: isLinkDown 1
 1/03/2017 14:31:12.300 -[WiFiIDSSyncEngine currentNetworkChanged]: <0x16e12f000>, role 1, currentNetwork (null)
 1/03/2017 14:31:12.300 -[WiFiIDSSyncEngine currentNetworkChanged]: adjusted waitForReAssociationTimer <CFRunLoopTimer 0x14ce6ecf0 [0x1a0950150]>{valid = Yes, firing = No, interval = 819052854, tolerance = 0, next fire date = 505139502 (29.999965 @ 7005909071450), callout = (NSTimer) [WiFiIDSSyncEngine companionReAssociationWaitTimerFired:] (0x18292cfe0 / 0x1000e1010) (/usr/sbin/wifid), context = <CFRunLoopTimer context 0x14ce5c520>}
 1/03/2017 14:45:39.935 Total connection time to DIGI-146A 785323.154371
 1/03/2017 14:45:39.973 WiFiDeviceManagerSetNetworks: Adding HS20 Account: 
Domain name orange.ro
3GPP MCC&MNC 226F10 
Friendly Operator Name Orange
 1/03/2017 14:45:39.973 __WiFiDeviceManagerPrepareHS20Queries: created queries <CFArray 0x14cda84a0 [0x1a0950150]>{type = mutable-small, count = 3, values = (
	0 : <CFNumber 0xb0000000000010c1 [0x1a0950150]>{value = +268, type = kCFNumberSInt16Type}
	1 : <CFNumber 0xb000000000001081 [0x1a0950150]>{value = +264, type = kCFNumberSInt16Type}
	2 : <CFNumber 0xb000000000000031 [0x1a0950150]>{value = +3, type = kCFNumberSInt16Type}
)}
 1/03/2017 14:45:39.974 Auto association attempt canceled because auto join is disabled.
 1/03/2017 14:45:39.974 No Change in Background Scan Networks, Skip Re-Programming Background Scan

 1/03/2017 14:45:39.975 Auto association attempt canceled because auto join is disabled.
 1/03/2017 14:45:39.975 __WiFiDeviceManagerSetInterfaceRank: setting interface rank kSCNetworkServicePrimaryRankDefault
 1/03/2017 14:45:39.976 WiFiDeviceRequestAssociatedSleep: ActiveDuringSleepRequested is already removed ((null)).
 1/03/2017 14:45:39.981 WiFiAWDManagerSubmitMetric: metric container could not be generated for metric id <0x90009>
 1/03/2017 14:45:39.981 Link went down: isInVoluntary 0, reason Unknown(4), subreason 0, rssi -77
 1/03/2017 14:45:39.981 __WiFiDeviceResetCCAHistory
 1/03/2017 14:45:39.981 __WiFiDeviceResetRssiHistory
 1/03/2017 14:45:39.982 Creating client for "configd"
 1/03/2017 14:45:39.986 Received kIOMessageSystemWillPowerOn
 1/03/2017 14:45:39.986 System wake reason: AOP.ExternalReq menu
 1/03/2017 14:45:39.986 System Powered ON notification Re-enabling auto-join
 1/03/2017 14:45:39.986 __WiFiManagerSetEnableState: state TRUE, manager->enable.setting TRUE, manager->unlockedSinceBoot TRUE
 1/03/2017 14:45:39.986 Enabling automatic association
 1/03/2017 14:45:39.986 __WiFiDeviceManagerStateMachineRun: current state: Idle
 1/03/2017 14:45:39.986 Attempting multi-stage auto join mStageAutoJoinAttempts=0
 1/03/2017 14:45:39.986 Starting multi-stage auto join sequence
 1/03/2017 14:45:39.986 multi-stage auto-join: Scanning for previous network DIGI-146A on channel 11
 1/03/2017 14:45:39.986 Performing auto-join broadcast scan with a modified dwell time of 110ms on channels: 11 
 1/03/2017 14:45:39.986 Enqueuing command type: "Scan" pending commands: 0
 1/03/2017 14:45:39.986 WiFiLocaleManagerCheckLocale: location service or wifi is off, set locale to default
 1/03/2017 14:45:39.986 new locale:  , locale: 
 1/03/2017 14:45:39.987 Dequeuing command type: "Scan" pending commands: 0
 1/03/2017 14:45:39.987 Attempting Apple80211ScanAsync on en0
 1/03/2017 14:45:40.038 Device display is ON
 1/03/2017 14:45:40.038 __WiFiManagerSetEnableState: state TRUE, manager->enable.setting TRUE, manager->unlockedSinceBoot TRUE
 1/03/2017 14:45:40.038 Auto association attempt canceled because auto join state is Scanning Previous Network Channel.
 1/03/2017 14:45:40.048 WiFiDeviceManagerSetNetworks: Adding HS20 Account: 
Domain name orange.ro
3GPP MCC&MNC 226F10 
Friendly Operator Name Orange
 1/03/2017 14:45:40.048 __WiFiDeviceManagerPrepareHS20Queries: created queries <CFArray 0x14cdbc2a0 [0x1a0950150]>{type = mutable-small, count = 3, values = (
	0 : <CFNumber 0xb0000000000010c1 [0x1a0950150]>{value = +268, type = kCFNumberSInt16Type}
	1 : <CFNumber 0xb000000000001081 [0x1a0950150]>{value = +264, type = kCFNumberSInt16Type}
	2 : <CFNumber 0xb000000000000031 [0x1a0950150]>{value = +3, type = kCFNumberSInt16Type}
)}
 1/03/2017 14:45:40.048 Auto association attempt canceled because auto join state is Scanning Previous Network Channel.
 1/03/2017 14:45:40.049 No Change in Background Scan Networks, Skip Re-Programming Background Scan

 1/03/2017 14:45:40.050 __WiFiDeviceCopyLinkChangedSubReasonString: Apple80211ReturnToString failed 1
 1/03/2017 14:45:40.050 __WiFiDeviceProcessDriverAvailableEvent: driver availability true, reason Initializing(0xe0821803), subreason (null)(0x0)
 1/03/2017 14:45:40.050 __WiFiManagerDispatchDeviceAvailable: driver availability true

 1/03/2017 14:45:40.051 Auto association attempt canceled because auto join state is Scanning Previous Network Channel.
 1/03/2017 14:45:40.051 WiFiAWDManagerSubmitMetric: metric container could not be generated for metric id <0x9000e>
 1/03/2017 14:45:40.110 __WiFiManagerCellularTransmitCallback_block_invoke: Cellular Transmit Started = FALSE
 1/03/2017 14:45:40.110 Auto association attempt canceled because auto join state is Scanning Previous Network Channel.
 1/03/2017 14:45:40.111 No Change in Background Scan Networks, Skip Re-Programming Background Scan

 1/03/2017 14:45:40.130 MIS state is Disabled
 1/03/2017 14:45:40.130 MIS state queried by "UserEventAgent" is Disable
 1/03/2017 14:45:40.131 MIS state is Disabled
 1/03/2017 14:45:40.131 MIS state queried by "SpringBoard" is Disable
 1/03/2017 14:45:40.131 MIS state is Disabled
 1/03/2017 14:45:40.131 MIS state queried by "locationd" is Disable
 1/03/2017 14:45:40.131 MIS state is Disabled
 1/03/2017 14:45:40.131 MIS state queried by "identityservices" is Disable
 1/03/2017 14:45:40.131 MIS state is Disabled
 1/03/2017 14:45:40.131 MIS state queried by "apsd" is Disable
 1/03/2017 14:45:40.131 MIS state is Disabled
 1/03/2017 14:45:40.132 MIS state queried by "imagent" is Disable
 1/03/2017 14:45:40.132 MIS state is Disabled
 1/03/2017 14:45:40.132 MIS state queried by "InCallService" is Disable
 1/03/2017 14:45:40.132 MIS state is Disabled
 1/03/2017 14:45:40.132 MIS state queried by "mediaserverd" is Disable
 1/03/2017 14:45:40.132 MIS state is Disabled
 1/03/2017 14:45:40.132 MIS state queried by "MobileMail" is Disable
 1/03/2017 14:45:40.174 Completed Apple80211ScanAsync on en0 (0x0)
 1/03/2017 14:45:40.176 Auto join scan completed (0) with current state: Scanning Previous Network Channel
 1/03/2017 14:45:40.176 __WiFiDeviceManagerStateMachineRun: current state: Scanning Previous Network Channel
 1/03/2017 14:45:40.176 Scanning Previous Network Channel found: CucuruzNetwork, DIGI-146A
 1/03/2017 14:45:40.176 Attempting auto-join for networks in following order: DIGI-146A(W)
 1/03/2017 14:45:40.176 Autojoin is processing network 1 of 1 candidates
 1/03/2017 14:45:40.176 Attempting auto join association of DIGI-146A
 1/03/2017 14:45:40.185 Enqueuing command type: "Association" pending commands: 1
 1/03/2017 14:45:40.185 Dequeuing command type: "Association" pending commands: 0
 1/03/2017 14:45:40.185 Attempting Apple80211AssociateAsync
 1/03/2017 14:45:40.187 Attempting to join WPA network: DIGI-146A
 1/03/2017 14:45:40.292 configd requesting removal of BGScan networks
 1/03/2017 14:45:40.293 No Change in Background Scan Networks, Skip Re-Programming Background Scan

 1/03/2017 14:45:40.293 __WiFiManagerSetEnableState: state TRUE, manager->enable.setting TRUE, manager->unlockedSinceBoot TRUE
 1/03/2017 14:45:40.293 Removing client for "configd"
 1/03/2017 14:45:40.293 WoW is Disabled, 0 WoW Clients
 1/03/2017 14:45:40.293 __WiFiDeviceManagerAwdlAvailableCallback: AWDL availability changed to TRUE
 1/03/2017 14:45:40.299 WoW is Disabled, 0 WoW Clients
 1/03/2017 14:45:40.303 WoW is Disabled, 0 WoW Clients
 1/03/2017 14:45:40.329 IPV4 State change for en0
 1/03/2017 14:45:40.344 IPV6 State change for en0
 1/03/2017 14:45:40.344 IPv4 Primary interface is pdp_ip0 and IPv6 Primary Interface is (null)
 1/03/2017 14:45:40.344 IPv4 Primary interface is pdp_ip0 and IPv6 Primary Interface is (null)
 1/03/2017 14:45:40.344 __WiFiDeviceProcessLinkEvent: isLinkDown 0
 1/03/2017 14:45:40.347 __WiFiDeviceManagerSetInterfaceRank: setting interface rank kSCNetworkServicePrimaryRankDefault
 1/03/2017 14:45:40.347 __WiFiDeviceManagerEvaluateAPEnvironment: Getting AP environment for DIGI-146A. Learning period 259200 secs Expiry period 2592000 secs
 1/03/2017 14:45:40.347 __WiFiDeviceManagerEvaluateAPEnvironment: AP environment is 2 for DIGI-146A(4:bd:70:a4:e3:8)
 1/03/2017 14:45:40.347 WiFiDeviceSetRoamParams: setting roam profile to type 1
 1/03/2017 14:45:40.348 __WiFiDeviceManagerEvaluateAPEnvironment: Getting AP environment for DIGI-146A. Learning period 259200 secs Expiry period 2592000 secs
 1/03/2017 14:45:40.348 __WiFiDeviceManagerEvaluateAPEnvironment: AP environment is 2 for DIGI-146A(4:bd:70:a4:e3:8)
 1/03/2017 14:45:40.348 __WiFiLQAMgrSetCurrentNetwork: SSID: DIGI-146A BSSID: 4:bd:70:a4:e3:8 RSSI: -71 ApEnv: 2
 1/03/2017 14:45:40.349 WiFiDeviceRequestAssociatedSleep: ActiveDuringSleepRequested is already removed ((null)).
 1/03/2017 14:45:40.349 __WiFiDeviceResetCCAHistory
 1/03/2017 14:45:40.349 __WiFiDeviceResetRssiHistory
 1/03/2017 14:45:40.349 __WiFiLQAMgrLogStats: Rssi: -71 Cca: 0 TxPer: 0.0% (0) BcnPer: 0.0% (0) RxFrms 0 TxRate: 0 RxRate: 0
 1/03/2017 14:45:40.349 __WiFiDeviceProcessLinkEvent: Initializing lqm value: rawRssi -71, scaledRssi 0.646484, noise 0, snr 20
 1/03/2017 14:45:40.351 __WiFiMetricsManagerPrepareLinkChangeNetworkParams: OUI:04:bd:70 Channel:11(20MHz) Flags:0x8 PhyMode:0x10 Security:0x2 WPA:[Prot:0x2 McastCipher:0x4 UcastCipher:0xc AKM:0x2 Caps:0x0] HT:[Info:0x19fc AMPDU:0x1b TXBF:0x0 Ext:0x0 ASEL:0x0] VHT:[Info:0x0]
 1/03/2017 14:45:40.351 WiFiAWDManagerSubmitMetric: metric container could not be generated for metric id <0x90009>
 1/03/2017 14:45:40.354 Creating client for "configd"
 1/03/2017 14:45:40.365 
Too frequent(0.016160 secs) rssi event from driver, ignoring

 1/03/2017 14:45:40.369 Completed Apple80211AssociateAsync (0 - 0x0)
 1/03/2017 14:45:40.369 Joined: DIGI-146A
 1/03/2017 14:45:40.370 Auto join association completed (0) with current state: Associating
 1/03/2017 14:45:40.370 __WiFiDeviceManagerStateMachineRun: current state: Associating
 1/03/2017 14:45:40.370 __WiFiDeviceManagerProcessAssociationResult: current state: Associating
 1/03/2017 14:45:40.370 WiFiNetworkSetKnownBssUsageData: BSS updated - current BSS: 4:bd:70:a4:e3:8 (11)
 1/03/2017 14:45:40.371 Removing problematic state for DIGI-146A, reason N/A reasonData=0
 1/03/2017 14:45:40.371 problematic networks =  and potentially problematic networks = 
 1/03/2017 14:45:40.371 No Change in Background Scan Networks, Skip Re-Programming Background Scan

 1/03/2017 14:45:40.371 __WiFiManagerDidAssociateCallback: network DIGI-146A, requestedInformation <CFBasicHash 0x14cf720f0 [0x1a0950150]>{type = mutable dict, count = 1,
entries =>
	2 : <CFString 0x10017e160 [0x1a0950150]>{contents = "reason"} = <CFString 0x100185180 [0x1a0950150]>{contents = "Associating"}
}

 1/03/2017 14:45:40.442 WiFiDeviceManagerSetNetworks: Adding HS20 Account: 
Domain name orange.ro
3GPP MCC&MNC 226F10 
Friendly Operator Name Orange
 1/03/2017 14:45:40.442 __WiFiDeviceManagerPrepareHS20Queries: created queries <CFArray 0x14ceeb520 [0x1a0950150]>{type = mutable-small, count = 3, values = (
	0 : <CFNumber 0xb0000000000010c1 [0x1a0950150]>{value = +268, type = kCFNumberSInt16Type}
	1 : <CFNumber 0xb000000000001081 [0x1a0950150]>{value = +264, type = kCFNumberSInt16Type}
	2 : <CFNumber 0xb000000000000031 [0x1a0950150]>{value = +3, type = kCFNumberSInt16Type}
)}
 1/03/2017 14:45:40.442 Auto association attempt canceled because auto join state is Associating.
 1/03/2017 14:45:40.442 No Change in Background Scan Networks, Skip Re-Programming Background Scan

 1/03/2017 14:45:40.454 MIS state is Disabled
 1/03/2017 14:45:40.454 MIS state queried by "MobileMail" is Disable
 1/03/2017 14:45:40.455 MIS state is Disabled
 1/03/2017 14:45:40.455 MIS state queried by "SpringBoard" is Disable
 1/03/2017 14:45:40.455 MIS state is Disabled
 1/03/2017 14:45:40.455 MIS state queried by "UserEventAgent" is Disable
 1/03/2017 14:45:40.455 MIS state is Disabled
 1/03/2017 14:45:40.455 MIS state queried by "locationd" is Disable
 1/03/2017 14:45:40.455 MIS state is Disabled
 1/03/2017 14:45:40.455 MIS state queried by "nanoregistryd" is Disable
 1/03/2017 14:45:40.464 WiFiDeviceManagerSetNetworks: Adding HS20 Account: 
Domain name orange.ro
3GPP MCC&MNC 226F10 
Friendly Operator Name Orange
 1/03/2017 14:45:40.464 __WiFiDeviceManagerPrepareHS20Queries: created queries <CFArray 0x14cf7de70 [0x1a0950150]>{type = mutable-small, count = 3, values = (
	0 : <CFNumber 0xb0000000000010c1 [0x1a0950150]>{value = +268, type = kCFNumberSInt16Type}
	1 : <CFNumber 0xb000000000001081 [0x1a0950150]>{value = +264, type = kCFNumberSInt16Type}
	2 : <CFNumber 0xb000000000000031 [0x1a0950150]>{value = +3, type = kCFNumberSInt16Type}
)}
 1/03/2017 14:45:40.465 __WiFiDeviceManagerAutoAssociate: Already connected to DIGI-146A.
 1/03/2017 14:45:40.465 No Change in Background Scan Networks, Skip Re-Programming Background Scan

 1/03/2017 14:45:40.469 MIS state is Disabled
 1/03/2017 14:45:40.469 MIS state queried by "identityservices" is Disable
 1/03/2017 14:45:40.469 MIS state is Disabled
 1/03/2017 14:45:40.469 MIS state queried by "apsd" is Disable
 1/03/2017 14:45:40.469 MIS state is Disabled
 1/03/2017 14:45:40.469 MIS state queried by "imagent" is Disable
 1/03/2017 14:45:40.469 MIS state is Disabled
 1/03/2017 14:45:40.469 MIS state queried by "InCallService" is Disable
 1/03/2017 14:45:40.469 configd requesting removal of BGScan networks
 1/03/2017 14:45:40.470 No Change in Background Scan Networks, Skip Re-Programming Background Scan

 1/03/2017 14:45:40.470 __WiFiManagerSetEnableState: state TRUE, manager->enable.setting TRUE, manager->unlockedSinceBoot TRUE
 1/03/2017 14:45:40.470 Removing client for "configd"
 1/03/2017 14:45:40.470 MIS state is Disabled
 1/03/2017 14:45:40.470 MIS state queried by "mediaserverd" is Disable
 1/03/2017 14:45:40.491 IPV4 State change for en0
 1/03/2017 14:45:40.492 IP Address: 192.168.100.2
 1/03/2017 14:45:40.492 Router IP Address: 192.168.100.1
 1/03/2017 14:45:40.492 __WiFiDeviceCheckForIPV4ParamsChange: Setting power mode to kA11PowerProfileDefault
 1/03/2017 14:45:40.493 __WiFiManagerIPv4Callback: <en0> [DIGI-146A                               : isHidden=0, isEAP=0, isWPA=1, isWEP=0, type=0] isMainIf? 1, isRoutable? 1
 1/03/2017 14:45:40.493 -[WiFiIDSSyncEngine currentNetworkChanged]: <0x16e12f000>, role 1, currentNetwork DIGI-146A                               : isHidden=0, isEAP=0, isWPA=1, isWEP=0, type=0
 1/03/2017 14:45:40.493 -[WiFiIDSSyncEngine currentNetworkChanged]: reset waitForReAssociationTimer <CFRunLoopTimer 0x14ce6ecf0 [0x1a0950150]>{valid = Yes, firing = No, interval = 819052854, tolerance = 0, next fire date = 1.32564068e+09 (820500340 @ 12124874775383649), callout = (NSTimer) [WiFiIDSSyncEngine companionReAssociationWaitTimerFired:] (0x18292cfe0 / 0x1000e1010) (/usr/sbin/wifid), context = <CFRunLoopTimer context 0x14ce5c520>}
 1/03/2017 14:45:40.493 -[WiFiIDSSyncEngine sendCurrentCompanionNetwork]: autojoinAssistDict {
    "SSID_STR" = "DIGI-146A";
}
 1/03/2017 14:45:40.493 WiFiLQAMgrSetRouterIpv4Addr: Router IP Address: 192.168.100.1 
 1/03/2017 14:45:40.493 -[WiFiIDSSyncEngine sendToGizmoOfDataType:]: <0x16e0a3000> ID:(null), data type 1
 1/03/2017 14:45:40.494 __WiFiDeviceCheckForIPV4ParamsChange: configMethod DHCP, leaseExpiryDuration 4320 mins
 1/03/2017 14:45:40.494 WiFiAWDManagerSubmitMetric: metric container could not be generated for metric id <0x90007>
 1/03/2017 14:45:40.494 Router MAC Address: 04:bd:70:a4:e3:00
 1/03/2017 14:45:40.502 WoW is Disabled, 0 WoW Clients
 1/03/2017 14:45:40.504 IPv4 Primary interface is pdp_ip0 and IPv6 Primary Interface is (null)
 1/03/2017 14:45:40.523 IPv4 Primary interface is en0 and IPv6 Primary Interface is (null)
 1/03/2017 14:45:40.584 MIS state is Disabled
 1/03/2017 14:45:40.584 MIS state queried by "nanoregistryd" is Disable
 1/03/2017 14:45:41.072 ATJManager: setting ask-to-join interaction mode to Interactive
 1/03/2017 14:45:41.072 ATJManager: no entries to purge
 1/03/2017 14:45:41.073 User interaction ENABLED
 1/03/2017 14:45:41.073 Ignoring lock state manager->wakeMode 1

 1/03/2017 14:45:41.073 problematic networks =  and potentially problematic networks = 
 1/03/2017 14:45:41.073 Unblacklisting
 1/03/2017 14:45:41.073 __CreateBGScanRequest Hotspot Orange Mobile Wi-Fi added to BGScan List 
 1/03/2017 14:45:41.073 Preparing background scan request for "DIGI-146A" "UPC5493113" "TP-LINK_Extender_2.4GHz" "UPC2300204" "PRECIS" "eduroam" "G3_7030" "eg304" "eMAG" "Orange Mobile Wi-Fi" Background Scan Caching is Disabled
 1/03/2017 14:45:41.084 __WiFiDeviceManagerAutoAssociate: Already connected to DIGI-146A.
 1/03/2017 14:45:41.087 __WiFiDeviceCheckForIPRenewalWakeupSupport: State:/Network/Interface/en0/ActiveDuringSleepSupported = TRUE
 1/03/2017 14:45:43.205 BG Application: Not Present, BG Daemon: Present. Daemons: mediaserverd 
 1/03/2017 14:45:43.205 __WiFiManagerSetEnableState: state TRUE, manager->enable.setting TRUE, manager->unlockedSinceBoot TRUE
 1/03/2017 14:45:43.205 __WiFiDeviceManagerAutoAssociate: Already connected to DIGI-146A.
 1/03/2017 14:45:45.095 BG Application: Not Present, BG Daemon: Present. Daemons: mediaserverd 
 1/03/2017 14:45:45.095 LPAS is Enabled
 1/03/2017 14:45:45.095 LPAS Enabled, Skip starting Disassocation timer
 1/03/2017 14:45:46.742 Client apsd set type to background application
 1/03/2017 14:45:46.742 __WiFiManagerSetEnableState: state TRUE, manager->enable.setting TRUE, manager->unlockedSinceBoot TRUE
 1/03/2017 14:45:46.742 BG Application: Not Present, BG Daemon: Present. Daemons: mediaserverd apsd 
 1/03/2017 14:45:46.743 __WiFiDeviceManagerAutoAssociate: Already connected to DIGI-146A.
 1/03/2017 14:45:46.743 Enable WoW requested by "apsd"
 1/03/2017 14:45:46.743 WoW Capable = YES, Attempting to enable WoW and disable LPAS 
 1/03/2017 14:45:46.744 Setting WoW params to <CFBasicHash 0x14cf51130 [0x1a0950150]>{type = immutable dict, count = 3,
entries =>
	0 : <CFString 0x100175960 [0x1a0950150]>{contents = "IO80211InterfaceEnableLowPwrAssocMode"} = <CFBoolean 0x1a09506d8 [0x1a0950150]>{value = false}
	1 : <CFString 0x100175940 [0x1a0950150]>{contents = "IO80211InterfaceEnableWoW"} = <CFBoolean 0x1a09506c8 [0x1a0950150]>{value = true}
	2 : <CFString 0x100185ae0 [0x1a0950150]>{contents = "IO80211InterfaceEnableWoWOnCaptive"} = <CFBoolean 0x1a09506d8 [0x1a0950150]>{value = false}
}

 1/03/2017 14:45:46.746 WiFiDeviceRequestAssociatedSleep: ActiveDuringSleepRequested is already set (<CFBasicHash 0x14cd9a240 [0x1a0950150]>{type = immutable dict, count = 0,
entries =>
}
).
 1/03/2017 14:45:46.746 WoW Enabled by 1 Clients, lpas is Disabled, WoW Override is Disabled, Captive Disabled
 1/03/2017 14:45:46.747 Unable to dispatch WowStateChanged message to client dataaccessd (268435460)
 1/03/2017 14:45:46.747 Unable to dispatch WowStateChanged message to client itunesstored (268435460)
 1/03/2017 14:45:46.747 Unable to dispatch WowStateChanged message to client mediaserverd (268435460)
 1/03/2017 14:45:46.748 Unable to dispatch WowStateChanged message to client MobileMail (268435460)
 1/03/2017 14:45:46.749 Unable to dispatch WowStateChanged message to client profiled (268435460)
 1/03/2017 14:45:46.749 Unable to dispatch WowStateChanged message to client assistantd (268435460)
 1/03/2017 14:45:46.749 apsd[273] is a wow client
 1/03/2017 14:45:46.750 WoW is Enabled, 1 WoW Clients
 1/03/2017 14:45:46.750 apsd[273] is a wow client
 1/03/2017 14:45:46.750 WoW is Enabled, 1 WoW Clients
 1/03/2017 14:45:46.755 apsd[273] is a wow client
 1/03/2017 14:45:46.755 WoW is Enabled, 1 WoW Clients
 1/03/2017 14:45:47.100 Client dataaccessd set type to background application
 1/03/2017 14:45:47.100 __WiFiManagerSetEnableState: state TRUE, manager->enable.setting TRUE, manager->unlockedSinceBoot TRUE
 1/03/2017 14:45:47.102 BG Application: Not Present, BG Daemon: Present. Daemons: mediaserverd dataaccessd apsd 
 1/03/2017 14:45:47.102 __WiFiDeviceManagerAutoAssociate: Already connected to DIGI-146A.
 1/03/2017 14:45:47.137 Client dataaccessd set type to background application
 1/03/2017 14:45:47.559 Client dataaccessd set type to normal application
 1/03/2017 14:45:47.559 __WiFiManagerSetEnableState: state TRUE, manager->enable.setting TRUE, manager->unlockedSinceBoot TRUE
 1/03/2017 14:45:47.559 BG Application: Not Present, BG Daemon: Present. Daemons: mediaserverd apsd 
 1/03/2017 14:45:47.559 Client dataaccessd set type to normal application
 1/03/2017 14:45:47.574 Client dataaccessd set type to background application
 1/03/2017 14:45:47.574 __WiFiManagerSetEnableState: state TRUE, manager->enable.setting TRUE, manager->unlockedSinceBoot TRUE
 1/03/2017 14:45:47.574 BG Application: Not Present, BG Daemon: Present. Daemons: mediaserverd dataaccessd apsd 
 1/03/2017 14:45:47.574 __WiFiDeviceManagerAutoAssociate: Already connected to DIGI-146A.
 1/03/2017 14:45:47.575 Client dataaccessd set type to background application
 1/03/2017 14:45:48.307 Client dataaccessd set type to normal application
 1/03/2017 14:45:48.307 __WiFiManagerSetEnableState: state TRUE, manager->enable.setting TRUE, manager->unlockedSinceBoot TRUE
 1/03/2017 14:45:48.308 BG Application: Not Present, BG Daemon: Present. Daemons: mediaserverd apsd 
 1/03/2017 14:45:49.294 Client dataaccessd set type to normal application
 1/03/2017 14:45:50.183 IPV6 State change for en0
 1/03/2017 14:45:50.183 IP Address: 2a02:2f0a:c085:a800:1812:30f8:30b3:a4b0
 1/03/2017 14:45:50.183 IP Address: 2a02:2f0a:c085:a800:34dc:5b28:430:5662
 1/03/2017 14:45:50.202 IPv4 Primary interface is en0 and IPv6 Primary Interface is en0
 1/03/2017 14:45:50.203 IPv4 Primary interface is en0 and IPv6 Primary Interface is en0
 1/03/2017 14:45:50.991 IPv4 Primary interface is en0 and IPv6 Primary Interface is en0
 1/03/2017 14:45:50.992 IPv4 Primary interface is en0 and IPv6 Primary Interface is en0
 1/03/2017 14:45:53.206 __WiFiLQAMgrIsLinkBad: LQAManager BadLinkRssi -83
 1/03/2017 14:45:54.181 scanCache: Purging scan cache
 1/03/2017 14:46:00.345 __WiFiLQAMgrLogStats: Rssi: -75 Cca: 13 TxPer: 0.0% (1) BcnPer: 25.0% (8) RxFrms 1 TxRate: 19500 RxRate: 52000
 1/03/2017 14:46:05.350 __WiFiLQAMgrLogStats: Rssi: -77 Cca: 13 TxPer: 0.0% (3) BcnPer: 2.4% (42) RxFrms 2 TxRate: 19500 RxRate: 52000
 1/03/2017 14:46:10.358 __WiFiLQAMgrLogStats: Rssi: -76 Cca: 34 TxPer: 0.0% (0) BcnPer: 4.0% (50) RxFrms 1 TxRate: 19500 RxRate: 52000
 1/03/2017 14:46:15.371 __WiFiLQAMgrLogStats: Rssi: -76 Cca: 6 TxPer: 0.0% (11) BcnPer: 2.0% (50) RxFrms 16 TxRate: 19500 RxRate: 52000
 1/03/2017 14:46:20.379 __WiFiLQAMgrLogStats: Rssi: -78 Cca: 6 TxPer: 0.0% (5) BcnPer: 0.0% (50) RxFrms 4 TxRate: 19500 RxRate: 39000
 1/03/2017 14:46:25.388 __WiFiLQAMgrLogStats: Rssi: -79 Cca: 29 TxPer: 0.0% (2) BcnPer: 4.0% (50) RxFrms 1 TxRate: 19500 RxRate: 52000
 1/03/2017 14:46:30.389 __WiFiLQAMgrLogStats: Rssi: -79 Cca: 40 TxPer: 0.0% (0) BcnPer: 0.0% (0) RxFrms 0 TxRate: 0 RxRate: 0
 1/03/2017 14:46:35.397 __WiFiLQAMgrLogStats: Rssi: -79 Cca: 2 TxPer: 0.0% (2) BcnPer: 1.4% (73) RxFrms 2 TxRate: 19500 RxRate: 26000
 1/03/2017 14:46:40.405 
Too frequent(0.629525 secs) rssi event from driver, ignoring

 1/03/2017 14:46:41.082 Background Network Application entered
 1/03/2017 14:46:41.083 BG Application: Present, BG Daemon: Present. Daemons: mediaserverd apsd 
 1/03/2017 14:46:41.083 __WiFiManagerSetEnableState: state TRUE, manager->enable.setting TRUE, manager->unlockedSinceBoot TRUE
 1/03/2017 14:46:41.083 __WiFiDeviceManagerAutoAssociate: Already connected to DIGI-146A.
 1/03/2017 14:46:41.086 Background Network Application entered
 1/03/2017 14:46:41.086 BG Application: Not Present, BG Daemon: Present. Daemons: mediaserverd apsd 
 1/03/2017 14:46:41.086 __WiFiManagerSetEnableState: state TRUE, manager->enable.setting TRUE, manager->unlockedSinceBoot TRUE
 1/03/2017 14:46:41.086 __WiFiDeviceManagerAutoAssociate: Already connected to DIGI-146A.
 1/03/2017 14:46:45.413 
Too frequent(0.625147 secs) rssi event from driver, ignoring

 1/03/2017 14:46:50.421 __WiFiLQAMgrLogStats: Rssi: -78 Cca: 28 TxPer: 0.0% (1) BcnPer: 4.0% (50) RxFrms 2 TxRate: 19500 RxRate: 1000
 1/03/2017 14:46:55.426 __WiFiLQAMgrLogStats: Rssi: -79 Cca: 21 TxPer: 0.0% (3) BcnPer: 2.0% (50) RxFrms 5 TxRate: 26000 RxRate: 19500
 1/03/2017 14:47:00.427 __WiFiLQAMgrLogStats: Rssi: -79 Cca: 47 TxPer: 0.0% (0) BcnPer: 0.0% (0) RxFrms 0 TxRate: 0 RxRate: 0
 1/03/2017 14:47:05.435 __WiFiLQAMgrLogStats: Rssi: -79 Cca: 20 TxPer: 0.0% (3) BcnPer: 1.0% (100) RxFrms 2 TxRate: 26000 RxRate: 39000
 1/03/2017 14:47:10.443 __WiFiLQAMgrLogStats: Rssi: -78 Cca: 49 TxPer: 0.0% (0) BcnPer: 2.0% (50) RxFrms 1 TxRate: 26000 RxRate: 39000
 1/03/2017 14:47:12.076 BG Application: Not Present, BG Daemon: Present. Daemons: mediaserverd apsd 
 1/03/2017 14:47:12.076 __WiFiManagerSetEnableState: state TRUE, manager->enable.setting TRUE, manager->unlockedSinceBoot TRUE
 1/03/2017 14:47:12.076 __WiFiDeviceManagerAutoAssociate: Already connected to DIGI-146A.
 1/03/2017 14:47:15.448 __WiFiLQAMgrLogStats: Rssi: -81 Cca: 11 TxPer: 0.0% (3) BcnPer: 2.3% (43) RxFrms 4 TxRate: 19500 RxRate: 26000
 1/03/2017 14:47:20.456 __WiFiLQAMgrLogStats: Rssi: -79 Cca: 11 TxPer: 0.0% (1) BcnPer: 3.1% (32) RxFrms 1 TxRate: 19500 RxRate: 26000
 1/03/2017 14:47:25.464 __WiFiLQAMgrLogStats: Rssi: -74 Cca: 37 TxPer: 0.0% (2) BcnPer: 0.0% (50) RxFrms 2 TxRate: 19500 RxRate: 52000
 1/03/2017 14:47:25.464 __WiFiLQAMgrIsLinkGood: LQAManager: GoodLinkRssi -74
 1/03/2017 14:47:30.465 __WiFiLQAMgrLogStats: Rssi: -74 Cca: 37 TxPer: 0.0% (0) BcnPer: 0.0% (0) RxFrms 0 TxRate: 0 RxRate: 0
 1/03/2017 14:47:33.460 __WiFiLQAMgrIsLinkBad: LQAManager BadLinkRssi -85
 1/03/2017 14:47:34.396 WiFiLocaleManagerCheckLocale: location service or wifi is off, set locale to default
 1/03/2017 14:47:34.396 new locale:  , locale: 
 1/03/2017 14:47:35.058 ATJManager: setting ask-to-join interaction mode to NonInteractive
 1/03/2017 14:47:35.058 ATJManager: no entries to purge
 1/03/2017 14:47:35.059 User interaction DISABLED
 1/03/2017 14:47:35.059 Ignoring lock state manager->wakeMode 1

 1/03/2017 14:47:35.068 Device display is OFF
 1/03/2017 14:47:40.477 __WiFiLQAMgrIsLinkGood: LQAManager: GoodLinkRssi -74
 1/03/2017 14:47:45.485 __WiFiLQAMgrLogStats: Rssi: -78 Cca: 30 TxPer: 0.0% (18) BcnPer: 2.0% (50) RxFrms 14 TxRate: 26000 RxRate: 52000
 1/03/2017 14:47:48.342 Received kIOMessageSystemWillSleep
 1/03/2017 14:47:48.342 System Sleep notification, Disabling auto-join
 1/03/2017 14:47:48.342 __WiFiManagerSetEnableState: state FALSE, manager->enable.setting TRUE, manager->unlockedSinceBoot TRUE
 1/03/2017 14:47:48.342 Disabling automatic association
 1/03/2017 14:47:48.389 apsd[273] is a wow client
 1/03/2017 14:47:48.389 WoW is Enabled, 1 WoW Clients
 1/03/2017 14:47:48.511 __WiFiDeviceCopyLinkChangedSubReasonString: Apple80211ReturnToString failed 1
 1/03/2017 14:47:48.511 __WiFiDeviceProcessDriverAvailableEvent: driver availability false, reason PowerOff(0xe0821804), subreason (null)(0x0)
 1/03/2017 14:47:48.511 __WiFiManagerDispatchDeviceAvailable: driver availability false

 1/03/2017 14:47:48.512 WiFiAWDManagerSubmitMetric: metric container could not be generated for metric id <0x9000e>
 1/03/2017 14:47:48.514 __WiFiDeviceManagerAwdlAvailableCallback: AWDL availability changed to FALSE
 1/03/2017 14:47:48.517 apsd[273] is a wow client
 1/03/2017 14:47:48.517 WoW is Enabled, 1 WoW Clients
 1/03/2017 14:49:38.488 Received kIOMessageSystemWillPowerOn
 1/03/2017 14:49:38.488 System wake reason: AOP.ExternalReq baseband
 1/03/2017 14:49:38.488 System Powered ON notification Re-enabling auto-join
 1/03/2017 14:49:38.488 __WiFiManagerSetEnableState: state TRUE, manager->enable.setting TRUE, manager->unlockedSinceBoot TRUE
 1/03/2017 14:49:38.488 Enabling automatic association
 1/03/2017 14:49:38.489 __WiFiDeviceManagerAutoAssociate: Already connected to DIGI-146A.
 1/03/2017 14:49:38.489 WiFiLocaleManagerCheckLocale: location service or wifi is off, set locale to default
 1/03/2017 14:49:38.489 new locale:  , locale: 
 1/03/2017 14:49:38.515 __WiFiDeviceManagerAwdlAvailableCallback: AWDL availability changed to TRUE
 1/03/2017 14:49:38.515 Power stats update: Type 0x6 UnassociatedSleepDur 0 AssociatedSleepDur 108580 TotalDur 109933 RoamDur 45
 1/03/2017 14:49:38.515 WiFiAWDManagerSubmitMetric: metric container could not be generated for metric id <0x90010>
 1/03/2017 14:49:38.517 __WiFiLQAMgrLogStats: Rssi: -78 Cca: 30 TxPer: 0.0% (0) BcnPer: 0.0% (0) RxFrms 0 TxRate: 0 RxRate: 0
 1/03/2017 14:49:38.518 __WiFiDeviceCopyLinkChangedSubReasonString: Apple80211ReturnToString failed 1
 1/03/2017 14:49:38.518 __WiFiDeviceProcessDriverAvailableEvent: driver availability true, reason Initializing(0xe0821803), subreason (null)(0x0)
 1/03/2017 14:49:38.518 __WiFiManagerDispatchDeviceAvailable: driver availability true

 1/03/2017 14:49:38.520 __WiFiDeviceManagerAutoAssociate: Already connected to DIGI-146A.
 1/03/2017 14:49:38.520 WiFiAWDManagerSubmitMetric: metric container could not be generated for metric id <0x9000e>
 1/03/2017 14:49:38.520 __WiFiDeviceManagerAutoAssociate: Already connected to DIGI-146A.
 1/03/2017 14:49:38.522 No Change in Background Scan Networks, Skip Re-Programming Background Scan

 1/03/2017 14:49:38.586 __WiFiManagerCellularTransmitCallback_block_invoke: Cellular Transmit Started = TRUE
 1/03/2017 14:49:38.905 Disable WoW requested by "apsd"
 1/03/2017 14:49:38.905 WoW Capable = YES, Attempting to disable WoW and enable LPAS 
 1/03/2017 14:49:38.907 Setting WoW params to <CFBasicHash 0x14cf51130 [0x1a0950150]>{type = immutable dict, count = 3,
entries =>
	0 : <CFString 0x100175960 [0x1a0950150]>{contents = "IO80211InterfaceEnableLowPwrAssocMode"} = <CFBoolean 0x1a09506c8 [0x1a0950150]>{value = true}
	1 : <CFString 0x100175940 [0x1a0950150]>{contents = "IO80211InterfaceEnableWoW"} = <CFBoolean 0x1a09506d8 [0x1a0950150]>{value = false}
	2 : <CFString 0x100185ae0 [0x1a0950150]>{contents = "IO80211InterfaceEnableWoWOnCaptive"} = <CFBoolean 0x1a09506d8 [0x1a0950150]>{value = false}
}

 1/03/2017 14:49:39.082 WiFiDeviceRequestAssociatedSleep: ActiveDuringSleepRequested is already set (<CFBasicHash 0x14cfd2590 [0x1a0950150]>{type = immutable dict, count = 0,
entries =>
}
).
 1/03/2017 14:49:39.083 WoW Disabled, 0 WoW Clients, lpas is Enabled, WoW Override is Disabled, Captive Disabled
 1/03/2017 14:49:39.084 Unable to dispatch WowStateChanged message to client dataaccessd (268435460)
 1/03/2017 14:49:39.085 Unable to dispatch WowStateChanged message to client itunesstored (268435460)
 1/03/2017 14:49:39.087 Unable to dispatch WowStateChanged message to client mediaserverd (268435460)
 1/03/2017 14:49:39.088 Unable to dispatch WowStateChanged message to client MobileMail (268435460)
 1/03/2017 14:49:39.088 Unable to dispatch WowStateChanged message to client profiled (268435460)
 1/03/2017 14:49:39.089 Unable to dispatch WowStateChanged message to client assistantd (268435460)
 1/03/2017 14:49:39.112 WoW is Disabled, 0 WoW Clients
 1/03/2017 14:49:39.115 WoW is Disabled, 0 WoW Clients
 1/03/2017 14:49:39.116 WoW is Disabled, 0 WoW Clients
 1/03/2017 14:49:39.295 WoW is Disabled, 0 WoW Clients
 1/03/2017 14:49:40.673 Device display is ON
 1/03/2017 14:49:40.673 __WiFiManagerSetEnableState: state TRUE, manager->enable.setting TRUE, manager->unlockedSinceBoot TRUE
 1/03/2017 14:49:40.676 __WiFiDeviceManagerAutoAssociate: Already connected to DIGI-146A.
 1/03/2017 14:49:43.823 Client apsd set type to normal application
 1/03/2017 14:49:43.823 __WiFiManagerSetEnableState: state TRUE, manager->enable.setting TRUE, manager->unlockedSinceBoot TRUE
 1/03/2017 14:49:43.823 BG Application: Not Present, BG Daemon: Present. Daemons: mediaserverd 
 1/03/2017 14:49:46.344 __WiFiManagerCellularTransmitCallback_block_invoke: Cellular Transmit Started = FALSE
 1/03/2017 14:49:48.465 __WiFiLQAMgrLogStats: Rssi: -73 Cca: 3 TxPer: 0.0% (1) BcnPer: 2.6% (38) RxFrms 1 TxRate: 13000 RxRate: 52000
 1/03/2017 14:49:52.446 Device display is OFF
 1/03/2017 14:49:53.473 __WiFiLQAMgrLogStats: Rssi: -80 Cca: 34 TxPer: 0.0% (4) BcnPer: 0.0% (50) RxFrms 6 TxRate: 13000 RxRate: 52000
 1/03/2017 14:49:53.646 __WiFiManagerCellularTransmitCallback_block_invoke: Cellular Transmit Started = TRUE
 1/03/2017 14:49:54.248 Device display is ON
 1/03/2017 14:49:54.248 __WiFiManagerSetEnableState: state TRUE, manager->enable.setting TRUE, manager->unlockedSinceBoot TRUE
 1/03/2017 14:49:54.248 __WiFiDeviceManagerAutoAssociate: Already connected to DIGI-146A.
 1/03/2017 14:49:55.364 __WiFiLQAMgrIsLinkBad: LQAManager BadLinkRssi -85
 1/03/2017 14:49:58.486 __WiFiLQAMgrIsLinkGood: LQAManager: GoodLinkRssi -70
 1/03/2017 14:50:10.619 __WiFiManagerCellularTransmitCallback_block_invoke: Cellular Transmit Started = FALSE
 1/03/2017 14:50:13.505 __WiFiLQAMgrLogStats: Rssi: -78 Cca: 36 TxPer: 0.0% (1) BcnPer: 0.0% (50) RxFrms 1 TxRate: 13000 RxRate: 52000
 1/03/2017 14:50:17.061 Device display is OFF
 1/03/2017 14:50:18.513 __WiFiLQAMgrLogStats: Rssi: -73 Cca: 52 TxPer: 0.0% (0) BcnPer: 0.0% (0) RxFrms 2 TxRate: 13000 RxRate: 52000
 1/03/2017 14:50:22.549 Received kIOMessageSystemWillSleep
 1/03/2017 14:50:22.549 System Sleep notification, Disabling auto-join
 1/03/2017 14:50:22.549 __WiFiManagerSetEnableState: state FALSE, manager->enable.setting TRUE, manager->unlockedSinceBoot TRUE
 1/03/2017 14:50:22.549 Disabling automatic association
 1/03/2017 14:50:22.573 WoW is Disabled, 0 WoW Clients
 1/03/2017 14:50:22.654 __WiFiDeviceManagerAwdlAvailableCallback: AWDL availability changed to FALSE
 1/03/2017 14:50:22.654 __WiFiDeviceCopyLinkChangedSubReasonString: Apple80211ReturnToString failed 1
 1/03/2017 14:50:22.654 __WiFiDeviceProcessDriverAvailableEvent: driver availability false, reason PowerOff(0xe0821804), subreason (null)(0x0)
 1/03/2017 14:50:22.654 __WiFiManagerDispatchDeviceAvailable: driver availability false

 1/03/2017 14:50:22.656 WiFiAWDManagerSubmitMetric: metric container could not be generated for metric id <0x9000e>
 1/03/2017 14:50:22.664 WoW is Disabled, 0 WoW Clients
 1/03/2017 14:50:42.156 Received kIOMessageSystemWillPowerOn
 1/03/2017 14:50:42.163 System wake reason: AOP.ExternalReq menu
 1/03/2017 14:50:42.163 System Powered ON notification Re-enabling auto-join
 1/03/2017 14:50:42.164 __WiFiManagerSetEnableState: state TRUE, manager->enable.setting TRUE, manager->unlockedSinceBoot TRUE
 1/03/2017 14:50:42.164 Enabling automatic association
 1/03/2017 14:50:42.164 __WiFiDeviceManagerAutoAssociate: Already connected to DIGI-146A.
 1/03/2017 14:50:42.164 WiFiLocaleManagerCheckLocale: location service or wifi is off, set locale to default
 1/03/2017 14:50:42.164 new locale:  , locale: 
 1/03/2017 14:50:42.164 Power stats update: Type 0x5 UnassociatedSleepDur 0 AssociatedSleepDur 8174 TotalDur 19439 RoamDur 0
 1/03/2017 14:50:42.164 WiFiAWDManagerSubmitMetric: metric container could not be generated for metric id <0x90010>
 1/03/2017 14:50:42.166 Device display is ON
 1/03/2017 14:50:42.166 __WiFiManagerSetEnableState: state TRUE, manager->enable.setting TRUE, manager->unlockedSinceBoot TRUE
 1/03/2017 14:50:42.166 __WiFiDeviceManagerAutoAssociate: Already connected to DIGI-146A.
 1/03/2017 14:50:42.167 __WiFiLQAMgrLogStats: Rssi: -74 Cca: 52 TxPer: 0.0% (0) BcnPer: 0.0% (0) RxFrms 0 TxRate: 0 RxRate: 0
 1/03/2017 14:50:42.167 __WiFiDeviceCopyLinkChangedSubReasonString: Apple80211ReturnToString failed 1
 1/03/2017 14:50:42.168 __WiFiDeviceProcessDriverAvailableEvent: driver availability true, reason Initializing(0xe0821803), subreason (null)(0x0)
 1/03/2017 14:50:42.168 __WiFiManagerDispatchDeviceAvailable: driver availability true

 1/03/2017 14:50:42.169 __WiFiDeviceManagerAutoAssociate: Already connected to DIGI-146A.
 1/03/2017 14:50:42.170 WiFiAWDManagerSubmitMetric: metric container could not be generated for metric id <0x9000e>
 1/03/2017 14:50:42.179 __WiFiDeviceManagerAutoAssociate: Already connected to DIGI-146A.
 1/03/2017 14:50:42.180 No Change in Background Scan Networks, Skip Re-Programming Background Scan

 1/03/2017 14:50:42.285 __WiFiDeviceManagerAwdlAvailableCallback: AWDL availability changed to TRUE
 1/03/2017 14:50:42.304 WoW is Disabled, 0 WoW Clients
 1/03/2017 14:50:42.315 __WiFiManagerCellularTransmitCallback_block_invoke: Cellular Transmit Started = FALSE
 1/03/2017 14:50:42.771 ATJManager: setting ask-to-join interaction mode to Interactive
 1/03/2017 14:50:42.771 ATJManager: no entries to purge
 1/03/2017 14:50:42.771 User interaction ENABLED
 1/03/2017 14:50:42.771 Ignoring lock state manager->wakeMode 1

 1/03/2017 14:50:42.771 problematic networks =  and potentially problematic networks = 
 1/03/2017 14:50:42.771 Unblacklisting
 1/03/2017 14:50:42.771 No Change in Background Scan Networks, Skip Re-Programming Background Scan

 1/03/2017 14:50:42.771 __WiFiDeviceManagerAutoAssociate: Already connected to DIGI-146A.
 1/03/2017 14:50:44.710 BG Application: Not Present, BG Daemon: Present. Daemons: mediaserverd 
 1/03/2017 14:50:44.710 LPAS is Enabled
 1/03/2017 14:50:44.710 LPAS Enabled, Skip starting Disassocation timer
 1/03/2017 14:50:47.732 BG Application: Not Present, BG Daemon: Present. Daemons: mediaserverd 
 1/03/2017 14:50:47.732 __WiFiManagerSetEnableState: state TRUE, manager->enable.setting TRUE, manager->unlockedSinceBoot TRUE
 1/03/2017 14:50:47.733 __WiFiDeviceManagerAutoAssociate: Already connected to DIGI-146A.
 1/03/2017 14:50:48.261 Client apsd set type to background application
 1/03/2017 14:50:48.261 __WiFiManagerSetEnableState: state TRUE, manager->enable.setting TRUE, manager->unlockedSinceBoot TRUE
 1/03/2017 14:50:48.261 BG Application: Not Present, BG Daemon: Present. Daemons: mediaserverd apsd 
 1/03/2017 14:50:48.261 __WiFiDeviceManagerAutoAssociate: Already connected to DIGI-146A.
 1/03/2017 14:50:48.261 Enable WoW requested by "apsd"
 1/03/2017 14:50:48.262 WoW Capable = YES, Attempting to enable WoW and disable LPAS 
 1/03/2017 14:50:48.262 Setting WoW params to <CFBasicHash 0x14ce8d650 [0x1a0950150]>{type = immutable dict, count = 3,
entries =>
	0 : <CFString 0x100175960 [0x1a0950150]>{contents = "IO80211InterfaceEnableLowPwrAssocMode"} = <CFBoolean 0x1a09506d8 [0x1a0950150]>{value = false}
	1 : <CFString 0x100175940 [0x1a0950150]>{contents = "IO80211InterfaceEnableWoW"} = <CFBoolean 0x1a09506c8 [0x1a0950150]>{value = true}
	2 : <CFString 0x100185ae0 [0x1a0950150]>{contents = "IO80211InterfaceEnableWoWOnCaptive"} = <CFBoolean 0x1a09506d8 [0x1a0950150]>{value = false}
}

 1/03/2017 14:50:48.263 WiFiDeviceRequestAssociatedSleep: ActiveDuringSleepRequested is already set (<CFBasicHash 0x14cef5bc0 [0x1a0950150]>{type = immutable dict, count = 0,
entries =>
}
).
 1/03/2017 14:50:48.263 WoW Enabled by 1 Clients, lpas is Disabled, WoW Override is Disabled, Captive Disabled
 1/03/2017 14:50:48.263 Unable to dispatch WowStateChanged message to client dataaccessd (268435460)
 1/03/2017 14:50:48.263 Unable to dispatch WowStateChanged message to client itunesstored (268435460)
 1/03/2017 14:50:48.263 Unable to dispatch WowStateChanged message to client mediaserverd (268435460)
 1/03/2017 14:50:48.264 Unable to dispatch WowStateChanged message to client MobileMail (268435460)
 1/03/2017 14:50:48.264 Unable to dispatch WowStateChanged message to client profiled (268435460)
 1/03/2017 14:50:48.264 Unable to dispatch WowStateChanged message to client assistantd (268435460)
 1/03/2017 14:50:48.265 apsd[273] is a wow client
 1/03/2017 14:50:48.265 WoW is Enabled, 1 WoW Clients
 1/03/2017 14:50:48.265 apsd[273] is a wow client
 1/03/2017 14:50:48.265 WoW is Enabled, 1 WoW Clients
 1/03/2017 14:50:48.266 apsd[273] is a wow client
 1/03/2017 14:50:48.266 WoW is Enabled, 1 WoW Clients
 1/03/2017 14:50:48.919 Foreground Network Application entered.
 1/03/2017 14:50:48.919 BG Application: Not Present, BG Daemon: Present. Daemons: mediaserverd apsd 
 1/03/2017 14:50:48.919 problematic networks =  and potentially problematic networks = 
 1/03/2017 14:50:48.919 Unblacklisting
 1/03/2017 14:50:48.919 No Change in Background Scan Networks, Skip Re-Programming Background Scan

 1/03/2017 14:50:48.919 __WiFiManagerSetEnableState: state TRUE, manager->enable.setting TRUE, manager->unlockedSinceBoot TRUE
 1/03/2017 14:50:48.919 __WiFiDeviceManagerAutoAssociate: Already connected to DIGI-146A.
 1/03/2017 14:50:48.919 BG Application: Not Present, BG Daemon: Present. Daemons: mediaserverd apsd 
 1/03/2017 14:50:54.849 Client dataaccessd set type to background application
 1/03/2017 14:50:54.849 __WiFiManagerSetEnableState: state TRUE, manager->enable.setting TRUE, manager->unlockedSinceBoot TRUE
 1/03/2017 14:50:54.849 BG Application: Not Present, BG Daemon: Present. Daemons: mediaserverd dataaccessd apsd 
 1/03/2017 14:50:54.850 __WiFiDeviceManagerAutoAssociate: Already connected to DIGI-146A.
 1/03/2017 14:50:55.195 Client dataaccessd set type to normal application
 1/03/2017 14:50:55.195 __WiFiManagerSetEnableState: state TRUE, manager->enable.setting TRUE, manager->unlockedSinceBoot TRUE
 1/03/2017 14:50:55.195 BG Application: Not Present, BG Daemon: Present. Daemons: mediaserverd apsd 
 1/03/2017 14:50:55.207 Client dataaccessd set type to background application
 1/03/2017 14:50:55.207 __WiFiManagerSetEnableState: state TRUE, manager->enable.setting TRUE, manager->unlockedSinceBoot TRUE
 1/03/2017 14:50:55.207 BG Application: Not Present, BG Daemon: Present. Daemons: mediaserverd dataaccessd apsd 
 1/03/2017 14:50:55.207 __WiFiDeviceManagerAutoAssociate: Already connected to DIGI-146A.
 1/03/2017 14:50:55.439 Client dataaccessd set type to background application
 1/03/2017 14:50:56.107 Client dataaccessd set type to background application
 1/03/2017 14:50:56.319 Client dataaccessd set type to background application
 1/03/2017 14:50:56.540 Client dataaccessd set type to normal application
 1/03/2017 14:50:56.540 __WiFiManagerSetEnableState: state TRUE, manager->enable.setting TRUE, manager->unlockedSinceBoot TRUE
 1/03/2017 14:50:56.540 BG Application: Not Present, BG Daemon: Present. Daemons: mediaserverd apsd 
 1/03/2017 14:50:57.195 Client dataaccessd set type to normal application
 1/03/2017 14:50:57.386 Client dataaccessd set type to normal application
 1/03/2017 14:50:57.599 Client dataaccessd set type to normal application
 1/03/2017 14:51:02.143 __WiFiLQAMgrLogStats: Rssi: -77 Cca: 16 TxPer: 0.0% (654) BcnPer: 5.7% (35) RxFrms 804 TxRate: 58500 RxRate: 58500
 1/03/2017 14:51:12.132 __WiFiLQAMgrLogStats: Rssi: -77 Cca: 20 TxPer: 0.0% (48) BcnPer: 0.0% (47) RxFrms 44 TxRate: 52000 RxRate: 65000
 1/03/2017 14:51:17.141 __WiFiLQAMgrLogStats: Rssi: -77 Cca: 30 TxPer: 0.0% (5) BcnPer: 2.0% (50) RxFrms 5 TxRate: 39000 RxRate: 65000
 1/03/2017 14:51:22.155 __WiFiLQAMgrLogStats: Rssi: -81 Cca: 22 TxPer: 20.0% (5) BcnPer: 0.0% (50) RxFrms 3 TxRate: 39000 RxRate: 65000
 1/03/2017 14:51:22.155 __WiFiLQAMgrIsLinkBad: LQAManager BadLinkRssi -81
 1/03/2017 14:51:27.163 __WiFiLQAMgrLogStats: Rssi: -76 Cca: 29 TxPer: 0.0% (97) BcnPer: 2.0% (50) RxFrms 74 TxRate: 39000 RxRate: 65000
 1/03/2017 14:51:32.173 __WiFiLQAMgrLogStats: Rssi: -77 Cca: 23 TxPer: 0.0% (8) BcnPer: 0.0% (0) RxFrms 4 TxRate: 39000 RxRate: 65000
 1/03/2017 14:51:37.181 __WiFiLQAMgrLogStats: Rssi: -77 Cca: 17 TxPer: 1.3% (77) BcnPer: 2.0% (50) RxFrms 48 TxRate: 52000 RxRate: 65000
 1/03/2017 14:51:42.792 Background Network Application entered
 1/03/2017 14:51:42.793 BG Application: Present, BG Daemon: Present. Daemons: mediaserverd apsd 
 1/03/2017 14:51:42.797 Background Network Application entered
 1/03/2017 14:51:42.797 BG Application: Not Present, BG Daemon: Present. Daemons: mediaserverd apsd 
 1/03/2017 14:51:43.444 WiFiLocaleManagerCheckLocale: location service or wifi is off, set locale to default
 1/03/2017 14:51:43.444 new locale:  , locale: 
 1/03/2017 14:51:52.199 __WiFiLQAMgrLogStats: Rssi: -74 Cca: 15 TxPer: 0.0% (44) BcnPer: 2.9% (35) RxFrms 40 TxRate: 39000 RxRate: 58500
 1/03/2017 14:51:52.199 __WiFiLQAMgrIsLinkGood: LQAManager: GoodLinkRssi -74
 1/03/2017 14:51:53.235 ATJManager: setting ask-to-join interaction mode to NonInteractive
 1/03/2017 14:51:53.237 ATJManager: no entries to purge
 1/03/2017 14:51:53.238 User interaction DISABLED
 1/03/2017 14:51:53.238 Ignoring lock state manager->wakeMode 1

 1/03/2017 14:51:53.242 Device display is OFF
 1/03/2017 14:51:53.421 Foreground Network Application exited.
 1/03/2017 14:51:53.422 BG Application: Not Present, BG Daemon: Present. Daemons: mediaserverd apsd 
 1/03/2017 14:51:53.422 WoW Enabled, Skip starting Disassocation timer
 1/03/2017 14:51:53.588 Client dataaccessd set type to background application
 1/03/2017 14:51:53.589 __WiFiManagerSetEnableState: state TRUE, manager->enable.setting TRUE, manager->unlockedSinceBoot TRUE
 1/03/2017 14:51:53.589 BG Application: Not Present, BG Daemon: Present. Daemons: mediaserverd dataaccessd apsd 
 1/03/2017 14:51:53.589 __WiFiDeviceManagerAutoAssociate: Already connected to DIGI-146A.
 1/03/2017 14:51:54.133 Client dataaccessd set type to normal application
 1/03/2017 14:51:54.133 __WiFiManagerSetEnableState: state TRUE, manager->enable.setting TRUE, manager->unlockedSinceBoot TRUE
 1/03/2017 14:51:54.133 BG Application: Not Present, BG Daemon: Present. Daemons: mediaserverd apsd 
 1/03/2017 14:51:54.137 Client dataaccessd set type to background application
 1/03/2017 14:51:54.137 __WiFiManagerSetEnableState: state TRUE, manager->enable.setting TRUE, manager->unlockedSinceBoot TRUE
 1/03/2017 14:51:54.137 BG Application: Not Present, BG Daemon: Present. Daemons: mediaserverd dataaccessd apsd 
 1/03/2017 14:51:54.137 __WiFiDeviceManagerAutoAssociate: Already connected to DIGI-146A.
 1/03/2017 14:51:54.367 Client dataaccessd set type to background application
 1/03/2017 14:51:54.969 Client dataaccessd set type to background application
 1/03/2017 14:51:55.373 Client dataaccessd set type to normal application
 1/03/2017 14:51:55.373 __WiFiManagerSetEnableState: state TRUE, manager->enable.setting TRUE, manager->unlockedSinceBoot TRUE
 1/03/2017 14:51:55.374 BG Application: Not Present, BG Daemon: Present. Daemons: mediaserverd apsd 
 1/03/2017 14:51:55.533 Client dataaccessd set type to background application
 1/03/2017 14:51:55.533 __WiFiManagerSetEnableState: state TRUE, manager->enable.setting TRUE, manager->unlockedSinceBoot TRUE
 1/03/2017 14:51:55.534 BG Application: Not Present, BG Daemon: Present. Daemons: mediaserverd dataaccessd apsd 
 1/03/2017 14:51:55.535 __WiFiDeviceManagerAutoAssociate: Already connected to DIGI-146A.
 1/03/2017 14:51:55.992 Client dataaccessd set type to normal application
 1/03/2017 14:51:55.993 __WiFiManagerSetEnableState: state TRUE, manager->enable.setting TRUE, manager->unlockedSinceBoot TRUE
 1/03/2017 14:51:55.996 BG Application: Not Present, BG Daemon: Present. Daemons: mediaserverd apsd 
 1/03/2017 14:51:56.529 Client dataaccessd set type to normal application
 1/03/2017 14:51:56.746 Client dataaccessd set type to normal application
 1/03/2017 14:51:57.205 __WiFiLQAMgrLogStats: Rssi: -79 Cca: 15 TxPer: 0.0% (72) BcnPer: 0.0% (100) RxFrms 63 TxRate: 19500 RxRate: 52000
 1/03/2017 14:52:02.210 __WiFiLQAMgrLogStats: Rssi: -78 Cca: 28 TxPer: 16.7% (12) BcnPer: 2.0% (49) RxFrms 16 TxRate: 13000 RxRate: 52000
 1/03/2017 14:52:07.219 __WiFiLQAMgrLogStats: Rssi: -78 Cca: 19 TxPer: 0.0% (11) BcnPer: 0.0% (0) RxFrms 8 TxRate: 13000 RxRate: 52000
 1/03/2017 14:52:12.227 __WiFiLQAMgrLogStats: Rssi: -77 Cca: 15 TxPer: 0.0% (19) BcnPer: 0.0% (50) RxFrms 21 TxRate: 19500 RxRate: 58500
 1/03/2017 14:52:17.235 __WiFiLQAMgrLogStats: Rssi: -78 Cca: 30 TxPer: 0.0% (12) BcnPer: 0.0% (50) RxFrms 10 TxRate: 19500 RxRate: 52000
 1/03/2017 14:52:22.237 __WiFiLQAMgrLogStats: Rssi: -78 Cca: 41 TxPer: 0.0% (0) BcnPer: 0.0% (0) RxFrms 0 TxRate: 0 RxRate: 0
 1/03/2017 14:52:24.851 apsd[273] is a wow client
 1/03/2017 14:52:24.851 WoW is Enabled, 1 WoW Clients
 1/03/2017 14:52:27.245 __WiFiLQAMgrLogStats: Rssi: -75 Cca: 50 TxPer: 1.5% (68) BcnPer: 1.0% (98) RxFrms 39 TxRate: 13000 RxRate: 52000
 1/03/2017 14:52:28.758 Received kIOMessageSystemWillSleep
 1/03/2017 14:52:28.758 System Sleep notification, Disabling auto-join
 1/03/2017 14:52:28.759 __WiFiManagerSetEnableState: state FALSE, manager->enable.setting TRUE, manager->unlockedSinceBoot TRUE
 1/03/2017 14:52:28.759 Disabling automatic association
 1/03/2017 14:52:28.803 apsd[273] is a wow client
 1/03/2017 14:52:28.803 WoW is Enabled, 1 WoW Clients
 1/03/2017 14:52:28.910 __WiFiDeviceCopyLinkChangedSubReasonString: Apple80211ReturnToString failed 1
 1/03/2017 14:52:28.910 __WiFiDeviceProcessDriverAvailableEvent: driver availability false, reason PowerOff(0xe0821804), subreason (null)(0x0)
 1/03/2017 14:52:28.910 __WiFiManagerDispatchDeviceAvailable: driver availability false

 1/03/2017 14:52:28.911 WiFiAWDManagerSubmitMetric: metric container could not be generated for metric id <0x9000e>
 1/03/2017 14:52:28.914 __WiFiDeviceManagerAwdlAvailableCallback: AWDL availability changed to FALSE
 1/03/2017 14:52:28.918 apsd[273] is a wow client
 1/03/2017 14:52:28.918 WoW is Enabled, 1 WoW Clients
 1/03/2017 14:58:09.219 Received kIOMessageSystemWillPowerOn
 1/03/2017 14:58:09.219 System wake reason: AOP.ExternalReq baseband
 1/03/2017 14:58:09.219 System Powered ON notification Re-enabling auto-join
 1/03/2017 14:58:09.219 __WiFiManagerSetEnableState: state TRUE, manager->enable.setting TRUE, manager->unlockedSinceBoot TRUE
 1/03/2017 14:58:09.219 Enabling automatic association
 1/03/2017 14:58:09.220 __WiFiDeviceManagerAutoAssociate: Already connected to DIGI-146A.
 1/03/2017 14:58:09.220 WiFiLocaleManagerCheckLocale: location service or wifi is off, set locale to default
 1/03/2017 14:58:09.220 new locale:  , locale: 
 1/03/2017 14:58:09.223 Power stats update: Type 0x6 UnassociatedSleepDur 0 AssociatedSleepDur 333618 TotalDur 340315 RoamDur 4130
 1/03/2017 14:58:09.223 WiFiAWDManagerSubmitMetric: metric container could not be generated for metric id <0x90010>
 1/03/2017 14:58:09.224 __WiFiLQAMgrLogStats: Rssi: -74 Cca: 50 TxPer: 0.0% (0) BcnPer: 0.0% (0) RxFrms 0 TxRate: 0 RxRate: 0
 1/03/2017 14:58:09.225 __WiFiDeviceCopyLinkChangedSubReasonString: Apple80211ReturnToString failed 1
 1/03/2017 14:58:09.225 __WiFiDeviceProcessDriverAvailableEvent: driver availability true, reason Initializing(0xe0821803), subreason (null)(0x0)
 1/03/2017 14:58:09.225 __WiFiManagerDispatchDeviceAvailable: driver availability true

 1/03/2017 14:58:09.227 __WiFiDeviceManagerAutoAssociate: Already connected to DIGI-146A.
 1/03/2017 14:58:09.227 WiFiAWDManagerSubmitMetric: metric container could not be generated for metric id <0x9000e>
 1/03/2017 14:58:09.243 __WiFiDeviceManagerAutoAssociate: Already connected to DIGI-146A.
 1/03/2017 14:58:09.244 No Change in Background Scan Networks, Skip Re-Programming Background Scan

 1/03/2017 14:58:09.357 __WiFiManagerCellularTransmitCallback_block_invoke: Cellular Transmit Started = TRUE
 1/03/2017 14:58:09.793 __WiFiDeviceManagerAwdlAvailableCallback: AWDL availability changed to TRUE
 1/03/2017 14:58:09.808 Disable WoW requested by "apsd"
 1/03/2017 14:58:09.808 WoW Capable = YES, Attempting to disable WoW and enable LPAS 
 1/03/2017 14:58:09.816 Setting WoW params to <CFBasicHash 0x14cda2e70 [0x1a0950150]>{type = immutable dict, count = 3,
entries =>
	0 : <CFString 0x100175960 [0x1a0950150]>{contents = "IO80211InterfaceEnableLowPwrAssocMode"} = <CFBoolean 0x1a09506c8 [0x1a0950150]>{value = true}
	1 : <CFString 0x100175940 [0x1a0950150]>{contents = "IO80211InterfaceEnableWoW"} = <CFBoolean 0x1a09506d8 [0x1a0950150]>{value = false}
	2 : <CFString 0x100185ae0 [0x1a0950150]>{contents = "IO80211InterfaceEnableWoWOnCaptive"} = <CFBoolean 0x1a09506d8 [0x1a0950150]>{value = false}
}

 1/03/2017 14:58:09.823 WiFiDeviceRequestAssociatedSleep: ActiveDuringSleepRequested is already set (<CFBasicHash 0x14cef5bc0 [0x1a0950150]>{type = immutable dict, count = 0,
entries =>
}
).
 1/03/2017 14:58:09.823 WoW Disabled, 0 WoW Clients, lpas is Enabled, WoW Override is Disabled, Captive Disabled
 1/03/2017 14:58:09.825 Unable to dispatch WowStateChanged message to client dataaccessd (268435460)
 1/03/2017 14:58:09.825 Unable to dispatch WowStateChanged message to client itunesstored (268435460)
 1/03/2017 14:58:09.826 Unable to dispatch WowStateChanged message to client mediaserverd (268435460)
 1/03/2017 14:58:09.826 Unable to dispatch WowStateChanged message to client MobileMail (268435460)
 1/03/2017 14:58:09.827 Unable to dispatch WowStateChanged message to client profiled (268435460)
 1/03/2017 14:58:09.833 Unable to dispatch WowStateChanged message to client assistantd (268435460)
 1/03/2017 14:58:09.837 WoW is Disabled, 0 WoW Clients
 1/03/2017 14:58:09.837 WoW is Disabled, 0 WoW Clients
 1/03/2017 14:58:09.839 WoW is Disabled, 0 WoW Clients
 1/03/2017 14:58:09.971 WoW is Disabled, 0 WoW Clients
 1/03/2017 14:58:14.104 __WiFiManagerCellularTransmitCallback_block_invoke: Cellular Transmit Started = FALSE
 1/03/2017 14:58:14.542 Client apsd set type to normal application
 1/03/2017 14:58:14.542 __WiFiManagerSetEnableState: state TRUE, manager->enable.setting TRUE, manager->unlockedSinceBoot TRUE
 1/03/2017 14:58:14.542 BG Application: Not Present, BG Daemon: Present. Daemons: mediaserverd 
 1/03/2017 14:58:19.197 __WiFiLQAMgrLogStats: Rssi: -74 Cca: 32 TxPer: 0.0% (2) BcnPer: 0.0% (50) RxFrms 2 TxRate: 19500 RxRate: 52000
 1/03/2017 14:58:24.201 __WiFiLQAMgrLogStats: Rssi: -75 Cca: 6 TxPer: 0.0% (3) BcnPer: 0.0% (42) RxFrms 3 TxRate: 19500 RxRate: 52000
 1/03/2017 14:58:29.212 __WiFiLQAMgrLogStats: Rssi: -73 Cca: 2 TxPer: 0.0% (1) BcnPer: 3.0% (33) RxFrms 1 TxRate: 19500 RxRate: 52000
 1/03/2017 14:58:34.221 __WiFiLQAMgrLogStats: Rssi: -76 Cca: 35 TxPer: 0.0% (0) BcnPer: 0.0% (0) RxFrms 0 TxRate: 19500 RxRate: 52000
 1/03/2017 14:58:38.459 __WiFiManagerCellularTransmitCallback_block_invoke: Cellular Transmit Started = TRUE
 1/03/2017 14:58:39.229 __WiFiLQAMgrLogStats: Rssi: -73 Cca: 13 TxPer: 0.0% (17) BcnPer: 0.0% (50) RxFrms 19 TxRate: 26000 RxRate: 52000
 1/03/2017 14:58:43.575 __WiFiManagerCellularTransmitCallback_block_invoke: Cellular Transmit Started = FALSE
 1/03/2017 14:58:44.234 __WiFiLQAMgrLogStats: Rssi: -74 Cca: 13 TxPer: 16.7% (6) BcnPer: 2.0% (50) RxFrms 6 TxRate: 26000 RxRate: 52000
 1/03/2017 14:58:49.243 __WiFiLQAMgrLogStats: Rssi: -73 Cca: 31 TxPer: 0.0% (1) BcnPer: 0.0% (50) RxFrms 1 TxRate: 26000 RxRate: 52000
 1/03/2017 14:58:52.540 __WiFiManagerCellularTransmitCallback_block_invoke: Cellular Transmit Started = TRUE
 1/03/2017 14:58:54.251 __WiFiLQAMgrLogStats: Rssi: -74 Cca: 7 TxPer: 0.0% (8) BcnPer: 0.0% (50) RxFrms 10 TxRate: 26000 RxRate: 52000
 1/03/2017 14:58:57.609 __WiFiManagerCellularTransmitCallback_block_invoke: Cellular Transmit Started = FALSE
 1/03/2017 14:58:57.674 Client apsd set type to background application
 1/03/2017 14:58:57.674 __WiFiManagerSetEnableState: state TRUE, manager->enable.setting TRUE, manager->unlockedSinceBoot TRUE
 1/03/2017 14:58:57.675 BG Application: Not Present, BG Daemon: Present. Daemons: mediaserverd apsd 
 1/03/2017 14:58:57.675 __WiFiDeviceManagerAutoAssociate: Already connected to DIGI-146A.
 1/03/2017 14:58:58.112 Enable WoW requested by "apsd"
 1/03/2017 14:58:58.112 WoW Capable = YES, Attempting to enable WoW and disable LPAS 
 1/03/2017 14:58:58.112 Setting WoW params to <CFBasicHash 0x14cdd5ee0 [0x1a0950150]>{type = immutable dict, count = 3,
entries =>
	0 : <CFString 0x100175960 [0x1a0950150]>{contents = "IO80211InterfaceEnableLowPwrAssocMode"} = <CFBoolean 0x1a09506d8 [0x1a0950150]>{value = false}
	1 : <CFString 0x100175940 [0x1a0950150]>{contents = "IO80211InterfaceEnableWoW"} = <CFBoolean 0x1a09506c8 [0x1a0950150]>{value = true}
	2 : <CFString 0x100185ae0 [0x1a0950150]>{contents = "IO80211InterfaceEnableWoWOnCaptive"} = <CFBoolean 0x1a09506d8 [0x1a0950150]>{value = false}
}

 1/03/2017 14:58:58.114 WiFiDeviceRequestAssociatedSleep: ActiveDuringSleepRequested is already set (<CFBasicHash 0x14cfc9eb0 [0x1a0950150]>{type = immutable dict, count = 0,
entries =>
}
).
 1/03/2017 14:58:58.115 WoW Enabled by 1 Clients, lpas is Disabled, WoW Override is Disabled, Captive Disabled
 1/03/2017 14:58:58.115 Unable to dispatch WowStateChanged message to client dataaccessd (268435460)
 1/03/2017 14:58:58.115 Unable to dispatch WowStateChanged message to client itunesstored (268435460)
 1/03/2017 14:58:58.116 Unable to dispatch WowStateChanged message to client mediaserverd (268435460)
 1/03/2017 14:58:58.116 Unable to dispatch WowStateChanged message to client MobileMail (268435460)
 1/03/2017 14:58:58.116 Unable to dispatch WowStateChanged message to client profiled (268435460)
 1/03/2017 14:58:58.117 Unable to dispatch WowStateChanged message to client assistantd (268435460)
 1/03/2017 14:58:58.117 apsd[273] is a wow client
 1/03/2017 14:58:58.117 WoW is Enabled, 1 WoW Clients
 1/03/2017 14:58:58.118 apsd[273] is a wow client
 1/03/2017 14:58:58.118 WoW is Enabled, 1 WoW Clients
 1/03/2017 14:58:58.123 apsd[273] is a wow client
 1/03/2017 14:58:58.123 WoW is Enabled, 1 WoW Clients
 1/03/2017 14:58:59.256 __WiFiLQAMgrLogStats: Rssi: -73 Cca: 7 TxPer: 0.0% (24) BcnPer: 2.0% (49) RxFrms 24 TxRate: 13000 RxRate: 52000
 1/03/2017 14:59:04.264 __WiFiLQAMgrLogStats: Rssi: -75 Cca: 29 TxPer: 0.0% (4) BcnPer: 0.0% (50) RxFrms 6 TxRate: 13000 RxRate: 52000
 1/03/2017 14:59:09.272 __WiFiLQAMgrLogStats: Rssi: -73 Cca: 15 TxPer: 0.0% (9) BcnPer: 0.0% (50) RxFrms 10 TxRate: 13000 RxRate: 52000
 1/03/2017 14:59:14.281 __WiFiLQAMgrLogStats: Rssi: -74 Cca: 46 TxPer: 0.0% (2) BcnPer: 0.0% (50) RxFrms 7 TxRate: 13000 RxRate: 39000
 1/03/2017 14:59:19.289 __WiFiLQAMgrLogStats: Rssi: -74 Cca: 46 TxPer: 0.0% (1) BcnPer: 0.0% (50) RxFrms 1 TxRate: 13000 RxRate: 52000
 1/03/2017 14:59:20.658 Received kIOMessageSystemWillSleep
 1/03/2017 14:59:20.658 System Sleep notification, Disabling auto-join
 1/03/2017 14:59:20.658 __WiFiManagerSetEnableState: state FALSE, manager->enable.setting TRUE, manager->unlockedSinceBoot TRUE
 1/03/2017 14:59:20.658 Disabling automatic association
 1/03/2017 14:59:20.694 apsd[273] is a wow client
 1/03/2017 14:59:20.694 WoW is Enabled, 1 WoW Clients
 1/03/2017 14:59:20.791 __WiFiDeviceManagerAwdlAvailableCallback: AWDL availability changed to FALSE
 1/03/2017 14:59:20.792 __WiFiDeviceCopyLinkChangedSubReasonString: Apple80211ReturnToString failed 1
 1/03/2017 14:59:20.792 __WiFiDeviceProcessDriverAvailableEvent: driver availability false, reason PowerOff(0xe0821804), subreason (null)(0x0)
 1/03/2017 14:59:20.792 __WiFiManagerDispatchDeviceAvailable: driver availability false

 1/03/2017 14:59:20.793 WiFiAWDManagerSubmitMetric: metric container could not be generated for metric id <0x9000e>
 1/03/2017 14:59:20.802 apsd[273] is a wow client
 1/03/2017 14:59:20.802 WoW is Enabled, 1 WoW Clients
 1/03/2017 14:59:23.767 Received kIOMessageSystemWillPowerOn
 1/03/2017 14:59:23.767 System wake reason: AOP.ExternalReq wlan
 1/03/2017 14:59:23.767 System Powered ON notification Re-enabling auto-join
 1/03/2017 14:59:23.768 __WiFiManagerSetEnableState: state TRUE, manager->enable.setting TRUE, manager->unlockedSinceBoot TRUE
 1/03/2017 14:59:23.768 Enabling automatic association
 1/03/2017 14:59:23.768 __WiFiDeviceManagerAutoAssociate: Already connected to DIGI-146A.
 1/03/2017 14:59:23.768 WiFiLocaleManagerCheckLocale: location service or wifi is off, set locale to default
 1/03/2017 14:59:23.768 new locale:  , locale: 
 1/03/2017 14:59:23.772 __WiFiDeviceManagerAwdlAvailableCallback: AWDL availability changed to TRUE
 1/03/2017 14:59:23.772 Power stats update: Type 0x6 UnassociatedSleepDur 0 AssociatedSleepDur 2792 TotalDur 2875 RoamDur 0
 1/03/2017 14:59:23.772 WiFiAWDManagerSubmitMetric: metric container could not be generated for metric id <0x90010>
 1/03/2017 14:59:23.773 __WiFiDeviceCopyLinkChangedSubReasonString: Apple80211ReturnToString failed 1
 1/03/2017 14:59:23.774 __WiFiDeviceProcessDriverAvailableEvent: driver availability true, reason Initializing(0xe0821803), subreason (null)(0x0)
 1/03/2017 14:59:23.774 __WiFiManagerDispatchDeviceAvailable: driver availability true

 1/03/2017 14:59:23.779 __WiFiDeviceManagerAutoAssociate: Already connected to DIGI-146A.
 1/03/2017 14:59:23.779 WiFiAWDManagerSubmitMetric: metric container could not be generated for metric id <0x9000e>
 1/03/2017 14:59:23.786 __WiFiDeviceManagerAutoAssociate: Already connected to DIGI-146A.
 1/03/2017 14:59:23.787 No Change in Background Scan Networks, Skip Re-Programming Background Scan

 1/03/2017 14:59:23.845 __WiFiManagerCellularTransmitCallback_block_invoke: Cellular Transmit Started = FALSE
 1/03/2017 14:59:23.868 apsd[273] is a wow client
 1/03/2017 14:59:23.868 WoW is Enabled, 1 WoW Clients
 1/03/2017 14:59:26.291 WiFiLocaleManagerCheckLocale: location service or wifi is off, set locale to default
 1/03/2017 14:59:26.291 new locale:  , locale: 
 1/03/2017 14:59:33.701 __WiFiLQAMgrLogStats: Rssi: -75 Cca: 31 TxPer: 0.0% (1) BcnPer: 2.0% (50) RxFrms 1 TxRate: 19500 RxRate: 58500
 1/03/2017 14:59:38.710 __WiFiLQAMgrLogStats: Rssi: -76 Cca: 31 TxPer: 0.0% (0) BcnPer: 0.0% (0) RxFrms 1 TxRate: 19500 RxRate: 58500
 1/03/2017 14:59:43.724 __WiFiLQAMgrLogStats: Rssi: -75 Cca: 31 TxPer: 0.0% (0) BcnPer: 1.0% (100) RxFrms 0 TxRate: 19500 RxRate: 58500
 1/03/2017 14:59:48.733 __WiFiLQAMgrLogStats: Rssi: -74 Cca: 11 TxPer: 0.0% (7) BcnPer: 0.0% (0) RxFrms 7 TxRate: 19500 RxRate: 39000
 1/03/2017 14:59:53.741 __WiFiLQAMgrLogStats: Rssi: -74 Cca: 11 TxPer: 20.0% (5) BcnPer: 2.0% (50) RxFrms 6 TxRate: 19500 RxRate: 52000
 1/03/2017 14:59:58.749 __WiFiLQAMgrLogStats: Rssi: -73 Cca: 34 TxPer: 0.0% (0) BcnPer: 0.0% (50) RxFrms 0 TxRate: 19500 RxRate: 52000
 1/03/2017 14:59:59.762 Received kIOMessageSystemWillSleep
 1/03/2017 14:59:59.763 System Sleep notification, Disabling auto-join
 1/03/2017 14:59:59.763 __WiFiManagerSetEnableState: state FALSE, manager->enable.setting TRUE, manager->unlockedSinceBoot TRUE
 1/03/2017 14:59:59.763 Disabling automatic association
 1/03/2017 14:59:59.807 apsd[273] is a wow client
 1/03/2017 14:59:59.807 WoW is Enabled, 1 WoW Clients
 1/03/2017 14:59:59.901 __WiFiDeviceCopyLinkChangedSubReasonString: Apple80211ReturnToString failed 1
 1/03/2017 14:59:59.901 __WiFiDeviceProcessDriverAvailableEvent: driver availability false, reason PowerOff(0xe0821804), subreason (null)(0x0)
 1/03/2017 14:59:59.901 __WiFiManagerDispatchDeviceAvailable: driver availability false

 1/03/2017 14:59:59.903 WiFiAWDManagerSubmitMetric: metric container could not be generated for metric id <0x9000e>
 1/03/2017 14:59:59.915 __WiFiDeviceManagerAwdlAvailableCallback: AWDL availability changed to FALSE
 1/03/2017 14:59:59.921 apsd[273] is a wow client
 1/03/2017 14:59:59.921 WoW is Enabled, 1 WoW Clients
 1/03/2017 15:00:01.968 Received kIOMessageSystemWillPowerOn
 1/03/2017 15:00:01.968 System wake reason: AOP.ExternalReq wlan
 1/03/2017 15:00:01.968 System Powered ON notification Re-enabling auto-join
 1/03/2017 15:00:01.968 __WiFiManagerSetEnableState: state TRUE, manager->enable.setting TRUE, manager->unlockedSinceBoot TRUE
 1/03/2017 15:00:01.968 Enabling automatic association
 1/03/2017 15:00:01.969 __WiFiDeviceManagerAutoAssociate: Already connected to DIGI-146A.
 1/03/2017 15:00:01.969 WiFiLocaleManagerCheckLocale: location service or wifi is off, set locale to default
 1/03/2017 15:00:01.969 new locale:  , locale: 
 1/03/2017 15:00:02.010 __WiFiDeviceManagerAwdlAvailableCallback: AWDL availability changed to TRUE
 1/03/2017 15:00:02.010 Power stats update: Type 0x6 UnassociatedSleepDur 0 AssociatedSleepDur 1885 TotalDur 1997 RoamDur 0
 1/03/2017 15:00:02.010 WiFiAWDManagerSubmitMetric: metric container could not be generated for metric id <0x90010>
 1/03/2017 15:00:02.014 __WiFiDeviceCopyLinkChangedSubReasonString: Apple80211ReturnToString failed 1
 1/03/2017 15:00:02.014 __WiFiDeviceProcessDriverAvailableEvent: driver availability true, reason Initializing(0xe0821803), subreason (null)(0x0)
 1/03/2017 15:00:02.014 __WiFiManagerDispatchDeviceAvailable: driver availability true

 1/03/2017 15:00:02.019 __WiFiDeviceManagerAutoAssociate: Already connected to DIGI-146A.
 1/03/2017 15:00:02.019 WiFiAWDManagerSubmitMetric: metric container could not be generated for metric id <0x9000e>
 1/03/2017 15:00:02.020 __WiFiDeviceManagerAutoAssociate: Already connected to DIGI-146A.
 1/03/2017 15:00:02.021 No Change in Background Scan Networks, Skip Re-Programming Background Scan

 1/03/2017 15:00:02.100 __WiFiManagerCellularTransmitCallback_block_invoke: Cellular Transmit Started = FALSE
 1/03/2017 15:00:02.440 apsd[273] is a wow client
 1/03/2017 15:00:02.440 WoW is Enabled, 1 WoW Clients
 1/03/2017 15:00:11.930 __WiFiLQAMgrLogStats: Rssi: -75 Cca: 16 TxPer: 0.0% (4) BcnPer: 0.0% (43) RxFrms 6 TxRate: 19500 RxRate: 52000
 1/03/2017 15:00:16.935 __WiFiLQAMgrLogStats: Rssi: -74 Cca: 5 TxPer: 0.0% (6) BcnPer: 0.0% (30) RxFrms 6 TxRate: 19500 RxRate: 52000
 1/03/2017 15:00:21.939 __WiFiLQAMgrLogStats: Rssi: -76 Cca: 32 TxPer: 0.0% (3) BcnPer: 0.0% (0) RxFrms 3 TxRate: 19500 RxRate: 52000
 1/03/2017 15:00:26.942 __WiFiLQAMgrLogStats: Rssi: -73 Cca: 32 TxPer: 0.0% (9) BcnPer: 0.0% (50) RxFrms 9 TxRate: 26000 RxRate: 52000
 1/03/2017 15:00:31.950 __WiFiLQAMgrLogStats: Rssi: -77 Cca: 12 TxPer: 0.0% (5) BcnPer: 2.0% (50) RxFrms 5 TxRate: 26000 RxRate: 26000
 1/03/2017 15:00:36.959 __WiFiLQAMgrLogStats: Rssi: -75 Cca: 33 TxPer: 0.0% (0) BcnPer: 0.0% (50) RxFrms 0 TxRate: 26000 RxRate: 26000
 1/03/2017 15:00:41.967 __WiFiLQAMgrLogStats: Rssi: -74 Cca: 21 TxPer: 0.0% (1) BcnPer: 0.0% (50) RxFrms 6 TxRate: 26000 RxRate: 52000
 1/03/2017 15:00:42.360 Received kIOMessageSystemWillSleep
 1/03/2017 15:00:42.360 System Sleep notification, Disabling auto-join
 1/03/2017 15:00:42.360 __WiFiManagerSetEnableState: state FALSE, manager->enable.setting TRUE, manager->unlockedSinceBoot TRUE
 1/03/2017 15:00:42.360 Disabling automatic association
 1/03/2017 15:00:42.406 apsd[273] is a wow client
 1/03/2017 15:00:42.406 WoW is Enabled, 1 WoW Clients
 1/03/2017 15:00:42.515 __WiFiDeviceManagerAwdlAvailableCallback: AWDL availability changed to FALSE
 1/03/2017 15:00:42.515 __WiFiDeviceCopyLinkChangedSubReasonString: Apple80211ReturnToString failed 1
 1/03/2017 15:00:42.515 __WiFiDeviceProcessDriverAvailableEvent: driver availability false, reason PowerOff(0xe0821804), subreason (null)(0x0)
 1/03/2017 15:00:42.515 __WiFiManagerDispatchDeviceAvailable: driver availability false

 1/03/2017 15:00:42.517 WiFiAWDManagerSubmitMetric: metric container could not be generated for metric id <0x9000e>
 1/03/2017 15:00:42.525 apsd[273] is a wow client
 1/03/2017 15:00:42.525 WoW is Enabled, 1 WoW Clients
 1/03/2017 15:16:42.327 Received kIOMessageSystemWillPowerOn
 1/03/2017 15:16:42.493 System wake reason: AOP.ExternalReq wlan
 1/03/2017 15:16:42.493 System Powered ON notification Re-enabling auto-join
 1/03/2017 15:16:42.493 __WiFiManagerSetEnableState: state TRUE, manager->enable.setting TRUE, manager->unlockedSinceBoot TRUE
 1/03/2017 15:16:42.493 Enabling automatic association
 1/03/2017 15:16:42.494 __WiFiDeviceManagerAutoAssociate: Already connected to DIGI-146A.
 1/03/2017 15:16:42.494 WiFiLocaleManagerCheckLocale: location service or wifi is off, set locale to default
 1/03/2017 15:16:42.494 new locale:  , locale: 
 1/03/2017 15:16:42.494 Power stats update: Type 0x6 UnassociatedSleepDur 0 AssociatedSleepDur 924626 TotalDur 960009 RoamDur 20181
 1/03/2017 15:16:42.495 WiFiAWDManagerSubmitMetric: metric container could not be generated for metric id <0x90010>
 1/03/2017 15:16:42.498 __WiFiLQAMgrLogStats: Rssi: -71 Cca: 0 TxPer: 0.0% (1) BcnPer: 0.0% (50) RxFrms 6 TxRate: 26000 RxRate: 52000
 1/03/2017 15:16:42.500 __WiFiDeviceCopyLinkChangedSubReasonString: Apple80211ReturnToString failed 1
 1/03/2017 15:16:42.500 __WiFiDeviceProcessDriverAvailableEvent: driver availability true, reason Initializing(0xe0821803), subreason (null)(0x0)
 1/03/2017 15:16:42.500 __WiFiManagerDispatchDeviceAvailable: driver availability true

 1/03/2017 15:16:42.504 __WiFiDeviceManagerAutoAssociate: Already connected to DIGI-146A.
 1/03/2017 15:16:42.513 WiFiAWDManagerSubmitMetric: metric container could not be generated for metric id <0x9000e>
 1/03/2017 15:16:42.515 __WiFiDeviceManagerAutoAssociate: Already connected to DIGI-146A.
 1/03/2017 15:16:42.517 No Change in Background Scan Networks, Skip Re-Programming Background Scan

 1/03/2017 15:16:42.574 __WiFiManagerCellularTransmitCallback_block_invoke: Cellular Transmit Started = FALSE
 1/03/2017 15:16:42.596 __WiFiDeviceManagerAwdlAvailableCallback: AWDL availability changed to TRUE
 1/03/2017 15:16:43.291 apsd[273] is a wow client
 1/03/2017 15:16:43.291 WoW is Enabled, 1 WoW Clients
 1/03/2017 15:16:43.353 
Too frequent(0.855870 secs) rssi event from driver, ignoring

 1/03/2017 15:16:57.386 __WiFiLQAMgrLogStats: Rssi: -71 Cca: 35 TxPer: 0.0% (0) BcnPer: 2.0% (50) RxFrms 0 TxRate: 13000 RxRate: 1000
 1/03/2017 15:16:58.263 Received kIOMessageSystemWillSleep
 1/03/2017 15:16:58.263 System Sleep notification, Disabling auto-join
 1/03/2017 15:16:58.263 __WiFiManagerSetEnableState: state FALSE, manager->enable.setting TRUE, manager->unlockedSinceBoot TRUE
 1/03/2017 15:16:58.263 Disabling automatic association
 1/03/2017 15:16:58.310 apsd[273] is a wow client
 1/03/2017 15:16:58.310 WoW is Enabled, 1 WoW Clients
 1/03/2017 15:16:58.411 __WiFiDeviceManagerAwdlAvailableCallback: AWDL availability changed to FALSE
 1/03/2017 15:16:58.412 __WiFiDeviceCopyLinkChangedSubReasonString: Apple80211ReturnToString failed 1
 1/03/2017 15:16:58.412 __WiFiDeviceProcessDriverAvailableEvent: driver availability false, reason PowerOff(0xe0821804), subreason (null)(0x0)
 1/03/2017 15:16:58.412 __WiFiManagerDispatchDeviceAvailable: driver availability false

 1/03/2017 15:16:58.415 WiFiAWDManagerSubmitMetric: metric container could not be generated for metric id <0x9000e>
 1/03/2017 15:16:58.425 apsd[273] is a wow client
 1/03/2017 15:16:58.426 WoW is Enabled, 1 WoW Clients
 1/03/2017 15:26:15.047 Received kIOMessageSystemWillPowerOn
 1/03/2017 15:26:15.047 System wake reason: AOP.ExternalReq baseband
 1/03/2017 15:26:15.047 System Powered ON notification Re-enabling auto-join
 1/03/2017 15:26:15.047 __WiFiManagerSetEnableState: state TRUE, manager->enable.setting TRUE, manager->unlockedSinceBoot TRUE
 1/03/2017 15:26:15.047 Enabling automatic association
 1/03/2017 15:26:15.047 __WiFiDeviceManagerAutoAssociate: Already connected to DIGI-146A.
 1/03/2017 15:26:15.047 WiFiLocaleManagerCheckLocale: location service or wifi is off, set locale to default
 1/03/2017 15:26:15.047 new locale:  , locale: 
 1/03/2017 15:26:15.060 __WiFiDeviceManagerAwdlAvailableCallback: AWDL availability changed to TRUE
 1/03/2017 15:26:15.060 Power stats update: Type 0x6 UnassociatedSleepDur 0 AssociatedSleepDur 552876 TotalDur 556681 RoamDur 0
 1/03/2017 15:26:15.060 WiFiAWDManagerSubmitMetric: metric container could not be generated for metric id <0x90010>
 1/03/2017 15:26:15.060 __WiFiLQAMgrLogStats: Rssi: -72 Cca: 35 TxPer: 0.0% (0) BcnPer: 0.0% (0) RxFrms 0 TxRate: 0 RxRate: 0
 1/03/2017 15:26:15.062 __WiFiDeviceCopyLinkChangedSubReasonString: Apple80211ReturnToString failed 1
 1/03/2017 15:26:15.062 __WiFiDeviceProcessDriverAvailableEvent: driver availability true, reason Initializing(0xe0821803), subreason (null)(0x0)
 1/03/2017 15:26:15.062 __WiFiManagerDispatchDeviceAvailable: driver availability true

 1/03/2017 15:26:15.070 __WiFiDeviceManagerAutoAssociate: Already connected to DIGI-146A.
 1/03/2017 15:26:15.070 WiFiAWDManagerSubmitMetric: metric container could not be generated for metric id <0x9000e>
 1/03/2017 15:26:15.082 __WiFiDeviceManagerAutoAssociate: Already connected to DIGI-146A.
 1/03/2017 15:26:15.083 No Change in Background Scan Networks, Skip Re-Programming Background Scan

 1/03/2017 15:26:15.129 __WiFiManagerCellularTransmitCallback_block_invoke: Cellular Transmit Started = TRUE
 1/03/2017 15:26:15.313 Disable WoW requested by "apsd"
 1/03/2017 15:26:15.317 WoW Capable = YES, Attempting to disable WoW and enable LPAS 
 1/03/2017 15:26:15.317 Setting WoW params to <CFBasicHash 0x14cf1ae20 [0x1a0950150]>{type = immutable dict, count = 3,
entries =>
	0 : <CFString 0x100175960 [0x1a0950150]>{contents = "IO80211InterfaceEnableLowPwrAssocMode"} = <CFBoolean 0x1a09506c8 [0x1a0950150]>{value = true}
	1 : <CFString 0x100175940 [0x1a0950150]>{contents = "IO80211InterfaceEnableWoW"} = <CFBoolean 0x1a09506d8 [0x1a0950150]>{value = false}
	2 : <CFString 0x100185ae0 [0x1a0950150]>{contents = "IO80211InterfaceEnableWoWOnCaptive"} = <CFBoolean 0x1a09506d8 [0x1a0950150]>{value = false}
}

 1/03/2017 15:26:15.319 WiFiDeviceRequestAssociatedSleep: ActiveDuringSleepRequested is already set (<CFBasicHash 0x14cef3c80 [0x1a0950150]>{type = immutable dict, count = 0,
entries =>
}
).
 1/03/2017 15:26:15.319 WoW Disabled, 0 WoW Clients, lpas is Enabled, WoW Override is Disabled, Captive Disabled
 1/03/2017 15:26:15.321 Unable to dispatch WowStateChanged message to client dataaccessd (268435460)
 1/03/2017 15:26:15.323 Unable to dispatch WowStateChanged message to client itunesstored (268435460)
 1/03/2017 15:26:15.324 Unable to dispatch WowStateChanged message to client mediaserverd (268435460)
 1/03/2017 15:26:15.327 Unable to dispatch WowStateChanged message to client MobileMail (268435460)
 1/03/2017 15:26:15.327 Unable to dispatch WowStateChanged message to client profiled (268435460)
 1/03/2017 15:26:15.335 Unable to dispatch WowStateChanged message to client assistantd (268435460)
 1/03/2017 15:26:15.338 WoW is Disabled, 0 WoW Clients
 1/03/2017 15:26:15.348 WoW is Disabled, 0 WoW Clients
 1/03/2017 15:26:15.394 WoW is Disabled, 0 WoW Clients
 1/03/2017 15:26:15.423 WoW is Disabled, 0 WoW Clients
 1/03/2017 15:26:15.559 WoW is Disabled, 0 WoW Clients
 1/03/2017 15:26:19.876 __WiFiManagerCellularTransmitCallback_block_invoke: Cellular Transmit Started = FALSE
 1/03/2017 15:26:20.313 Client apsd set type to normal application
 1/03/2017 15:26:20.313 __WiFiManagerSetEnableState: state TRUE, manager->enable.setting TRUE, manager->unlockedSinceBoot TRUE
 1/03/2017 15:26:20.313 BG Application: Not Present, BG Daemon: Present. Daemons: mediaserverd 
 1/03/2017 15:26:25.415 Client itunesstored set type to background application
 1/03/2017 15:26:25.416 __WiFiManagerSetEnableState: state TRUE, manager->enable.setting TRUE, manager->unlockedSinceBoot TRUE
 1/03/2017 15:26:25.416 BG Application: Not Present, BG Daemon: Present. Daemons: mediaserverd itunesstored 
 1/03/2017 15:26:25.416 __WiFiDeviceManagerAutoAssociate: Already connected to DIGI-146A.
 1/03/2017 15:26:26.001 
Too frequent(0.999417 secs) rssi event from driver, ignoring

 1/03/2017 15:26:31.548 Client itunesstored set type to normal application
 1/03/2017 15:26:31.548 __WiFiManagerSetEnableState: state TRUE, manager->enable.setting TRUE, manager->unlockedSinceBoot TRUE
 1/03/2017 15:26:31.548 BG Application: Not Present, BG Daemon: Present. Daemons: mediaserverd 
 1/03/2017 15:26:32.773 Client itunesstored set type to background application
 1/03/2017 15:26:32.773 __WiFiManagerSetEnableState: state TRUE, manager->enable.setting TRUE, manager->unlockedSinceBoot TRUE
 1/03/2017 15:26:32.774 BG Application: Not Present, BG Daemon: Present. Daemons: mediaserverd itunesstored 
 1/03/2017 15:26:32.775 __WiFiDeviceManagerAutoAssociate: Already connected to DIGI-146A.
 1/03/2017 15:26:33.744 Client itunesstored set type to normal application
 1/03/2017 15:26:33.744 __WiFiManagerSetEnableState: state TRUE, manager->enable.setting TRUE, manager->unlockedSinceBoot TRUE
 1/03/2017 15:26:33.744 BG Application: Not Present, BG Daemon: Present. Daemons: mediaserverd 
 1/03/2017 15:26:38.568 Received kIOMessageSystemWillSleep
 1/03/2017 15:26:38.568 System Sleep notification, Disabling auto-join
 1/03/2017 15:26:38.568 __WiFiManagerSetEnableState: state FALSE, manager->enable.setting TRUE, manager->unlockedSinceBoot TRUE
 1/03/2017 15:26:38.568 Disabling automatic association
 1/03/2017 15:26:38.630 WoW is Disabled, 0 WoW Clients
 1/03/2017 15:26:38.756 __WiFiDeviceCopyLinkChangedSubReasonString: Apple80211ReturnToString failed 1
 1/03/2017 15:26:38.756 __WiFiDeviceProcessDriverAvailableEvent: driver availability false, reason PowerOff(0xe0821804), subreason (null)(0x0)
 1/03/2017 15:26:38.756 __WiFiManagerDispatchDeviceAvailable: driver availability false

 1/03/2017 15:26:38.758 WiFiAWDManagerSubmitMetric: metric container could not be generated for metric id <0x9000e>
 1/03/2017 15:26:38.763 __WiFiDeviceManagerAwdlAvailableCallback: AWDL availability changed to FALSE
 1/03/2017 15:26:38.771 WoW is Disabled, 0 WoW Clients
 1/03/2017 15:31:39.916 Received kIOMessageSystemWillPowerOn
 1/03/2017 15:31:39.916 System wake reason: AOP.ExternalReq wlan
 1/03/2017 15:31:39.916 System Powered ON notification Re-enabling auto-join
 1/03/2017 15:31:39.916 __WiFiManagerSetEnableState: state TRUE, manager->enable.setting TRUE, manager->unlockedSinceBoot TRUE
 1/03/2017 15:31:39.916 Enabling automatic association
 1/03/2017 15:31:39.917 __WiFiDeviceManagerAutoAssociate: Already connected to DIGI-146A.
 1/03/2017 15:31:39.917 WiFiLocaleManagerCheckLocale: location service or wifi is off, set locale to default
 1/03/2017 15:31:39.917 new locale:  , locale: 
 1/03/2017 15:31:39.917 __WiFiDeviceProcessDumpLogsEvent: Dump logs event received, dumped wifid log buffer to file
