12/17/2016 10:11:34.764 Async scan requested by "Preferences" for 1 iterations with maxage=2 priority normal on en0
12/17/2016 10:11:34.764 Enqueuing command type: "Scan" pending commands: 0
12/17/2016 10:11:34.764 Dequeuing command type: "Scan" pending commands: 0
12/17/2016 10:11:34.764 Attempting Apple80211ScanAsync on en0
12/17/2016 10:11:37.626 __WiFiLQAMgrLogStats: Rssi: -54 Cca: 2 TxPer: 0.0% (0) BcnPer: 0.0% (0) RxFrms 0 TxRate: 98 RxRate: 378191872
12/17/2016 10:11:38.432 Completed Apple80211ScanAsync on en0 (0x0)
12/17/2016 10:11:38.434 Async scan request completed for "Preferences" (0)
12/17/2016 10:11:38.443 Async scan requested by "Preferences" for 1 iterations with maxage=2 priority normal on en0
12/17/2016 10:11:38.443 Enqueuing command type: "Scan" pending commands: 0
12/17/2016 10:11:38.444 Dequeuing command type: "Scan" pending commands: 0
12/17/2016 10:11:38.444 Attempting Apple80211ScanAsync on en0
12/17/2016 10:11:38.449 Async scan requested by "configd" for 0 iterations with maxage=-1 priority normal on en0
12/17/2016 10:11:38.449 Enqueuing command type: "Scan" pending commands: 1
12/17/2016 10:11:38.892 Completed Apple80211ScanAsync on en0 (0x0)
12/17/2016 10:11:38.895 Async scan request completed for "Preferences" (0)
12/17/2016 10:11:38.897 Dequeuing command type: "Scan" pending commands: 0
12/17/2016 10:11:38.897 Attempting Apple80211ScanAsync on en0
12/17/2016 10:11:38.897 ScanCache: Successfully Retrieved Scan Results from Scan Cache.
12/17/2016 10:11:38.898 Completed Apple80211ScanAsync on en0 (0x0)
12/17/2016 10:11:38.898 Async scan request completed for "configd" (0)
12/17/2016 10:11:38.912 Async scan requested by "configd" for 0 iterations with maxage=-1 priority normal on en0
12/17/2016 10:11:38.912 Enqueuing command type: "Scan" pending commands: 0
12/17/2016 10:11:38.912 Dequeuing command type: "Scan" pending commands: 0
12/17/2016 10:11:38.912 Attempting Apple80211ScanAsync on en0
12/17/2016 10:11:38.913 ScanCache: Successfully Retrieved Scan Results from Scan Cache.
12/17/2016 10:11:38.915 Completed Apple80211ScanAsync on en0 (0x0)
12/17/2016 10:11:38.915 Async scan request completed for "configd" (0)
12/17/2016 10:11:38.916 Async scan requested by "Preferences" for 1 iterations with maxage=2 priority normal on en0
12/17/2016 10:11:38.916 Enqueuing command type: "Scan" pending commands: 0
12/17/2016 10:11:38.917 Dequeuing command type: "Scan" pending commands: 0
12/17/2016 10:11:38.917 Attempting Apple80211ScanAsync on en0
12/17/2016 10:11:38.917 ScanCache: Successfully Retrieved Scan Results from Scan Cache.
12/17/2016 10:11:38.918 Completed Apple80211ScanAsync on en0 (0x0)
12/17/2016 10:11:38.918 Async scan request completed for "Preferences" (0)
12/17/2016 10:11:40.683 __WiFiManagerSetEnableState: state TRUE, manager->enable.setting TRUE, manager->unlockedSinceBoot TRUE
12/17/2016 10:11:40.683 Disabling automatic association
12/17/2016 10:11:40.683 Auto join DISABLED by "Preferences"
12/17/2016 10:11:40.683 Async association requested by "Preferences"
12/17/2016 10:11:40.683 Enqueuing command type: "Disassociation" pending commands: 0
12/17/2016 10:11:40.692 Enqueuing command type: "Association" pending commands: 1
12/17/2016 10:11:40.692 Dequeuing command type: "Disassociation" pending commands: 1
12/17/2016 10:11:40.729 Dequeuing command type: "Association" pending commands: 0
12/17/2016 10:11:40.729 Attempting Apple80211AssociateAsync
12/17/2016 10:11:40.747 __WiFiDeviceProcessLinkEvent: isLinkDown 1
12/17/2016 10:11:40.748 -[WiFiIDSSyncEngine currentNetworkChanged]: <0x16e12f000>, role 1, currentNetwork (null)
12/17/2016 10:11:40.748 -[WiFiIDSSyncEngine currentNetworkChanged]: adjusted waitForReAssociationTimer <CFRunLoopTimer 0x14d62d800 [0x1a16e8150]>{valid = Yes, firing = No, interval = 818274573, tolerance = 0, next fire date = 503655131 (29.999971 @ 2257765330567), callout = (NSTimer) [WiFiIDSSyncEngine companionReAssociationWaitTimerFired:] (0x1836c4fe0 / 0x1000c1010) (/usr/sbin/wifid), context = <CFRunLoopTimer context 0x14d652c50>}
12/17/2016 10:11:40.748 Total connection time to eduroam 124096.761394
12/17/2016 10:11:40.784 WiFiDeviceManagerSetNetworks: Adding HS20 Account: 
Domain name orange.ro
3GPP MCC&MNC 226F10 
Friendly Operator Name Orange
12/17/2016 10:11:40.784 __WiFiDeviceManagerPrepareHS20Queries: created queries <CFArray 0x14d632b50 [0x1a16e8150]>{type = mutable-small, count = 3, values = (
	0 : <CFNumber 0xb0000000000010c1 [0x1a16e8150]>{value = +268, type = kCFNumberSInt16Type}
	1 : <CFNumber 0xb000000000001081 [0x1a16e8150]>{value = +264, type = kCFNumberSInt16Type}
	2 : <CFNumber 0xb000000000000031 [0x1a16e8150]>{value = +3, type = kCFNumberSInt16Type}
)}
12/17/2016 10:11:40.784 Auto association attempt canceled because auto join is disabled.
12/17/2016 10:11:40.784 No Change in Background Scan Networks, Skip Re-Programming Background Scan

12/17/2016 10:11:40.785 WiFiDeviceEAPCancel: EAPOLControlStop
12/17/2016 10:11:40.786 Auto association attempt canceled because auto join is disabled.
12/17/2016 10:11:40.786 __WiFiDeviceManagerSetInterfaceRank: setting interface rank kSCNetworkServicePrimaryRankDefault
12/17/2016 10:11:40.798 WiFiAWDManagerSubmitMetric: metric container could not be generated for metric id <0x90009>
12/17/2016 10:11:40.798 Link went down: isInVoluntary 0, reason Unknown(14), subreason 0, rssi -57
12/17/2016 10:11:40.798 __WiFiDeviceResetCCAHistory
12/17/2016 10:11:40.798 __WiFiDeviceResetRssiHistory
12/17/2016 10:11:40.801 Creating client for "configd"
12/17/2016 10:11:40.802 IPv4 Primary interface is pdp_ip0 and IPv6 Primary Interface is (null)
12/17/2016 10:11:40.802 __WiFiDeviceCheckForIPRenewalWakeupSupport: State:/Network/Interface/en0/ActiveDuringSleepSupported = FALSE
12/17/2016 10:11:40.808 WiFiDeviceManagerSetNetworks: Adding HS20 Account: 
Domain name orange.ro
3GPP MCC&MNC 226F10 
Friendly Operator Name Orange
12/17/2016 10:11:40.808 __WiFiDeviceManagerPrepareHS20Queries: created queries <CFArray 0x14d6a2de0 [0x1a16e8150]>{type = mutable-small, count = 3, values = (
	0 : <CFNumber 0xb0000000000010c1 [0x1a16e8150]>{value = +268, type = kCFNumberSInt16Type}
	1 : <CFNumber 0xb000000000001081 [0x1a16e8150]>{value = +264, type = kCFNumberSInt16Type}
	2 : <CFNumber 0xb000000000000031 [0x1a16e8150]>{value = +3, type = kCFNumberSInt16Type}
)}
12/17/2016 10:11:40.808 Auto association attempt canceled because auto join is disabled.
12/17/2016 10:11:40.809 No Change in Background Scan Networks, Skip Re-Programming Background Scan

12/17/2016 10:11:40.843 MIS state is Disabled
12/17/2016 10:11:40.843 MIS state queried by "locationd" is Disable
12/17/2016 10:11:40.851 MIS state is Disabled
12/17/2016 10:11:40.851 MIS state queried by "imagent" is Disable
12/17/2016 10:11:40.851 MIS state is Disabled
12/17/2016 10:11:40.851 MIS state queried by "InCallService" is Disable
12/17/2016 10:11:40.851 MIS state is Disabled
12/17/2016 10:11:40.851 MIS state queried by "MobileMail" is Disable
12/17/2016 10:11:40.852 MIS state is Disabled
12/17/2016 10:11:40.852 MIS state queried by "apsd" is Disable
12/17/2016 10:11:40.852 MIS state is Disabled
12/17/2016 10:11:40.852 MIS state queried by "SpringBoard" is Disable
12/17/2016 10:11:40.852 MIS state is Disabled
12/17/2016 10:11:40.852 MIS state queried by "UserEventAgent" is Disable
12/17/2016 10:11:40.852 MIS state is Disabled
12/17/2016 10:11:40.852 MIS state queried by "mediaserverd" is Disable
12/17/2016 10:11:40.852 MIS state is Disabled
12/17/2016 10:11:40.852 MIS state queried by "identityservices" is Disable
12/17/2016 10:11:40.852 MIS state is Disabled
12/17/2016 10:11:40.852 MIS state queried by "findmydeviced" is Disable
12/17/2016 10:11:40.852 MIS state is Disabled
12/17/2016 10:11:40.852 MIS state queried by "nanoregistryd" is Disable
12/17/2016 10:11:40.853 MIS state is Disabled
12/17/2016 10:11:40.853 MIS state queried by "IDSRemoteURLConn" is Disable
12/17/2016 10:11:40.853 MIS state is Disabled
12/17/2016 10:11:40.853 MIS state queried by "IMRemoteURLConne" is Disable
12/17/2016 10:11:40.853 configd requesting removal of BGScan networks
12/17/2016 10:11:40.853 No Change in Background Scan Networks, Skip Re-Programming Background Scan

12/17/2016 10:11:40.853 __WiFiManagerSetEnableState: state TRUE, manager->enable.setting TRUE, manager->unlockedSinceBoot TRUE
12/17/2016 10:11:40.853 Removing client for "configd"
12/17/2016 10:11:40.854 MIS state is Disabled
12/17/2016 10:11:40.854 MIS state queried by "MobileSMS" is Disable
12/17/2016 10:11:40.856 WoW is Disabled, 0 WoW Clients
12/17/2016 10:11:41.223 Completed Apple80211AssociateAsync (-3909 - 0xFFFFF0BB)
12/17/2016 10:11:41.223 Failed to join(-3909 - 0xFFFFF0BB): PRECIS
12/17/2016 10:11:41.226 WiFiAWDManagerSubmitMetric: metric container could not be generated for metric id <0x90003>
12/17/2016 10:11:41.226 Async association request completed for "Preferences" (-3909)
12/17/2016 10:11:41.227 Auto association attempt canceled because auto join is disabled.
12/17/2016 10:11:41.232 __WiFiManagerSetEnableState: state TRUE, manager->enable.setting TRUE, manager->unlockedSinceBoot TRUE
12/17/2016 10:11:41.232 Enabling automatic association
12/17/2016 10:11:41.232 __WiFiDeviceManagerStateMachineRun: current state: Idle
12/17/2016 10:11:41.232 Attempting multi-stage auto join mStageAutoJoinAttempts=0
12/17/2016 10:11:41.232 Starting multi-stage auto join sequence
12/17/2016 10:11:41.232 multi-stage auto-join: Scanning for previous network eduroam on channel 44
12/17/2016 10:11:41.232 Performing auto-join broadcast scan with a modified dwell time of 110ms on channels: 44 
12/17/2016 10:11:41.232 Enqueuing command type: "Scan" pending commands: 0
12/17/2016 10:11:41.232 Auto association attempt canceled because auto join state is Scanning Previous Network Channel.
12/17/2016 10:11:41.232 Auto join ENABLED by "Preferences"
12/17/2016 10:11:41.232 Dequeuing command type: "Scan" pending commands: 0
12/17/2016 10:11:41.232 Attempting Apple80211ScanAsync on en0
12/17/2016 10:11:41.319 __WiFiManagerCellularTransmitCallback_block_invoke: Cellular Transmit Started = TRUE
12/17/2016 10:11:41.347 Completed Apple80211ScanAsync on en0 (0x0)
12/17/2016 10:11:41.348 Auto join scan completed (0) with current state: Scanning Previous Network Channel
12/17/2016 10:11:41.348 __WiFiDeviceManagerStateMachineRun: current state: Scanning Previous Network Channel
12/17/2016 10:11:41.348 Scanning Previous Network Channel found: PRECIS-Etaj7, PRECIS, eduroam
12/17/2016 10:11:41.348 Attempting auto-join for networks in following order: eduroam(EAP)
12/17/2016 10:11:41.348 Autojoin is processing network 1 of 1 candidates
12/17/2016 10:11:41.348 Attempting auto join association of eduroam
12/17/2016 10:11:41.353 Enqueuing command type: "Association" pending commands: 1
12/17/2016 10:11:41.353 Dequeuing command type: "Association" pending commands: 0
12/17/2016 10:11:41.353 Attempting Apple80211AssociateAsync
12/17/2016 10:11:41.353 Attempting to join EAP network: eduroam
12/17/2016 10:11:41.358 WiFiDeviceEAPAssociate: EAPOLControlStart result=0
12/17/2016 10:11:41.360 Async scan requested by "configd" for 0 iterations with maxage=-1 priority normal on en0
12/17/2016 10:11:41.360 Enqueuing command type: "Scan" pending commands: 1
12/17/2016 10:11:41.369 EAP: eapState=1
12/17/2016 10:11:41.371 IPv4 Primary interface is pdp_ip0 and IPv6 Primary Interface is (null)
12/17/2016 10:11:41.375 EAP: eapState=2
12/17/2016 10:11:41.375 EAP: Performing Inner Association of eduroam
12/17/2016 10:11:41.394 EAP: eapState=2
12/17/2016 10:11:41.394 EAP: Waiting for inner association completion
12/17/2016 10:11:41.612 EAP: Inner Association of eduroam failed (-3909)
12/17/2016 10:11:41.613 WiFiDeviceEAPCancel: EAPOLControlStop
12/17/2016 10:11:41.613 Completed Apple80211AssociateAsync (-3909 - 0xFFFFF0BB)
12/17/2016 10:11:41.613 Failed to join(-3909 - 0xFFFFF0BB): eduroam
12/17/2016 10:11:41.614 WiFiAWDManagerSubmitMetric: metric container could not be generated for metric id <0x90003>
12/17/2016 10:11:41.614 Auto join association completed (-3909) with current state: Associating
12/17/2016 10:11:41.614 __WiFiDeviceManagerStateMachineRun: current state: Associating
12/17/2016 10:11:41.614 __WiFiDeviceManagerProcessAssociationResult: current state: Associating
12/17/2016 10:11:41.614 Adding problematic state for eduroam, reason AssociationFailure reasonData=-3909
12/17/2016 10:11:41.614 Adding eduroam to list of potentially problematic networks
12/17/2016 10:11:41.614 problematic networks =  and potentially problematic networks = eduroam 
12/17/2016 10:11:41.614 __CreateBGScanRequest Hotspot Orange Mobile Wi-Fi added to BGScan List 
12/17/2016 10:11:41.614 Preparing background scan request for "DIGI-146A" "G3_7030" "eg304" "eMAG" "Orange Mobile Wi-Fi" Background Scan Caching is Disabled
12/17/2016 10:11:41.620 WiFiDeviceRequestAssociatedSleep: ActiveDuringSleepRequested is already removed ((null)).
12/17/2016 10:11:41.620 Failed to associate with eduroam, reason -3909
12/17/2016 10:11:41.620 multi-stage auto-join: Attempting to scan MRU network channels
12/17/2016 10:11:41.620 Scanning for MRU Networks:  "eduroam" on channels: 1 4  "G3_7030" on channels: 3  "eg304" on channels: 13 
12/17/2016 10:11:41.620 Performing auto-join broadcast scan on channels: 1 4 3 13 
12/17/2016 10:11:41.620 Enqueuing command type: "Scan" pending commands: 2
12/17/2016 10:11:41.620 Dequeuing command type: "Scan" pending commands: 1
12/17/2016 10:11:41.620 Attempting Apple80211ScanAsync on en0
12/17/2016 10:11:41.621 ScanCache: Successfully Retrieved Scan Results from Scan Cache.
12/17/2016 10:11:41.621 Completed Apple80211ScanAsync on en0 (0x0)
12/17/2016 10:11:41.621 Async scan request completed for "configd" (0)
12/17/2016 10:11:41.622 Dequeuing command type: "Scan" pending commands: 0
12/17/2016 10:11:41.622 Attempting Apple80211ScanAsync on en0
12/17/2016 10:11:41.796 Completed Apple80211ScanAsync on en0 (0x0)
12/17/2016 10:11:41.798 Auto join scan completed (0) with current state: Scanning MRU Network Channels
12/17/2016 10:11:41.798 __WiFiDeviceManagerStateMachineRun: current state: Scanning MRU Network Channels
12/17/2016 10:11:41.798 Scanning MRU Network Channels found: 
12/17/2016 10:11:41.803 multi-stage auto-join: Attempting to scan remaining channels
12/17/2016 10:11:41.804 Scanning remaining channels: 2 5 6 7 8 9 10 11 12 36 40 48 52 56 60 64 100 104 108 112 116 120 124 128 132 136 140 144 149 153 157 161 165 
12/17/2016 10:11:41.805 Performing auto-join broadcast scan on channels: 2 5 6 7 8 9 10 11 12 36 40 48 52 56 60 64 100 104 108 112 116 120 124 128 132 136 140 144 149 153 157 161 165 
12/17/2016 10:11:41.805 Enqueuing command type: "Scan" pending commands: 1
12/17/2016 10:11:41.805 Dequeuing command type: "Scan" pending commands: 0
12/17/2016 10:11:41.805 Attempting Apple80211ScanAsync on en0
12/17/2016 10:11:41.810 Async scan requested by "configd" for 0 iterations with maxage=-1 priority normal on en0
12/17/2016 10:11:41.810 Enqueuing command type: "Scan" pending commands: 1
12/17/2016 10:11:43.255 __WiFiManagerSetEnableState: state TRUE, manager->enable.setting TRUE, manager->unlockedSinceBoot TRUE
12/17/2016 10:11:43.255 Auto association attempt canceled because auto join state is Scanning Remaining Channels.
12/17/2016 10:11:43.255 Auto join ENABLED by "Preferences"
12/17/2016 10:11:44.671 Completed Apple80211ScanAsync on en0 (0x0)
12/17/2016 10:11:44.673 Auto join scan completed (0) with current state: Scanning Remaining Channels
12/17/2016 10:11:44.673 __WiFiDeviceManagerStateMachineRun: current state: Scanning Remaining Channels
12/17/2016 10:11:44.674 Scanning Remaining Channels found: , eduroam, PRECIS, PRECIS-Etaj7
12/17/2016 10:11:44.674 Attempting auto-join for networks in following order: eduroam(EAP)
12/17/2016 10:11:44.674 Autojoin is processing network 1 of 1 candidates
12/17/2016 10:11:44.674 Attempting auto join association of eduroam
12/17/2016 10:11:44.711 Enqueuing command type: "Association" pending commands: 2
12/17/2016 10:11:44.711 Dequeuing command type: "Scan" pending commands: 1
12/17/2016 10:11:44.711 Attempting Apple80211ScanAsync on en0
12/17/2016 10:11:44.711 ScanCache: Successfully Retrieved Scan Results from Scan Cache.
12/17/2016 10:11:44.712 Completed Apple80211ScanAsync on en0 (0x0)
12/17/2016 10:11:44.712 Async scan request completed for "configd" (0)
12/17/2016 10:11:44.715 Dequeuing command type: "Association" pending commands: 0
12/17/2016 10:11:44.715 Attempting Apple80211AssociateAsync
12/17/2016 10:11:44.715 Attempting to join EAP network: eduroam
12/17/2016 10:11:44.725 WiFiDeviceEAPAssociate: EAPOLControlStart result=0
12/17/2016 10:11:44.726 EAP: eapState=1
12/17/2016 10:11:44.733 EAP: eapState=2
12/17/2016 10:11:44.733 EAP: Performing Inner Association of eduroam
12/17/2016 10:11:44.791 EAP: eapState=2
12/17/2016 10:11:44.791 EAP: Waiting for inner association completion
12/17/2016 10:11:44.877 __WiFiDeviceProcessLinkEvent: isLinkDown 0
12/17/2016 10:11:44.890 __WiFiDeviceManagerSetInterfaceRank: setting interface rank kSCNetworkServicePrimaryRankDefault
12/17/2016 10:11:44.900 Detected multiAP environment for eduroam
12/17/2016 10:11:44.900 __WiFiDeviceManagerEvaluateAPEnvironment: Getting AP environment for eduroam. Learning period 259200 secs Expiry period 2592000 secs
12/17/2016 10:11:44.900 __WiFiDeviceManagerEvaluateAPEnvironment: AP environment is 4 for eduroam(84:b2:61:56:8a:d)
12/17/2016 10:11:44.900 WiFiDeviceSetRoamParams: setting roam profile to type 3
12/17/2016 10:11:44.901 __WiFiDeviceManagerEvaluateAPEnvironment: Getting AP environment for eduroam. Learning period 259200 secs Expiry period 2592000 secs
12/17/2016 10:11:44.901 __WiFiDeviceManagerEvaluateAPEnvironment: AP environment is 4 for eduroam(84:b2:61:56:8a:d)
12/17/2016 10:11:44.901 __WiFiLQAMgrSetCurrentNetwork: SSID: eduroam BSSID: 84:b2:61:5e:44:2d RSSI: -58 ApEnv: 4
12/17/2016 10:11:44.902 WiFiDeviceRequestAssociatedSleep: ActiveDuringSleepRequested is already removed ((null)).
12/17/2016 10:11:44.902 __WiFiDeviceResetCCAHistory
12/17/2016 10:11:44.902 __WiFiDeviceResetRssiHistory
12/17/2016 10:11:44.902 __WiFiLQAMgrLogStats: Rssi: -58 Cca: 0 TxPer: 0.0% (0) BcnPer: 0.0% (0) RxFrms 0 TxRate: 0 RxRate: 0
12/17/2016 10:11:44.902 __WiFiDeviceProcessLinkEvent: Initializing lqm value: rawRssi -58, scaledRssi 0.838377, noise 0, snr 33
12/17/2016 10:11:44.903 __WiFiMetricsManagerPrepareLinkChangeNetworkParams: OUI:84:b2:61 Channel:40(20MHz) Flags:0xa PhyMode:0x90 Security:0x4 WPA:[Prot:0x2 McastCipher:0x8 UcastCipher:0x8 AKM:0x1 Caps:0x0] HT:[Info:0x19ac AMPDU:0x1b TXBF:0x0 Ext:0x0 ASEL:0x0] VHT:[Info:0xf8379b2]
12/17/2016 10:11:44.903 WiFiAWDManagerSubmitMetric: metric container could not be generated for metric id <0x90009>
12/17/2016 10:11:44.904 Creating client for "configd"
12/17/2016 10:11:44.905 EAP: eapState=2
12/17/2016 10:11:44.905 EAP: Waiting for inner association completion
12/17/2016 10:11:44.907 EAP: eapState=2
12/17/2016 10:11:44.907 EAP: Waiting for inner association completion
12/17/2016 10:11:44.924 EAP: eapState=2
12/17/2016 10:11:44.924 EAP: Waiting for inner association completion
12/17/2016 10:11:45.006 MIS state is Disabled
12/17/2016 10:11:45.006 MIS state queried by "apsd" is Disable
12/17/2016 10:11:45.006 EAP: Inner Association of eduroam succeeded (0)
12/17/2016 10:11:45.007 EAP: eapState=2
12/17/2016 10:11:45.007 EAP: Status=0 SupplicationStatus=Authenticating
12/17/2016 10:11:45.011 MIS state is Disabled
12/17/2016 10:11:45.011 MIS state queried by "imagent" is Disable
12/17/2016 10:11:45.011 MIS state is Disabled
12/17/2016 10:11:45.011 MIS state queried by "MobileMail" is Disable
12/17/2016 10:11:45.011 MIS state is Disabled
12/17/2016 10:11:45.011 MIS state queried by "locationd" is Disable
12/17/2016 10:11:45.011 MIS state is Disabled
12/17/2016 10:11:45.011 MIS state queried by "SpringBoard" is Disable
12/17/2016 10:11:45.012 MIS state is Disabled
12/17/2016 10:11:45.012 MIS state queried by "InCallService" is Disable
12/17/2016 10:11:45.012 MIS state is Disabled
12/17/2016 10:11:45.012 MIS state queried by "identityservices" is Disable
12/17/2016 10:11:45.012 MIS state is Disabled
12/17/2016 10:11:45.012 MIS state queried by "mediaserverd" is Disable
12/17/2016 10:11:45.020 EAP: eapState=2
12/17/2016 10:11:45.020 EAP: Status=0 SupplicationStatus=Authenticating
12/17/2016 10:11:45.020 MIS state is Disabled
12/17/2016 10:11:45.020 MIS state queried by "UserEventAgent" is Disable
12/17/2016 10:11:45.023 configd requesting removal of BGScan networks
12/17/2016 10:11:45.023 No Change in Background Scan Networks, Skip Re-Programming Background Scan

12/17/2016 10:11:45.023 __WiFiManagerSetEnableState: state TRUE, manager->enable.setting TRUE, manager->unlockedSinceBoot TRUE
12/17/2016 10:11:45.023 Removing client for "configd"
12/17/2016 10:11:45.023 WoW is Disabled, 0 WoW Clients
12/17/2016 10:11:45.025 EAP: eapState=2
12/17/2016 10:11:45.025 EAP: Status=0 SupplicationStatus=Authenticating
12/17/2016 10:11:45.025 EAP: eapState=2
12/17/2016 10:11:45.025 EAP: Status=0 SupplicationStatus=Authenticating
12/17/2016 10:11:45.035 MIS state is Disabled
12/17/2016 10:11:45.035 MIS state queried by "findmydeviced" is Disable
12/17/2016 10:11:45.036 MIS state is Disabled
12/17/2016 10:11:45.036 MIS state queried by "IDSRemoteURLConn" is Disable
12/17/2016 10:11:45.036 MIS state is Disabled
12/17/2016 10:11:45.036 MIS state queried by "IMRemoteURLConne" is Disable
12/17/2016 10:11:45.036 MIS state is Disabled
12/17/2016 10:11:45.036 MIS state queried by "MobileSMS" is Disable
12/17/2016 10:11:45.036 MIS state is Disabled
12/17/2016 10:11:45.036 MIS state queried by "nanoregistryd" is Disable
12/17/2016 10:11:45.042 EAP: eapState=2
12/17/2016 10:11:45.042 EAP: Status=0 SupplicationStatus=Authenticating
12/17/2016 10:11:45.173 EAP: eapState=2
12/17/2016 10:11:45.173 EAP: Status=0 SupplicationStatus=Authenticating
12/17/2016 10:11:45.255 EAP: eapState=2
12/17/2016 10:11:45.255 EAP: Status=0 SupplicationStatus=Authenticating
12/17/2016 10:11:45.261 EAP: eapState=2
12/17/2016 10:11:45.261 EAP: Status=0 SupplicationStatus=Authenticating
12/17/2016 10:11:45.359 EAP: eapState=2
12/17/2016 10:11:45.359 EAP: Status=0 SupplicationStatus=Authenticating
12/17/2016 10:11:45.463 EAP: eapState=2
12/17/2016 10:11:45.463 EAP: Status=0 SupplicationStatus=Authenticating
12/17/2016 10:11:45.467 EAP: eapState=2
12/17/2016 10:11:45.467 EAP: Status=0 SupplicationStatus=Authenticating
12/17/2016 10:11:45.472 EAP: eapState=2
12/17/2016 10:11:45.472 EAP: Status=0 SupplicationStatus=Authenticated
12/17/2016 10:11:45.472 Completed Apple80211AssociateAsync (0 - 0x0)
12/17/2016 10:11:45.472 Joined: eduroam
12/17/2016 10:11:45.472 Auto join association completed (0) with current state: Associating
12/17/2016 10:11:45.472 __WiFiDeviceManagerStateMachineRun: current state: Associating
12/17/2016 10:11:45.472 __WiFiDeviceManagerProcessAssociationResult: current state: Associating
12/17/2016 10:11:45.472 WiFiNetworkSetKnownBssUsageData: BSS updated - current BSS: 84:b2:61:5e:44:2d (40)
12/17/2016 10:11:45.472 WiFiNetworkSetKnownBssUsageData: known BSS list has grown beyond maximum. Removing <CFBasicHash 0x14d654d70 [0x1a16e8150]>{type = mutable dict, count = 4,
entries =>
	0 : <CFString 0x100156140 [0x1a16e8150]>{contents = "CHANNEL_FLAGS"} = <CFNumber 0xb0000000000000a2 [0x1a16e8150]>{value = +10, type = kCFNumberSInt32Type}
	2 : <CFString 0x100161c20 [0x1a16e8150]>{contents = "lastRoamed"} = 2016-12-14 10:53:17 +0000
	5 : <CFString 0x10014cda0 [0x1a16e8150]>{contents = "BSSID"} = <CFString 0x14d61be40 [0x1a16e8150]>{contents = "84:b2:61:6d:3d:22"}
	6 : <CFString 0x100151060 [0x1a16e8150]>{contents = "CHANNEL"} = <CFNumber 0xb000000000000012 [0x1a16e8150]>{value = +1, type = kCFNumberSInt32Type}
}

12/17/2016 10:11:45.472 Removing problematic state for eduroam, reason N/A reasonData=0
12/17/2016 10:11:45.473 Clearing state of potentially problematic network eduroam
12/17/2016 10:11:45.473 Removing eduroam from list of potentially problematic networks
12/17/2016 10:11:45.473 problematic networks =  and potentially problematic networks = 
12/17/2016 10:11:45.474 __CreateBGScanRequest Hotspot Orange Mobile Wi-Fi added to BGScan List 
12/17/2016 10:11:45.474 Preparing background scan request for "eduroam" "DIGI-146A" "G3_7030" "eg304" "eMAG" "Orange Mobile Wi-Fi" Background Scan Caching is Disabled
12/17/2016 10:11:45.480 __WiFiManagerDidAssociateCallback: network eduroam, requestedInformation <CFBasicHash 0x14d5429c0 [0x1a16e8150]>{type = mutable dict, count = 1,
entries =>
	2 : <CFString 0x10015e160 [0x1a16e8150]>{contents = "reason"} = <CFString 0x100165180 [0x1a16e8150]>{contents = "Associating"}
}

12/17/2016 10:11:45.495 WiFiDeviceManagerSetNetworks: Adding HS20 Account: 
Domain name orange.ro
3GPP MCC&MNC 226F10 
Friendly Operator Name Orange
12/17/2016 10:11:45.495 __WiFiDeviceManagerPrepareHS20Queries: created queries <CFArray 0x14d6a8670 [0x1a16e8150]>{type = mutable-small, count = 3, values = (
	0 : <CFNumber 0xb0000000000010c1 [0x1a16e8150]>{value = +268, type = kCFNumberSInt16Type}
	1 : <CFNumber 0xb000000000001081 [0x1a16e8150]>{value = +264, type = kCFNumberSInt16Type}
	2 : <CFNumber 0xb000000000000031 [0x1a16e8150]>{value = +3, type = kCFNumberSInt16Type}
)}
12/17/2016 10:11:45.495 Auto association attempt canceled because auto join state is Associating.
12/17/2016 10:11:45.496 No Change in Background Scan Networks, Skip Re-Programming Background Scan

12/17/2016 10:11:45.498 __WiFiDeviceCheckForIPRenewalWakeupSupport: State:/Network/Interface/en0/ActiveDuringSleepSupported = TRUE
12/17/2016 10:11:45.505 WiFiDeviceManagerSetNetworks: Adding HS20 Account: 
Domain name orange.ro
3GPP MCC&MNC 226F10 
Friendly Operator Name Orange
12/17/2016 10:11:45.505 __WiFiDeviceManagerPrepareHS20Queries: created queries <CFArray 0x14d6d4170 [0x1a16e8150]>{type = mutable-small, count = 3, values = (
	0 : <CFNumber 0xb0000000000010c1 [0x1a16e8150]>{value = +268, type = kCFNumberSInt16Type}
	1 : <CFNumber 0xb000000000001081 [0x1a16e8150]>{value = +264, type = kCFNumberSInt16Type}
	2 : <CFNumber 0xb000000000000031 [0x1a16e8150]>{value = +3, type = kCFNumberSInt16Type}
)}
12/17/2016 10:11:45.506 __WiFiDeviceManagerAutoAssociate: Already connected to eduroam.
12/17/2016 10:11:45.507 No Change in Background Scan Networks, Skip Re-Programming Background Scan

12/17/2016 10:11:46.678 __WiFiManagerSetEnableState: state TRUE, manager->enable.setting TRUE, manager->unlockedSinceBoot TRUE
12/17/2016 10:11:46.678 Disabling automatic association
12/17/2016 10:11:46.678 Auto join DISABLED by "Preferences"
12/17/2016 10:11:46.684 Async association requested by "Preferences"
12/17/2016 10:11:46.684 Enqueuing command type: "Disassociation" pending commands: 0
12/17/2016 10:11:46.700 Enqueuing command type: "Association" pending commands: 1
12/17/2016 10:11:46.700 Dequeuing command type: "Disassociation" pending commands: 1
12/17/2016 10:11:46.728 Dequeuing command type: "Association" pending commands: 0
12/17/2016 10:11:46.728 Attempting Apple80211AssociateAsync
12/17/2016 10:11:46.729 Attempting to join EAP network: PRECIS-Etaj7
12/17/2016 10:11:46.730 __WiFiSecurityCopyPassword:[PRECIS-Etaj7] Error result -25300 

12/17/2016 10:11:46.731 WiFiDeviceEAPAssociate: EAPOLControlStop result=0
12/17/2016 10:11:46.731 __WiFiDeviceProcessLinkEvent: isLinkDown 1
12/17/2016 10:11:46.731 -[WiFiIDSSyncEngine currentNetworkChanged]: <0x16e12f000>, role 1, currentNetwork (null)
12/17/2016 10:11:46.731 -[WiFiIDSSyncEngine currentNetworkChanged]: adjusted waitForReAssociationTimer <CFRunLoopTimer 0x14d62d800 [0x1a16e8150]>{valid = Yes, firing = No, interval = 818274573, tolerance = 0, next fire date = 503655137 (29.999967 @ 2257908942763), callout = (NSTimer) [WiFiIDSSyncEngine companionReAssociationWaitTimerFired:] (0x1836c4fe0 / 0x1000c1010) (/usr/sbin/wifid), context = <CFRunLoopTimer context 0x14d652c50>}
12/17/2016 10:11:46.732 Total connection time to eduroam 124098.020999
12/17/2016 10:11:46.761 WiFiDeviceManagerSetNetworks: Adding HS20 Account: 
Domain name orange.ro
3GPP MCC&MNC 226F10 
Friendly Operator Name Orange
12/17/2016 10:11:46.761 __WiFiDeviceManagerPrepareHS20Queries: created queries <CFArray 0x14d6d6820 [0x1a16e8150]>{type = mutable-small, count = 3, values = (
	0 : <CFNumber 0xb0000000000010c1 [0x1a16e8150]>{value = +268, type = kCFNumberSInt16Type}
	1 : <CFNumber 0xb000000000001081 [0x1a16e8150]>{value = +264, type = kCFNumberSInt16Type}
	2 : <CFNumber 0xb000000000000031 [0x1a16e8150]>{value = +3, type = kCFNumberSInt16Type}
)}
12/17/2016 10:11:46.761 Auto association attempt canceled because auto join is disabled.
12/17/2016 10:11:46.762 No Change in Background Scan Networks, Skip Re-Programming Background Scan

12/17/2016 10:11:46.762 Auto association attempt canceled because auto join is disabled.
12/17/2016 10:11:46.762 __WiFiDeviceManagerSetInterfaceRank: setting interface rank kSCNetworkServicePrimaryRankDefault
12/17/2016 10:11:46.763 WiFiAWDManagerSubmitMetric: metric container could not be generated for metric id <0x90009>
12/17/2016 10:11:46.764 Link went down: isInVoluntary 0, reason Unknown(14), subreason 0, rssi -59
12/17/2016 10:11:46.764 __WiFiDeviceResetCCAHistory
12/17/2016 10:11:46.764 __WiFiDeviceResetRssiHistory
12/17/2016 10:11:46.764 Creating client for "configd"
12/17/2016 10:11:46.765 EAP: eapState=0
12/17/2016 10:11:46.766 WiFiDeviceEAPAssociate: EAPOLControlStart from Idle result=0
12/17/2016 10:11:46.770 EAP: eapState=1
12/17/2016 10:11:46.777 WiFiDeviceManagerSetNetworks: Adding HS20 Account: 
Domain name orange.ro
3GPP MCC&MNC 226F10 
Friendly Operator Name Orange
12/17/2016 10:11:46.777 __WiFiDeviceManagerPrepareHS20Queries: created queries <CFArray 0x14d6cbc10 [0x1a16e8150]>{type = mutable-small, count = 3, values = (
	0 : <CFNumber 0xb0000000000010c1 [0x1a16e8150]>{value = +268, type = kCFNumberSInt16Type}
	1 : <CFNumber 0xb000000000001081 [0x1a16e8150]>{value = +264, type = kCFNumberSInt16Type}
	2 : <CFNumber 0xb000000000000031 [0x1a16e8150]>{value = +3, type = kCFNumberSInt16Type}
)}
12/17/2016 10:11:46.777 Auto association attempt canceled because auto join is disabled.
12/17/2016 10:11:46.778 No Change in Background Scan Networks, Skip Re-Programming Background Scan

12/17/2016 10:11:46.779 __WiFiDeviceCheckForIPRenewalWakeupSupport: State:/Network/Interface/en0/ActiveDuringSleepSupported = FALSE
12/17/2016 10:11:46.804 EAP: eapState=2
12/17/2016 10:11:46.804 EAP: Performing Inner Association of PRECIS-Etaj7
12/17/2016 10:11:46.826 MIS state is Disabled
12/17/2016 10:11:46.827 MIS state queried by "InCallService" is Disable
12/17/2016 10:11:46.827 MIS state is Disabled
12/17/2016 10:11:46.827 MIS state queried by "imagent" is Disable
12/17/2016 10:11:46.827 MIS state is Disabled
12/17/2016 10:11:46.827 MIS state queried by "locationd" is Disable
12/17/2016 10:11:46.827 MIS state is Disabled
12/17/2016 10:11:46.827 MIS state queried by "MobileMail" is Disable
12/17/2016 10:11:46.827 MIS state is Disabled
12/17/2016 10:11:46.827 MIS state queried by "apsd" is Disable
12/17/2016 10:11:46.827 MIS state is Disabled
12/17/2016 10:11:46.827 MIS state queried by "SpringBoard" is Disable
12/17/2016 10:11:46.827 MIS state is Disabled
12/17/2016 10:11:46.827 MIS state queried by "UserEventAgent" is Disable
12/17/2016 10:11:46.827 MIS state is Disabled
12/17/2016 10:11:46.827 MIS state queried by "mediaserverd" is Disable
12/17/2016 10:11:46.827 MIS state is Disabled
12/17/2016 10:11:46.827 MIS state queried by "identityservices" is Disable
12/17/2016 10:11:46.827 configd requesting removal of BGScan networks
12/17/2016 10:11:46.827 No Change in Background Scan Networks, Skip Re-Programming Background Scan

12/17/2016 10:11:46.827 __WiFiManagerSetEnableState: state TRUE, manager->enable.setting TRUE, manager->unlockedSinceBoot TRUE
12/17/2016 10:11:46.827 Removing client for "configd"
12/17/2016 10:11:46.827 MIS state is Disabled
12/17/2016 10:11:46.827 MIS state queried by "findmydeviced" is Disable
12/17/2016 10:11:46.827 MIS state is Disabled
12/17/2016 10:11:46.828 MIS state queried by "nanoregistryd" is Disable
12/17/2016 10:11:46.828 MIS state is Disabled
12/17/2016 10:11:46.828 MIS state queried by "IDSRemoteURLConn" is Disable
12/17/2016 10:11:46.828 MIS state is Disabled
12/17/2016 10:11:46.828 MIS state queried by "IMRemoteURLConne" is Disable
12/17/2016 10:11:46.828 MIS state is Disabled
12/17/2016 10:11:46.828 MIS state queried by "MobileSMS" is Disable
12/17/2016 10:11:46.828 WoW is Disabled, 0 WoW Clients
12/17/2016 10:11:47.384 EAP: Inner Association of PRECIS-Etaj7 failed (-3909)
12/17/2016 10:11:47.386 WiFiDeviceEAPCancel: EAPOLControlStop
12/17/2016 10:11:47.386 Completed Apple80211AssociateAsync (-3909 - 0xFFFFF0BB)
12/17/2016 10:11:47.387 Failed to join(-3909 - 0xFFFFF0BB): PRECIS-Etaj7
12/17/2016 10:11:47.387 WiFiAWDManagerSubmitMetric: metric container could not be generated for metric id <0x90003>
12/17/2016 10:11:47.387 Async association request completed for "Preferences" (-3909)
12/17/2016 10:11:47.388 Auto association attempt canceled because auto join is disabled.
12/17/2016 10:11:47.392 __WiFiManagerSetEnableState: state TRUE, manager->enable.setting TRUE, manager->unlockedSinceBoot TRUE
12/17/2016 10:11:47.392 Enabling automatic association
12/17/2016 10:11:47.392 __WiFiDeviceManagerStateMachineRun: current state: Idle
12/17/2016 10:11:47.392 Attempting multi-stage auto join mStageAutoJoinAttempts=0
12/17/2016 10:11:47.392 Starting multi-stage auto join sequence
12/17/2016 10:11:47.392 multi-stage auto-join: Scanning for previous network eduroam on channel 40
12/17/2016 10:11:47.393 Performing auto-join broadcast scan with a modified dwell time of 110ms on channels: 40 
12/17/2016 10:11:47.393 Enqueuing command type: "Scan" pending commands: 0
12/17/2016 10:11:47.393 Auto association attempt canceled because auto join state is Scanning Previous Network Channel.
12/17/2016 10:11:47.393 Auto join ENABLED by "Preferences"
12/17/2016 10:11:47.393 Dequeuing command type: "Scan" pending commands: 0
12/17/2016 10:11:47.393 Attempting Apple80211ScanAsync on en0
12/17/2016 10:11:47.507 Completed Apple80211ScanAsync on en0 (0x0)
12/17/2016 10:11:47.508 Auto join scan completed (0) with current state: Scanning Previous Network Channel
12/17/2016 10:11:47.508 __WiFiDeviceManagerStateMachineRun: current state: Scanning Previous Network Channel
12/17/2016 10:11:47.508 Scanning Previous Network Channel found: eduroam, , PRECIS-Etaj7, PRECIS
12/17/2016 10:11:47.508 Attempting auto-join for networks in following order: eduroam(EAP)
12/17/2016 10:11:47.508 Autojoin is processing network 1 of 1 candidates
12/17/2016 10:11:47.508 Attempting auto join association of eduroam
12/17/2016 10:11:47.516 Enqueuing command type: "Association" pending commands: 1
12/17/2016 10:11:47.517 Dequeuing command type: "Association" pending commands: 0
12/17/2016 10:11:47.517 Attempting Apple80211AssociateAsync
12/17/2016 10:11:47.517 Attempting to join EAP network: eduroam
12/17/2016 10:11:47.521 WiFiDeviceEAPAssociate: EAPOLControlStart result=0
12/17/2016 10:11:47.524 EAP: eapState=1
12/17/2016 10:11:47.535 EAP: eapState=2
12/17/2016 10:11:47.535 EAP: Performing Inner Association of eduroam
12/17/2016 10:11:47.553 EAP: eapState=2
12/17/2016 10:11:47.553 EAP: Waiting for inner association completion
12/17/2016 10:11:47.769 EAP: Inner Association of eduroam failed (-3909)
12/17/2016 10:11:47.771 WiFiDeviceEAPCancel: EAPOLControlStop
12/17/2016 10:11:47.771 Completed Apple80211AssociateAsync (-3909 - 0xFFFFF0BB)
12/17/2016 10:11:47.771 Failed to join(-3909 - 0xFFFFF0BB): eduroam
12/17/2016 10:11:47.772 WiFiAWDManagerSubmitMetric: metric container could not be generated for metric id <0x90003>
12/17/2016 10:11:47.772 Auto join association completed (-3909) with current state: Associating
12/17/2016 10:11:47.772 __WiFiDeviceManagerStateMachineRun: current state: Associating
12/17/2016 10:11:47.772 __WiFiDeviceManagerProcessAssociationResult: current state: Associating
12/17/2016 10:11:47.772 Adding problematic state for eduroam, reason AssociationFailure reasonData=-3909
12/17/2016 10:11:47.772 Adding eduroam to list of potentially problematic networks
12/17/2016 10:11:47.772 problematic networks =  and potentially problematic networks = eduroam 
12/17/2016 10:11:47.773 __CreateBGScanRequest Hotspot Orange Mobile Wi-Fi added to BGScan List 
12/17/2016 10:11:47.773 Preparing background scan request for "DIGI-146A" "G3_7030" "eg304" "eMAG" "Orange Mobile Wi-Fi" Background Scan Caching is Disabled
12/17/2016 10:11:47.779 WiFiDeviceRequestAssociatedSleep: ActiveDuringSleepRequested is already removed ((null)).
12/17/2016 10:11:47.779 Failed to associate with eduroam, reason -3909
12/17/2016 10:11:47.780 multi-stage auto-join: Attempting to scan MRU network channels
12/17/2016 10:11:47.780 Scanning for MRU Networks:  "eduroam" on channels: 1 4 44  "G3_7030" on channels: 3 
12/17/2016 10:11:47.780 Performing auto-join broadcast scan on channels: 1 4 44 3 
12/17/2016 10:11:47.780 Enqueuing command type: "Scan" pending commands: 1
12/17/2016 10:11:47.780 Dequeuing command type: "Scan" pending commands: 0
12/17/2016 10:11:47.781 Attempting Apple80211ScanAsync on en0
12/17/2016 10:11:47.955 Completed Apple80211ScanAsync on en0 (0x0)
12/17/2016 10:11:47.957 Auto join scan completed (0) with current state: Scanning MRU Network Channels
12/17/2016 10:11:47.958 __WiFiDeviceManagerStateMachineRun: current state: Scanning MRU Network Channels
12/17/2016 10:11:47.958 Scanning MRU Network Channels found: PRECIS-Etaj7, eduroam, PRECIS
12/17/2016 10:11:47.958 Attempting auto-join for networks in following order: eduroam(EAP)
12/17/2016 10:11:47.959 Autojoin is processing network 1 of 1 candidates
12/17/2016 10:11:47.959 Attempting auto join association of eduroam
12/17/2016 10:11:47.973 Enqueuing command type: "Association" pending commands: 1
12/17/2016 10:11:47.973 Dequeuing command type: "Association" pending commands: 0
12/17/2016 10:11:47.973 Attempting Apple80211AssociateAsync
12/17/2016 10:11:47.973 Attempting to join EAP network: eduroam
12/17/2016 10:11:47.999 WiFiDeviceEAPAssociate: EAPOLControlStart result=0
12/17/2016 10:11:48.002 EAP: eapState=1
12/17/2016 10:11:48.014 EAP: eapState=2
12/17/2016 10:11:48.014 EAP: Performing Inner Association of eduroam
12/17/2016 10:11:48.032 EAP: eapState=2
12/17/2016 10:11:48.032 EAP: Waiting for inner association completion
12/17/2016 10:11:48.342 EAP: Inner Association of eduroam failed (-3909)
12/17/2016 10:11:48.343 WiFiDeviceEAPCancel: EAPOLControlStop
12/17/2016 10:11:48.344 Completed Apple80211AssociateAsync (-3909 - 0xFFFFF0BB)
12/17/2016 10:11:48.344 Failed to join(-3909 - 0xFFFFF0BB): eduroam
12/17/2016 10:11:48.344 WiFiAWDManagerSubmitMetric: metric container could not be generated for metric id <0x90003>
12/17/2016 10:11:48.344 Auto join association completed (-3909) with current state: Associating
12/17/2016 10:11:48.344 __WiFiDeviceManagerStateMachineRun: current state: Associating
12/17/2016 10:11:48.344 __WiFiDeviceManagerProcessAssociationResult: current state: Associating
12/17/2016 10:11:48.344 Adding problematic state for eduroam, reason AssociationFailure reasonData=-3909
12/17/2016 10:11:48.344 problematic networks =  and potentially problematic networks = eduroam 
12/17/2016 10:11:48.344 No Change in Background Scan Networks, Skip Re-Programming Background Scan

12/17/2016 10:11:48.344 Failed to associate with eduroam, reason -3909
12/17/2016 10:11:48.349 multi-stage auto-join: Attempting to scan remaining channels
12/17/2016 10:11:48.350 Scanning remaining channels: 2 5 6 7 8 9 10 11 12 13 36 48 52 56 60 64 100 104 108 112 116 120 124 128 132 136 140 144 149 153 157 161 165 
12/17/2016 10:11:48.350 Performing auto-join broadcast scan on channels: 2 5 6 7 8 9 10 11 12 13 36 48 52 56 60 64 100 104 108 112 116 120 124 128 132 136 140 144 149 153 157 161 165 
12/17/2016 10:11:48.350 Enqueuing command type: "Scan" pending commands: 1
12/17/2016 10:11:48.350 Dequeuing command type: "Scan" pending commands: 0
12/17/2016 10:11:48.350 Attempting Apple80211ScanAsync on en0
12/17/2016 10:11:48.382 __WiFiManagerCellularTransmitCallback_block_invoke: Cellular Transmit Started = FALSE
12/17/2016 10:11:49.957 Async scan requested by "Preferences" for 1 iterations with maxage=2 priority normal on en0
12/17/2016 10:11:49.957 Enqueuing command type: "Scan" pending commands: 1
12/17/2016 10:11:51.085 __WiFiManagerSetEnableState: state TRUE, manager->enable.setting TRUE, manager->unlockedSinceBoot TRUE
12/17/2016 10:11:51.085 Disabling automatic association
12/17/2016 10:11:51.085 Aborting EAP
12/17/2016 10:11:51.085 Aborted current auto-join session.
12/17/2016 10:11:51.085 Auto join DISABLED by "Preferences"
12/17/2016 10:11:51.085 Async association requested by "Preferences"
12/17/2016 10:11:51.086 Enqueuing command type: "Disassociation" pending commands: 2
12/17/2016 10:11:51.099 Enqueuing command type: "Association" pending commands: 3
12/17/2016 10:11:51.118 IPv4 Primary interface is pdp_ip0 and IPv6 Primary Interface is (null)
12/17/2016 10:11:51.213 Completed Apple80211ScanAsync on en0 (0x0)
12/17/2016 10:11:51.214 Auto join scan completed (0) with current state: Idle
12/17/2016 10:11:51.214 Ignorning old request.  CurrentCommand=1360 PendingCommand=0
12/17/2016 10:11:51.214 Dequeuing command type: "Scan" pending commands: 2
12/17/2016 10:11:51.214 Attempting Apple80211ScanAsync on en0
12/17/2016 10:11:51.219 Async scan requested by "configd" for 0 iterations with maxage=-1 priority normal on en0
12/17/2016 10:11:51.219 Enqueuing command type: "Scan" pending commands: 3
12/17/2016 10:11:51.810 Completed Apple80211ScanAsync on en0 (0x0)
12/17/2016 10:11:51.811 Async scan request completed for "Preferences" (0)
12/17/2016 10:11:51.812 Dequeuing command type: "Disassociation" pending commands: 2
12/17/2016 10:11:51.812 Dequeuing command type: "Association" pending commands: 1
12/17/2016 10:11:51.812 Attempting Apple80211AssociateAsync
12/17/2016 10:11:51.832 Async scan requested by "configd" for 0 iterations with maxage=-1 priority normal on en0
12/17/2016 10:11:51.832 Already scanning, will not queue request. 
12/17/2016 10:11:51.843 Async scan requested by "Preferences" for 1 iterations with maxage=2 priority normal on en0
12/17/2016 10:11:51.843 Enqueuing command type: "Scan" pending commands: 2
12/17/2016 10:11:51.919 __WiFiDeviceProcessLinkEvent: isLinkDown 0
12/17/2016 10:11:51.925 __WiFiDeviceManagerSetInterfaceRank: setting interface rank kSCNetworkServicePrimaryRankDefault
12/17/2016 10:11:51.925 __WiFiDeviceManagerUpdateDynamicStoreNetworkEntry: no matching known network
12/17/2016 10:11:51.926 WiFiDeviceSetRoamParams: setting roam profile to type 0
12/17/2016 10:11:51.927 __WiFiLQAMgrSetCurrentNetwork: SSID: PRECIS BSSID: 84:b2:61:5e:44:2e RSSI: -60 ApEnv: 0
12/17/2016 10:11:51.929 WiFiDeviceRequestAssociatedSleep: ActiveDuringSleepRequested is already removed ((null)).
12/17/2016 10:11:51.929 __WiFiDeviceResetCCAHistory
12/17/2016 10:11:51.929 __WiFiDeviceResetRssiHistory
12/17/2016 10:11:51.929 __WiFiLQAMgrLogStats: Rssi: -60 Cca: 0 TxPer: 0.0% (0) BcnPer: 0.0% (0) RxFrms 0 TxRate: 0 RxRate: 0
12/17/2016 10:11:51.929 __WiFiDeviceProcessLinkEvent: Initializing lqm value: rawRssi -60, scaledRssi 0.818182, noise 0, snr 31
12/17/2016 10:11:51.930 __WiFiMetricsManagerPrepareLinkChangeNetworkParams: OUI:84:b2:61 Channel:40(20MHz) Flags:0x8 PhyMode:0x90 Security:0x0 WPA:[Prot:0x0 McastCipher:0x0 UcastCipher:0x0 AKM:0x0 Caps:0x0] HT:[Info:0x19ac AMPDU:0x1b TXBF:0x0 Ext:0x0 ASEL:0x0] VHT:[Info:0xf8379b2]
12/17/2016 10:11:51.930 WiFiAWDManagerSubmitMetric: metric container could not be generated for metric id <0x90009>
12/17/2016 10:11:51.931 Creating client for "configd"
12/17/2016 10:11:52.030 Completed Apple80211AssociateAsync (0 - 0x0)
12/17/2016 10:11:52.030 Joined: PRECIS
12/17/2016 10:11:52.030 Removing problematic state for PRECIS, reason N/A reasonData=0
12/17/2016 10:11:52.030 problematic networks =  and potentially problematic networks = eduroam 
12/17/2016 10:11:52.031 No Change in Background Scan Networks, Skip Re-Programming Background Scan

12/17/2016 10:11:52.031 Async association request completed for "Preferences" (0)
12/17/2016 10:11:52.031 Dequeuing command type: "Scan" pending commands: 1
12/17/2016 10:11:52.032 Attempting Apple80211ScanAsync on en0
12/17/2016 10:11:52.033 ScanCache: Successfully Retrieved Scan Results from Scan Cache.
12/17/2016 10:11:52.036 Completed Apple80211ScanAsync on en0 (0x0)
12/17/2016 10:11:52.037 Async scan request completed for "configd" (0)
12/17/2016 10:11:52.039 Dequeuing command type: "Scan" pending commands: 0
12/17/2016 10:11:52.039 Attempting Apple80211ScanAsync on en0
12/17/2016 10:11:52.059 MIS state is Disabled
12/17/2016 10:11:52.059 MIS state queried by "MobileMail" is Disable
12/17/2016 10:11:52.059 MIS state is Disabled
12/17/2016 10:11:52.059 MIS state queried by "InCallService" is Disable
12/17/2016 10:11:52.060 MIS state is Disabled
12/17/2016 10:11:52.060 MIS state queried by "apsd" is Disable
12/17/2016 10:11:52.060 MIS state is Disabled
12/17/2016 10:11:52.060 MIS state queried by "imagent" is Disable
12/17/2016 10:11:52.060 MIS state is Disabled
12/17/2016 10:11:52.060 MIS state queried by "UserEventAgent" is Disable
12/17/2016 10:11:52.060 MIS state is Disabled
12/17/2016 10:11:52.060 MIS state queried by "mediaserverd" is Disable
12/17/2016 10:11:52.060 MIS state is Disabled
12/17/2016 10:11:52.060 MIS state queried by "locationd" is Disable
12/17/2016 10:11:52.061 MIS state is Disabled
12/17/2016 10:11:52.061 MIS state queried by "identityservices" is Disable
12/17/2016 10:11:52.061 MIS state is Disabled
12/17/2016 10:11:52.061 MIS state queried by "SpringBoard" is Disable
12/17/2016 10:11:52.062 MIS state is Disabled
12/17/2016 10:11:52.062 MIS state queried by "nanoregistryd" is Disable
12/17/2016 10:11:52.062 configd requesting removal of BGScan networks
12/17/2016 10:11:52.063 No Change in Background Scan Networks, Skip Re-Programming Background Scan

12/17/2016 10:11:52.063 __WiFiManagerSetEnableState: state TRUE, manager->enable.setting TRUE, manager->unlockedSinceBoot TRUE
12/17/2016 10:11:52.063 Removing client for "configd"
12/17/2016 10:11:52.063 MIS state is Disabled
12/17/2016 10:11:52.063 MIS state queried by "IDSRemoteURLConn" is Disable
12/17/2016 10:11:52.064 MIS state is Disabled
12/17/2016 10:11:52.064 MIS state queried by "findmydeviced" is Disable
12/17/2016 10:11:52.064 MIS state is Disabled
12/17/2016 10:11:52.064 MIS state queried by "IMRemoteURLConne" is Disable
12/17/2016 10:11:52.069 WoW is Disabled, 0 WoW Clients
12/17/2016 10:11:52.074 __GetNetworkWithSameSsid: network PRECIS not found
12/17/2016 10:11:52.074 WiFiNetworkPrepareKnownBssList: successfully prepared known BSS info for PRECIS (bssid: 84:b2:61:5e:44:2e, channel: 40)
12/17/2016 10:11:52.074 Added PRECIS to list of known networks
12/17/2016 10:11:52.080 WiFiManagerAddNetwork: sync the added network <PRECIS>
12/17/2016 10:11:52.080 WiFiCloudSyncAddNetworkToCloud
12/17/2016 10:11:52.082 WiFiNetworkSyncHelperCreateSyncableNetworkRecord: for 5ghz network 84:b2:61:5e:44:2e guess1 84:b2:61:5e:44:2d, guess2 84:b2:61:5e:44:2c
12/17/2016 10:11:52.082 WiFiNetworkSyncHelperCreateSyncableNetworkRecord for <PRECIS>
12/17/2016 10:11:52.082 WIFICLOUDSYNC WiFiCloudSyncEngineAddNetworkToCloud: <PRECIS>
12/17/2016 10:11:52.082 WIFICLOUDSYNC __WiFiCloudSyncEngineIsNetworkSyncable: customized network, not syncable
12/17/2016 10:11:52.087 WiFiDeviceManagerSetNetworks: Adding HS20 Account: 
Domain name orange.ro
3GPP MCC&MNC 226F10 
Friendly Operator Name Orange
12/17/2016 10:11:52.087 __WiFiDeviceManagerPrepareHS20Queries: created queries <CFArray 0x14d6d6120 [0x1a16e8150]>{type = mutable-small, count = 3, values = (
	0 : <CFNumber 0xb0000000000010c1 [0x1a16e8150]>{value = +268, type = kCFNumberSInt16Type}
	1 : <CFNumber 0xb000000000001081 [0x1a16e8150]>{value = +264, type = kCFNumberSInt16Type}
	2 : <CFNumber 0xb000000000000031 [0x1a16e8150]>{value = +3, type = kCFNumberSInt16Type}
)}
12/17/2016 10:11:52.087 WiFiDeviceManagerSetNetworks: shouldDisassociate 0
12/17/2016 10:11:52.087 Auto association attempt canceled because auto join is disabled.
12/17/2016 10:11:52.088 __CreateBGScanRequest Hotspot Orange Mobile Wi-Fi added to BGScan List 
12/17/2016 10:11:52.088 Preparing background scan request for "PRECIS" "DIGI-146A" "G3_7030" "eg304" "eMAG" "Orange Mobile Wi-Fi" Background Scan Caching is Disabled
12/17/2016 10:11:52.093 -[WiFiIDSSyncEngine knownNetworksListChanged]: <0x16e12f000>, role 1, isKeychainUnlocked 1
12/17/2016 10:11:52.093 -[WiFiIDSSyncEngine knownNetworksListChanged]: adjusted coalesceKnownNetworksSyncTimer <CFRunLoopTimer 0x14d519900 [0x1a16e8150]>{valid = Yes, firing = No, interval = 315360000, tolerance = 0, next fire date = 503655122 (9.999951 @ 2257557616950), callout = (NSTimer) [WiFiIDSSyncEngine syncKnownWiFiNetworks:] (0x1836c4fe0 / 0x1000bfa94) (/usr/sbin/wifid), context = <CFRunLoopTimer context 0x14d519610>}
12/17/2016 10:11:52.095 WiFiMetricsManagerSubmitWiFiKnownNetworksEvent: eventType 1, networkSecurity 0, networkTypeBitMap 0x1, oui 84:B2:61
12/17/2016 10:11:52.095 WiFiAWDManagerSubmitMetric: metric container could not be generated for metric id <0x90011>
12/17/2016 10:11:52.096 MIS state is Disabled
12/17/2016 10:11:52.096 MIS state queried by "MobileSMS" is Disable
12/17/2016 10:11:52.101 WiFiDeviceManagerSetNetworks: Adding HS20 Account: 
Domain name orange.ro
3GPP MCC&MNC 226F10 
Friendly Operator Name Orange
12/17/2016 10:11:52.101 __WiFiDeviceManagerPrepareHS20Queries: created queries <CFArray 0x14d6d66a0 [0x1a16e8150]>{type = mutable-small, count = 3, values = (
	0 : <CFNumber 0xb0000000000010c1 [0x1a16e8150]>{value = +268, type = kCFNumberSInt16Type}
	1 : <CFNumber 0xb000000000001081 [0x1a16e8150]>{value = +264, type = kCFNumberSInt16Type}
	2 : <CFNumber 0xb000000000000031 [0x1a16e8150]>{value = +3, type = kCFNumberSInt16Type}
)}
12/17/2016 10:11:52.101 Auto association attempt canceled because auto join is disabled.
12/17/2016 10:11:52.102 No Change in Background Scan Networks, Skip Re-Programming Background Scan

12/17/2016 10:11:52.103 __WiFiDeviceCheckForIPRenewalWakeupSupport: State:/Network/Interface/en0/ActiveDuringSleepSupported = TRUE
12/17/2016 10:11:52.145 __WiFiManagerSetEnableState: state TRUE, manager->enable.setting TRUE, manager->unlockedSinceBoot TRUE
12/17/2016 10:11:52.145 Enabling automatic association
12/17/2016 10:11:52.145 __WiFiDeviceManagerAutoAssociate: Already connected to PRECIS.
12/17/2016 10:11:52.145 __WiFiDeviceManagerAutoAssociate: Already connected to PRECIS.
12/17/2016 10:11:52.145 Auto join ENABLED by "Preferences"
12/17/2016 10:11:55.713 Completed Apple80211ScanAsync on en0 (0x0)
12/17/2016 10:11:55.716 Async scan request completed for "Preferences" (0)
12/17/2016 10:11:55.734 Async scan requested by "configd" for 0 iterations with maxage=-1 priority normal on en0
12/17/2016 10:11:55.734 Enqueuing command type: "Scan" pending commands: 0
12/17/2016 10:11:55.734 Dequeuing command type: "Scan" pending commands: 0
12/17/2016 10:11:55.734 Attempting Apple80211ScanAsync on en0
12/17/2016 10:11:55.735 ScanCache: Successfully Retrieved Scan Results from Scan Cache.
12/17/2016 10:11:55.735 Completed Apple80211ScanAsync on en0 (0x0)
12/17/2016 10:11:55.736 Async scan request completed for "configd" (0)
12/17/2016 10:11:57.911 IPV4 State change for en0
12/17/2016 10:11:57.911 IP Address: 172.19.8.227
12/17/2016 10:11:57.911 Router IP Address: 172.19.11.254
12/17/2016 10:11:57.912 __WiFiDeviceCheckForIPV4ParamsChange: Setting power mode to kA11PowerProfileDefault
12/17/2016 10:11:57.912 __WiFiManagerIPv4Callback: <en0> [PRECIS                                  : isHidden=0, isEAP=0, isWPA=0, isWEP=0, type=0] isMainIf? 1, isRoutable? 1
12/17/2016 10:11:57.912 -[WiFiIDSSyncEngine currentNetworkChanged]: <0x16e12f000>, role 1, currentNetwork PRECIS                                  : isHidden=0, isEAP=0, isWPA=0, isWEP=0, type=0
12/17/2016 10:11:57.912 -[WiFiIDSSyncEngine currentNetworkChanged]: reset waitForReAssociationTimer <CFRunLoopTimer 0x14d62d800 [0x1a16e8150]>{valid = Yes, firing = No, interval = 818274573, tolerance = 0, next fire date = 1.32267024e+09 (819015118 @ 12120127025279874), callout = (NSTimer) [WiFiIDSSyncEngine companionReAssociationWaitTimerFired:] (0x1836c4fe0 / 0x1000c1010) (/usr/sbin/wifid), context = <CFRunLoopTimer context 0x14d652c50>}
12/17/2016 10:11:57.912 -[WiFiIDSSyncEngine sendCurrentCompanionNetwork]: autojoinAssistDict {
    "SSID_STR" = PRECIS;
}
12/17/2016 10:11:57.912 WiFiLQAMgrSetRouterIpv4Addr: Router IP Address: 172.19.11.254 
12/17/2016 10:11:57.913 -[WiFiIDSSyncEngine sendToGizmoOfDataType:]: <0x16e2d3000> ID:(null), data type 1
12/17/2016 10:11:57.913 __WiFiDeviceCheckForIPV4ParamsChange: configMethod DHCP, leaseExpiryDuration 120 mins
12/17/2016 10:11:57.913 WiFiAWDManagerSubmitMetric: metric container could not be generated for metric id <0x90007>
12/17/2016 10:11:57.913 Router MAC Address: 00:50:56:b7:3a:82
12/17/2016 10:11:57.924 IPv4 Primary interface is pdp_ip0 and IPv6 Primary Interface is (null)
12/17/2016 10:11:58.068 IPv4 Primary interface is en0 and IPv6 Primary Interface is (null)
12/17/2016 10:11:58.398 Creating client for "CommCenter"
12/17/2016 10:11:58.401 CommCenter requesting removal of BGScan networks
12/17/2016 10:11:58.402 No Change in Background Scan Networks, Skip Re-Programming Background Scan

12/17/2016 10:11:58.402 __WiFiManagerSetEnableState: state TRUE, manager->enable.setting TRUE, manager->unlockedSinceBoot TRUE
12/17/2016 10:11:58.402 Removing client for "CommCenter"
12/17/2016 10:12:01.903 __WiFiLQAMgrLogStats: Rssi: -61 Cca: 1 TxPer: 0.0% (41) BcnPer: 0.0% (0) RxFrms 31 TxRate: 86667 RxRate: 86667
12/17/2016 10:12:02.098 -[WiFiIDSSyncEngine syncKnownWiFiNetworks:]: <0x16e12f000>, role 1, destinationID (null)
12/17/2016 10:12:03.763 Async scan requested by "Preferences" for 1 iterations with maxage=2 priority normal on en0
12/17/2016 10:12:03.763 Enqueuing command type: "Scan" pending commands: 0
12/17/2016 10:12:03.765 Dequeuing command type: "Scan" pending commands: 0
12/17/2016 10:12:03.765 Attempting Apple80211ScanAsync on en0
12/17/2016 10:12:04.204 Completed Apple80211ScanAsync on en0 (0x0)
12/17/2016 10:12:04.206 Async scan request completed for "Preferences" (0)
12/17/2016 10:12:04.221 Async scan requested by "configd" for 0 iterations with maxage=-1 priority normal on en0
12/17/2016 10:12:04.221 Enqueuing command type: "Scan" pending commands: 0
12/17/2016 10:12:04.222 Dequeuing command type: "Scan" pending commands: 0
12/17/2016 10:12:04.222 Attempting Apple80211ScanAsync on en0
12/17/2016 10:12:04.222 ScanCache: Successfully Retrieved Scan Results from Scan Cache.
12/17/2016 10:12:04.224 Completed Apple80211ScanAsync on en0 (0x0)
12/17/2016 10:12:04.225 Async scan request completed for "configd" (0)
12/17/2016 10:12:04.228 Async scan requested by "Preferences" for 1 iterations with maxage=2 priority normal on en0
12/17/2016 10:12:04.228 Enqueuing command type: "Scan" pending commands: 0
12/17/2016 10:12:04.229 Dequeuing command type: "Scan" pending commands: 0
12/17/2016 10:12:04.229 Attempting Apple80211ScanAsync on en0
12/17/2016 10:12:06.907 __WiFiLQAMgrLogStats: Rssi: -62 Cca: 1 TxPer: 0.0% (0) BcnPer: 0.0% (58) RxFrms 0 TxRate: 86667 RxRate: 86667
12/17/2016 10:12:07.893 Completed Apple80211ScanAsync on en0 (0x0)
12/17/2016 10:12:07.895 Async scan request completed for "Preferences" (0)
12/17/2016 10:12:07.909 Async scan requested by "configd" for 0 iterations with maxage=-1 priority normal on en0
12/17/2016 10:12:07.910 Enqueuing command type: "Scan" pending commands: 0
12/17/2016 10:12:07.910 Dequeuing command type: "Scan" pending commands: 0
12/17/2016 10:12:07.910 Attempting Apple80211ScanAsync on en0
12/17/2016 10:12:07.910 ScanCache: Successfully Retrieved Scan Results from Scan Cache.
12/17/2016 10:12:07.913 Completed Apple80211ScanAsync on en0 (0x0)
12/17/2016 10:12:07.913 Async scan request completed for "configd" (0)
12/17/2016 10:12:08.210 __WiFiManagerSetEnableState: state TRUE, manager->enable.setting TRUE, manager->unlockedSinceBoot TRUE
12/17/2016 10:12:08.210 __WiFiDeviceManagerAutoAssociate: Already connected to PRECIS.
12/17/2016 10:12:08.210 Auto join ENABLED by "Preferences"
12/17/2016 10:12:11.912 __WiFiLQAMgrLogStats: Rssi: -59 Cca: 1 TxPer: 0.0% (0) BcnPer: 0.0% (0) RxFrms 0 TxRate: 86667 RxRate: 86667
12/17/2016 10:12:14.410 IDSRemoteURLConn requesting removal of BGScan networks
12/17/2016 10:12:14.411 No Change in Background Scan Networks, Skip Re-Programming Background Scan

12/17/2016 10:12:14.411 __WiFiManagerSetEnableState: state TRUE, manager->enable.setting TRUE, manager->unlockedSinceBoot TRUE
12/17/2016 10:12:14.411 Removing client for "IDSRemoteURLConn"
12/17/2016 10:12:15.143 Background Network Application entered
12/17/2016 10:12:15.144 BG Application: Present, BG Daemon: Present. Daemons: mediaserverd 
12/17/2016 10:12:15.144 __WiFiManagerSetEnableState: state TRUE, manager->enable.setting TRUE, manager->unlockedSinceBoot TRUE
12/17/2016 10:12:15.145 __WiFiDeviceManagerAutoAssociate: Already connected to PRECIS.
12/17/2016 10:12:15.147 Background Network Application entered
12/17/2016 10:12:15.147 BG Application: Not Present, BG Daemon: Present. Daemons: mediaserverd 
12/17/2016 10:12:15.147 __WiFiManagerSetEnableState: state TRUE, manager->enable.setting TRUE, manager->unlockedSinceBoot TRUE
12/17/2016 10:12:15.147 __WiFiDeviceManagerAutoAssociate: Already connected to PRECIS.
12/17/2016 10:12:16.923 __WiFiLQAMgrLogStats: Rssi: -59 Cca: 1 TxPer: 0.0% (0) BcnPer: 0.0% (0) RxFrms 0 TxRate: 0 RxRate: 0
12/17/2016 10:12:19.416 IMRemoteURLConne requesting removal of BGScan networks
12/17/2016 10:12:19.417 No Change in Background Scan Networks, Skip Re-Programming Background Scan

12/17/2016 10:12:19.417 __WiFiManagerSetEnableState: state TRUE, manager->enable.setting TRUE, manager->unlockedSinceBoot TRUE
12/17/2016 10:12:19.418 Removing client for "IMRemoteURLConne"
12/17/2016 10:12:21.897 scanCache: Purging scan cache
12/17/2016 10:12:22.193 Client itunesstored set type to background application
12/17/2016 10:12:22.194 __WiFiManagerSetEnableState: state TRUE, manager->enable.setting TRUE, manager->unlockedSinceBoot TRUE
12/17/2016 10:12:22.208 BG Application: Not Present, BG Daemon: Present. Daemons: mediaserverd itunesstored 
12/17/2016 10:12:22.208 __WiFiDeviceManagerAutoAssociate: Already connected to PRECIS.
12/17/2016 10:12:26.948 __WiFiLQAMgrLogStats: Rssi: -67 Cca: 1 TxPer: 0.0% (65) BcnPer: 1.0% (96) RxFrms 62 TxRate: 86667 RxRate: 86667
12/17/2016 10:12:27.928 Client itunesstored set type to normal application
12/17/2016 10:12:27.928 __WiFiManagerSetEnableState: state TRUE, manager->enable.setting TRUE, manager->unlockedSinceBoot TRUE
12/17/2016 10:12:27.928 BG Application: Not Present, BG Daemon: Present. Daemons: mediaserverd 
12/17/2016 10:12:29.100 WiFiLocaleManagerCheckLocale: location service or wifi is off, set locale to default
12/17/2016 10:12:29.100 new locale:  , locale: 
12/17/2016 10:12:31.948 __WiFiLQAMgrLogStats: Rssi: -67 Cca: 1 TxPer: 0.0% (0) BcnPer: 0.0% (0) RxFrms 0 TxRate: 0 RxRate: 0
12/17/2016 10:12:36.950 __WiFiLQAMgrLogStats: Rssi: -67 Cca: 1 TxPer: 0.0% (0) BcnPer: 0.0% (0) RxFrms 0 TxRate: 0 RxRate: 0
12/17/2016 10:12:41.950 __WiFiLQAMgrLogStats: Rssi: -67 Cca: 1 TxPer: 0.0% (0) BcnPer: 0.0% (0) RxFrms 0 TxRate: 0 RxRate: 0
12/17/2016 10:12:46.951 __WiFiLQAMgrLogStats: Rssi: -67 Cca: 1 TxPer: 0.0% (0) BcnPer: 0.0% (0) RxFrms 0 TxRate: 0 RxRate: 0
12/17/2016 10:12:51.952 __WiFiLQAMgrLogStats: Rssi: -67 Cca: 1 TxPer: 0.0% (0) BcnPer: 0.0% (0) RxFrms 0 TxRate: 0 RxRate: 0
12/17/2016 10:12:56.960 __WiFiLQAMgrLogStats: Rssi: -60 Cca: 1 TxPer: 0.0% (9) BcnPer: 3.5% (288) RxFrms 6 TxRate: 86667 RxRate: 86667
12/17/2016 10:13:01.961 __WiFiLQAMgrLogStats: Rssi: -60 Cca: 1 TxPer: 0.0% (0) BcnPer: 0.0% (0) RxFrms 0 TxRate: 0 RxRate: 0
12/17/2016 10:13:06.969 __WiFiLQAMgrLogStats: Rssi: -62 Cca: 1 TxPer: 0.0% (18) BcnPer: 1.0% (96) RxFrms 16 TxRate: 86667 RxRate: 86667
12/17/2016 10:13:08.812 ATJManager: setting ask-to-join interaction mode to NonInteractive
12/17/2016 10:13:08.812 ATJManager: no entries to purge
12/17/2016 10:13:08.813 User interaction DISABLED
12/17/2016 10:13:08.813 Ignoring lock state manager->wakeMode 1

12/17/2016 10:13:08.813 Device display is OFF
12/17/2016 10:13:09.370 __WiFiManagerSetEnableState: state TRUE, manager->enable.setting TRUE, manager->unlockedSinceBoot TRUE
12/17/2016 10:13:09.370 __WiFiDeviceManagerAutoAssociate: Already connected to PRECIS.
12/17/2016 10:13:09.370 Auto join ENABLED by "Preferences"
12/17/2016 10:13:11.978 __WiFiLQAMgrLogStats: Rssi: -62 Cca: 1 TxPer: 0.0% (19) BcnPer: 0.0% (0) RxFrms 16 TxRate: 86667 RxRate: 86667
12/17/2016 10:13:14.732 Received kIOMessageSystemWillSleep
12/17/2016 10:13:14.732 System Sleep notification, Disabling auto-join
12/17/2016 10:13:14.733 __WiFiManagerSetEnableState: state FALSE, manager->enable.setting TRUE, manager->unlockedSinceBoot TRUE
12/17/2016 10:13:14.733 Disabling automatic association
12/17/2016 10:13:14.761 WoW is Disabled, 0 WoW Clients
12/17/2016 10:13:14.853 Creating client for "IDSRemoteURLConn"
12/17/2016 10:13:14.861 MIS state is Disabled
12/17/2016 10:13:14.861 MIS state queried by "IDSRemoteURLConn" is Disable
12/17/2016 10:13:14.862 Disable WoW requested by "IDSRemoteURLConn"
12/17/2016 10:13:14.877 __WiFiDeviceCopyLinkChangedSubReasonString: Apple80211ReturnToString failed 1
12/17/2016 10:13:14.878 __WiFiDeviceProcessDriverAvailableEvent: driver availability false, reason PowerOff(0xe0821804), subreason (null)(0x0)
12/17/2016 10:13:14.878 __WiFiManagerDispatchDeviceAvailable: driver availability false

12/17/2016 10:13:14.880 WiFiAWDManagerSubmitMetric: metric container could not be generated for metric id <0x9000e>
12/17/2016 10:13:14.881 __WiFiDeviceManagerAwdlAvailableCallback: AWDL availability changed to FALSE
12/17/2016 10:13:14.883 WoW is Disabled, 0 WoW Clients
12/17/2016 10:16:00.980 Received kIOMessageSystemWillPowerOn
12/17/2016 10:16:00.993 System wake reason: AOP.ExternalReq menu
12/17/2016 10:16:00.995 System Powered ON notification Re-enabling auto-join
12/17/2016 10:16:00.995 __WiFiManagerSetEnableState: state TRUE, manager->enable.setting TRUE, manager->unlockedSinceBoot TRUE
12/17/2016 10:16:00.995 Enabling automatic association
12/17/2016 10:16:00.996 __WiFiDeviceManagerAutoAssociate: Already connected to PRECIS.
12/17/2016 10:16:00.996 WiFiLocaleManagerCheckLocale: location service or wifi is off, set locale to default
12/17/2016 10:16:00.996 new locale:  , locale: 
12/17/2016 10:16:00.996 __WiFiDeviceProcessDumpLogsEvent: Dump logs event received, dumped wifid log buffer to file
