12/23/2016 19:39:33.065 Async scan requested by "locationd" for 1 iterations with maxage=0 priority normal on en0
12/23/2016 19:39:33.065 Enqueuing command type: "Scan" pending commands: 0
12/23/2016 19:39:33.065 Dequeuing command type: "Scan" pending commands: 0
12/23/2016 19:39:33.065 Attempting Apple80211ScanAsync on en0
12/23/2016 19:39:33.450 Completed Apple80211ScanAsync on en0 (0x0)
12/23/2016 19:39:33.451 Async scan request completed for "locationd" (0)
12/23/2016 19:39:35.333 Device display is ON
12/23/2016 19:39:35.333 __WiFiManagerSetEnableState: state TRUE, manager->enable.setting TRUE, manager->unlockedSinceBoot TRUE
12/23/2016 19:39:35.333 Auto association attempt canceled because MIS is enabled. MIS client count: wifi=4 bt=0
12/23/2016 19:39:35.546 Async scan requested by "locationd" for 1 iterations with maxage=0 priority normal on en0
12/23/2016 19:39:35.546 Enqueuing command type: "Scan" pending commands: 0
12/23/2016 19:39:35.546 Dequeuing command type: "Scan" pending commands: 0
12/23/2016 19:39:35.546 Attempting Apple80211ScanAsync on en0
12/23/2016 19:39:35.704 Completed Apple80211ScanAsync on en0 (0x0)
12/23/2016 19:39:35.705 Async scan request completed for "locationd" (0)
12/23/2016 19:39:35.705 Async scan requested by "locationd" for 1 iterations with maxage=0 priority normal on en0
12/23/2016 19:39:35.705 Enqueuing command type: "Scan" pending commands: 0
12/23/2016 19:39:35.705 Dequeuing command type: "Scan" pending commands: 0
12/23/2016 19:39:35.705 Attempting Apple80211ScanAsync on en0
12/23/2016 19:39:36.089 Completed Apple80211ScanAsync on en0 (0x0)
12/23/2016 19:39:36.089 Async scan request completed for "locationd" (0)
12/23/2016 19:39:38.742 __WiFiManagerCellularTransmitCallback_block_invoke: Cellular Transmit Started = FALSE
12/23/2016 19:39:40.397 __WiFiManagerCellularTransmitCallback_block_invoke: Cellular Transmit Started = TRUE
12/23/2016 19:39:45.057 Async scan requested by "locationd" for 1 iterations with maxage=0 priority normal on en0
12/23/2016 19:39:45.057 Enqueuing command type: "Scan" pending commands: 0
12/23/2016 19:39:45.057 Dequeuing command type: "Scan" pending commands: 0
12/23/2016 19:39:45.057 Attempting Apple80211ScanAsync on en0
12/23/2016 19:39:45.442 Completed Apple80211ScanAsync on en0 (0x0)
12/23/2016 19:39:45.443 Async scan request completed for "locationd" (0)
12/23/2016 19:39:48.693 Device display is OFF
12/23/2016 19:39:51.064 Async scan requested by "locationd" for 1 iterations with maxage=0 priority normal on en0
12/23/2016 19:39:51.064 Enqueuing command type: "Scan" pending commands: 0
12/23/2016 19:39:51.065 Dequeuing command type: "Scan" pending commands: 0
12/23/2016 19:39:51.065 Attempting Apple80211ScanAsync on en0
12/23/2016 19:39:51.450 Completed Apple80211ScanAsync on en0 (0x0)
12/23/2016 19:39:51.451 Async scan request completed for "locationd" (0)
12/23/2016 19:39:57.072 Async scan requested by "locationd" for 1 iterations with maxage=0 priority normal on en0
12/23/2016 19:39:57.073 Enqueuing command type: "Scan" pending commands: 0
12/23/2016 19:39:57.073 Dequeuing command type: "Scan" pending commands: 0
12/23/2016 19:39:57.073 Attempting Apple80211ScanAsync on en0
12/23/2016 19:39:57.460 Completed Apple80211ScanAsync on en0 (0x0)
12/23/2016 19:39:57.461 Async scan request completed for "locationd" (0)
12/23/2016 19:40:02.082 Async scan requested by "locationd" for 1 iterations with maxage=0 priority normal on en0
12/23/2016 19:40:02.082 Enqueuing command type: "Scan" pending commands: 0
12/23/2016 19:40:02.083 Dequeuing command type: "Scan" pending commands: 0
12/23/2016 19:40:02.083 Attempting Apple80211ScanAsync on en0
12/23/2016 19:40:02.467 Completed Apple80211ScanAsync on en0 (0x0)
12/23/2016 19:40:02.468 Async scan request completed for "locationd" (0)
12/23/2016 19:40:13.063 Async scan requested by "locationd" for 1 iterations with maxage=0 priority normal on en0
12/23/2016 19:40:13.064 Enqueuing command type: "Scan" pending commands: 0
12/23/2016 19:40:13.064 Dequeuing command type: "Scan" pending commands: 0
12/23/2016 19:40:13.064 Attempting Apple80211ScanAsync on en0
12/23/2016 19:40:13.449 Completed Apple80211ScanAsync on en0 (0x0)
12/23/2016 19:40:13.450 Async scan request completed for "locationd" (0)
12/23/2016 19:40:18.067 Async scan requested by "locationd" for 1 iterations with maxage=0 priority normal on en0
12/23/2016 19:40:18.067 Enqueuing command type: "Scan" pending commands: 0
12/23/2016 19:40:18.067 Dequeuing command type: "Scan" pending commands: 0
12/23/2016 19:40:18.067 Attempting Apple80211ScanAsync on en0
12/23/2016 19:40:18.452 Completed Apple80211ScanAsync on en0 (0x0)
12/23/2016 19:40:18.453 Async scan request completed for "locationd" (0)
12/23/2016 19:40:20.803 __WiFiManagerCellularTransmitCallback_block_invoke: Cellular Transmit Started = FALSE
12/23/2016 19:40:24.079 Async scan requested by "locationd" for 1 iterations with maxage=0 priority normal on en0
12/23/2016 19:40:24.079 Enqueuing command type: "Scan" pending commands: 0
12/23/2016 19:40:24.080 Dequeuing command type: "Scan" pending commands: 0
12/23/2016 19:40:24.080 Attempting Apple80211ScanAsync on en0
12/23/2016 19:40:24.466 Completed Apple80211ScanAsync on en0 (0x0)
12/23/2016 19:40:24.467 Async scan request completed for "locationd" (0)
12/23/2016 19:40:24.893 __WiFiManagerCellularTransmitCallback_block_invoke: Cellular Transmit Started = TRUE
12/23/2016 19:40:29.063 Async scan requested by "locationd" for 1 iterations with maxage=0 priority normal on en0
12/23/2016 19:40:29.063 Enqueuing command type: "Scan" pending commands: 0
12/23/2016 19:40:29.063 Dequeuing command type: "Scan" pending commands: 0
12/23/2016 19:40:29.063 Attempting Apple80211ScanAsync on en0
12/23/2016 19:40:29.448 Completed Apple80211ScanAsync on en0 (0x0)
12/23/2016 19:40:29.449 Async scan request completed for "locationd" (0)
12/23/2016 19:40:35.068 Async scan requested by "locationd" for 1 iterations with maxage=0 priority normal on en0
12/23/2016 19:40:35.068 Enqueuing command type: "Scan" pending commands: 0
12/23/2016 19:40:35.068 Dequeuing command type: "Scan" pending commands: 0
12/23/2016 19:40:35.068 Attempting Apple80211ScanAsync on en0
12/23/2016 19:40:35.453 Completed Apple80211ScanAsync on en0 (0x0)
12/23/2016 19:40:35.454 Async scan request completed for "locationd" (0)
12/23/2016 19:40:40.064 Async scan requested by "locationd" for 1 iterations with maxage=0 priority normal on en0
12/23/2016 19:40:40.064 Enqueuing command type: "Scan" pending commands: 0
12/23/2016 19:40:40.065 Dequeuing command type: "Scan" pending commands: 0
12/23/2016 19:40:40.065 Attempting Apple80211ScanAsync on en0
12/23/2016 19:40:40.448 Completed Apple80211ScanAsync on en0 (0x0)
12/23/2016 19:40:40.449 Async scan request completed for "locationd" (0)
12/23/2016 19:40:44.567 WiFiLocaleManagerCheckLocale: trying to determine locale...
12/23/2016 19:40:44.567 WiFiManagerCoreLocationGetCachedLocation: getting cached location...
12/23/2016 19:40:44.568 __WiFiLocaleManagerGetLocaleFromMcc: finding iso country code for mcc 216 ....
12/23/2016 19:40:44.579 WiFiLocationServiceManagerIsLocationValid: cachedLocationTimeout 120.000000 location age 120.001588secs, lifeSpan -1.000000 accuracy 10.000000(highAccReq 0), isValid 1
12/23/2016 19:40:44.579 WiFiLocationServiceManagerStartLowAccuracyMonitoring: Cached low accuracy location is valid
12/23/2016 19:40:44.579 WiFiLocationServiceManagerIsLocationValid: cachedLocationTimeout 120.000000 location age 120.001737secs, lifeSpan -1.000000 accuracy 10.000000(highAccReq 1), isValid 1
12/23/2016 19:40:44.579 WiFiLocationServiceManagerIsLocationValid: cachedLocationTimeout 120.000000 location age 120.001792secs, lifeSpan -1.000000 accuracy 10.000000(highAccReq 0), isValid 1
12/23/2016 19:40:44.579 __WiFiLocationServiceManagerProcessLocationAvailableEvent: isValidHighAccuracyLocation 1,  isValidLowAccuracyLocation 1
12/23/2016 19:40:44.579 __WiFiLocationServiceManagerProcessLocationAvailableEvent: give low accuracy callback
12/23/2016 19:40:44.580 __WiFiLocaleManagerGetLocaleFromLocation: <+47.88700338,+17.18735791> +/- 10.00m (speed 0.00 mps / course 135.35) @ 12/23/16, 7:38:44 PM Central European Standard Time
12/23/2016 19:40:44.580 locale from bounding box 
12/23/2016 19:40:44.580 new locale:  , locale: 
12/23/2016 19:40:44.580 Stopping Low Accuracy Location Monitoring
12/23/2016 19:40:44.580 CLMonitoring is already stopped
12/23/2016 19:40:44.580 Stopping Low Accuracy Location Monitoring
12/23/2016 19:40:44.580 CLMonitoring is already stopped
12/23/2016 19:40:44.591 __WiFiLocationServiceManagerEventCallback, got cb dict {
    eventType = 0;
    location = "<+47.88491030,+17.19055938> +/- 10.00m (speed 2.72 mps / course 132.89) @ 12/23/16, 7:40:44 PM Central European Standard Time";
}
12/23/2016 19:40:44.592 WiFiLocationServiceManagerIsLocationValid: cachedLocationTimeout 120.000000 location age 0.021665secs, lifeSpan -1.000000 accuracy 10.000000(highAccReq 1), isValid 1
12/23/2016 19:40:44.592 WiFiLocationServiceManagerIsLocationValid: cachedLocationTimeout 120.000000 location age 0.021723secs, lifeSpan -1.000000 accuracy 10.000000(highAccReq 0), isValid 1
12/23/2016 19:40:44.592 __WiFiLocationServiceManagerProcessLocationAvailableEvent: isValidHighAccuracyLocation 1,  isValidLowAccuracyLocation 1
12/23/2016 19:40:46.063 Async scan requested by "locationd" for 1 iterations with maxage=0 priority normal on en0
12/23/2016 19:40:46.064 Enqueuing command type: "Scan" pending commands: 0
12/23/2016 19:40:46.064 Dequeuing command type: "Scan" pending commands: 0
12/23/2016 19:40:46.064 Attempting Apple80211ScanAsync on en0
12/23/2016 19:40:46.446 Completed Apple80211ScanAsync on en0 (0x0)
12/23/2016 19:40:46.448 Async scan request completed for "locationd" (0)
12/23/2016 19:40:52.074 Async scan requested by "locationd" for 1 iterations with maxage=0 priority normal on en0
12/23/2016 19:40:52.074 Enqueuing command type: "Scan" pending commands: 0
12/23/2016 19:40:52.074 Dequeuing command type: "Scan" pending commands: 0
12/23/2016 19:40:52.074 Attempting Apple80211ScanAsync on en0
12/23/2016 19:40:52.458 Completed Apple80211ScanAsync on en0 (0x0)
12/23/2016 19:40:52.460 Async scan request completed for "locationd" (0)
12/23/2016 19:40:58.064 Async scan requested by "locationd" for 1 iterations with maxage=0 priority normal on en0
12/23/2016 19:40:58.064 Enqueuing command type: "Scan" pending commands: 0
12/23/2016 19:40:58.064 Dequeuing command type: "Scan" pending commands: 0
12/23/2016 19:40:58.064 Attempting Apple80211ScanAsync on en0
12/23/2016 19:40:58.450 Completed Apple80211ScanAsync on en0 (0x0)
12/23/2016 19:40:58.451 Async scan request completed for "locationd" (0)
12/23/2016 19:41:04.064 Async scan requested by "locationd" for 1 iterations with maxage=0 priority normal on en0
12/23/2016 19:41:04.064 Enqueuing command type: "Scan" pending commands: 0
12/23/2016 19:41:04.065 Dequeuing command type: "Scan" pending commands: 0
12/23/2016 19:41:04.065 Attempting Apple80211ScanAsync on en0
12/23/2016 19:41:04.452 Completed Apple80211ScanAsync on en0 (0x0)
12/23/2016 19:41:04.454 Async scan request completed for "locationd" (0)
12/23/2016 19:41:04.965 __WiFiManagerCellularTransmitCallback_block_invoke: Cellular Transmit Started = FALSE
12/23/2016 19:41:10.074 Async scan requested by "locationd" for 1 iterations with maxage=0 priority normal on en0
12/23/2016 19:41:10.074 Enqueuing command type: "Scan" pending commands: 0
12/23/2016 19:41:10.074 Dequeuing command type: "Scan" pending commands: 0
12/23/2016 19:41:10.074 Attempting Apple80211ScanAsync on en0
12/23/2016 19:41:10.460 Completed Apple80211ScanAsync on en0 (0x0)
12/23/2016 19:41:10.461 Async scan request completed for "locationd" (0)
12/23/2016 19:41:16.083 Async scan requested by "locationd" for 1 iterations with maxage=0 priority normal on en0
12/23/2016 19:41:16.083 Enqueuing command type: "Scan" pending commands: 0
12/23/2016 19:41:16.083 Dequeuing command type: "Scan" pending commands: 0
12/23/2016 19:41:16.083 Attempting Apple80211ScanAsync on en0
12/23/2016 19:41:16.468 Completed Apple80211ScanAsync on en0 (0x0)
12/23/2016 19:41:16.469 Async scan request completed for "locationd" (0)
12/23/2016 19:41:21.086 Async scan requested by "locationd" for 1 iterations with maxage=0 priority normal on en0
12/23/2016 19:41:21.086 Enqueuing command type: "Scan" pending commands: 0
12/23/2016 19:41:21.086 Dequeuing command type: "Scan" pending commands: 0
12/23/2016 19:41:21.086 Attempting Apple80211ScanAsync on en0
12/23/2016 19:41:21.471 Completed Apple80211ScanAsync on en0 (0x0)
12/23/2016 19:41:21.472 Async scan request completed for "locationd" (0)
12/23/2016 19:41:22.494 __WiFiManagerCellularTransmitCallback_block_invoke: Cellular Transmit Started = TRUE
12/23/2016 19:41:27.073 Async scan requested by "locationd" for 1 iterations with maxage=0 priority normal on en0
12/23/2016 19:41:27.073 Enqueuing command type: "Scan" pending commands: 0
12/23/2016 19:41:27.073 Dequeuing command type: "Scan" pending commands: 0
12/23/2016 19:41:27.073 Attempting Apple80211ScanAsync on en0
12/23/2016 19:41:27.459 Completed Apple80211ScanAsync on en0 (0x0)
12/23/2016 19:41:27.461 Async scan request completed for "locationd" (0)
12/23/2016 19:41:33.074 Async scan requested by "locationd" for 1 iterations with maxage=0 priority normal on en0
12/23/2016 19:41:33.074 Enqueuing command type: "Scan" pending commands: 0
12/23/2016 19:41:33.075 Dequeuing command type: "Scan" pending commands: 0
12/23/2016 19:41:33.075 Attempting Apple80211ScanAsync on en0
12/23/2016 19:41:33.459 Completed Apple80211ScanAsync on en0 (0x0)
12/23/2016 19:41:33.460 Async scan request completed for "locationd" (0)
12/23/2016 19:41:36.952 __WiFiManagerCellularTransmitCallback_block_invoke: Cellular Transmit Started = FALSE
12/23/2016 19:41:37.158 __WiFiManagerCellularTransmitCallback_block_invoke: Cellular Transmit Started = TRUE
12/23/2016 19:41:38.061 Async scan requested by "locationd" for 1 iterations with maxage=0 priority normal on en0
12/23/2016 19:41:38.061 Enqueuing command type: "Scan" pending commands: 0
12/23/2016 19:41:38.061 Dequeuing command type: "Scan" pending commands: 0
12/23/2016 19:41:38.061 Attempting Apple80211ScanAsync on en0
12/23/2016 19:41:38.447 Completed Apple80211ScanAsync on en0 (0x0)
12/23/2016 19:41:38.448 Async scan request completed for "locationd" (0)
12/23/2016 19:41:44.065 Async scan requested by "locationd" for 1 iterations with maxage=0 priority normal on en0
12/23/2016 19:41:44.065 Enqueuing command type: "Scan" pending commands: 0
12/23/2016 19:41:44.065 Dequeuing command type: "Scan" pending commands: 0
12/23/2016 19:41:44.065 Attempting Apple80211ScanAsync on en0
12/23/2016 19:41:44.451 Completed Apple80211ScanAsync on en0 (0x0)
12/23/2016 19:41:44.452 Async scan request completed for "locationd" (0)
12/23/2016 19:41:50.075 Async scan requested by "locationd" for 1 iterations with maxage=0 priority normal on en0
12/23/2016 19:41:50.075 Enqueuing command type: "Scan" pending commands: 0
12/23/2016 19:41:50.075 Dequeuing command type: "Scan" pending commands: 0
12/23/2016 19:41:50.075 Attempting Apple80211ScanAsync on en0
12/23/2016 19:41:50.462 Completed Apple80211ScanAsync on en0 (0x0)
12/23/2016 19:41:50.463 Async scan request completed for "locationd" (0)
12/23/2016 19:41:56.072 Async scan requested by "locationd" for 1 iterations with maxage=0 priority normal on en0
12/23/2016 19:41:56.072 Enqueuing command type: "Scan" pending commands: 0
12/23/2016 19:41:56.072 Dequeuing command type: "Scan" pending commands: 0
12/23/2016 19:41:56.072 Attempting Apple80211ScanAsync on en0
12/23/2016 19:41:56.460 Completed Apple80211ScanAsync on en0 (0x0)
12/23/2016 19:41:56.460 Async scan request completed for "locationd" (0)
12/23/2016 19:42:02.068 Async scan requested by "locationd" for 1 iterations with maxage=0 priority normal on en0
12/23/2016 19:42:02.068 Enqueuing command type: "Scan" pending commands: 0
12/23/2016 19:42:02.068 Dequeuing command type: "Scan" pending commands: 0
12/23/2016 19:42:02.068 Attempting Apple80211ScanAsync on en0
12/23/2016 19:42:02.453 Completed Apple80211ScanAsync on en0 (0x0)
12/23/2016 19:42:02.454 Async scan request completed for "locationd" (0)
12/23/2016 19:42:04.810 __WiFiManagerCellularTransmitCallback_block_invoke: Cellular Transmit Started = FALSE
12/23/2016 19:42:07.074 Async scan requested by "locationd" for 1 iterations with maxage=0 priority normal on en0
12/23/2016 19:42:07.074 Enqueuing command type: "Scan" pending commands: 0
12/23/2016 19:42:07.074 Dequeuing command type: "Scan" pending commands: 0
12/23/2016 19:42:07.074 Attempting Apple80211ScanAsync on en0
12/23/2016 19:42:07.459 Completed Apple80211ScanAsync on en0 (0x0)
12/23/2016 19:42:07.460 Async scan request completed for "locationd" (0)
12/23/2016 19:42:13.080 Async scan requested by "locationd" for 1 iterations with maxage=0 priority normal on en0
12/23/2016 19:42:13.080 Enqueuing command type: "Scan" pending commands: 0
12/23/2016 19:42:13.080 Dequeuing command type: "Scan" pending commands: 0
12/23/2016 19:42:13.080 Attempting Apple80211ScanAsync on en0
12/23/2016 19:42:13.466 Completed Apple80211ScanAsync on en0 (0x0)
12/23/2016 19:42:13.467 Async scan request completed for "locationd" (0)
12/23/2016 19:42:18.082 Async scan requested by "locationd" for 1 iterations with maxage=0 priority normal on en0
12/23/2016 19:42:18.083 Enqueuing command type: "Scan" pending commands: 0
12/23/2016 19:42:18.083 Dequeuing command type: "Scan" pending commands: 0
12/23/2016 19:42:18.083 Attempting Apple80211ScanAsync on en0
12/23/2016 19:42:18.468 Completed Apple80211ScanAsync on en0 (0x0)
12/23/2016 19:42:18.469 Async scan request completed for "locationd" (0)
12/23/2016 19:42:24.084 Async scan requested by "locationd" for 1 iterations with maxage=0 priority normal on en0
12/23/2016 19:42:24.085 Enqueuing command type: "Scan" pending commands: 0
12/23/2016 19:42:24.085 Dequeuing command type: "Scan" pending commands: 0
12/23/2016 19:42:24.085 Attempting Apple80211ScanAsync on en0
12/23/2016 19:42:24.469 Completed Apple80211ScanAsync on en0 (0x0)
12/23/2016 19:42:24.470 Async scan request completed for "locationd" (0)
12/23/2016 19:42:27.068 __WiFiManagerCellularTransmitCallback_block_invoke: Cellular Transmit Started = TRUE
12/23/2016 19:42:27.301 WoW is Disabled, 0 WoW Clients
12/23/2016 19:42:29.075 Async scan requested by "locationd" for 1 iterations with maxage=0 priority normal on en0
12/23/2016 19:42:29.076 Enqueuing command type: "Scan" pending commands: 0
12/23/2016 19:42:29.076 Dequeuing command type: "Scan" pending commands: 0
12/23/2016 19:42:29.076 Attempting Apple80211ScanAsync on en0
12/23/2016 19:42:29.460 Completed Apple80211ScanAsync on en0 (0x0)
12/23/2016 19:42:29.461 Async scan request completed for "locationd" (0)
12/23/2016 19:42:35.070 Async scan requested by "locationd" for 1 iterations with maxage=0 priority normal on en0
12/23/2016 19:42:35.070 Enqueuing command type: "Scan" pending commands: 0
12/23/2016 19:42:35.070 Dequeuing command type: "Scan" pending commands: 0
12/23/2016 19:42:35.070 Attempting Apple80211ScanAsync on en0
12/23/2016 19:42:35.457 Completed Apple80211ScanAsync on en0 (0x0)
12/23/2016 19:42:35.458 Async scan request completed for "locationd" (0)
12/23/2016 19:42:40.070 Async scan requested by "locationd" for 1 iterations with maxage=0 priority normal on en0
12/23/2016 19:42:40.070 Enqueuing command type: "Scan" pending commands: 0
12/23/2016 19:42:40.070 Dequeuing command type: "Scan" pending commands: 0
12/23/2016 19:42:40.070 Attempting Apple80211ScanAsync on en0
12/23/2016 19:42:40.454 Completed Apple80211ScanAsync on en0 (0x0)
12/23/2016 19:42:40.455 Async scan request completed for "locationd" (0)
12/23/2016 19:42:44.572 WiFiLocaleManagerCheckLocale: trying to determine locale...
12/23/2016 19:42:44.572 WiFiManagerCoreLocationGetCachedLocation: getting cached location...
12/23/2016 19:42:44.585 __WiFiLocaleManagerGetLocaleFromMcc: finding iso country code for mcc 216 ....
12/23/2016 19:42:44.585 WiFiLocationServiceManagerIsLocationValid: cachedLocationTimeout 120.000000 location age 120.015218secs, lifeSpan -1.000000 accuracy 10.000000(highAccReq 0), isValid 1
12/23/2016 19:42:44.586 WiFiLocationServiceManagerStartLowAccuracyMonitoring: Cached low accuracy location is valid
12/23/2016 19:42:44.586 WiFiLocationServiceManagerIsLocationValid: cachedLocationTimeout 120.000000 location age 120.015355secs, lifeSpan -1.000000 accuracy 10.000000(highAccReq 1), isValid 1
12/23/2016 19:42:44.586 WiFiLocationServiceManagerIsLocationValid: cachedLocationTimeout 120.000000 location age 120.015409secs, lifeSpan -1.000000 accuracy 10.000000(highAccReq 0), isValid 1
12/23/2016 19:42:44.586 __WiFiLocationServiceManagerProcessLocationAvailableEvent: isValidHighAccuracyLocation 1,  isValidLowAccuracyLocation 1
12/23/2016 19:42:44.586 __WiFiLocationServiceManagerProcessLocationAvailableEvent: give low accuracy callback
12/23/2016 19:42:44.587 __WiFiLocaleManagerGetLocaleFromLocation: <+47.88491030,+17.19055938> +/- 10.00m (speed 2.72 mps / course 132.89) @ 12/23/16, 7:40:44 PM Central European Standard Time
12/23/2016 19:42:44.587 locale from bounding box 
12/23/2016 19:42:44.587 new locale:  , locale: 
12/23/2016 19:42:44.587 Stopping Low Accuracy Location Monitoring
12/23/2016 19:42:44.587 CLMonitoring is already stopped
12/23/2016 19:42:44.587 Stopping Low Accuracy Location Monitoring
12/23/2016 19:42:44.587 CLMonitoring is already stopped
12/23/2016 19:42:44.587 __WiFiLocationServiceManagerEventCallback, got cb dict {
    eventType = 0;
    location = "<+47.88279056,+17.19422093> +/- 10.00m (speed 6.51 mps / course 130.08) @ 12/23/16, 7:42:44 PM Central European Standard Time";
}
12/23/2016 19:42:44.588 WiFiLocationServiceManagerIsLocationValid: cachedLocationTimeout 120.000000 location age 0.012957secs, lifeSpan -1.000000 accuracy 10.000000(highAccReq 1), isValid 1
12/23/2016 19:42:44.588 WiFiLocationServiceManagerIsLocationValid: cachedLocationTimeout 120.000000 location age 0.013011secs, lifeSpan -1.000000 accuracy 10.000000(highAccReq 0), isValid 1
12/23/2016 19:42:44.588 __WiFiLocationServiceManagerProcessLocationAvailableEvent: isValidHighAccuracyLocation 1,  isValidLowAccuracyLocation 1
12/23/2016 19:42:46.063 Async scan requested by "locationd" for 1 iterations with maxage=0 priority normal on en0
12/23/2016 19:42:46.064 Enqueuing command type: "Scan" pending commands: 0
12/23/2016 19:42:46.065 Dequeuing command type: "Scan" pending commands: 0
12/23/2016 19:42:46.065 Attempting Apple80211ScanAsync on en0
12/23/2016 19:42:46.452 Completed Apple80211ScanAsync on en0 (0x0)
12/23/2016 19:42:46.453 Async scan request completed for "locationd" (0)
12/23/2016 19:42:51.065 Async scan requested by "locationd" for 1 iterations with maxage=0 priority normal on en0
12/23/2016 19:42:51.065 Enqueuing command type: "Scan" pending commands: 0
12/23/2016 19:42:51.065 Dequeuing command type: "Scan" pending commands: 0
12/23/2016 19:42:51.065 Attempting Apple80211ScanAsync on en0
12/23/2016 19:42:51.451 Completed Apple80211ScanAsync on en0 (0x0)
12/23/2016 19:42:51.452 Async scan request completed for "locationd" (0)
12/23/2016 19:42:57.066 Async scan requested by "locationd" for 1 iterations with maxage=0 priority normal on en0
12/23/2016 19:42:57.066 Enqueuing command type: "Scan" pending commands: 0
12/23/2016 19:42:57.066 Dequeuing command type: "Scan" pending commands: 0
12/23/2016 19:42:57.066 Attempting Apple80211ScanAsync on en0
12/23/2016 19:42:57.452 Completed Apple80211ScanAsync on en0 (0x0)
12/23/2016 19:42:57.453 Async scan request completed for "locationd" (0)
12/23/2016 19:43:03.064 Async scan requested by "locationd" for 1 iterations with maxage=0 priority normal on en0
12/23/2016 19:43:03.064 Enqueuing command type: "Scan" pending commands: 0
12/23/2016 19:43:03.064 Dequeuing command type: "Scan" pending commands: 0
12/23/2016 19:43:03.064 Attempting Apple80211ScanAsync on en0
12/23/2016 19:43:03.449 Completed Apple80211ScanAsync on en0 (0x0)
12/23/2016 19:43:03.450 Async scan request completed for "locationd" (0)
12/23/2016 19:43:08.744 __WiFiManagerCellularTransmitCallback_block_invoke: Cellular Transmit Started = FALSE
12/23/2016 19:43:13.076 Async scan requested by "locationd" for 1 iterations with maxage=0 priority normal on en0
12/23/2016 19:43:13.076 Enqueuing command type: "Scan" pending commands: 0
12/23/2016 19:43:13.076 Dequeuing command type: "Scan" pending commands: 0
12/23/2016 19:43:13.076 Attempting Apple80211ScanAsync on en0
12/23/2016 19:43:13.462 Completed Apple80211ScanAsync on en0 (0x0)
12/23/2016 19:43:13.463 Async scan request completed for "locationd" (0)
12/23/2016 19:43:19.085 Async scan requested by "locationd" for 1 iterations with maxage=0 priority normal on en0
12/23/2016 19:43:19.085 Enqueuing command type: "Scan" pending commands: 0
12/23/2016 19:43:19.085 Dequeuing command type: "Scan" pending commands: 0
12/23/2016 19:43:19.085 Attempting Apple80211ScanAsync on en0
12/23/2016 19:43:19.472 Completed Apple80211ScanAsync on en0 (0x0)
12/23/2016 19:43:19.473 Async scan request completed for "locationd" (0)
12/23/2016 19:43:24.077 Async scan requested by "locationd" for 1 iterations with maxage=0 priority normal on en0
12/23/2016 19:43:24.077 Enqueuing command type: "Scan" pending commands: 0
12/23/2016 19:43:24.077 Dequeuing command type: "Scan" pending commands: 0
12/23/2016 19:43:24.077 Attempting Apple80211ScanAsync on en0
12/23/2016 19:43:24.463 Completed Apple80211ScanAsync on en0 (0x0)
12/23/2016 19:43:24.464 Async scan request completed for "locationd" (0)
12/23/2016 19:43:27.840 __WiFiManagerCellularTransmitCallback_block_invoke: Cellular Transmit Started = TRUE
12/23/2016 19:43:30.075 Async scan requested by "locationd" for 1 iterations with maxage=0 priority normal on en0
12/23/2016 19:43:30.075 Enqueuing command type: "Scan" pending commands: 0
12/23/2016 19:43:30.075 Dequeuing command type: "Scan" pending commands: 0
12/23/2016 19:43:30.075 Attempting Apple80211ScanAsync on en0
12/23/2016 19:43:30.461 Completed Apple80211ScanAsync on en0 (0x0)
12/23/2016 19:43:30.462 Async scan request completed for "locationd" (0)
12/23/2016 19:43:35.066 Async scan requested by "locationd" for 1 iterations with maxage=0 priority normal on en0
12/23/2016 19:43:35.066 Enqueuing command type: "Scan" pending commands: 0
12/23/2016 19:43:35.067 Dequeuing command type: "Scan" pending commands: 0
12/23/2016 19:43:35.067 Attempting Apple80211ScanAsync on en0
12/23/2016 19:43:35.451 Completed Apple80211ScanAsync on en0 (0x0)
12/23/2016 19:43:35.452 Async scan request completed for "locationd" (0)
12/23/2016 19:43:41.061 Async scan requested by "locationd" for 1 iterations with maxage=0 priority normal on en0
12/23/2016 19:43:41.061 Enqueuing command type: "Scan" pending commands: 0
12/23/2016 19:43:41.061 Dequeuing command type: "Scan" pending commands: 0
12/23/2016 19:43:41.061 Attempting Apple80211ScanAsync on en0
12/23/2016 19:43:41.447 Completed Apple80211ScanAsync on en0 (0x0)
12/23/2016 19:43:41.448 Async scan request completed for "locationd" (0)
12/23/2016 19:43:46.065 Async scan requested by "locationd" for 1 iterations with maxage=0 priority normal on en0
12/23/2016 19:43:46.065 Enqueuing command type: "Scan" pending commands: 0
12/23/2016 19:43:46.065 Dequeuing command type: "Scan" pending commands: 0
12/23/2016 19:43:46.065 Attempting Apple80211ScanAsync on en0
12/23/2016 19:43:46.451 Completed Apple80211ScanAsync on en0 (0x0)
12/23/2016 19:43:46.452 Async scan request completed for "locationd" (0)
12/23/2016 19:43:57.068 Async scan requested by "locationd" for 1 iterations with maxage=0 priority normal on en0
12/23/2016 19:43:57.068 Enqueuing command type: "Scan" pending commands: 0
12/23/2016 19:43:57.068 Dequeuing command type: "Scan" pending commands: 0
12/23/2016 19:43:57.068 Attempting Apple80211ScanAsync on en0
12/23/2016 19:43:57.455 Completed Apple80211ScanAsync on en0 (0x0)
12/23/2016 19:43:57.456 Async scan request completed for "locationd" (0)
12/23/2016 19:44:03.062 Async scan requested by "locationd" for 1 iterations with maxage=0 priority normal on en0
12/23/2016 19:44:03.062 Enqueuing command type: "Scan" pending commands: 0
12/23/2016 19:44:03.062 Dequeuing command type: "Scan" pending commands: 0
12/23/2016 19:44:03.062 Attempting Apple80211ScanAsync on en0
12/23/2016 19:44:03.447 Completed Apple80211ScanAsync on en0 (0x0)
12/23/2016 19:44:03.448 Async scan request completed for "locationd" (0)
12/23/2016 19:44:06.741 __WiFiManagerCellularTransmitCallback_block_invoke: Cellular Transmit Started = FALSE
12/23/2016 19:44:07.843 __WiFiManagerCellularTransmitCallback_block_invoke: Cellular Transmit Started = TRUE
12/23/2016 19:44:09.062 Async scan requested by "locationd" for 1 iterations with maxage=0 priority normal on en0
12/23/2016 19:44:09.062 Enqueuing command type: "Scan" pending commands: 0
12/23/2016 19:44:09.064 Dequeuing command type: "Scan" pending commands: 0
12/23/2016 19:44:09.064 Attempting Apple80211ScanAsync on en0
12/23/2016 19:44:09.450 Completed Apple80211ScanAsync on en0 (0x0)
12/23/2016 19:44:09.451 Async scan request completed for "locationd" (0)
12/23/2016 19:44:14.069 Async scan requested by "locationd" for 1 iterations with maxage=0 priority normal on en0
12/23/2016 19:44:14.070 Enqueuing command type: "Scan" pending commands: 0
12/23/2016 19:44:14.070 Dequeuing command type: "Scan" pending commands: 0
12/23/2016 19:44:14.070 Attempting Apple80211ScanAsync on en0
12/23/2016 19:44:14.455 Completed Apple80211ScanAsync on en0 (0x0)
12/23/2016 19:44:14.456 Async scan request completed for "locationd" (0)
12/23/2016 19:44:18.766 __WiFiManagerCellularTransmitCallback_block_invoke: Cellular Transmit Started = FALSE
12/23/2016 19:44:20.073 Async scan requested by "locationd" for 1 iterations with maxage=0 priority normal on en0
12/23/2016 19:44:20.073 Enqueuing command type: "Scan" pending commands: 0
12/23/2016 19:44:20.073 Dequeuing command type: "Scan" pending commands: 0
12/23/2016 19:44:20.074 Attempting Apple80211ScanAsync on en0
12/23/2016 19:44:20.459 Completed Apple80211ScanAsync on en0 (0x0)
12/23/2016 19:44:20.460 Async scan request completed for "locationd" (0)
12/23/2016 19:44:25.084 Async scan requested by "locationd" for 1 iterations with maxage=0 priority normal on en0
12/23/2016 19:44:25.084 Enqueuing command type: "Scan" pending commands: 0
12/23/2016 19:44:25.084 Dequeuing command type: "Scan" pending commands: 0
12/23/2016 19:44:25.084 Attempting Apple80211ScanAsync on en0
12/23/2016 19:44:25.470 Completed Apple80211ScanAsync on en0 (0x0)
12/23/2016 19:44:25.472 Async scan request completed for "locationd" (0)
12/23/2016 19:44:27.225 __WiFiManagerCellularTransmitCallback_block_invoke: Cellular Transmit Started = TRUE
12/23/2016 19:44:31.677 __WiFiDeviceProcessDumpLogsEvent: Dump logs event received, dumped wifid log buffer to file
