12/24/2016  3:10:32.617 Completed Apple80211ScanAsync on en0 (0x0)
12/24/2016  3:10:32.618 Async scan request completed for "locationd" (0)
12/24/2016  3:10:32.637 Async scan requested by "locationd" for 1 iterations with maxage=0 priority normal on en0
12/24/2016  3:10:32.637 Enqueuing command type: "Scan" pending commands: 0
12/24/2016  3:10:32.637 Dequeuing command type: "Scan" pending commands: 0
12/24/2016  3:10:32.637 Attempting Apple80211ScanAsync on en0
12/24/2016  3:10:34.185 Completed Apple80211ScanAsync on en0 (0x0)
12/24/2016  3:10:34.186 Async scan request completed for "locationd" (0)
12/24/2016  3:10:48.192 scanCache: Purging scan cache
12/24/2016  3:11:16.395 __WiFiManagerCellularTransmitCallback_block_invoke: Cellular Transmit Started = TRUE
12/24/2016  3:11:19.156 __WiFiManagerCellularTransmitCallback_block_invoke: Cellular Transmit Started = FALSE
12/24/2016  3:11:20.439 __WiFiManagerCellularTransmitCallback_block_invoke: Cellular Transmit Started = TRUE
12/24/2016  3:11:37.740 __WiFiManagerCellularTransmitCallback_block_invoke: Cellular Transmit Started = FALSE
12/24/2016  3:12:08.210 WiFiLocaleManagerCheckLocale: trying to determine locale...
12/24/2016  3:12:08.210 WiFiManagerCoreLocationGetCachedLocation: getting cached location...
12/24/2016  3:12:08.233 __WiFiLocaleManagerGetLocaleFromMcc: finding iso country code for mcc 226 ....
12/24/2016  3:12:08.233 WiFiLocationServiceManagerIsLocationValid: cachedLocationTimeout 120.000000 location age 120.019617secs, lifeSpan -1.000000 accuracy 5000.000000(highAccReq 0), isValid 0
12/24/2016  3:12:08.233 Starting Low Accuracy Location Monitoring, locationMonitoringTimeout=60.000000
12/24/2016  3:12:08.233 WiFiManagerCoreLocationStartLocationUpdates: starting location updates...
12/24/2016  3:12:08.233 Location Monitoring successfully started with accuracy=3000.000000meters
12/24/2016  3:12:08.233 __WiFiLocationServiceManagerEventCallback, got cb dict {
    eventType = 0;
    location = "<+45.91374163,+23.71660913> +/- 5000.09m (speed -1.00 mps / course -1.00) @ 12/24/16, 3:10:34 AM Eastern European Standard Time";
}
12/24/2016  3:12:08.234 WiFiLocationServiceManagerIsLocationValid: cachedLocationTimeout 0.000000 location age 93.811591secs, lifeSpan -1.000000 accuracy 5000.089431(highAccReq 1), isValid 0
12/24/2016  3:12:08.234 WiFiLocationServiceManagerIsLocationValid: cachedLocationTimeout 0.000000 location age 93.811649secs, lifeSpan -1.000000 accuracy 5000.089431(highAccReq 0), isValid 0
12/24/2016  3:12:08.234 __WiFiLocationServiceManagerProcessLocationAvailableEvent: isValidHighAccuracyLocation 0,  isValidLowAccuracyLocation 0
12/24/2016  3:12:08.314 CLLocationManager didUpdateLocations !!
12/24/2016  3:12:08.315 __WiFiLocationServiceManagerEventCallback, got cb dict {
    eventType = 0;
    location = "<+45.90092347,+23.72231287> +/- 7000.00m (speed -1.00 mps / course -1.00) @ 12/24/16, 3:12:08 AM Eastern European Standard Time";
}
12/24/2016  3:12:08.316 WiFiLocationServiceManagerIsLocationValid: cachedLocationTimeout 0.000000 location age 0.022957secs, lifeSpan -1.000000 accuracy 7000.000000(highAccReq 1), isValid 0
12/24/2016  3:12:08.316 WiFiLocationServiceManagerIsLocationValid: cachedLocationTimeout 0.000000 location age 0.023018secs, lifeSpan -1.000000 accuracy 7000.000000(highAccReq 0), isValid 0
12/24/2016  3:12:08.316 __WiFiLocationServiceManagerProcessLocationAvailableEvent: isValidHighAccuracyLocation 0,  isValidLowAccuracyLocation 0
12/24/2016  3:12:08.355 CLLocationManager didUpdateLocations !!
12/24/2016  3:12:08.355 __WiFiLocationServiceManagerEventCallback, got cb dict {
    eventType = 0;
    location = "<+45.89559876,+23.72281262> +/- 7000.00m (speed -1.00 mps / course -1.00) @ 12/24/16, 3:12:08 AM Eastern European Standard Time";
}
12/24/2016  3:12:08.356 WiFiLocationServiceManagerIsLocationValid: cachedLocationTimeout 0.000000 location age 0.047477secs, lifeSpan -1.000000 accuracy 7000.000000(highAccReq 1), isValid 0
12/24/2016  3:12:08.356 WiFiLocationServiceManagerIsLocationValid: cachedLocationTimeout 0.000000 location age 0.047539secs, lifeSpan -1.000000 accuracy 7000.000000(highAccReq 0), isValid 0
12/24/2016  3:12:08.356 __WiFiLocationServiceManagerProcessLocationAvailableEvent: isValidHighAccuracyLocation 0,  isValidLowAccuracyLocation 0
12/24/2016  3:12:09.192 CLLocationManager didUpdateLocations !!
12/24/2016  3:12:09.192 __WiFiLocationServiceManagerEventCallback, got cb dict {
    eventType = 0;
    location = "<+45.90548664,+23.75033184> +/- 3000.00m (speed -1.00 mps / course -1.00) @ 12/24/16, 3:12:09 AM Eastern European Standard Time";
}
12/24/2016  3:12:09.194 WiFiLocationServiceManagerIsLocationValid: cachedLocationTimeout 0.000000 location age 0.013139secs, lifeSpan -1.000000 accuracy 3000.000000(highAccReq 1), isValid 0
12/24/2016  3:12:09.194 WiFiLocationServiceManagerIsLocationValid: cachedLocationTimeout 0.000000 location age 0.013203secs, lifeSpan -1.000000 accuracy 3000.000000(highAccReq 0), isValid 1
12/24/2016  3:12:09.194 __WiFiLocationServiceManagerProcessLocationAvailableEvent: isValidHighAccuracyLocation 0,  isValidLowAccuracyLocation 1
12/24/2016  3:12:09.194 __WiFiLocationServiceManagerProcessLocationAvailableEvent: give low accuracy callback
12/24/2016  3:12:09.195 __WiFiLocaleManagerGetLocaleFromLocation: <+45.90548664,+23.75033184> +/- 3000.00m (speed -1.00 mps / course -1.00) @ 12/24/16, 3:12:09 AM Eastern European Standard Time
12/24/2016  3:12:09.196 locale from bounding box 
12/24/2016  3:12:09.196 new locale:  , locale: 
12/24/2016  3:12:09.196 Stopping Low Accuracy Location Monitoring
12/24/2016  3:12:09.196 Location Monitoring stopped
12/24/2016  3:12:09.196 WiFiManagerCoreLocationStopLocationUpdates: stopping location updates...
12/24/2016  3:12:09.196 Stopping Low Accuracy Location Monitoring
12/24/2016  3:12:09.196 CLMonitoring is already stopped
12/24/2016  3:12:20.080 __WiFiManagerCellularTransmitCallback_block_invoke: Cellular Transmit Started = TRUE
12/24/2016  3:12:37.729 __WiFiManagerCellularTransmitCallback_block_invoke: Cellular Transmit Started = FALSE
12/24/2016  3:14:08.210 WiFiLocaleManagerCheckLocale: trying to determine locale...
12/24/2016  3:14:08.210 WiFiManagerCoreLocationGetCachedLocation: getting cached location...
12/24/2016  3:14:08.233 __WiFiLocaleManagerGetLocaleFromMcc: finding iso country code for mcc 226 ....
12/24/2016  3:14:08.233 WiFiLocationServiceManagerIsLocationValid: cachedLocationTimeout 120.000000 location age 119.052783secs, lifeSpan -1.000000 accuracy 3000.000000(highAccReq 0), isValid 1
12/24/2016  3:14:08.233 WiFiLocationServiceManagerStartLowAccuracyMonitoring: Cached low accuracy location is valid
12/24/2016  3:14:08.233 WiFiLocationServiceManagerIsLocationValid: cachedLocationTimeout 120.000000 location age 119.052923secs, lifeSpan -1.000000 accuracy 3000.000000(highAccReq 1), isValid 0
12/24/2016  3:14:08.233 WiFiLocationServiceManagerIsLocationValid: cachedLocationTimeout 120.000000 location age 119.052978secs, lifeSpan -1.000000 accuracy 3000.000000(highAccReq 0), isValid 1
12/24/2016  3:14:08.233 __WiFiLocationServiceManagerProcessLocationAvailableEvent: isValidHighAccuracyLocation 0,  isValidLowAccuracyLocation 1
12/24/2016  3:14:08.233 __WiFiLocationServiceManagerProcessLocationAvailableEvent: give low accuracy callback
12/24/2016  3:14:08.234 __WiFiLocaleManagerGetLocaleFromLocation: <+45.90548664,+23.75033184> +/- 3000.00m (speed -1.00 mps / course -1.00) @ 12/24/16, 3:12:09 AM Eastern European Standard Time
12/24/2016  3:14:08.234 locale from bounding box 
12/24/2016  3:14:08.234 new locale:  , locale: 
12/24/2016  3:14:08.235 Stopping Low Accuracy Location Monitoring
12/24/2016  3:14:08.235 CLMonitoring is already stopped
12/24/2016  3:14:08.235 Stopping Low Accuracy Location Monitoring
12/24/2016  3:14:08.235 CLMonitoring is already stopped
12/24/2016  3:14:08.235 __WiFiLocationServiceManagerEventCallback, got cb dict {
    eventType = 0;
    location = "<+45.90548664,+23.75033184> +/- 3000.00m (speed -1.00 mps / course -1.00) @ 12/24/16, 3:12:09 AM Eastern European Standard Time";
}
12/24/2016  3:14:08.235 WiFiLocationServiceManagerIsLocationValid: cachedLocationTimeout 120.000000 location age 119.031173secs, lifeSpan -1.000000 accuracy 3000.000000(highAccReq 1), isValid 0
12/24/2016  3:14:08.235 WiFiLocationServiceManagerIsLocationValid: cachedLocationTimeout 120.000000 location age 119.031227secs, lifeSpan -1.000000 accuracy 3000.000000(highAccReq 0), isValid 1
12/24/2016  3:14:08.235 __WiFiLocationServiceManagerProcessLocationAvailableEvent: isValidHighAccuracyLocation 0,  isValidLowAccuracyLocation 1
12/24/2016  3:14:11.169 __WiFiManagerCellularTransmitCallback_block_invoke: Cellular Transmit Started = TRUE
12/24/2016  3:15:21.709 WoW is Disabled, 0 WoW Clients
12/24/2016  3:15:30.398 __WiFiManagerCellularTransmitCallback_block_invoke: Cellular Transmit Started = FALSE
12/24/2016  3:15:32.262 __WiFiDeviceProcessDumpLogsEvent: Dump logs event received, dumped wifid log buffer to file
