12/24/2016  1:52:08.222 WiFiLocaleManagerCheckLocale: trying to determine locale...
12/24/2016  1:52:08.223 WiFiManagerCoreLocationGetCachedLocation: getting cached location...
12/24/2016  1:52:08.245 __WiFiLocaleManagerGetLocaleFromMcc: finding iso country code for mcc 226 ....
12/24/2016  1:52:08.245 WiFiLocationServiceManagerIsLocationValid: cachedLocationTimeout 120.000000 location age 120.019604secs, lifeSpan -1.000000 accuracy 63537.708721(highAccReq 0), isValid 0
12/24/2016  1:52:08.245 Starting Low Accuracy Location Monitoring, locationMonitoringTimeout=60.000000
12/24/2016  1:52:08.245 WiFiManagerCoreLocationStartLocationUpdates: starting location updates...
12/24/2016  1:52:08.245 Location Monitoring successfully started with accuracy=3000.000000meters
12/24/2016  1:52:08.246 __WiFiLocationServiceManagerEventCallback, got cb dict {
    eventType = 0;
    location = "<+46.32518955,+21.71967048> +/- 63551.46m (speed -1.00 mps / course -1.00) @ 12/24/16, 1:52:08 AM Eastern European Standard Time";
}
12/24/2016  1:52:08.247 WiFiLocationServiceManagerIsLocationValid: cachedLocationTimeout 0.000000 location age 0.020915secs, lifeSpan -1.000000 accuracy 63551.462486(highAccReq 1), isValid 0
12/24/2016  1:52:08.247 WiFiLocationServiceManagerIsLocationValid: cachedLocationTimeout 0.000000 location age 0.020972secs, lifeSpan -1.000000 accuracy 63551.462486(highAccReq 0), isValid 0
12/24/2016  1:52:08.247 __WiFiLocationServiceManagerProcessLocationAvailableEvent: isValidHighAccuracyLocation 0,  isValidLowAccuracyLocation 0
12/24/2016  1:52:08.267 CLLocationManager didUpdateLocations !!
12/24/2016  1:52:08.267 __WiFiLocationServiceManagerEventCallback, got cb dict {
    eventType = 0;
    location = "<+46.32518955,+21.71967048> +/- 63551.46m (speed -1.00 mps / course -1.00) @ 12/24/16, 1:52:08 AM Eastern European Standard Time";
}
12/24/2016  1:52:08.268 WiFiLocationServiceManagerIsLocationValid: cachedLocationTimeout 0.000000 location age 0.003507secs, lifeSpan -1.000000 accuracy 63551.462486(highAccReq 1), isValid 0
12/24/2016  1:52:08.268 WiFiLocationServiceManagerIsLocationValid: cachedLocationTimeout 0.000000 location age 0.003573secs, lifeSpan -1.000000 accuracy 63551.462486(highAccReq 0), isValid 0
12/24/2016  1:52:08.268 __WiFiLocationServiceManagerProcessLocationAvailableEvent: isValidHighAccuracyLocation 0,  isValidLowAccuracyLocation 0
12/24/2016  1:52:08.271 CLLocationManager didUpdateLocations !!
12/24/2016  1:52:08.271 __WiFiLocationServiceManagerEventCallback, got cb dict {
    eventType = 0;
    location = "<+45.82155107,+22.10762467> +/- 5.00m (speed 18.84 mps / course 48.87) @ 12/24/16, 1:30:01 AM Eastern European Standard Time";
}
12/24/2016  1:52:08.272 WiFiLocationServiceManagerIsLocationValid: cachedLocationTimeout 0.000000 location age 1327.272061secs, lifeSpan -1.000000 accuracy 5.000000(highAccReq 1), isValid 1
12/24/2016  1:52:08.272 WiFiLocationServiceManagerIsLocationValid: cachedLocationTimeout 0.000000 location age 1327.272119secs, lifeSpan -1.000000 accuracy 5.000000(highAccReq 0), isValid 1
12/24/2016  1:52:08.272 __WiFiLocationServiceManagerProcessLocationAvailableEvent: isValidHighAccuracyLocation 1,  isValidLowAccuracyLocation 1
12/24/2016  1:52:08.272 __WiFiLocationServiceManagerProcessLocationAvailableEvent: give low accuracy callback
12/24/2016  1:52:08.272 __WiFiLocaleManagerGetLocaleFromLocation: <+45.82155107,+22.10762467> +/- 5.00m (speed 18.84 mps / course 48.87) @ 12/24/16, 1:30:01 AM Eastern European Standard Time
12/24/2016  1:52:08.272 locale from bounding box 
12/24/2016  1:52:08.273 new locale:  , locale: 
12/24/2016  1:52:08.273 Stopping Low Accuracy Location Monitoring
12/24/2016  1:52:08.273 Location Monitoring stopped
12/24/2016  1:52:08.273 WiFiManagerCoreLocationStopLocationUpdates: stopping location updates...
12/24/2016  1:52:08.273 Stopping Low Accuracy Location Monitoring
12/24/2016  1:52:08.273 CLMonitoring is already stopped
12/24/2016  1:52:14.895 __WiFiManagerCellularTransmitCallback_block_invoke: Cellular Transmit Started = FALSE
12/24/2016  1:53:37.991 WoW is Disabled, 0 WoW Clients
12/24/2016  1:54:08.222 WiFiLocaleManagerCheckLocale: trying to determine locale...
12/24/2016  1:54:08.223 WiFiManagerCoreLocationGetCachedLocation: getting cached location...
12/24/2016  1:54:08.245 __WiFiLocaleManagerGetLocaleFromMcc: finding iso country code for mcc 226 ....
12/24/2016  1:54:08.245 WiFiLocationServiceManagerIsLocationValid: cachedLocationTimeout 120.000000 location age 1447.245199secs, lifeSpan -1.000000 accuracy 5.000000(highAccReq 0), isValid 1
12/24/2016  1:54:08.245 WiFiLocationServiceManagerStartLowAccuracyMonitoring: Cached low accuracy location is valid
12/24/2016  1:54:08.245 WiFiLocationServiceManagerIsLocationValid: cachedLocationTimeout 120.000000 location age 1447.245338secs, lifeSpan -1.000000 accuracy 5.000000(highAccReq 1), isValid 1
12/24/2016  1:54:08.245 WiFiLocationServiceManagerIsLocationValid: cachedLocationTimeout 120.000000 location age 1447.245393secs, lifeSpan -1.000000 accuracy 5.000000(highAccReq 0), isValid 1
12/24/2016  1:54:08.245 __WiFiLocationServiceManagerProcessLocationAvailableEvent: isValidHighAccuracyLocation 1,  isValidLowAccuracyLocation 1
12/24/2016  1:54:08.245 __WiFiLocationServiceManagerProcessLocationAvailableEvent: give low accuracy callback
12/24/2016  1:54:08.246 __WiFiLocaleManagerGetLocaleFromLocation: <+45.82155107,+22.10762467> +/- 5.00m (speed 18.84 mps / course 48.87) @ 12/24/16, 1:30:01 AM Eastern European Standard Time
12/24/2016  1:54:08.246 locale from bounding box 
12/24/2016  1:54:08.246 new locale:  , locale: 
12/24/2016  1:54:08.246 Stopping Low Accuracy Location Monitoring
12/24/2016  1:54:08.246 CLMonitoring is already stopped
12/24/2016  1:54:08.246 Stopping Low Accuracy Location Monitoring
12/24/2016  1:54:08.246 CLMonitoring is already stopped
12/24/2016  1:54:08.246 __WiFiLocationServiceManagerEventCallback, got cb dict {
    eventType = 0;
    location = "<+46.32519007,+21.71967008> +/- 63551.65m (speed -1.00 mps / course -1.00) @ 12/24/16, 1:54:08 AM Eastern European Standard Time";
}
12/24/2016  1:54:08.247 WiFiLocationServiceManagerIsLocationValid: cachedLocationTimeout 120.000000 location age 0.021376secs, lifeSpan -1.000000 accuracy 63551.648199(highAccReq 1), isValid 0
12/24/2016  1:54:08.247 WiFiLocationServiceManagerIsLocationValid: cachedLocationTimeout 120.000000 location age 0.021432secs, lifeSpan -1.000000 accuracy 63551.648199(highAccReq 0), isValid 0
12/24/2016  1:54:08.247 __WiFiLocationServiceManagerProcessLocationAvailableEvent: isValidHighAccuracyLocation 0,  isValidLowAccuracyLocation 0
12/24/2016  1:54:11.724 __WiFiManagerCellularTransmitCallback_block_invoke: Cellular Transmit Started = TRUE
12/24/2016  1:55:32.228 __WiFiDeviceProcessDumpLogsEvent: Dump logs event received, dumped wifid log buffer to file
