12/23/2016 23:06:20.497 __WiFiDeviceProcessSTAArriveEvent: staNum 3
12/23/2016 23:06:20.498 WiFiAWDManagerSubmitMetric: metric container could not be generated for metric id <0x90006>
12/23/2016 23:06:20.498 MIS STA Associated: 3 associated clients
12/23/2016 23:06:20.509 WiFiDeviceManagerSetMISMaxStaNumber: Additional tethering clients allowed: 2
12/23/2016 23:06:20.516 WiFiAWDManagerSubmitMetric: metric container could not be generated for metric id <0x90005>
12/23/2016 23:06:20.516 MIS is already Enabled on ap1
12/23/2016 23:06:20.519 MIS Discovery is Disabled
12/23/2016 23:06:26.956 scanCache: Purging scan cache
12/23/2016 23:06:28.845 __WiFiDeviceProcessSTALeaveEvent: staNum 2
12/23/2016 23:06:28.851 MIS STA Disassociated: 2 associated clients
12/23/2016 23:06:28.856 WiFiDeviceManagerSetMISMaxStaNumber: Additional tethering clients allowed: 3
12/23/2016 23:06:28.864 MIS is already Enabled on ap1
12/23/2016 23:06:28.866 MIS Discovery is Disabled
12/23/2016 23:06:31.552 Async scan requested by "locationd" for 1 iterations with maxage=0 priority normal on en0
12/23/2016 23:06:31.552 Enqueuing command type: "Scan" pending commands: 0
12/23/2016 23:06:31.552 Dequeuing command type: "Scan" pending commands: 0
12/23/2016 23:06:31.552 Attempting Apple80211ScanAsync on en0
12/23/2016 23:06:31.937 Completed Apple80211ScanAsync on en0 (0x0)
12/23/2016 23:06:31.938 Async scan request completed for "locationd" (0)
12/23/2016 23:06:31.944 Async scan requested by "locationd" for 1 iterations with maxage=0 priority normal on en0
12/23/2016 23:06:31.944 Enqueuing command type: "Scan" pending commands: 0
12/23/2016 23:06:31.944 Dequeuing command type: "Scan" pending commands: 0
12/23/2016 23:06:31.944 Attempting Apple80211ScanAsync on en0
12/23/2016 23:06:33.491 Completed Apple80211ScanAsync on en0 (0x0)
12/23/2016 23:06:33.492 Async scan request completed for "locationd" (0)
12/23/2016 23:06:37.266 __WiFiDeviceProcessSTAArriveEvent: staNum 3
12/23/2016 23:06:37.266 WiFiAWDManagerSubmitMetric: metric container could not be generated for metric id <0x90006>
12/23/2016 23:06:37.266 MIS STA Associated: 3 associated clients
12/23/2016 23:06:37.277 WiFiDeviceManagerSetMISMaxStaNumber: Additional tethering clients allowed: 2
12/23/2016 23:06:37.285 WiFiAWDManagerSubmitMetric: metric container could not be generated for metric id <0x90005>
12/23/2016 23:06:37.286 MIS is already Enabled on ap1
12/23/2016 23:06:37.288 MIS Discovery is Disabled
12/23/2016 23:06:40.389 Async scan requested by "locationd" for 1 iterations with maxage=0 priority normal on en0
12/23/2016 23:06:40.389 Enqueuing command type: "Scan" pending commands: 0
12/23/2016 23:06:40.389 Dequeuing command type: "Scan" pending commands: 0
12/23/2016 23:06:40.389 Attempting Apple80211ScanAsync on en0
12/23/2016 23:06:40.774 Completed Apple80211ScanAsync on en0 (0x0)
12/23/2016 23:06:40.776 Async scan request completed for "locationd" (0)
12/23/2016 23:06:40.784 Async scan requested by "locationd" for 1 iterations with maxage=0 priority normal on en0
12/23/2016 23:06:40.784 Enqueuing command type: "Scan" pending commands: 0
12/23/2016 23:06:40.785 Dequeuing command type: "Scan" pending commands: 0
12/23/2016 23:06:40.785 Attempting Apple80211ScanAsync on en0
12/23/2016 23:06:42.331 Completed Apple80211ScanAsync on en0 (0x0)
12/23/2016 23:06:42.331 Async scan request completed for "locationd" (0)
12/23/2016 23:06:44.510 WiFiLocaleManagerCheckLocale: trying to determine locale...
12/23/2016 23:06:44.510 WiFiManagerCoreLocationGetCachedLocation: getting cached location...
12/23/2016 23:06:44.532 __WiFiLocaleManagerGetLocaleFromMcc: finding iso country code for mcc 216 ....
12/23/2016 23:06:44.532 WiFiLocationServiceManagerIsLocationValid: cachedLocationTimeout 120.000000 location age 396.532937secs, lifeSpan -1.000000 accuracy 10.000000(highAccReq 0), isValid 1
12/23/2016 23:06:44.532 WiFiLocationServiceManagerStartLowAccuracyMonitoring: Cached low accuracy location is valid
12/23/2016 23:06:44.532 WiFiLocationServiceManagerIsLocationValid: cachedLocationTimeout 120.000000 location age 396.533079secs, lifeSpan -1.000000 accuracy 10.000000(highAccReq 1), isValid 1
12/23/2016 23:06:44.532 WiFiLocationServiceManagerIsLocationValid: cachedLocationTimeout 120.000000 location age 396.533133secs, lifeSpan -1.000000 accuracy 10.000000(highAccReq 0), isValid 1
12/23/2016 23:06:44.533 __WiFiLocationServiceManagerProcessLocationAvailableEvent: isValidHighAccuracyLocation 1,  isValidLowAccuracyLocation 1
12/23/2016 23:06:44.533 __WiFiLocationServiceManagerProcessLocationAvailableEvent: give low accuracy callback
12/23/2016 23:06:44.534 __WiFiLocaleManagerGetLocaleFromLocation: <+46.21783634,+20.66993566> +/- 10.00m (speed 35.95 mps / course 105.47) @ 12/23/16, 11:00:08 PM Central European Standard Time
12/23/2016 23:06:44.534 locale from bounding box 
12/23/2016 23:06:44.534 new locale:  , locale: 
12/23/2016 23:06:44.534 Stopping Low Accuracy Location Monitoring
12/23/2016 23:06:44.534 CLMonitoring is already stopped
12/23/2016 23:06:44.534 Stopping Low Accuracy Location Monitoring
12/23/2016 23:06:44.534 CLMonitoring is already stopped
12/23/2016 23:06:44.534 __WiFiLocationServiceManagerEventCallback, got cb dict {
    eventType = 0;
    location = "<+46.21620050,+20.68163620> +/- 860.25m (speed -1.00 mps / course -1.00) @ 12/23/16, 11:06:44 PM Central European Standard Time";
}
12/23/2016 23:06:44.534 WiFiLocationServiceManagerIsLocationValid: cachedLocationTimeout 120.000000 location age 0.021350secs, lifeSpan -1.000000 accuracy 860.247458(highAccReq 1), isValid 0
12/23/2016 23:06:44.535 WiFiLocationServiceManagerIsLocationValid: cachedLocationTimeout 120.000000 location age 0.021406secs, lifeSpan -1.000000 accuracy 860.247458(highAccReq 0), isValid 1
12/23/2016 23:06:44.535 __WiFiLocationServiceManagerProcessLocationAvailableEvent: isValidHighAccuracyLocation 0,  isValidLowAccuracyLocation 1
12/23/2016 23:06:48.674 Device display is ON
12/23/2016 23:06:48.674 __WiFiManagerSetEnableState: state TRUE, manager->enable.setting TRUE, manager->unlockedSinceBoot TRUE
12/23/2016 23:06:48.674 Auto association attempt canceled because MIS is enabled. MIS client count: wifi=3 bt=0
12/23/2016 23:06:50.753 Device display is OFF
12/23/2016 23:06:53.654 Async scan requested by "locationd" for 1 iterations with maxage=0 priority normal on en0
12/23/2016 23:06:53.654 Enqueuing command type: "Scan" pending commands: 0
12/23/2016 23:06:53.654 Dequeuing command type: "Scan" pending commands: 0
12/23/2016 23:06:53.654 Attempting Apple80211ScanAsync on en0
12/23/2016 23:06:54.037 Completed Apple80211ScanAsync on en0 (0x0)
12/23/2016 23:06:54.039 Async scan request completed for "locationd" (0)
12/23/2016 23:06:54.059 Async scan requested by "locationd" for 1 iterations with maxage=0 priority normal on en0
12/23/2016 23:06:54.059 Enqueuing command type: "Scan" pending commands: 0
12/23/2016 23:06:54.059 Dequeuing command type: "Scan" pending commands: 0
12/23/2016 23:06:54.060 Attempting Apple80211ScanAsync on en0
12/23/2016 23:06:55.609 Completed Apple80211ScanAsync on en0 (0x0)
12/23/2016 23:06:55.611 Async scan request completed for "locationd" (0)
12/23/2016 23:07:00.057 Async scan requested by "locationd" for 1 iterations with maxage=0 priority normal on en0
12/23/2016 23:07:00.057 Enqueuing command type: "Scan" pending commands: 0
12/23/2016 23:07:00.057 Dequeuing command type: "Scan" pending commands: 0
12/23/2016 23:07:00.057 Attempting Apple80211ScanAsync on en0
12/23/2016 23:07:00.444 Completed Apple80211ScanAsync on en0 (0x0)
12/23/2016 23:07:00.446 Async scan request completed for "locationd" (0)
12/23/2016 23:07:00.453 Async scan requested by "locationd" for 1 iterations with maxage=0 priority normal on en0
12/23/2016 23:07:00.453 Enqueuing command type: "Scan" pending commands: 0
12/23/2016 23:07:00.453 Dequeuing command type: "Scan" pending commands: 0
12/23/2016 23:07:00.453 Attempting Apple80211ScanAsync on en0
12/23/2016 23:07:02.001 Completed Apple80211ScanAsync on en0 (0x0)
12/23/2016 23:07:02.002 Async scan request completed for "locationd" (0)
12/23/2016 23:07:06.648 Async scan requested by "locationd" for 1 iterations with maxage=0 priority normal on en0
12/23/2016 23:07:06.648 Enqueuing command type: "Scan" pending commands: 0
12/23/2016 23:07:06.648 Dequeuing command type: "Scan" pending commands: 0
12/23/2016 23:07:06.648 Attempting Apple80211ScanAsync on en0
12/23/2016 23:07:07.033 Completed Apple80211ScanAsync on en0 (0x0)
12/23/2016 23:07:07.035 Async scan request completed for "locationd" (0)
12/23/2016 23:07:07.042 Async scan requested by "locationd" for 1 iterations with maxage=0 priority normal on en0
12/23/2016 23:07:07.042 Enqueuing command type: "Scan" pending commands: 0
12/23/2016 23:07:07.042 Dequeuing command type: "Scan" pending commands: 0
12/23/2016 23:07:07.042 Attempting Apple80211ScanAsync on en0
12/23/2016 23:07:08.589 Completed Apple80211ScanAsync on en0 (0x0)
12/23/2016 23:07:08.590 Async scan request completed for "locationd" (0)
12/23/2016 23:07:13.046 Async scan requested by "locationd" for 1 iterations with maxage=0 priority normal on en0
12/23/2016 23:07:13.046 Enqueuing command type: "Scan" pending commands: 0
12/23/2016 23:07:13.046 Dequeuing command type: "Scan" pending commands: 0
12/23/2016 23:07:13.046 Attempting Apple80211ScanAsync on en0
12/23/2016 23:07:13.434 Completed Apple80211ScanAsync on en0 (0x0)
12/23/2016 23:07:13.436 Async scan request completed for "locationd" (0)
12/23/2016 23:07:13.443 Async scan requested by "locationd" for 1 iterations with maxage=0 priority normal on en0
12/23/2016 23:07:13.443 Enqueuing command type: "Scan" pending commands: 0
12/23/2016 23:07:13.443 Dequeuing command type: "Scan" pending commands: 0
12/23/2016 23:07:13.443 Attempting Apple80211ScanAsync on en0
12/23/2016 23:07:14.990 Completed Apple80211ScanAsync on en0 (0x0)
12/23/2016 23:07:14.991 Async scan request completed for "locationd" (0)
12/23/2016 23:07:15.979 Device display is ON
12/23/2016 23:07:15.979 __WiFiManagerSetEnableState: state TRUE, manager->enable.setting TRUE, manager->unlockedSinceBoot TRUE
12/23/2016 23:07:15.981 Auto association attempt canceled because MIS is enabled. MIS client count: wifi=3 bt=0
12/23/2016 23:07:16.506 ATJManager: setting ask-to-join interaction mode to Interactive
12/23/2016 23:07:16.506 ATJManager: no entries to purge
12/23/2016 23:07:16.506 User interaction ENABLED
12/23/2016 23:07:16.506 Ignoring lock state manager->wakeMode 1

12/23/2016 23:07:16.506 problematic networks =  and potentially problematic networks = 
12/23/2016 23:07:16.506 Unblacklisting
12/23/2016 23:07:16.507 No Change in Background Scan Networks, Skip Re-Programming Background Scan

12/23/2016 23:07:16.507 Auto association attempt canceled because MIS is enabled. MIS client count: wifi=3 bt=0
12/23/2016 23:07:19.436 BG Application: Not Present, BG Daemon: Present. Daemons: assistantd mediaserverd 
12/23/2016 23:07:19.436 LPAS is Enabled
12/23/2016 23:07:19.436 LPAS Enabled, Skip starting Disassocation timer
12/23/2016 23:07:19.921 Async scan requested by "locationd" for 1 iterations with maxage=0 priority normal on en0
12/23/2016 23:07:19.921 Enqueuing command type: "Scan" pending commands: 0
12/23/2016 23:07:19.921 Dequeuing command type: "Scan" pending commands: 0
12/23/2016 23:07:19.921 Attempting Apple80211ScanAsync on en0
12/23/2016 23:07:20.306 Completed Apple80211ScanAsync on en0 (0x0)
12/23/2016 23:07:20.308 Async scan request completed for "locationd" (0)
12/23/2016 23:07:20.313 Async scan requested by "locationd" for 1 iterations with maxage=0 priority normal on en0
12/23/2016 23:07:20.313 Enqueuing command type: "Scan" pending commands: 0
12/23/2016 23:07:20.313 Dequeuing command type: "Scan" pending commands: 0
12/23/2016 23:07:20.314 Attempting Apple80211ScanAsync on en0
12/23/2016 23:07:21.857 Completed Apple80211ScanAsync on en0 (0x0)
12/23/2016 23:07:21.858 Async scan request completed for "locationd" (0)
12/23/2016 23:07:26.320 Async scan requested by "locationd" for 1 iterations with maxage=0 priority normal on en0
12/23/2016 23:07:26.320 Enqueuing command type: "Scan" pending commands: 0
12/23/2016 23:07:26.320 Dequeuing command type: "Scan" pending commands: 0
12/23/2016 23:07:26.320 Attempting Apple80211ScanAsync on en0
12/23/2016 23:07:26.704 Completed Apple80211ScanAsync on en0 (0x0)
12/23/2016 23:07:26.705 Async scan request completed for "locationd" (0)
12/23/2016 23:07:26.707 Async scan requested by "locationd" for 1 iterations with maxage=0 priority normal on en0
12/23/2016 23:07:26.708 Enqueuing command type: "Scan" pending commands: 0
12/23/2016 23:07:26.708 Dequeuing command type: "Scan" pending commands: 0
12/23/2016 23:07:26.708 Attempting Apple80211ScanAsync on en0
12/23/2016 23:07:28.254 Completed Apple80211ScanAsync on en0 (0x0)
12/23/2016 23:07:28.256 Async scan request completed for "locationd" (0)
12/23/2016 23:07:32.713 Async scan requested by "locationd" for 1 iterations with maxage=0 priority normal on en0
12/23/2016 23:07:32.714 Enqueuing command type: "Scan" pending commands: 0
12/23/2016 23:07:32.714 Dequeuing command type: "Scan" pending commands: 0
12/23/2016 23:07:32.714 Attempting Apple80211ScanAsync on en0
12/23/2016 23:07:33.097 Completed Apple80211ScanAsync on en0 (0x0)
12/23/2016 23:07:33.099 Async scan request completed for "locationd" (0)
12/23/2016 23:07:33.106 Async scan requested by "locationd" for 1 iterations with maxage=0 priority normal on en0
12/23/2016 23:07:33.106 Enqueuing command type: "Scan" pending commands: 0
12/23/2016 23:07:33.106 Dequeuing command type: "Scan" pending commands: 0
12/23/2016 23:07:33.106 Attempting Apple80211ScanAsync on en0
12/23/2016 23:07:34.641 Completed Apple80211ScanAsync on en0 (0x0)
12/23/2016 23:07:34.643 Async scan request completed for "locationd" (0)
12/23/2016 23:07:39.111 Async scan requested by "locationd" for 1 iterations with maxage=0 priority normal on en0
12/23/2016 23:07:39.111 Enqueuing command type: "Scan" pending commands: 0
12/23/2016 23:07:39.112 Dequeuing command type: "Scan" pending commands: 0
12/23/2016 23:07:39.112 Attempting Apple80211ScanAsync on en0
12/23/2016 23:07:39.497 Completed Apple80211ScanAsync on en0 (0x0)
12/23/2016 23:07:39.500 Async scan request completed for "locationd" (0)
12/23/2016 23:07:39.512 Async scan requested by "locationd" for 1 iterations with maxage=0 priority normal on en0
12/23/2016 23:07:39.512 Enqueuing command type: "Scan" pending commands: 0
12/23/2016 23:07:39.512 Dequeuing command type: "Scan" pending commands: 0
12/23/2016 23:07:39.512 Attempting Apple80211ScanAsync on en0
12/23/2016 23:07:41.047 Completed Apple80211ScanAsync on en0 (0x0)
12/23/2016 23:07:41.048 Async scan request completed for "locationd" (0)
12/23/2016 23:07:45.516 Async scan requested by "locationd" for 1 iterations with maxage=0 priority normal on en0
12/23/2016 23:07:45.517 Enqueuing command type: "Scan" pending commands: 0
12/23/2016 23:07:45.517 Dequeuing command type: "Scan" pending commands: 0
12/23/2016 23:07:45.517 Attempting Apple80211ScanAsync on en0
12/23/2016 23:07:45.903 Completed Apple80211ScanAsync on en0 (0x0)
12/23/2016 23:07:45.906 Async scan request completed for "locationd" (0)
12/23/2016 23:07:45.914 Async scan requested by "locationd" for 1 iterations with maxage=0 priority normal on en0
12/23/2016 23:07:45.914 Enqueuing command type: "Scan" pending commands: 0
12/23/2016 23:07:45.914 Dequeuing command type: "Scan" pending commands: 0
12/23/2016 23:07:45.914 Attempting Apple80211ScanAsync on en0
12/23/2016 23:07:47.459 Completed Apple80211ScanAsync on en0 (0x0)
12/23/2016 23:07:47.460 Async scan request completed for "locationd" (0)
12/23/2016 23:07:51.918 Async scan requested by "locationd" for 1 iterations with maxage=0 priority normal on en0
12/23/2016 23:07:51.918 Enqueuing command type: "Scan" pending commands: 0
12/23/2016 23:07:51.918 Dequeuing command type: "Scan" pending commands: 0
12/23/2016 23:07:51.918 Attempting Apple80211ScanAsync on en0
12/23/2016 23:07:52.301 Completed Apple80211ScanAsync on en0 (0x0)
12/23/2016 23:07:52.304 Async scan request completed for "locationd" (0)
12/23/2016 23:07:52.312 Async scan requested by "locationd" for 1 iterations with maxage=0 priority normal on en0
12/23/2016 23:07:52.312 Enqueuing command type: "Scan" pending commands: 0
12/23/2016 23:07:52.312 Dequeuing command type: "Scan" pending commands: 0
12/23/2016 23:07:52.312 Attempting Apple80211ScanAsync on en0
12/23/2016 23:07:53.857 Completed Apple80211ScanAsync on en0 (0x0)
12/23/2016 23:07:53.858 Async scan request completed for "locationd" (0)
12/23/2016 23:07:58.316 Async scan requested by "locationd" for 1 iterations with maxage=0 priority normal on en0
12/23/2016 23:07:58.317 Enqueuing command type: "Scan" pending commands: 0
12/23/2016 23:07:58.317 Dequeuing command type: "Scan" pending commands: 0
12/23/2016 23:07:58.317 Attempting Apple80211ScanAsync on en0
12/23/2016 23:07:58.706 Completed Apple80211ScanAsync on en0 (0x0)
12/23/2016 23:07:58.709 Async scan request completed for "locationd" (0)
12/23/2016 23:07:58.793 Async scan requested by "locationd" for 1 iterations with maxage=0 priority normal on en0
12/23/2016 23:07:58.793 Enqueuing command type: "Scan" pending commands: 0
12/23/2016 23:07:58.793 Dequeuing command type: "Scan" pending commands: 0
12/23/2016 23:07:58.793 Attempting Apple80211ScanAsync on en0
12/23/2016 23:08:00.340 Completed Apple80211ScanAsync on en0 (0x0)
12/23/2016 23:08:00.341 Async scan request completed for "locationd" (0)
12/23/2016 23:08:04.796 Async scan requested by "locationd" for 1 iterations with maxage=0 priority normal on en0
12/23/2016 23:08:04.797 Enqueuing command type: "Scan" pending commands: 0
12/23/2016 23:08:04.797 Dequeuing command type: "Scan" pending commands: 0
12/23/2016 23:08:04.797 Attempting Apple80211ScanAsync on en0
12/23/2016 23:08:05.184 Completed Apple80211ScanAsync on en0 (0x0)
12/23/2016 23:08:05.185 Async scan request completed for "locationd" (0)
12/23/2016 23:08:05.226 Async scan requested by "locationd" for 1 iterations with maxage=0 priority normal on en0
12/23/2016 23:08:05.226 Enqueuing command type: "Scan" pending commands: 0
12/23/2016 23:08:05.226 Dequeuing command type: "Scan" pending commands: 0
12/23/2016 23:08:05.226 Attempting Apple80211ScanAsync on en0
12/23/2016 23:08:06.771 Completed Apple80211ScanAsync on en0 (0x0)
12/23/2016 23:08:06.772 Async scan request completed for "locationd" (0)
12/23/2016 23:08:11.228 Async scan requested by "locationd" for 1 iterations with maxage=0 priority normal on en0
12/23/2016 23:08:11.228 Enqueuing command type: "Scan" pending commands: 0
12/23/2016 23:08:11.228 Dequeuing command type: "Scan" pending commands: 0
12/23/2016 23:08:11.228 Attempting Apple80211ScanAsync on en0
12/23/2016 23:08:11.614 Completed Apple80211ScanAsync on en0 (0x0)
12/23/2016 23:08:11.615 Async scan request completed for "locationd" (0)
12/23/2016 23:08:11.658 Async scan requested by "locationd" for 1 iterations with maxage=0 priority normal on en0
12/23/2016 23:08:11.658 Enqueuing command type: "Scan" pending commands: 0
12/23/2016 23:08:11.658 Dequeuing command type: "Scan" pending commands: 0
12/23/2016 23:08:11.658 Attempting Apple80211ScanAsync on en0
12/23/2016 23:08:13.208 Completed Apple80211ScanAsync on en0 (0x0)
12/23/2016 23:08:13.209 Async scan request completed for "locationd" (0)
12/23/2016 23:08:16.516 BG Application: Not Present, BG Daemon: Present. Daemons: assistantd mediaserverd 
12/23/2016 23:08:16.518 BG Application: Not Present, BG Daemon: Present. Daemons: assistantd mediaserverd 
12/23/2016 23:08:16.813 BG Application: Not Present, BG Daemon: Present. Daemons: assistantd mediaserverd 
12/23/2016 23:08:16.814 __WiFiManagerSetEnableState: state TRUE, manager->enable.setting TRUE, manager->unlockedSinceBoot TRUE
12/23/2016 23:08:16.814 Auto association attempt canceled because MIS is enabled. MIS client count: wifi=3 bt=0
12/23/2016 23:08:17.665 Async scan requested by "locationd" for 1 iterations with maxage=0 priority normal on en0
12/23/2016 23:08:17.665 Enqueuing command type: "Scan" pending commands: 0
12/23/2016 23:08:17.665 Dequeuing command type: "Scan" pending commands: 0
12/23/2016 23:08:17.665 Attempting Apple80211ScanAsync on en0
12/23/2016 23:08:18.049 Completed Apple80211ScanAsync on en0 (0x0)
12/23/2016 23:08:18.050 Async scan request completed for "locationd" (0)
12/23/2016 23:08:18.076 Async scan requested by "locationd" for 1 iterations with maxage=0 priority normal on en0
12/23/2016 23:08:18.077 Enqueuing command type: "Scan" pending commands: 0
12/23/2016 23:08:18.077 Dequeuing command type: "Scan" pending commands: 0
12/23/2016 23:08:18.077 Attempting Apple80211ScanAsync on en0
12/23/2016 23:08:18.748 ATJManager: setting ask-to-join interaction mode to NonInteractive
12/23/2016 23:08:18.748 ATJManager: no entries to purge
12/23/2016 23:08:18.750 User interaction DISABLED
12/23/2016 23:08:18.750 Ignoring lock state manager->wakeMode 1

12/23/2016 23:08:18.758 Device display is OFF
12/23/2016 23:08:19.609 Completed Apple80211ScanAsync on en0 (0x0)
12/23/2016 23:08:19.610 Async scan request completed for "locationd" (0)
12/23/2016 23:08:24.082 Async scan requested by "locationd" for 1 iterations with maxage=0 priority normal on en0
12/23/2016 23:08:24.082 Enqueuing command type: "Scan" pending commands: 0
12/23/2016 23:08:24.083 Dequeuing command type: "Scan" pending commands: 0
12/23/2016 23:08:24.083 Attempting Apple80211ScanAsync on en0
12/23/2016 23:08:24.466 Completed Apple80211ScanAsync on en0 (0x0)
12/23/2016 23:08:24.467 Async scan request completed for "locationd" (0)
12/23/2016 23:08:24.511 Async scan requested by "locationd" for 1 iterations with maxage=0 priority normal on en0
12/23/2016 23:08:24.511 Enqueuing command type: "Scan" pending commands: 0
12/23/2016 23:08:24.511 Dequeuing command type: "Scan" pending commands: 0
12/23/2016 23:08:24.511 Attempting Apple80211ScanAsync on en0
12/23/2016 23:08:26.056 Completed Apple80211ScanAsync on en0 (0x0)
12/23/2016 23:08:26.057 Async scan request completed for "locationd" (0)
12/23/2016 23:08:30.516 Async scan requested by "locationd" for 1 iterations with maxage=0 priority normal on en0
12/23/2016 23:08:30.516 Enqueuing command type: "Scan" pending commands: 0
12/23/2016 23:08:30.516 Dequeuing command type: "Scan" pending commands: 0
12/23/2016 23:08:30.516 Attempting Apple80211ScanAsync on en0
12/23/2016 23:08:30.901 Completed Apple80211ScanAsync on en0 (0x0)
12/23/2016 23:08:30.902 Async scan request completed for "locationd" (0)
12/23/2016 23:08:30.944 Async scan requested by "locationd" for 1 iterations with maxage=0 priority normal on en0
12/23/2016 23:08:30.944 Enqueuing command type: "Scan" pending commands: 0
12/23/2016 23:08:30.944 Dequeuing command type: "Scan" pending commands: 0
12/23/2016 23:08:30.944 Attempting Apple80211ScanAsync on en0
12/23/2016 23:08:32.489 Completed Apple80211ScanAsync on en0 (0x0)
12/23/2016 23:08:32.490 Async scan request completed for "locationd" (0)
12/23/2016 23:08:36.949 Async scan requested by "locationd" for 1 iterations with maxage=0 priority normal on en0
12/23/2016 23:08:36.949 Enqueuing command type: "Scan" pending commands: 0
12/23/2016 23:08:36.949 Dequeuing command type: "Scan" pending commands: 0
12/23/2016 23:08:36.949 Attempting Apple80211ScanAsync on en0
12/23/2016 23:08:37.336 Completed Apple80211ScanAsync on en0 (0x0)
12/23/2016 23:08:37.337 Async scan request completed for "locationd" (0)
12/23/2016 23:08:37.369 Async scan requested by "locationd" for 1 iterations with maxage=0 priority normal on en0
12/23/2016 23:08:37.369 Enqueuing command type: "Scan" pending commands: 0
12/23/2016 23:08:37.369 Dequeuing command type: "Scan" pending commands: 0
12/23/2016 23:08:37.369 Attempting Apple80211ScanAsync on en0
12/23/2016 23:08:38.914 Completed Apple80211ScanAsync on en0 (0x0)
12/23/2016 23:08:38.915 Async scan request completed for "locationd" (0)
12/23/2016 23:08:41.184 __WiFiManagerCellularTransmitCallback_block_invoke: Cellular Transmit Started = FALSE
12/23/2016 23:08:41.656 __WiFiManagerCellularTransmitCallback_block_invoke: Cellular Transmit Started = TRUE
12/23/2016 23:08:44.510 WiFiLocaleManagerCheckLocale: trying to determine locale...
12/23/2016 23:08:44.510 WiFiManagerCoreLocationGetCachedLocation: getting cached location...
12/23/2016 23:08:44.532 __WiFiLocaleManagerGetLocaleFromMcc: finding iso country code for mcc 216 ....
12/23/2016 23:08:44.532 WiFiLocationServiceManagerIsLocationValid: cachedLocationTimeout 120.000000 location age 120.019279secs, lifeSpan -1.000000 accuracy 860.247458(highAccReq 0), isValid 1
12/23/2016 23:08:44.532 WiFiLocationServiceManagerStartLowAccuracyMonitoring: Cached low accuracy location is valid
12/23/2016 23:08:44.533 WiFiLocationServiceManagerIsLocationValid: cachedLocationTimeout 120.000000 location age 120.019420secs, lifeSpan -1.000000 accuracy 860.247458(highAccReq 1), isValid 0
12/23/2016 23:08:44.533 WiFiLocationServiceManagerIsLocationValid: cachedLocationTimeout 120.000000 location age 120.019475secs, lifeSpan -1.000000 accuracy 860.247458(highAccReq 0), isValid 1
12/23/2016 23:08:44.533 __WiFiLocationServiceManagerProcessLocationAvailableEvent: isValidHighAccuracyLocation 0,  isValidLowAccuracyLocation 1
12/23/2016 23:08:44.533 __WiFiLocationServiceManagerProcessLocationAvailableEvent: give low accuracy callback
12/23/2016 23:08:44.534 __WiFiLocaleManagerGetLocaleFromLocation: <+46.21620050,+20.68163620> +/- 860.25m (speed -1.00 mps / course -1.00) @ 12/23/16, 11:06:44 PM Central European Standard Time
12/23/2016 23:08:44.534 locale from bounding box 
12/23/2016 23:08:44.534 new locale:  , locale: 
12/23/2016 23:08:44.534 Stopping Low Accuracy Location Monitoring
12/23/2016 23:08:44.534 CLMonitoring is already stopped
12/23/2016 23:08:44.534 Stopping Low Accuracy Location Monitoring
12/23/2016 23:08:44.534 CLMonitoring is already stopped
12/23/2016 23:08:44.534 __WiFiLocationServiceManagerEventCallback, got cb dict {
    eventType = 0;
    location = "<+46.21620050,+20.68163620> +/- 860.25m (speed -1.00 mps / course -1.00) @ 12/23/16, 11:08:44 PM Central European Standard Time";
}
12/23/2016 23:08:44.535 WiFiLocationServiceManagerIsLocationValid: cachedLocationTimeout 120.000000 location age 0.021324secs, lifeSpan -1.000000 accuracy 860.247458(highAccReq 1), isValid 0
12/23/2016 23:08:44.535 WiFiLocationServiceManagerIsLocationValid: cachedLocationTimeout 120.000000 location age 0.021377secs, lifeSpan -1.000000 accuracy 860.247458(highAccReq 0), isValid 1
12/23/2016 23:08:44.535 __WiFiLocationServiceManagerProcessLocationAvailableEvent: isValidHighAccuracyLocation 0,  isValidLowAccuracyLocation 1
12/23/2016 23:08:44.963 Async scan requested by "locationd" for 1 iterations with maxage=0 priority normal on en0
12/23/2016 23:08:44.963 Enqueuing command type: "Scan" pending commands: 0
12/23/2016 23:08:44.963 Dequeuing command type: "Scan" pending commands: 0
12/23/2016 23:08:44.963 Attempting Apple80211ScanAsync on en0
12/23/2016 23:08:45.349 Completed Apple80211ScanAsync on en0 (0x0)
12/23/2016 23:08:45.351 Async scan request completed for "locationd" (0)
12/23/2016 23:08:45.393 Async scan requested by "locationd" for 1 iterations with maxage=0 priority normal on en0
12/23/2016 23:08:45.394 Enqueuing command type: "Scan" pending commands: 0
12/23/2016 23:08:45.394 Dequeuing command type: "Scan" pending commands: 0
12/23/2016 23:08:45.394 Attempting Apple80211ScanAsync on en0
12/23/2016 23:08:46.937 Completed Apple80211ScanAsync on en0 (0x0)
12/23/2016 23:08:46.938 Async scan request completed for "locationd" (0)
12/23/2016 23:08:57.957 Async scan requested by "locationd" for 1 iterations with maxage=0 priority normal on en0
12/23/2016 23:08:57.957 Enqueuing command type: "Scan" pending commands: 0
12/23/2016 23:08:57.957 Dequeuing command type: "Scan" pending commands: 0
12/23/2016 23:08:57.957 Attempting Apple80211ScanAsync on en0
12/23/2016 23:08:58.342 Completed Apple80211ScanAsync on en0 (0x0)
12/23/2016 23:08:58.344 Async scan request completed for "locationd" (0)
12/23/2016 23:08:58.376 Async scan requested by "locationd" for 1 iterations with maxage=0 priority normal on en0
12/23/2016 23:08:58.376 Enqueuing command type: "Scan" pending commands: 0
12/23/2016 23:08:58.376 Dequeuing command type: "Scan" pending commands: 0
12/23/2016 23:08:58.376 Attempting Apple80211ScanAsync on en0
12/23/2016 23:08:59.923 Completed Apple80211ScanAsync on en0 (0x0)
12/23/2016 23:08:59.925 Async scan request completed for "locationd" (0)
12/23/2016 23:09:04.906 Async scan requested by "locationd" for 1 iterations with maxage=0 priority normal on en0
12/23/2016 23:09:04.906 Enqueuing command type: "Scan" pending commands: 0
12/23/2016 23:09:04.906 Dequeuing command type: "Scan" pending commands: 0
12/23/2016 23:09:04.906 Attempting Apple80211ScanAsync on en0
12/23/2016 23:09:05.291 Completed Apple80211ScanAsync on en0 (0x0)
12/23/2016 23:09:05.293 Async scan request completed for "locationd" (0)
12/23/2016 23:09:05.297 Async scan requested by "locationd" for 1 iterations with maxage=0 priority normal on en0
12/23/2016 23:09:05.298 Enqueuing command type: "Scan" pending commands: 0
12/23/2016 23:09:05.298 Dequeuing command type: "Scan" pending commands: 0
12/23/2016 23:09:05.298 Attempting Apple80211ScanAsync on en0
12/23/2016 23:09:06.846 Completed Apple80211ScanAsync on en0 (0x0)
12/23/2016 23:09:06.846 Async scan request completed for "locationd" (0)
12/23/2016 23:09:11.302 Async scan requested by "locationd" for 1 iterations with maxage=0 priority normal on en0
12/23/2016 23:09:11.302 Enqueuing command type: "Scan" pending commands: 0
12/23/2016 23:09:11.303 Dequeuing command type: "Scan" pending commands: 0
12/23/2016 23:09:11.303 Attempting Apple80211ScanAsync on en0
12/23/2016 23:09:11.689 Completed Apple80211ScanAsync on en0 (0x0)
12/23/2016 23:09:11.691 Async scan request completed for "locationd" (0)
12/23/2016 23:09:11.698 Async scan requested by "locationd" for 1 iterations with maxage=0 priority normal on en0
12/23/2016 23:09:11.698 Enqueuing command type: "Scan" pending commands: 0
12/23/2016 23:09:11.698 Dequeuing command type: "Scan" pending commands: 0
12/23/2016 23:09:11.698 Attempting Apple80211ScanAsync on en0
12/23/2016 23:09:13.246 Completed Apple80211ScanAsync on en0 (0x0)
12/23/2016 23:09:13.247 Async scan request completed for "locationd" (0)
12/23/2016 23:09:17.363 __WiFiManagerCellularTransmitCallback_block_invoke: Cellular Transmit Started = FALSE
12/23/2016 23:09:17.703 Async scan requested by "locationd" for 1 iterations with maxage=0 priority normal on en0
12/23/2016 23:09:17.703 Enqueuing command type: "Scan" pending commands: 0
12/23/2016 23:09:17.703 Dequeuing command type: "Scan" pending commands: 0
12/23/2016 23:09:17.703 Attempting Apple80211ScanAsync on en0
12/23/2016 23:09:18.088 Completed Apple80211ScanAsync on en0 (0x0)
12/23/2016 23:09:18.089 Async scan request completed for "locationd" (0)
12/23/2016 23:09:18.093 Async scan requested by "locationd" for 1 iterations with maxage=0 priority normal on en0
12/23/2016 23:09:18.094 Enqueuing command type: "Scan" pending commands: 0
12/23/2016 23:09:18.094 Dequeuing command type: "Scan" pending commands: 0
12/23/2016 23:09:18.094 Attempting Apple80211ScanAsync on en0
12/23/2016 23:09:19.642 Completed Apple80211ScanAsync on en0 (0x0)
12/23/2016 23:09:19.643 Async scan request completed for "locationd" (0)
12/23/2016 23:09:22.241 __WiFiManagerCellularTransmitCallback_block_invoke: Cellular Transmit Started = TRUE
12/23/2016 23:09:23.443 __WiFiManagerCellularTransmitCallback_block_invoke: Cellular Transmit Started = FALSE
12/23/2016 23:09:23.722 __WiFiManagerCellularTransmitCallback_block_invoke: Cellular Transmit Started = TRUE
12/23/2016 23:09:24.097 Async scan requested by "locationd" for 1 iterations with maxage=0 priority normal on en0
12/23/2016 23:09:24.097 Enqueuing command type: "Scan" pending commands: 0
12/23/2016 23:09:24.097 Dequeuing command type: "Scan" pending commands: 0
12/23/2016 23:09:24.097 Attempting Apple80211ScanAsync on en0
12/23/2016 23:09:24.484 Completed Apple80211ScanAsync on en0 (0x0)
12/23/2016 23:09:24.485 Async scan request completed for "locationd" (0)
12/23/2016 23:09:24.491 Async scan requested by "locationd" for 1 iterations with maxage=0 priority normal on en0
12/23/2016 23:09:24.491 Enqueuing command type: "Scan" pending commands: 0
12/23/2016 23:09:24.491 Dequeuing command type: "Scan" pending commands: 0
12/23/2016 23:09:24.491 Attempting Apple80211ScanAsync on en0
12/23/2016 23:09:24.863 __WiFiManagerCellularTransmitCallback_block_invoke: Cellular Transmit Started = FALSE
12/23/2016 23:09:25.659 __WiFiManagerCellularTransmitCallback_block_invoke: Cellular Transmit Started = TRUE
12/23/2016 23:09:26.038 Completed Apple80211ScanAsync on en0 (0x0)
12/23/2016 23:09:26.038 Async scan request completed for "locationd" (0)
12/23/2016 23:09:26.802 __WiFiManagerCellularTransmitCallback_block_invoke: Cellular Transmit Started = FALSE
12/23/2016 23:09:27.118 __WiFiManagerCellularTransmitCallback_block_invoke: Cellular Transmit Started = TRUE
12/23/2016 23:09:28.266 __WiFiManagerCellularTransmitCallback_block_invoke: Cellular Transmit Started = FALSE
12/23/2016 23:09:30.177 __WiFiManagerCellularTransmitCallback_block_invoke: Cellular Transmit Started = TRUE
12/23/2016 23:09:30.495 Async scan requested by "locationd" for 1 iterations with maxage=0 priority normal on en0
12/23/2016 23:09:30.496 Enqueuing command type: "Scan" pending commands: 0
12/23/2016 23:09:30.496 Dequeuing command type: "Scan" pending commands: 0
12/23/2016 23:09:30.496 Attempting Apple80211ScanAsync on en0
12/23/2016 23:09:30.882 Completed Apple80211ScanAsync on en0 (0x0)
12/23/2016 23:09:30.883 Async scan request completed for "locationd" (0)
12/23/2016 23:09:30.888 Async scan requested by "locationd" for 1 iterations with maxage=0 priority normal on en0
12/23/2016 23:09:30.888 Enqueuing command type: "Scan" pending commands: 0
12/23/2016 23:09:30.888 Dequeuing command type: "Scan" pending commands: 0
12/23/2016 23:09:30.888 Attempting Apple80211ScanAsync on en0
12/23/2016 23:09:32.433 Completed Apple80211ScanAsync on en0 (0x0)
12/23/2016 23:09:32.434 Async scan request completed for "locationd" (0)
12/23/2016 23:09:40.613 Async scan requested by "locationd" for 1 iterations with maxage=0 priority normal on en0
12/23/2016 23:09:40.614 Enqueuing command type: "Scan" pending commands: 0
12/23/2016 23:09:40.614 Dequeuing command type: "Scan" pending commands: 0
12/23/2016 23:09:40.614 Attempting Apple80211ScanAsync on en0
12/23/2016 23:09:40.999 Completed Apple80211ScanAsync on en0 (0x0)
12/23/2016 23:09:41.001 Async scan request completed for "locationd" (0)
12/23/2016 23:09:41.006 Async scan requested by "locationd" for 1 iterations with maxage=0 priority normal on en0
12/23/2016 23:09:41.006 Enqueuing command type: "Scan" pending commands: 0
12/23/2016 23:09:41.006 Dequeuing command type: "Scan" pending commands: 0
12/23/2016 23:09:41.006 Attempting Apple80211ScanAsync on en0
12/23/2016 23:09:42.553 Completed Apple80211ScanAsync on en0 (0x0)
12/23/2016 23:09:42.554 Async scan request completed for "locationd" (0)
12/23/2016 23:09:47.010 Async scan requested by "locationd" for 1 iterations with maxage=0 priority normal on en0
12/23/2016 23:09:47.010 Enqueuing command type: "Scan" pending commands: 0
12/23/2016 23:09:47.010 Dequeuing command type: "Scan" pending commands: 0
12/23/2016 23:09:47.011 Attempting Apple80211ScanAsync on en0
12/23/2016 23:09:47.399 Completed Apple80211ScanAsync on en0 (0x0)
12/23/2016 23:09:47.400 Async scan request completed for "locationd" (0)
12/23/2016 23:09:47.405 Async scan requested by "locationd" for 1 iterations with maxage=0 priority normal on en0
12/23/2016 23:09:47.405 Enqueuing command type: "Scan" pending commands: 0
12/23/2016 23:09:47.405 Dequeuing command type: "Scan" pending commands: 0
12/23/2016 23:09:47.405 Attempting Apple80211ScanAsync on en0
12/23/2016 23:09:48.952 Completed Apple80211ScanAsync on en0 (0x0)
12/23/2016 23:09:48.953 Async scan request completed for "locationd" (0)
12/23/2016 23:09:53.410 Async scan requested by "locationd" for 1 iterations with maxage=0 priority normal on en0
12/23/2016 23:09:53.410 Enqueuing command type: "Scan" pending commands: 0
12/23/2016 23:09:53.410 Dequeuing command type: "Scan" pending commands: 0
12/23/2016 23:09:53.410 Attempting Apple80211ScanAsync on en0
12/23/2016 23:09:53.795 Completed Apple80211ScanAsync on en0 (0x0)
12/23/2016 23:09:53.796 Async scan request completed for "locationd" (0)
12/23/2016 23:09:53.803 Async scan requested by "locationd" for 1 iterations with maxage=0 priority normal on en0
12/23/2016 23:09:53.803 Enqueuing command type: "Scan" pending commands: 0
12/23/2016 23:09:53.803 Dequeuing command type: "Scan" pending commands: 0
12/23/2016 23:09:53.803 Attempting Apple80211ScanAsync on en0
12/23/2016 23:09:55.348 Completed Apple80211ScanAsync on en0 (0x0)
12/23/2016 23:09:55.349 Async scan request completed for "locationd" (0)
12/23/2016 23:09:59.808 Async scan requested by "locationd" for 1 iterations with maxage=0 priority normal on en0
12/23/2016 23:09:59.808 Enqueuing command type: "Scan" pending commands: 0
12/23/2016 23:09:59.808 Dequeuing command type: "Scan" pending commands: 0
12/23/2016 23:09:59.808 Attempting Apple80211ScanAsync on en0
12/23/2016 23:10:00.193 Completed Apple80211ScanAsync on en0 (0x0)
12/23/2016 23:10:00.195 Async scan request completed for "locationd" (0)
12/23/2016 23:10:00.199 Async scan requested by "locationd" for 1 iterations with maxage=0 priority normal on en0
12/23/2016 23:10:00.199 Enqueuing command type: "Scan" pending commands: 0
12/23/2016 23:10:00.199 Dequeuing command type: "Scan" pending commands: 0
12/23/2016 23:10:00.200 Attempting Apple80211ScanAsync on en0
12/23/2016 23:10:01.744 Completed Apple80211ScanAsync on en0 (0x0)
12/23/2016 23:10:01.745 Async scan request completed for "locationd" (0)
12/23/2016 23:10:06.218 Async scan requested by "locationd" for 1 iterations with maxage=0 priority normal on en0
12/23/2016 23:10:06.218 Enqueuing command type: "Scan" pending commands: 0
12/23/2016 23:10:06.218 Dequeuing command type: "Scan" pending commands: 0
12/23/2016 23:10:06.218 Attempting Apple80211ScanAsync on en0
12/23/2016 23:10:06.425 __WiFiManagerCellularTransmitCallback_block_invoke: Cellular Transmit Started = FALSE
12/23/2016 23:10:06.603 Completed Apple80211ScanAsync on en0 (0x0)
12/23/2016 23:10:06.605 Async scan request completed for "locationd" (0)
12/23/2016 23:10:06.609 Async scan requested by "locationd" for 1 iterations with maxage=0 priority normal on en0
12/23/2016 23:10:06.609 Enqueuing command type: "Scan" pending commands: 0
12/23/2016 23:10:06.609 Dequeuing command type: "Scan" pending commands: 0
12/23/2016 23:10:06.609 Attempting Apple80211ScanAsync on en0
12/23/2016 23:10:08.060 __WiFiManagerCellularTransmitCallback_block_invoke: Cellular Transmit Started = TRUE
12/23/2016 23:10:08.158 Completed Apple80211ScanAsync on en0 (0x0)
12/23/2016 23:10:08.159 Async scan request completed for "locationd" (0)
12/23/2016 23:10:12.613 Async scan requested by "locationd" for 1 iterations with maxage=0 priority normal on en0
12/23/2016 23:10:12.613 Enqueuing command type: "Scan" pending commands: 0
12/23/2016 23:10:12.613 Dequeuing command type: "Scan" pending commands: 0
12/23/2016 23:10:12.613 Attempting Apple80211ScanAsync on en0
12/23/2016 23:10:12.998 Completed Apple80211ScanAsync on en0 (0x0)
12/23/2016 23:10:13.000 Async scan request completed for "locationd" (0)
12/23/2016 23:10:13.006 Async scan requested by "locationd" for 1 iterations with maxage=0 priority normal on en0
12/23/2016 23:10:13.006 Enqueuing command type: "Scan" pending commands: 0
12/23/2016 23:10:13.006 Dequeuing command type: "Scan" pending commands: 0
12/23/2016 23:10:13.006 Attempting Apple80211ScanAsync on en0
12/23/2016 23:10:14.554 Completed Apple80211ScanAsync on en0 (0x0)
12/23/2016 23:10:14.555 Async scan request completed for "locationd" (0)
12/23/2016 23:10:19.012 Async scan requested by "locationd" for 1 iterations with maxage=0 priority normal on en0
12/23/2016 23:10:19.012 Enqueuing command type: "Scan" pending commands: 0
12/23/2016 23:10:19.012 Dequeuing command type: "Scan" pending commands: 0
12/23/2016 23:10:19.012 Attempting Apple80211ScanAsync on en0
12/23/2016 23:10:19.397 Completed Apple80211ScanAsync on en0 (0x0)
12/23/2016 23:10:19.399 Async scan request completed for "locationd" (0)
12/23/2016 23:10:19.404 Async scan requested by "locationd" for 1 iterations with maxage=0 priority normal on en0
12/23/2016 23:10:19.404 Enqueuing command type: "Scan" pending commands: 0
12/23/2016 23:10:19.405 Dequeuing command type: "Scan" pending commands: 0
12/23/2016 23:10:19.405 Attempting Apple80211ScanAsync on en0
12/23/2016 23:10:20.646 __WiFiManagerCellularTransmitCallback_block_invoke: Cellular Transmit Started = FALSE
12/23/2016 23:10:20.953 Completed Apple80211ScanAsync on en0 (0x0)
12/23/2016 23:10:20.954 Async scan request completed for "locationd" (0)
12/23/2016 23:10:20.961 __WiFiManagerCellularTransmitCallback_block_invoke: Cellular Transmit Started = TRUE
12/23/2016 23:10:25.409 Async scan requested by "locationd" for 1 iterations with maxage=0 priority normal on en0
12/23/2016 23:10:25.409 Enqueuing command type: "Scan" pending commands: 0
12/23/2016 23:10:25.409 Dequeuing command type: "Scan" pending commands: 0
12/23/2016 23:10:25.409 Attempting Apple80211ScanAsync on en0
12/23/2016 23:10:25.795 Completed Apple80211ScanAsync on en0 (0x0)
12/23/2016 23:10:25.796 Async scan request completed for "locationd" (0)
12/23/2016 23:10:25.802 Async scan requested by "locationd" for 1 iterations with maxage=0 priority normal on en0
12/23/2016 23:10:25.802 Enqueuing command type: "Scan" pending commands: 0
12/23/2016 23:10:25.802 Dequeuing command type: "Scan" pending commands: 0
12/23/2016 23:10:25.802 Attempting Apple80211ScanAsync on en0
12/23/2016 23:10:27.351 Completed Apple80211ScanAsync on en0 (0x0)
12/23/2016 23:10:27.352 Async scan request completed for "locationd" (0)
12/23/2016 23:10:31.807 Async scan requested by "locationd" for 1 iterations with maxage=0 priority normal on en0
12/23/2016 23:10:31.807 Enqueuing command type: "Scan" pending commands: 0
12/23/2016 23:10:31.807 Dequeuing command type: "Scan" pending commands: 0
12/23/2016 23:10:31.807 Attempting Apple80211ScanAsync on en0
12/23/2016 23:10:32.192 Completed Apple80211ScanAsync on en0 (0x0)
12/23/2016 23:10:32.194 Async scan request completed for "locationd" (0)
12/23/2016 23:10:32.199 Async scan requested by "locationd" for 1 iterations with maxage=0 priority normal on en0
12/23/2016 23:10:32.199 Enqueuing command type: "Scan" pending commands: 0
12/23/2016 23:10:32.199 Dequeuing command type: "Scan" pending commands: 0
12/23/2016 23:10:32.199 Attempting Apple80211ScanAsync on en0
12/23/2016 23:10:33.746 Completed Apple80211ScanAsync on en0 (0x0)
12/23/2016 23:10:33.747 Async scan request completed for "locationd" (0)
12/23/2016 23:10:38.204 Async scan requested by "locationd" for 1 iterations with maxage=0 priority normal on en0
12/23/2016 23:10:38.204 Enqueuing command type: "Scan" pending commands: 0
12/23/2016 23:10:38.204 Dequeuing command type: "Scan" pending commands: 0
12/23/2016 23:10:38.204 Attempting Apple80211ScanAsync on en0
12/23/2016 23:10:38.590 Completed Apple80211ScanAsync on en0 (0x0)
12/23/2016 23:10:38.591 Async scan request completed for "locationd" (0)
12/23/2016 23:10:38.597 Async scan requested by "locationd" for 1 iterations with maxage=0 priority normal on en0
12/23/2016 23:10:38.597 Enqueuing command type: "Scan" pending commands: 0
12/23/2016 23:10:38.597 Dequeuing command type: "Scan" pending commands: 0
12/23/2016 23:10:38.597 Attempting Apple80211ScanAsync on en0
12/23/2016 23:10:40.142 Completed Apple80211ScanAsync on en0 (0x0)
12/23/2016 23:10:40.143 Async scan request completed for "locationd" (0)
12/23/2016 23:10:44.510 WiFiLocaleManagerCheckLocale: trying to determine locale...
12/23/2016 23:10:44.510 WiFiManagerCoreLocationGetCachedLocation: getting cached location...
12/23/2016 23:10:44.532 __WiFiLocaleManagerGetLocaleFromMcc: finding iso country code for mcc 216 ....
12/23/2016 23:10:44.532 WiFiLocationServiceManagerIsLocationValid: cachedLocationTimeout 120.000000 location age 120.019258secs, lifeSpan -1.000000 accuracy 860.247458(highAccReq 0), isValid 1
12/23/2016 23:10:44.533 WiFiLocationServiceManagerStartLowAccuracyMonitoring: Cached low accuracy location is valid
12/23/2016 23:10:44.533 WiFiLocationServiceManagerIsLocationValid: cachedLocationTimeout 120.000000 location age 120.019394secs, lifeSpan -1.000000 accuracy 860.247458(highAccReq 1), isValid 0
12/23/2016 23:10:44.533 WiFiLocationServiceManagerIsLocationValid: cachedLocationTimeout 120.000000 location age 120.019448secs, lifeSpan -1.000000 accuracy 860.247458(highAccReq 0), isValid 1
12/23/2016 23:10:44.533 __WiFiLocationServiceManagerProcessLocationAvailableEvent: isValidHighAccuracyLocation 0,  isValidLowAccuracyLocation 1
12/23/2016 23:10:44.533 __WiFiLocationServiceManagerProcessLocationAvailableEvent: give low accuracy callback
12/23/2016 23:10:44.534 __WiFiLocaleManagerGetLocaleFromLocation: <+46.21620050,+20.68163620> +/- 860.25m (speed -1.00 mps / course -1.00) @ 12/23/16, 11:08:44 PM Central European Standard Time
12/23/2016 23:10:44.534 locale from bounding box 
12/23/2016 23:10:44.534 new locale:  , locale: 
12/23/2016 23:10:44.534 Stopping Low Accuracy Location Monitoring
12/23/2016 23:10:44.534 CLMonitoring is already stopped
12/23/2016 23:10:44.534 Stopping Low Accuracy Location Monitoring
12/23/2016 23:10:44.534 CLMonitoring is already stopped
12/23/2016 23:10:44.534 __WiFiLocationServiceManagerEventCallback, got cb dict {
    eventType = 0;
    location = "<+46.20537787,+20.77150029> +/- 4000.00m (speed -1.00 mps / course -1.00) @ 12/23/16, 11:10:44 PM Central European Standard Time";
}
12/23/2016 23:10:44.535 WiFiLocationServiceManagerIsLocationValid: cachedLocationTimeout 120.000000 location age 0.021404secs, lifeSpan -1.000000 accuracy 4000.000000(highAccReq 1), isValid 0
12/23/2016 23:10:44.535 WiFiLocationServiceManagerIsLocationValid: cachedLocationTimeout 120.000000 location age 0.021459secs, lifeSpan -1.000000 accuracy 4000.000000(highAccReq 0), isValid 1
12/23/2016 23:10:44.535 __WiFiLocationServiceManagerProcessLocationAvailableEvent: isValidHighAccuracyLocation 0,  isValidLowAccuracyLocation 1
12/23/2016 23:10:44.599 Async scan requested by "locationd" for 1 iterations with maxage=0 priority normal on en0
12/23/2016 23:10:44.599 Enqueuing command type: "Scan" pending commands: 0
12/23/2016 23:10:44.599 Dequeuing command type: "Scan" pending commands: 0
12/23/2016 23:10:44.599 Attempting Apple80211ScanAsync on en0
12/23/2016 23:10:44.985 Completed Apple80211ScanAsync on en0 (0x0)
12/23/2016 23:10:44.986 Async scan request completed for "locationd" (0)
12/23/2016 23:10:45.001 Async scan requested by "locationd" for 1 iterations with maxage=0 priority normal on en0
12/23/2016 23:10:45.001 Enqueuing command type: "Scan" pending commands: 0
12/23/2016 23:10:45.001 Dequeuing command type: "Scan" pending commands: 0
12/23/2016 23:10:45.001 Attempting Apple80211ScanAsync on en0
12/23/2016 23:10:46.548 Completed Apple80211ScanAsync on en0 (0x0)
12/23/2016 23:10:46.549 Async scan request completed for "locationd" (0)
12/23/2016 23:10:51.005 Async scan requested by "locationd" for 1 iterations with maxage=0 priority normal on en0
12/23/2016 23:10:51.005 Enqueuing command type: "Scan" pending commands: 0
12/23/2016 23:10:51.005 Dequeuing command type: "Scan" pending commands: 0
12/23/2016 23:10:51.005 Attempting Apple80211ScanAsync on en0
12/23/2016 23:10:51.389 Completed Apple80211ScanAsync on en0 (0x0)
12/23/2016 23:10:51.391 Async scan request completed for "locationd" (0)
12/23/2016 23:10:51.397 Async scan requested by "locationd" for 1 iterations with maxage=0 priority normal on en0
12/23/2016 23:10:51.397 Enqueuing command type: "Scan" pending commands: 0
12/23/2016 23:10:51.397 Dequeuing command type: "Scan" pending commands: 0
12/23/2016 23:10:51.397 Attempting Apple80211ScanAsync on en0
12/23/2016 23:10:52.937 Completed Apple80211ScanAsync on en0 (0x0)
12/23/2016 23:10:52.938 Async scan request completed for "locationd" (0)
12/23/2016 23:10:57.402 Async scan requested by "locationd" for 1 iterations with maxage=0 priority normal on en0
12/23/2016 23:10:57.403 Enqueuing command type: "Scan" pending commands: 0
12/23/2016 23:10:57.403 Dequeuing command type: "Scan" pending commands: 0
12/23/2016 23:10:57.403 Attempting Apple80211ScanAsync on en0
12/23/2016 23:10:57.787 Completed Apple80211ScanAsync on en0 (0x0)
12/23/2016 23:10:57.789 Async scan request completed for "locationd" (0)
12/23/2016 23:10:57.807 Async scan requested by "locationd" for 1 iterations with maxage=0 priority normal on en0
12/23/2016 23:10:57.807 Enqueuing command type: "Scan" pending commands: 0
12/23/2016 23:10:57.807 Dequeuing command type: "Scan" pending commands: 0
12/23/2016 23:10:57.807 Attempting Apple80211ScanAsync on en0
12/23/2016 23:10:59.355 Completed Apple80211ScanAsync on en0 (0x0)
12/23/2016 23:10:59.356 Async scan request completed for "locationd" (0)
12/23/2016 23:11:03.810 Async scan requested by "locationd" for 1 iterations with maxage=0 priority normal on en0
12/23/2016 23:11:03.810 Enqueuing command type: "Scan" pending commands: 0
12/23/2016 23:11:03.810 Dequeuing command type: "Scan" pending commands: 0
12/23/2016 23:11:03.810 Attempting Apple80211ScanAsync on en0
12/23/2016 23:11:04.195 Completed Apple80211ScanAsync on en0 (0x0)
12/23/2016 23:11:04.197 Async scan request completed for "locationd" (0)
12/23/2016 23:11:04.202 Async scan requested by "locationd" for 1 iterations with maxage=0 priority normal on en0
12/23/2016 23:11:04.202 Enqueuing command type: "Scan" pending commands: 0
12/23/2016 23:11:04.203 Dequeuing command type: "Scan" pending commands: 0
12/23/2016 23:11:04.203 Attempting Apple80211ScanAsync on en0
12/23/2016 23:11:05.747 Completed Apple80211ScanAsync on en0 (0x0)
12/23/2016 23:11:05.748 Async scan request completed for "locationd" (0)
12/23/2016 23:11:07.806 __WiFiManagerCellularTransmitCallback_block_invoke: Cellular Transmit Started = FALSE
12/23/2016 23:11:08.123 __WiFiManagerCellularTransmitCallback_block_invoke: Cellular Transmit Started = TRUE
12/23/2016 23:11:09.290 __WiFiManagerCellularTransmitCallback_block_invoke: Cellular Transmit Started = FALSE
12/23/2016 23:11:10.207 Async scan requested by "locationd" for 1 iterations with maxage=0 priority normal on en0
12/23/2016 23:11:10.207 Enqueuing command type: "Scan" pending commands: 0
12/23/2016 23:11:10.207 Dequeuing command type: "Scan" pending commands: 0
12/23/2016 23:11:10.207 Attempting Apple80211ScanAsync on en0
12/23/2016 23:11:10.593 Completed Apple80211ScanAsync on en0 (0x0)
12/23/2016 23:11:10.594 Async scan request completed for "locationd" (0)
12/23/2016 23:11:10.599 Async scan requested by "locationd" for 1 iterations with maxage=0 priority normal on en0
12/23/2016 23:11:10.599 Enqueuing command type: "Scan" pending commands: 0
12/23/2016 23:11:10.599 Dequeuing command type: "Scan" pending commands: 0
12/23/2016 23:11:10.599 Attempting Apple80211ScanAsync on en0
12/23/2016 23:11:11.859 __WiFiManagerCellularTransmitCallback_block_invoke: Cellular Transmit Started = TRUE
12/23/2016 23:11:12.145 Completed Apple80211ScanAsync on en0 (0x0)
12/23/2016 23:11:12.146 Async scan request completed for "locationd" (0)
12/23/2016 23:11:16.424 __WiFiManagerCellularTransmitCallback_block_invoke: Cellular Transmit Started = FALSE
12/23/2016 23:11:16.604 Async scan requested by "locationd" for 1 iterations with maxage=0 priority normal on en0
12/23/2016 23:11:16.604 Enqueuing command type: "Scan" pending commands: 0
12/23/2016 23:11:16.604 Dequeuing command type: "Scan" pending commands: 0
12/23/2016 23:11:16.604 Attempting Apple80211ScanAsync on en0
12/23/2016 23:11:16.720 __WiFiManagerCellularTransmitCallback_block_invoke: Cellular Transmit Started = TRUE
12/23/2016 23:11:16.991 Completed Apple80211ScanAsync on en0 (0x0)
12/23/2016 23:11:16.992 Async scan request completed for "locationd" (0)
12/23/2016 23:11:16.997 Async scan requested by "locationd" for 1 iterations with maxage=0 priority normal on en0
12/23/2016 23:11:16.997 Enqueuing command type: "Scan" pending commands: 0
12/23/2016 23:11:16.997 Dequeuing command type: "Scan" pending commands: 0
12/23/2016 23:11:16.997 Attempting Apple80211ScanAsync on en0
12/23/2016 23:11:17.946 __WiFiManagerCellularTransmitCallback_block_invoke: Cellular Transmit Started = FALSE
12/23/2016 23:11:18.544 Completed Apple80211ScanAsync on en0 (0x0)
12/23/2016 23:11:18.545 Async scan request completed for "locationd" (0)
12/23/2016 23:11:18.880 __WiFiManagerCellularTransmitCallback_block_invoke: Cellular Transmit Started = TRUE
12/23/2016 23:11:19.450 __WiFiDeviceProcessDumpLogsEvent: Dump logs event received, dumped wifid log buffer to file
