 1/04/2017 13:25:04.205 Power stats update: Type 0x5 UnassociatedSleepDur 0 AssociatedSleepDur 175480 TotalDur 301113 RoamDur 0
 1/04/2017 13:25:04.205 WiFiAWDManagerSubmitMetric: metric container could not be generated for metric id <0x90010>
 1/04/2017 13:25:04.205 __WiFiLQAMgrLogStats: Rssi: -66 Cca: 49 TxPer: 0.0% (1) BcnPer: 10.0% (50) RxFrms 1 TxRate: 72222 RxRate: 65000
 1/04/2017 13:25:04.206 __WiFiDeviceCopyLinkChangedSubReasonString: Apple80211ReturnToString failed 1
 1/04/2017 13:25:04.206 __WiFiDeviceProcessDriverAvailableEvent: driver availability true, reason Initializing(0xe0821803), subreason (null)(0x0)
 1/04/2017 13:25:04.206 __WiFiManagerDispatchDeviceAvailable: driver availability true

 1/04/2017 13:25:04.208 __WiFiDeviceManagerAutoAssociate: Already connected to DIGI-146A.
 1/04/2017 13:25:04.209 WiFiAWDManagerSubmitMetric: metric container could not be generated for metric id <0x9000e>
 1/04/2017 13:25:04.209 __WiFiDeviceManagerAutoAssociate: Already connected to DIGI-146A.
 1/04/2017 13:25:04.211 No Change in Background Scan Networks, Skip Re-Programming Background Scan

 1/04/2017 13:25:04.232 __WiFiDeviceManagerBlackListNetworkCallback: Processing BlackList Network Event
 1/04/2017 13:25:04.233 __WiFiDeviceManagerBlackListNetworkCallback: Blacklisting DIGI-146A for Background Scan
 1/04/2017 13:25:04.235 __CreateBGScanRequest Hotspot Orange Mobile Wi-Fi added to BGScan List 
 1/04/2017 13:25:04.235 Preparing background scan request for "UPC5493113" "TP-LINK_Extender_2.4GHz" "UPC2300204" "PRECIS" "eduroam" "G3_7030" "eg304" "eMAG" "Orange Mobile Wi-Fi" Background Scan Caching is Disabled
 1/04/2017 13:25:04.292 __WiFiDeviceCheckForIPRenewalWakeupSupport: State:/Network/Interface/en0/ActiveDuringSleepSupported = FALSE
 1/04/2017 13:25:04.315 __WiFiManagerCellularTransmitCallback_block_invoke: Cellular Transmit Started = FALSE
 1/04/2017 13:25:04.354 WoW is Disabled, 0 WoW Clients
 1/04/2017 13:25:09.301 Received kIOMessageSystemWillSleep
 1/04/2017 13:25:09.301 System Sleep notification, Disabling auto-join
 1/04/2017 13:25:09.301 __WiFiManagerSetEnableState: state FALSE, manager->enable.setting TRUE, manager->unlockedSinceBoot TRUE
 1/04/2017 13:25:09.302 Disabling automatic association
 1/04/2017 13:25:09.352 WoW is Disabled, 0 WoW Clients
 1/04/2017 13:25:09.466 __WiFiDeviceManagerAwdlAvailableCallback: AWDL availability changed to FALSE
 1/04/2017 13:25:09.466 Creating client for "configd"
 1/04/2017 13:25:09.467 __WiFiDeviceCopyLinkChangedSubReasonString: Apple80211ReturnToString failed 1
 1/04/2017 13:25:09.467 __WiFiDeviceProcessDriverAvailableEvent: driver availability false, reason PowerOff(0xe0821804), subreason (null)(0x0)
 1/04/2017 13:25:09.467 __WiFiManagerDispatchDeviceAvailable: driver availability false

 1/04/2017 13:25:09.468 WiFiAWDManagerSubmitMetric: metric container could not be generated for metric id <0x9000e>
 1/04/2017 13:25:09.468 __WiFiDeviceProcessLinkEvent: isLinkDown 1
 1/04/2017 13:25:09.468 Unable to dispatch message to client Preferences (268435460)
 1/04/2017 13:25:09.469 -[WiFiIDSSyncEngine currentNetworkChanged]: <0x16e12f000>, role 1, currentNetwork (null)
 1/04/2017 13:25:09.469 -[WiFiIDSSyncEngine currentNetworkChanged]: adjusted waitForReAssociationTimer <CFRunLoopTimer 0x14ce6ecf0 [0x1a0950150]>{valid = Yes, firing = No, interval = 819052854, tolerance = 0, next fire date = 505221939 (29.999941 @ 7263877428663), callout = (NSTimer) [WiFiIDSSyncEngine companionReAssociationWaitTimerFired:] (0x18292cfe0 / 0x1000e1010) (/usr/sbin/wifid), context = <CFRunLoopTimer context 0x14ce5c520>}
 1/04/2017 13:52:49.951 Total connection time to DIGI-146A 859610.551657
 1/04/2017 13:52:50.027 WiFiDeviceManagerSetNetworks: Adding HS20 Account: 
Domain name orange.ro
3GPP MCC&MNC 226F10 
Friendly Operator Name Orange
 1/04/2017 13:52:50.028 __WiFiDeviceManagerPrepareHS20Queries: created queries <CFArray 0x14cd89d00 [0x1a0950150]>{type = mutable-small, count = 3, values = (
	0 : <CFNumber 0xb0000000000010c1 [0x1a0950150]>{value = +268, type = kCFNumberSInt16Type}
	1 : <CFNumber 0xb000000000001081 [0x1a0950150]>{value = +264, type = kCFNumberSInt16Type}
	2 : <CFNumber 0xb000000000000031 [0x1a0950150]>{value = +3, type = kCFNumberSInt16Type}
)}
 1/04/2017 13:52:50.029 Auto association attempt canceled because auto join is disabled.
 1/04/2017 13:52:50.032 No Change in Background Scan Networks, Skip Re-Programming Background Scan

 1/04/2017 13:52:50.032 Auto association attempt canceled because auto join is disabled.
 1/04/2017 13:52:50.034 __WiFiDeviceManagerSetInterfaceRank: setting interface rank kSCNetworkServicePrimaryRankDefault
 1/04/2017 13:52:50.036 WiFiDeviceRequestAssociatedSleep: ActiveDuringSleepRequested is already removed ((null)).
 1/04/2017 13:52:50.042 WiFiAWDManagerSubmitMetric: metric container could not be generated for metric id <0x90009>
 1/04/2017 13:52:50.042 Link went down: isInVoluntary 0, reason Unknown(4), subreason 0, rssi -68
 1/04/2017 13:52:50.044 __WiFiDeviceResetCCAHistory
 1/04/2017 13:52:50.044 __WiFiDeviceResetRssiHistory
 1/04/2017 13:52:50.059 __WiFiDeviceCopyLinkChangedSubReasonString: Apple80211ReturnToString failed 1
 1/04/2017 13:52:50.059 __WiFiDeviceProcessDriverAvailableEvent: driver availability true, reason Initializing(0xe0821803), subreason (null)(0x0)
 1/04/2017 13:52:50.059 __WiFiManagerDispatchDeviceAvailable: driver availability true

 1/04/2017 13:52:50.061 Auto association attempt canceled because auto join is disabled.
 1/04/2017 13:52:50.061 WiFiAWDManagerSubmitMetric: metric container could not be generated for metric id <0x9000e>
 1/04/2017 13:52:50.062 Auto association attempt canceled because auto join is disabled.
 1/04/2017 13:52:50.063 No Change in Background Scan Networks, Skip Re-Programming Background Scan

 1/04/2017 13:52:50.076 Received kIOMessageSystemWillPowerOn
 1/04/2017 13:52:50.077 System wake reason: AOP.ExternalReq baseband
 1/04/2017 13:52:50.077 System Powered ON notification Re-enabling auto-join
 1/04/2017 13:52:50.077 __WiFiManagerSetEnableState: state TRUE, manager->enable.setting TRUE, manager->unlockedSinceBoot TRUE
 1/04/2017 13:52:50.077 Enabling automatic association
 1/04/2017 13:52:50.078 __WiFiDeviceManagerStateMachineRun: current state: Idle
 1/04/2017 13:52:50.078 Attempting multi-stage auto join mStageAutoJoinAttempts=0
 1/04/2017 13:52:50.078 Starting multi-stage auto join sequence
 1/04/2017 13:52:50.078 multi-stage auto-join: Scanning for previous network DIGI-146A on channel 1
 1/04/2017 13:52:50.078 Performing auto-join broadcast scan with a modified dwell time of 110ms on channels: 1 
 1/04/2017 13:52:50.078 Enqueuing command type: "Scan" pending commands: 0
 1/04/2017 13:52:50.078 WiFiLocaleManagerCheckLocale: location service or wifi is off, set locale to default
 1/04/2017 13:52:50.078 new locale:  , locale: 
 1/04/2017 13:52:50.079 Dequeuing command type: "Scan" pending commands: 0
 1/04/2017 13:52:50.079 Attempting Apple80211ScanAsync on en0
 1/04/2017 13:52:50.405 __WiFiManagerCellularTransmitCallback_block_invoke: Cellular Transmit Started = TRUE
 1/04/2017 13:52:50.412 Completed Apple80211ScanAsync on en0 (0x0)
 1/04/2017 13:52:50.416 Auto join scan completed (0) with current state: Scanning Previous Network Channel
 1/04/2017 13:52:50.416 __WiFiDeviceManagerStateMachineRun: current state: Scanning Previous Network Channel
 1/04/2017 13:52:50.417 Scanning Previous Network Channel found: Clicknet-BE14, Telekom Fon, DIGI-146A
 1/04/2017 13:52:50.418 Attempting auto-join for networks in following order: DIGI-146A(W)
 1/04/2017 13:52:50.418 Autojoin is processing network 1 of 1 candidates
 1/04/2017 13:52:50.418 Attempting auto join association of DIGI-146A
 1/04/2017 13:52:50.457 Enqueuing command type: "Association" pending commands: 1
 1/04/2017 13:52:50.457 Dequeuing command type: "Association" pending commands: 0
 1/04/2017 13:52:50.458 Attempting Apple80211AssociateAsync
 1/04/2017 13:52:50.461 Attempting to join WPA network: DIGI-146A
 1/04/2017 13:52:50.576 WiFiDeviceManagerSetNetworks: Adding HS20 Account: 
Domain name orange.ro
3GPP MCC&MNC 226F10 
Friendly Operator Name Orange
 1/04/2017 13:52:50.576 __WiFiDeviceManagerPrepareHS20Queries: created queries <CFArray 0x14cf1c520 [0x1a0950150]>{type = mutable-small, count = 3, values = (
	0 : <CFNumber 0xb0000000000010c1 [0x1a0950150]>{value = +268, type = kCFNumberSInt16Type}
	1 : <CFNumber 0xb000000000001081 [0x1a0950150]>{value = +264, type = kCFNumberSInt16Type}
	2 : <CFNumber 0xb000000000000031 [0x1a0950150]>{value = +3, type = kCFNumberSInt16Type}
)}
 1/04/2017 13:52:50.576 Auto association attempt canceled because auto join state is Associating.
 1/04/2017 13:52:50.577 No Change in Background Scan Networks, Skip Re-Programming Background Scan

 1/04/2017 13:52:50.621 __WiFiDeviceProcessLinkEvent: isLinkDown 0
 1/04/2017 13:52:50.632 Unable to dispatch message to client Preferences (268435460)
 1/04/2017 13:52:50.642 __WiFiDeviceManagerSetInterfaceRank: setting interface rank kSCNetworkServicePrimaryRankDefault
 1/04/2017 13:52:50.643 __WiFiDeviceManagerEvaluateAPEnvironment: Getting AP environment for DIGI-146A. Learning period 259200 secs Expiry period 2592000 secs
 1/04/2017 13:52:50.644 __WiFiDeviceManagerEvaluateAPEnvironment: AP environment is 2 for DIGI-146A(4:bd:70:a4:e3:8)
 1/04/2017 13:52:50.644 WiFiDeviceSetRoamParams: setting roam profile to type 1
 1/04/2017 13:52:50.645 __WiFiDeviceManagerEvaluateAPEnvironment: Getting AP environment for DIGI-146A. Learning period 259200 secs Expiry period 2592000 secs
 1/04/2017 13:52:50.645 __WiFiDeviceManagerEvaluateAPEnvironment: AP environment is 2 for DIGI-146A(4:bd:70:a4:e3:8)
 1/04/2017 13:52:50.645 __WiFiLQAMgrSetCurrentNetwork: SSID: DIGI-146A BSSID: 4:bd:70:a4:e3:8 RSSI: -63 ApEnv: 2
 1/04/2017 13:52:50.648 WiFiDeviceRequestAssociatedSleep: ActiveDuringSleepRequested is already removed ((null)).
 1/04/2017 13:52:50.648 __WiFiDeviceResetCCAHistory
 1/04/2017 13:52:50.648 __WiFiDeviceResetRssiHistory
 1/04/2017 13:52:50.649 __WiFiLQAMgrLogStats: Rssi: -63 Cca: 0 TxPer: 0.0% (0) BcnPer: 0.0% (0) RxFrms 0 TxRate: 0 RxRate: 0
 1/04/2017 13:52:50.651 __WiFiDeviceProcessLinkEvent: Initializing lqm value: rawRssi -63, scaledRssi 0.782152, noise 0, snr 28
 1/04/2017 13:52:50.652 __WiFiMetricsManagerPrepareLinkChangeNetworkParams: OUI:04:bd:70 Channel:1(20MHz) Flags:0x8 PhyMode:0x10 Security:0x2 WPA:[Prot:0x2 McastCipher:0x4 UcastCipher:0xc AKM:0x2 Caps:0x0] HT:[Info:0x19fc AMPDU:0x1b TXBF:0x0 Ext:0x0 ASEL:0x0] VHT:[Info:0x0]
 1/04/2017 13:52:50.652 WiFiAWDManagerSubmitMetric: metric container could not be generated for metric id <0x90009>
 1/04/2017 13:52:50.673 configd requesting removal of BGScan networks
 1/04/2017 13:52:50.675 No Change in Background Scan Networks, Skip Re-Programming Background Scan

 1/04/2017 13:52:50.675 __WiFiManagerSetEnableState: state TRUE, manager->enable.setting TRUE, manager->unlockedSinceBoot TRUE
 1/04/2017 13:52:50.675 Removing client for "configd"
 1/04/2017 13:52:50.675 Completed Apple80211AssociateAsync (0 - 0x0)
 1/04/2017 13:52:50.675 Joined: DIGI-146A
 1/04/2017 13:52:50.675 Auto join association completed (0) with current state: Associating
 1/04/2017 13:52:50.675 __WiFiDeviceManagerStateMachineRun: current state: Associating
 1/04/2017 13:52:50.675 __WiFiDeviceManagerProcessAssociationResult: current state: Associating
 1/04/2017 13:52:50.675 WiFiNetworkSetKnownBssUsageData: BSS updated - current BSS: 4:bd:70:a4:e3:8 (1)
 1/04/2017 13:52:50.675 Removing problematic state for DIGI-146A, reason N/A reasonData=0
 1/04/2017 13:52:50.676 problematic networks =  and potentially problematic networks = 
 1/04/2017 13:52:50.677 No Change in Background Scan Networks, Skip Re-Programming Background Scan

 1/04/2017 13:52:50.677 __WiFiManagerDidAssociateCallback: network DIGI-146A, requestedInformation <CFBasicHash 0x14cfe49b0 [0x1a0950150]>{type = mutable dict, count = 1,
entries =>
	2 : <CFString 0x10017e160 [0x1a0950150]>{contents = "reason"} = <CFString 0x100185180 [0x1a0950150]>{contents = "Associating"}
}

 1/04/2017 13:52:50.699 WiFiDeviceManagerSetNetworks: Adding HS20 Account: 
Domain name orange.ro
3GPP MCC&MNC 226F10 
Friendly Operator Name Orange
 1/04/2017 13:52:50.700 __WiFiDeviceManagerPrepareHS20Queries: created queries <CFArray 0x14ce5cf50 [0x1a0950150]>{type = mutable-small, count = 3, values = (
	0 : <CFNumber 0xb0000000000010c1 [0x1a0950150]>{value = +268, type = kCFNumberSInt16Type}
	1 : <CFNumber 0xb000000000001081 [0x1a0950150]>{value = +264, type = kCFNumberSInt16Type}
	2 : <CFNumber 0xb000000000000031 [0x1a0950150]>{value = +3, type = kCFNumberSInt16Type}
)}
 1/04/2017 13:52:50.700 Auto association attempt canceled because auto join state is Associating.
 1/04/2017 13:52:50.703 No Change in Background Scan Networks, Skip Re-Programming Background Scan

 1/04/2017 13:52:50.704 MIS state is Disabled
 1/04/2017 13:52:50.704 MIS state queried by "SpringBoard" is Disable
 1/04/2017 13:52:50.706 MIS state is Disabled
 1/04/2017 13:52:50.706 MIS state queried by "UserEventAgent" is Disable
 1/04/2017 13:52:50.714 __WiFiDeviceManagerAwdlAvailableCallback: AWDL availability changed to TRUE
 1/04/2017 13:52:50.722 IPV4 State change for en0
 1/04/2017 13:52:50.725 IPV6 State change for en0
 1/04/2017 13:52:50.727 MIS state is Disabled
 1/04/2017 13:52:50.727 MIS state queried by "locationd" is Disable
 1/04/2017 13:52:50.728 MIS state is Disabled
 1/04/2017 13:52:50.729 MIS state queried by "identityservices" is Disable
 1/04/2017 13:52:50.730 MIS state is Disabled
 1/04/2017 13:52:50.730 MIS state queried by "apsd" is Disable
 1/04/2017 13:52:50.749 MIS state is Disabled
 1/04/2017 13:52:50.749 MIS state queried by "imagent" is Disable
 1/04/2017 13:52:50.751 Creating client for "configd"
 1/04/2017 13:52:50.759 MIS state is Disabled
 1/04/2017 13:52:50.760 MIS state queried by "InCallService" is Disable
 1/04/2017 13:52:50.760 MIS state is Disabled
 1/04/2017 13:52:50.760 MIS state queried by "mediaserverd" is Disable
 1/04/2017 13:52:50.761 MIS state is Disabled
 1/04/2017 13:52:50.761 MIS state queried by "MobileMail" is Disable
 1/04/2017 13:52:50.797 WiFiDeviceManagerSetNetworks: Adding HS20 Account: 
Domain name orange.ro
3GPP MCC&MNC 226F10 
Friendly Operator Name Orange
 1/04/2017 13:52:50.798 __WiFiDeviceManagerPrepareHS20Queries: created queries <CFArray 0x14cdbde60 [0x1a0950150]>{type = mutable-small, count = 3, values = (
	0 : <CFNumber 0xb0000000000010c1 [0x1a0950150]>{value = +268, type = kCFNumberSInt16Type}
	1 : <CFNumber 0xb000000000001081 [0x1a0950150]>{value = +264, type = kCFNumberSInt16Type}
	2 : <CFNumber 0xb000000000000031 [0x1a0950150]>{value = +3, type = kCFNumberSInt16Type}
)}
 1/04/2017 13:52:50.799 __WiFiDeviceManagerAutoAssociate: Already connected to DIGI-146A.
 1/04/2017 13:52:50.801 No Change in Background Scan Networks, Skip Re-Programming Background Scan

 1/04/2017 13:52:50.802 MIS state is Disabled
 1/04/2017 13:52:50.802 MIS state queried by "nanoregistryd" is Disable
 1/04/2017 13:52:51.007 IPv4 Primary interface is pdp_ip0 and IPv6 Primary Interface is (null)
 1/04/2017 13:52:51.008 IPv4 Primary interface is pdp_ip0 and IPv6 Primary Interface is (null)
 1/04/2017 13:52:51.020 MIS state is Disabled
 1/04/2017 13:52:51.020 MIS state queried by "SpringBoard" is Disable
 1/04/2017 13:52:51.024 MIS state is Disabled
 1/04/2017 13:52:51.024 MIS state queried by "UserEventAgent" is Disable
 1/04/2017 13:52:51.028 MIS state is Disabled
 1/04/2017 13:52:51.028 MIS state queried by "identityservices" is Disable
 1/04/2017 13:52:51.033 MIS state is Disabled
 1/04/2017 13:52:51.033 MIS state queried by "imagent" is Disable
 1/04/2017 13:52:51.074 MIS state is Disabled
 1/04/2017 13:52:51.083 MIS state queried by "locationd" is Disable
 1/04/2017 13:52:51.092 MIS state is Disabled
 1/04/2017 13:52:51.092 MIS state queried by "apsd" is Disable
 1/04/2017 13:52:51.098 configd requesting removal of BGScan networks
 1/04/2017 13:52:51.101 No Change in Background Scan Networks, Skip Re-Programming Background Scan

 1/04/2017 13:52:51.101 __WiFiManagerSetEnableState: state TRUE, manager->enable.setting TRUE, manager->unlockedSinceBoot TRUE
 1/04/2017 13:52:51.101 Removing client for "configd"
 1/04/2017 13:52:51.115 MIS state is Disabled
 1/04/2017 13:52:51.115 MIS state queried by "InCallService" is Disable
 1/04/2017 13:52:51.122 MIS state is Disabled
 1/04/2017 13:52:51.122 MIS state queried by "mediaserverd" is Disable
 1/04/2017 13:52:51.124 MIS state is Disabled
 1/04/2017 13:52:51.124 MIS state queried by "MobileMail" is Disable
 1/04/2017 13:52:51.126 IPV4 State change for en0
 1/04/2017 13:52:51.127 IP Address: 192.168.100.10
 1/04/2017 13:52:51.127 Router IP Address: 192.168.100.1
 1/04/2017 13:52:51.127 __WiFiDeviceCheckForIPV4ParamsChange: Setting power mode to kA11PowerProfileDefault
 1/04/2017 13:52:51.128 __WiFiManagerIPv4Callback: <en0> [DIGI-146A                               : isHidden=0, isEAP=0, isWPA=1, isWEP=0, type=0] isMainIf? 1, isRoutable? 1
 1/04/2017 13:52:51.128 -[WiFiIDSSyncEngine currentNetworkChanged]: <0x16e12f000>, role 1, currentNetwork DIGI-146A                               : isHidden=0, isEAP=0, isWPA=1, isWEP=0, type=0
 1/04/2017 13:52:51.128 -[WiFiIDSSyncEngine currentNetworkChanged]: reset waitForReAssociationTimer <CFRunLoopTimer 0x14ce6ecf0 [0x1a0950150]>{valid = Yes, firing = No, interval = 819052854, tolerance = 0, next fire date = 1.32580714e+09 (820583571 @ 12125132757461231), callout = (NSTimer) [WiFiIDSSyncEngine companionReAssociationWaitTimerFired:] (0x18292cfe0 / 0x1000e1010) (/usr/sbin/wifid), context = <CFRunLoopTimer context 0x14ce5c520>}
 1/04/2017 13:52:51.128 -[WiFiIDSSyncEngine sendCurrentCompanionNetwork]: autojoinAssistDict {
    "SSID_STR" = "DIGI-146A";
}
 1/04/2017 13:52:51.128 WiFiLQAMgrSetRouterIpv4Addr: Router IP Address: 192.168.100.1 
 1/04/2017 13:52:51.129 -[WiFiIDSSyncEngine sendToGizmoOfDataType:]: <0x16e1bb000> ID:(null), data type 1
 1/04/2017 13:52:51.130 __WiFiDeviceCheckForIPV4ParamsChange: configMethod DHCP, leaseExpiryDuration 4320 mins
 1/04/2017 13:52:51.130 WiFiAWDManagerSubmitMetric: metric container could not be generated for metric id <0x90007>
 1/04/2017 13:52:51.130 Router MAC Address: 04:bd:70:a4:e3:00
 1/04/2017 13:52:51.139 IPv4 Primary interface is pdp_ip0 and IPv6 Primary Interface is (null)
 1/04/2017 13:52:51.225 IPv4 Primary interface is en0 and IPv6 Primary Interface is (null)
 1/04/2017 13:52:51.227 IPV6 State change for en0
 1/04/2017 13:52:51.227 IP Address: 2a02:2f0a:c086:7700:bd:d32:ed1f:b609
 1/04/2017 13:52:51.227 IP Address: 2a02:2f0a:c086:7700:a4b6:848b:dd5d:78ef
 1/04/2017 13:52:51.257 IPv4 Primary interface is en0 and IPv6 Primary Interface is en0
 1/04/2017 13:52:51.258 IPv4 Primary interface is en0 and IPv6 Primary Interface is en0
 1/04/2017 13:52:51.274 WoW is Disabled, 0 WoW Clients
 1/04/2017 13:52:51.275 MIS state is Disabled
 1/04/2017 13:52:51.276 MIS state queried by "nanoregistryd" is Disable
 1/04/2017 13:52:51.361 WoW is Disabled, 0 WoW Clients
 1/04/2017 13:52:51.377 WoW is Disabled, 0 WoW Clients
 1/04/2017 13:52:51.392 WoW is Disabled, 0 WoW Clients
 1/04/2017 13:52:51.574 WoW is Disabled, 0 WoW Clients
 1/04/2017 13:52:54.084 IPv4 Primary interface is en0 and IPv6 Primary Interface is en0
 1/04/2017 13:52:54.085 IPv4 Primary interface is en0 and IPv6 Primary Interface is en0
 1/04/2017 13:53:00.558 __WiFiLQAMgrLogStats: Rssi: -61 Cca: 0 TxPer: 0.0% (4) BcnPer: 13.3% (15) RxFrms 4 TxRate: 39000 RxRate: 65000
 1/04/2017 13:53:04.348 scanCache: Purging scan cache
 1/04/2017 13:53:04.843 __WiFiManagerCellularTransmitCallback_block_invoke: Cellular Transmit Started = FALSE
 1/04/2017 13:53:05.567 __WiFiLQAMgrLogStats: Rssi: -63 Cca: 43 TxPer: 0.0% (0) BcnPer: 5.0% (40) RxFrms 6 TxRate: 39000 RxRate: 65000
 1/04/2017 13:53:10.581 __WiFiLQAMgrLogStats: Rssi: -64 Cca: 52 TxPer: 0.0% (0) BcnPer: 8.0% (50) RxFrms 2 TxRate: 39000 RxRate: 65000
 1/04/2017 13:53:15.585 __WiFiLQAMgrLogStats: Rssi: -63 Cca: 52 TxPer: 0.0% (0) BcnPer: 2.0% (50) RxFrms 0 TxRate: 39000 RxRate: 65000
 1/04/2017 13:53:18.342 __WiFiManagerCellularTransmitCallback_block_invoke: Cellular Transmit Started = TRUE
 1/04/2017 13:53:20.594 __WiFiLQAMgrLogStats: Rssi: -61 Cca: 43 TxPer: 0.0% (1) BcnPer: 4.0% (50) RxFrms 3 TxRate: 39000 RxRate: 65000
 1/04/2017 13:53:25.609 __WiFiLQAMgrLogStats: Rssi: -64 Cca: 43 TxPer: 0.0% (13) BcnPer: 10.0% (50) RxFrms 13 TxRate: 39000 RxRate: 65000
 1/04/2017 13:53:26.409 __WiFiManagerCellularTransmitCallback_block_invoke: Cellular Transmit Started = FALSE
 1/04/2017 13:53:30.611 __WiFiLQAMgrLogStats: Rssi: -65 Cca: 53 TxPer: 0.0% (0) BcnPer: 8.0% (50) RxFrms 2 TxRate: 39000 RxRate: 65000
 1/04/2017 13:53:33.101 __WiFiManagerCellularTransmitCallback_block_invoke: Cellular Transmit Started = TRUE
 1/04/2017 13:53:35.618 __WiFiLQAMgrLogStats: Rssi: -62 Cca: 24 TxPer: 0.0% (5) BcnPer: 10.0% (50) RxFrms 6 TxRate: 39000 RxRate: 65000
 1/04/2017 13:53:35.706 WiFiLocaleManagerCheckLocale: location service or wifi is off, set locale to default
 1/04/2017 13:53:35.706 new locale:  , locale: 
 1/04/2017 13:53:40.626 __WiFiLQAMgrLogStats: Rssi: -60 Cca: 24 TxPer: 0.0% (3) BcnPer: 2.0% (50) RxFrms 6 TxRate: 39000 RxRate: 65000
 1/04/2017 13:53:45.168 __WiFiManagerCellularTransmitCallback_block_invoke: Cellular Transmit Started = FALSE
 1/04/2017 13:53:45.635 __WiFiLQAMgrLogStats: Rssi: -62 Cca: 24 TxPer: 0.0% (1) BcnPer: 2.0% (50) RxFrms 4 TxRate: 39000 RxRate: 65000
 1/04/2017 13:53:50.643 __WiFiLQAMgrLogStats: Rssi: -63 Cca: 24 TxPer: 0.0% (4) BcnPer: 4.0% (50) RxFrms 5 TxRate: 39000 RxRate: 65000
 1/04/2017 13:53:53.012 Received kIOMessageSystemWillSleep
 1/04/2017 13:53:53.012 System Sleep notification, Disabling auto-join
 1/04/2017 13:53:53.012 __WiFiManagerSetEnableState: state FALSE, manager->enable.setting TRUE, manager->unlockedSinceBoot TRUE
 1/04/2017 13:53:53.012 Disabling automatic association
 1/04/2017 13:53:53.047 WoW is Disabled, 0 WoW Clients
 1/04/2017 13:53:53.135 __WiFiDeviceCopyLinkChangedSubReasonString: Apple80211ReturnToString failed 1
 1/04/2017 13:53:53.135 __WiFiDeviceProcessDriverAvailableEvent: driver availability false, reason PowerOff(0xe0821804), subreason (null)(0x0)
 1/04/2017 13:53:53.135 __WiFiManagerDispatchDeviceAvailable: driver availability false

 1/04/2017 13:53:53.140 WiFiAWDManagerSubmitMetric: metric container could not be generated for metric id <0x9000e>
 1/04/2017 13:53:53.142 __WiFiDeviceManagerAwdlAvailableCallback: AWDL availability changed to FALSE
 1/04/2017 13:53:53.142 __WiFiDeviceProcessLinkEvent: isLinkDown 1
 1/04/2017 13:53:53.142 Unable to dispatch message to client Preferences (268435460)
 1/04/2017 13:53:53.143 -[WiFiIDSSyncEngine currentNetworkChanged]: <0x16e12f000>, role 1, currentNetwork (null)
 1/04/2017 13:53:53.143 -[WiFiIDSSyncEngine currentNetworkChanged]: adjusted waitForReAssociationTimer <CFRunLoopTimer 0x14ce6ecf0 [0x1a0950150]>{valid = Yes, firing = No, interval = 819052854, tolerance = 0, next fire date = 505223663 (29.999956 @ 7265399537646), callout = (NSTimer) [WiFiIDSSyncEngine companionReAssociationWaitTimerFired:] (0x18292cfe0 / 0x1000e1010) (/usr/sbin/wifid), context = <CFRunLoopTimer context 0x14ce5c520>}
 1/04/2017 13:54:16.806 Total connection time to DIGI-146A 859696.682654
 1/04/2017 13:54:16.863 WiFiDeviceManagerSetNetworks: Adding HS20 Account: 
Domain name orange.ro
3GPP MCC&MNC 226F10 
Friendly Operator Name Orange
 1/04/2017 13:54:16.863 __WiFiDeviceManagerPrepareHS20Queries: created queries <CFArray 0x14ce71c00 [0x1a0950150]>{type = mutable-small, count = 3, values = (
	0 : <CFNumber 0xb0000000000010c1 [0x1a0950150]>{value = +268, type = kCFNumberSInt16Type}
	1 : <CFNumber 0xb000000000001081 [0x1a0950150]>{value = +264, type = kCFNumberSInt16Type}
	2 : <CFNumber 0xb000000000000031 [0x1a0950150]>{value = +3, type = kCFNumberSInt16Type}
)}
 1/04/2017 13:54:16.864 Auto association attempt canceled because auto join is disabled.
 1/04/2017 13:54:16.865 No Change in Background Scan Networks, Skip Re-Programming Background Scan

 1/04/2017 13:54:16.865 Auto association attempt canceled because auto join is disabled.
 1/04/2017 13:54:16.867 __WiFiDeviceManagerSetInterfaceRank: setting interface rank kSCNetworkServicePrimaryRankDefault
 1/04/2017 13:54:16.867 WiFiDeviceRequestAssociatedSleep: ActiveDuringSleepRequested is already removed ((null)).
 1/04/2017 13:54:16.873 WiFiAWDManagerSubmitMetric: metric container could not be generated for metric id <0x90009>
 1/04/2017 13:54:16.873 Link went down: isInVoluntary 0, reason Unknown(4), subreason 0, rssi -63
 1/04/2017 13:54:16.873 __WiFiDeviceResetCCAHistory
 1/04/2017 13:54:16.874 __WiFiDeviceResetRssiHistory
 1/04/2017 13:54:16.875 Creating client for "configd"
 1/04/2017 13:54:16.882 Received kIOMessageSystemWillPowerOn
 1/04/2017 13:54:16.882 System wake reason: AOP.ExternalReq baseband
 1/04/2017 13:54:16.882 System Powered ON notification Re-enabling auto-join
 1/04/2017 13:54:16.882 __WiFiManagerSetEnableState: state TRUE, manager->enable.setting TRUE, manager->unlockedSinceBoot TRUE
 1/04/2017 13:54:16.882 Enabling automatic association
 1/04/2017 13:54:16.883 __WiFiDeviceManagerStateMachineRun: current state: Idle
 1/04/2017 13:54:16.883 Attempting multi-stage auto join mStageAutoJoinAttempts=0
 1/04/2017 13:54:16.883 Starting multi-stage auto join sequence
 1/04/2017 13:54:16.883 multi-stage auto-join: Scanning for previous network DIGI-146A on channel 1
 1/04/2017 13:54:16.883 Performing auto-join broadcast scan with a modified dwell time of 110ms on channels: 1 
 1/04/2017 13:54:16.883 Enqueuing command type: "Scan" pending commands: 0
 1/04/2017 13:54:16.883 WiFiLocaleManagerCheckLocale: location service or wifi is off, set locale to default
 1/04/2017 13:54:16.883 new locale:  , locale: 
 1/04/2017 13:54:16.883 Dequeuing command type: "Scan" pending commands: 0
 1/04/2017 13:54:16.884 Attempting Apple80211ScanAsync on en0
 1/04/2017 13:54:16.925 __WiFiDeviceCopyLinkChangedSubReasonString: Apple80211ReturnToString failed 1
 1/04/2017 13:54:16.925 __WiFiDeviceProcessDriverAvailableEvent: driver availability true, reason Initializing(0xe0821803), subreason (null)(0x0)
 1/04/2017 13:54:16.925 __WiFiManagerDispatchDeviceAvailable: driver availability true

 1/04/2017 13:54:16.926 Auto association attempt canceled because auto join state is Scanning Previous Network Channel.
 1/04/2017 13:54:16.926 WiFiAWDManagerSubmitMetric: metric container could not be generated for metric id <0x9000e>
 1/04/2017 13:54:16.940 WiFiDeviceManagerSetNetworks: Adding HS20 Account: 
Domain name orange.ro
3GPP MCC&MNC 226F10 
Friendly Operator Name Orange
 1/04/2017 13:54:16.940 __WiFiDeviceManagerPrepareHS20Queries: created queries <CFArray 0x14cfc6b90 [0x1a0950150]>{type = mutable-small, count = 3, values = (
	0 : <CFNumber 0xb0000000000010c1 [0x1a0950150]>{value = +268, type = kCFNumberSInt16Type}
	1 : <CFNumber 0xb000000000001081 [0x1a0950150]>{value = +264, type = kCFNumberSInt16Type}
	2 : <CFNumber 0xb000000000000031 [0x1a0950150]>{value = +3, type = kCFNumberSInt16Type}
)}
 1/04/2017 13:54:16.940 Auto association attempt canceled because auto join state is Scanning Previous Network Channel.
 1/04/2017 13:54:16.942 No Change in Background Scan Networks, Skip Re-Programming Background Scan

 1/04/2017 13:54:16.942 __WiFiManagerCellularTransmitCallback_block_invoke: Cellular Transmit Started = TRUE
 1/04/2017 13:54:16.945 Auto association attempt canceled because auto join state is Scanning Previous Network Channel.
 1/04/2017 13:54:16.946 No Change in Background Scan Networks, Skip Re-Programming Background Scan

 1/04/2017 13:54:17.154 Completed Apple80211ScanAsync on en0 (0x0)
 1/04/2017 13:54:17.157 Auto join scan completed (0) with current state: Scanning Previous Network Channel
 1/04/2017 13:54:17.157 __WiFiDeviceManagerStateMachineRun: current state: Scanning Previous Network Channel
 1/04/2017 13:54:17.157 Scanning Previous Network Channel found: Telekom Fon, Clicknet-BE14, DIGI-146A
 1/04/2017 13:54:17.158 Attempting auto-join for networks in following order: DIGI-146A(W)
 1/04/2017 13:54:17.158 Autojoin is processing network 1 of 1 candidates
 1/04/2017 13:54:17.167 Attempting auto join association of DIGI-146A
 1/04/2017 13:54:17.361 Enqueuing command type: "Association" pending commands: 1
 1/04/2017 13:54:17.361 Dequeuing command type: "Association" pending commands: 0
 1/04/2017 13:54:17.361 Attempting Apple80211AssociateAsync
 1/04/2017 13:54:17.367 Attempting to join WPA network: DIGI-146A
 1/04/2017 13:54:17.469 MIS state is Disabled
 1/04/2017 13:54:17.469 MIS state queried by "SpringBoard" is Disable
 1/04/2017 13:54:17.470 MIS state is Disabled
 1/04/2017 13:54:17.470 MIS state queried by "locationd" is Disable
 1/04/2017 13:54:17.472 MIS state is Disabled
 1/04/2017 13:54:17.472 MIS state queried by "UserEventAgent" is Disable
 1/04/2017 13:54:17.472 MIS state is Disabled
 1/04/2017 13:54:17.473 MIS state queried by "identityservices" is Disable
 1/04/2017 13:54:17.475 MIS state is Disabled
 1/04/2017 13:54:17.475 MIS state queried by "apsd" is Disable
 1/04/2017 13:54:17.496 MIS state is Disabled
 1/04/2017 13:54:17.497 MIS state queried by "imagent" is Disable
 1/04/2017 13:54:17.504 __WiFiDeviceProcessLinkEvent: isLinkDown 0
 1/04/2017 13:54:17.526 Unable to dispatch message to client Preferences (268435460)
 1/04/2017 13:54:17.538 __WiFiDeviceManagerSetInterfaceRank: setting interface rank kSCNetworkServicePrimaryRankDefault
 1/04/2017 13:54:17.538 __WiFiDeviceManagerEvaluateAPEnvironment: Getting AP environment for DIGI-146A. Learning period 259200 secs Expiry period 2592000 secs
 1/04/2017 13:54:17.538 __WiFiDeviceManagerEvaluateAPEnvironment: AP environment is 2 for DIGI-146A(4:bd:70:a4:e3:8)
 1/04/2017 13:54:17.538 WiFiDeviceSetRoamParams: setting roam profile to type 1
 1/04/2017 13:54:17.539 __WiFiDeviceManagerEvaluateAPEnvironment: Getting AP environment for DIGI-146A. Learning period 259200 secs Expiry period 2592000 secs
 1/04/2017 13:54:17.539 __WiFiDeviceManagerEvaluateAPEnvironment: AP environment is 2 for DIGI-146A(4:bd:70:a4:e3:8)
 1/04/2017 13:54:17.539 __WiFiLQAMgrSetCurrentNetwork: SSID: DIGI-146A BSSID: 4:bd:70:a4:e3:8 RSSI: -58 ApEnv: 2
 1/04/2017 13:54:17.541 WiFiDeviceRequestAssociatedSleep: ActiveDuringSleepRequested is already removed ((null)).
 1/04/2017 13:54:17.541 __WiFiDeviceResetCCAHistory
 1/04/2017 13:54:17.541 __WiFiDeviceResetRssiHistory
 1/04/2017 13:54:17.541 __WiFiLQAMgrLogStats: Rssi: -58 Cca: 0 TxPer: 0.0% (0) BcnPer: 0.0% (0) RxFrms 0 TxRate: 0 RxRate: 0
 1/04/2017 13:54:17.544 __WiFiDeviceProcessLinkEvent: Initializing lqm value: rawRssi -58, scaledRssi 0.838377, noise 0, snr 33
 1/04/2017 13:54:17.545 __WiFiMetricsManagerPrepareLinkChangeNetworkParams: OUI:04:bd:70 Channel:1(20MHz) Flags:0x8 PhyMode:0x10 Security:0x2 WPA:[Prot:0x2 McastCipher:0x4 UcastCipher:0xc AKM:0x2 Caps:0x0] HT:[Info:0x19fc AMPDU:0x1b TXBF:0x0 Ext:0x0 ASEL:0x0] VHT:[Info:0x0]
 1/04/2017 13:54:17.545 WiFiAWDManagerSubmitMetric: metric container could not be generated for metric id <0x90009>
 1/04/2017 13:54:17.547 MIS state is Disabled
 1/04/2017 13:54:17.547 MIS state queried by "InCallService" is Disable
 1/04/2017 13:54:17.554 MIS state is Disabled
 1/04/2017 13:54:17.554 MIS state queried by "mediaserverd" is Disable
 1/04/2017 13:54:17.555 MIS state is Disabled
 1/04/2017 13:54:17.555 MIS state queried by "MobileMail" is Disable
 1/04/2017 13:54:17.555 MIS state is Disabled
 1/04/2017 13:54:17.555 MIS state queried by "nanoregistryd" is Disable
 1/04/2017 13:54:17.556 configd requesting removal of BGScan networks
 1/04/2017 13:54:17.557 No Change in Background Scan Networks, Skip Re-Programming Background Scan

 1/04/2017 13:54:17.557 __WiFiManagerSetEnableState: state TRUE, manager->enable.setting TRUE, manager->unlockedSinceBoot TRUE
 1/04/2017 13:54:17.557 Removing client for "configd"
 1/04/2017 13:54:17.565 __WiFiDeviceManagerAwdlAvailableCallback: AWDL availability changed to TRUE
 1/04/2017 13:54:17.565 WiFiLQAMgrSetGatewayARPState: GatewayARPState Expired
 1/04/2017 13:54:17.568 Creating client for "configd"
 1/04/2017 13:54:17.611 Completed Apple80211AssociateAsync (0 - 0x0)
 1/04/2017 13:54:17.611 Joined: DIGI-146A
 1/04/2017 13:54:17.611 Auto join association completed (0) with current state: Associating
 1/04/2017 13:54:17.612 __WiFiDeviceManagerStateMachineRun: current state: Associating
 1/04/2017 13:54:17.612 __WiFiDeviceManagerProcessAssociationResult: current state: Associating
 1/04/2017 13:54:17.612 WiFiNetworkSetKnownBssUsageData: BSS updated - current BSS: 4:bd:70:a4:e3:8 (1)
 1/04/2017 13:54:17.612 Removing problematic state for DIGI-146A, reason N/A reasonData=0
 1/04/2017 13:54:17.612 problematic networks =  and potentially problematic networks = 
 1/04/2017 13:54:17.619 No Change in Background Scan Networks, Skip Re-Programming Background Scan

 1/04/2017 13:54:17.619 __WiFiManagerDidAssociateCallback: network DIGI-146A, requestedInformation <CFBasicHash 0x14ce605c0 [0x1a0950150]>{type = mutable dict, count = 1,
entries =>
	2 : <CFString 0x10017e160 [0x1a0950150]>{contents = "reason"} = <CFString 0x100185180 [0x1a0950150]>{contents = "Associating"}
}

 1/04/2017 13:54:17.642 WiFiDeviceManagerSetNetworks: Adding HS20 Account: 
Domain name orange.ro
3GPP MCC&MNC 226F10 
Friendly Operator Name Orange
 1/04/2017 13:54:17.643 __WiFiDeviceManagerPrepareHS20Queries: created queries <CFArray 0x14cd62320 [0x1a0950150]>{type = mutable-small, count = 3, values = (
	0 : <CFNumber 0xb0000000000010c1 [0x1a0950150]>{value = +268, type = kCFNumberSInt16Type}
	1 : <CFNumber 0xb000000000001081 [0x1a0950150]>{value = +264, type = kCFNumberSInt16Type}
	2 : <CFNumber 0xb000000000000031 [0x1a0950150]>{value = +3, type = kCFNumberSInt16Type}
)}
 1/04/2017 13:54:17.643 Auto association attempt canceled because auto join state is Associating.
 1/04/2017 13:54:17.645 No Change in Background Scan Networks, Skip Re-Programming Background Scan

 1/04/2017 13:54:17.707 WoW is Disabled, 0 WoW Clients
 1/04/2017 13:54:17.720 IPV4 State change for en0
 1/04/2017 13:54:17.722 IPV6 State change for en0
 1/04/2017 13:54:17.723 IPv4 Primary interface is pdp_ip0 and IPv6 Primary Interface is (null)
 1/04/2017 13:54:17.724 IPv4 Primary interface is pdp_ip0 and IPv6 Primary Interface is (null)
 1/04/2017 13:54:17.729 MIS state is Disabled
 1/04/2017 13:54:17.729 MIS state queried by "SpringBoard" is Disable
 1/04/2017 13:54:17.735 MIS state is Disabled
 1/04/2017 13:54:17.736 MIS state queried by "locationd" is Disable
 1/04/2017 13:54:17.747 WiFiDeviceManagerSetNetworks: Adding HS20 Account: 
Domain name orange.ro
3GPP MCC&MNC 226F10 
Friendly Operator Name Orange
 1/04/2017 13:54:17.747 __WiFiDeviceManagerPrepareHS20Queries: created queries <CFArray 0x14cec0910 [0x1a0950150]>{type = mutable-small, count = 3, values = (
	0 : <CFNumber 0xb0000000000010c1 [0x1a0950150]>{value = +268, type = kCFNumberSInt16Type}
	1 : <CFNumber 0xb000000000001081 [0x1a0950150]>{value = +264, type = kCFNumberSInt16Type}
	2 : <CFNumber 0xb000000000000031 [0x1a0950150]>{value = +3, type = kCFNumberSInt16Type}
)}
 1/04/2017 13:54:17.748 __WiFiDeviceManagerAutoAssociate: Already connected to DIGI-146A.
 1/04/2017 13:54:17.749 No Change in Background Scan Networks, Skip Re-Programming Background Scan

 1/04/2017 13:54:17.750 MIS state is Disabled
 1/04/2017 13:54:17.750 MIS state queried by "UserEventAgent" is Disable
 1/04/2017 13:54:17.750 MIS state is Disabled
 1/04/2017 13:54:17.751 MIS state queried by "identityservices" is Disable
 1/04/2017 13:54:17.751 MIS state is Disabled
 1/04/2017 13:54:17.751 MIS state queried by "apsd" is Disable
 1/04/2017 13:54:17.754 MIS state is Disabled
 1/04/2017 13:54:17.754 MIS state queried by "imagent" is Disable
 1/04/2017 13:54:17.785 MIS state is Disabled
 1/04/2017 13:54:17.785 MIS state queried by "InCallService" is Disable
 1/04/2017 13:54:17.797 MIS state is Disabled
 1/04/2017 13:54:17.797 MIS state queried by "mediaserverd" is Disable
 1/04/2017 13:54:17.808 MIS state is Disabled
 1/04/2017 13:54:17.808 MIS state queried by "MobileMail" is Disable
 1/04/2017 13:54:17.839 MIS state is Disabled
 1/04/2017 13:54:17.839 MIS state queried by "nanoregistryd" is Disable
 1/04/2017 13:54:17.839 configd requesting removal of BGScan networks
 1/04/2017 13:54:17.850 No Change in Background Scan Networks, Skip Re-Programming Background Scan

 1/04/2017 13:54:17.850 __WiFiManagerSetEnableState: state TRUE, manager->enable.setting TRUE, manager->unlockedSinceBoot TRUE
 1/04/2017 13:54:17.850 Removing client for "configd"
 1/04/2017 13:54:17.869 IPV4 State change for en0
 1/04/2017 13:54:17.870 IP Address: 192.168.100.10
 1/04/2017 13:54:17.870 Router IP Address: 192.168.100.1
 1/04/2017 13:54:17.870 __WiFiDeviceCheckForIPV4ParamsChange: Setting power mode to kA11PowerProfileDefault
 1/04/2017 13:54:17.871 __WiFiManagerIPv4Callback: <en0> [DIGI-146A                               : isHidden=0, isEAP=0, isWPA=1, isWEP=0, type=0] isMainIf? 1, isRoutable? 1
 1/04/2017 13:54:17.871 -[WiFiIDSSyncEngine currentNetworkChanged]: <0x16e12f000>, role 1, currentNetwork DIGI-146A                               : isHidden=0, isEAP=0, isWPA=1, isWEP=0, type=0
 1/04/2017 13:54:17.871 -[WiFiIDSSyncEngine currentNetworkChanged]: reset waitForReAssociationTimer <CFRunLoopTimer 0x14ce6ecf0 [0x1a0950150]>{valid = Yes, firing = No, interval = 819052854, tolerance = 0, next fire date = 1.32580732e+09 (820583658 @ 12125134276920173), callout = (NSTimer) [WiFiIDSSyncEngine companionReAssociationWaitTimerFired:] (0x18292cfe0 / 0x1000e1010) (/usr/sbin/wifid), context = <CFRunLoopTimer context 0x14ce5c520>}
 1/04/2017 13:54:17.872 -[WiFiIDSSyncEngine sendCurrentCompanionNetwork]: autojoinAssistDict {
    "SSID_STR" = "DIGI-146A";
}
 1/04/2017 13:54:17.872 WiFiLQAMgrSetRouterIpv4Addr: Router IP Address: 192.168.100.1 
 1/04/2017 13:54:17.872 -[WiFiIDSSyncEngine sendToGizmoOfDataType:]: <0x16e247000> ID:(null), data type 1
 1/04/2017 13:54:17.873 __WiFiDeviceCheckForIPV4ParamsChange: configMethod DHCP, leaseExpiryDuration 4320 mins
 1/04/2017 13:54:17.873 WiFiAWDManagerSubmitMetric: metric container could not be generated for metric id <0x90007>
 1/04/2017 13:54:17.873 Router MAC Address: 04:bd:70:a4:e3:00
 1/04/2017 13:54:17.882 IPv4 Primary interface is pdp_ip0 and IPv6 Primary Interface is (null)
 1/04/2017 13:54:17.883 IPV6 State change for en0
 1/04/2017 13:54:17.884 IP Address: 2a02:2f0a:c086:7700:bd:d32:ed1f:b609
 1/04/2017 13:54:17.884 IP Address: 2a02:2f0a:c086:7700:9573:d4ce:5a9c:165a
 1/04/2017 13:54:17.932 IPv4 Primary interface is en0 and IPv6 Primary Interface is en0
 1/04/2017 13:54:17.933 IPv4 Primary interface is en0 and IPv6 Primary Interface is en0
 1/04/2017 13:54:17.944 WoW is Disabled, 0 WoW Clients
 1/04/2017 13:54:17.951 WoW is Disabled, 0 WoW Clients
 1/04/2017 13:54:17.959 WoW is Disabled, 0 WoW Clients
 1/04/2017 13:54:18.860 IPv4 Primary interface is en0 and IPv6 Primary Interface is en0
 1/04/2017 13:54:18.861 IPv4 Primary interface is en0 and IPv6 Primary Interface is en0
 1/04/2017 13:54:23.691 __WiFiManagerCellularTransmitCallback_block_invoke: Cellular Transmit Started = FALSE
 1/04/2017 13:54:27.521 __WiFiLQAMgrLogStats: Rssi: -64 Cca: 0 TxPer: 0.0% (5) BcnPer: 0.0% (22) RxFrms 10 TxRate: 65000 RxRate: 65000
 1/04/2017 13:54:28.151 __WiFiManagerCellularTransmitCallback_block_invoke: Cellular Transmit Started = TRUE
 1/04/2017 13:54:31.162 scanCache: Purging scan cache
 1/04/2017 13:54:32.529 __WiFiLQAMgrLogStats: Rssi: -63 Cca: 31 TxPer: 0.0% (4) BcnPer: 0.0% (50) RxFrms 4 TxRate: 65000 RxRate: 65000
 1/04/2017 13:54:33.225 __WiFiManagerCellularTransmitCallback_block_invoke: Cellular Transmit Started = FALSE
 1/04/2017 13:54:34.563 __WiFiManagerCellularTransmitCallback_block_invoke: Cellular Transmit Started = TRUE
 1/04/2017 13:54:37.538 __WiFiLQAMgrLogStats: Rssi: -62 Cca: 19 TxPer: 0.0% (1) BcnPer: 0.0% (50) RxFrms 3 TxRate: 65000 RxRate: 65000
 1/04/2017 13:54:39.660 __WiFiManagerCellularTransmitCallback_block_invoke: Cellular Transmit Started = FALSE
 1/04/2017 13:54:42.552 __WiFiLQAMgrLogStats: Rssi: -62 Cca: 29 TxPer: 0.0% (13) BcnPer: 0.0% (50) RxFrms 14 TxRate: 65000 RxRate: 65000
 1/04/2017 13:54:47.560 __WiFiLQAMgrLogStats: Rssi: -61 Cca: 29 TxPer: 0.0% (1) BcnPer: 2.0% (50) RxFrms 1 TxRate: 65000 RxRate: 58500
 1/04/2017 13:54:52.577 __WiFiLQAMgrLogStats: Rssi: -64 Cca: 29 TxPer: 0.0% (1) BcnPer: 2.0% (50) RxFrms 2 TxRate: 65000 RxRate: 65000
 1/04/2017 13:55:00.884 Received kIOMessageSystemWillSleep
 1/04/2017 13:55:00.884 System Sleep notification, Disabling auto-join
 1/04/2017 13:55:00.884 __WiFiManagerSetEnableState: state FALSE, manager->enable.setting TRUE, manager->unlockedSinceBoot TRUE
 1/04/2017 13:55:00.884 Disabling automatic association
 1/04/2017 13:55:00.911 WoW is Disabled, 0 WoW Clients
 1/04/2017 13:55:01.012 __WiFiDeviceManagerAwdlAvailableCallback: AWDL availability changed to FALSE
 1/04/2017 13:55:01.012 __WiFiDeviceCopyLinkChangedSubReasonString: Apple80211ReturnToString failed 1
 1/04/2017 13:55:01.012 __WiFiDeviceProcessDriverAvailableEvent: driver availability false, reason PowerOff(0xe0821804), subreason (null)(0x0)
 1/04/2017 13:55:01.012 __WiFiManagerDispatchDeviceAvailable: driver availability false

 1/04/2017 13:55:01.014 WiFiAWDManagerSubmitMetric: metric container could not be generated for metric id <0x9000e>
 1/04/2017 13:55:01.014 Creating client for "configd"
 1/04/2017 13:55:01.014 __WiFiDeviceProcessLinkEvent: isLinkDown 1
 1/04/2017 13:55:01.014 Unable to dispatch message to client Preferences (268435460)
 1/04/2017 13:55:01.019 -[WiFiIDSSyncEngine currentNetworkChanged]: <0x16e12f000>, role 1, currentNetwork (null)
 1/04/2017 13:55:01.019 -[WiFiIDSSyncEngine currentNetworkChanged]: adjusted waitForReAssociationTimer <CFRunLoopTimer 0x14ce6ecf0 [0x1a0950150]>{valid = Yes, firing = No, interval = 819052854, tolerance = 0, next fire date = 505223731 (29.999952 @ 7266464459284), callout = (NSTimer) [WiFiIDSSyncEngine companionReAssociationWaitTimerFired:] (0x18292cfe0 / 0x1000e1010) (/usr/sbin/wifid), context = <CFRunLoopTimer context 0x14ce5c520>}
 1/04/2017 13:55:41.323 Total connection time to DIGI-146A 859780.393348
 1/04/2017 13:55:41.346 WiFiDeviceManagerSetNetworks: Adding HS20 Account: 
Domain name orange.ro
3GPP MCC&MNC 226F10 
Friendly Operator Name Orange
 1/04/2017 13:55:41.346 __WiFiDeviceManagerPrepareHS20Queries: created queries <CFArray 0x14cef3df0 [0x1a0950150]>{type = mutable-small, count = 3, values = (
	0 : <CFNumber 0xb0000000000010c1 [0x1a0950150]>{value = +268, type = kCFNumberSInt16Type}
	1 : <CFNumber 0xb000000000001081 [0x1a0950150]>{value = +264, type = kCFNumberSInt16Type}
	2 : <CFNumber 0xb000000000000031 [0x1a0950150]>{value = +3, type = kCFNumberSInt16Type}
)}
 1/04/2017 13:55:41.346 Auto association attempt canceled because auto join is disabled.
 1/04/2017 13:55:41.347 No Change in Background Scan Networks, Skip Re-Programming Background Scan

 1/04/2017 13:55:41.348 Auto association attempt canceled because auto join is disabled.
 1/04/2017 13:55:41.349 __WiFiDeviceManagerSetInterfaceRank: setting interface rank kSCNetworkServicePrimaryRankDefault
 1/04/2017 13:55:41.349 WiFiDeviceRequestAssociatedSleep: ActiveDuringSleepRequested is already removed ((null)).
 1/04/2017 13:55:41.355 WiFiAWDManagerSubmitMetric: metric container could not be generated for metric id <0x90009>
 1/04/2017 13:55:41.355 Link went down: isInVoluntary 0, reason Unknown(4), subreason 0, rssi -62
 1/04/2017 13:55:41.355 __WiFiDeviceResetCCAHistory
 1/04/2017 13:55:41.356 __WiFiDeviceResetRssiHistory
 1/04/2017 13:55:41.361 __WiFiDeviceCopyLinkChangedSubReasonString: Apple80211ReturnToString failed 1
 1/04/2017 13:55:41.362 __WiFiDeviceProcessDriverAvailableEvent: driver availability true, reason Initializing(0xe0821803), subreason (null)(0x0)
 1/04/2017 13:55:41.362 __WiFiManagerDispatchDeviceAvailable: driver availability true

 1/04/2017 13:55:41.363 Auto association attempt canceled because auto join is disabled.
 1/04/2017 13:55:41.363 WiFiAWDManagerSubmitMetric: metric container could not be generated for metric id <0x9000e>
 1/04/2017 13:55:41.363 Auto association attempt canceled because auto join is disabled.
 1/04/2017 13:55:41.366 No Change in Background Scan Networks, Skip Re-Programming Background Scan

 1/04/2017 13:55:41.409 Received kIOMessageSystemWillPowerOn
 1/04/2017 13:55:41.417 System wake reason: AOP.ExternalReq baseband
 1/04/2017 13:55:41.417 System Powered ON notification Re-enabling auto-join
 1/04/2017 13:55:41.417 __WiFiManagerSetEnableState: state TRUE, manager->enable.setting TRUE, manager->unlockedSinceBoot TRUE
 1/04/2017 13:55:41.417 Enabling automatic association
 1/04/2017 13:55:41.417 __WiFiDeviceManagerStateMachineRun: current state: Idle
 1/04/2017 13:55:41.417 Attempting multi-stage auto join mStageAutoJoinAttempts=0
 1/04/2017 13:55:41.417 Starting multi-stage auto join sequence
 1/04/2017 13:55:41.418 multi-stage auto-join: Scanning for previous network DIGI-146A on channel 1
 1/04/2017 13:55:41.418 Performing auto-join broadcast scan with a modified dwell time of 110ms on channels: 1 
 1/04/2017 13:55:41.418 Enqueuing command type: "Scan" pending commands: 0
 1/04/2017 13:55:41.418 WiFiLocaleManagerCheckLocale: location service or wifi is off, set locale to default
 1/04/2017 13:55:41.418 new locale:  , locale: 
 1/04/2017 13:55:41.418 Dequeuing command type: "Scan" pending commands: 0
 1/04/2017 13:55:41.418 Attempting Apple80211ScanAsync on en0
 1/04/2017 13:55:41.554 __WiFiManagerCellularTransmitCallback_block_invoke: Cellular Transmit Started = TRUE
 1/04/2017 13:55:41.593 WiFiDeviceManagerSetNetworks: Adding HS20 Account: 
Domain name orange.ro
3GPP MCC&MNC 226F10 
Friendly Operator Name Orange
 1/04/2017 13:55:41.593 __WiFiDeviceManagerPrepareHS20Queries: created queries <CFArray 0x14cf0e340 [0x1a0950150]>{type = mutable-small, count = 3, values = (
	0 : <CFNumber 0xb0000000000010c1 [0x1a0950150]>{value = +268, type = kCFNumberSInt16Type}
	1 : <CFNumber 0xb000000000001081 [0x1a0950150]>{value = +264, type = kCFNumberSInt16Type}
	2 : <CFNumber 0xb000000000000031 [0x1a0950150]>{value = +3, type = kCFNumberSInt16Type}
)}
 1/04/2017 13:55:41.594 Auto association attempt canceled because auto join state is Scanning Previous Network Channel.
 1/04/2017 13:55:41.597 No Change in Background Scan Networks, Skip Re-Programming Background Scan

 1/04/2017 13:55:41.604 Completed Apple80211ScanAsync on en0 (0x0)
 1/04/2017 13:55:41.623 Auto join scan completed (0) with current state: Scanning Previous Network Channel
 1/04/2017 13:55:41.623 __WiFiDeviceManagerStateMachineRun: current state: Scanning Previous Network Channel
 1/04/2017 13:55:41.623 Scanning Previous Network Channel found: Telekom Fon, Clicknet-BE14, DIGI-146A
 1/04/2017 13:55:41.623 Attempting auto-join for networks in following order: DIGI-146A(W)
 1/04/2017 13:55:41.623 Autojoin is processing network 1 of 1 candidates
 1/04/2017 13:55:41.623 Attempting auto join association of DIGI-146A
 1/04/2017 13:55:41.650 Enqueuing command type: "Association" pending commands: 1
 1/04/2017 13:55:41.651 Dequeuing command type: "Association" pending commands: 0
 1/04/2017 13:55:41.651 Attempting Apple80211AssociateAsync
 1/04/2017 13:55:41.654 Attempting to join WPA network: DIGI-146A
 1/04/2017 13:55:41.805 __WiFiDeviceProcessLinkEvent: isLinkDown 0
 1/04/2017 13:55:41.807 Unable to dispatch message to client Preferences (268435460)
 1/04/2017 13:55:41.820 __WiFiDeviceManagerSetInterfaceRank: setting interface rank kSCNetworkServicePrimaryRankDefault
 1/04/2017 13:55:41.821 __WiFiDeviceManagerEvaluateAPEnvironment: Getting AP environment for DIGI-146A. Learning period 259200 secs Expiry period 2592000 secs
 1/04/2017 13:55:41.821 __WiFiDeviceManagerEvaluateAPEnvironment: AP environment is 2 for DIGI-146A(4:bd:70:a4:e3:8)
 1/04/2017 13:55:41.821 WiFiDeviceSetRoamParams: setting roam profile to type 1
 1/04/2017 13:55:41.823 __WiFiDeviceManagerEvaluateAPEnvironment: Getting AP environment for DIGI-146A. Learning period 259200 secs Expiry period 2592000 secs
 1/04/2017 13:55:41.823 __WiFiDeviceManagerEvaluateAPEnvironment: AP environment is 2 for DIGI-146A(4:bd:70:a4:e3:8)
 1/04/2017 13:55:41.823 __WiFiLQAMgrSetCurrentNetwork: SSID: DIGI-146A BSSID: 4:bd:70:a4:e3:8 RSSI: -61 ApEnv: 2
 1/04/2017 13:55:41.825 WiFiDeviceRequestAssociatedSleep: ActiveDuringSleepRequested is already removed ((null)).
 1/04/2017 13:55:41.825 __WiFiDeviceResetCCAHistory
 1/04/2017 13:55:41.825 __WiFiDeviceResetRssiHistory
 1/04/2017 13:55:41.826 __WiFiLQAMgrLogStats: Rssi: -61 Cca: 0 TxPer: 0.0% (0) BcnPer: 0.0% (0) RxFrms 0 TxRate: 0 RxRate: 0
 1/04/2017 13:55:41.827 __WiFiDeviceProcessLinkEvent: Initializing lqm value: rawRssi -61, scaledRssi 0.806980, noise 0, snr 30
 1/04/2017 13:55:41.828 __WiFiMetricsManagerPrepareLinkChangeNetworkParams: OUI:04:bd:70 Channel:1(20MHz) Flags:0x8 PhyMode:0x10 Security:0x2 WPA:[Prot:0x2 McastCipher:0x4 UcastCipher:0xc AKM:0x2 Caps:0x0] HT:[Info:0x19fc AMPDU:0x1b TXBF:0x0 Ext:0x0 ASEL:0x0] VHT:[Info:0x0]
 1/04/2017 13:55:41.828 WiFiAWDManagerSubmitMetric: metric container could not be generated for metric id <0x90009>
 1/04/2017 13:55:41.871 configd requesting removal of BGScan networks
 1/04/2017 13:55:41.880 No Change in Background Scan Networks, Skip Re-Programming Background Scan

 1/04/2017 13:55:41.880 __WiFiManagerSetEnableState: state TRUE, manager->enable.setting TRUE, manager->unlockedSinceBoot TRUE
 1/04/2017 13:55:41.880 Removing client for "configd"
 1/04/2017 13:55:41.890 __WiFiDeviceManagerAwdlAvailableCallback: AWDL availability changed to TRUE
 1/04/2017 13:55:41.891 IPV4 State change for en0
 1/04/2017 13:55:41.894 IPV6 State change for en0
 1/04/2017 13:55:41.895 MIS state is Disabled
 1/04/2017 13:55:41.895 MIS state queried by "SpringBoard" is Disable
 1/04/2017 13:55:41.896 MIS state is Disabled
 1/04/2017 13:55:41.896 MIS state queried by "UserEventAgent" is Disable
 1/04/2017 13:55:41.904 MIS state is Disabled
 1/04/2017 13:55:41.904 MIS state queried by "locationd" is Disable
 1/04/2017 13:55:41.904 MIS state is Disabled
 1/04/2017 13:55:41.905 MIS state queried by "identityservices" is Disable
 1/04/2017 13:55:41.911 MIS state is Disabled
 1/04/2017 13:55:41.911 MIS state queried by "apsd" is Disable
 1/04/2017 13:55:41.917 Completed Apple80211AssociateAsync (0 - 0x0)
 1/04/2017 13:55:41.917 Joined: DIGI-146A
 1/04/2017 13:55:41.917 Auto join association completed (0) with current state: Associating
 1/04/2017 13:55:41.917 __WiFiDeviceManagerStateMachineRun: current state: Associating
 1/04/2017 13:55:41.918 __WiFiDeviceManagerProcessAssociationResult: current state: Associating
 1/04/2017 13:55:41.921 WiFiNetworkSetKnownBssUsageData: BSS updated - current BSS: 4:bd:70:a4:e3:8 (1)
 1/04/2017 13:55:41.927 Removing problematic state for DIGI-146A, reason N/A reasonData=0
 1/04/2017 13:55:41.928 problematic networks =  and potentially problematic networks = 
 1/04/2017 13:55:41.933 No Change in Background Scan Networks, Skip Re-Programming Background Scan

 1/04/2017 13:55:41.934 __WiFiManagerDidAssociateCallback: network DIGI-146A, requestedInformation <CFBasicHash 0x14cfda350 [0x1a0950150]>{type = mutable dict, count = 1,
entries =>
	2 : <CFString 0x10017e160 [0x1a0950150]>{contents = "reason"} = <CFString 0x100185180 [0x1a0950150]>{contents = "Associating"}
}

 1/04/2017 13:55:41.956 WiFiDeviceManagerSetNetworks: Adding HS20 Account: 
Domain name orange.ro
3GPP MCC&MNC 226F10 
Friendly Operator Name Orange
 1/04/2017 13:55:41.956 __WiFiDeviceManagerPrepareHS20Queries: created queries <CFArray 0x14ce46600 [0x1a0950150]>{type = mutable-small, count = 3, values = (
	0 : <CFNumber 0xb0000000000010c1 [0x1a0950150]>{value = +268, type = kCFNumberSInt16Type}
	1 : <CFNumber 0xb000000000001081 [0x1a0950150]>{value = +264, type = kCFNumberSInt16Type}
	2 : <CFNumber 0xb000000000000031 [0x1a0950150]>{value = +3, type = kCFNumberSInt16Type}
)}
 1/04/2017 13:55:41.957 Auto association attempt canceled because auto join state is Associating.
 1/04/2017 13:55:41.958 No Change in Background Scan Networks, Skip Re-Programming Background Scan

 1/04/2017 13:55:41.959 Creating client for "configd"
 1/04/2017 13:55:41.960 MIS state is Disabled
 1/04/2017 13:55:41.960 MIS state queried by "imagent" is Disable
 1/04/2017 13:55:41.965 MIS state is Disabled
 1/04/2017 13:55:41.965 MIS state queried by "InCallService" is Disable
 1/04/2017 13:55:41.965 MIS state is Disabled
 1/04/2017 13:55:41.966 MIS state queried by "mediaserverd" is Disable
 1/04/2017 13:55:41.966 MIS state is Disabled
 1/04/2017 13:55:41.966 MIS state queried by "MobileMail" is Disable
 1/04/2017 13:55:41.967 MIS state is Disabled
 1/04/2017 13:55:41.967 MIS state queried by "nanoregistryd" is Disable
 1/04/2017 13:55:41.974 IPv4 Primary interface is pdp_ip0 and IPv6 Primary Interface is (null)
 1/04/2017 13:55:41.975 IPv4 Primary interface is pdp_ip0 and IPv6 Primary Interface is (null)
 1/04/2017 13:55:42.002 WiFiDeviceManagerSetNetworks: Adding HS20 Account: 
Domain name orange.ro
3GPP MCC&MNC 226F10 
Friendly Operator Name Orange
 1/04/2017 13:55:42.003 __WiFiDeviceManagerPrepareHS20Queries: created queries <CFArray 0x14ce8f4c0 [0x1a0950150]>{type = mutable-small, count = 3, values = (
	0 : <CFNumber 0xb0000000000010c1 [0x1a0950150]>{value = +268, type = kCFNumberSInt16Type}
	1 : <CFNumber 0xb000000000001081 [0x1a0950150]>{value = +264, type = kCFNumberSInt16Type}
	2 : <CFNumber 0xb000000000000031 [0x1a0950150]>{value = +3, type = kCFNumberSInt16Type}
)}
 1/04/2017 13:55:42.013 __WiFiDeviceManagerAutoAssociate: Already connected to DIGI-146A.
 1/04/2017 13:55:42.015 No Change in Background Scan Networks, Skip Re-Programming Background Scan

 1/04/2017 13:55:42.029 MIS state is Disabled
 1/04/2017 13:55:42.029 MIS state queried by "SpringBoard" is Disable
 1/04/2017 13:55:42.035 WoW is Disabled, 0 WoW Clients
 1/04/2017 13:55:42.035 MIS state is Disabled
 1/04/2017 13:55:42.035 MIS state queried by "locationd" is Disable
 1/04/2017 13:55:42.089 MIS state is Disabled
 1/04/2017 13:55:42.089 MIS state queried by "UserEventAgent" is Disable
 1/04/2017 13:55:42.092 MIS state is Disabled
 1/04/2017 13:55:42.092 MIS state queried by "identityservices" is Disable
 1/04/2017 13:55:42.094 MIS state is Disabled
 1/04/2017 13:55:42.094 MIS state queried by "apsd" is Disable
 1/04/2017 13:55:42.107 configd requesting removal of BGScan networks
 1/04/2017 13:55:42.126 No Change in Background Scan Networks, Skip Re-Programming Background Scan

 1/04/2017 13:55:42.126 __WiFiManagerSetEnableState: state TRUE, manager->enable.setting TRUE, manager->unlockedSinceBoot TRUE
 1/04/2017 13:55:42.126 Removing client for "configd"
 1/04/2017 13:55:42.126 MIS state is Disabled
 1/04/2017 13:55:42.126 MIS state queried by "imagent" is Disable
 1/04/2017 13:55:42.131 MIS state is Disabled
 1/04/2017 13:55:42.131 MIS state queried by "InCallService" is Disable
 1/04/2017 13:55:42.133 MIS state is Disabled
 1/04/2017 13:55:42.133 MIS state queried by "mediaserverd" is Disable
 1/04/2017 13:55:42.140 MIS state is Disabled
 1/04/2017 13:55:42.140 MIS state queried by "MobileMail" is Disable
 1/04/2017 13:55:42.144 IPV6 State change for en0
 1/04/2017 13:55:42.144 IP Address: 2a02:2f0a:c086:7700:bd:d32:ed1f:b609
 1/04/2017 13:55:42.144 IP Address: 2a02:2f0a:c086:7700:d1fc:9d2c:794c:9725
 1/04/2017 13:55:42.265 IPv4 Primary interface is pdp_ip0 and IPv6 Primary Interface is (null)
 1/04/2017 13:55:42.273 MIS state is Disabled
 1/04/2017 13:55:42.273 MIS state queried by "nanoregistryd" is Disable
 1/04/2017 13:55:42.301 WoW is Disabled, 0 WoW Clients
 1/04/2017 13:55:42.311 WoW is Disabled, 0 WoW Clients
 1/04/2017 13:55:42.319 WoW is Disabled, 0 WoW Clients
 1/04/2017 13:55:42.652 IPv4 Primary interface is pdp_ip0 and IPv6 Primary Interface is (null)
 1/04/2017 13:55:42.680 IPv4 Primary interface is (null) and IPv6 Primary Interface is en0
 1/04/2017 13:55:42.682 IPv4 Primary interface is (null) and IPv6 Primary Interface is en0
 1/04/2017 13:55:42.820 Creating client for "CommCenter"
 1/04/2017 13:55:42.823 CommCenter requesting removal of BGScan networks
 1/04/2017 13:55:42.825 No Change in Background Scan Networks, Skip Re-Programming Background Scan

 1/04/2017 13:55:42.825 __WiFiManagerSetEnableState: state TRUE, manager->enable.setting TRUE, manager->unlockedSinceBoot TRUE
 1/04/2017 13:55:42.825 Removing client for "CommCenter"
 1/04/2017 13:55:43.112 IPV4 State change for en0
 1/04/2017 13:55:43.112 IP Address: 192.168.100.10
 1/04/2017 13:55:43.112 Router IP Address: 192.168.100.1
 1/04/2017 13:55:43.112 __WiFiDeviceCheckForIPV4ParamsChange: Setting power mode to kA11PowerProfileDefault
 1/04/2017 13:55:43.113 __WiFiManagerIPv4Callback: <en0> [DIGI-146A                               : isHidden=0, isEAP=0, isWPA=1, isWEP=0, type=0] isMainIf? 1, isRoutable? 1
 1/04/2017 13:55:43.114 -[WiFiIDSSyncEngine currentNetworkChanged]: <0x16e12f000>, role 1, currentNetwork DIGI-146A                               : isHidden=0, isEAP=0, isWPA=1, isWEP=0, type=0
 1/04/2017 13:55:43.114 -[WiFiIDSSyncEngine currentNetworkChanged]: reset waitForReAssociationTimer <CFRunLoopTimer 0x14ce6ecf0 [0x1a0950150]>{valid = Yes, firing = No, interval = 819052854, tolerance = 0, next fire date = 1.32580749e+09 (820583743 @ 12125135360188662), callout = (NSTimer) [WiFiIDSSyncEngine companionReAssociationWaitTimerFired:] (0x18292cfe0 / 0x1000e1010) (/usr/sbin/wifid), context = <CFRunLoopTimer context 0x14ce5c520>}
 1/04/2017 13:55:43.114 -[WiFiIDSSyncEngine sendCurrentCompanionNetwork]: autojoinAssistDict {
    "SSID_STR" = "DIGI-146A";
}
 1/04/2017 13:55:43.114 WiFiLQAMgrSetRouterIpv4Addr: Router IP Address: 192.168.100.1 
 1/04/2017 13:55:43.115 -[WiFiIDSSyncEngine sendToGizmoOfDataType:]: <0x16e0a3000> ID:(null), data type 1
 1/04/2017 13:55:43.118 __WiFiDeviceCheckForIPV4ParamsChange: configMethod DHCP, leaseExpiryDuration 4320 mins
 1/04/2017 13:55:43.118 WiFiAWDManagerSubmitMetric: metric container could not be generated for metric id <0x90007>
 1/04/2017 13:55:43.118 Router MAC Address: 04:bd:70:a4:e3:00
 1/04/2017 13:55:43.149 IPv4 Primary interface is en0 and IPv6 Primary Interface is en0
 1/04/2017 13:55:43.151 IPv4 Primary interface is en0 and IPv6 Primary Interface is en0
 1/04/2017 13:55:48.168 __WiFiManagerCellularTransmitCallback_block_invoke: Cellular Transmit Started = FALSE
 1/04/2017 13:55:51.804 __WiFiLQAMgrLogStats: Rssi: -62 Cca: 33 TxPer: 0.0% (2) BcnPer: 0.0% (44) RxFrms 2 TxRate: 58500 RxRate: 65000
 1/04/2017 13:55:53.363 Received kIOMessageSystemWillSleep
 1/04/2017 13:55:53.363 System Sleep notification, Disabling auto-join
 1/04/2017 13:55:53.363 __WiFiManagerSetEnableState: state FALSE, manager->enable.setting TRUE, manager->unlockedSinceBoot TRUE
 1/04/2017 13:55:53.363 Disabling automatic association
 1/04/2017 13:55:53.404 WoW is Disabled, 0 WoW Clients
 1/04/2017 13:55:53.525 __WiFiDeviceCopyLinkChangedSubReasonString: Apple80211ReturnToString failed 1
 1/04/2017 13:55:53.525 __WiFiDeviceProcessDriverAvailableEvent: driver availability false, reason PowerOff(0xe0821804), subreason (null)(0x0)
 1/04/2017 13:55:53.525 __WiFiManagerDispatchDeviceAvailable: driver availability false

 1/04/2017 13:55:53.526 WiFiAWDManagerSubmitMetric: metric container could not be generated for metric id <0x9000e>
 1/04/2017 13:55:53.529 __WiFiDeviceManagerAwdlAvailableCallback: AWDL availability changed to FALSE
 1/04/2017 13:55:53.530 __WiFiDeviceProcessLinkEvent: isLinkDown 1
 1/04/2017 13:55:53.530 Unable to dispatch message to client Preferences (268435460)
 1/04/2017 13:55:53.530 -[WiFiIDSSyncEngine currentNetworkChanged]: <0x16e12f000>, role 1, currentNetwork (null)
 1/04/2017 13:55:53.530 -[WiFiIDSSyncEngine currentNetworkChanged]: adjusted waitForReAssociationTimer <CFRunLoopTimer 0x14ce6ecf0 [0x1a0950150]>{valid = Yes, firing = No, interval = 819052854, tolerance = 0, next fire date = 505223784 (29.999964 @ 7266762182526), callout = (NSTimer) [WiFiIDSSyncEngine companionReAssociationWaitTimerFired:] (0x18292cfe0 / 0x1000e1010) (/usr/sbin/wifid), context = <CFRunLoopTimer context 0x14ce5c520>}
 1/04/2017 13:58:00.086 Total connection time to DIGI-146A 859918.552723
 1/04/2017 13:58:00.164 WiFiDeviceManagerSetNetworks: Adding HS20 Account: 
Domain name orange.ro
3GPP MCC&MNC 226F10 
Friendly Operator Name Orange
 1/04/2017 13:58:00.164 __WiFiDeviceManagerPrepareHS20Queries: created queries <CFArray 0x14ce27740 [0x1a0950150]>{type = mutable-small, count = 3, values = (
	0 : <CFNumber 0xb0000000000010c1 [0x1a0950150]>{value = +268, type = kCFNumberSInt16Type}
	1 : <CFNumber 0xb000000000001081 [0x1a0950150]>{value = +264, type = kCFNumberSInt16Type}
	2 : <CFNumber 0xb000000000000031 [0x1a0950150]>{value = +3, type = kCFNumberSInt16Type}
)}
 1/04/2017 13:58:00.164 Auto association attempt canceled because auto join is disabled.
 1/04/2017 13:58:00.165 No Change in Background Scan Networks, Skip Re-Programming Background Scan

 1/04/2017 13:58:00.165 Auto association attempt canceled because auto join is disabled.
 1/04/2017 13:58:00.165 __WiFiDeviceManagerSetInterfaceRank: setting interface rank kSCNetworkServicePrimaryRankDefault
 1/04/2017 13:58:00.165 WiFiDeviceRequestAssociatedSleep: ActiveDuringSleepRequested is already removed ((null)).
 1/04/2017 13:58:00.171 WiFiAWDManagerSubmitMetric: metric container could not be generated for metric id <0x90009>
 1/04/2017 13:58:00.171 Link went down: isInVoluntary 0, reason Unknown(4), subreason 0, rssi -62
 1/04/2017 13:58:00.171 __WiFiDeviceResetCCAHistory
 1/04/2017 13:58:00.171 __WiFiDeviceResetRssiHistory
 1/04/2017 13:58:00.177 __WiFiDeviceCopyLinkChangedSubReasonString: Apple80211ReturnToString failed 1
 1/04/2017 13:58:00.177 __WiFiDeviceProcessDriverAvailableEvent: driver availability true, reason Initializing(0xe0821803), subreason (null)(0x0)
 1/04/2017 13:58:00.177 __WiFiManagerDispatchDeviceAvailable: driver availability true

 1/04/2017 13:58:00.178 Auto association attempt canceled because auto join is disabled.
 1/04/2017 13:58:00.179 WiFiAWDManagerSubmitMetric: metric container could not be generated for metric id <0x9000e>
 1/04/2017 13:58:00.179 Auto association attempt canceled because auto join is disabled.
 1/04/2017 13:58:00.179 No Change in Background Scan Networks, Skip Re-Programming Background Scan

 1/04/2017 13:58:00.183 Creating client for "configd"
 1/04/2017 13:58:00.186 Received kIOMessageSystemWillPowerOn
 1/04/2017 13:58:00.186 System wake reason: AOP.ExternalReq menu
 1/04/2017 13:58:00.186 System Powered ON notification Re-enabling auto-join
 1/04/2017 13:58:00.186 __WiFiManagerSetEnableState: state TRUE, manager->enable.setting TRUE, manager->unlockedSinceBoot TRUE
 1/04/2017 13:58:00.186 Enabling automatic association
 1/04/2017 13:58:00.186 __WiFiDeviceManagerStateMachineRun: current state: Idle
 1/04/2017 13:58:00.186 Attempting multi-stage auto join mStageAutoJoinAttempts=0
 1/04/2017 13:58:00.186 Starting multi-stage auto join sequence
 1/04/2017 13:58:00.186 multi-stage auto-join: Scanning for previous network DIGI-146A on channel 1
 1/04/2017 13:58:00.186 Performing auto-join broadcast scan with a modified dwell time of 110ms on channels: 1 
 1/04/2017 13:58:00.187 Enqueuing command type: "Scan" pending commands: 0
 1/04/2017 13:58:00.187 WiFiLocaleManagerCheckLocale: location service or wifi is off, set locale to default
 1/04/2017 13:58:00.187 new locale:  , locale: 
 1/04/2017 13:58:00.187 Dequeuing command type: "Scan" pending commands: 0
 1/04/2017 13:58:00.187 Attempting Apple80211ScanAsync on en0
 1/04/2017 13:58:00.224 __WiFiManagerCellularTransmitCallback_block_invoke: Cellular Transmit Started = FALSE
 1/04/2017 13:58:00.224 Device display is ON
 1/04/2017 13:58:00.224 __WiFiManagerSetEnableState: state TRUE, manager->enable.setting TRUE, manager->unlockedSinceBoot TRUE
 1/04/2017 13:58:00.224 Auto association attempt canceled because auto join state is Scanning Previous Network Channel.
 1/04/2017 13:58:00.230 WiFiDeviceManagerSetNetworks: Adding HS20 Account: 
Domain name orange.ro
3GPP MCC&MNC 226F10 
Friendly Operator Name Orange
 1/04/2017 13:58:00.230 __WiFiDeviceManagerPrepareHS20Queries: created queries <CFArray 0x14cfc6b90 [0x1a0950150]>{type = mutable-small, count = 3, values = (
	0 : <CFNumber 0xb0000000000010c1 [0x1a0950150]>{value = +268, type = kCFNumberSInt16Type}
	1 : <CFNumber 0xb000000000001081 [0x1a0950150]>{value = +264, type = kCFNumberSInt16Type}
	2 : <CFNumber 0xb000000000000031 [0x1a0950150]>{value = +3, type = kCFNumberSInt16Type}
)}
 1/04/2017 13:58:00.230 Auto association attempt canceled because auto join state is Scanning Previous Network Channel.
 1/04/2017 13:58:00.230 No Change in Background Scan Networks, Skip Re-Programming Background Scan

 1/04/2017 13:58:00.344 Completed Apple80211ScanAsync on en0 (0x0)
 1/04/2017 13:58:00.345 Auto join scan completed (0) with current state: Scanning Previous Network Channel
 1/04/2017 13:58:00.345 __WiFiDeviceManagerStateMachineRun: current state: Scanning Previous Network Channel
 1/04/2017 13:58:00.345 Scanning Previous Network Channel found: Clicknet-BE14, DIGI-146A, Telekom Fon
 1/04/2017 13:58:00.345 Attempting auto-join for networks in following order: DIGI-146A(W)
 1/04/2017 13:58:00.345 Autojoin is processing network 1 of 1 candidates
 1/04/2017 13:58:00.345 Attempting auto join association of DIGI-146A
 1/04/2017 13:58:00.386 Enqueuing command type: "Association" pending commands: 1
 1/04/2017 13:58:00.386 Dequeuing command type: "Association" pending commands: 0
 1/04/2017 13:58:00.386 Attempting Apple80211AssociateAsync
 1/04/2017 13:58:00.425 Attempting to join WPA network: DIGI-146A
 1/04/2017 13:58:00.554 MIS state is Disabled
 1/04/2017 13:58:00.554 MIS state queried by "SpringBoard" is Disable
 1/04/2017 13:58:00.566 MIS state is Disabled
 1/04/2017 13:58:00.566 MIS state queried by "mediaserverd" is Disable
 1/04/2017 13:58:00.566 __WiFiDeviceProcessLinkEvent: isLinkDown 0
 1/04/2017 13:58:00.567 Unable to dispatch message to client Preferences (268435460)
 1/04/2017 13:58:00.570 __WiFiDeviceManagerSetInterfaceRank: setting interface rank kSCNetworkServicePrimaryRankDefault
 1/04/2017 13:58:00.570 __WiFiDeviceManagerEvaluateAPEnvironment: Getting AP environment for DIGI-146A. Learning period 259200 secs Expiry period 2592000 secs
 1/04/2017 13:58:00.570 __WiFiDeviceManagerEvaluateAPEnvironment: AP environment is 2 for DIGI-146A(4:bd:70:a4:e3:8)
 1/04/2017 13:58:00.570 WiFiDeviceSetRoamParams: setting roam profile to type 1
 1/04/2017 13:58:00.570 __WiFiDeviceManagerEvaluateAPEnvironment: Getting AP environment for DIGI-146A. Learning period 259200 secs Expiry period 2592000 secs
 1/04/2017 13:58:00.570 __WiFiDeviceManagerEvaluateAPEnvironment: AP environment is 2 for DIGI-146A(4:bd:70:a4:e3:8)
 1/04/2017 13:58:00.570 __WiFiLQAMgrSetCurrentNetwork: SSID: DIGI-146A BSSID: 4:bd:70:a4:e3:8 RSSI: -58 ApEnv: 2
 1/04/2017 13:58:00.572 WiFiDeviceRequestAssociatedSleep: ActiveDuringSleepRequested is already removed ((null)).
 1/04/2017 13:58:00.572 __WiFiDeviceResetCCAHistory
 1/04/2017 13:58:00.572 __WiFiDeviceResetRssiHistory
 1/04/2017 13:58:00.572 __WiFiLQAMgrLogStats: Rssi: -58 Cca: 0 TxPer: 0.0% (0) BcnPer: 0.0% (0) RxFrms 0 TxRate: 0 RxRate: 0
 1/04/2017 13:58:00.572 __WiFiDeviceProcessLinkEvent: Initializing lqm value: rawRssi -58, scaledRssi 0.838377, noise 0, snr 33
 1/04/2017 13:58:00.574 __WiFiMetricsManagerPrepareLinkChangeNetworkParams: OUI:04:bd:70 Channel:1(20MHz) Flags:0x8 PhyMode:0x10 Security:0x2 WPA:[Prot:0x2 McastCipher:0x4 UcastCipher:0xc AKM:0x2 Caps:0x0] HT:[Info:0x19fc AMPDU:0x1b TXBF:0x0 Ext:0x0 ASEL:0x0] VHT:[Info:0x0]
 1/04/2017 13:58:00.574 WiFiAWDManagerSubmitMetric: metric container could not be generated for metric id <0x90009>
 1/04/2017 13:58:00.575 MIS state is Disabled
 1/04/2017 13:58:00.575 MIS state queried by "UserEventAgent" is Disable
 1/04/2017 13:58:00.577 MIS state is Disabled
 1/04/2017 13:58:00.577 MIS state queried by "locationd" is Disable
 1/04/2017 13:58:00.579 MIS state is Disabled
 1/04/2017 13:58:00.579 MIS state queried by "identityservices" is Disable
 1/04/2017 13:58:00.579 MIS state is Disabled
 1/04/2017 13:58:00.579 MIS state queried by "apsd" is Disable
 1/04/2017 13:58:00.584 MIS state is Disabled
 1/04/2017 13:58:00.584 MIS state queried by "imagent" is Disable
 1/04/2017 13:58:00.585 MIS state is Disabled
 1/04/2017 13:58:00.585 MIS state queried by "InCallService" is Disable
 1/04/2017 13:58:00.586 MIS state is Disabled
 1/04/2017 13:58:00.586 MIS state queried by "MobileMail" is Disable
 1/04/2017 13:58:00.602 Completed Apple80211AssociateAsync (0 - 0x0)
 1/04/2017 13:58:00.602 Joined: DIGI-146A
 1/04/2017 13:58:00.602 Auto join association completed (0) with current state: Associating
 1/04/2017 13:58:00.602 __WiFiDeviceManagerStateMachineRun: current state: Associating
 1/04/2017 13:58:00.602 __WiFiDeviceManagerProcessAssociationResult: current state: Associating
 1/04/2017 13:58:00.602 WiFiNetworkSetKnownBssUsageData: BSS updated - current BSS: 4:bd:70:a4:e3:8 (1)
 1/04/2017 13:58:00.602 Removing problematic state for DIGI-146A, reason N/A reasonData=0
 1/04/2017 13:58:00.602 problematic networks =  and potentially problematic networks = 
 1/04/2017 13:58:00.602 No Change in Background Scan Networks, Skip Re-Programming Background Scan

 1/04/2017 13:58:00.602 __WiFiManagerDidAssociateCallback: network DIGI-146A, requestedInformation <CFBasicHash 0x14ce605c0 [0x1a0950150]>{type = mutable dict, count = 1,
entries =>
	2 : <CFString 0x10017e160 [0x1a0950150]>{contents = "reason"} = <CFString 0x100185180 [0x1a0950150]>{contents = "Associating"}
}

 1/04/2017 13:58:00.700 WiFiDeviceManagerSetNetworks: Adding HS20 Account: 
Domain name orange.ro
3GPP MCC&MNC 226F10 
Friendly Operator Name Orange
 1/04/2017 13:58:00.750 __WiFiDeviceManagerPrepareHS20Queries: created queries <CFArray 0x14ceedde0 [0x1a0950150]>{type = mutable-small, count = 3, values = (
	0 : <CFNumber 0xb0000000000010c1 [0x1a0950150]>{value = +268, type = kCFNumberSInt16Type}
	1 : <CFNumber 0xb000000000001081 [0x1a0950150]>{value = +264, type = kCFNumberSInt16Type}
	2 : <CFNumber 0xb000000000000031 [0x1a0950150]>{value = +3, type = kCFNumberSInt16Type}
)}
 1/04/2017 13:58:00.754 Auto association attempt canceled because auto join state is Associating.
 1/04/2017 13:58:00.755 No Change in Background Scan Networks, Skip Re-Programming Background Scan

 1/04/2017 13:58:00.756 MIS state is Disabled
 1/04/2017 13:58:00.756 MIS state queried by "nanoregistryd" is Disable
 1/04/2017 13:58:00.756 ATJManager: setting ask-to-join interaction mode to Interactive
 1/04/2017 13:58:00.756 ATJManager: no entries to purge
 1/04/2017 13:58:00.758 User interaction ENABLED
 1/04/2017 13:58:00.758 Ignoring lock state manager->wakeMode 1

 1/04/2017 13:58:00.758 problematic networks =  and potentially problematic networks = 
 1/04/2017 13:58:00.758 Unblacklisting
 1/04/2017 13:58:00.759 __CreateBGScanRequest Hotspot Orange Mobile Wi-Fi added to BGScan List 
 1/04/2017 13:58:00.759 Preparing background scan request for "DIGI-146A" "UPC5493113" "TP-LINK_Extender_2.4GHz" "UPC2300204" "PRECIS" "eduroam" "G3_7030" "eg304" "eMAG" "Orange Mobile Wi-Fi" Background Scan Caching is Disabled
 1/04/2017 13:58:00.766 __WiFiDeviceManagerAutoAssociate: Already connected to DIGI-146A.
 1/04/2017 13:58:00.771 configd requesting removal of BGScan networks
 1/04/2017 13:58:00.771 No Change in Background Scan Networks, Skip Re-Programming Background Scan

 1/04/2017 13:58:00.771 __WiFiManagerSetEnableState: state TRUE, manager->enable.setting TRUE, manager->unlockedSinceBoot TRUE
 1/04/2017 13:58:00.771 Removing client for "configd"
 1/04/2017 13:58:00.771 __WiFiDeviceManagerAwdlAvailableCallback: AWDL availability changed to TRUE
 1/04/2017 13:58:00.772 __WiFiDeviceCheckForIPRenewalWakeupSupport: State:/Network/Interface/en0/ActiveDuringSleepSupported = TRUE
 1/04/2017 13:58:00.772 Creating client for "configd"
 1/04/2017 13:58:00.782 WiFiDeviceManagerSetNetworks: Adding HS20 Account: 
Domain name orange.ro
3GPP MCC&MNC 226F10 
Friendly Operator Name Orange
 1/04/2017 13:58:00.782 __WiFiDeviceManagerPrepareHS20Queries: created queries <CFArray 0x14cfd4370 [0x1a0950150]>{type = mutable-small, count = 3, values = (
	0 : <CFNumber 0xb0000000000010c1 [0x1a0950150]>{value = +268, type = kCFNumberSInt16Type}
	1 : <CFNumber 0xb000000000001081 [0x1a0950150]>{value = +264, type = kCFNumberSInt16Type}
	2 : <CFNumber 0xb000000000000031 [0x1a0950150]>{value = +3, type = kCFNumberSInt16Type}
)}
 1/04/2017 13:58:00.782 __WiFiDeviceManagerAutoAssociate: Already connected to DIGI-146A.
 1/04/2017 13:58:00.783 No Change in Background Scan Networks, Skip Re-Programming Background Scan

 1/04/2017 13:58:00.784 WoW is Disabled, 0 WoW Clients
 1/04/2017 13:58:00.816 MIS state is Disabled
 1/04/2017 13:58:00.816 MIS state queried by "SpringBoard" is Disable
 1/04/2017 13:58:00.816 MIS state is Disabled
 1/04/2017 13:58:00.816 MIS state queried by "mediaserverd" is Disable
 1/04/2017 13:58:00.817 MIS state is Disabled
 1/04/2017 13:58:00.817 MIS state queried by "UserEventAgent" is Disable
 1/04/2017 13:58:00.818 MIS state is Disabled
 1/04/2017 13:58:00.818 MIS state queried by "locationd" is Disable
 1/04/2017 13:58:00.820 MIS state is Disabled
 1/04/2017 13:58:00.820 MIS state queried by "identityservices" is Disable
 1/04/2017 13:58:00.820 MIS state is Disabled
 1/04/2017 13:58:00.820 MIS state queried by "apsd" is Disable
 1/04/2017 13:58:00.821 MIS state is Disabled
 1/04/2017 13:58:00.821 MIS state queried by "imagent" is Disable
 1/04/2017 13:58:00.821 MIS state is Disabled
 1/04/2017 13:58:00.821 MIS state queried by "InCallService" is Disable
 1/04/2017 13:58:00.822 MIS state is Disabled
 1/04/2017 13:58:00.822 MIS state queried by "MobileMail" is Disable
 1/04/2017 13:58:00.824 MIS state is Disabled
 1/04/2017 13:58:00.824 MIS state queried by "nanoregistryd" is Disable
 1/04/2017 13:58:00.824 configd requesting removal of BGScan networks
 1/04/2017 13:58:00.828 No Change in Background Scan Networks, Skip Re-Programming Background Scan

 1/04/2017 13:58:00.828 __WiFiManagerSetEnableState: state TRUE, manager->enable.setting TRUE, manager->unlockedSinceBoot TRUE
 1/04/2017 13:58:00.828 Removing client for "configd"
 1/04/2017 13:58:00.831 WoW is Disabled, 0 WoW Clients
 1/04/2017 13:58:00.834 WoW is Disabled, 0 WoW Clients
 1/04/2017 13:58:00.836 WoW is Disabled, 0 WoW Clients
 1/04/2017 13:58:01.586 IPV6 State change for en0
 1/04/2017 13:58:01.586 IP Address: 2a02:2f0a:c086:7700:bd:d32:ed1f:b609
 1/04/2017 13:58:01.586 IP Address: 2a02:2f0a:c086:7700:d1fc:9d2c:794c:9725
 1/04/2017 13:58:01.594 IPv4 Primary interface is en0 and IPv6 Primary Interface is (null)
 1/04/2017 13:58:01.594 IPv4 Primary interface is en0 and IPv6 Primary Interface is (null)
 1/04/2017 13:58:02.968 BG Application: Not Present, BG Daemon: Present. Daemons: mediaserverd 
 1/04/2017 13:58:02.968 __WiFiManagerSetEnableState: state TRUE, manager->enable.setting TRUE, manager->unlockedSinceBoot TRUE
 1/04/2017 13:58:02.968 __WiFiDeviceManagerAutoAssociate: Already connected to DIGI-146A.
 1/04/2017 13:58:03.750 BG Application: Not Present, BG Daemon: Present. Daemons: mediaserverd 
 1/04/2017 13:58:03.750 LPAS is Enabled
 1/04/2017 13:58:03.750 LPAS Enabled, Skip starting Disassocation timer
 1/04/2017 13:58:04.798 IPV6 State change for en0
 1/04/2017 13:58:04.798 IP Address: 2a02:2f0a:c086:7700:bd:d32:ed1f:b609
 1/04/2017 13:58:04.798 IP Address: 2a02:2f0a:c086:7700:d1fc:9d2c:794c:9725
 1/04/2017 13:58:04.805 IPv4 Primary interface is en0 and IPv6 Primary Interface is en0
 1/04/2017 13:58:04.805 IPv4 Primary interface is en0 and IPv6 Primary Interface is en0
 1/04/2017 13:58:06.362 Client apsd set type to background application
 1/04/2017 13:58:06.362 __WiFiManagerSetEnableState: state TRUE, manager->enable.setting TRUE, manager->unlockedSinceBoot TRUE
 1/04/2017 13:58:06.362 BG Application: Not Present, BG Daemon: Present. Daemons: mediaserverd apsd 
 1/04/2017 13:58:06.362 __WiFiDeviceManagerAutoAssociate: Already connected to DIGI-146A.
 1/04/2017 13:58:06.363 Enable WoW requested by "apsd"
 1/04/2017 13:58:06.363 WoW Capable = YES, Attempting to enable WoW and disable LPAS 
 1/04/2017 13:58:06.364 Setting WoW params to <CFBasicHash 0x14cd38d50 [0x1a0950150]>{type = immutable dict, count = 3,
entries =>
	0 : <CFString 0x100175960 [0x1a0950150]>{contents = "IO80211InterfaceEnableLowPwrAssocMode"} = <CFBoolean 0x1a09506d8 [0x1a0950150]>{value = false}
	1 : <CFString 0x100175940 [0x1a0950150]>{contents = "IO80211InterfaceEnableWoW"} = <CFBoolean 0x1a09506c8 [0x1a0950150]>{value = true}
	2 : <CFString 0x100185ae0 [0x1a0950150]>{contents = "IO80211InterfaceEnableWoWOnCaptive"} = <CFBoolean 0x1a09506d8 [0x1a0950150]>{value = false}
}

 1/04/2017 13:58:06.364 WiFiDeviceRequestAssociatedSleep: ActiveDuringSleepRequested is already set (<CFBasicHash 0x14cec8300 [0x1a0950150]>{type = immutable dict, count = 0,
entries =>
}
).
 1/04/2017 13:58:06.365 WoW Enabled by 1 Clients, lpas is Disabled, WoW Override is Disabled, Captive Disabled
 1/04/2017 13:58:06.365 Unable to dispatch WowStateChanged message to client Preferences (268435460)
 1/04/2017 13:58:06.366 Unable to dispatch WowStateChanged message to client dataaccessd (268435460)
 1/04/2017 13:58:06.366 Unable to dispatch WowStateChanged message to client itunesstored (268435460)
 1/04/2017 13:58:06.366 Unable to dispatch WowStateChanged message to client mediaserverd (268435460)
 1/04/2017 13:58:06.368 Unable to dispatch WowStateChanged message to client MobileMail (268435460)
 1/04/2017 13:58:06.368 Unable to dispatch WowStateChanged message to client profiled (268435460)
 1/04/2017 13:58:06.370 Unable to dispatch WowStateChanged message to client assistantd (268435460)
 1/04/2017 13:58:06.370 apsd[273] is a wow client
 1/04/2017 13:58:06.370 WoW is Enabled, 1 WoW Clients
 1/04/2017 13:58:06.372 apsd[273] is a wow client
 1/04/2017 13:58:06.372 WoW is Enabled, 1 WoW Clients
 1/04/2017 13:58:06.372 apsd[273] is a wow client
 1/04/2017 13:58:06.372 WoW is Enabled, 1 WoW Clients
 1/04/2017 13:58:08.958 ATJManager: setting ask-to-join interaction mode to NonInteractive
 1/04/2017 13:58:08.958 ATJManager: no entries to purge
 1/04/2017 13:58:08.958 User interaction DISABLED
 1/04/2017 13:58:08.958 Ignoring lock state manager->wakeMode 1

 1/04/2017 13:58:08.960 Device display is OFF
 1/04/2017 13:58:10.542 __WiFiLQAMgrLogStats: Rssi: -66 Cca: 29 TxPer: 0.0% (521) BcnPer: 0.0% (50) RxFrms 707 TxRate: 52000 RxRate: 65000
 1/04/2017 13:58:14.346 scanCache: Purging scan cache
 1/04/2017 13:58:15.550 __WiFiLQAMgrLogStats: Rssi: -66 Cca: 14 TxPer: 0.0% (10) BcnPer: 13.6% (22) RxFrms 9 TxRate: 52000 RxRate: 65000
 1/04/2017 13:58:20.558 __WiFiLQAMgrLogStats: Rssi: -66 Cca: 14 TxPer: 0.0% (0) BcnPer: 0.0% (0) RxFrms 0 TxRate: 52000 RxRate: 65000
 1/04/2017 13:58:25.574 __WiFiLQAMgrLogStats: Rssi: -63 Cca: 41 TxPer: 0.0% (2) BcnPer: 0.0% (45) RxFrms 1 TxRate: 52000 RxRate: 65000
 1/04/2017 13:58:29.882 -[WiFiIDSSyncEngine sendCurrentCompanionNetwork]: autojoinAssistDict {
}
 1/04/2017 13:58:29.882 -[WiFiIDSSyncEngine sendToGizmoOfDataType:]: <0x16e247000> ID:(null), data type 1
 1/04/2017 13:58:30.582 __WiFiLQAMgrLogStats: Rssi: -61 Cca: 52 TxPer: 0.0% (0) BcnPer: 0.0% (50) RxFrms 0 TxRate: 52000 RxRate: 65000
 1/04/2017 13:58:35.598 __WiFiLQAMgrLogStats: Rssi: -41 Cca: 52 TxPer: 0.0% (6) BcnPer: 0.0% (50) RxFrms 8 TxRate: 52000 RxRate: 1000
 1/04/2017 13:58:40.600 __WiFiLQAMgrLogStats: Rssi: -51 Cca: 38 TxPer: 0.0% (1) BcnPer: 0.0% (50) RxFrms 5 TxRate: 52000 RxRate: 65000
 1/04/2017 13:58:45.607 __WiFiLQAMgrLogStats: Rssi: -48 Cca: 38 TxPer: 0.0% (3) BcnPer: 0.0% (50) RxFrms 2 TxRate: 52000 RxRate: 65000
 1/04/2017 13:58:45.663 WiFiLocaleManagerCheckLocale: location service or wifi is off, set locale to default
 1/04/2017 13:58:45.663 new locale:  , locale: 
 1/04/2017 13:58:50.608 __WiFiLQAMgrLogStats: Rssi: -48 Cca: 38 TxPer: 0.0% (0) BcnPer: 0.0% (0) RxFrms 0 TxRate: 0 RxRate: 0
 1/04/2017 13:59:00.601 Background Network Application entered
 1/04/2017 13:59:00.602 BG Application: Present, BG Daemon: Present. Daemons: mediaserverd apsd 
 1/04/2017 13:59:00.602 __WiFiManagerSetEnableState: state TRUE, manager->enable.setting TRUE, manager->unlockedSinceBoot TRUE
 1/04/2017 13:59:00.603 __WiFiDeviceManagerAutoAssociate: Already connected to DIGI-146A.
 1/04/2017 13:59:00.604 Background Network Application entered
 1/04/2017 13:59:00.604 BG Application: Not Present, BG Daemon: Present. Daemons: mediaserverd apsd 
 1/04/2017 13:59:00.604 __WiFiManagerSetEnableState: state TRUE, manager->enable.setting TRUE, manager->unlockedSinceBoot TRUE
 1/04/2017 13:59:00.604 __WiFiDeviceManagerAutoAssociate: Already connected to DIGI-146A.
 1/04/2017 13:59:00.617 __WiFiLQAMgrLogStats: Rssi: -79 Cca: 11 TxPer: 0.0% (0) BcnPer: 0.0% (0) RxFrms 0 TxRate: 0 RxRate: 0
 1/04/2017 13:59:05.620 __WiFiLQAMgrLogStats: Rssi: -78 Cca: 2 TxPer: 0.0% (5) BcnPer: 3.6% (55) RxFrms 5 TxRate: 52000 RxRate: 39000
 1/04/2017 13:59:10.628 __WiFiLQAMgrLogStats: Rssi: -77 Cca: 31 TxPer: 0.0% (2) BcnPer: 0.0% (49) RxFrms 2 TxRate: 52000 RxRate: 39000
 1/04/2017 13:59:11.842 __WiFiLQAMgrIsLinkBad: LQAManager BadLinkRssi -85
 1/04/2017 13:59:13.935 Disable WoW requested by "apsd"
 1/04/2017 13:59:13.937 WoW Capable = YES, Attempting to disable WoW and enable LPAS 
 1/04/2017 13:59:13.938 Setting WoW params to <CFBasicHash 0x14cd72c40 [0x1a0950150]>{type = immutable dict, count = 3,
entries =>
	0 : <CFString 0x100175960 [0x1a0950150]>{contents = "IO80211InterfaceEnableLowPwrAssocMode"} = <CFBoolean 0x1a09506c8 [0x1a0950150]>{value = true}
	1 : <CFString 0x100175940 [0x1a0950150]>{contents = "IO80211InterfaceEnableWoW"} = <CFBoolean 0x1a09506d8 [0x1a0950150]>{value = false}
	2 : <CFString 0x100185ae0 [0x1a0950150]>{contents = "IO80211InterfaceEnableWoWOnCaptive"} = <CFBoolean 0x1a09506d8 [0x1a0950150]>{value = false}
}

 1/04/2017 13:59:13.939 WiFiDeviceRequestAssociatedSleep: ActiveDuringSleepRequested is already set (<CFBasicHash 0x14cd72190 [0x1a0950150]>{type = immutable dict, count = 0,
entries =>
}
).
 1/04/2017 13:59:13.940 WoW Disabled, 0 WoW Clients, lpas is Enabled, WoW Override is Disabled, Captive Disabled
 1/04/2017 13:59:13.940 Unable to dispatch WowStateChanged message to client Preferences (268435460)
 1/04/2017 13:59:13.941 Unable to dispatch WowStateChanged message to client dataaccessd (268435460)
 1/04/2017 13:59:13.941 Unable to dispatch WowStateChanged message to client itunesstored (268435460)
 1/04/2017 13:59:13.941 Unable to dispatch WowStateChanged message to client mediaserverd (268435460)
 1/04/2017 13:59:13.942 Unable to dispatch WowStateChanged message to client MobileMail (268435460)
 1/04/2017 13:59:13.942 Unable to dispatch WowStateChanged message to client profiled (268435460)
 1/04/2017 13:59:13.942 Unable to dispatch WowStateChanged message to client assistantd (268435460)
 1/04/2017 13:59:13.943 WoW is Disabled, 0 WoW Clients
 1/04/2017 13:59:13.943 WoW is Disabled, 0 WoW Clients
 1/04/2017 13:59:13.947 WoW is Disabled, 0 WoW Clients
 1/04/2017 13:59:15.636 __WiFiLQAMgrIsLinkGood: LQAManager: GoodLinkRssi -74
 1/04/2017 13:59:18.939 Client apsd set type to normal application
 1/04/2017 13:59:18.939 __WiFiManagerSetEnableState: state TRUE, manager->enable.setting TRUE, manager->unlockedSinceBoot TRUE
 1/04/2017 13:59:18.939 BG Application: Not Present, BG Daemon: Present. Daemons: mediaserverd 
 1/04/2017 13:59:25.650 __WiFiLQAMgrLogStats: Rssi: -73 Cca: 1 TxPer: 0.0% (2) BcnPer: 0.0% (29) RxFrms 3 TxRate: 26000 RxRate: 39000
 1/04/2017 13:59:30.651 __WiFiLQAMgrLogStats: Rssi: -73 Cca: 33 TxPer: 0.0% (0) BcnPer: 0.0% (0) RxFrms 0 TxRate: 0 RxRate: 0
 1/04/2017 13:59:35.659 __WiFiLQAMgrLogStats: Rssi: -78 Cca: 8 TxPer: 0.0% (3) BcnPer: 2.7% (74) RxFrms 2 TxRate: 26000 RxRate: 39000
 1/04/2017 13:59:40.347 __WiFiLQAMgrIsLinkBad: LQAManager BadLinkRssi -85
 1/04/2017 13:59:40.665 
Too frequent(0.317794 secs) rssi event from driver, ignoring

 1/04/2017 13:59:45.673 
Too frequent(0.312448 secs) rssi event from driver, ignoring

 1/04/2017 13:59:50.676 __WiFiLQAMgrLogStats: Rssi: -77 Cca: 44 TxPer: 0.0% (0) BcnPer: 0.0% (0) RxFrms 0 TxRate: 0 RxRate: 0
 1/04/2017 14:00:05.692 __WiFiLQAMgrLogStats: Rssi: -72 Cca: 2 TxPer: 0.0% (1) BcnPer: 3.2% (31) RxFrms 4 TxRate: 19500 RxRate: 52000
 1/04/2017 14:00:05.692 __WiFiLQAMgrIsLinkGood: LQAManager: GoodLinkRssi -72
 1/04/2017 14:00:10.697 __WiFiLQAMgrLogStats: Rssi: -80 Cca: 45 TxPer: 0.0% (0) BcnPer: 0.0% (50) RxFrms 1 TxRate: 19500 RxRate: 52000
 1/04/2017 14:00:15.698 __WiFiLQAMgrLogStats: Rssi: -80 Cca: 100 TxPer: 0.0% (0) BcnPer: 0.0% (0) RxFrms 0 TxRate: 0 RxRate: 0
 1/04/2017 14:00:20.706 __WiFiLQAMgrLogStats: Rssi: -77 Cca: 34 TxPer: 0.0% (0) BcnPer: 2.8% (72) RxFrms 4 TxRate: 19500 RxRate: 52000
 1/04/2017 14:00:35.710 __WiFiLQAMgrLogStats: Rssi: -78 Cca: 34 TxPer: 0.0% (0) BcnPer: 0.0% (0) RxFrms 0 TxRate: 0 RxRate: 0
 1/04/2017 14:00:40.718 __WiFiLQAMgrLogStats: Rssi: -74 Cca: 34 TxPer: 0.0% (0) BcnPer: 0.0% (173) RxFrms 4 TxRate: 19500 RxRate: 1000
 1/04/2017 14:00:45.663 WiFiLocaleManagerCheckLocale: location service or wifi is off, set locale to default
 1/04/2017 14:00:45.663 new locale:  , locale: 
 1/04/2017 14:00:45.726 __WiFiLQAMgrLogStats: Rssi: -80 Cca: 52 TxPer: 0.0% (0) BcnPer: 0.0% (50) RxFrms 3 TxRate: 19500 RxRate: 1000
 1/04/2017 14:00:50.729 __WiFiLQAMgrLogStats: Rssi: -80 Cca: 45 TxPer: 0.0% (0) BcnPer: 0.0% (0) RxFrms 0 TxRate: 0 RxRate: 0
 1/04/2017 14:00:55.736 __WiFiLQAMgrLogStats: Rssi: -76 Cca: 55 TxPer: 0.0% (0) BcnPer: 0.0% (100) RxFrms 3 TxRate: 19500 RxRate: 1000
 1/04/2017 14:01:00.744 
Too frequent(0.720880 secs) rssi event from driver, ignoring

 1/04/2017 14:01:05.752 
Too frequent(0.711489 secs) rssi event from driver, ignoring

 1/04/2017 14:01:10.756 __WiFiLQAMgrLogStats: Rssi: -72 Cca: 32 TxPer: 0.0% (7) BcnPer: 2.0% (50) RxFrms 6 TxRate: 19500 RxRate: 52000
 1/04/2017 14:01:15.523 Received kIOMessageSystemWillSleep
 1/04/2017 14:01:15.523 System Sleep notification, Disabling auto-join
 1/04/2017 14:01:15.523 __WiFiManagerSetEnableState: state FALSE, manager->enable.setting TRUE, manager->unlockedSinceBoot TRUE
 1/04/2017 14:01:15.523 Disabling automatic association
 1/04/2017 14:01:15.566 WoW is Disabled, 0 WoW Clients
 1/04/2017 14:01:15.669 __WiFiDeviceCopyLinkChangedSubReasonString: Apple80211ReturnToString failed 1
 1/04/2017 14:01:15.669 __WiFiDeviceProcessDriverAvailableEvent: driver availability false, reason PowerOff(0xe0821804), subreason (null)(0x0)
 1/04/2017 14:01:15.670 __WiFiManagerDispatchDeviceAvailable: driver availability false

 1/04/2017 14:01:15.671 WiFiAWDManagerSubmitMetric: metric container could not be generated for metric id <0x9000e>
 1/04/2017 14:01:15.689 __WiFiDeviceManagerAwdlAvailableCallback: AWDL availability changed to FALSE
 1/04/2017 14:01:15.698 WoW is Disabled, 0 WoW Clients
 1/04/2017 14:04:02.916 Received kIOMessageSystemWillPowerOn
 1/04/2017 14:04:02.916 System wake reason: AOP.ExternalReq hold
 1/04/2017 14:04:02.916 System Powered ON notification Re-enabling auto-join
 1/04/2017 14:04:02.916 __WiFiManagerSetEnableState: state TRUE, manager->enable.setting TRUE, manager->unlockedSinceBoot TRUE
 1/04/2017 14:04:02.916 Enabling automatic association
 1/04/2017 14:04:02.916 __WiFiDeviceManagerAutoAssociate: Already connected to DIGI-146A.
 1/04/2017 14:04:02.926 WiFiLocaleManagerCheckLocale: location service or wifi is off, set locale to default
 1/04/2017 14:04:02.926 new locale:  , locale: 
 1/04/2017 14:04:02.959 Device display is ON
 1/04/2017 14:04:02.959 __WiFiManagerSetEnableState: state TRUE, manager->enable.setting TRUE, manager->unlockedSinceBoot TRUE
 1/04/2017 14:04:02.959 __WiFiDeviceManagerAutoAssociate: Already connected to DIGI-146A.
 1/04/2017 14:04:02.959 Power stats update: Type 0x5 UnassociatedSleepDur 0 AssociatedSleepDur 89790 TotalDur 167203 RoamDur 0
 1/04/2017 14:04:02.960 WiFiAWDManagerSubmitMetric: metric container could not be generated for metric id <0x90010>
 1/04/2017 14:04:02.960 __WiFiLQAMgrLogStats: Rssi: -60 Cca: 32 TxPer: 0.0% (0) BcnPer: 0.0% (0) RxFrms 0 TxRate: 0 RxRate: 0
 1/04/2017 14:04:02.960 __WiFiDeviceCopyLinkChangedSubReasonString: Apple80211ReturnToString failed 1
 1/04/2017 14:04:02.960 __WiFiDeviceProcessDriverAvailableEvent: driver availability true, reason Initializing(0xe0821803), subreason (null)(0x0)
 1/04/2017 14:04:02.960 __WiFiManagerDispatchDeviceAvailable: driver availability true

 1/04/2017 14:04:02.962 __WiFiDeviceManagerAutoAssociate: Already connected to DIGI-146A.
 1/04/2017 14:04:02.962 WiFiAWDManagerSubmitMetric: metric container could not be generated for metric id <0x9000e>
 1/04/2017 14:04:02.962 __WiFiDeviceManagerAutoAssociate: Already connected to DIGI-146A.
 1/04/2017 14:04:02.963 No Change in Background Scan Networks, Skip Re-Programming Background Scan

 1/04/2017 14:04:03.114 __WiFiManagerCellularTransmitCallback_block_invoke: Cellular Transmit Started = FALSE
 1/04/2017 14:04:03.125 __WiFiDeviceManagerAwdlAvailableCallback: AWDL availability changed to TRUE
 1/04/2017 14:04:03.135 WoW is Disabled, 0 WoW Clients
 1/04/2017 14:04:05.054 ATJManager: setting ask-to-join interaction mode to Interactive
 1/04/2017 14:04:05.054 ATJManager: no entries to purge
 1/04/2017 14:04:05.054 User interaction ENABLED
 1/04/2017 14:04:05.054 Ignoring lock state manager->wakeMode 1

 1/04/2017 14:04:05.054 problematic networks =  and potentially problematic networks = 
 1/04/2017 14:04:05.054 Unblacklisting
 1/04/2017 14:04:05.055 No Change in Background Scan Networks, Skip Re-Programming Background Scan

 1/04/2017 14:04:05.055 __WiFiDeviceManagerAutoAssociate: Already connected to DIGI-146A.
 1/04/2017 14:04:06.095 BG Application: Not Present, BG Daemon: Present. Daemons: mediaserverd 
 1/04/2017 14:04:06.095 __WiFiManagerSetEnableState: state TRUE, manager->enable.setting TRUE, manager->unlockedSinceBoot TRUE
 1/04/2017 14:04:06.095 __WiFiDeviceManagerAutoAssociate: Already connected to DIGI-146A.
 1/04/2017 14:04:09.141 ATJManager: setting ask-to-join interaction mode to NonInteractive
 1/04/2017 14:04:09.141 ATJManager: no entries to purge
 1/04/2017 14:04:09.141 User interaction DISABLED
 1/04/2017 14:04:09.141 Ignoring lock state manager->wakeMode 1

 1/04/2017 14:04:09.148 Device display is OFF
 1/04/2017 14:04:12.891 __WiFiLQAMgrLogStats: Rssi: -61 Cca: 19 TxPer: 0.0% (2) BcnPer: 2.0% (50) RxFrms 3 TxRate: 26000 RxRate: 65000
 1/04/2017 14:04:14.576 Received kIOMessageSystemWillSleep
 1/04/2017 14:04:14.576 System Sleep notification, Disabling auto-join
 1/04/2017 14:04:14.576 __WiFiManagerSetEnableState: state FALSE, manager->enable.setting TRUE, manager->unlockedSinceBoot TRUE
 1/04/2017 14:04:14.576 Disabling automatic association
 1/04/2017 14:04:14.620 WoW is Disabled, 0 WoW Clients
 1/04/2017 14:04:14.769 __WiFiDeviceCopyLinkChangedSubReasonString: Apple80211ReturnToString failed 1
 1/04/2017 14:04:14.769 __WiFiDeviceProcessDriverAvailableEvent: driver availability false, reason PowerOff(0xe0821804), subreason (null)(0x0)
 1/04/2017 14:04:14.769 __WiFiManagerDispatchDeviceAvailable: driver availability false

 1/04/2017 14:04:14.770 WiFiAWDManagerSubmitMetric: metric container could not be generated for metric id <0x9000e>
 1/04/2017 14:04:14.773 __WiFiDeviceManagerAwdlAvailableCallback: AWDL availability changed to FALSE
 1/04/2017 14:04:14.775 WoW is Disabled, 0 WoW Clients
 1/04/2017 14:09:15.899 Received kIOMessageSystemWillPowerOn
 1/04/2017 14:09:15.899 System wake reason: AOP.ExternalReq wlan
 1/04/2017 14:09:15.899 System Powered ON notification Re-enabling auto-join
 1/04/2017 14:09:15.899 __WiFiManagerSetEnableState: state TRUE, manager->enable.setting TRUE, manager->unlockedSinceBoot TRUE
 1/04/2017 14:09:15.899 Enabling automatic association
 1/04/2017 14:09:15.899 __WiFiDeviceManagerAutoAssociate: Already connected to DIGI-146A.
 1/04/2017 14:09:15.899 WiFiLocaleManagerCheckLocale: location service or wifi is off, set locale to default
 1/04/2017 14:09:15.900 new locale:  , locale: 
 1/04/2017 14:09:15.900 __WiFiDeviceProcessDumpLogsEvent: Dump logs event received, dumped wifid log buffer to file
