12/23/2016 17:04:41.349 __WiFiManagerCellularTransmitCallback_block_invoke: Cellular Transmit Started = TRUE
12/23/2016 17:04:43.174 High bw cellular data available, so WiFi would disconnect under low signal quality
12/23/2016 17:04:43.174 WiFiLQAMgrSetWiFiFallBackPref: LQAManager WiFiFallBackPreference disabled 
12/23/2016 17:04:43.889 IPv4 Primary interface is pdp_ip0 and IPv6 Primary Interface is (null)
12/23/2016 17:04:43.952 MIS is already Enabled on ap1
12/23/2016 17:04:43.956 MIS Discovery is Disabled
12/23/2016 17:04:44.637 WiFiLocaleManagerCheckLocale: trying to determine locale...
12/23/2016 17:04:44.637 WiFiManagerCoreLocationGetCachedLocation: getting cached location...
12/23/2016 17:04:44.638 __WiFiLocaleManagerGetLocaleFromMcc: finding iso country code for mcc 232 ....
12/23/2016 17:04:44.638 WiFiLocationServiceManagerIsLocationValid: cachedLocationTimeout 120.000000 location age 311.261826secs, lifeSpan -1.000000 accuracy 65.000000(highAccReq 0), isValid 1
12/23/2016 17:04:44.638 WiFiLocationServiceManagerStartLowAccuracyMonitoring: Cached low accuracy location is valid
12/23/2016 17:04:44.639 WiFiLocationServiceManagerIsLocationValid: cachedLocationTimeout 120.000000 location age 311.261948secs, lifeSpan -1.000000 accuracy 65.000000(highAccReq 1), isValid 1
12/23/2016 17:04:44.639 WiFiLocationServiceManagerIsLocationValid: cachedLocationTimeout 120.000000 location age 311.262000secs, lifeSpan -1.000000 accuracy 65.000000(highAccReq 0), isValid 1
12/23/2016 17:04:44.639 __WiFiLocationServiceManagerProcessLocationAvailableEvent: isValidHighAccuracyLocation 1,  isValidLowAccuracyLocation 1
12/23/2016 17:04:44.639 __WiFiLocationServiceManagerProcessLocationAvailableEvent: give low accuracy callback
12/23/2016 17:04:44.640 __WiFiLocaleManagerGetLocaleFromLocation: <+47.97715038,+16.84898533> +/- 65.00m (speed -1.00 mps / course -1.00) @ 12/23/16, 4:59:33 PM Central European Standard Time
12/23/2016 17:04:44.640 locale from bounding box 
12/23/2016 17:04:44.640 new locale:  , locale: 
12/23/2016 17:04:44.640 Stopping Low Accuracy Location Monitoring
12/23/2016 17:04:44.640 CLMonitoring is already stopped
12/23/2016 17:04:44.640 Stopping Low Accuracy Location Monitoring
12/23/2016 17:04:44.640 CLMonitoring is already stopped
12/23/2016 17:04:44.640 __WiFiLocationServiceManagerEventCallback, got cb dict {
    eventType = 0;
    location = "<+47.97598592,+16.85203493> +/- 65.00m (speed -1.00 mps / course -1.00) @ 12/23/16, 5:04:44 PM Central European Standard Time";
}
12/23/2016 17:04:44.641 WiFiLocationServiceManagerIsLocationValid: cachedLocationTimeout 120.000000 location age 0.001268secs, lifeSpan -1.000000 accuracy 65.000000(highAccReq 1), isValid 1
12/23/2016 17:04:44.641 WiFiLocationServiceManagerIsLocationValid: cachedLocationTimeout 120.000000 location age 0.001323secs, lifeSpan -1.000000 accuracy 65.000000(highAccReq 0), isValid 1
12/23/2016 17:04:44.641 __WiFiLocationServiceManagerProcessLocationAvailableEvent: isValidHighAccuracyLocation 1,  isValidLowAccuracyLocation 1
12/23/2016 17:04:52.860 Device display is ON
12/23/2016 17:04:52.860 __WiFiManagerSetEnableState: state TRUE, manager->enable.setting TRUE, manager->unlockedSinceBoot TRUE
12/23/2016 17:04:52.860 Auto association attempt canceled because MIS is enabled. MIS client count: wifi=1 bt=0
12/23/2016 17:04:53.002 Async scan requested by "locationd" for 1 iterations with maxage=0 priority normal on en0
12/23/2016 17:04:53.002 Enqueuing command type: "Scan" pending commands: 0
12/23/2016 17:04:53.002 Dequeuing command type: "Scan" pending commands: 0
12/23/2016 17:04:53.002 Attempting Apple80211ScanAsync on en0
12/23/2016 17:04:53.160 Completed Apple80211ScanAsync on en0 (0x0)
12/23/2016 17:04:53.160 Async scan request completed for "locationd" (0)
12/23/2016 17:04:53.161 Async scan requested by "locationd" for 1 iterations with maxage=0 priority normal on en0
12/23/2016 17:04:53.161 Enqueuing command type: "Scan" pending commands: 0
12/23/2016 17:04:53.161 Dequeuing command type: "Scan" pending commands: 0
12/23/2016 17:04:53.161 Attempting Apple80211ScanAsync on en0
12/23/2016 17:04:53.547 Completed Apple80211ScanAsync on en0 (0x0)
12/23/2016 17:04:53.549 Async scan request completed for "locationd" (0)
12/23/2016 17:04:54.702 ATJManager: setting ask-to-join interaction mode to Interactive
12/23/2016 17:04:54.702 ATJManager: no entries to purge
12/23/2016 17:04:54.702 User interaction ENABLED
12/23/2016 17:04:54.702 Ignoring lock state manager->wakeMode 1

12/23/2016 17:04:54.702 problematic networks =  and potentially problematic networks = 
12/23/2016 17:04:54.702 Unblacklisting
12/23/2016 17:04:54.704 No Change in Background Scan Networks, Skip Re-Programming Background Scan

12/23/2016 17:04:54.704 Auto association attempt canceled because MIS is enabled. MIS client count: wifi=1 bt=0
12/23/2016 17:04:54.779 Foreground Network Application entered.
12/23/2016 17:04:54.779 BG Application: Not Present, BG Daemon: Present. Daemons: MobileMail mediaserverd apsd 
12/23/2016 17:04:54.779 problematic networks =  and potentially problematic networks = 
12/23/2016 17:04:54.779 Unblacklisting
12/23/2016 17:04:54.779 No Change in Background Scan Networks, Skip Re-Programming Background Scan

12/23/2016 17:04:54.779 __WiFiManagerSetEnableState: state TRUE, manager->enable.setting TRUE, manager->unlockedSinceBoot TRUE
12/23/2016 17:04:54.779 Auto association attempt canceled because MIS is enabled. MIS client count: wifi=1 bt=0
12/23/2016 17:04:58.154 Foreground Network Application exited.
12/23/2016 17:04:58.205 BG Application: Not Present, BG Daemon: Present. Daemons: MobileMail mediaserverd apsd 
12/23/2016 17:04:58.205 __WiFiManagerSetEnableState: state TRUE, manager->enable.setting TRUE, manager->unlockedSinceBoot TRUE
12/23/2016 17:04:58.205 Auto association attempt canceled because MIS is enabled. MIS client count: wifi=1 bt=0
12/23/2016 17:04:58.216 BG Application: Not Present, BG Daemon: Present. Daemons: MobileMail mediaserverd apsd 
12/23/2016 17:04:59.557 BG Application: Not Present, BG Daemon: Present. Daemons: MobileMail mediaserverd apsd 
12/23/2016 17:04:59.557 WoW Enabled, Skip starting Disassocation timer
12/23/2016 17:05:00.582 Async scan requested by "locationd" for 1 iterations with maxage=0 priority normal on en0
12/23/2016 17:05:00.583 Enqueuing command type: "Scan" pending commands: 0
12/23/2016 17:05:00.583 Dequeuing command type: "Scan" pending commands: 0
12/23/2016 17:05:00.583 Attempting Apple80211ScanAsync on en0
12/23/2016 17:05:00.779 Completed Apple80211ScanAsync on en0 (0x0)
12/23/2016 17:05:00.831 Async scan request completed for "locationd" (0)
12/23/2016 17:05:00.834 Async scan requested by "locationd" for 1 iterations with maxage=0 priority normal on en0
12/23/2016 17:05:00.834 Enqueuing command type: "Scan" pending commands: 0
12/23/2016 17:05:00.834 Dequeuing command type: "Scan" pending commands: 0
12/23/2016 17:05:00.834 Attempting Apple80211ScanAsync on en0
12/23/2016 17:05:01.216 Completed Apple80211ScanAsync on en0 (0x0)
12/23/2016 17:05:01.216 Async scan request completed for "locationd" (0)
12/23/2016 17:05:01.216 Async scan requested by "locationd" for 1 iterations with maxage=0 priority low on en0
12/23/2016 17:05:01.216 Enqueuing command type: "Scan" pending commands: 0
12/23/2016 17:05:01.216 Dequeuing command type: "Scan" pending commands: 0
12/23/2016 17:05:01.216 Attempting Apple80211ScanAsync on en0
12/23/2016 17:05:01.600 Completed Apple80211ScanAsync on en0 (0x0)
12/23/2016 17:05:01.600 Async scan request completed for "locationd" (0)
12/23/2016 17:05:05.790 Async scan requested by "locationd" for 1 iterations with maxage=0 priority normal on en0
12/23/2016 17:05:05.791 Enqueuing command type: "Scan" pending commands: 0
12/23/2016 17:05:05.791 Dequeuing command type: "Scan" pending commands: 0
12/23/2016 17:05:05.791 Attempting Apple80211ScanAsync on en0
12/23/2016 17:05:06.184 Completed Apple80211ScanAsync on en0 (0x0)
12/23/2016 17:05:06.186 Async scan request completed for "locationd" (0)
12/23/2016 17:05:11.972 Creating client for "Preferences"
12/23/2016 17:05:11.975 Creating client for "Preferences"
12/23/2016 17:05:11.979 Disable MIS Discoverability requested by "Preferences"
12/23/2016 17:05:11.979 MIS Discovery is already disabled
12/23/2016 17:05:11.979 Preferences requesting removal of BGScan networks
12/23/2016 17:05:11.979 No Change in Background Scan Networks, Skip Re-Programming Background Scan

12/23/2016 17:05:11.979 __WiFiManagerSetEnableState: state TRUE, manager->enable.setting TRUE, manager->unlockedSinceBoot TRUE
12/23/2016 17:05:11.979 Removing client for "Preferences"
12/23/2016 17:05:12.015 Preparing MIS Network Configuration Parameters
12/23/2016 17:05:12.824 Enable MIS Discoverability requested by "Preferences"
12/23/2016 17:05:12.824 MIS Discovery enabled
12/23/2016 17:05:12.825 MIS Discovery enabled
12/23/2016 17:05:14.191 Async scan requested by "locationd" for 1 iterations with maxage=0 priority normal on en0
12/23/2016 17:05:14.191 Enqueuing command type: "Scan" pending commands: 0
12/23/2016 17:05:14.191 Dequeuing command type: "Scan" pending commands: 0
12/23/2016 17:05:14.191 Attempting Apple80211ScanAsync on en0
12/23/2016 17:05:14.198 Disable MIS Discoverability requested by "Preferences"
12/23/2016 17:05:14.198 MIS Discovery disabled
12/23/2016 17:05:14.200 MIS Discovery disabled
12/23/2016 17:05:14.200 Preferences requesting removal of BGScan networks
12/23/2016 17:05:14.200 No Change in Background Scan Networks, Skip Re-Programming Background Scan

12/23/2016 17:05:14.200 __WiFiManagerSetEnableState: state TRUE, manager->enable.setting TRUE, manager->unlockedSinceBoot TRUE
12/23/2016 17:05:14.200 Removing client for "Preferences"
12/23/2016 17:05:14.578 Completed Apple80211ScanAsync on en0 (0x0)
12/23/2016 17:05:14.580 Async scan request completed for "locationd" (0)
12/23/2016 17:05:14.590 Async scan requested by "locationd" for 1 iterations with maxage=0 priority normal on en0
12/23/2016 17:05:14.590 Enqueuing command type: "Scan" pending commands: 0
12/23/2016 17:05:14.590 Dequeuing command type: "Scan" pending commands: 0
12/23/2016 17:05:14.590 Attempting Apple80211ScanAsync on en0
12/23/2016 17:05:16.139 Completed Apple80211ScanAsync on en0 (0x0)
12/23/2016 17:05:16.141 Async scan request completed for "locationd" (0)
12/23/2016 17:05:16.507 BG Application: Not Present, BG Daemon: Present. Daemons: MobileMail mediaserverd apsd 
12/23/2016 17:05:16.507 __WiFiManagerSetEnableState: state TRUE, manager->enable.setting TRUE, manager->unlockedSinceBoot TRUE
12/23/2016 17:05:16.507 Auto association attempt canceled because MIS is enabled. MIS client count: wifi=1 bt=0
12/23/2016 17:05:18.090 BG Application: Not Present, BG Daemon: Present. Daemons: MobileMail mediaserverd apsd 
12/23/2016 17:05:18.090 WoW Enabled, Skip starting Disassocation timer
12/23/2016 17:05:20.593 Async scan requested by "locationd" for 1 iterations with maxage=0 priority normal on en0
12/23/2016 17:05:20.593 Enqueuing command type: "Scan" pending commands: 0
12/23/2016 17:05:20.593 Dequeuing command type: "Scan" pending commands: 0
12/23/2016 17:05:20.593 Attempting Apple80211ScanAsync on en0
12/23/2016 17:05:20.979 Completed Apple80211ScanAsync on en0 (0x0)
12/23/2016 17:05:20.981 Async scan request completed for "locationd" (0)
12/23/2016 17:05:22.782 apsd[273] is a wow client
12/23/2016 17:05:22.782 WoW is Enabled, 1 WoW Clients
12/23/2016 17:05:24.525 __WiFiManagerCellularTransmitCallback_block_invoke: Cellular Transmit Started = FALSE
12/23/2016 17:05:25.508 __WiFiManagerCellularTransmitCallback_block_invoke: Cellular Transmit Started = TRUE
12/23/2016 17:05:26.994 Async scan requested by "locationd" for 1 iterations with maxage=0 priority normal on en0
12/23/2016 17:05:26.994 Enqueuing command type: "Scan" pending commands: 0
12/23/2016 17:05:26.994 Dequeuing command type: "Scan" pending commands: 0
12/23/2016 17:05:26.997 Attempting Apple80211ScanAsync on en0
12/23/2016 17:05:27.383 Completed Apple80211ScanAsync on en0 (0x0)
12/23/2016 17:05:27.385 Async scan request completed for "locationd" (0)
12/23/2016 17:05:27.404 Async scan requested by "locationd" for 1 iterations with maxage=0 priority normal on en0
12/23/2016 17:05:27.405 Enqueuing command type: "Scan" pending commands: 0
12/23/2016 17:05:27.405 Dequeuing command type: "Scan" pending commands: 0
12/23/2016 17:05:27.405 Attempting Apple80211ScanAsync on en0
12/23/2016 17:05:28.990 Completed Apple80211ScanAsync on en0 (0x0)
12/23/2016 17:05:28.991 Async scan request completed for "locationd" (0)
12/23/2016 17:05:29.016 Low bw cellular data available, so WiFi would stay connected under low signal quality
12/23/2016 17:05:29.017 WiFiLQAMgrSetWiFiFallBackPref: LQAManager WiFiFallBackPreference enabled 
12/23/2016 17:05:29.074 IPv4 Primary interface is pdp_ip0 and IPv6 Primary Interface is (null)
12/23/2016 17:05:29.075 IPv4 Primary interface is pdp_ip0 and IPv6 Primary Interface is (null)
12/23/2016 17:05:33.407 Async scan requested by "locationd" for 1 iterations with maxage=0 priority normal on en0
12/23/2016 17:05:33.407 Enqueuing command type: "Scan" pending commands: 0
12/23/2016 17:05:33.407 Dequeuing command type: "Scan" pending commands: 0
12/23/2016 17:05:33.407 Attempting Apple80211ScanAsync on en0
12/23/2016 17:05:33.793 Completed Apple80211ScanAsync on en0 (0x0)
12/23/2016 17:05:33.796 Async scan request completed for "locationd" (0)
12/23/2016 17:05:33.809 Async scan requested by "locationd" for 1 iterations with maxage=0 priority normal on en0
12/23/2016 17:05:33.809 Enqueuing command type: "Scan" pending commands: 0
12/23/2016 17:05:33.809 Dequeuing command type: "Scan" pending commands: 0
12/23/2016 17:05:33.809 Attempting Apple80211ScanAsync on en0
12/23/2016 17:05:35.357 Completed Apple80211ScanAsync on en0 (0x0)
12/23/2016 17:05:35.358 Async scan request completed for "locationd" (0)
12/23/2016 17:05:39.808 Async scan requested by "locationd" for 1 iterations with maxage=0 priority normal on en0
12/23/2016 17:05:39.808 Enqueuing command type: "Scan" pending commands: 0
12/23/2016 17:05:39.808 Dequeuing command type: "Scan" pending commands: 0
12/23/2016 17:05:39.808 Attempting Apple80211ScanAsync on en0
12/23/2016 17:05:40.193 Completed Apple80211ScanAsync on en0 (0x0)
12/23/2016 17:05:40.203 Async scan request completed for "locationd" (0)
12/23/2016 17:05:40.217 Async scan requested by "locationd" for 1 iterations with maxage=0 priority normal on en0
12/23/2016 17:05:40.219 Enqueuing command type: "Scan" pending commands: 0
12/23/2016 17:05:40.219 Dequeuing command type: "Scan" pending commands: 0
12/23/2016 17:05:40.219 Attempting Apple80211ScanAsync on en0
12/23/2016 17:05:41.769 Completed Apple80211ScanAsync on en0 (0x0)
12/23/2016 17:05:41.771 Async scan request completed for "locationd" (0)
12/23/2016 17:05:44.482 IPv4 Primary interface is pdp_ip0 and IPv6 Primary Interface is (null)
12/23/2016 17:05:44.483 High bw cellular data available, so WiFi would disconnect under low signal quality
12/23/2016 17:05:44.483 WiFiLQAMgrSetWiFiFallBackPref: LQAManager WiFiFallBackPreference disabled 
12/23/2016 17:05:44.489 IPv4 Primary interface is pdp_ip0 and IPv6 Primary Interface is (null)
12/23/2016 17:05:46.218 Async scan requested by "locationd" for 1 iterations with maxage=0 priority normal on en0
12/23/2016 17:05:46.218 Enqueuing command type: "Scan" pending commands: 0
12/23/2016 17:05:46.218 Dequeuing command type: "Scan" pending commands: 0
12/23/2016 17:05:46.218 Attempting Apple80211ScanAsync on en0
12/23/2016 17:05:46.604 Completed Apple80211ScanAsync on en0 (0x0)
12/23/2016 17:05:46.606 Async scan request completed for "locationd" (0)
12/23/2016 17:05:46.634 Async scan requested by "locationd" for 1 iterations with maxage=0 priority normal on en0
12/23/2016 17:05:46.634 Enqueuing command type: "Scan" pending commands: 0
12/23/2016 17:05:46.634 Dequeuing command type: "Scan" pending commands: 0
12/23/2016 17:05:46.634 Attempting Apple80211ScanAsync on en0
12/23/2016 17:05:47.676 ATJManager: setting ask-to-join interaction mode to NonInteractive
12/23/2016 17:05:47.676 ATJManager: no entries to purge
12/23/2016 17:05:47.676 User interaction DISABLED
12/23/2016 17:05:47.676 Ignoring lock state manager->wakeMode 1

12/23/2016 17:05:47.678 Device display is OFF
12/23/2016 17:05:48.188 Completed Apple80211ScanAsync on en0 (0x0)
12/23/2016 17:05:48.188 Async scan request completed for "locationd" (0)
12/23/2016 17:05:48.189 Async scan requested by "locationd" for 1 iterations with maxage=0 priority normal on en0
12/23/2016 17:05:48.189 Enqueuing command type: "Scan" pending commands: 0
12/23/2016 17:05:48.189 Dequeuing command type: "Scan" pending commands: 0
12/23/2016 17:05:48.189 Attempting Apple80211ScanAsync on en0
12/23/2016 17:05:48.347 Completed Apple80211ScanAsync on en0 (0x0)
12/23/2016 17:05:48.347 Async scan request completed for "locationd" (0)
12/23/2016 17:05:48.348 Async scan requested by "locationd" for 1 iterations with maxage=0 priority normal on en0
12/23/2016 17:05:48.348 Enqueuing command type: "Scan" pending commands: 0
12/23/2016 17:05:48.348 Dequeuing command type: "Scan" pending commands: 0
12/23/2016 17:05:48.348 Attempting Apple80211ScanAsync on en0
12/23/2016 17:05:48.733 Completed Apple80211ScanAsync on en0 (0x0)
12/23/2016 17:05:48.734 Async scan request completed for "locationd" (0)
12/23/2016 17:05:53.947 Async scan requested by "locationd" for 1 iterations with maxage=0 priority normal on en0
12/23/2016 17:05:53.947 Enqueuing command type: "Scan" pending commands: 0
12/23/2016 17:05:53.947 Dequeuing command type: "Scan" pending commands: 0
12/23/2016 17:05:53.948 Attempting Apple80211ScanAsync on en0
12/23/2016 17:05:54.333 Completed Apple80211ScanAsync on en0 (0x0)
12/23/2016 17:05:54.335 Async scan request completed for "locationd" (0)
12/23/2016 17:05:54.356 Async scan requested by "locationd" for 1 iterations with maxage=0 priority normal on en0
12/23/2016 17:05:54.356 Enqueuing command type: "Scan" pending commands: 0
12/23/2016 17:05:54.357 Dequeuing command type: "Scan" pending commands: 0
12/23/2016 17:05:54.357 Attempting Apple80211ScanAsync on en0
12/23/2016 17:05:54.712 BG Application: Not Present, BG Daemon: Present. Daemons: MobileMail mediaserverd apsd 
12/23/2016 17:05:54.713 BG Application: Not Present, BG Daemon: Present. Daemons: MobileMail mediaserverd apsd 
12/23/2016 17:05:55.899 Completed Apple80211ScanAsync on en0 (0x0)
12/23/2016 17:05:55.901 Async scan request completed for "locationd" (0)
12/23/2016 17:06:09.906 scanCache: Purging scan cache
12/23/2016 17:06:44.501 Disable WoW requested by "apsd"
12/23/2016 17:06:44.501 WoW Capable = YES, Attempting to disable WoW and enable LPAS 
12/23/2016 17:06:44.502 Setting WoW params to <CFBasicHash 0x14cfcf430 [0x1a0950150]>{type = immutable dict, count = 3,
entries =>
	0 : <CFString 0x100175960 [0x1a0950150]>{contents = "IO80211InterfaceEnableLowPwrAssocMode"} = <CFBoolean 0x1a09506c8 [0x1a0950150]>{value = true}
	1 : <CFString 0x100175940 [0x1a0950150]>{contents = "IO80211InterfaceEnableWoW"} = <CFBoolean 0x1a09506d8 [0x1a0950150]>{value = false}
	2 : <CFString 0x100185ae0 [0x1a0950150]>{contents = "IO80211InterfaceEnableWoWOnCaptive"} = <CFBoolean 0x1a09506d8 [0x1a0950150]>{value = false}
}

12/23/2016 17:06:44.502 WiFiDeviceRequestAssociatedSleep: ActiveDuringSleepRequested is already removed ((null)).
12/23/2016 17:06:44.502 WoW Disabled, 0 WoW Clients, lpas is Enabled, WoW Override is Disabled, Captive Disabled
12/23/2016 17:06:44.503 Unable to dispatch WowStateChanged message to client MobileMail (268435460)
12/23/2016 17:06:44.503 Unable to dispatch WowStateChanged message to client dataaccessd (268435460)
12/23/2016 17:06:44.503 Unable to dispatch WowStateChanged message to client itunesstored (268435460)
12/23/2016 17:06:44.503 Unable to dispatch WowStateChanged message to client mediaserverd (268435460)
12/23/2016 17:06:44.504 WoW is Disabled, 0 WoW Clients
12/23/2016 17:06:44.505 WoW is Disabled, 0 WoW Clients
12/23/2016 17:06:44.506 WoW is Disabled, 0 WoW Clients
12/23/2016 17:06:44.637 WiFiLocaleManagerCheckLocale: trying to determine locale...
12/23/2016 17:06:44.637 WiFiManagerCoreLocationGetCachedLocation: getting cached location...
12/23/2016 17:06:44.649 __WiFiLocaleManagerGetLocaleFromMcc: finding iso country code for mcc 232 ....
12/23/2016 17:06:44.649 WiFiLocationServiceManagerIsLocationValid: cachedLocationTimeout 120.000000 location age 120.009414secs, lifeSpan -1.000000 accuracy 65.000000(highAccReq 0), isValid 1
12/23/2016 17:06:44.649 WiFiLocationServiceManagerStartLowAccuracyMonitoring: Cached low accuracy location is valid
12/23/2016 17:06:44.649 WiFiLocationServiceManagerIsLocationValid: cachedLocationTimeout 120.000000 location age 120.009548secs, lifeSpan -1.000000 accuracy 65.000000(highAccReq 1), isValid 1
12/23/2016 17:06:44.649 WiFiLocationServiceManagerIsLocationValid: cachedLocationTimeout 120.000000 location age 120.009602secs, lifeSpan -1.000000 accuracy 65.000000(highAccReq 0), isValid 1
12/23/2016 17:06:44.649 __WiFiLocationServiceManagerProcessLocationAvailableEvent: isValidHighAccuracyLocation 1,  isValidLowAccuracyLocation 1
12/23/2016 17:06:44.649 __WiFiLocationServiceManagerProcessLocationAvailableEvent: give low accuracy callback
12/23/2016 17:06:44.650 __WiFiLocaleManagerGetLocaleFromLocation: <+47.97598592,+16.85203493> +/- 65.00m (speed -1.00 mps / course -1.00) @ 12/23/16, 5:04:44 PM Central European Standard Time
12/23/2016 17:06:44.650 locale from bounding box 
12/23/2016 17:06:44.650 new locale:  , locale: 
12/23/2016 17:06:44.650 Stopping Low Accuracy Location Monitoring
12/23/2016 17:06:44.650 CLMonitoring is already stopped
12/23/2016 17:06:44.650 Stopping Low Accuracy Location Monitoring
12/23/2016 17:06:44.650 CLMonitoring is already stopped
12/23/2016 17:06:44.650 __WiFiLocationServiceManagerEventCallback, got cb dict {
    eventType = 0;
    location = "<+47.97598761,+16.85204674> +/- 65.00m (speed -1.00 mps / course -1.00) @ 12/23/16, 5:06:03 PM Central European Standard Time";
}
12/23/2016 17:06:44.651 WiFiLocationServiceManagerIsLocationValid: cachedLocationTimeout 120.000000 location age 41.312528secs, lifeSpan -1.000000 accuracy 65.000000(highAccReq 1), isValid 1
12/23/2016 17:06:44.651 WiFiLocationServiceManagerIsLocationValid: cachedLocationTimeout 120.000000 location age 41.312583secs, lifeSpan -1.000000 accuracy 65.000000(highAccReq 0), isValid 1
12/23/2016 17:06:44.651 __WiFiLocationServiceManagerProcessLocationAvailableEvent: isValidHighAccuracyLocation 1,  isValidLowAccuracyLocation 1
12/23/2016 17:06:49.506 Client apsd set type to normal application
12/23/2016 17:06:49.506 __WiFiManagerSetEnableState: state TRUE, manager->enable.setting TRUE, manager->unlockedSinceBoot TRUE
12/23/2016 17:06:49.507 BG Application: Not Present, BG Daemon: Present. Daemons: MobileMail mediaserverd 
12/23/2016 17:06:49.507 Client MobileMail set type to normal application
12/23/2016 17:06:49.507 __WiFiManagerSetEnableState: state TRUE, manager->enable.setting TRUE, manager->unlockedSinceBoot TRUE
12/23/2016 17:06:49.507 BG Application: Not Present, BG Daemon: Present. Daemons: mediaserverd 
12/23/2016 17:08:04.479 Device display is ON
12/23/2016 17:08:04.480 __WiFiManagerSetEnableState: state TRUE, manager->enable.setting TRUE, manager->unlockedSinceBoot TRUE
12/23/2016 17:08:04.480 Auto association attempt canceled because MIS is enabled. MIS client count: wifi=1 bt=0
12/23/2016 17:08:04.675 Async scan requested by "locationd" for 1 iterations with maxage=0 priority normal on en0
12/23/2016 17:08:04.675 Enqueuing command type: "Scan" pending commands: 0
12/23/2016 17:08:04.675 Dequeuing command type: "Scan" pending commands: 0
12/23/2016 17:08:04.675 Attempting Apple80211ScanAsync on en0
12/23/2016 17:08:04.834 Completed Apple80211ScanAsync on en0 (0x0)
12/23/2016 17:08:04.835 Async scan request completed for "locationd" (0)
12/23/2016 17:08:04.835 Async scan requested by "locationd" for 1 iterations with maxage=0 priority normal on en0
12/23/2016 17:08:04.835 Enqueuing command type: "Scan" pending commands: 0
12/23/2016 17:08:04.835 Dequeuing command type: "Scan" pending commands: 0
12/23/2016 17:08:04.835 Attempting Apple80211ScanAsync on en0
12/23/2016 17:08:05.220 Completed Apple80211ScanAsync on en0 (0x0)
12/23/2016 17:08:05.222 Async scan request completed for "locationd" (0)
12/23/2016 17:08:05.937 ATJManager: setting ask-to-join interaction mode to Interactive
12/23/2016 17:08:05.937 ATJManager: no entries to purge
12/23/2016 17:08:05.938 User interaction ENABLED
12/23/2016 17:08:05.938 Ignoring lock state manager->wakeMode 1

12/23/2016 17:08:05.938 problematic networks =  and potentially problematic networks = 
12/23/2016 17:08:05.938 Unblacklisting
12/23/2016 17:08:05.941 No Change in Background Scan Networks, Skip Re-Programming Background Scan

12/23/2016 17:08:05.941 Auto association attempt canceled because MIS is enabled. MIS client count: wifi=1 bt=0
12/23/2016 17:08:08.288 BG Application: Not Present, BG Daemon: Present. Daemons: mediaserverd 
12/23/2016 17:08:08.288 __WiFiManagerSetEnableState: state TRUE, manager->enable.setting TRUE, manager->unlockedSinceBoot TRUE
12/23/2016 17:08:08.288 Auto association attempt canceled because MIS is enabled. MIS client count: wifi=1 bt=0
12/23/2016 17:08:10.923 Foreground Network Application entered.
12/23/2016 17:08:10.923 BG Application: Not Present, BG Daemon: Present. Daemons: mediaserverd 
12/23/2016 17:08:10.923 problematic networks =  and potentially problematic networks = 
12/23/2016 17:08:10.923 Unblacklisting
12/23/2016 17:08:10.924 No Change in Background Scan Networks, Skip Re-Programming Background Scan

12/23/2016 17:08:10.924 __WiFiManagerSetEnableState: state TRUE, manager->enable.setting TRUE, manager->unlockedSinceBoot TRUE
12/23/2016 17:08:10.924 Auto association attempt canceled because MIS is enabled. MIS client count: wifi=1 bt=0
12/23/2016 17:08:10.925 BG Application: Not Present, BG Daemon: Present. Daemons: mediaserverd 
12/23/2016 17:08:11.805 Async scan requested by "locationd" for 1 iterations with maxage=0 priority normal on en0
12/23/2016 17:08:11.806 Enqueuing command type: "Scan" pending commands: 0
12/23/2016 17:08:11.806 Dequeuing command type: "Scan" pending commands: 0
12/23/2016 17:08:11.806 Attempting Apple80211ScanAsync on en0
12/23/2016 17:08:12.190 Completed Apple80211ScanAsync on en0 (0x0)
12/23/2016 17:08:12.192 Async scan request completed for "locationd" (0)
12/23/2016 17:08:23.711 __WiFiDeviceProcessSTALeaveEvent: staNum 0
12/23/2016 17:08:23.725 MIS STA Disassociated: 0 associated clients
12/23/2016 17:08:23.726 __WiFiDeviceManagerSTALeaveCallback: Starting MIS idle timer
12/23/2016 17:08:23.766 WiFiDeviceManagerSetMISMaxStaNumber: Additional tethering clients allowed: 5
12/23/2016 17:08:23.767 MIS is already Enabled on ap1
12/23/2016 17:08:23.767 Auto association attempt canceled because MIS is enabled. MIS client count: wifi=0 bt=0
12/23/2016 17:08:23.768 MIS Discovery is Disabled
12/23/2016 17:08:26.198 scanCache: Purging scan cache
12/23/2016 17:08:27.627 ATJManager: setting ask-to-join interaction mode to NonInteractive
12/23/2016 17:08:27.628 ATJManager: no entries to purge
12/23/2016 17:08:27.628 User interaction DISABLED
12/23/2016 17:08:27.628 Ignoring lock state manager->wakeMode 1

12/23/2016 17:08:27.629 Device display is OFF
12/23/2016 17:08:27.872 Foreground Network Application exited.
12/23/2016 17:08:27.872 BG Application: Not Present, BG Daemon: Present. Daemons: mediaserverd 
12/23/2016 17:08:27.872 LPAS is Enabled
12/23/2016 17:08:27.872 LPAS Enabled, Skip starting Disassocation timer
12/23/2016 17:08:29.294 Device display is ON
12/23/2016 17:08:29.294 __WiFiManagerSetEnableState: state TRUE, manager->enable.setting TRUE, manager->unlockedSinceBoot TRUE
12/23/2016 17:08:29.294 Auto association attempt canceled because MIS is enabled. MIS client count: wifi=0 bt=0
12/23/2016 17:08:29.476 Async scan requested by "locationd" for 1 iterations with maxage=0 priority normal on en0
12/23/2016 17:08:29.476 Enqueuing command type: "Scan" pending commands: 0
12/23/2016 17:08:29.476 Dequeuing command type: "Scan" pending commands: 0
12/23/2016 17:08:29.476 Attempting Apple80211ScanAsync on en0
12/23/2016 17:08:29.635 Completed Apple80211ScanAsync on en0 (0x0)
12/23/2016 17:08:29.636 Async scan request completed for "locationd" (0)
12/23/2016 17:08:29.640 Async scan requested by "locationd" for 1 iterations with maxage=0 priority normal on en0
12/23/2016 17:08:29.640 Enqueuing command type: "Scan" pending commands: 0
12/23/2016 17:08:29.640 Dequeuing command type: "Scan" pending commands: 0
12/23/2016 17:08:29.640 Attempting Apple80211ScanAsync on en0
12/23/2016 17:08:30.029 Completed Apple80211ScanAsync on en0 (0x0)
12/23/2016 17:08:30.031 Async scan request completed for "locationd" (0)
12/23/2016 17:08:31.814 Device display is OFF
12/23/2016 17:08:35.648 Async scan requested by "locationd" for 1 iterations with maxage=0 priority normal on en0
12/23/2016 17:08:35.649 Enqueuing command type: "Scan" pending commands: 0
12/23/2016 17:08:35.649 Dequeuing command type: "Scan" pending commands: 0
12/23/2016 17:08:35.649 Attempting Apple80211ScanAsync on en0
12/23/2016 17:08:36.035 Completed Apple80211ScanAsync on en0 (0x0)
12/23/2016 17:08:36.037 Async scan request completed for "locationd" (0)
12/23/2016 17:08:44.638 WiFiLocaleManagerCheckLocale: trying to determine locale...
12/23/2016 17:08:44.639 WiFiManagerCoreLocationGetCachedLocation: getting cached location...
12/23/2016 17:08:44.661 __WiFiLocaleManagerGetLocaleFromMcc: finding iso country code for mcc 232 ....
12/23/2016 17:08:44.661 WiFiLocationServiceManagerIsLocationValid: cachedLocationTimeout 120.000000 location age 161.322309secs, lifeSpan -1.000000 accuracy 65.000000(highAccReq 0), isValid 1
12/23/2016 17:08:44.661 WiFiLocationServiceManagerStartLowAccuracyMonitoring: Cached low accuracy location is valid
12/23/2016 17:08:44.661 WiFiLocationServiceManagerIsLocationValid: cachedLocationTimeout 120.000000 location age 161.322448secs, lifeSpan -1.000000 accuracy 65.000000(highAccReq 1), isValid 1
12/23/2016 17:08:44.661 WiFiLocationServiceManagerIsLocationValid: cachedLocationTimeout 120.000000 location age 161.322503secs, lifeSpan -1.000000 accuracy 65.000000(highAccReq 0), isValid 1
12/23/2016 17:08:44.661 __WiFiLocationServiceManagerProcessLocationAvailableEvent: isValidHighAccuracyLocation 1,  isValidLowAccuracyLocation 1
12/23/2016 17:08:44.661 __WiFiLocationServiceManagerProcessLocationAvailableEvent: give low accuracy callback
12/23/2016 17:08:44.662 __WiFiLocaleManagerGetLocaleFromLocation: <+47.97598761,+16.85204674> +/- 65.00m (speed -1.00 mps / course -1.00) @ 12/23/16, 5:06:03 PM Central European Standard Time
12/23/2016 17:08:44.662 locale from bounding box 
12/23/2016 17:08:44.662 new locale:  , locale: 
12/23/2016 17:08:44.662 Stopping Low Accuracy Location Monitoring
12/23/2016 17:08:44.662 CLMonitoring is already stopped
12/23/2016 17:08:44.662 Stopping Low Accuracy Location Monitoring
12/23/2016 17:08:44.662 CLMonitoring is already stopped
12/23/2016 17:08:44.662 __WiFiLocationServiceManagerEventCallback, got cb dict {
    eventType = 0;
    location = "<+47.97591416,+16.85206134> +/- 65.00m (speed -1.00 mps / course -1.00) @ 12/23/16, 5:08:44 PM Central European Standard Time";
}
12/23/2016 17:08:44.663 WiFiLocationServiceManagerIsLocationValid: cachedLocationTimeout 120.000000 location age 0.021550secs, lifeSpan -1.000000 accuracy 65.000000(highAccReq 1), isValid 1
12/23/2016 17:08:44.663 WiFiLocationServiceManagerIsLocationValid: cachedLocationTimeout 120.000000 location age 0.021604secs, lifeSpan -1.000000 accuracy 65.000000(highAccReq 0), isValid 1
12/23/2016 17:08:44.663 __WiFiLocationServiceManagerProcessLocationAvailableEvent: isValidHighAccuracyLocation 1,  isValidLowAccuracyLocation 1
12/23/2016 17:08:50.042 scanCache: Purging scan cache
12/23/2016 17:08:53.342 __WiFiDeviceProcessSTAArriveEvent: staNum 1
12/23/2016 17:08:53.342 WiFiAWDManagerSubmitMetric: metric container could not be generated for metric id <0x90006>
12/23/2016 17:08:53.342 MIS STA Associated: 1 associated clients
12/23/2016 17:08:53.363 WiFiDeviceManagerSetMISMaxStaNumber: Additional tethering clients allowed: 4
12/23/2016 17:08:53.373 WiFiAWDManagerSubmitMetric: metric container could not be generated for metric id <0x90005>
12/23/2016 17:08:53.373 MIS is already Enabled on ap1
12/23/2016 17:08:53.376 MIS Discovery is Disabled
12/23/2016 17:09:05.952 Background Network Application entered
12/23/2016 17:09:05.952 BG Application: Present, BG Daemon: Present. Daemons: mediaserverd 
12/23/2016 17:09:05.953 __WiFiManagerSetEnableState: state TRUE, manager->enable.setting TRUE, manager->unlockedSinceBoot TRUE
12/23/2016 17:09:05.953 Auto association attempt canceled because MIS is enabled. MIS client count: wifi=1 bt=0
12/23/2016 17:09:05.954 Background Network Application entered
12/23/2016 17:09:05.954 BG Application: Not Present, BG Daemon: Present. Daemons: mediaserverd 
12/23/2016 17:09:05.954 __WiFiManagerSetEnableState: state TRUE, manager->enable.setting TRUE, manager->unlockedSinceBoot TRUE
12/23/2016 17:09:05.954 Auto association attempt canceled because MIS is enabled. MIS client count: wifi=1 bt=0
12/23/2016 17:09:07.834 Device display is ON
12/23/2016 17:09:07.834 __WiFiManagerSetEnableState: state TRUE, manager->enable.setting TRUE, manager->unlockedSinceBoot TRUE
12/23/2016 17:09:07.834 Auto association attempt canceled because MIS is enabled. MIS client count: wifi=1 bt=0
12/23/2016 17:09:07.938 Async scan requested by "locationd" for 1 iterations with maxage=0 priority normal on en0
12/23/2016 17:09:07.938 Enqueuing command type: "Scan" pending commands: 0
12/23/2016 17:09:07.938 Dequeuing command type: "Scan" pending commands: 0
12/23/2016 17:09:07.938 Attempting Apple80211ScanAsync on en0
12/23/2016 17:09:08.098 Completed Apple80211ScanAsync on en0 (0x0)
12/23/2016 17:09:08.098 Async scan request completed for "locationd" (0)
12/23/2016 17:09:08.101 Async scan requested by "locationd" for 1 iterations with maxage=0 priority normal on en0
12/23/2016 17:09:08.101 Enqueuing command type: "Scan" pending commands: 0
12/23/2016 17:09:08.101 Dequeuing command type: "Scan" pending commands: 0
12/23/2016 17:09:08.101 Attempting Apple80211ScanAsync on en0
12/23/2016 17:09:08.486 Completed Apple80211ScanAsync on en0 (0x0)
12/23/2016 17:09:08.486 Async scan request completed for "locationd" (0)
12/23/2016 17:09:18.482 Device display is OFF
12/23/2016 17:09:22.492 scanCache: Purging scan cache
12/23/2016 17:09:31.651 __WiFiDeviceProcessDumpLogsEvent: Dump logs event received, dumped wifid log buffer to file
