 1/09/2017 15:50:37.923 Power stats update: Type 0x6 UnassociatedSleepDur 0 AssociatedSleepDur 63799 TotalDur 64287 RoamDur 0
 1/09/2017 15:50:37.923 WiFiAWDManagerSubmitMetric: metric container could not be generated for metric id <0x90010>
 1/09/2017 15:50:37.923 __WiFiLQAMgrLogStats: Rssi: -62 Cca: 14 TxPer: 0.0% (0) BcnPer: 0.0% (0) RxFrms 0 TxRate: 0 RxRate: 0
 1/09/2017 15:50:37.924 __WiFiDeviceCopyLinkChangedSubReasonString: Apple80211ReturnToString failed 1
 1/09/2017 15:50:37.924 __WiFiDeviceProcessDriverAvailableEvent: driver availability true, reason Initializing(0xe0821803), subreason (null)(0x0)
 1/09/2017 15:50:37.924 __WiFiManagerDispatchDeviceAvailable: driver availability true

 1/09/2017 15:50:37.927 __WiFiDeviceManagerAutoAssociate: Already connected to DIGI-146A.
 1/09/2017 15:50:37.928 WiFiAWDManagerSubmitMetric: metric container could not be generated for metric id <0x9000e>
 1/09/2017 15:50:37.928 __WiFiDeviceManagerAutoAssociate: Already connected to DIGI-146A.
 1/09/2017 15:50:37.931 No Change in Background Scan Networks, Skip Re-Programming Background Scan

 1/09/2017 15:50:37.986 __WiFiManagerCellularTransmitCallback_block_invoke: Cellular Transmit Started = FALSE
 1/09/2017 15:50:38.035 Disable WoW requested by "apsd"
 1/09/2017 15:50:38.036 WoW Capable = YES, Attempting to disable WoW and enable LPAS 
 1/09/2017 15:50:38.037 Setting WoW params to <CFBasicHash 0x14cf62490 [0x1a0950150]>{type = immutable dict, count = 3,
entries =>
	0 : <CFString 0x100175960 [0x1a0950150]>{contents = "IO80211InterfaceEnableLowPwrAssocMode"} = <CFBoolean 0x1a09506c8 [0x1a0950150]>{value = true}
	1 : <CFString 0x100175940 [0x1a0950150]>{contents = "IO80211InterfaceEnableWoW"} = <CFBoolean 0x1a09506d8 [0x1a0950150]>{value = false}
	2 : <CFString 0x100185ae0 [0x1a0950150]>{contents = "IO80211InterfaceEnableWoWOnCaptive"} = <CFBoolean 0x1a09506d8 [0x1a0950150]>{value = false}
}

 1/09/2017 15:50:38.038 WiFiDeviceRequestAssociatedSleep: ActiveDuringSleepRequested is already set (<CFBasicHash 0x14cd91390 [0x1a0950150]>{type = immutable dict, count = 0,
entries =>
}
).
 1/09/2017 15:50:38.038 WoW Disabled, 0 WoW Clients, lpas is Enabled, WoW Override is Disabled, Captive Disabled
 1/09/2017 15:50:38.038 Unable to dispatch WowStateChanged message to client dataaccessd (268435460)
 1/09/2017 15:50:38.039 Unable to dispatch WowStateChanged message to client itunesstored (268435460)
 1/09/2017 15:50:38.039 Unable to dispatch WowStateChanged message to client mediaserverd (268435460)
 1/09/2017 15:50:38.039 Unable to dispatch WowStateChanged message to client MobileMail (268435460)
 1/09/2017 15:50:38.040 Unable to dispatch WowStateChanged message to client profiled (268435460)
 1/09/2017 15:50:38.040 Unable to dispatch WowStateChanged message to client assistantd (268435460)
 1/09/2017 15:50:38.040 WoW is Disabled, 0 WoW Clients
 1/09/2017 15:50:38.041 WoW is Disabled, 0 WoW Clients
 1/09/2017 15:50:38.042 WoW is Disabled, 0 WoW Clients
 1/09/2017 15:50:38.082 WoW is Disabled, 0 WoW Clients
 1/09/2017 15:50:43.039 Client apsd set type to normal application
 1/09/2017 15:50:43.040 __WiFiManagerSetEnableState: state TRUE, manager->enable.setting TRUE, manager->unlockedSinceBoot TRUE
 1/09/2017 15:50:43.040 BG Application: Not Present, BG Daemon: Present. Daemons: mediaserverd 
 1/09/2017 15:50:43.083 Received kIOMessageSystemWillSleep
 1/09/2017 15:50:43.083 System Sleep notification, Disabling auto-join
 1/09/2017 15:50:43.083 __WiFiManagerSetEnableState: state FALSE, manager->enable.setting TRUE, manager->unlockedSinceBoot TRUE
 1/09/2017 15:50:43.083 Disabling automatic association
 1/09/2017 15:50:43.121 WoW is Disabled, 0 WoW Clients
 1/09/2017 15:50:43.194 __WiFiDeviceCopyLinkChangedSubReasonString: Apple80211ReturnToString failed 1
 1/09/2017 15:50:43.194 __WiFiDeviceProcessDriverAvailableEvent: driver availability false, reason PowerOff(0xe0821804), subreason (null)(0x0)
 1/09/2017 15:50:43.194 __WiFiManagerDispatchDeviceAvailable: driver availability false

 1/09/2017 15:50:43.196 WiFiAWDManagerSubmitMetric: metric container could not be generated for metric id <0x9000e>
 1/09/2017 15:50:43.204 __WiFiDeviceManagerAwdlAvailableCallback: AWDL availability changed to FALSE
 1/09/2017 15:50:43.214 WoW is Disabled, 0 WoW Clients
 1/09/2017 15:50:49.504 Received kIOMessageSystemWillPowerOn
 1/09/2017 15:50:49.504 System wake reason: AOP.ExternalReq baseband
 1/09/2017 15:50:49.505 System Powered ON notification Re-enabling auto-join
 1/09/2017 15:50:49.505 __WiFiManagerSetEnableState: state TRUE, manager->enable.setting TRUE, manager->unlockedSinceBoot TRUE
 1/09/2017 15:50:49.505 Enabling automatic association
 1/09/2017 15:50:49.506 __WiFiDeviceManagerAutoAssociate: Already connected to DIGI-146A.
 1/09/2017 15:50:49.506 WiFiLocaleManagerCheckLocale: location service or wifi is off, set locale to default
 1/09/2017 15:50:49.506 new locale:  , locale: 
 1/09/2017 15:50:49.507 Power stats update: Type 0x5 UnassociatedSleepDur 0 AssociatedSleepDur 4060 TotalDur 6268 RoamDur 0
 1/09/2017 15:50:49.507 WiFiAWDManagerSubmitMetric: metric container could not be generated for metric id <0x90010>
 1/09/2017 15:50:49.508 __WiFiLQAMgrLogStats: Rssi: -62 Cca: 21 TxPer: 0.0% (45) BcnPer: 2.6% (190) RxFrms 44 TxRate: 72222 RxRate: 65000
 1/09/2017 15:50:49.508 __WiFiDeviceCopyLinkChangedSubReasonString: Apple80211ReturnToString failed 1
 1/09/2017 15:50:49.508 __WiFiDeviceProcessDriverAvailableEvent: driver availability true, reason Initializing(0xe0821803), subreason (null)(0x0)
 1/09/2017 15:50:49.508 __WiFiManagerDispatchDeviceAvailable: driver availability true

 1/09/2017 15:50:49.510 __WiFiDeviceManagerAutoAssociate: Already connected to DIGI-146A.
 1/09/2017 15:50:49.511 WiFiAWDManagerSubmitMetric: metric container could not be generated for metric id <0x9000e>
 1/09/2017 15:50:49.530 __WiFiDeviceManagerAutoAssociate: Already connected to DIGI-146A.
 1/09/2017 15:50:49.536 No Change in Background Scan Networks, Skip Re-Programming Background Scan

 1/09/2017 15:50:49.552 __WiFiDeviceManagerAwdlAvailableCallback: AWDL availability changed to TRUE
 1/09/2017 15:50:49.833 __WiFiManagerCellularTransmitCallback_block_invoke: Cellular Transmit Started = TRUE
 1/09/2017 15:50:50.043 WoW is Disabled, 0 WoW Clients
 1/09/2017 15:50:54.388 __WiFiManagerCellularTransmitCallback_block_invoke: Cellular Transmit Started = FALSE
 1/09/2017 15:51:04.443 __WiFiLQAMgrLogStats: Rssi: -62 Cca: 60 TxPer: 0.0% (0) BcnPer: 4.0% (100) RxFrms 6 TxRate: 72222 RxRate: 65000
 1/09/2017 15:51:09.452 __WiFiLQAMgrLogStats: Rssi: -62 Cca: 60 TxPer: 0.0% (0) BcnPer: 0.0% (0) RxFrms 2 TxRate: 72222 RxRate: 65000
 1/09/2017 15:51:12.704 Background Network Application entered
 1/09/2017 15:51:12.705 BG Application: Present, BG Daemon: Present. Daemons: mediaserverd 
 1/09/2017 15:51:12.705 __WiFiManagerSetEnableState: state TRUE, manager->enable.setting TRUE, manager->unlockedSinceBoot TRUE
 1/09/2017 15:51:12.705 __WiFiDeviceManagerAutoAssociate: Already connected to DIGI-146A.
 1/09/2017 15:51:12.715 Background Network Application entered
 1/09/2017 15:51:12.715 BG Application: Not Present, BG Daemon: Present. Daemons: mediaserverd 
 1/09/2017 15:51:12.715 __WiFiManagerSetEnableState: state TRUE, manager->enable.setting TRUE, manager->unlockedSinceBoot TRUE
 1/09/2017 15:51:12.715 __WiFiDeviceManagerAutoAssociate: Already connected to DIGI-146A.
 1/09/2017 15:51:14.460 __WiFiLQAMgrLogStats: Rssi: -61 Cca: 60 TxPer: 0.0% (0) BcnPer: 0.0% (0) RxFrms 6 TxRate: 72222 RxRate: 65000
 1/09/2017 15:51:19.469 __WiFiLQAMgrLogStats: Rssi: -62 Cca: 30 TxPer: 0.0% (3) BcnPer: 3.0% (100) RxFrms 5 TxRate: 72222 RxRate: 65000
 1/09/2017 15:51:22.269 Received kIOMessageSystemWillSleep
 1/09/2017 15:51:22.270 System Sleep notification, Disabling auto-join
 1/09/2017 15:51:22.270 __WiFiManagerSetEnableState: state FALSE, manager->enable.setting TRUE, manager->unlockedSinceBoot TRUE
 1/09/2017 15:51:22.270 Disabling automatic association
 1/09/2017 15:51:22.317 WoW is Disabled, 0 WoW Clients
 1/09/2017 15:51:22.423 __WiFiDeviceManagerAwdlAvailableCallback: AWDL availability changed to FALSE
 1/09/2017 15:51:22.431 __WiFiDeviceCopyLinkChangedSubReasonString: Apple80211ReturnToString failed 1
 1/09/2017 15:51:22.431 __WiFiDeviceProcessDriverAvailableEvent: driver availability false, reason PowerOff(0xe0821804), subreason (null)(0x0)
 1/09/2017 15:51:22.431 __WiFiManagerDispatchDeviceAvailable: driver availability false

 1/09/2017 15:51:22.433 WiFiAWDManagerSubmitMetric: metric container could not be generated for metric id <0x9000e>
 1/09/2017 15:51:22.438 WoW is Disabled, 0 WoW Clients
 1/09/2017 15:52:11.378 Received kIOMessageSystemWillPowerOn
 1/09/2017 15:52:11.378 System wake reason: AOP.ExternalReq baseband
 1/09/2017 15:52:11.378 System Powered ON notification Re-enabling auto-join
 1/09/2017 15:52:11.378 __WiFiManagerSetEnableState: state TRUE, manager->enable.setting TRUE, manager->unlockedSinceBoot TRUE
 1/09/2017 15:52:11.378 Enabling automatic association
 1/09/2017 15:52:11.378 __WiFiDeviceManagerAutoAssociate: Already connected to DIGI-146A.
 1/09/2017 15:52:11.378 WiFiLocaleManagerCheckLocale: location service or wifi is off, set locale to default
 1/09/2017 15:52:11.378 new locale:  , locale: 
 1/09/2017 15:52:11.379 Power stats update: Type 0x5 UnassociatedSleepDur 0 AssociatedSleepDur 29895 TotalDur 48925 RoamDur 0
 1/09/2017 15:52:11.379 WiFiAWDManagerSubmitMetric: metric container could not be generated for metric id <0x90010>
 1/09/2017 15:52:11.379 __WiFiLQAMgrLogStats: Rssi: -62 Cca: 30 TxPer: 0.0% (0) BcnPer: 0.0% (0) RxFrms 0 TxRate: 0 RxRate: 0
 1/09/2017 15:52:11.380 __WiFiDeviceCopyLinkChangedSubReasonString: Apple80211ReturnToString failed 1
 1/09/2017 15:52:11.380 __WiFiDeviceProcessDriverAvailableEvent: driver availability true, reason Initializing(0xe0821803), subreason (null)(0x0)
 1/09/2017 15:52:11.380 __WiFiManagerDispatchDeviceAvailable: driver availability true

 1/09/2017 15:52:11.387 __WiFiDeviceManagerAutoAssociate: Already connected to DIGI-146A.
 1/09/2017 15:52:11.387 WiFiAWDManagerSubmitMetric: metric container could not be generated for metric id <0x9000e>
 1/09/2017 15:52:11.396 __WiFiDeviceManagerAutoAssociate: Already connected to DIGI-146A.
 1/09/2017 15:52:11.401 No Change in Background Scan Networks, Skip Re-Programming Background Scan

 1/09/2017 15:52:11.430 __WiFiDeviceManagerAwdlAvailableCallback: AWDL availability changed to TRUE
 1/09/2017 15:52:11.760 __WiFiManagerCellularTransmitCallback_block_invoke: Cellular Transmit Started = TRUE
 1/09/2017 15:52:11.876 WoW is Disabled, 0 WoW Clients
 1/09/2017 15:52:16.245 __WiFiManagerCellularTransmitCallback_block_invoke: Cellular Transmit Started = FALSE
 1/09/2017 15:52:21.361 __WiFiLQAMgrLogStats: Rssi: -61 Cca: 27 TxPer: 0.0% (2) BcnPer: 0.0% (0) RxFrms 2 TxRate: 72222 RxRate: 65000
 1/09/2017 15:52:24.936 Device display is ON
 1/09/2017 15:52:24.937 __WiFiManagerSetEnableState: state TRUE, manager->enable.setting TRUE, manager->unlockedSinceBoot TRUE
 1/09/2017 15:52:24.937 __WiFiDeviceManagerAutoAssociate: Already connected to DIGI-146A.
 1/09/2017 15:52:25.812 ATJManager: setting ask-to-join interaction mode to Interactive
 1/09/2017 15:52:25.812 ATJManager: no entries to purge
 1/09/2017 15:52:25.812 User interaction ENABLED
 1/09/2017 15:52:25.812 Ignoring lock state manager->wakeMode 1

 1/09/2017 15:52:25.812 problematic networks =  and potentially problematic networks = 
 1/09/2017 15:52:25.812 Unblacklisting
 1/09/2017 15:52:25.813 No Change in Background Scan Networks, Skip Re-Programming Background Scan

 1/09/2017 15:52:25.813 __WiFiDeviceManagerAutoAssociate: Already connected to DIGI-146A.
 1/09/2017 15:52:26.369 __WiFiLQAMgrLogStats: Rssi: -63 Cca: 56 TxPer: 0.0% (13) BcnPer: 2.0% (100) RxFrms 11 TxRate: 72222 RxRate: 65000
 1/09/2017 15:52:31.203 Client apsd set type to background application
 1/09/2017 15:52:31.203 __WiFiManagerSetEnableState: state TRUE, manager->enable.setting TRUE, manager->unlockedSinceBoot TRUE
 1/09/2017 15:52:31.204 BG Application: Not Present, BG Daemon: Present. Daemons: mediaserverd apsd 
 1/09/2017 15:52:31.204 __WiFiDeviceManagerAutoAssociate: Already connected to DIGI-146A.
 1/09/2017 15:52:31.204 Enable WoW requested by "apsd"
 1/09/2017 15:52:31.205 WoW Capable = YES, Attempting to enable WoW and disable LPAS 
 1/09/2017 15:52:31.205 Setting WoW params to <CFBasicHash 0x14cfdcab0 [0x1a0950150]>{type = immutable dict, count = 3,
entries =>
	0 : <CFString 0x100175960 [0x1a0950150]>{contents = "IO80211InterfaceEnableLowPwrAssocMode"} = <CFBoolean 0x1a09506d8 [0x1a0950150]>{value = false}
	1 : <CFString 0x100175940 [0x1a0950150]>{contents = "IO80211InterfaceEnableWoW"} = <CFBoolean 0x1a09506c8 [0x1a0950150]>{value = true}
	2 : <CFString 0x100185ae0 [0x1a0950150]>{contents = "IO80211InterfaceEnableWoWOnCaptive"} = <CFBoolean 0x1a09506d8 [0x1a0950150]>{value = false}
}

 1/09/2017 15:52:31.207 WiFiDeviceRequestAssociatedSleep: ActiveDuringSleepRequested is already set (<CFBasicHash 0x14cd8aae0 [0x1a0950150]>{type = immutable dict, count = 0,
entries =>
}
).
 1/09/2017 15:52:31.207 WoW Enabled by 1 Clients, lpas is Disabled, WoW Override is Disabled, Captive Disabled
 1/09/2017 15:52:31.208 Unable to dispatch WowStateChanged message to client dataaccessd (268435460)
 1/09/2017 15:52:31.208 Unable to dispatch WowStateChanged message to client itunesstored (268435460)
 1/09/2017 15:52:31.209 Unable to dispatch WowStateChanged message to client mediaserverd (268435460)
 1/09/2017 15:52:31.210 Unable to dispatch WowStateChanged message to client MobileMail (268435460)
 1/09/2017 15:52:31.210 Unable to dispatch WowStateChanged message to client profiled (268435460)
 1/09/2017 15:52:31.210 Unable to dispatch WowStateChanged message to client assistantd (268435460)
 1/09/2017 15:52:31.210 apsd[273] is a wow client
 1/09/2017 15:52:31.211 WoW is Enabled, 1 WoW Clients
 1/09/2017 15:52:31.211 apsd[273] is a wow client
 1/09/2017 15:52:31.211 WoW is Enabled, 1 WoW Clients
 1/09/2017 15:52:31.217 apsd[273] is a wow client
 1/09/2017 15:52:31.217 WoW is Enabled, 1 WoW Clients
 1/09/2017 15:52:31.376 __WiFiLQAMgrLogStats: Rssi: -62 Cca: 32 TxPer: 0.0% (18) BcnPer: 0.0% (0) RxFrms 15 TxRate: 72222 RxRate: 65000
 1/09/2017 15:52:36.381 __WiFiLQAMgrLogStats: Rssi: -61 Cca: 16 TxPer: 0.0% (5) BcnPer: 0.0% (0) RxFrms 6 TxRate: 72222 RxRate: 65000
 1/09/2017 15:52:41.390 __WiFiLQAMgrLogStats: Rssi: -62 Cca: 34 TxPer: 0.0% (2) BcnPer: 2.0% (100) RxFrms 3 TxRate: 72222 RxRate: 65000
 1/09/2017 15:52:46.397 __WiFiLQAMgrLogStats: Rssi: -62 Cca: 57 TxPer: 0.0% (0) BcnPer: 0.0% (0) RxFrms 1 TxRate: 72222 RxRate: 65000
 1/09/2017 15:52:51.398 __WiFiLQAMgrLogStats: Rssi: -62 Cca: 57 TxPer: 0.0% (0) BcnPer: 0.0% (0) RxFrms 0 TxRate: 0 RxRate: 0
 1/09/2017 15:52:56.406 __WiFiLQAMgrLogStats: Rssi: -62 Cca: 27 TxPer: 0.0% (10) BcnPer: 2.0% (99) RxFrms 9 TxRate: 72222 RxRate: 65000
 1/09/2017 15:53:01.414 __WiFiLQAMgrLogStats: Rssi: -62 Cca: 27 TxPer: 0.0% (32) BcnPer: 0.0% (100) RxFrms 23 TxRate: 72222 RxRate: 65000
 1/09/2017 15:53:04.853 WiFiLocaleManagerCheckLocale: location service or wifi is off, set locale to default
 1/09/2017 15:53:04.853 new locale:  , locale: 
 1/09/2017 15:53:06.422 __WiFiLQAMgrLogStats: Rssi: -61 Cca: 27 TxPer: 0.0% (5) BcnPer: 0.0% (0) RxFrms 9 TxRate: 72222 RxRate: 65000
 1/09/2017 15:53:11.431 __WiFiLQAMgrLogStats: Rssi: -62 Cca: 53 TxPer: 0.0% (1) BcnPer: 1.0% (100) RxFrms 1 TxRate: 72222 RxRate: 65000
 1/09/2017 15:53:16.435 __WiFiLQAMgrLogStats: Rssi: -62 Cca: 32 TxPer: 0.0% (3) BcnPer: 0.0% (0) RxFrms 4 TxRate: 72222 RxRate: 65000
 1/09/2017 15:53:19.167 ATJManager: setting ask-to-join interaction mode to NonInteractive
 1/09/2017 15:53:19.167 ATJManager: no entries to purge
 1/09/2017 15:53:19.167 User interaction DISABLED
 1/09/2017 15:53:19.167 Ignoring lock state manager->wakeMode 1

 1/09/2017 15:53:19.189 Device display is OFF
 1/09/2017 15:53:19.637 Device display is ON
 1/09/2017 15:53:19.637 __WiFiManagerSetEnableState: state TRUE, manager->enable.setting TRUE, manager->unlockedSinceBoot TRUE
 1/09/2017 15:53:19.638 __WiFiDeviceManagerAutoAssociate: Already connected to DIGI-146A.
 1/09/2017 15:53:21.442 __WiFiLQAMgrLogStats: Rssi: -63 Cca: 60 TxPer: 0.0% (4) BcnPer: 2.0% (100) RxFrms 5 TxRate: 72222 RxRate: 65000
 1/09/2017 15:53:21.746 ATJManager: setting ask-to-join interaction mode to Interactive
 1/09/2017 15:53:21.746 ATJManager: no entries to purge
 1/09/2017 15:53:21.746 User interaction ENABLED
 1/09/2017 15:53:21.746 Ignoring lock state manager->wakeMode 1

 1/09/2017 15:53:21.746 problematic networks =  and potentially problematic networks = 
 1/09/2017 15:53:21.746 Unblacklisting
 1/09/2017 15:53:21.747 No Change in Background Scan Networks, Skip Re-Programming Background Scan

 1/09/2017 15:53:21.747 __WiFiDeviceManagerAutoAssociate: Already connected to DIGI-146A.
 1/09/2017 15:53:25.829 Background Network Application entered
 1/09/2017 15:53:25.829 BG Application: Present, BG Daemon: Present. Daemons: mediaserverd apsd 
 1/09/2017 15:53:25.829 __WiFiManagerSetEnableState: state TRUE, manager->enable.setting TRUE, manager->unlockedSinceBoot TRUE
 1/09/2017 15:53:25.830 __WiFiDeviceManagerAutoAssociate: Already connected to DIGI-146A.
 1/09/2017 15:53:25.831 Background Network Application entered
 1/09/2017 15:53:25.831 BG Application: Not Present, BG Daemon: Present. Daemons: mediaserverd apsd 
 1/09/2017 15:53:25.831 __WiFiManagerSetEnableState: state TRUE, manager->enable.setting TRUE, manager->unlockedSinceBoot TRUE
 1/09/2017 15:53:25.831 __WiFiDeviceManagerAutoAssociate: Already connected to DIGI-146A.
 1/09/2017 15:53:26.450 __WiFiLQAMgrLogStats: Rssi: -63 Cca: 42 TxPer: 0.0% (1) BcnPer: 0.0% (0) RxFrms 3 TxRate: 72222 RxRate: 58500
 1/09/2017 15:53:28.749 ATJManager: setting ask-to-join interaction mode to NonInteractive
 1/09/2017 15:53:28.749 ATJManager: no entries to purge
 1/09/2017 15:53:28.749 User interaction DISABLED
 1/09/2017 15:53:28.749 Ignoring lock state manager->wakeMode 1

 1/09/2017 15:53:28.753 Device display is OFF
 1/09/2017 15:53:31.459 __WiFiLQAMgrLogStats: Rssi: -63 Cca: 4 TxPer: 0.0% (1) BcnPer: 0.0% (100) RxFrms 1 TxRate: 72222 RxRate: 65000
 1/09/2017 15:53:36.468 __WiFiLQAMgrLogStats: Rssi: -63 Cca: 4 TxPer: 0.0% (42) BcnPer: 0.0% (0) RxFrms 36 TxRate: 72222 RxRate: 65000
 1/09/2017 15:53:38.793 Received kIOMessageSystemWillSleep
 1/09/2017 15:53:38.793 System Sleep notification, Disabling auto-join
 1/09/2017 15:53:38.793 __WiFiManagerSetEnableState: state FALSE, manager->enable.setting TRUE, manager->unlockedSinceBoot TRUE
 1/09/2017 15:53:38.793 Disabling automatic association
 1/09/2017 15:53:38.827 apsd[273] is a wow client
 1/09/2017 15:53:38.827 WoW is Enabled, 1 WoW Clients
 1/09/2017 15:53:38.899 __WiFiDeviceManagerAwdlAvailableCallback: AWDL availability changed to FALSE
 1/09/2017 15:53:38.899 __WiFiDeviceCopyLinkChangedSubReasonString: Apple80211ReturnToString failed 1
 1/09/2017 15:53:38.899 __WiFiDeviceProcessDriverAvailableEvent: driver availability false, reason PowerOff(0xe0821804), subreason (null)(0x0)
 1/09/2017 15:53:38.899 __WiFiManagerDispatchDeviceAvailable: driver availability false

 1/09/2017 15:53:38.899 WiFiAWDManagerSubmitMetric: metric container could not be generated for metric id <0x9000e>
 1/09/2017 15:53:38.905 apsd[273] is a wow client
 1/09/2017 15:53:38.905 WoW is Enabled, 1 WoW Clients
 1/09/2017 15:53:39.970 Received kIOMessageSystemWillPowerOn
 1/09/2017 15:53:39.970 System wake reason: AOP.ExternalReq wlan
 1/09/2017 15:53:39.970 System Powered ON notification Re-enabling auto-join
 1/09/2017 15:53:39.977 __WiFiManagerSetEnableState: state TRUE, manager->enable.setting TRUE, manager->unlockedSinceBoot TRUE
 1/09/2017 15:53:39.977 Enabling automatic association
 1/09/2017 15:53:39.978 __WiFiDeviceManagerAutoAssociate: Already connected to DIGI-146A.
 1/09/2017 15:53:39.978 WiFiLocaleManagerCheckLocale: location service or wifi is off, set locale to default
 1/09/2017 15:53:39.978 new locale:  , locale: 
 1/09/2017 15:53:40.001 __WiFiDeviceManagerAwdlAvailableCallback: AWDL availability changed to TRUE
 1/09/2017 15:53:40.001 Power stats update: Type 0x6 UnassociatedSleepDur 0 AssociatedSleepDur 928 TotalDur 1005 RoamDur 0
 1/09/2017 15:53:40.001 WiFiAWDManagerSubmitMetric: metric container could not be generated for metric id <0x90010>
 1/09/2017 15:53:40.002 __WiFiDeviceCopyLinkChangedSubReasonString: Apple80211ReturnToString failed 1
 1/09/2017 15:53:40.002 __WiFiDeviceProcessDriverAvailableEvent: driver availability true, reason Initializing(0xe0821803), subreason (null)(0x0)
 1/09/2017 15:53:40.002 __WiFiManagerDispatchDeviceAvailable: driver availability true

 1/09/2017 15:53:40.004 __WiFiDeviceManagerAutoAssociate: Already connected to DIGI-146A.
 1/09/2017 15:53:40.004 WiFiAWDManagerSubmitMetric: metric container could not be generated for metric id <0x9000e>
 1/09/2017 15:53:40.005 __WiFiDeviceManagerAutoAssociate: Already connected to DIGI-146A.
 1/09/2017 15:53:40.006 No Change in Background Scan Networks, Skip Re-Programming Background Scan

 1/09/2017 15:53:40.055 __WiFiManagerCellularTransmitCallback_block_invoke: Cellular Transmit Started = FALSE
 1/09/2017 15:53:40.086 apsd[273] is a wow client
 1/09/2017 15:53:40.086 WoW is Enabled, 1 WoW Clients
 1/09/2017 15:53:45.161 Received kIOMessageSystemWillSleep
 1/09/2017 15:53:45.161 System Sleep notification, Disabling auto-join
 1/09/2017 15:53:45.161 __WiFiManagerSetEnableState: state FALSE, manager->enable.setting TRUE, manager->unlockedSinceBoot TRUE
 1/09/2017 15:53:45.161 Disabling automatic association
 1/09/2017 15:53:45.201 apsd[273] is a wow client
 1/09/2017 15:53:45.201 WoW is Enabled, 1 WoW Clients
 1/09/2017 15:53:45.284 __WiFiDeviceCopyLinkChangedSubReasonString: Apple80211ReturnToString failed 1
 1/09/2017 15:53:45.285 __WiFiDeviceProcessDriverAvailableEvent: driver availability false, reason PowerOff(0xe0821804), subreason (null)(0x0)
 1/09/2017 15:53:45.285 __WiFiManagerDispatchDeviceAvailable: driver availability false

 1/09/2017 15:53:45.287 WiFiAWDManagerSubmitMetric: metric container could not be generated for metric id <0x9000e>
 1/09/2017 15:53:45.299 __WiFiDeviceManagerAwdlAvailableCallback: AWDL availability changed to FALSE
 1/09/2017 15:53:45.309 apsd[273] is a wow client
 1/09/2017 15:53:45.309 WoW is Enabled, 1 WoW Clients
 1/09/2017 15:53:45.746 Received kIOMessageSystemWillPowerOn
 1/09/2017 15:53:45.747 System wake reason: AOP.ExternalReq baseband
 1/09/2017 15:53:45.747 System Powered ON notification Re-enabling auto-join
 1/09/2017 15:53:45.747 __WiFiManagerSetEnableState: state TRUE, manager->enable.setting TRUE, manager->unlockedSinceBoot TRUE
 1/09/2017 15:53:45.747 Enabling automatic association
 1/09/2017 15:53:45.785 __WiFiDeviceManagerAutoAssociate: Already connected to DIGI-146A.
 1/09/2017 15:53:45.785 WiFiLocaleManagerCheckLocale: location service or wifi is off, set locale to default
 1/09/2017 15:53:45.785 new locale:  , locale: 
 1/09/2017 15:53:45.807 __WiFiDeviceManagerAwdlAvailableCallback: AWDL availability changed to TRUE
 1/09/2017 15:53:45.808 Power stats update: Type 0x6 UnassociatedSleepDur 0 AssociatedSleepDur 84 TotalDur 435 RoamDur 0
 1/09/2017 15:53:45.808 WiFiAWDManagerSubmitMetric: metric container could not be generated for metric id <0x90010>
 1/09/2017 15:53:45.814 
Too frequent(0.890356 secs) rssi event from driver, ignoring

 1/09/2017 15:53:45.816 __WiFiDeviceCopyLinkChangedSubReasonString: Apple80211ReturnToString failed 1
 1/09/2017 15:53:45.816 __WiFiDeviceProcessDriverAvailableEvent: driver availability true, reason Initializing(0xe0821803), subreason (null)(0x0)
 1/09/2017 15:53:45.816 __WiFiManagerDispatchDeviceAvailable: driver availability true

 1/09/2017 15:53:45.831 __WiFiDeviceManagerAutoAssociate: Already connected to DIGI-146A.
 1/09/2017 15:53:45.831 WiFiAWDManagerSubmitMetric: metric container could not be generated for metric id <0x9000e>
 1/09/2017 15:53:45.832 __WiFiDeviceManagerAutoAssociate: Already connected to DIGI-146A.
 1/09/2017 15:53:45.833 No Change in Background Scan Networks, Skip Re-Programming Background Scan

 1/09/2017 15:53:45.898 apsd[273] is a wow client
 1/09/2017 15:53:45.898 WoW is Enabled, 1 WoW Clients
 1/09/2017 15:53:45.898 __WiFiManagerCellularTransmitCallback_block_invoke: Cellular Transmit Started = FALSE
 1/09/2017 15:53:50.988 Received kIOMessageSystemWillSleep
 1/09/2017 15:53:50.988 System Sleep notification, Disabling auto-join
 1/09/2017 15:53:50.988 __WiFiManagerSetEnableState: state FALSE, manager->enable.setting TRUE, manager->unlockedSinceBoot TRUE
 1/09/2017 15:53:50.988 Disabling automatic association
 1/09/2017 15:53:51.044 apsd[273] is a wow client
 1/09/2017 15:53:51.044 WoW is Enabled, 1 WoW Clients
 1/09/2017 15:53:51.127 __WiFiDeviceManagerAwdlAvailableCallback: AWDL availability changed to FALSE
 1/09/2017 15:53:51.127 __WiFiDeviceCopyLinkChangedSubReasonString: Apple80211ReturnToString failed 1
 1/09/2017 15:53:51.127 __WiFiDeviceProcessDriverAvailableEvent: driver availability false, reason PowerOff(0xe0821804), subreason (null)(0x0)
 1/09/2017 15:53:51.127 __WiFiManagerDispatchDeviceAvailable: driver availability false

 1/09/2017 15:53:51.128 WiFiAWDManagerSubmitMetric: metric container could not be generated for metric id <0x9000e>
 1/09/2017 15:53:51.140 apsd[273] is a wow client
 1/09/2017 15:53:51.140 WoW is Enabled, 1 WoW Clients
 1/09/2017 15:53:52.222 Received kIOMessageSystemWillPowerOn
 1/09/2017 15:53:52.222 System wake reason: AOP.ExternalReq wlan
 1/09/2017 15:53:52.222 System Powered ON notification Re-enabling auto-join
 1/09/2017 15:53:52.222 __WiFiManagerSetEnableState: state TRUE, manager->enable.setting TRUE, manager->unlockedSinceBoot TRUE
 1/09/2017 15:53:52.222 Enabling automatic association
 1/09/2017 15:53:52.224 __WiFiDeviceManagerAutoAssociate: Already connected to DIGI-146A.
 1/09/2017 15:53:52.224 WiFiLocaleManagerCheckLocale: location service or wifi is off, set locale to default
 1/09/2017 15:53:52.224 new locale:  , locale: 
 1/09/2017 15:53:52.246 __WiFiDeviceManagerAwdlAvailableCallback: AWDL availability changed to TRUE
 1/09/2017 15:53:52.247 Power stats update: Type 0x6 UnassociatedSleepDur 0 AssociatedSleepDur 990 TotalDur 1016 RoamDur 0
 1/09/2017 15:53:52.247 WiFiAWDManagerSubmitMetric: metric container could not be generated for metric id <0x90010>
 1/09/2017 15:53:52.249 __WiFiDeviceCopyLinkChangedSubReasonString: Apple80211ReturnToString failed 1
 1/09/2017 15:53:52.249 __WiFiDeviceProcessDriverAvailableEvent: driver availability true, reason Initializing(0xe0821803), subreason (null)(0x0)
 1/09/2017 15:53:52.249 __WiFiManagerDispatchDeviceAvailable: driver availability true

 1/09/2017 15:53:52.250 __WiFiDeviceManagerAutoAssociate: Already connected to DIGI-146A.
 1/09/2017 15:53:52.250 WiFiAWDManagerSubmitMetric: metric container could not be generated for metric id <0x9000e>
 1/09/2017 15:53:52.251 __WiFiDeviceManagerAutoAssociate: Already connected to DIGI-146A.
 1/09/2017 15:53:52.253 No Change in Background Scan Networks, Skip Re-Programming Background Scan

 1/09/2017 15:53:52.303 __WiFiManagerCellularTransmitCallback_block_invoke: Cellular Transmit Started = FALSE
 1/09/2017 15:53:52.314 apsd[273] is a wow client
 1/09/2017 15:53:52.314 WoW is Enabled, 1 WoW Clients
 1/09/2017 15:53:57.374 Received kIOMessageSystemWillSleep
 1/09/2017 15:53:57.374 System Sleep notification, Disabling auto-join
 1/09/2017 15:53:57.374 __WiFiManagerSetEnableState: state FALSE, manager->enable.setting TRUE, manager->unlockedSinceBoot TRUE
 1/09/2017 15:53:57.374 Disabling automatic association
 1/09/2017 15:53:57.429 apsd[273] is a wow client
 1/09/2017 15:53:57.429 WoW is Enabled, 1 WoW Clients
 1/09/2017 15:53:57.511 __WiFiDeviceManagerAwdlAvailableCallback: AWDL availability changed to FALSE
 1/09/2017 15:53:57.512 __WiFiDeviceCopyLinkChangedSubReasonString: Apple80211ReturnToString failed 1
 1/09/2017 15:53:57.512 __WiFiDeviceProcessDriverAvailableEvent: driver availability false, reason PowerOff(0xe0821804), subreason (null)(0x0)
 1/09/2017 15:53:57.513 __WiFiManagerDispatchDeviceAvailable: driver availability false

 1/09/2017 15:53:57.518 WiFiAWDManagerSubmitMetric: metric container could not be generated for metric id <0x9000e>
 1/09/2017 15:53:57.525 apsd[273] is a wow client
 1/09/2017 15:53:57.525 WoW is Enabled, 1 WoW Clients
 1/09/2017 15:54:34.733 Received kIOMessageSystemWillPowerOn
 1/09/2017 15:54:34.733 System wake reason: AOP.ExternalReq wlan
 1/09/2017 15:54:34.733 System Powered ON notification Re-enabling auto-join
 1/09/2017 15:54:34.733 __WiFiManagerSetEnableState: state TRUE, manager->enable.setting TRUE, manager->unlockedSinceBoot TRUE
 1/09/2017 15:54:34.734 Enabling automatic association
 1/09/2017 15:54:34.737 __WiFiDeviceManagerAutoAssociate: Already connected to DIGI-146A.
 1/09/2017 15:54:34.738 WiFiLocaleManagerCheckLocale: location service or wifi is off, set locale to default
 1/09/2017 15:54:34.738 new locale:  , locale: 
 1/09/2017 15:54:34.768 __WiFiDeviceManagerAwdlAvailableCallback: AWDL availability changed to TRUE
 1/09/2017 15:54:34.768 Power stats update: Type 0x6 UnassociatedSleepDur 0 AssociatedSleepDur 36896 TotalDur 37194 RoamDur 0
 1/09/2017 15:54:34.768 WiFiAWDManagerSubmitMetric: metric container could not be generated for metric id <0x90010>
 1/09/2017 15:54:34.769 __WiFiLQAMgrLogStats: Rssi: -63 Cca: 20 TxPer: 0.0% (14) BcnPer: 0.0% (51) RxFrms 15 TxRate: 72222 RxRate: 65000
 1/09/2017 15:54:34.774 __WiFiDeviceCopyLinkChangedSubReasonString: Apple80211ReturnToString failed 1
 1/09/2017 15:54:34.774 __WiFiDeviceProcessDriverAvailableEvent: driver availability true, reason Initializing(0xe0821803), subreason (null)(0x0)
 1/09/2017 15:54:34.774 __WiFiManagerDispatchDeviceAvailable: driver availability true

 1/09/2017 15:54:34.776 __WiFiDeviceManagerAutoAssociate: Already connected to DIGI-146A.
 1/09/2017 15:54:34.776 WiFiAWDManagerSubmitMetric: metric container could not be generated for metric id <0x9000e>
 1/09/2017 15:54:34.777 __WiFiDeviceManagerAutoAssociate: Already connected to DIGI-146A.
 1/09/2017 15:54:34.783 No Change in Background Scan Networks, Skip Re-Programming Background Scan

 1/09/2017 15:54:34.854 __WiFiManagerCellularTransmitCallback_block_invoke: Cellular Transmit Started = FALSE
 1/09/2017 15:54:34.860 apsd[273] is a wow client
 1/09/2017 15:54:34.860 WoW is Enabled, 1 WoW Clients
 1/09/2017 15:54:34.895 Disable WoW requested by "apsd"
 1/09/2017 15:54:34.896 WoW Capable = YES, Attempting to disable WoW and enable LPAS 
 1/09/2017 15:54:34.896 Setting WoW params to <CFBasicHash 0x14cf769d0 [0x1a0950150]>{type = immutable dict, count = 3,
entries =>
	0 : <CFString 0x100175960 [0x1a0950150]>{contents = "IO80211InterfaceEnableLowPwrAssocMode"} = <CFBoolean 0x1a09506c8 [0x1a0950150]>{value = true}
	1 : <CFString 0x100175940 [0x1a0950150]>{contents = "IO80211InterfaceEnableWoW"} = <CFBoolean 0x1a09506d8 [0x1a0950150]>{value = false}
	2 : <CFString 0x100185ae0 [0x1a0950150]>{contents = "IO80211InterfaceEnableWoWOnCaptive"} = <CFBoolean 0x1a09506d8 [0x1a0950150]>{value = false}
}

 1/09/2017 15:54:34.903 WiFiDeviceRequestAssociatedSleep: ActiveDuringSleepRequested is already set (<CFBasicHash 0x14cdb4e50 [0x1a0950150]>{type = immutable dict, count = 0,
entries =>
}
).
 1/09/2017 15:54:34.903 WoW Disabled, 0 WoW Clients, lpas is Enabled, WoW Override is Disabled, Captive Disabled
 1/09/2017 15:54:34.903 Unable to dispatch WowStateChanged message to client dataaccessd (268435460)
 1/09/2017 15:54:34.904 Unable to dispatch WowStateChanged message to client itunesstored (268435460)
 1/09/2017 15:54:34.904 Unable to dispatch WowStateChanged message to client mediaserverd (268435460)
 1/09/2017 15:54:34.904 Unable to dispatch WowStateChanged message to client MobileMail (268435460)
 1/09/2017 15:54:34.904 Unable to dispatch WowStateChanged message to client profiled (268435460)
 1/09/2017 15:54:34.905 Unable to dispatch WowStateChanged message to client assistantd (268435460)
 1/09/2017 15:54:34.905 WoW is Disabled, 0 WoW Clients
 1/09/2017 15:54:34.905 WoW is Disabled, 0 WoW Clients
 1/09/2017 15:54:34.908 WoW is Disabled, 0 WoW Clients
 1/09/2017 15:54:39.893 Client apsd set type to normal application
 1/09/2017 15:54:39.893 __WiFiManagerSetEnableState: state TRUE, manager->enable.setting TRUE, manager->unlockedSinceBoot TRUE
 1/09/2017 15:54:39.894 BG Application: Not Present, BG Daemon: Present. Daemons: mediaserverd 
 1/09/2017 15:54:39.943 Received kIOMessageSystemWillSleep
 1/09/2017 15:54:39.943 System Sleep notification, Disabling auto-join
 1/09/2017 15:54:39.943 __WiFiManagerSetEnableState: state FALSE, manager->enable.setting TRUE, manager->unlockedSinceBoot TRUE
 1/09/2017 15:54:39.943 Disabling automatic association
 1/09/2017 15:54:39.981 WoW is Disabled, 0 WoW Clients
 1/09/2017 15:54:40.079 __WiFiDeviceCopyLinkChangedSubReasonString: Apple80211ReturnToString failed 1
 1/09/2017 15:54:40.079 __WiFiDeviceProcessDriverAvailableEvent: driver availability false, reason PowerOff(0xe0821804), subreason (null)(0x0)
 1/09/2017 15:54:40.079 __WiFiManagerDispatchDeviceAvailable: driver availability false

 1/09/2017 15:54:40.080 WiFiAWDManagerSubmitMetric: metric container could not be generated for metric id <0x9000e>
 1/09/2017 15:54:40.082 __WiFiDeviceManagerAwdlAvailableCallback: AWDL availability changed to FALSE
 1/09/2017 15:54:40.090 WoW is Disabled, 0 WoW Clients
 1/09/2017 15:59:40.119 Received kIOMessageSystemWillPowerOn
 1/09/2017 15:59:40.198 System wake reason: AOP.ExternalReq wlan
 1/09/2017 15:59:40.198 System Powered ON notification Re-enabling auto-join
 1/09/2017 15:59:40.198 __WiFiManagerSetEnableState: state TRUE, manager->enable.setting TRUE, manager->unlockedSinceBoot TRUE
 1/09/2017 15:59:40.198 Enabling automatic association
 1/09/2017 15:59:40.199 __WiFiDeviceManagerAutoAssociate: Already connected to DIGI-146A.
 1/09/2017 15:59:40.199 WiFiLocaleManagerCheckLocale: location service or wifi is off, set locale to default
 1/09/2017 15:59:40.199 new locale:  , locale: 
 1/09/2017 15:59:40.201 __WiFiDeviceProcessDumpLogsEvent: Dump logs event received, dumped wifid log buffer to file
