12/22/2016 17:41:50.630 Client apsd set type to normal application
12/22/2016 17:41:50.630 __WiFiManagerSetEnableState: state TRUE, manager->enable.setting TRUE, manager->unlockedSinceBoot TRUE
12/22/2016 17:41:50.630 BG Application: Not Present, BG Daemon: Present. Daemons: MobileMail mediaserverd 
12/22/2016 17:41:50.680 Client MobileMail set type to normal application
12/22/2016 17:41:50.680 __WiFiManagerSetEnableState: state TRUE, manager->enable.setting TRUE, manager->unlockedSinceBoot TRUE
12/22/2016 17:41:50.680 BG Application: Not Present, BG Daemon: Present. Daemons: mediaserverd 
12/22/2016 17:41:54.539 __WiFiManagerCellularTransmitCallback_block_invoke: Cellular Transmit Started = TRUE
12/22/2016 17:42:04.542 __WiFiManagerCellularTransmitCallback_block_invoke: Cellular Transmit Started = FALSE
12/22/2016 17:42:09.271 Async scan requested by "locationd" for 1 iterations with maxage=0 priority normal on en0
12/22/2016 17:42:09.272 Enqueuing command type: "Scan" pending commands: 0
12/22/2016 17:42:09.272 Dequeuing command type: "Scan" pending commands: 0
12/22/2016 17:42:09.272 Attempting Apple80211ScanAsync on en0
12/22/2016 17:42:09.477 Completed Apple80211ScanAsync on en0 (0x0)
12/22/2016 17:42:09.479 Async scan request completed for "locationd" (0)
12/22/2016 17:42:09.482 Async scan requested by "locationd" for 1 iterations with maxage=0 priority normal on en0
12/22/2016 17:42:09.482 Enqueuing command type: "Scan" pending commands: 0
12/22/2016 17:42:09.482 Dequeuing command type: "Scan" pending commands: 0
12/22/2016 17:42:09.482 Attempting Apple80211ScanAsync on en0
12/22/2016 17:42:09.846 DeviceClient["WirelessRadioMan"] setCoexParameters["MWS_Blacklisted_Channels"] = <CFArray 0x14cd8db10 [0x1a0950150]>{type = mutable-small, count = 12, values = (
	0 : <CFBasicHash 0x14cd6e1a0 [0x1a0950150]>{type = mutable dict, count = 1,
entries =>
	2 : <CFString 0x14cdd2f20 [0x1a0950150]>{contents = "MWS_Channel_Number"} = <CFNumber 0xb000000000000013 [0x1a0950150]>{value = +1, type = kCFNumberSInt64Type}
}

	1 : <CFBasicHash 0x14cf143e0 [0x1a0950150]>{type = mutable dict, count = 1,
entries =>
	2 : <CFString 0x14cdd2f20 [0x1a0950150]>{contents = "MWS_Channel_Number"} = <CFNumber 0xb000000000000023 [0x1a0950150]>{value = +2, type = kCFNumberSInt64Type}
}

	2 : <CFBasicHash 0x14cd7edc0 [0x1a0950150]>{type = mutable dict, count = 1,
entries =>
	2 : <CFString 0x14cdd2f20 [0x1a0950150]>{contents = "MWS_Channel_Number"} = <CFNumber 0xb000000000000033 [0x1a0950150]>{value = +3, type = kCFNumberSInt64Type}
}

	3 : <CFBasicHash 0x14cd82030 [0x1a0950150]>{type = mutable dict, count = 1,
entries =>
	2 : <CFString 0x14cdd2f20 [0x1a0950150]>{contents = "MWS_Channel_Number"} = <CFNumber 0xb000000000000043 [0x1a0950150]>{value = +4, type = kCFNumberSInt64Type}
}

	4 : <CFBasicHash 0x14cd37520 [0x1a0950150]>{type = mutable dict, count = 1,
entries =>
	2 : <CFString 0x14cdd2f20 [0x1a0950150]>{contents = "MWS_Channel_Number"} = <CFNumber 0xb000000000000053 [0x1a0950150]>{value = +5, type = kCFNumberSInt64Type}
}

	5 : <CFBasicHash 0x14cf259c0 [0x1a0950150]>{type = mutable dict, count = 1,
entries =>
	2 : <CFString 0x14cdd2f20 [0x1a0950150]>{contents = "MWS_Channel_Number"} = <CFNumber 0xb000000000000063 [0x1a0950150]>{value = +6, type = kCFNumberSInt64Type}
}

	6 : <CFBasicHash 0x14cd35be0 [0x1a0950150]>{type = mutable dict, count = 1,
entries =>
	2 : <CFString 0x14cdd2f20 [0x1a0950150]>{contents = "MWS_Channel_Number"} = <CFNumber 0xb000000000000073 [0x1a0950150]>{value = +7, type = kCFNumberSInt64Type}
}

	7 : <CFBasicHash 0x14cf10fb0 [0x1a0950150]>{type = mutable dict, count = 1,
entries =>
	2 : <CFString 0x14cdd2f20 [0x1a0950150]>{contents = "MWS_Channel_Number"} = <CFNumber 0xb000000000000083 [0x1a0950150]>{value = +8, type = kCFNumberSInt64Type}
}

	8 : <CFBasicHash 0x14cdf6f80 [0x1a0950150]>{type = mutable dict, count = 1,
entries =>
	2 : <CFString 0x14cdd2f20 [0x1a0950150]>{contents = "MWS_Channel_Number"} = <CFNumber 0xb000000000000093 [0x1a0950150]>{value = +9, type = kCFNumberSInt64Type}
}

	9 : <CFBasicHash 0x14cde0f10 [0x1a0950150]>{type = mutable dict, count = 1,
entries =>
	2 : <CFString 0x14cdd2f20 [0x1a0950150]>{contents = "MWS_Channel_Number"} = <CFNumber 0xb0000000000000a3 [0x1a0950150]>{value = +10, type = kCFNumberSInt64Type}
}

	10 : <CFBasicHash 0x14cf86490 [0x1a0950150]>{type = mutable dict, count = 1,
entries =>
	2 : <CFString 0x14cdd2f20 [0x1a0950150]>{contents = "MWS_Channel_Number"} = <CFNumber 0xb0000000000000c3 [0x1a0950150]>{value = +12, type = kCFNumberSInt64Type}
}

	11 : <CFBasicHash 0x14cf864d0 [0x1a0950150]>{type = mutable dict, count = 1,
entries =>
	2 : <CFString 0x14cdd2f20 [0x1a0950150]>{contents = "MWS_Channel_Number"} = <CFNumber 0xb0000000000000d3 [0x1a0950150]>{value = +13, type = kCFNumberSInt64Type}
}

)}
12/22/2016 17:42:09.873 __WiFiManagerCellularTransmitCallback_block_invoke: Cellular Transmit Started = TRUE
12/22/2016 17:42:09.913 __WiFiManagerCellularTransmitCallback_block_invoke: Cellular Transmit Started = FALSE
12/22/2016 17:42:09.917 Completed Apple80211ScanAsync on en0 (0x0)
12/22/2016 17:42:09.920 Async scan request completed for "locationd" (0)
12/22/2016 17:42:10.089 IPv4 Primary interface is (null) and IPv6 Primary Interface is (null)
12/22/2016 17:42:10.090 Client apsd set type to background application
12/22/2016 17:42:10.090 __WiFiManagerSetEnableState: state TRUE, manager->enable.setting TRUE, manager->unlockedSinceBoot TRUE
12/22/2016 17:42:10.094 BG Application: Not Present, BG Daemon: Present. Daemons: mediaserverd apsd 
12/22/2016 17:42:10.094 Auto association attempt canceled because MIS is enabled. MIS client count: wifi=1 bt=0
12/22/2016 17:42:10.095 Enable WoW requested by "apsd"
12/22/2016 17:42:10.095 WoW Capable = YES, Attempting to enable WoW and disable LPAS 
12/22/2016 17:42:10.095 Setting WoW params to <CFBasicHash 0x14ce86fe0 [0x1a0950150]>{type = immutable dict, count = 3,
entries =>
	0 : <CFString 0x100175960 [0x1a0950150]>{contents = "IO80211InterfaceEnableLowPwrAssocMode"} = <CFBoolean 0x1a09506d8 [0x1a0950150]>{value = false}
	1 : <CFString 0x100175940 [0x1a0950150]>{contents = "IO80211InterfaceEnableWoW"} = <CFBoolean 0x1a09506c8 [0x1a0950150]>{value = true}
	2 : <CFString 0x100185ae0 [0x1a0950150]>{contents = "IO80211InterfaceEnableWoWOnCaptive"} = <CFBoolean 0x1a09506d8 [0x1a0950150]>{value = false}
}

12/22/2016 17:42:10.098 WiFiDeviceRequestAssociatedSleep: ActiveDuringSleepRequested is already removed ((null)).
12/22/2016 17:42:10.098 WoW Enabled by 1 Clients, lpas is Disabled, WoW Override is Disabled, Captive Disabled
12/22/2016 17:42:10.099 Unable to dispatch WowStateChanged message to client dataaccessd (268435460)
12/22/2016 17:42:10.099 Unable to dispatch WowStateChanged message to client MobileMail (268435460)
12/22/2016 17:42:10.100 Unable to dispatch WowStateChanged message to client mediaserverd (268435460)
12/22/2016 17:42:10.100 Unable to dispatch WowStateChanged message to client itunesstored (268435460)
12/22/2016 17:42:10.118 MIS is already Enabled on ap1
12/22/2016 17:42:10.118 Client MobileMail set type to background application
12/22/2016 17:42:10.118 __WiFiManagerSetEnableState: state TRUE, manager->enable.setting TRUE, manager->unlockedSinceBoot TRUE
12/22/2016 17:42:10.120 BG Application: Not Present, BG Daemon: Present. Daemons: MobileMail mediaserverd apsd 
12/22/2016 17:42:10.120 Auto association attempt canceled because MIS is enabled. MIS client count: wifi=1 bt=0
12/22/2016 17:42:10.121 apsd[273] is a wow client
12/22/2016 17:42:10.121 WoW is Enabled, 1 WoW Clients
12/22/2016 17:42:10.124 MIS is already Enabled on ap1
12/22/2016 17:42:10.125 apsd[273] is a wow client
12/22/2016 17:42:10.125 WoW is Enabled, 1 WoW Clients
12/22/2016 17:42:10.125 apsd[273] is a wow client
12/22/2016 17:42:10.125 WoW is Enabled, 1 WoW Clients
12/22/2016 17:42:10.127 MIS Discovery is Disabled
12/22/2016 17:42:10.224 DeviceClient["WirelessRadioMan"] setCoexParameters["MWS_Coex_Enabled_Channels"] = <CFArray 0x14cdaa830 [0x1a0950150]>{type = mutable-small, count = 3, values = (
	0 : <CFBasicHash 0x14cd86680 [0x1a0950150]>{type = mutable dict, count = 1,
entries =>
	2 : <CFString 0x14cd2e440 [0x1a0950150]>{contents = "MWS_Channel_Number"} = <CFNumber 0xb0000000000000b3 [0x1a0950150]>{value = +11, type = kCFNumberSInt64Type}
}

	1 : <CFBasicHash 0x14cf87c90 [0x1a0950150]>{type = mutable dict, count = 1,
entries =>
	2 : <CFString 0x14cd2e440 [0x1a0950150]>{contents = "MWS_Channel_Number"} = <CFNumber 0xb0000000000000c3 [0x1a0950150]>{value = +12, type = kCFNumberSInt64Type}
}

	2 : <CFBasicHash 0x14cd97160 [0x1a0950150]>{type = mutable dict, count = 1,
entries =>
	2 : <CFString 0x14cd2e440 [0x1a0950150]>{contents = "MWS_Channel_Number"} = <CFNumber 0xb0000000000000d3 [0x1a0950150]>{value = +13, type = kCFNumberSInt64Type}
}

)}
12/22/2016 17:42:10.225 DeviceClient["WirelessRadioMan"] setCoexParameters["MWS_WLAN_RX_PRI_THRESHOLD"] = 2
12/22/2016 17:42:10.252 DeviceClient["WirelessRadioMan"] setCoexParameters["MWS_Coex_Enabled_Channels"] = <CFArray 0x14cd2e440 [0x1a0950150]>{type = mutable-small, count = 1, values = (
	0 : <CFBasicHash 0x14cf87c90 [0x1a0950150]>{type = mutable dict, count = 1,
entries =>
	2 : <CFString 0x14cda4db0 [0x1a0950150]>{contents = "MWS_Channel_Number"} = <CFNumber 0xb000000000000003 [0x1a0950150]>{value = +0, type = kCFNumberSInt64Type}
}

)}
12/22/2016 17:42:10.253 DeviceClient["WirelessRadioMan"] setCoexParameters["MWS_WLAN_RX_PRI_THRESHOLD"] = 0
12/22/2016 17:42:10.284 __WiFiManagerCellularTransmitCallback_block_invoke: Cellular Transmit Started = TRUE
12/22/2016 17:42:13.189 IPv4 Primary interface is pdp_ip0 and IPv6 Primary Interface is (null)
12/22/2016 17:42:13.211 MIS is already Enabled on ap1
12/22/2016 17:42:13.214 MIS Discovery is Disabled
12/22/2016 17:42:23.925 scanCache: Purging scan cache
12/22/2016 17:42:32.420 __WiFiManagerCellularTransmitCallback_block_invoke: Cellular Transmit Started = FALSE
12/22/2016 17:42:32.616 DeviceClient["WirelessRadioMan"] setCoexParameters["MWS_Coex_Enabled_Channels"] = <CFArray 0x14cdb29a0 [0x1a0950150]>{type = mutable-small, count = 3, values = (
	0 : <CFBasicHash 0x14cd2cb50 [0x1a0950150]>{type = mutable dict, count = 1,
entries =>
	2 : <CFString 0x14cd9d350 [0x1a0950150]>{contents = "MWS_Channel_Number"} = <CFNumber 0xb0000000000000b3 [0x1a0950150]>{value = +11, type = kCFNumberSInt64Type}
}

	1 : <CFBasicHash 0x14cd75e00 [0x1a0950150]>{type = mutable dict, count = 1,
entries =>
	2 : <CFString 0x14cd9d350 [0x1a0950150]>{contents = "MWS_Channel_Number"} = <CFNumber 0xb0000000000000c3 [0x1a0950150]>{value = +12, type = kCFNumberSInt64Type}
}

	2 : <CFBasicHash 0x14cd37e80 [0x1a0950150]>{type = mutable dict, count = 1,
entries =>
	2 : <CFString 0x14cd9d350 [0x1a0950150]>{contents = "MWS_Channel_Number"} = <CFNumber 0xb0000000000000d3 [0x1a0950150]>{value = +13, type = kCFNumberSInt64Type}
}

)}
12/22/2016 17:42:32.617 DeviceClient["WirelessRadioMan"] setCoexParameters["MWS_WLAN_RX_PRI_THRESHOLD"] = 2
12/22/2016 17:42:32.652 DeviceClient["WirelessRadioMan"] setCoexParameters["MWS_Coex_Enabled_Channels"] = <CFArray 0x14cdaa830 [0x1a0950150]>{type = mutable-small, count = 1, values = (
	0 : <CFBasicHash 0x14cdba640 [0x1a0950150]>{type = mutable dict, count = 1,
entries =>
	2 : <CFString 0x14cdb29a0 [0x1a0950150]>{contents = "MWS_Channel_Number"} = <CFNumber 0xb000000000000003 [0x1a0950150]>{value = +0, type = kCFNumberSInt64Type}
}

)}
12/22/2016 17:42:32.653 DeviceClient["WirelessRadioMan"] setCoexParameters["MWS_WLAN_RX_PRI_THRESHOLD"] = 0
12/22/2016 17:42:33.966 DeviceClient["WirelessRadioMan"] setCoexParameters["MWS_Coex_Enabled_Channels"] = <CFArray 0x14cdaa830 [0x1a0950150]>{type = mutable-small, count = 3, values = (
	0 : <CFBasicHash 0x14cd75e00 [0x1a0950150]>{type = mutable dict, count = 1,
entries =>
	2 : <CFString 0x14cd9d350 [0x1a0950150]>{contents = "MWS_Channel_Number"} = <CFNumber 0xb0000000000000b3 [0x1a0950150]>{value = +11, type = kCFNumberSInt64Type}
}

	1 : <CFBasicHash 0x14cd37e80 [0x1a0950150]>{type = mutable dict, count = 1,
entries =>
	2 : <CFString 0x14cd9d350 [0x1a0950150]>{contents = "MWS_Channel_Number"} = <CFNumber 0xb0000000000000c3 [0x1a0950150]>{value = +12, type = kCFNumberSInt64Type}
}

	2 : <CFBasicHash 0x14cd79490 [0x1a0950150]>{type = mutable dict, count = 1,
entries =>
	2 : <CFString 0x14cd9d350 [0x1a0950150]>{contents = "MWS_Channel_Number"} = <CFNumber 0xb0000000000000d3 [0x1a0950150]>{value = +13, type = kCFNumberSInt64Type}
}

)}
12/22/2016 17:42:33.967 DeviceClient["WirelessRadioMan"] setCoexParameters["MWS_WLAN_RX_PRI_THRESHOLD"] = 2
12/22/2016 17:42:42.548 DeviceClient["WirelessRadioMan"] setCoexParameters["MWS_Blacklisted_Channels"] = <CFArray 0x14cd92b10 [0x1a0950150]>{type = mutable-small, count = 7, values = (
	0 : <CFBasicHash 0x14cd75e00 [0x1a0950150]>{type = mutable dict, count = 1,
entries =>
	2 : <CFString 0x14cdaa830 [0x1a0950150]>{contents = "MWS_Channel_Number"} = <CFNumber 0xb000000000000013 [0x1a0950150]>{value = +1, type = kCFNumberSInt64Type}
}

	1 : <CFBasicHash 0x14cd870b0 [0x1a0950150]>{type = mutable dict, count = 1,
entries =>
	2 : <CFString 0x14cdaa830 [0x1a0950150]>{contents = "MWS_Channel_Number"} = <CFNumber 0xb000000000000023 [0x1a0950150]>{value = +2, type = kCFNumberSInt64Type}
}

	2 : <CFBasicHash 0x14cdba640 [0x1a0950150]>{type = mutable dict, count = 1,
entries =>
	2 : <CFString 0x14cdaa830 [0x1a0950150]>{contents = "MWS_Channel_Number"} = <CFNumber 0xb000000000000033 [0x1a0950150]>{value = +3, type = kCFNumberSInt64Type}
}

	3 : <CFBasicHash 0x14cd37e80 [0x1a0950150]>{type = mutable dict, count = 1,
entries =>
	2 : <CFString 0x14cdaa830 [0x1a0950150]>{contents = "MWS_Channel_Number"} = <CFNumber 0xb000000000000043 [0x1a0950150]>{value = +4, type = kCFNumberSInt64Type}
}

	4 : <CFBasicHash 0x14cd96fe0 [0x1a0950150]>{type = mutable dict, count = 1,
entries =>
	2 : <CFString 0x14cdaa830 [0x1a0950150]>{contents = "MWS_Channel_Number"} = <CFNumber 0xb0000000000000b3 [0x1a0950150]>{value = +11, type = kCFNumberSInt64Type}
}

	5 : <CFBasicHash 0x14cd901f0 [0x1a0950150]>{type = mutable dict, count = 1,
entries =>
	2 : <CFString 0x14cdaa830 [0x1a0950150]>{contents = "MWS_Channel_Number"} = <CFNumber 0xb0000000000000c3 [0x1a0950150]>{value = +12, type = kCFNumberSInt64Type}
}

	6 : <CFBasicHash 0x14cd2cb50 [0x1a0950150]>{type = mutable dict, count = 1,
entries =>
	2 : <CFString 0x14cdaa830 [0x1a0950150]>{contents = "MWS_Channel_Number"} = <CFNumber 0xb0000000000000d3 [0x1a0950150]>{value = +13, type = kCFNumberSInt64Type}
}

)}
12/22/2016 17:42:42.587 __WiFiManagerCellularTransmitCallback_block_invoke: Cellular Transmit Started = TRUE
12/22/2016 17:42:43.206 __WiFiManagerCellularTransmitCallback_block_invoke: Cellular Transmit Started = FALSE
12/22/2016 17:42:48.611 apsd[273] is a wow client
12/22/2016 17:42:48.611 WoW is Enabled, 1 WoW Clients
12/22/2016 17:43:13.171 Disable WoW requested by "apsd"
12/22/2016 17:43:13.172 WoW Capable = YES, Attempting to disable WoW and enable LPAS 
12/22/2016 17:43:13.172 Setting WoW params to <CFBasicHash 0x14cd37520 [0x1a0950150]>{type = immutable dict, count = 3,
entries =>
	0 : <CFString 0x100175960 [0x1a0950150]>{contents = "IO80211InterfaceEnableLowPwrAssocMode"} = <CFBoolean 0x1a09506c8 [0x1a0950150]>{value = true}
	1 : <CFString 0x100175940 [0x1a0950150]>{contents = "IO80211InterfaceEnableWoW"} = <CFBoolean 0x1a09506d8 [0x1a0950150]>{value = false}
	2 : <CFString 0x100185ae0 [0x1a0950150]>{contents = "IO80211InterfaceEnableWoWOnCaptive"} = <CFBoolean 0x1a09506d8 [0x1a0950150]>{value = false}
}

12/22/2016 17:43:13.174 WiFiDeviceRequestAssociatedSleep: ActiveDuringSleepRequested is already removed ((null)).
12/22/2016 17:43:13.174 WoW Disabled, 0 WoW Clients, lpas is Enabled, WoW Override is Disabled, Captive Disabled
12/22/2016 17:43:13.174 Unable to dispatch WowStateChanged message to client dataaccessd (268435460)
12/22/2016 17:43:13.174 Unable to dispatch WowStateChanged message to client MobileMail (268435460)
12/22/2016 17:43:13.175 Unable to dispatch WowStateChanged message to client mediaserverd (268435460)
12/22/2016 17:43:13.175 Unable to dispatch WowStateChanged message to client itunesstored (268435460)
12/22/2016 17:43:13.175 WoW is Disabled, 0 WoW Clients
12/22/2016 17:43:13.176 WoW is Disabled, 0 WoW Clients
12/22/2016 17:43:13.179 WoW is Disabled, 0 WoW Clients
12/22/2016 17:43:18.176 Client apsd set type to normal application
12/22/2016 17:43:18.176 __WiFiManagerSetEnableState: state TRUE, manager->enable.setting TRUE, manager->unlockedSinceBoot TRUE
12/22/2016 17:43:18.176 BG Application: Not Present, BG Daemon: Present. Daemons: MobileMail mediaserverd 
12/22/2016 17:43:18.185 Client MobileMail set type to normal application
12/22/2016 17:43:18.185 __WiFiManagerSetEnableState: state TRUE, manager->enable.setting TRUE, manager->unlockedSinceBoot TRUE
12/22/2016 17:43:18.186 BG Application: Not Present, BG Daemon: Present. Daemons: mediaserverd 
12/22/2016 17:43:31.078 __WiFiManagerCellularTransmitCallback_block_invoke: Cellular Transmit Started = TRUE
12/22/2016 17:43:43.843 __WiFiManagerCellularTransmitCallback_block_invoke: Cellular Transmit Started = FALSE
12/22/2016 17:43:44.848 WiFiLocaleManagerCheckLocale: trying to determine locale...
12/22/2016 17:43:44.848 WiFiManagerCoreLocationGetCachedLocation: getting cached location...
12/22/2016 17:43:44.870 __WiFiLocaleManagerGetLocaleFromMcc: finding iso country code for mcc 232 ....
12/22/2016 17:43:44.870 WiFiLocationServiceManagerIsLocationValid: cachedLocationTimeout 120.000000 location age 309.237663secs, lifeSpan -1.000000 accuracy 65.000000(highAccReq 0), isValid 1
12/22/2016 17:43:44.870 WiFiLocationServiceManagerStartLowAccuracyMonitoring: Cached low accuracy location is valid
12/22/2016 17:43:44.870 WiFiLocationServiceManagerIsLocationValid: cachedLocationTimeout 120.000000 location age 309.237803secs, lifeSpan -1.000000 accuracy 65.000000(highAccReq 1), isValid 1
12/22/2016 17:43:44.870 WiFiLocationServiceManagerIsLocationValid: cachedLocationTimeout 120.000000 location age 309.237857secs, lifeSpan -1.000000 accuracy 65.000000(highAccReq 0), isValid 1
12/22/2016 17:43:44.870 __WiFiLocationServiceManagerProcessLocationAvailableEvent: isValidHighAccuracyLocation 1,  isValidLowAccuracyLocation 1
12/22/2016 17:43:44.870 __WiFiLocationServiceManagerProcessLocationAvailableEvent: give low accuracy callback
12/22/2016 17:43:44.872 __WiFiLocaleManagerGetLocaleFromLocation: <+48.22429325,+16.34092672> +/- 65.00m (speed -1.00 mps / course -1.00) @ 12/22/16, 5:38:35 PM Central European Standard Time
12/22/2016 17:43:44.872 locale from bounding box 
12/22/2016 17:43:44.872 new locale:  , locale: 
12/22/2016 17:43:44.872 Stopping Low Accuracy Location Monitoring
12/22/2016 17:43:44.872 CLMonitoring is already stopped
12/22/2016 17:43:44.872 Stopping Low Accuracy Location Monitoring
12/22/2016 17:43:44.872 CLMonitoring is already stopped
12/22/2016 17:43:44.872 __WiFiLocationServiceManagerEventCallback, got cb dict {
    eventType = 0;
    location = "<+48.22428439,+16.34100996> +/- 65.00m (speed -1.00 mps / course -1.00) @ 12/22/16, 5:42:18 PM Central European Standard Time";
}
12/22/2016 17:43:44.872 WiFiLocationServiceManagerIsLocationValid: cachedLocationTimeout 120.000000 location age 86.382725secs, lifeSpan -1.000000 accuracy 65.000000(highAccReq 1), isValid 1
12/22/2016 17:43:44.873 WiFiLocationServiceManagerIsLocationValid: cachedLocationTimeout 120.000000 location age 86.382778secs, lifeSpan -1.000000 accuracy 65.000000(highAccReq 0), isValid 1
12/22/2016 17:43:44.873 __WiFiLocationServiceManagerProcessLocationAvailableEvent: isValidHighAccuracyLocation 1,  isValidLowAccuracyLocation 1
12/22/2016 17:44:12.200 __WiFiManagerCellularTransmitCallback_block_invoke: Cellular Transmit Started = TRUE
12/22/2016 17:44:12.888 IPv4 Primary interface is (null) and IPv6 Primary Interface is (null)
12/22/2016 17:44:12.893 Client apsd set type to background application
12/22/2016 17:44:12.893 __WiFiManagerSetEnableState: state TRUE, manager->enable.setting TRUE, manager->unlockedSinceBoot TRUE
12/22/2016 17:44:12.896 BG Application: Not Present, BG Daemon: Present. Daemons: mediaserverd apsd 
12/22/2016 17:44:12.896 Auto association attempt canceled because MIS is enabled. MIS client count: wifi=1 bt=0
12/22/2016 17:44:12.896 Enable WoW requested by "apsd"
12/22/2016 17:44:12.897 WoW Capable = YES, Attempting to enable WoW and disable LPAS 
12/22/2016 17:44:12.897 Setting WoW params to <CFBasicHash 0x14cf07d70 [0x1a0950150]>{type = immutable dict, count = 3,
entries =>
	0 : <CFString 0x100175960 [0x1a0950150]>{contents = "IO80211InterfaceEnableLowPwrAssocMode"} = <CFBoolean 0x1a09506d8 [0x1a0950150]>{value = false}
	1 : <CFString 0x100175940 [0x1a0950150]>{contents = "IO80211InterfaceEnableWoW"} = <CFBoolean 0x1a09506c8 [0x1a0950150]>{value = true}
	2 : <CFString 0x100185ae0 [0x1a0950150]>{contents = "IO80211InterfaceEnableWoWOnCaptive"} = <CFBoolean 0x1a09506d8 [0x1a0950150]>{value = false}
}

12/22/2016 17:44:12.900 WiFiDeviceRequestAssociatedSleep: ActiveDuringSleepRequested is already removed ((null)).
12/22/2016 17:44:12.900 WoW Enabled by 1 Clients, lpas is Disabled, WoW Override is Disabled, Captive Disabled
12/22/2016 17:44:12.901 Unable to dispatch WowStateChanged message to client dataaccessd (268435460)
12/22/2016 17:44:12.901 Unable to dispatch WowStateChanged message to client MobileMail (268435460)
12/22/2016 17:44:12.901 Unable to dispatch WowStateChanged message to client mediaserverd (268435460)
12/22/2016 17:44:12.902 Unable to dispatch WowStateChanged message to client itunesstored (268435460)
12/22/2016 17:44:12.902 Client MobileMail set type to background application
12/22/2016 17:44:12.902 __WiFiManagerSetEnableState: state TRUE, manager->enable.setting TRUE, manager->unlockedSinceBoot TRUE
12/22/2016 17:44:12.902 BG Application: Not Present, BG Daemon: Present. Daemons: MobileMail mediaserverd apsd 
12/22/2016 17:44:12.902 Auto association attempt canceled because MIS is enabled. MIS client count: wifi=1 bt=0
12/22/2016 17:44:12.922 MIS is already Enabled on ap1
12/22/2016 17:44:12.922 apsd[273] is a wow client
12/22/2016 17:44:12.922 WoW is Enabled, 1 WoW Clients
12/22/2016 17:44:12.923 apsd[273] is a wow client
12/22/2016 17:44:12.923 WoW is Enabled, 1 WoW Clients
12/22/2016 17:44:12.927 MIS is already Enabled on ap1
12/22/2016 17:44:12.928 apsd[273] is a wow client
12/22/2016 17:44:12.928 WoW is Enabled, 1 WoW Clients
12/22/2016 17:44:12.929 MIS Discovery is Disabled
12/22/2016 17:44:18.735 IPv4 Primary interface is pdp_ip0 and IPv6 Primary Interface is (null)
12/22/2016 17:44:18.746 MIS is already Enabled on ap1
12/22/2016 17:44:18.748 MIS Discovery is Disabled
12/22/2016 17:44:49.259 __WiFiManagerCellularTransmitCallback_block_invoke: Cellular Transmit Started = FALSE
12/22/2016 17:45:02.854 __WiFiManagerCellularTransmitCallback_block_invoke: Cellular Transmit Started = TRUE
12/22/2016 17:45:18.693 Disable WoW requested by "apsd"
12/22/2016 17:45:18.694 WoW Capable = YES, Attempting to disable WoW and enable LPAS 
12/22/2016 17:45:18.694 Setting WoW params to <CFBasicHash 0x14cd6e1a0 [0x1a0950150]>{type = immutable dict, count = 3,
entries =>
	0 : <CFString 0x100175960 [0x1a0950150]>{contents = "IO80211InterfaceEnableLowPwrAssocMode"} = <CFBoolean 0x1a09506c8 [0x1a0950150]>{value = true}
	1 : <CFString 0x100175940 [0x1a0950150]>{contents = "IO80211InterfaceEnableWoW"} = <CFBoolean 0x1a09506d8 [0x1a0950150]>{value = false}
	2 : <CFString 0x100185ae0 [0x1a0950150]>{contents = "IO80211InterfaceEnableWoWOnCaptive"} = <CFBoolean 0x1a09506d8 [0x1a0950150]>{value = false}
}

12/22/2016 17:45:18.695 WiFiDeviceRequestAssociatedSleep: ActiveDuringSleepRequested is already removed ((null)).
12/22/2016 17:45:18.696 WoW Disabled, 0 WoW Clients, lpas is Enabled, WoW Override is Disabled, Captive Disabled
12/22/2016 17:45:18.696 Unable to dispatch WowStateChanged message to client dataaccessd (268435460)
12/22/2016 17:45:18.696 Unable to dispatch WowStateChanged message to client MobileMail (268435460)
12/22/2016 17:45:18.697 Unable to dispatch WowStateChanged message to client mediaserverd (268435460)
12/22/2016 17:45:18.697 Unable to dispatch WowStateChanged message to client itunesstored (268435460)
12/22/2016 17:45:18.697 WoW is Disabled, 0 WoW Clients
12/22/2016 17:45:18.698 WoW is Disabled, 0 WoW Clients
12/22/2016 17:45:18.701 WoW is Disabled, 0 WoW Clients
12/22/2016 17:45:23.698 Client apsd set type to normal application
12/22/2016 17:45:23.698 __WiFiManagerSetEnableState: state TRUE, manager->enable.setting TRUE, manager->unlockedSinceBoot TRUE
12/22/2016 17:45:23.698 BG Application: Not Present, BG Daemon: Present. Daemons: MobileMail mediaserverd 
12/22/2016 17:45:23.743 Client MobileMail set type to normal application
12/22/2016 17:45:23.743 __WiFiManagerSetEnableState: state TRUE, manager->enable.setting TRUE, manager->unlockedSinceBoot TRUE
12/22/2016 17:45:23.743 BG Application: Not Present, BG Daemon: Present. Daemons: mediaserverd 
12/22/2016 17:45:24.223 __WiFiManagerCellularTransmitCallback_block_invoke: Cellular Transmit Started = FALSE
12/22/2016 17:45:35.059 __WiFiManagerCellularTransmitCallback_block_invoke: Cellular Transmit Started = TRUE
12/22/2016 17:45:44.847 WiFiLocaleManagerCheckLocale: trying to determine locale...
12/22/2016 17:45:44.847 WiFiManagerCoreLocationGetCachedLocation: getting cached location...
12/22/2016 17:45:44.869 __WiFiLocaleManagerGetLocaleFromMcc: finding iso country code for mcc 232 ....
12/22/2016 17:45:44.869 WiFiLocationServiceManagerIsLocationValid: cachedLocationTimeout 120.000000 location age 206.379152secs, lifeSpan -1.000000 accuracy 65.000000(highAccReq 0), isValid 1
12/22/2016 17:45:44.869 WiFiLocationServiceManagerStartLowAccuracyMonitoring: Cached low accuracy location is valid
12/22/2016 17:45:44.869 WiFiLocationServiceManagerIsLocationValid: cachedLocationTimeout 120.000000 location age 206.379291secs, lifeSpan -1.000000 accuracy 65.000000(highAccReq 1), isValid 1
12/22/2016 17:45:44.869 WiFiLocationServiceManagerIsLocationValid: cachedLocationTimeout 120.000000 location age 206.379345secs, lifeSpan -1.000000 accuracy 65.000000(highAccReq 0), isValid 1
12/22/2016 17:45:44.869 __WiFiLocationServiceManagerProcessLocationAvailableEvent: isValidHighAccuracyLocation 1,  isValidLowAccuracyLocation 1
12/22/2016 17:45:44.869 __WiFiLocationServiceManagerProcessLocationAvailableEvent: give low accuracy callback
12/22/2016 17:45:44.870 __WiFiLocaleManagerGetLocaleFromLocation: <+48.22428439,+16.34100996> +/- 65.00m (speed -1.00 mps / course -1.00) @ 12/22/16, 5:42:18 PM Central European Standard Time
12/22/2016 17:45:44.870 locale from bounding box 
12/22/2016 17:45:44.870 new locale:  , locale: 
12/22/2016 17:45:44.870 Stopping Low Accuracy Location Monitoring
12/22/2016 17:45:44.870 CLMonitoring is already stopped
12/22/2016 17:45:44.870 Stopping Low Accuracy Location Monitoring
12/22/2016 17:45:44.870 CLMonitoring is already stopped
12/22/2016 17:45:44.870 __WiFiLocationServiceManagerEventCallback, got cb dict {
    eventType = 0;
    location = "<+48.22428439,+16.34100996> +/- 65.00m (speed -1.00 mps / course -1.00) @ 12/22/16, 5:42:18 PM Central European Standard Time";
}
12/22/2016 17:45:44.871 WiFiLocationServiceManagerIsLocationValid: cachedLocationTimeout 120.000000 location age 206.381427secs, lifeSpan -1.000000 accuracy 65.000000(highAccReq 1), isValid 1
12/22/2016 17:45:44.871 WiFiLocationServiceManagerIsLocationValid: cachedLocationTimeout 120.000000 location age 206.381481secs, lifeSpan -1.000000 accuracy 65.000000(highAccReq 0), isValid 1
12/22/2016 17:45:44.871 __WiFiLocationServiceManagerProcessLocationAvailableEvent: isValidHighAccuracyLocation 1,  isValidLowAccuracyLocation 1
12/22/2016 17:45:52.384 __WiFiManagerCellularTransmitCallback_block_invoke: Cellular Transmit Started = FALSE
12/22/2016 17:46:46.226 __WiFiDeviceProcessDumpLogsEvent: Dump logs event received, dumped wifid log buffer to file
