
PurpleSystemAppPort
PurpleSystemEventPort
PurpleWorkspacePort
UIASTNotificationCenter
com.apple.ABDatabaseDoctor
com.apple.AOSNotification
com.apple.AOSNotification.AOSAPSTokenWatcher.dev
com.apple.AOSNotification.AOSAPSTokenWatcher.prod
com.apple.AOSNotification.aps-demo
com.apple.AOSNotification.aps-development
com.apple.AOSNotification.aps-production
com.apple.AssetCacheLocatorService
com.apple.BTAudioHALPlugin.xpc
com.apple.BTLEAudioController.xpc
com.apple.BTServer.avrcp
com.apple.BTServer.le
com.apple.BTServer.map
com.apple.BTServer.pbap
com.apple.BlueTool
com.apple.CARenderServer
com.apple.CallHistorySyncHelper
com.apple.CallHistorySyncHelper.aps
com.apple.CellularPlanDaemon.xpc
com.apple.CellularPlanManager.vinylTest.xpc
com.apple.CoreAuthentication.daemon
com.apple.CoreAuthentication.daemon.libxpc
com.apple.CrashCopy.OTA
com.apple.DuetHeuristic-BM
com.apple.ExternalAccessory.distributednotification.server
com.apple.FSEvents
com.apple.FileCoordination
com.apple.FileProvider
com.apple.GSSCred
com.apple.GameController.gamecontrollerd
com.apple.LocalAuthentication.RemoteUIHost
com.apple.Maps.mapspushd
com.apple.Maps.mapspushd.bulletinboard
com.apple.Maps.mapspushd.icloud
com.apple.MobileAccessoryUpdater
com.apple.MobileFileIntegrity
com.apple.MobileInternetSharing
com.apple.NetworkLinkConditioner
com.apple.OTATaskingAgent
com.apple.PersistentURLTranslator.Gatekeeper
com.apple.PowerManagement.control
com.apple.ProgressReporting
com.apple.PurpleReverseProxy.Conn
com.apple.PurpleReverseProxy.Ctrl
com.apple.ReportCrash
com.apple.ReportCrash.DirectoryService
com.apple.ReportCrash.Jetsam
com.apple.ReportCrash.SafetyNet
com.apple.ReportCrash.SimulateCrash
com.apple.ReportCrash.StackShot
com.apple.SBUserNotification
com.apple.SecureNetworking.IPSec
com.apple.SharedWebCredentials
com.apple.SystemConfiguration.DNSConfiguration
com.apple.SystemConfiguration.IPMonitorControl
com.apple.SystemConfiguration.NetworkInformation
com.apple.SystemConfiguration.SCNetworkReachability
com.apple.SystemConfiguration.configd
com.apple.SystemConfiguration.helper
com.apple.TextInput
com.apple.TextInput.lexicon-server
com.apple.TextInput.rdt
com.apple.TextInput.shortcuts
com.apple.UIKit.pasteboardd
com.apple.UIKit.statusbarserver
com.apple.VoiceOverTouch
com.apple.VoiceOverTouch.xpc
com.apple.WebBookmarks.CacheDelete
com.apple.WebBookmarks.webbookmarksd
com.apple.absd
com.apple.absinthed
com.apple.accessibility.AXAssistiveTouchServer
com.apple.accessibility.AXVoiceOverServer
com.apple.accountsd.accountmanager
com.apple.accountsd.authmanager
com.apple.accountsd.oauthsigner
com.apple.accountsd.oopa
com.apple.adid
com.apple.afcd
com.apple.aggregated
com.apple.aggregated.addaily
com.apple.airplay.sender.xpc
com.apple.ait.client
com.apple.appsupport.cplogd
com.apple.aps.alertprovider.xpc
com.apple.apsd
com.apple.askpermission.aps
com.apple.askpermission.familynotification
com.apple.askpermissiond
com.apple.aslmanager
com.apple.assertiond.applicationstateconnection
com.apple.assertiond.appwatchdog
com.apple.assertiond.extension
com.apple.assertiond.processassertionconnection
com.apple.assertiond.processinfoservice
com.apple.assetsd.cacheDelete
com.apple.assetsd.changehub
com.apple.assetsd.keepDaemonAlive
com.apple.assetsd.messagingServer
com.apple.assetsd.nebulad
com.apple.assetsd.notificationServer
com.apple.assistant.client
com.apple.assistant.dictation
com.apple.assistant.settings
com.apple.assistant.sync
com.apple.assistant_service
com.apple.assistantd.managedstorage
com.apple.assistivetouchd
com.apple.atc
com.apple.atc.pairedsync
com.apple.atc.xpc
com.apple.atc.xpc.observer
com.apple.atc.xpc.service
com.apple.atc.xpc.sessions
com.apple.atc2
com.apple.audio.AUPBServer
com.apple.audio.AURemoteIOServer
com.apple.audio.AudioConverterServer
com.apple.audio.AudioFileServer
com.apple.audio.AudioQueueServer
com.apple.audio.AudioSession
com.apple.audio.AudioUnitServer
com.apple.audio.SystemSounds
com.apple.awdd
com.apple.backboard.TouchDeliveryPolicyServer
com.apple.backboard.altsysapp
com.apple.backboard.applicationdatastore.service
com.apple.backboard.checkin
com.apple.backboard.display.services
com.apple.backboard.hid.services
com.apple.backboard.system-app-server
com.apple.backboard.watchdog
com.apple.backlightd
com.apple.backupd
com.apple.basebandd.xpc
com.apple.bird
com.apple.bird.cache-delete
com.apple.bird.push
com.apple.bird.token
com.apple.bulletinboard.dataproviderconnection
com.apple.bulletinboard.observerconnection
com.apple.bulletinboard.serverconduitconnection
com.apple.bulletinboard.settingsconnection
com.apple.bulletinboard.systemstateconnection
com.apple.bulletinboard.utilitiesconnection
com.apple.cache_delete
com.apple.calaccessd
com.apple.calaccessd.xpc
com.apple.certui.relay
com.apple.cfnetwork.AuthBrokerAgent
com.apple.cfnetwork.cfnetworkagent
com.apple.cfprefsd.daemon
com.apple.cloudd
com.apple.cloudphotod
com.apple.cmfsyncagent.embedded.auth
com.apple.commcenter
com.apple.commcenter
com.apple.commcenter
com.apple.commcenter.atcs.xpc
com.apple.commcenter.cupolicy.xpc
com.apple.commcenter.cupolicy.xpc
com.apple.commcenter.dm-helper
com.apple.commcenter.mobile-helper
com.apple.commcenter.root-helper
com.apple.commcenter.xpc
com.apple.commcenter.xpc
com.apple.commcenter.xpc
com.apple.containermanagerd
com.apple.cookied
com.apple.corecaptured
com.apple.coreduetd
com.apple.coremedia.admin
com.apple.coremedia.asset
com.apple.coremedia.assetimagegenerator
com.apple.coremedia.audiodeviceclock
com.apple.coremedia.audioprocessingtap
com.apple.coremedia.cameraviewfinder
com.apple.coremedia.capturesession
com.apple.coremedia.capturesource
com.apple.coremedia.compressionsession
com.apple.coremedia.cpe
com.apple.coremedia.cpeprotector
com.apple.coremedia.decompressionsession
com.apple.coremedia.endpoint
com.apple.coremedia.endpointpicker
com.apple.coremedia.flashlight
com.apple.coremedia.formatreader
com.apple.coremedia.mutablecomposition
com.apple.coremedia.neroid
com.apple.coremedia.recorder
com.apple.coremedia.remaker
com.apple.coremedia.sandboxserver
com.apple.coremedia.videocompositor
com.apple.coremedia.videoqueue
com.apple.coremedia.virtualdisplay
com.apple.coremedia.virtualdisplayserver
com.apple.corercd
com.apple.corerecents.recentsd
com.apple.coreservices.appleid.authentication
com.apple.coreservices.appleid.checkpassword
com.apple.coreservices.lsactivitymanager.xpc
com.apple.coreservices.lsbestappsuggestionmanager.xpc
com.apple.coreservices.lssuggestedactionmanager.xpc
com.apple.coreservices.lsuseractivity.simulatorsupport
com.apple.coreservices.lsuseractivityadministration.xpc
com.apple.coreservices.lsuseractivitymanager.xpc
com.apple.coresymbolicationd
com.apple.crash_mover
com.apple.crashreportcopymobile
com.apple.cvmsCompAgent_armv7
com.apple.cvmsServ
com.apple.d2d.ipc
com.apple.dataaccess.dataaccessd
com.apple.dataaccess.dataaccessd.active
com.apple.diagnosticd
com.apple.discoveryd
com.apple.discoveryd.dnsproxy
com.apple.discoveryd_helper
com.apple.distributed_notifications@0v3
com.apple.distributed_notifications@1v3
com.apple.dt.devicearbitration
com.apple.fairplayd
com.apple.fairplayd.versioned
com.apple.family.bulletinboard
com.apple.familycircle.agent
com.apple.familynotification.agent
com.apple.fig.movie
com.apple.frontboard.systemappservices
com.apple.frontboard.workspace
com.apple.gamed
com.apple.gamed.aps
com.apple.gamed.apsdev
com.apple.gamed.bulletinboard
com.apple.gamed.entitled
com.apple.gamed.note
com.apple.geod
com.apple.healthd.restriction
com.apple.healthd.server
com.apple.homed.aps
com.apple.homed.xpc
com.apple.hsa-authentication-server
com.apple.iTunesStore.daemon.notifications.public
com.apple.iTunesStore.daemon.public
com.apple.iad.limitadtrackingd
com.apple.iap2d
com.apple.iap2d.ExternalAccessory.distributednotification.server
com.apple.iap2d.distributednotification.server
com.apple.iap2d.xpc
com.apple.iapauthd
com.apple.iapauthd.xpc
com.apple.iapd
com.apple.iapd.distributednotification.server
com.apple.iapd.xpc
com.apple.iaptransportd
com.apple.iaptransportd.ExternalAccessory.distributednotification.server
com.apple.iaptransportd.distributednotification.server
com.apple.iaptransportd.xpc
com.apple.icloud.findmydeviced
com.apple.icloud.findmydeviced.aps-demo
com.apple.icloud.findmydeviced.aps-development
com.apple.icloud.findmydeviced.aps-production
com.apple.icloud.fmfd
com.apple.icloud.fmfd.aps
com.apple.identityservicesd.embedded.auth
com.apple.identityservicesd.idquery.embedded.auth
com.apple.idscredentialsagent.embedded.auth
com.apple.idsremoteurlconnectionagent.embedded.auth
com.apple.imagent.embedded.auth
com.apple.imavagent.embedded.auth
com.apple.incoming-call-filter-server
com.apple.ind.aps
com.apple.ind.notifier
com.apple.ind.xpc
com.apple.instruments.deviceservice.lockdown
com.apple.instruments.deviceservice.xpc
com.apple.iohideventsystem
com.apple.itunescloudd.aps
com.apple.itunescloudd.aps.demo
com.apple.itunescloudd.aps.dev
com.apple.itunescloudd.xpc
com.apple.itunesstored.aps
com.apple.itunesstored.aps.dev
com.apple.itunesstored.bulletinboard
com.apple.itunesstored.xpc
com.apple.languageassetd
com.apple.librariand
com.apple.locationd.CLTilesManagerClient
com.apple.locationd.registration
com.apple.locationd.routine
com.apple.locationd.simulation
com.apple.locationd.spi
com.apple.locationd.synchronous
com.apple.lockdown.host_watcher
com.apple.lsd
com.apple.lsd.xpc
com.apple.lskdd
com.apple.lskdmsed
com.apple.mDNSResponder
com.apple.mDNSResponder.dnsproxy
com.apple.mDNSResponderHelper
com.apple.managedconfiguration.mdmdpush-dev
com.apple.managedconfiguration.mdmdpush-prod
com.apple.managedconfiguration.mdmdservice
com.apple.managedconfiguration.profiled
com.apple.managedconfiguration.profiled.public
com.apple.managedconfiguration.teslad
com.apple.marco
com.apple.mdt
com.apple.mediaartworkd.xpc
com.apple.medialibraryd.xpc
com.apple.mediaremoted.xpc
com.apple.mediaserverd
com.apple.mediastream.mstreamd
com.apple.mediastream.mstreamd-nowake
com.apple.mediastream.mstreamd.push-dev
com.apple.mediastream.mstreamd.push-prod
com.apple.mediastream.mstreamd.sharing.push-dev
com.apple.mediastream.mstreamd.sharing.push-prod
com.apple.mediastream.sharing
com.apple.mediastream.sharing-nowake
com.apple.midiserver
com.apple.midiserver.io
com.apple.misagent
com.apple.mobile.assertion_agent
com.apple.mobile.cache_delete_app_container_caches
com.apple.mobile.cache_delete_daily
com.apple.mobile.cache_delete_geo_tile_loader
com.apple.mobile.cache_delete_itunes_store
com.apple.mobile.cache_delete_music
com.apple.mobile.insecure_notification_proxy
com.apple.mobile.installation_proxy
com.apple.mobile.installd
com.apple.mobile.keybagd.mach
com.apple.mobile.keybagd.xpc
com.apple.mobile.lockbot
com.apple.mobile.notification_proxy
com.apple.mobile.obliteration
com.apple.mobile.storage_mounter
com.apple.mobile.storage_mounter.xpc
com.apple.mobile.storage_mounter_buddy
com.apple.mobileactivationd
com.apple.mobileassetd
com.apple.mobileassetd.cache-delete
com.apple.mobilecheckpoint.checkpointd
com.apple.mobilegestalt.xpc
com.apple.mobilestoredemod
com.apple.neagent
com.apple.nehelper
com.apple.nesessionmanager
com.apple.network.EAPOLController
com.apple.network.IPConfiguration
com.apple.networkd
com.apple.networkd_privileged
com.apple.networking.captivenetworksupport
com.apple.notificationcenter.widgetcontrollerconnection
com.apple.nsurlsessiond
com.apple.nsurlsessiond-launchondemand
com.apple.nsurlstorage-cache
com.apple.passd.aps
com.apple.passd.bulletins
com.apple.passd.in-app-payment
com.apple.passd.library
com.apple.passd.payment
com.apple.passes.usage
com.apple.pfd
com.apple.photos.cloud.pushnotification
com.apple.pipelined
com.apple.pipelined.maintenance
com.apple.pluginkit.pkd
com.apple.powerlog.plxpclogger.xpc
com.apple.powerlogd.XPCService.xpc
com.apple.prdaily
com.apple.preboardservice
com.apple.private.healthd.beetpancakes
com.apple.private.healthd.kalechips
com.apple.private.healthd.seaweedsnacks
com.apple.reversetemplated
com.apple.revisiond
com.apple.routined.bulletinboard
com.apple.routined.registration
com.apple.rtcreportingd
com.apple.safarifetcherd
com.apple.sandboxd
com.apple.scrod
com.apple.search.appindexer
com.apple.searchd
com.apple.securebackupd
com.apple.security.cloudkeychainproxy3
com.apple.security.swcagent
com.apple.securityd
com.apple.server.bluetooth
com.apple.server.bluetooth.bbprovider.xpc
com.apple.server.bluetooth.le.att.xpc
com.apple.server.bluetooth.le.pipe.xpc
com.apple.sharingd
com.apple.sharingd.NSURLSessionProxyService
com.apple.sharingd.bulletinboard
com.apple.sharingd.nsxpc
com.apple.softwarebehaviorservicesd
com.apple.splashboard.launchimage
com.apple.springboard
com.apple.springboard.BBDataProvider
com.apple.springboard.UIKit.migserver
com.apple.springboard.alerts
com.apple.springboard.backgroundappservices
com.apple.springboard.blockableservices
com.apple.springboard.carditemscontroller
com.apple.springboard.icongeneration
com.apple.springboard.processinvalidation
com.apple.springboard.remotenotifications
com.apple.springboard.services
com.apple.springboard.statusbarservices
com.apple.springboard.watchdogserver
com.apple.storebookkeeperd.aps
com.apple.storebookkeeperd.aps.demo
com.apple.storebookkeeperd.aps.dev
com.apple.storebookkeeperd.xpc
com.apple.streaming_zip_conduit
com.apple.suggestd.suggestionmanager
com.apple.symptom_analytics
com.apple.symptoms.symptomsd.managed_events
com.apple.syncdefaultsd
com.apple.syncdefaultsd.push
com.apple.syslog_relay
com.apple.system.logger
com.apple.system.notification_center
com.apple.tccd
com.apple.telephonyutilities.callservicesdaemon
com.apple.telephonyutilities.callservicesdaemon.accountscontroller
com.apple.telephonyutilities.callservicesdaemon.voip
com.apple.telephonyutilities.callservicesdaemon.voip.push
com.apple.timed.xpc
com.apple.timezoneupdates.tzd.server
com.apple.tipsd
com.apple.touchsetupd.wirelessproximity
com.apple.tzlink
com.apple.ubd
com.apple.ubd.system-push
com.apple.uikit.GestureServer
com.apple.unfreed
com.apple.usbptpd.demand
com.apple.usymptomsd
com.apple.videoconference.avconference
com.apple.videoconference.camera
com.apple.voiced
com.apple.voicememod.xpc
com.apple.voiceservices.keepalive
com.apple.voiceservices.tts
com.apple.vsassetd
com.apple.wapi.client
com.apple.webinspector
com.apple.wirelessproxd
com.apple.xpc.activity.unmanaged
