/Users/luke/Desktop/serviceExtractionStagingArea/plists/com.apple.ABDatabaseDoctor.plist
com.apple.ABDatabaseDoctor
/Users/luke/Desktop/serviceExtractionStagingArea/plists/com.apple.AOSNotification.plist
com.apple.AOSNotification
/Users/luke/Desktop/serviceExtractionStagingArea/plists/com.apple.AOSNotification.plist
com.apple.AOSNotification.AOSAPSTokenWatcher.dev
/Users/luke/Desktop/serviceExtractionStagingArea/plists/com.apple.AOSNotification.plist
com.apple.AOSNotification.AOSAPSTokenWatcher.prod
/Users/luke/Desktop/serviceExtractionStagingArea/plists/com.apple.AOSNotification.plist
com.apple.AOSNotification.aps-demo
/Users/luke/Desktop/serviceExtractionStagingArea/plists/com.apple.AOSNotification.plist
com.apple.AOSNotification.aps-development
/Users/luke/Desktop/serviceExtractionStagingArea/plists/com.apple.AOSNotification.plist
com.apple.AOSNotification.aps-production
/Users/luke/Desktop/serviceExtractionStagingArea/plists/com.apple.AssetCacheLocatorService.plist
com.apple.AssetCacheLocatorService
/Users/luke/Desktop/serviceExtractionStagingArea/plists/com.apple.BTServer.avrcp.plist
com.apple.BTServer.avrcp
/Users/luke/Desktop/serviceExtractionStagingArea/plists/com.apple.BTServer.le.plist
com.apple.BTServer.le
/Users/luke/Desktop/serviceExtractionStagingArea/plists/com.apple.BTServer.map.plist
com.apple.BTServer.map
/Users/luke/Desktop/serviceExtractionStagingArea/plists/com.apple.BTServer.pbap.plist
com.apple.BTServer.pbap
/Users/luke/Desktop/serviceExtractionStagingArea/plists/com.apple.BTServer.plist
com.apple.BTLEAudioController.xpc
/Users/luke/Desktop/serviceExtractionStagingArea/plists/com.apple.BTServer.plist
com.apple.server.bluetooth
/Users/luke/Desktop/serviceExtractionStagingArea/plists/com.apple.BTServer.plist
com.apple.server.bluetooth.bbprovider.xpc
/Users/luke/Desktop/serviceExtractionStagingArea/plists/com.apple.BTServer.plist
com.apple.server.bluetooth.le.att.xpc
/Users/luke/Desktop/serviceExtractionStagingArea/plists/com.apple.BTServer.plist
com.apple.server.bluetooth.le.pipe.xpc
/Users/luke/Desktop/serviceExtractionStagingArea/plists/com.apple.BlueTool.plist
com.apple.BlueTool
/Users/luke/Desktop/serviceExtractionStagingArea/plists/com.apple.CallHistorySyncHelper.plist
com.apple.CallHistorySyncHelper
/Users/luke/Desktop/serviceExtractionStagingArea/plists/com.apple.CallHistorySyncHelper.plist
com.apple.CallHistorySyncHelper.aps
/Users/luke/Desktop/serviceExtractionStagingArea/plists/com.apple.CommCenter.plist
com.apple.CellularPlanDaemon.xpc
/Users/luke/Desktop/serviceExtractionStagingArea/plists/com.apple.CommCenter.plist
com.apple.CellularPlanManager.vinylTest.xpc
/Users/luke/Desktop/serviceExtractionStagingArea/plists/com.apple.CommCenter.plist
com.apple.basebandd.xpc
/Users/luke/Desktop/serviceExtractionStagingArea/plists/com.apple.CommCenter.plist
com.apple.commcenter
/Users/luke/Desktop/serviceExtractionStagingArea/plists/com.apple.CommCenter.plist
com.apple.commcenter.atcs.xpc
/Users/luke/Desktop/serviceExtractionStagingArea/plists/com.apple.CommCenter.plist
com.apple.commcenter.cupolicy.xpc
/Users/luke/Desktop/serviceExtractionStagingArea/plists/com.apple.CommCenter.plist
com.apple.commcenter.xpc
/Users/luke/Desktop/serviceExtractionStagingArea/plists/com.apple.CommCenterClassic.plist
com.apple.commcenter
/Users/luke/Desktop/serviceExtractionStagingArea/plists/com.apple.CommCenterClassic.plist
com.apple.commcenter.cupolicy.xpc
/Users/luke/Desktop/serviceExtractionStagingArea/plists/com.apple.CommCenterClassic.plist
com.apple.commcenter.xpc
/Users/luke/Desktop/serviceExtractionStagingArea/plists/com.apple.CommCenterLite.plist
com.apple.commcenter
/Users/luke/Desktop/serviceExtractionStagingArea/plists/com.apple.CommCenterLite.plist
com.apple.commcenter.xpc
/Users/luke/Desktop/serviceExtractionStagingArea/plists/com.apple.CommCenterMobileHelper.plist
com.apple.commcenter.mobile-helper
/Users/luke/Desktop/serviceExtractionStagingArea/plists/com.apple.CommCenterRootHelper.plist
com.apple.commcenter.root-helper
/Users/luke/Desktop/serviceExtractionStagingArea/plists/com.apple.CoreAuthentication.daemon.plist
com.apple.CoreAuthentication.daemon
/Users/luke/Desktop/serviceExtractionStagingArea/plists/com.apple.CoreAuthentication.daemon.plist
com.apple.CoreAuthentication.daemon.libxpc
/Users/luke/Desktop/serviceExtractionStagingArea/plists/com.apple.CoreAuthentication.daemon.plist
com.apple.LocalAuthentication.RemoteUIHost
/Users/luke/Desktop/serviceExtractionStagingArea/plists/com.apple.DMHelper.plist
com.apple.commcenter.dm-helper
/Users/luke/Desktop/serviceExtractionStagingArea/plists/com.apple.DuetHeuristic-BM.plist
com.apple.DuetHeuristic-BM
/Users/luke/Desktop/serviceExtractionStagingArea/plists/com.apple.FileCoordination.plist
com.apple.FileCoordination
/Users/luke/Desktop/serviceExtractionStagingArea/plists/com.apple.FileCoordination.plist
com.apple.ProgressReporting
/Users/luke/Desktop/serviceExtractionStagingArea/plists/com.apple.FileProvider.plist
com.apple.FileProvider
/Users/luke/Desktop/serviceExtractionStagingArea/plists/com.apple.GSSCred.plist
com.apple.GSSCred
/Users/luke/Desktop/serviceExtractionStagingArea/plists/com.apple.GameController.gamecontrollerd.plist
com.apple.GameController.gamecontrollerd
/Users/luke/Desktop/serviceExtractionStagingArea/plists/com.apple.IMLoggingAgent.plist
com.apple.marco
/Users/luke/Desktop/serviceExtractionStagingArea/plists/com.apple.Maps.pushdaemon.plist
com.apple.Maps.mapspushd
/Users/luke/Desktop/serviceExtractionStagingArea/plists/com.apple.Maps.pushdaemon.plist
com.apple.Maps.mapspushd.bulletinboard
/Users/luke/Desktop/serviceExtractionStagingArea/plists/com.apple.Maps.pushdaemon.plist
com.apple.Maps.mapspushd.icloud
/Users/luke/Desktop/serviceExtractionStagingArea/plists/com.apple.MobileFileIntegrity.plist
com.apple.MobileFileIntegrity
/Users/luke/Desktop/serviceExtractionStagingArea/plists/com.apple.MobileInternetSharing.plist
com.apple.MobileInternetSharing
/Users/luke/Desktop/serviceExtractionStagingArea/plists/com.apple.NetworkLinkConditioner.plist
com.apple.NetworkLinkConditioner
/Users/luke/Desktop/serviceExtractionStagingArea/plists/com.apple.OTACrashCopier.plist
com.apple.CrashCopy.OTA
/Users/luke/Desktop/serviceExtractionStagingArea/plists/com.apple.OTATaskingAgent.plist
com.apple.OTATaskingAgent
/Users/luke/Desktop/serviceExtractionStagingArea/plists/com.apple.PurpleReverseProxy.plist
com.apple.PurpleReverseProxy.Conn
/Users/luke/Desktop/serviceExtractionStagingArea/plists/com.apple.PurpleReverseProxy.plist
com.apple.PurpleReverseProxy.Ctrl
/Users/luke/Desktop/serviceExtractionStagingArea/plists/com.apple.ReportCrash.DirectoryService.plist
com.apple.ReportCrash.DirectoryService
/Users/luke/Desktop/serviceExtractionStagingArea/plists/com.apple.ReportCrash.Jetsam.plist
com.apple.ReportCrash.Jetsam
/Users/luke/Desktop/serviceExtractionStagingArea/plists/com.apple.ReportCrash.SafetyNet.plist
com.apple.ReportCrash.SafetyNet
/Users/luke/Desktop/serviceExtractionStagingArea/plists/com.apple.ReportCrash.SimulateCrash.plist
com.apple.ReportCrash.SimulateCrash
/Users/luke/Desktop/serviceExtractionStagingArea/plists/com.apple.ReportCrash.StackShot.plist
com.apple.ReportCrash.StackShot
/Users/luke/Desktop/serviceExtractionStagingArea/plists/com.apple.ReportCrash.plist
com.apple.ReportCrash
/Users/luke/Desktop/serviceExtractionStagingArea/plists/com.apple.SCHelper-embedded.plist
com.apple.SystemConfiguration.helper
/Users/luke/Desktop/serviceExtractionStagingArea/plists/com.apple.TextInput.kbd.plist
com.apple.TextInput
/Users/luke/Desktop/serviceExtractionStagingArea/plists/com.apple.TextInput.kbd.plist
com.apple.TextInput.lexicon-server
/Users/luke/Desktop/serviceExtractionStagingArea/plists/com.apple.TextInput.kbd.plist
com.apple.TextInput.rdt
/Users/luke/Desktop/serviceExtractionStagingArea/plists/com.apple.TextInput.kbd.plist
com.apple.TextInput.shortcuts
/Users/luke/Desktop/serviceExtractionStagingArea/plists/com.apple.UIKit.pasteboardd.plist
com.apple.UIKit.pasteboardd
/Users/luke/Desktop/serviceExtractionStagingArea/plists/com.apple.UserEventAgent-System.plist
com.apple.xpc.activity.unmanaged
/Users/luke/Desktop/serviceExtractionStagingArea/plists/com.apple.VoiceOverTouch.plist
com.apple.VoiceOverTouch
/Users/luke/Desktop/serviceExtractionStagingArea/plists/com.apple.VoiceOverTouch.plist
com.apple.VoiceOverTouch.xpc
/Users/luke/Desktop/serviceExtractionStagingArea/plists/com.apple.VoiceOverTouch.plist
com.apple.accessibility.AXVoiceOverServer
/Users/luke/Desktop/serviceExtractionStagingArea/plists/com.apple.WebBookmarks.webbookmarksd.plist
com.apple.WebBookmarks.CacheDelete
/Users/luke/Desktop/serviceExtractionStagingArea/plists/com.apple.WebBookmarks.webbookmarksd.plist
com.apple.WebBookmarks.webbookmarksd
/Users/luke/Desktop/serviceExtractionStagingArea/plists/com.apple.absd.plist
com.apple.absd
/Users/luke/Desktop/serviceExtractionStagingArea/plists/com.apple.absd.plist
com.apple.absinthed
/Users/luke/Desktop/serviceExtractionStagingArea/plists/com.apple.accountsd.plist
com.apple.accountsd.accountmanager
/Users/luke/Desktop/serviceExtractionStagingArea/plists/com.apple.accountsd.plist
com.apple.accountsd.authmanager
/Users/luke/Desktop/serviceExtractionStagingArea/plists/com.apple.accountsd.plist
com.apple.accountsd.oauthsigner
/Users/luke/Desktop/serviceExtractionStagingArea/plists/com.apple.accountsd.plist
com.apple.accountsd.oopa
/Users/luke/Desktop/serviceExtractionStagingArea/plists/com.apple.adid.plist
com.apple.adid
/Users/luke/Desktop/serviceExtractionStagingArea/plists/com.apple.afcd.plist
com.apple.afcd
/Users/luke/Desktop/serviceExtractionStagingArea/plists/com.apple.aggregated.addaily.plist
com.apple.aggregated.addaily
/Users/luke/Desktop/serviceExtractionStagingArea/plists/com.apple.aggregated.plist
com.apple.aggregated
/Users/luke/Desktop/serviceExtractionStagingArea/plists/com.apple.aggregated.plist
com.apple.powerlog.plxpclogger.xpc
/Users/luke/Desktop/serviceExtractionStagingArea/plists/com.apple.ait.aitd.plist
com.apple.ait.client
/Users/luke/Desktop/serviceExtractionStagingArea/plists/com.apple.appsupport.cplogd.plist
com.apple.appsupport.cplogd
/Users/luke/Desktop/serviceExtractionStagingArea/plists/com.apple.apsd.plist
com.apple.apsd
/Users/luke/Desktop/serviceExtractionStagingArea/plists/com.apple.askpermissiond.plist
com.apple.askpermission.aps
/Users/luke/Desktop/serviceExtractionStagingArea/plists/com.apple.askpermissiond.plist
com.apple.askpermission.familynotification
/Users/luke/Desktop/serviceExtractionStagingArea/plists/com.apple.askpermissiond.plist
com.apple.askpermissiond
/Users/luke/Desktop/serviceExtractionStagingArea/plists/com.apple.aslmanager.plist
com.apple.aslmanager
/Users/luke/Desktop/serviceExtractionStagingArea/plists/com.apple.assertiond.plist
com.apple.assertiond.applicationstateconnection
/Users/luke/Desktop/serviceExtractionStagingArea/plists/com.apple.assertiond.plist
com.apple.assertiond.appwatchdog
/Users/luke/Desktop/serviceExtractionStagingArea/plists/com.apple.assertiond.plist
com.apple.assertiond.extension
/Users/luke/Desktop/serviceExtractionStagingArea/plists/com.apple.assertiond.plist
com.apple.assertiond.processassertionconnection
/Users/luke/Desktop/serviceExtractionStagingArea/plists/com.apple.assertiond.plist
com.apple.assertiond.processinfoservice
/Users/luke/Desktop/serviceExtractionStagingArea/plists/com.apple.assetsd.nebulad.plist
com.apple.assetsd.nebulad
/Users/luke/Desktop/serviceExtractionStagingArea/plists/com.apple.assetsd.plist
com.apple.PersistentURLTranslator.Gatekeeper
/Users/luke/Desktop/serviceExtractionStagingArea/plists/com.apple.assetsd.plist
com.apple.assetsd.cacheDelete
/Users/luke/Desktop/serviceExtractionStagingArea/plists/com.apple.assetsd.plist
com.apple.assetsd.changehub
/Users/luke/Desktop/serviceExtractionStagingArea/plists/com.apple.assetsd.plist
com.apple.assetsd.keepDaemonAlive
/Users/luke/Desktop/serviceExtractionStagingArea/plists/com.apple.assetsd.plist
com.apple.assetsd.messagingServer
/Users/luke/Desktop/serviceExtractionStagingArea/plists/com.apple.assetsd.plist
com.apple.assetsd.notificationServer
/Users/luke/Desktop/serviceExtractionStagingArea/plists/com.apple.assistant_service.plist
com.apple.assistant_service
/Users/luke/Desktop/serviceExtractionStagingArea/plists/com.apple.assistantd.plist
com.apple.assistant.client
/Users/luke/Desktop/serviceExtractionStagingArea/plists/com.apple.assistantd.plist
com.apple.assistant.dictation
/Users/luke/Desktop/serviceExtractionStagingArea/plists/com.apple.assistantd.plist
com.apple.assistant.settings
/Users/luke/Desktop/serviceExtractionStagingArea/plists/com.apple.assistantd.plist
com.apple.assistant.sync
/Users/luke/Desktop/serviceExtractionStagingArea/plists/com.apple.assistantd.plist
com.apple.assistantd.managedstorage
/Users/luke/Desktop/serviceExtractionStagingArea/plists/com.apple.assistivetouchd.plist
UIASTNotificationCenter
/Users/luke/Desktop/serviceExtractionStagingArea/plists/com.apple.assistivetouchd.plist
com.apple.accessibility.AXAssistiveTouchServer
/Users/luke/Desktop/serviceExtractionStagingArea/plists/com.apple.assistivetouchd.plist
com.apple.assistivetouchd
/Users/luke/Desktop/serviceExtractionStagingArea/plists/com.apple.atc.plist
com.apple.atc
/Users/luke/Desktop/serviceExtractionStagingArea/plists/com.apple.atc.plist
com.apple.atc.pairedsync
/Users/luke/Desktop/serviceExtractionStagingArea/plists/com.apple.atc.plist
com.apple.atc.xpc
/Users/luke/Desktop/serviceExtractionStagingArea/plists/com.apple.atc.plist
com.apple.atc.xpc.observer
/Users/luke/Desktop/serviceExtractionStagingArea/plists/com.apple.atc.plist
com.apple.atc.xpc.service
/Users/luke/Desktop/serviceExtractionStagingArea/plists/com.apple.atc.plist
com.apple.atc.xpc.sessions
/Users/luke/Desktop/serviceExtractionStagingArea/plists/com.apple.atc.plist
com.apple.atc2
/Users/luke/Desktop/serviceExtractionStagingArea/plists/com.apple.awdd.plist
com.apple.awdd
/Users/luke/Desktop/serviceExtractionStagingArea/plists/com.apple.backboardd.plist
PurpleSystemEventPort
/Users/luke/Desktop/serviceExtractionStagingArea/plists/com.apple.backboardd.plist
PurpleWorkspacePort
/Users/luke/Desktop/serviceExtractionStagingArea/plists/com.apple.backboardd.plist
com.apple.CARenderServer
/Users/luke/Desktop/serviceExtractionStagingArea/plists/com.apple.backboardd.plist
com.apple.backboard.TouchDeliveryPolicyServer
/Users/luke/Desktop/serviceExtractionStagingArea/plists/com.apple.backboardd.plist
com.apple.backboard.altsysapp
/Users/luke/Desktop/serviceExtractionStagingArea/plists/com.apple.backboardd.plist
com.apple.backboard.applicationdatastore.service
/Users/luke/Desktop/serviceExtractionStagingArea/plists/com.apple.backboardd.plist
com.apple.backboard.checkin
/Users/luke/Desktop/serviceExtractionStagingArea/plists/com.apple.backboardd.plist
com.apple.backboard.display.services
/Users/luke/Desktop/serviceExtractionStagingArea/plists/com.apple.backboardd.plist
com.apple.backboard.hid.services
/Users/luke/Desktop/serviceExtractionStagingArea/plists/com.apple.backboardd.plist
com.apple.backboard.system-app-server
/Users/luke/Desktop/serviceExtractionStagingArea/plists/com.apple.backboardd.plist
com.apple.backboard.watchdog
/Users/luke/Desktop/serviceExtractionStagingArea/plists/com.apple.backboardd.plist
com.apple.backlightd
/Users/luke/Desktop/serviceExtractionStagingArea/plists/com.apple.backboardd.plist
com.apple.iohideventsystem
/Users/luke/Desktop/serviceExtractionStagingArea/plists/com.apple.backboardd.plist
com.apple.uikit.GestureServer
/Users/luke/Desktop/serviceExtractionStagingArea/plists/com.apple.backupd.plist
com.apple.backupd
/Users/luke/Desktop/serviceExtractionStagingArea/plists/com.apple.bird.plist
com.apple.bird
/Users/luke/Desktop/serviceExtractionStagingArea/plists/com.apple.bird.plist
com.apple.bird.cache-delete
/Users/luke/Desktop/serviceExtractionStagingArea/plists/com.apple.bird.plist
com.apple.bird.push
/Users/luke/Desktop/serviceExtractionStagingArea/plists/com.apple.bird.plist
com.apple.bird.token
/Users/luke/Desktop/serviceExtractionStagingArea/plists/com.apple.cache_delete.plist
com.apple.cache_delete
/Users/luke/Desktop/serviceExtractionStagingArea/plists/com.apple.calaccessd.plist
com.apple.calaccessd
/Users/luke/Desktop/serviceExtractionStagingArea/plists/com.apple.calaccessd.plist
com.apple.calaccessd.xpc
/Users/luke/Desktop/serviceExtractionStagingArea/plists/com.apple.certui.relay.plist
com.apple.certui.relay
/Users/luke/Desktop/serviceExtractionStagingArea/plists/com.apple.cfnetwork.AuthBrokerAgent.plist
com.apple.cfnetwork.AuthBrokerAgent
/Users/luke/Desktop/serviceExtractionStagingArea/plists/com.apple.cfnetwork.cfnetworkagent.plist
com.apple.cfnetwork.cfnetworkagent
/Users/luke/Desktop/serviceExtractionStagingArea/plists/com.apple.cfprefsd.xpc.daemon.plist
com.apple.cfprefsd.daemon
/Users/luke/Desktop/serviceExtractionStagingArea/plists/com.apple.cloudd.plist
com.apple.cloudd
/Users/luke/Desktop/serviceExtractionStagingArea/plists/com.apple.cloudphotod.plist
com.apple.cloudphotod
/Users/luke/Desktop/serviceExtractionStagingArea/plists/com.apple.cloudphotod.plist
com.apple.photos.cloud.pushnotification
/Users/luke/Desktop/serviceExtractionStagingArea/plists/com.apple.cmfsyncagent.plist
com.apple.cmfsyncagent.embedded.auth
/Users/luke/Desktop/serviceExtractionStagingArea/plists/com.apple.configd.plist
com.apple.SystemConfiguration.DNSConfiguration
/Users/luke/Desktop/serviceExtractionStagingArea/plists/com.apple.configd.plist
com.apple.SystemConfiguration.IPMonitorControl
/Users/luke/Desktop/serviceExtractionStagingArea/plists/com.apple.configd.plist
com.apple.SystemConfiguration.NetworkInformation
/Users/luke/Desktop/serviceExtractionStagingArea/plists/com.apple.configd.plist
com.apple.SystemConfiguration.SCNetworkReachability
/Users/luke/Desktop/serviceExtractionStagingArea/plists/com.apple.configd.plist
com.apple.SystemConfiguration.configd
/Users/luke/Desktop/serviceExtractionStagingArea/plists/com.apple.configd.plist
com.apple.network.EAPOLController
/Users/luke/Desktop/serviceExtractionStagingArea/plists/com.apple.configd.plist
com.apple.network.IPConfiguration
/Users/luke/Desktop/serviceExtractionStagingArea/plists/com.apple.configd.plist
com.apple.networking.captivenetworksupport
/Users/luke/Desktop/serviceExtractionStagingArea/plists/com.apple.containermanagerd.plist
com.apple.containermanagerd
/Users/luke/Desktop/serviceExtractionStagingArea/plists/com.apple.corecaptured.plist
com.apple.corecaptured
/Users/luke/Desktop/serviceExtractionStagingArea/plists/com.apple.coreduetd.plist
com.apple.coreduetd
/Users/luke/Desktop/serviceExtractionStagingArea/plists/com.apple.corercd.plist
com.apple.corercd
/Users/luke/Desktop/serviceExtractionStagingArea/plists/com.apple.coreservices.appleid.authentication.plist
com.apple.coreservices.appleid.authentication
/Users/luke/Desktop/serviceExtractionStagingArea/plists/com.apple.coreservices.appleid.passwordcheck.plist
com.apple.coreservices.appleid.checkpassword
/Users/luke/Desktop/serviceExtractionStagingArea/plists/com.apple.coreservices.lsactivity.plist
com.apple.coreservices.lsactivitymanager.xpc
/Users/luke/Desktop/serviceExtractionStagingArea/plists/com.apple.coreservices.lsactivity.plist
com.apple.coreservices.lsbestappsuggestionmanager.xpc
/Users/luke/Desktop/serviceExtractionStagingArea/plists/com.apple.coreservices.lsactivity.plist
com.apple.coreservices.lssuggestedactionmanager.xpc
/Users/luke/Desktop/serviceExtractionStagingArea/plists/com.apple.coreservices.lsactivity.plist
com.apple.coreservices.lsuseractivity.simulatorsupport
/Users/luke/Desktop/serviceExtractionStagingArea/plists/com.apple.coreservices.lsactivity.plist
com.apple.coreservices.lsuseractivityadministration.xpc
/Users/luke/Desktop/serviceExtractionStagingArea/plists/com.apple.coreservices.lsactivity.plist
com.apple.coreservices.lsuseractivitymanager.xpc
/Users/luke/Desktop/serviceExtractionStagingArea/plists/com.apple.coresymbolicationd.plist
com.apple.coresymbolicationd
/Users/luke/Desktop/serviceExtractionStagingArea/plists/com.apple.crash_mover.plist
com.apple.crash_mover
/Users/luke/Desktop/serviceExtractionStagingArea/plists/com.apple.crashreportcopymobile.plist
com.apple.crashreportcopymobile
/Users/luke/Desktop/serviceExtractionStagingArea/plists/com.apple.cvmsCompAgent_armv7.plist
com.apple.cvmsCompAgent_armv7
/Users/luke/Desktop/serviceExtractionStagingArea/plists/com.apple.cvmsServ.plist
com.apple.cvmsServ
/Users/luke/Desktop/serviceExtractionStagingArea/plists/com.apple.dataaccess.dataaccessd.plist
com.apple.dataaccess.dataaccessd
/Users/luke/Desktop/serviceExtractionStagingArea/plists/com.apple.dataaccess.dataaccessd.plist
com.apple.dataaccess.dataaccessd.active
/Users/luke/Desktop/serviceExtractionStagingArea/plists/com.apple.diagnosticd.plist
com.apple.diagnosticd
/Users/luke/Desktop/serviceExtractionStagingArea/plists/com.apple.discoveryd.plist
com.apple.d2d.ipc
/Users/luke/Desktop/serviceExtractionStagingArea/plists/com.apple.discoveryd.plist
com.apple.discoveryd
/Users/luke/Desktop/serviceExtractionStagingArea/plists/com.apple.discoveryd.plist
com.apple.discoveryd.dnsproxy
/Users/luke/Desktop/serviceExtractionStagingArea/plists/com.apple.discoveryd_helper.plist
com.apple.discoveryd_helper
/Users/luke/Desktop/serviceExtractionStagingArea/plists/com.apple.distnoted.xpc.daemon.plist
com.apple.distributed_notifications@0v3
/Users/luke/Desktop/serviceExtractionStagingArea/plists/com.apple.distnoted.xpc.daemon.plist
com.apple.distributed_notifications@1v3
/Users/luke/Desktop/serviceExtractionStagingArea/plists/com.apple.dt.devicearbitration.plist
com.apple.dt.devicearbitration
/Users/luke/Desktop/serviceExtractionStagingArea/plists/com.apple.fairplayd.O2.plist
com.apple.fairplayd
/Users/luke/Desktop/serviceExtractionStagingArea/plists/com.apple.fairplayd.O2.plist
com.apple.fairplayd.versioned
/Users/luke/Desktop/serviceExtractionStagingArea/plists/com.apple.fairplayd.O2.plist
com.apple.unfreed
/Users/luke/Desktop/serviceExtractionStagingArea/plists/com.apple.familycircled.plist
com.apple.familycircle.agent
/Users/luke/Desktop/serviceExtractionStagingArea/plists/com.apple.familynotificationd.plist
com.apple.family.bulletinboard
/Users/luke/Desktop/serviceExtractionStagingArea/plists/com.apple.familynotificationd.plist
com.apple.familynotification.agent
/Users/luke/Desktop/serviceExtractionStagingArea/plists/com.apple.fseventsd.plist
com.apple.FSEvents
/Users/luke/Desktop/serviceExtractionStagingArea/plists/com.apple.gamed.plist
com.apple.gamed
/Users/luke/Desktop/serviceExtractionStagingArea/plists/com.apple.gamed.plist
com.apple.gamed.aps
/Users/luke/Desktop/serviceExtractionStagingArea/plists/com.apple.gamed.plist
com.apple.gamed.apsdev
/Users/luke/Desktop/serviceExtractionStagingArea/plists/com.apple.gamed.plist
com.apple.gamed.bulletinboard
/Users/luke/Desktop/serviceExtractionStagingArea/plists/com.apple.gamed.plist
com.apple.gamed.entitled
/Users/luke/Desktop/serviceExtractionStagingArea/plists/com.apple.gamed.plist
com.apple.gamed.note
/Users/luke/Desktop/serviceExtractionStagingArea/plists/com.apple.geod.plist
com.apple.geod
/Users/luke/Desktop/serviceExtractionStagingArea/plists/com.apple.healthd.plist
com.apple.healthd.restriction
/Users/luke/Desktop/serviceExtractionStagingArea/plists/com.apple.healthd.plist
com.apple.healthd.server
/Users/luke/Desktop/serviceExtractionStagingArea/plists/com.apple.healthd.plist
com.apple.private.healthd.beetpancakes
/Users/luke/Desktop/serviceExtractionStagingArea/plists/com.apple.healthd.plist
com.apple.private.healthd.kalechips
/Users/luke/Desktop/serviceExtractionStagingArea/plists/com.apple.healthd.plist
com.apple.private.healthd.seaweedsnacks
/Users/luke/Desktop/serviceExtractionStagingArea/plists/com.apple.homed.plist
com.apple.homed.aps
/Users/luke/Desktop/serviceExtractionStagingArea/plists/com.apple.homed.plist
com.apple.homed.xpc
/Users/luke/Desktop/serviceExtractionStagingArea/plists/com.apple.iad.limitadtrackingd.plist
com.apple.iad.limitadtrackingd
/Users/luke/Desktop/serviceExtractionStagingArea/plists/com.apple.iap2d.plist
com.apple.iap2d
/Users/luke/Desktop/serviceExtractionStagingArea/plists/com.apple.iap2d.plist
com.apple.iap2d.ExternalAccessory.distributednotification.server
/Users/luke/Desktop/serviceExtractionStagingArea/plists/com.apple.iap2d.plist
com.apple.iap2d.distributednotification.server
/Users/luke/Desktop/serviceExtractionStagingArea/plists/com.apple.iap2d.plist
com.apple.iap2d.xpc
/Users/luke/Desktop/serviceExtractionStagingArea/plists/com.apple.iapauthd.plist
com.apple.iapauthd
/Users/luke/Desktop/serviceExtractionStagingArea/plists/com.apple.iapauthd.plist
com.apple.iapauthd.xpc
/Users/luke/Desktop/serviceExtractionStagingArea/plists/com.apple.iapd.plist
com.apple.ExternalAccessory.distributednotification.server
/Users/luke/Desktop/serviceExtractionStagingArea/plists/com.apple.iapd.plist
com.apple.iapd
/Users/luke/Desktop/serviceExtractionStagingArea/plists/com.apple.iapd.plist
com.apple.iapd.distributednotification.server
/Users/luke/Desktop/serviceExtractionStagingArea/plists/com.apple.iapd.plist
com.apple.iapd.xpc
/Users/luke/Desktop/serviceExtractionStagingArea/plists/com.apple.iaptransportd.plist
com.apple.iaptransportd
/Users/luke/Desktop/serviceExtractionStagingArea/plists/com.apple.iaptransportd.plist
com.apple.iaptransportd.ExternalAccessory.distributednotification.server
/Users/luke/Desktop/serviceExtractionStagingArea/plists/com.apple.iaptransportd.plist
com.apple.iaptransportd.distributednotification.server
/Users/luke/Desktop/serviceExtractionStagingArea/plists/com.apple.iaptransportd.plist
com.apple.iaptransportd.xpc
/Users/luke/Desktop/serviceExtractionStagingArea/plists/com.apple.icloud.findmydeviced.plist
com.apple.icloud.findmydeviced
/Users/luke/Desktop/serviceExtractionStagingArea/plists/com.apple.icloud.findmydeviced.plist
com.apple.icloud.findmydeviced.aps-demo
/Users/luke/Desktop/serviceExtractionStagingArea/plists/com.apple.icloud.findmydeviced.plist
com.apple.icloud.findmydeviced.aps-development
/Users/luke/Desktop/serviceExtractionStagingArea/plists/com.apple.icloud.findmydeviced.plist
com.apple.icloud.findmydeviced.aps-production
/Users/luke/Desktop/serviceExtractionStagingArea/plists/com.apple.icloud.fmfd.plist
com.apple.icloud.fmfd
/Users/luke/Desktop/serviceExtractionStagingArea/plists/com.apple.icloud.fmfd.plist
com.apple.icloud.fmfd.aps
/Users/luke/Desktop/serviceExtractionStagingArea/plists/com.apple.identityservicesd.plist
com.apple.identityservicesd.embedded.auth
/Users/luke/Desktop/serviceExtractionStagingArea/plists/com.apple.identityservicesd.plist
com.apple.identityservicesd.idquery.embedded.auth
/Users/luke/Desktop/serviceExtractionStagingArea/plists/com.apple.idscredentialsagent.plist
com.apple.idscredentialsagent.embedded.auth
/Users/luke/Desktop/serviceExtractionStagingArea/plists/com.apple.idsremoteurlconnectionagent.plist
com.apple.idsremoteurlconnectionagent.embedded.auth
/Users/luke/Desktop/serviceExtractionStagingArea/plists/com.apple.imagent.plist
com.apple.hsa-authentication-server
/Users/luke/Desktop/serviceExtractionStagingArea/plists/com.apple.imagent.plist
com.apple.imagent.embedded.auth
/Users/luke/Desktop/serviceExtractionStagingArea/plists/com.apple.imagent.plist
com.apple.incoming-call-filter-server
/Users/luke/Desktop/serviceExtractionStagingArea/plists/com.apple.imavagent.plist
com.apple.imavagent.embedded.auth
/Users/luke/Desktop/serviceExtractionStagingArea/plists/com.apple.ind.plist
com.apple.ind.aps
/Users/luke/Desktop/serviceExtractionStagingArea/plists/com.apple.ind.plist
com.apple.ind.notifier
/Users/luke/Desktop/serviceExtractionStagingArea/plists/com.apple.ind.plist
com.apple.ind.xpc
/Users/luke/Desktop/serviceExtractionStagingArea/plists/com.apple.instruments.deviceservice.plist
com.apple.instruments.deviceservice.lockdown
/Users/luke/Desktop/serviceExtractionStagingArea/plists/com.apple.instruments.deviceservice.plist
com.apple.instruments.deviceservice.xpc
/Users/luke/Desktop/serviceExtractionStagingArea/plists/com.apple.itunescloudd.plist
com.apple.itunescloudd.aps
/Users/luke/Desktop/serviceExtractionStagingArea/plists/com.apple.itunescloudd.plist
com.apple.itunescloudd.aps.demo
/Users/luke/Desktop/serviceExtractionStagingArea/plists/com.apple.itunescloudd.plist
com.apple.itunescloudd.aps.dev
/Users/luke/Desktop/serviceExtractionStagingArea/plists/com.apple.itunescloudd.plist
com.apple.itunescloudd.xpc
/Users/luke/Desktop/serviceExtractionStagingArea/plists/com.apple.itunesstored.plist
com.apple.iTunesStore.daemon.notifications.public
/Users/luke/Desktop/serviceExtractionStagingArea/plists/com.apple.itunesstored.plist
com.apple.iTunesStore.daemon.public
/Users/luke/Desktop/serviceExtractionStagingArea/plists/com.apple.itunesstored.plist
com.apple.itunesstored.aps
/Users/luke/Desktop/serviceExtractionStagingArea/plists/com.apple.itunesstored.plist
com.apple.itunesstored.aps.dev
/Users/luke/Desktop/serviceExtractionStagingArea/plists/com.apple.itunesstored.plist
com.apple.itunesstored.bulletinboard
/Users/luke/Desktop/serviceExtractionStagingArea/plists/com.apple.itunesstored.plist
com.apple.itunesstored.xpc
/Users/luke/Desktop/serviceExtractionStagingArea/plists/com.apple.languageassetd.plist
com.apple.languageassetd
/Users/luke/Desktop/serviceExtractionStagingArea/plists/com.apple.librariand.plist
com.apple.librariand
/Users/luke/Desktop/serviceExtractionStagingArea/plists/com.apple.locationd.plist
com.apple.locationd.CLTilesManagerClient
/Users/luke/Desktop/serviceExtractionStagingArea/plists/com.apple.locationd.plist
com.apple.locationd.registration
/Users/luke/Desktop/serviceExtractionStagingArea/plists/com.apple.locationd.plist
com.apple.locationd.routine
/Users/luke/Desktop/serviceExtractionStagingArea/plists/com.apple.locationd.plist
com.apple.locationd.simulation
/Users/luke/Desktop/serviceExtractionStagingArea/plists/com.apple.locationd.plist
com.apple.locationd.spi
/Users/luke/Desktop/serviceExtractionStagingArea/plists/com.apple.locationd.plist
com.apple.locationd.synchronous
/Users/luke/Desktop/serviceExtractionStagingArea/plists/com.apple.locationd.plist
com.apple.passes.usage
/Users/luke/Desktop/serviceExtractionStagingArea/plists/com.apple.lsd.plist
com.apple.lsd
/Users/luke/Desktop/serviceExtractionStagingArea/plists/com.apple.lsd.plist
com.apple.lsd.xpc
/Users/luke/Desktop/serviceExtractionStagingArea/plists/com.apple.lskdd.plist
com.apple.lskdd
/Users/luke/Desktop/serviceExtractionStagingArea/plists/com.apple.lskdmsed.plist
com.apple.lskdmsed
/Users/luke/Desktop/serviceExtractionStagingArea/plists/com.apple.mDNSResponder.plist
com.apple.mDNSResponder
/Users/luke/Desktop/serviceExtractionStagingArea/plists/com.apple.mDNSResponder.plist
com.apple.mDNSResponder.dnsproxy
/Users/luke/Desktop/serviceExtractionStagingArea/plists/com.apple.mDNSResponderHelper.plist
com.apple.mDNSResponderHelper
/Users/luke/Desktop/serviceExtractionStagingArea/plists/com.apple.managedconfiguration.mdmd.plist
com.apple.managedconfiguration.mdmdpush-dev
/Users/luke/Desktop/serviceExtractionStagingArea/plists/com.apple.managedconfiguration.mdmd.plist
com.apple.managedconfiguration.mdmdpush-prod
/Users/luke/Desktop/serviceExtractionStagingArea/plists/com.apple.managedconfiguration.mdmd.plist
com.apple.managedconfiguration.mdmdservice
/Users/luke/Desktop/serviceExtractionStagingArea/plists/com.apple.managedconfiguration.profiled.plist
com.apple.managedconfiguration.profiled
/Users/luke/Desktop/serviceExtractionStagingArea/plists/com.apple.managedconfiguration.profiled.plist
com.apple.managedconfiguration.profiled.public
/Users/luke/Desktop/serviceExtractionStagingArea/plists/com.apple.managedconfiguration.teslad.plist
com.apple.managedconfiguration.teslad
/Users/luke/Desktop/serviceExtractionStagingArea/plists/com.apple.mdt.plist
com.apple.mdt
/Users/luke/Desktop/serviceExtractionStagingArea/plists/com.apple.mediaartworkd.plist
com.apple.mediaartworkd.xpc
/Users/luke/Desktop/serviceExtractionStagingArea/plists/com.apple.medialibraryd.plist
com.apple.medialibraryd.xpc
/Users/luke/Desktop/serviceExtractionStagingArea/plists/com.apple.mediaremoted.plist
com.apple.mediaremoted.xpc
/Users/luke/Desktop/serviceExtractionStagingArea/plists/com.apple.mediaserverd.plist
com.apple.BTAudioHALPlugin.xpc
/Users/luke/Desktop/serviceExtractionStagingArea/plists/com.apple.mediaserverd.plist
com.apple.airplay.sender.xpc
/Users/luke/Desktop/serviceExtractionStagingArea/plists/com.apple.mediaserverd.plist
com.apple.audio.AUPBServer
/Users/luke/Desktop/serviceExtractionStagingArea/plists/com.apple.mediaserverd.plist
com.apple.audio.AURemoteIOServer
/Users/luke/Desktop/serviceExtractionStagingArea/plists/com.apple.mediaserverd.plist
com.apple.audio.AudioConverterServer
/Users/luke/Desktop/serviceExtractionStagingArea/plists/com.apple.mediaserverd.plist
com.apple.audio.AudioFileServer
/Users/luke/Desktop/serviceExtractionStagingArea/plists/com.apple.mediaserverd.plist
com.apple.audio.AudioQueueServer
/Users/luke/Desktop/serviceExtractionStagingArea/plists/com.apple.mediaserverd.plist
com.apple.audio.AudioSession
/Users/luke/Desktop/serviceExtractionStagingArea/plists/com.apple.mediaserverd.plist
com.apple.audio.AudioUnitServer
/Users/luke/Desktop/serviceExtractionStagingArea/plists/com.apple.mediaserverd.plist
com.apple.audio.SystemSounds
/Users/luke/Desktop/serviceExtractionStagingArea/plists/com.apple.mediaserverd.plist
com.apple.coremedia.admin
/Users/luke/Desktop/serviceExtractionStagingArea/plists/com.apple.mediaserverd.plist
com.apple.coremedia.asset
/Users/luke/Desktop/serviceExtractionStagingArea/plists/com.apple.mediaserverd.plist
com.apple.coremedia.assetimagegenerator
/Users/luke/Desktop/serviceExtractionStagingArea/plists/com.apple.mediaserverd.plist
com.apple.coremedia.audiodeviceclock
/Users/luke/Desktop/serviceExtractionStagingArea/plists/com.apple.mediaserverd.plist
com.apple.coremedia.audioprocessingtap
/Users/luke/Desktop/serviceExtractionStagingArea/plists/com.apple.mediaserverd.plist
com.apple.coremedia.cameraviewfinder
/Users/luke/Desktop/serviceExtractionStagingArea/plists/com.apple.mediaserverd.plist
com.apple.coremedia.capturesession
/Users/luke/Desktop/serviceExtractionStagingArea/plists/com.apple.mediaserverd.plist
com.apple.coremedia.capturesource
/Users/luke/Desktop/serviceExtractionStagingArea/plists/com.apple.mediaserverd.plist
com.apple.coremedia.compressionsession
/Users/luke/Desktop/serviceExtractionStagingArea/plists/com.apple.mediaserverd.plist
com.apple.coremedia.cpe
/Users/luke/Desktop/serviceExtractionStagingArea/plists/com.apple.mediaserverd.plist
com.apple.coremedia.cpeprotector
/Users/luke/Desktop/serviceExtractionStagingArea/plists/com.apple.mediaserverd.plist
com.apple.coremedia.decompressionsession
/Users/luke/Desktop/serviceExtractionStagingArea/plists/com.apple.mediaserverd.plist
com.apple.coremedia.endpoint
/Users/luke/Desktop/serviceExtractionStagingArea/plists/com.apple.mediaserverd.plist
com.apple.coremedia.endpointpicker
/Users/luke/Desktop/serviceExtractionStagingArea/plists/com.apple.mediaserverd.plist
com.apple.coremedia.flashlight
/Users/luke/Desktop/serviceExtractionStagingArea/plists/com.apple.mediaserverd.plist
com.apple.coremedia.formatreader
/Users/luke/Desktop/serviceExtractionStagingArea/plists/com.apple.mediaserverd.plist
com.apple.coremedia.mutablecomposition
/Users/luke/Desktop/serviceExtractionStagingArea/plists/com.apple.mediaserverd.plist
com.apple.coremedia.neroid
/Users/luke/Desktop/serviceExtractionStagingArea/plists/com.apple.mediaserverd.plist
com.apple.coremedia.recorder
/Users/luke/Desktop/serviceExtractionStagingArea/plists/com.apple.mediaserverd.plist
com.apple.coremedia.remaker
/Users/luke/Desktop/serviceExtractionStagingArea/plists/com.apple.mediaserverd.plist
com.apple.coremedia.sandboxserver
/Users/luke/Desktop/serviceExtractionStagingArea/plists/com.apple.mediaserverd.plist
com.apple.coremedia.videocompositor
/Users/luke/Desktop/serviceExtractionStagingArea/plists/com.apple.mediaserverd.plist
com.apple.coremedia.videoqueue
/Users/luke/Desktop/serviceExtractionStagingArea/plists/com.apple.mediaserverd.plist
com.apple.coremedia.virtualdisplay
/Users/luke/Desktop/serviceExtractionStagingArea/plists/com.apple.mediaserverd.plist
com.apple.coremedia.virtualdisplayserver
/Users/luke/Desktop/serviceExtractionStagingArea/plists/com.apple.mediaserverd.plist
com.apple.fig.movie
/Users/luke/Desktop/serviceExtractionStagingArea/plists/com.apple.mediaserverd.plist
com.apple.mediaserverd
/Users/luke/Desktop/serviceExtractionStagingArea/plists/com.apple.mediaserverd.plist
com.apple.videoconference.avconference
/Users/luke/Desktop/serviceExtractionStagingArea/plists/com.apple.mediaserverd.plist
com.apple.videoconference.camera
/Users/luke/Desktop/serviceExtractionStagingArea/plists/com.apple.mediastream.mstreamd.plist
com.apple.mediastream.mstreamd
/Users/luke/Desktop/serviceExtractionStagingArea/plists/com.apple.mediastream.mstreamd.plist
com.apple.mediastream.mstreamd-nowake
/Users/luke/Desktop/serviceExtractionStagingArea/plists/com.apple.mediastream.mstreamd.plist
com.apple.mediastream.mstreamd.push-dev
/Users/luke/Desktop/serviceExtractionStagingArea/plists/com.apple.mediastream.mstreamd.plist
com.apple.mediastream.mstreamd.push-prod
/Users/luke/Desktop/serviceExtractionStagingArea/plists/com.apple.mediastream.mstreamd.plist
com.apple.mediastream.mstreamd.sharing.push-dev
/Users/luke/Desktop/serviceExtractionStagingArea/plists/com.apple.mediastream.mstreamd.plist
com.apple.mediastream.mstreamd.sharing.push-prod
/Users/luke/Desktop/serviceExtractionStagingArea/plists/com.apple.mediastream.mstreamd.plist
com.apple.mediastream.sharing
/Users/luke/Desktop/serviceExtractionStagingArea/plists/com.apple.mediastream.mstreamd.plist
com.apple.mediastream.sharing-nowake
/Users/luke/Desktop/serviceExtractionStagingArea/plists/com.apple.midiserver-ios.plist
com.apple.midiserver
/Users/luke/Desktop/serviceExtractionStagingArea/plists/com.apple.midiserver-ios.plist
com.apple.midiserver.io
/Users/luke/Desktop/serviceExtractionStagingArea/plists/com.apple.misagent.plist
com.apple.misagent
/Users/luke/Desktop/serviceExtractionStagingArea/plists/com.apple.mobile.assertion_agent.plist
com.apple.mobile.assertion_agent
/Users/luke/Desktop/serviceExtractionStagingArea/plists/com.apple.mobile.cache_delete_app_container_caches.plist
com.apple.mobile.cache_delete_app_container_caches
/Users/luke/Desktop/serviceExtractionStagingArea/plists/com.apple.mobile.cache_delete_daily.plist
com.apple.mobile.cache_delete_daily
/Users/luke/Desktop/serviceExtractionStagingArea/plists/com.apple.mobile.cache_delete_geo_tile_loader.plist
com.apple.mobile.cache_delete_geo_tile_loader
/Users/luke/Desktop/serviceExtractionStagingArea/plists/com.apple.mobile.cache_delete_itunes_store.plist
com.apple.mobile.cache_delete_itunes_store
/Users/luke/Desktop/serviceExtractionStagingArea/plists/com.apple.mobile.cache_delete_music.plist
com.apple.mobile.cache_delete_music
/Users/luke/Desktop/serviceExtractionStagingArea/plists/com.apple.mobile.fud.plist
com.apple.MobileAccessoryUpdater
/Users/luke/Desktop/serviceExtractionStagingArea/plists/com.apple.mobile.insecure_notification_proxy.plist
com.apple.mobile.insecure_notification_proxy
/Users/luke/Desktop/serviceExtractionStagingArea/plists/com.apple.mobile.installd.plist
com.apple.mobile.installd
/Users/luke/Desktop/serviceExtractionStagingArea/plists/com.apple.mobile.keybagd.plist
com.apple.mobile.keybagd.mach
/Users/luke/Desktop/serviceExtractionStagingArea/plists/com.apple.mobile.keybagd.plist
com.apple.mobile.keybagd.xpc
/Users/luke/Desktop/serviceExtractionStagingArea/plists/com.apple.mobile.lockbot.plist
com.apple.mobile.lockbot
/Users/luke/Desktop/serviceExtractionStagingArea/plists/com.apple.mobile.lockdown.plist
com.apple.lockdown.host_watcher
/Users/luke/Desktop/serviceExtractionStagingArea/plists/com.apple.mobile.notification_proxy.plist
com.apple.mobile.notification_proxy
/Users/luke/Desktop/serviceExtractionStagingArea/plists/com.apple.mobile.obliteration.plist
com.apple.mobile.obliteration
/Users/luke/Desktop/serviceExtractionStagingArea/plists/com.apple.mobile.storage_mounter.plist
com.apple.mobile.storage_mounter
/Users/luke/Desktop/serviceExtractionStagingArea/plists/com.apple.mobile.storage_mounter.plist
com.apple.mobile.storage_mounter.xpc
/Users/luke/Desktop/serviceExtractionStagingArea/plists/com.apple.mobile.storage_mounter.plist
com.apple.mobile.storage_mounter_buddy
/Users/luke/Desktop/serviceExtractionStagingArea/plists/com.apple.mobile_installation_proxy.plist
com.apple.mobile.installation_proxy
/Users/luke/Desktop/serviceExtractionStagingArea/plists/com.apple.mobileactivationd-iphoneos.plist
com.apple.mobileactivationd
/Users/luke/Desktop/serviceExtractionStagingArea/plists/com.apple.mobileassetd.plist
com.apple.mobileassetd
/Users/luke/Desktop/serviceExtractionStagingArea/plists/com.apple.mobileassetd.plist
com.apple.mobileassetd.cache-delete
/Users/luke/Desktop/serviceExtractionStagingArea/plists/com.apple.mobilecheckpoint.checkpointd.plist
com.apple.mobilecheckpoint.checkpointd
/Users/luke/Desktop/serviceExtractionStagingArea/plists/com.apple.mobilegestalt.xpc.plist
com.apple.mobilegestalt.xpc
/Users/luke/Desktop/serviceExtractionStagingArea/plists/com.apple.mobilestoredemod.plist
com.apple.mobilestoredemod
/Users/luke/Desktop/serviceExtractionStagingArea/plists/com.apple.neagent-ios.plist
com.apple.neagent
/Users/luke/Desktop/serviceExtractionStagingArea/plists/com.apple.nehelper.plist
com.apple.nehelper
/Users/luke/Desktop/serviceExtractionStagingArea/plists/com.apple.nesessionmanager.plist
com.apple.nesessionmanager
/Users/luke/Desktop/serviceExtractionStagingArea/plists/com.apple.networkd.plist
com.apple.networkd
/Users/luke/Desktop/serviceExtractionStagingArea/plists/com.apple.networkd.plist
com.apple.symptom_analytics
/Users/luke/Desktop/serviceExtractionStagingArea/plists/com.apple.networkd.plist
com.apple.symptoms.symptomsd.managed_events
/Users/luke/Desktop/serviceExtractionStagingArea/plists/com.apple.networkd.plist
com.apple.usymptomsd
/Users/luke/Desktop/serviceExtractionStagingArea/plists/com.apple.networkd_privileged.plist
com.apple.networkd_privileged
/Users/luke/Desktop/serviceExtractionStagingArea/plists/com.apple.notifyd.plist
com.apple.system.notification_center
/Users/luke/Desktop/serviceExtractionStagingArea/plists/com.apple.nsurlsessiond.plist
com.apple.nsurlsessiond
/Users/luke/Desktop/serviceExtractionStagingArea/plists/com.apple.nsurlsessiond.plist
com.apple.nsurlsessiond-launchondemand
/Users/luke/Desktop/serviceExtractionStagingArea/plists/com.apple.nsurlstoraged.plist
com.apple.cookied
/Users/luke/Desktop/serviceExtractionStagingArea/plists/com.apple.nsurlstoraged.plist
com.apple.nsurlstorage-cache
/Users/luke/Desktop/serviceExtractionStagingArea/plists/com.apple.passd.plist
com.apple.passd.aps
/Users/luke/Desktop/serviceExtractionStagingArea/plists/com.apple.passd.plist
com.apple.passd.bulletins
/Users/luke/Desktop/serviceExtractionStagingArea/plists/com.apple.passd.plist
com.apple.passd.in-app-payment
/Users/luke/Desktop/serviceExtractionStagingArea/plists/com.apple.passd.plist
com.apple.passd.library
/Users/luke/Desktop/serviceExtractionStagingArea/plists/com.apple.passd.plist
com.apple.passd.payment
/Users/luke/Desktop/serviceExtractionStagingArea/plists/com.apple.pfd.plist
com.apple.pfd
/Users/luke/Desktop/serviceExtractionStagingArea/plists/com.apple.pipelined.plist
com.apple.pipelined
/Users/luke/Desktop/serviceExtractionStagingArea/plists/com.apple.pipelined.plist
com.apple.pipelined.maintenance
/Users/luke/Desktop/serviceExtractionStagingArea/plists/com.apple.pluginkit.pkd.plist
com.apple.pluginkit.pkd
/Users/luke/Desktop/serviceExtractionStagingArea/plists/com.apple.powerd.plist
com.apple.PowerManagement.control
/Users/luke/Desktop/serviceExtractionStagingArea/plists/com.apple.powerlogd.plist
com.apple.powerlogd.XPCService.xpc
/Users/luke/Desktop/serviceExtractionStagingArea/plists/com.apple.prdaily.plist
com.apple.prdaily
/Users/luke/Desktop/serviceExtractionStagingArea/plists/com.apple.preboardservice.plist
com.apple.preboardservice
/Users/luke/Desktop/serviceExtractionStagingArea/plists/com.apple.racoon.plist
com.apple.SecureNetworking.IPSec
/Users/luke/Desktop/serviceExtractionStagingArea/plists/com.apple.recentsd.plist
com.apple.corerecents.recentsd
/Users/luke/Desktop/serviceExtractionStagingArea/plists/com.apple.reversetemplated.plist
com.apple.reversetemplated
/Users/luke/Desktop/serviceExtractionStagingArea/plists/com.apple.revisiond.plist
com.apple.revisiond
/Users/luke/Desktop/serviceExtractionStagingArea/plists/com.apple.routined.plist
com.apple.routined.bulletinboard
/Users/luke/Desktop/serviceExtractionStagingArea/plists/com.apple.routined.plist
com.apple.routined.registration
/Users/luke/Desktop/serviceExtractionStagingArea/plists/com.apple.rtcreportingd.plist
com.apple.rtcreportingd
/Users/luke/Desktop/serviceExtractionStagingArea/plists/com.apple.safarifetcherd.plist
com.apple.safarifetcherd
/Users/luke/Desktop/serviceExtractionStagingArea/plists/com.apple.sandboxd.plist
com.apple.sandboxd
/Users/luke/Desktop/serviceExtractionStagingArea/plists/com.apple.sbd.plist
com.apple.securebackupd
/Users/luke/Desktop/serviceExtractionStagingArea/plists/com.apple.scrod.plist
com.apple.scrod
/Users/luke/Desktop/serviceExtractionStagingArea/plists/com.apple.search.appindexer.plist
com.apple.search.appindexer
/Users/luke/Desktop/serviceExtractionStagingArea/plists/com.apple.searchd.plist
com.apple.searchd
/Users/luke/Desktop/serviceExtractionStagingArea/plists/com.apple.security.cloudkeychainproxy.plist
com.apple.security.cloudkeychainproxy3
/Users/luke/Desktop/serviceExtractionStagingArea/plists/com.apple.security.swcagent.plist
com.apple.security.swcagent
/Users/luke/Desktop/serviceExtractionStagingArea/plists/com.apple.securityd.plist
com.apple.securityd
/Users/luke/Desktop/serviceExtractionStagingArea/plists/com.apple.sharingd.plist
com.apple.sharingd
/Users/luke/Desktop/serviceExtractionStagingArea/plists/com.apple.sharingd.plist
com.apple.sharingd.NSURLSessionProxyService
/Users/luke/Desktop/serviceExtractionStagingArea/plists/com.apple.sharingd.plist
com.apple.sharingd.bulletinboard
/Users/luke/Desktop/serviceExtractionStagingArea/plists/com.apple.sharingd.plist
com.apple.sharingd.nsxpc
/Users/luke/Desktop/serviceExtractionStagingArea/plists/com.apple.softwarebehaviorservicesd.plist
com.apple.softwarebehaviorservicesd
/Users/luke/Desktop/serviceExtractionStagingArea/plists/com.apple.splashboardd.plist
com.apple.splashboard.launchimage
/Users/luke/Desktop/serviceExtractionStagingArea/plists/com.apple.springboard.plist
PurpleSystemAppPort
/Users/luke/Desktop/serviceExtractionStagingArea/plists/com.apple.springboard.plist
com.apple.SBUserNotification
/Users/luke/Desktop/serviceExtractionStagingArea/plists/com.apple.springboard.plist
com.apple.UIKit.statusbarserver
/Users/luke/Desktop/serviceExtractionStagingArea/plists/com.apple.springboard.plist
com.apple.aps.alertprovider.xpc
/Users/luke/Desktop/serviceExtractionStagingArea/plists/com.apple.springboard.plist
com.apple.bulletinboard.dataproviderconnection
/Users/luke/Desktop/serviceExtractionStagingArea/plists/com.apple.springboard.plist
com.apple.bulletinboard.observerconnection
/Users/luke/Desktop/serviceExtractionStagingArea/plists/com.apple.springboard.plist
com.apple.bulletinboard.serverconduitconnection
/Users/luke/Desktop/serviceExtractionStagingArea/plists/com.apple.springboard.plist
com.apple.bulletinboard.settingsconnection
/Users/luke/Desktop/serviceExtractionStagingArea/plists/com.apple.springboard.plist
com.apple.bulletinboard.systemstateconnection
/Users/luke/Desktop/serviceExtractionStagingArea/plists/com.apple.springboard.plist
com.apple.bulletinboard.utilitiesconnection
/Users/luke/Desktop/serviceExtractionStagingArea/plists/com.apple.springboard.plist
com.apple.frontboard.systemappservices
/Users/luke/Desktop/serviceExtractionStagingArea/plists/com.apple.springboard.plist
com.apple.frontboard.workspace
/Users/luke/Desktop/serviceExtractionStagingArea/plists/com.apple.springboard.plist
com.apple.notificationcenter.widgetcontrollerconnection
/Users/luke/Desktop/serviceExtractionStagingArea/plists/com.apple.springboard.plist
com.apple.springboard
/Users/luke/Desktop/serviceExtractionStagingArea/plists/com.apple.springboard.plist
com.apple.springboard.BBDataProvider
/Users/luke/Desktop/serviceExtractionStagingArea/plists/com.apple.springboard.plist
com.apple.springboard.UIKit.migserver
/Users/luke/Desktop/serviceExtractionStagingArea/plists/com.apple.springboard.plist
com.apple.springboard.alerts
/Users/luke/Desktop/serviceExtractionStagingArea/plists/com.apple.springboard.plist
com.apple.springboard.backgroundappservices
/Users/luke/Desktop/serviceExtractionStagingArea/plists/com.apple.springboard.plist
com.apple.springboard.blockableservices
/Users/luke/Desktop/serviceExtractionStagingArea/plists/com.apple.springboard.plist
com.apple.springboard.carditemscontroller
/Users/luke/Desktop/serviceExtractionStagingArea/plists/com.apple.springboard.plist
com.apple.springboard.icongeneration
/Users/luke/Desktop/serviceExtractionStagingArea/plists/com.apple.springboard.plist
com.apple.springboard.processinvalidation
/Users/luke/Desktop/serviceExtractionStagingArea/plists/com.apple.springboard.plist
com.apple.springboard.remotenotifications
/Users/luke/Desktop/serviceExtractionStagingArea/plists/com.apple.springboard.plist
com.apple.springboard.services
/Users/luke/Desktop/serviceExtractionStagingArea/plists/com.apple.springboard.plist
com.apple.springboard.statusbarservices
/Users/luke/Desktop/serviceExtractionStagingArea/plists/com.apple.springboard.plist
com.apple.springboard.watchdogserver
/Users/luke/Desktop/serviceExtractionStagingArea/plists/com.apple.storebookkeeperd.plist
com.apple.storebookkeeperd.aps
/Users/luke/Desktop/serviceExtractionStagingArea/plists/com.apple.storebookkeeperd.plist
com.apple.storebookkeeperd.aps.demo
/Users/luke/Desktop/serviceExtractionStagingArea/plists/com.apple.storebookkeeperd.plist
com.apple.storebookkeeperd.aps.dev
/Users/luke/Desktop/serviceExtractionStagingArea/plists/com.apple.storebookkeeperd.plist
com.apple.storebookkeeperd.xpc
/Users/luke/Desktop/serviceExtractionStagingArea/plists/com.apple.streaming_zip_conduit.plist
com.apple.streaming_zip_conduit
/Users/luke/Desktop/serviceExtractionStagingArea/plists/com.apple.suggestd.plist
com.apple.suggestd.suggestionmanager
/Users/luke/Desktop/serviceExtractionStagingArea/plists/com.apple.swcd.plist
com.apple.SharedWebCredentials
/Users/luke/Desktop/serviceExtractionStagingArea/plists/com.apple.syncdefaultsd.plist
com.apple.syncdefaultsd
/Users/luke/Desktop/serviceExtractionStagingArea/plists/com.apple.syncdefaultsd.plist
com.apple.syncdefaultsd.push
/Users/luke/Desktop/serviceExtractionStagingArea/plists/com.apple.syslog_relay.plist
com.apple.syslog_relay
/Users/luke/Desktop/serviceExtractionStagingArea/plists/com.apple.syslogd.plist
com.apple.system.logger
/Users/luke/Desktop/serviceExtractionStagingArea/plists/com.apple.tccd.plist
com.apple.tccd
/Users/luke/Desktop/serviceExtractionStagingArea/plists/com.apple.telephonyutilities.callservicesd.plist
com.apple.telephonyutilities.callservicesdaemon
/Users/luke/Desktop/serviceExtractionStagingArea/plists/com.apple.telephonyutilities.callservicesd.plist
com.apple.telephonyutilities.callservicesdaemon.accountscontroller
/Users/luke/Desktop/serviceExtractionStagingArea/plists/com.apple.telephonyutilities.callservicesd.plist
com.apple.telephonyutilities.callservicesdaemon.voip
/Users/luke/Desktop/serviceExtractionStagingArea/plists/com.apple.telephonyutilities.callservicesd.plist
com.apple.telephonyutilities.callservicesdaemon.voip.push
/Users/luke/Desktop/serviceExtractionStagingArea/plists/com.apple.timed.plist
com.apple.timed.xpc
/Users/luke/Desktop/serviceExtractionStagingArea/plists/com.apple.timezoneupdates.tzd.plist
com.apple.timezoneupdates.tzd.server
/Users/luke/Desktop/serviceExtractionStagingArea/plists/com.apple.tipsd.plist
com.apple.tipsd
/Users/luke/Desktop/serviceExtractionStagingArea/plists/com.apple.touchsetupd.plist
com.apple.touchsetupd.wirelessproximity
/Users/luke/Desktop/serviceExtractionStagingArea/plists/com.apple.tzlinkd.plist
com.apple.tzlink
/Users/luke/Desktop/serviceExtractionStagingArea/plists/com.apple.ubd.plist
com.apple.ubd
/Users/luke/Desktop/serviceExtractionStagingArea/plists/com.apple.ubd.plist
com.apple.ubd.system-push
/Users/luke/Desktop/serviceExtractionStagingArea/plists/com.apple.usbptpd.plist
com.apple.usbptpd.demand
/Users/luke/Desktop/serviceExtractionStagingArea/plists/com.apple.voiced.plist
com.apple.voiced
/Users/luke/Desktop/serviceExtractionStagingArea/plists/com.apple.voiced.plist
com.apple.voiceservices.keepalive
/Users/luke/Desktop/serviceExtractionStagingArea/plists/com.apple.voiced.plist
com.apple.voiceservices.tts
/Users/luke/Desktop/serviceExtractionStagingArea/plists/com.apple.voicememod.plist
com.apple.voicememod.xpc
/Users/luke/Desktop/serviceExtractionStagingArea/plists/com.apple.vsassetd.plist
com.apple.vsassetd
/Users/luke/Desktop/serviceExtractionStagingArea/plists/com.apple.webinspectord.plist
com.apple.webinspector
/Users/luke/Desktop/serviceExtractionStagingArea/plists/com.apple.wifi.wapic.plist
com.apple.wapi.client
/Users/luke/Desktop/serviceExtractionStagingArea/plists/com.apple.wirelessproxd.plist
com.apple.wirelessproxd
