PurpleSystemAppPort
PurpleSystemEventPort
UIASTNotificationCenter
com.apple.ABDatabaseDoctor
com.apple.CARenderServer
com.apple.CoreAuthentication.daemon
com.apple.FSEvents
com.apple.FileCoordination
com.apple.FileProvider
com.apple.GSSCred
com.apple.GameController.gamecontrollerd
com.apple.MobileAccessoryUpdater
com.apple.MobileFileIntegrity
com.apple.MobileInternetSharing
com.apple.PersistentURLTranslator.Gatekeeper
com.apple.PowerManagement.control
com.apple.ProgressReporting
com.apple.ReportCrash
com.apple.ReportCrash.DirectoryService
com.apple.ReportCrash.Jetsam
com.apple.ReportCrash.SafetyNet
com.apple.ReportCrash.SimulateCrash
com.apple.ReportCrash.StackShot
com.apple.SBUserNotification
com.apple.SystemConfiguration.DNSConfiguration
com.apple.SystemConfiguration.NetworkInformation
com.apple.SystemConfiguration.SCNetworkReachability
com.apple.SystemConfiguration.configd
com.apple.SystemConfiguration.helper
com.apple.TextInput
com.apple.TextInput.lexicon-server
com.apple.TextInput.rdt
com.apple.TextInput.shortcuts
com.apple.UIKit.pasteboardd
com.apple.UIKit.statusbarserver
com.apple.VoiceOverTouch
com.apple.VoiceOverTouch.xpc
com.apple.WebBookmarks.webbookmarksd
com.apple.accountsd.accountmanager
com.apple.accountsd.authmanager
com.apple.accountsd.oauthsigner
com.apple.aggregated
com.apple.airplay.sender.xpc
com.apple.ait.client
com.apple.appsupport.cplogd
com.apple.apsd
com.apple.assertiond.applicationstateconnection
com.apple.assertiond.extension
com.apple.assertiond.processassertionconnection
com.apple.assetsd.changehub
com.apple.assetsd.keepDaemonAlive
com.apple.assetsd.messagingServer
com.apple.assistant.dictation
com.apple.atc
com.apple.audio.AURemoteIOServer
com.apple.audio.AudioConverterServer
com.apple.audio.AudioFileServer
com.apple.audio.AudioQueueServer
com.apple.audio.AudioSession
com.apple.audio.AudioUnitServer
com.apple.audio.SystemSounds
com.apple.awdd
com.apple.backboard.TouchDeliveryPolicyServer
com.apple.backboard.checkin
com.apple.backboard.display.services
com.apple.backboard.hid.services
com.apple.backboard.watchdog
com.apple.bird
com.apple.bird.token
com.apple.calaccessd
com.apple.calaccessd.xpc
com.apple.certui.relay
com.apple.cfnetwork.AuthBrokerAgent
com.apple.cfnetwork.cfnetworkagent
com.apple.cfprefsd.daemon
com.apple.cloudd
com.apple.cmfsyncagent.embedded.auth
com.apple.commcenter.dm-helper
com.apple.commcenter.mobile-helper
com.apple.commcenter.xpc
com.apple.commcenter.xpc
com.apple.commcenter.xpc
com.apple.cookied
com.apple.coremedia.admin
com.apple.coremedia.asset
com.apple.coremedia.assetimagegenerator
com.apple.coremedia.audiodeviceclock
com.apple.coremedia.audioprocessingtap
com.apple.coremedia.capturesession
com.apple.coremedia.capturesource
com.apple.coremedia.compressionsession
com.apple.coremedia.cpe
com.apple.coremedia.cpeprotector
com.apple.coremedia.decompressionsession
com.apple.coremedia.endpoint
com.apple.coremedia.formatreader
com.apple.coremedia.mutablecomposition
com.apple.coremedia.recorder
com.apple.coremedia.remaker
com.apple.coremedia.sandboxserver
com.apple.coremedia.videocompositor
com.apple.coremedia.videoqueue
com.apple.corerecents.recentsd
com.apple.coreservices.appleid.authentication
com.apple.coreservices.lsuseractivitymanager.xpc
com.apple.coresymbolicationd
com.apple.cvmsCompAgent_armv7
com.apple.cvmsServ
com.apple.dataaccess.dataaccessd
com.apple.dataaccess.dataaccessd.active
com.apple.diagnosticd
com.apple.distributed_notifications@0v3
com.apple.distributed_notifications@1v3
com.apple.fairplayd
com.apple.fairplayd.versioned
com.apple.fig.movie
com.apple.frontboard.systemappservices
com.apple.frontboard.workspace
com.apple.gamed
com.apple.gamed.note
com.apple.geod
com.apple.healthd.restriction
com.apple.healthd.server
com.apple.homed.xpc
com.apple.iTunesStore.daemon.notifications.public
com.apple.iTunesStore.daemon.public
com.apple.iap2d
com.apple.iap2d.xpc
com.apple.iapauthd
com.apple.iapauthd.xpc
com.apple.iapd
com.apple.iapd.xpc
com.apple.iaptransportd
com.apple.iaptransportd.ExternalAccessory.distributednotification.server
com.apple.iaptransportd.xpc
com.apple.identityservicesd.idquery.embedded.auth
com.apple.imagent.embedded.auth
com.apple.imavagent.embedded.auth
com.apple.iohideventsystem
com.apple.itunescloudd.xpc
com.apple.itunesstored.xpc
com.apple.librariand
com.apple.locationd.registration
com.apple.locationd.spi
com.apple.locationd.synchronous
com.apple.lsd
com.apple.mDNSResponderHelper
com.apple.managedconfiguration.mdmdpush-dev
com.apple.managedconfiguration.mdmdpush-prod
com.apple.managedconfiguration.mdmdservice
com.apple.managedconfiguration.profiled.public
com.apple.marco
com.apple.medialibraryd.xpc
com.apple.mediaremoted.xpc
com.apple.mediaserverd
com.apple.mediastream.sharing
com.apple.midiserver
com.apple.mobile.installd
com.apple.mobileassetd
com.apple.mobilecheckpoint.checkpointd
com.apple.mobilegestalt.xpc
com.apple.nesessionmanager
com.apple.networkd
com.apple.networking.captivenetworksupport
com.apple.notificationcenter.widgetcontrollerconnection
com.apple.nsurlsessiond
com.apple.nsurlstorage-cache
com.apple.passd.in-app-payment
com.apple.passd.library
com.apple.pluginkit.pkd
com.apple.powerlog.plxpclogger.xpc
com.apple.prdaily
com.apple.revisiond
com.apple.safarifetcherd
com.apple.sandboxd
com.apple.scrod
com.apple.securityd
com.apple.server.bluetooth
com.apple.server.bluetooth.le.att.xpc
com.apple.server.bluetooth.le.pipe.xpc
com.apple.sharingd
com.apple.sharingd.nsxpc
com.apple.springboard
com.apple.springboard.UIKit.migserver
com.apple.springboard.alerts
com.apple.springboard.backgroundappservices
com.apple.springboard.blockableservices
com.apple.springboard.icongeneration
com.apple.springboard.remotenotifications
com.apple.springboard.services
com.apple.springboard.watchdogserver
com.apple.syncdefaultsd
com.apple.system.logger
com.apple.system.notification_center
com.apple.tccd
com.apple.telephonyutilities.callservicesdaemon.voip
com.apple.uikit.GestureServer
com.apple.usymptomsd
com.apple.videoconference.avconference
com.apple.videoconference.camera
com.apple.voiceservices.keepalive
com.apple.voiceservices.tts
com.apple.vsassetd
com.apple.wapi.client
com.apple.webinspector
